    {
        "EventId":  7,
        "TimeCreated":  "\/Date(1756913047701)\/",
        "ProcessGuid":  "{f1988ae2-5d97-68b8-7300-000000001e00}",
        "ProcessId":  "4512",
        "ParentProcessGuid":  null,
        "Image":  "C:\\Users\\Stage.Ali\\Desktop\\Malware\\85e1cebb33b89a3d4d0d73344272bfdc74da38cf540721bb8426c23a7f444241.exe",
        "CommandLine":  null,
        "User":  "DESKTOP-KVSEOF0\\Stage.Ali",
        "TargetFilename":  null,
        "DestinationIp":  null,
        "DestinationPort":  null,
        "SourceIp":  null,
        "SourcePort":  null,
        "Protocol":  null,
        "QueryName":  null,
        "Details":  {
                        "Description":  "BCP47 Language Classes",
                        "SignatureStatus":  "Valid",
                        "Signature":  "Microsoft Windows",
                        "Hashes":  "MD5=72C65E4770BE939696D2A4A2F80BFE19,SHA256=C332D0F4CCC3AAF63AF3860EAA0F94D28D80CD882BE3A3BBC74F5D1E9B7F99EB",
                        "Image":  "C:\\Users\\Stage.Ali\\Desktop\\Malware\\85e1cebb33b89a3d4d0d73344272bfdc74da38cf540721bb8426c23a7f444241.exe",
                        "UtcTime":  "2025-09-03 15:24:07.688",
                        "ProcessGuid":  "{f1988ae2-5d97-68b8-7300-000000001e00}",
                        "Company":  "Microsoft Corporation",
                        "ImageLoaded":  "C:\\Windows\\System32\\BCP47Langs.dll",
                        "FileVersion":  "10.0.19041.1566 (WinBuild.160101.0800)",
                        "User":  "DESKTOP-KVSEOF0\\Stage.Ali",
                        "RuleName":  "-",
                        "Product":  "Microsoft® Windows® Operating System",
                        "ProcessId":  "4512",
                        "OriginalFileName":  "BCP47Lang.dll",
                        "Signed":  "true"
                    }
    },
    {
        "EventId":  7,
        "TimeCreated":  "\/Date(1756913047697)\/",
        "ProcessGuid":  "{f1988ae2-5d97-68b8-7300-000000001e00}",
        "ProcessId":  "4512",
        "ParentProcessGuid":  null,
        "Image":  "C:\\Users\\Stage.Ali\\Desktop\\Malware\\85e1cebb33b89a3d4d0d73344272bfdc74da38cf540721bb8426c23a7f444241.exe",
        "CommandLine":  null,
        "User":  "DESKTOP-KVSEOF0\\Stage.Ali",
        "TargetFilename":  null,
        "DestinationIp":  null,
        "DestinationPort":  null,
        "SourceIp":  null,
        "SourcePort":  null,
        "Protocol":  null,
        "QueryName":  null,
        "Details":  {
                        "Description":  "App Resolver",
                        "SignatureStatus":  "Valid",
                        "Signature":  "Microsoft Windows",
                        "Hashes":  "MD5=6B7C1DC7E1964AB975664EF8EC218465,SHA256=209E7D04D1576D18861A9B84C510DA4EDD2F30B1B3C0B145682DE925BA95E4D9",
                        "Image":  "C:\\Users\\Stage.Ali\\Desktop\\Malware\\85e1cebb33b89a3d4d0d73344272bfdc74da38cf540721bb8426c23a7f444241.exe",
                        "UtcTime":  "2025-09-03 15:24:07.688",
                        "ProcessGuid":  "{f1988ae2-5d97-68b8-7300-000000001e00}",
                        "Company":  "Microsoft Corporation",
                        "ImageLoaded":  "C:\\Windows\\System32\\AppResolver.dll",
                        "FileVersion":  "10.0.19041.1620 (WinBuild.160101.0800)",
                        "User":  "DESKTOP-KVSEOF0\\Stage.Ali",
                        "RuleName":  "-",
                        "Product":  "Microsoft® Windows® Operating System",
                        "ProcessId":  "4512",
                        "OriginalFileName":  "AppResolver.dll",
                        "Signed":  "true"
                    }
    },
    {
        "EventId":  7,
        "TimeCreated":  "\/Date(1756913047693)\/",
        "ProcessGuid":  "{f1988ae2-5d97-68b8-7300-000000001e00}",
        "ProcessId":  "4512",
        "ParentProcessGuid":  null,
        "Image":  "C:\\Users\\Stage.Ali\\Desktop\\Malware\\85e1cebb33b89a3d4d0d73344272bfdc74da38cf540721bb8426c23a7f444241.exe",
        "CommandLine":  null,
        "User":  "DESKTOP-KVSEOF0\\Stage.Ali",
        "TargetFilename":  null,
        "DestinationIp":  null,
        "DestinationPort":  null,
        "SourceIp":  null,
        "SourcePort":  null,
        "Protocol":  null,
        "QueryName":  null,
        "Details":  {
                        "Description":  "Windows Base Types DLL",
                        "SignatureStatus":  "Valid",
                        "Signature":  "Microsoft Windows",
                        "Hashes":  "MD5=71BF48F5AE503F7E228DDD4019A09B3A,SHA256=72F3E2B82E17B2E95F3763F1B272A24D3A7B0CEC7D0334DA5A8E43E400CE1860",
                        "Image":  "C:\\Users\\Stage.Ali\\Desktop\\Malware\\85e1cebb33b89a3d4d0d73344272bfdc74da38cf540721bb8426c23a7f444241.exe",
                        "UtcTime":  "2025-09-03 15:24:07.688",
                        "ProcessGuid":  "{f1988ae2-5d97-68b8-7300-000000001e00}",
                        "Company":  "Microsoft Corporation",
                        "ImageLoaded":  "C:\\Windows\\System32\\WinTypes.dll",
                        "FileVersion":  "10.0.19041.1949 (WinBuild.160101.0800)",
                        "User":  "DESKTOP-KVSEOF0\\Stage.Ali",
                        "RuleName":  "-",
                        "Product":  "Microsoft® Windows® Operating System",
                        "ProcessId":  "4512",
                        "OriginalFileName":  "WinTypes.dll",
                        "Signed":  "true"
                    }
    },
    {
        "EventId":  7,
        "TimeCreated":  "\/Date(1756913047688)\/",
        "ProcessGuid":  "{f1988ae2-5d97-68b8-7300-000000001e00}",
        "ProcessId":  "4512",
        "ParentProcessGuid":  null,
        "Image":  "C:\\Users\\Stage.Ali\\Desktop\\Malware\\85e1cebb33b89a3d4d0d73344272bfdc74da38cf540721bb8426c23a7f444241.exe",
        "CommandLine":  null,
        "User":  "DESKTOP-KVSEOF0\\Stage.Ali",
        "TargetFilename":  null,
        "DestinationIp":  null,
        "DestinationPort":  null,
        "SourceIp":  null,
        "SourcePort":  null,
        "Protocol":  null,
        "QueryName":  null,
        "Details":  {
                        "Description":  "Security Support Provider Interface",
                        "SignatureStatus":  "Valid",
                        "Signature":  "Microsoft Windows",
                        "Hashes":  "MD5=869BBCC3D381349C64B34BC03325E338,SHA256=8950C1EB84C1B11D58759AD091E6A1B4FCDB50209AEA28EA48CD3E640D4C4FD3",
                        "Image":  "C:\\Users\\Stage.Ali\\Desktop\\Malware\\85e1cebb33b89a3d4d0d73344272bfdc74da38cf540721bb8426c23a7f444241.exe",
                        "UtcTime":  "2025-09-03 15:24:07.673",
                        "ProcessGuid":  "{f1988ae2-5d97-68b8-7300-000000001e00}",
                        "Company":  "Microsoft Corporation",
                        "ImageLoaded":  "C:\\Windows\\System32\\sspicli.dll",
                        "FileVersion":  "10.0.19041.1586 (WinBuild.160101.0800)",
                        "User":  "DESKTOP-KVSEOF0\\Stage.Ali",
                        "RuleName":  "-",
                        "Product":  "Microsoft® Windows® Operating System",
                        "ProcessId":  "4512",
                        "OriginalFileName":  "sspicli.dll",
                        "Signed":  "true"
                    }
    },
    {
        "EventId":  7,
        "TimeCreated":  "\/Date(1756913047684)\/",
        "ProcessGuid":  "{f1988ae2-5d97-68b8-7300-000000001e00}",
        "ProcessId":  "4512",
        "ParentProcessGuid":  null,
        "Image":  "C:\\Users\\Stage.Ali\\Desktop\\Malware\\85e1cebb33b89a3d4d0d73344272bfdc74da38cf540721bb8426c23a7f444241.exe",
        "CommandLine":  null,
        "User":  "DESKTOP-KVSEOF0\\Stage.Ali",
        "TargetFilename":  null,
        "DestinationIp":  null,
        "DestinationPort":  null,
        "SourceIp":  null,
        "SourcePort":  null,
        "Protocol":  null,
        "QueryName":  null,
        "Details":  {
                        "Description":  "Windows StateRepository Proxy/Stub Server",
                        "SignatureStatus":  "Valid",
                        "Signature":  "Microsoft Windows",
                        "Hashes":  "MD5=98535DE16DA23159539178D8F3F2B8B0,SHA256=63BCC1705049BD7A1B181638BC23850A0D1E12286202850CF40A78BD5E3675B3",
                        "Image":  "C:\\Users\\Stage.Ali\\Desktop\\Malware\\85e1cebb33b89a3d4d0d73344272bfdc74da38cf540721bb8426c23a7f444241.exe",
                        "UtcTime":  "2025-09-03 15:24:07.673",
                        "ProcessGuid":  "{f1988ae2-5d97-68b8-7300-000000001e00}",
                        "Company":  "Microsoft Corporation",
                        "ImageLoaded":  "C:\\Windows\\System32\\Windows.StateRepositoryPS.dll",
                        "FileVersion":  "10.0.19041.1466 (WinBuild.160101.0800)",
                        "User":  "DESKTOP-KVSEOF0\\Stage.Ali",
                        "RuleName":  "-",
                        "Product":  "Microsoft® Windows® Operating System",
                        "ProcessId":  "4512",
                        "OriginalFileName":  "Windows.StateRepositoryPS.dll",
                        "Signed":  "true"
                    }
    },
    {
        "EventId":  7,
        "TimeCreated":  "\/Date(1756913047663)\/",
        "ProcessGuid":  "{f1988ae2-5d97-68b8-7300-000000001e00}",
        "ProcessId":  "4512",
        "ParentProcessGuid":  null,
        "Image":  "C:\\Users\\Stage.Ali\\Desktop\\Malware\\85e1cebb33b89a3d4d0d73344272bfdc74da38cf540721bb8426c23a7f444241.exe",
        "CommandLine":  null,
        "User":  "DESKTOP-KVSEOF0\\Stage.Ali",
        "TargetFilename":  null,
        "DestinationIp":  null,
        "DestinationPort":  null,
        "SourceIp":  null,
        "SourcePort":  null,
        "Protocol":  null,
        "QueryName":  null,
        "Details":  {
                        "Description":  "Net Win32 API Helpers DLL",
                        "SignatureStatus":  "Valid",
                        "Signature":  "Microsoft Windows",
                        "Hashes":  "MD5=87185311A6DE2E993E72502F58C1171F,SHA256=4B02305203AB1AC0E795B6467C1E17A00C17447941AEFBF91378186E2FC580D8",
                        "Image":  "C:\\Users\\Stage.Ali\\Desktop\\Malware\\85e1cebb33b89a3d4d0d73344272bfdc74da38cf540721bb8426c23a7f444241.exe",
                        "UtcTime":  "2025-09-03 15:24:07.653",
                        "ProcessGuid":  "{f1988ae2-5d97-68b8-7300-000000001e00}",
                        "Company":  "Microsoft Corporation",
                        "ImageLoaded":  "C:\\Windows\\System32\\netutils.dll",
                        "FileVersion":  "10.0.19041.546 (WinBuild.160101.0800)",
                        "User":  "DESKTOP-KVSEOF0\\Stage.Ali",
                        "RuleName":  "-",
                        "Product":  "Microsoft® Windows® Operating System",
                        "ProcessId":  "4512",
                        "OriginalFileName":  "NETUTILS.DLL",
                        "Signed":  "true"
                    }
    },
    {
        "EventId":  7,
        "TimeCreated":  "\/Date(1756913047662)\/",
        "ProcessGuid":  "{f1988ae2-5d97-68b8-7300-000000001e00}",
        "ProcessId":  "4512",
        "ParentProcessGuid":  null,
        "Image":  "C:\\Users\\Stage.Ali\\Desktop\\Malware\\85e1cebb33b89a3d4d0d73344272bfdc74da38cf540721bb8426c23a7f444241.exe",
        "CommandLine":  null,
        "User":  "DESKTOP-KVSEOF0\\Stage.Ali",
        "TargetFilename":  null,
        "DestinationIp":  null,
        "DestinationPort":  null,
        "SourceIp":  null,
        "SourcePort":  null,
        "Protocol":  null,
        "QueryName":  null,
        "Details":  {
                        "Description":  "Server Service Client DLL",
                        "SignatureStatus":  "Valid",
                        "Signature":  "Microsoft Windows",
                        "Hashes":  "MD5=09E0A9CEDD7E27E413DC7B79B793F328,SHA256=4D2A01ABA3E2065ECDAC4CC61FC19A2FB1758E48E65971ADC8054C32C7B1B809",
                        "Image":  "C:\\Users\\Stage.Ali\\Desktop\\Malware\\85e1cebb33b89a3d4d0d73344272bfdc74da38cf540721bb8426c23a7f444241.exe",
                        "UtcTime":  "2025-09-03 15:24:07.653",
                        "ProcessGuid":  "{f1988ae2-5d97-68b8-7300-000000001e00}",
                        "Company":  "Microsoft Corporation",
                        "ImageLoaded":  "C:\\Windows\\System32\\srvcli.dll",
                        "FileVersion":  "10.0.19041.1645 (WinBuild.160101.0800)",
                        "User":  "DESKTOP-KVSEOF0\\Stage.Ali",
                        "RuleName":  "-",
                        "Product":  "Microsoft® Windows® Operating System",
                        "ProcessId":  "4512",
                        "OriginalFileName":  "SRVCLI.DLL",
                        "Signed":  "true"
                    }
    },
    {
        "EventId":  7,
        "TimeCreated":  "\/Date(1756913047661)\/",
        "ProcessGuid":  "{f1988ae2-5d97-68b8-7300-000000001e00}",
        "ProcessId":  "4512",
        "ParentProcessGuid":  null,
        "Image":  "C:\\Users\\Stage.Ali\\Desktop\\Malware\\85e1cebb33b89a3d4d0d73344272bfdc74da38cf540721bb8426c23a7f444241.exe",
        "CommandLine":  null,
        "User":  "DESKTOP-KVSEOF0\\Stage.Ali",
        "TargetFilename":  null,
        "DestinationIp":  null,
        "DestinationPort":  null,
        "SourceIp":  null,
        "SourcePort":  null,
        "Protocol":  null,
        "QueryName":  null,
        "Details":  {
                        "Description":  "Run time utility for Internet Explorer",
                        "SignatureStatus":  "Valid",
                        "Signature":  "Microsoft Windows",
                        "Hashes":  "MD5=CF63D60CF1080EE9BA93C569D2935543,SHA256=591CA312297BD6D8F656BC5A81D29D4BF0E858879F394679C35B55B79B00B5D0",
                        "Image":  "C:\\Users\\Stage.Ali\\Desktop\\Malware\\85e1cebb33b89a3d4d0d73344272bfdc74da38cf540721bb8426c23a7f444241.exe",
                        "UtcTime":  "2025-09-03 15:24:07.653",
                        "ProcessGuid":  "{f1988ae2-5d97-68b8-7300-000000001e00}",
                        "Company":  "Microsoft Corporation",
                        "ImageLoaded":  "C:\\Windows\\System32\\iertutil.dll",
                        "FileVersion":  "11.00.19041.1949 (WinBuild.160101.0800)",
                        "User":  "DESKTOP-KVSEOF0\\Stage.Ali",
                        "RuleName":  "-",
                        "Product":  "Internet Explorer",
                        "ProcessId":  "4512",
                        "OriginalFileName":  "IeRtUtil.dll",
                        "Signed":  "true"
                    }
    },
    {
        "EventId":  7,
        "TimeCreated":  "\/Date(1756913047660)\/",
        "ProcessGuid":  "{f1988ae2-5d97-68b8-7300-000000001e00}",
        "ProcessId":  "4512",
        "ParentProcessGuid":  null,
        "Image":  "C:\\Users\\Stage.Ali\\Desktop\\Malware\\85e1cebb33b89a3d4d0d73344272bfdc74da38cf540721bb8426c23a7f444241.exe",
        "CommandLine":  null,
        "User":  "DESKTOP-KVSEOF0\\Stage.Ali",
        "TargetFilename":  null,
        "DestinationIp":  null,
        "DestinationPort":  null,
        "SourceIp":  null,
        "SourcePort":  null,
        "Protocol":  null,
        "QueryName":  null,
        "Details":  {
                        "Description":  "OLE32 Extensions for Win32",
                        "SignatureStatus":  "Valid",
                        "Signature":  "Microsoft Windows",
                        "Hashes":  "MD5=3F13E8CB4D7A55B4BE53F04541BD2572,SHA256=45596801FB93B5F0D362D2F99A2B3EB2777D2FFC301D74EB8074970AFCFBDD99",
                        "Image":  "C:\\Users\\Stage.Ali\\Desktop\\Malware\\85e1cebb33b89a3d4d0d73344272bfdc74da38cf540721bb8426c23a7f444241.exe",
                        "UtcTime":  "2025-09-03 15:24:07.653",
                        "ProcessGuid":  "{f1988ae2-5d97-68b8-7300-000000001e00}",
                        "Company":  "Microsoft Corporation",
                        "ImageLoaded":  "C:\\Windows\\System32\\urlmon.dll",
                        "FileVersion":  "11.00.19041.1949 (WinBuild.160101.0800)",
                        "User":  "DESKTOP-KVSEOF0\\Stage.Ali",
                        "RuleName":  "-",
                        "Product":  "Internet Explorer",
                        "ProcessId":  "4512",
                        "OriginalFileName":  "UrlMon.dll",
                        "Signed":  "true"
                    }
    },
    {
        "EventId":  7,
        "TimeCreated":  "\/Date(1756913047658)\/",
        "ProcessGuid":  "{f1988ae2-5d97-68b8-7300-000000001e00}",
        "ProcessId":  "4512",
        "ParentProcessGuid":  null,
        "Image":  "C:\\Users\\Stage.Ali\\Desktop\\Malware\\85e1cebb33b89a3d4d0d73344272bfdc74da38cf540721bb8426c23a7f444241.exe",
        "CommandLine":  null,
        "User":  "DESKTOP-KVSEOF0\\Stage.Ali",
        "TargetFilename":  null,
        "DestinationIp":  null,
        "DestinationPort":  null,
        "SourceIp":  null,
        "SourcePort":  null,
        "Protocol":  null,
        "QueryName":  null,
        "Details":  {
                        "Description":  "EDP util",
                        "SignatureStatus":  "Valid",
                        "Signature":  "Microsoft Windows",
                        "Hashes":  "MD5=B14C8B8E3E73CEA720969ABBA2AFAC8A,SHA256=494B7E2E452A875C11DE6AE4EA9B7760B1AFE23E160638313E1CCEFBDFADDDC8",
                        "Image":  "C:\\Users\\Stage.Ali\\Desktop\\Malware\\85e1cebb33b89a3d4d0d73344272bfdc74da38cf540721bb8426c23a7f444241.exe",
                        "UtcTime":  "2025-09-03 15:24:07.653",
                        "ProcessGuid":  "{f1988ae2-5d97-68b8-7300-000000001e00}",
                        "Company":  "Microsoft Corporation",
                        "ImageLoaded":  "C:\\Windows\\System32\\edputil.dll",
                        "FileVersion":  "10.0.19041.546 (WinBuild.160101.0800)",
                        "User":  "DESKTOP-KVSEOF0\\Stage.Ali",
                        "RuleName":  "-",
                        "Product":  "Microsoft® Windows® Operating System",
                        "ProcessId":  "4512",
                        "OriginalFileName":  "EDPUTIL.DLL",
                        "Signed":  "true"
                    }
    },
    {
        "EventId":  7,
        "TimeCreated":  "\/Date(1756913047657)\/",
        "ProcessGuid":  "{f1988ae2-5d97-68b8-7300-000000001e00}",
        "ProcessId":  "4512",
        "ParentProcessGuid":  null,
        "Image":  "C:\\Users\\Stage.Ali\\Desktop\\Malware\\85e1cebb33b89a3d4d0d73344272bfdc74da38cf540721bb8426c23a7f444241.exe",
        "CommandLine":  null,
        "User":  "DESKTOP-KVSEOF0\\Stage.Ali",
        "TargetFilename":  null,
        "DestinationIp":  null,
        "DestinationPort":  null,
        "SourceIp":  null,
        "SourcePort":  null,
        "Protocol":  null,
        "QueryName":  null,
        "Details":  {
                        "Description":  "Configuration Manager DLL",
                        "SignatureStatus":  "Valid",
                        "Signature":  "Microsoft Windows",
                        "Hashes":  "MD5=3920EB35838E799211B211ED21FE48E2,SHA256=EE608C13069E3DC5453CF2F36BA6E2FB454123C0374ED47CADD43907724F18FB",
                        "Image":  "C:\\Users\\Stage.Ali\\Desktop\\Malware\\85e1cebb33b89a3d4d0d73344272bfdc74da38cf540721bb8426c23a7f444241.exe",
                        "UtcTime":  "2025-09-03 15:24:07.653",
                        "ProcessGuid":  "{f1988ae2-5d97-68b8-7300-000000001e00}",
                        "Company":  "Microsoft Corporation",
                        "ImageLoaded":  "C:\\Windows\\System32\\cfgmgr32.dll",
                        "FileVersion":  "10.0.19041.1620 (WinBuild.160101.0800)",
                        "User":  "DESKTOP-KVSEOF0\\Stage.Ali",
                        "RuleName":  "-",
                        "Product":  "Microsoft® Windows® Operating System",
                        "ProcessId":  "4512",
                        "OriginalFileName":  "CFGMGR32.DLL",
                        "Signed":  "true"
                    }
    },
    {
        "EventId":  7,
        "TimeCreated":  "\/Date(1756913047622)\/",
        "ProcessGuid":  "{f1988ae2-5d97-68b8-7300-000000001e00}",
        "ProcessId":  "4512",
        "ParentProcessGuid":  null,
        "Image":  "C:\\Users\\Stage.Ali\\Desktop\\Malware\\85e1cebb33b89a3d4d0d73344272bfdc74da38cf540721bb8426c23a7f444241.exe",
        "CommandLine":  null,
        "User":  "DESKTOP-KVSEOF0\\Stage.Ali",
        "TargetFilename":  null,
        "DestinationIp":  null,
        "DestinationPort":  null,
        "SourceIp":  null,
        "SourcePort":  null,
        "Protocol":  null,
        "QueryName":  null,
        "Details":  {
                        "Description":  "User Profile Basic API",
                        "SignatureStatus":  "Valid",
                        "Signature":  "Microsoft Windows",
                        "Hashes":  "MD5=4A7468FF74F0114626B2F7D1DD5D9FC7,SHA256=313CB7C9A69D5D84308A1C4B78C8FF257854071CAC7918BC31D1B893FEB95EC2",
                        "Image":  "C:\\Users\\Stage.Ali\\Desktop\\Malware\\85e1cebb33b89a3d4d0d73344272bfdc74da38cf540721bb8426c23a7f444241.exe",
                        "UtcTime":  "2025-09-03 15:24:07.615",
                        "ProcessGuid":  "{f1988ae2-5d97-68b8-7300-000000001e00}",
                        "Company":  "Microsoft Corporation",
                        "ImageLoaded":  "C:\\Windows\\System32\\profapi.dll",
                        "FileVersion":  "10.0.19041.844 (WinBuild.160101.0800)",
                        "User":  "DESKTOP-KVSEOF0\\Stage.Ali",
                        "RuleName":  "-",
                        "Product":  "Microsoft® Windows® Operating System",
                        "ProcessId":  "4512",
                        "OriginalFileName":  "PROFAPI.DLL",
                        "Signed":  "true"
                    }
    },
    {
        "EventId":  7,
        "TimeCreated":  "\/Date(1756913047622)\/",
        "ProcessGuid":  "{f1988ae2-5d97-68b8-7300-000000001e00}",
        "ProcessId":  "4512",
        "ParentProcessGuid":  null,
        "Image":  "C:\\Users\\Stage.Ali\\Desktop\\Malware\\85e1cebb33b89a3d4d0d73344272bfdc74da38cf540721bb8426c23a7f444241.exe",
        "CommandLine":  null,
        "User":  "DESKTOP-KVSEOF0\\Stage.Ali",
        "TargetFilename":  null,
        "DestinationIp":  null,
        "DestinationPort":  null,
        "SourceIp":  null,
        "SourcePort":  null,
        "Protocol":  null,
        "QueryName":  null,
        "Details":  {
                        "Description":  "COM+ Configuration Catalog",
                        "SignatureStatus":  "Valid",
                        "Signature":  "Microsoft Windows",
                        "Hashes":  "MD5=D77132D9A41654BD9CD887208D6C2516,SHA256=EC3D61CB2C5D1511051882F3C0E2B8B6F74B011CFB972112179090F2C3F3F5FC",
                        "Image":  "C:\\Users\\Stage.Ali\\Desktop\\Malware\\85e1cebb33b89a3d4d0d73344272bfdc74da38cf540721bb8426c23a7f444241.exe",
                        "UtcTime":  "2025-09-03 15:24:07.593",
                        "ProcessGuid":  "{f1988ae2-5d97-68b8-7300-000000001e00}",
                        "Company":  "Microsoft Corporation",
                        "ImageLoaded":  "C:\\Windows\\System32\\clbcatq.dll",
                        "FileVersion":  "2001.12.10941.16384 (WinBuild.160101.0800)",
                        "User":  "DESKTOP-KVSEOF0\\Stage.Ali",
                        "RuleName":  "-",
                        "Product":  "Microsoft® Windows® Operating System",
                        "ProcessId":  "4512",
                        "OriginalFileName":  "CLBCATQ.DLL",
                        "Signed":  "true"
                    }
    },
    {
        "EventId":  7,
        "TimeCreated":  "\/Date(1756913047622)\/",
        "ProcessGuid":  "{f1988ae2-5d97-68b8-7300-000000001e00}",
        "ProcessId":  "4512",
        "ParentProcessGuid":  null,
        "Image":  "C:\\Users\\Stage.Ali\\Desktop\\Malware\\85e1cebb33b89a3d4d0d73344272bfdc74da38cf540721bb8426c23a7f444241.exe",
        "CommandLine":  null,
        "User":  "DESKTOP-KVSEOF0\\Stage.Ali",
        "TargetFilename":  null,
        "DestinationIp":  null,
        "DestinationPort":  null,
        "SourceIp":  null,
        "SourcePort":  null,
        "Protocol":  null,
        "QueryName":  null,
        "Details":  {
                        "Description":  "OLEAUT32.DLL",
                        "SignatureStatus":  "Valid",
                        "Signature":  "Microsoft Windows",
                        "Hashes":  "MD5=EAB5ADED2242FEAEE371ED5CAB6EA919,SHA256=BBE70836E44BA71555906D37011EC2AA3F86BD1314F5431406BBA8F305DFB570",
                        "Image":  "C:\\Users\\Stage.Ali\\Desktop\\Malware\\85e1cebb33b89a3d4d0d73344272bfdc74da38cf540721bb8426c23a7f444241.exe",
                        "UtcTime":  "2025-09-03 15:24:07.593",
                        "ProcessGuid":  "{f1988ae2-5d97-68b8-7300-000000001e00}",
                        "Company":  "Microsoft Corporation",
                        "ImageLoaded":  "C:\\Windows\\System32\\oleaut32.dll",
                        "FileVersion":  "10.0.19041.985 (WinBuild.160101.0800)",
                        "User":  "DESKTOP-KVSEOF0\\Stage.Ali",
                        "RuleName":  "-",
                        "Product":  "Microsoft® Windows® Operating System",
                        "ProcessId":  "4512",
                        "OriginalFileName":  "OLEAUT32.DLL",
                        "Signed":  "true"
                    }
    },
    {
        "EventId":  7,
        "TimeCreated":  "\/Date(1756913047622)\/",
        "ProcessGuid":  "{f1988ae2-5d97-68b8-7300-000000001e00}",
        "ProcessId":  "4512",
        "ParentProcessGuid":  null,
        "Image":  "C:\\Users\\Stage.Ali\\Desktop\\Malware\\85e1cebb33b89a3d4d0d73344272bfdc74da38cf540721bb8426c23a7f444241.exe",
        "CommandLine":  null,
        "User":  "DESKTOP-KVSEOF0\\Stage.Ali",
        "TargetFilename":  null,
        "DestinationIp":  null,
        "DestinationPort":  null,
        "SourceIp":  null,
        "SourcePort":  null,
        "Protocol":  null,
        "QueryName":  null,
        "Details":  {
                        "Description":  "Microsoft Property System",
                        "SignatureStatus":  "Valid",
                        "Signature":  "Microsoft Windows",
                        "Hashes":  "MD5=96B558215F1DA4374E31EF45B235902A,SHA256=917FB42FF068AE328048007FA3431A2D7ACF37241ED23B5538080A143320BF4D",
                        "Image":  "C:\\Users\\Stage.Ali\\Desktop\\Malware\\85e1cebb33b89a3d4d0d73344272bfdc74da38cf540721bb8426c23a7f444241.exe",
                        "UtcTime":  "2025-09-03 15:24:07.593",
                        "ProcessGuid":  "{f1988ae2-5d97-68b8-7300-000000001e00}",
                        "Company":  "Microsoft Corporation",
                        "ImageLoaded":  "C:\\Windows\\System32\\propsys.dll",
                        "FileVersion":  "7.0.19041.1741 (WinBuild.160101.0800)",
                        "User":  "DESKTOP-KVSEOF0\\Stage.Ali",
                        "RuleName":  "-",
                        "Product":  "Windows® Search",
                        "ProcessId":  "4512",
                        "OriginalFileName":  "propsys.dll",
                        "Signed":  "true"
                    }
    },
    {
        "EventId":  7,
        "TimeCreated":  "\/Date(1756913047621)\/",
        "ProcessGuid":  "{f1988ae2-5d97-68b8-7300-000000001e00}",
        "ProcessId":  "4512",
        "ParentProcessGuid":  null,
        "Image":  "C:\\Users\\Stage.Ali\\Desktop\\Malware\\85e1cebb33b89a3d4d0d73344272bfdc74da38cf540721bb8426c23a7f444241.exe",
        "CommandLine":  null,
        "User":  "DESKTOP-KVSEOF0\\Stage.Ali",
        "TargetFilename":  null,
        "DestinationIp":  null,
        "DestinationPort":  null,
        "SourceIp":  null,
        "SourcePort":  null,
        "Protocol":  null,
        "QueryName":  null,
        "Details":  {
                        "Description":  "Windows Lockdown Policy",
                        "SignatureStatus":  "Valid",
                        "Signature":  "Microsoft Windows",
                        "Hashes":  "MD5=67D19C141E9EBC6D408B3C186BE239F9,SHA256=9DBD1280F7E428B277F64974D7FF79A61231FD6B8A42F6705E4D9065E72A2837",
                        "Image":  "C:\\Users\\Stage.Ali\\Desktop\\Malware\\85e1cebb33b89a3d4d0d73344272bfdc74da38cf540721bb8426c23a7f444241.exe",
                        "UtcTime":  "2025-09-03 15:24:07.593",
                        "ProcessGuid":  "{f1988ae2-5d97-68b8-7300-000000001e00}",
                        "Company":  "Microsoft Corporation",
                        "ImageLoaded":  "C:\\Windows\\System32\\wldp.dll",
                        "FileVersion":  "10.0.19041.1949 (WinBuild.160101.0800)",
                        "User":  "DESKTOP-KVSEOF0\\Stage.Ali",
                        "RuleName":  "-",
                        "Product":  "Microsoft® Windows® Operating System",
                        "ProcessId":  "4512",
                        "OriginalFileName":  "wldp.dll",
                        "Signed":  "true"
                    }
    },
    {
        "EventId":  7,
        "TimeCreated":  "\/Date(1756913047621)\/",
        "ProcessGuid":  "{f1988ae2-5d97-68b8-7300-000000001e00}",
        "ProcessId":  "4512",
        "ParentProcessGuid":  null,
        "Image":  "C:\\Users\\Stage.Ali\\Desktop\\Malware\\85e1cebb33b89a3d4d0d73344272bfdc74da38cf540721bb8426c23a7f444241.exe",
        "CommandLine":  null,
        "User":  "DESKTOP-KVSEOF0\\Stage.Ali",
        "TargetFilename":  null,
        "DestinationIp":  null,
        "DestinationPort":  null,
        "SourceIp":  null,
        "SourcePort":  null,
        "Protocol":  null,
        "QueryName":  null,
        "Details":  {
                        "Description":  "Microsoft WinRT Storage API",
                        "SignatureStatus":  "Valid",
                        "Signature":  "Microsoft Windows",
                        "Hashes":  "MD5=B280766A83DD14A246A5BE89B7460C38,SHA256=BDB55BF25FEE04F381FF5A1F5ECA4AF5B64C272AEBC384CE67FA9B29D62E4EE9",
                        "Image":  "C:\\Users\\Stage.Ali\\Desktop\\Malware\\85e1cebb33b89a3d4d0d73344272bfdc74da38cf540721bb8426c23a7f444241.exe",
                        "UtcTime":  "2025-09-03 15:24:07.593",
                        "ProcessGuid":  "{f1988ae2-5d97-68b8-7300-000000001e00}",
                        "Company":  "Microsoft Corporation",
                        "ImageLoaded":  "C:\\Windows\\System32\\windows.storage.dll",
                        "FileVersion":  "10.0.19041.1949 (WinBuild.160101.0800)",
                        "User":  "DESKTOP-KVSEOF0\\Stage.Ali",
                        "RuleName":  "-",
                        "Product":  "Microsoft® Windows® Operating System",
                        "ProcessId":  "4512",
                        "OriginalFileName":  "Windows.Storage.dll",
                        "Signed":  "true"
                    }
    },
    {
        "EventId":  7,
        "TimeCreated":  "\/Date(1756913047620)\/",
        "ProcessGuid":  "{f1988ae2-5d97-68b8-7300-000000001e00}",
        "ProcessId":  "4512",
        "ParentProcessGuid":  null,
        "Image":  "C:\\Users\\Stage.Ali\\Desktop\\Malware\\85e1cebb33b89a3d4d0d73344272bfdc74da38cf540721bb8426c23a7f444241.exe",
        "CommandLine":  null,
        "User":  "DESKTOP-KVSEOF0\\Stage.Ali",
        "TargetFilename":  null,
        "DestinationIp":  null,
        "DestinationPort":  null,
        "SourceIp":  null,
        "SourcePort":  null,
        "Protocol":  null,
        "QueryName":  null,
        "Details":  {
                        "Description":  "SHCORE",
                        "SignatureStatus":  "Valid",
                        "Signature":  "Microsoft Windows",
                        "Hashes":  "MD5=230260C7B7C79E11EE1ED24C93AB5304,SHA256=030562A09391408D1A877951451A29A7BFFE3E88BF9DA9AF83E2ABC6A32B3EB2",
                        "Image":  "C:\\Users\\Stage.Ali\\Desktop\\Malware\\85e1cebb33b89a3d4d0d73344272bfdc74da38cf540721bb8426c23a7f444241.exe",
                        "UtcTime":  "2025-09-03 15:24:07.593",
                        "ProcessGuid":  "{f1988ae2-5d97-68b8-7300-000000001e00}",
                        "Company":  "Microsoft Corporation",
                        "ImageLoaded":  "C:\\Windows\\System32\\SHCore.dll",
                        "FileVersion":  "10.0.19041.1865 (WinBuild.160101.0800)",
                        "User":  "DESKTOP-KVSEOF0\\Stage.Ali",
                        "RuleName":  "-",
                        "Product":  "Microsoft® Windows® Operating System",
                        "ProcessId":  "4512",
                        "OriginalFileName":  "SHCORE.dll",
                        "Signed":  "true"
                    }
    },
    {
        "EventId":  7,
        "TimeCreated":  "\/Date(1756913047620)\/",
        "ProcessGuid":  "{f1988ae2-5d97-68b8-7300-000000001e00}",
        "ProcessId":  "4512",
        "ParentProcessGuid":  null,
        "Image":  "C:\\Users\\Stage.Ali\\Desktop\\Malware\\85e1cebb33b89a3d4d0d73344272bfdc74da38cf540721bb8426c23a7f444241.exe",
        "CommandLine":  null,
        "User":  "DESKTOP-KVSEOF0\\Stage.Ali",
        "TargetFilename":  null,
        "DestinationIp":  null,
        "DestinationPort":  null,
        "SourceIp":  null,
        "SourcePort":  null,
        "Protocol":  null,
        "QueryName":  null,
        "Details":  {
                        "Description":  "Windows Shell Common Dll",
                        "SignatureStatus":  "Valid",
                        "Signature":  "Microsoft Windows",
                        "Hashes":  "MD5=9A0F5EB5183746DBE1E7CE10AF7E42D1,SHA256=A7F76A54633D9008E9D3CBEEE0E1FD64CC1D6006521F408115A9142DE9B8F75B",
                        "Image":  "C:\\Users\\Stage.Ali\\Desktop\\Malware\\85e1cebb33b89a3d4d0d73344272bfdc74da38cf540721bb8426c23a7f444241.exe",
                        "UtcTime":  "2025-09-03 15:24:07.593",
                        "ProcessGuid":  "{f1988ae2-5d97-68b8-7300-000000001e00}",
                        "Company":  "Microsoft Corporation",
                        "ImageLoaded":  "C:\\Windows\\System32\\shell32.dll",
                        "FileVersion":  "10.0.19041.1949 (WinBuild.160101.0800)",
                        "User":  "DESKTOP-KVSEOF0\\Stage.Ali",
                        "RuleName":  "-",
                        "Product":  "Microsoft® Windows® Operating System",
                        "ProcessId":  "4512",
                        "OriginalFileName":  "SHELL32.DLL",
                        "Signed":  "true"
                    }
    },
    {
        "EventId":  7,
        "TimeCreated":  "\/Date(1756913047553)\/",
        "ProcessGuid":  "{f1988ae2-5d97-68b8-7300-000000001e00}",
        "ProcessId":  "4512",
        "ParentProcessGuid":  null,
        "Image":  "C:\\Users\\Stage.Ali\\Desktop\\Malware\\85e1cebb33b89a3d4d0d73344272bfdc74da38cf540721bb8426c23a7f444241.exe",
        "CommandLine":  null,
        "User":  "DESKTOP-KVSEOF0\\Stage.Ali",
        "TargetFilename":  null,
        "DestinationIp":  null,
        "DestinationPort":  null,
        "SourceIp":  null,
        "SourcePort":  null,
        "Protocol":  null,
        "QueryName":  null,
        "Details":  {
                        "Description":  "Visual Basic Runtime Library",
                        "SignatureStatus":  "Unavailable",
                        "Signature":  "-",
                        "Hashes":  "MD5=CD45E6356A8C0DE1AB883A99E2BC13EA,SHA256=91E183B48C5EAA26A94C4B3C43A6B243B17CA4FDB05E7DAF01C91DBF2F1AFB13",
                        "Image":  "C:\\Users\\Stage.Ali\\Desktop\\Malware\\85e1cebb33b89a3d4d0d73344272bfdc74da38cf540721bb8426c23a7f444241.exe",
                        "UtcTime":  "2025-09-03 15:24:07.513",
                        "ProcessGuid":  "{f1988ae2-5d97-68b8-7300-000000001e00}",
                        "Company":  "Microsoft Corporation",
                        "ImageLoaded":  "C:\\Windows\\assembly\\NativeImages_v4.0.30319_64\\Microsoft.V9921e851#\\04de61553901f06e2f763b6f03a6f65a\\Microsoft.VisualBasic.ni.dll",
                        "FileVersion":  "14.8.4084.0 built by: NET48REL1",
                        "User":  "DESKTOP-KVSEOF0\\Stage.Ali",
                        "RuleName":  "-",
                        "Product":  "Microsoft® .NET Framework",
                        "ProcessId":  "4512",
                        "OriginalFileName":  "Microsoft.VisualBasic.DLL",
                        "Signed":  "false"
                    }
    },
    {
        "EventId":  7,
        "TimeCreated":  "\/Date(1756913047540)\/",
        "ProcessGuid":  "{f1988ae2-5d97-68b8-7300-000000001e00}",
        "ProcessId":  "4512",
        "ParentProcessGuid":  null,
        "Image":  "C:\\Users\\Stage.Ali\\Desktop\\Malware\\85e1cebb33b89a3d4d0d73344272bfdc74da38cf540721bb8426c23a7f444241.exe",
        "CommandLine":  null,
        "User":  "DESKTOP-KVSEOF0\\Stage.Ali",
        "TargetFilename":  null,
        "DestinationIp":  null,
        "DestinationPort":  null,
        "SourceIp":  null,
        "SourcePort":  null,
        "Protocol":  null,
        "QueryName":  null,
        "Details":  {
                        "Description":  "Base cryptographic API DLL",
                        "SignatureStatus":  "Valid",
                        "Signature":  "Microsoft Windows",
                        "Hashes":  "MD5=095B8F1C0F8EE3CAA09FCCA6CB92F6C0,SHA256=B50D007EE8764F7CADA9D9A395DA396201C8B18E6501B50AB809914A7588BAF1",
                        "Image":  "C:\\Users\\Stage.Ali\\Desktop\\Malware\\85e1cebb33b89a3d4d0d73344272bfdc74da38cf540721bb8426c23a7f444241.exe",
                        "UtcTime":  "2025-09-03 15:24:07.513",
                        "ProcessGuid":  "{f1988ae2-5d97-68b8-7300-000000001e00}",
                        "Company":  "Microsoft Corporation",
                        "ImageLoaded":  "C:\\Windows\\System32\\cryptbase.dll",
                        "FileVersion":  "10.0.19041.546 (WinBuild.160101.0800)",
                        "User":  "DESKTOP-KVSEOF0\\Stage.Ali",
                        "RuleName":  "-",
                        "Product":  "Microsoft® Windows® Operating System",
                        "ProcessId":  "4512",
                        "OriginalFileName":  "cryptbase.dll",
                        "Signed":  "true"
                    }
    },
    {
        "EventId":  7,
        "TimeCreated":  "\/Date(1756913047540)\/",
        "ProcessGuid":  "{f1988ae2-5d97-68b8-7300-000000001e00}",
        "ProcessId":  "4512",
        "ParentProcessGuid":  null,
        "Image":  "C:\\Users\\Stage.Ali\\Desktop\\Malware\\85e1cebb33b89a3d4d0d73344272bfdc74da38cf540721bb8426c23a7f444241.exe",
        "CommandLine":  null,
        "User":  "DESKTOP-KVSEOF0\\Stage.Ali",
        "TargetFilename":  null,
        "DestinationIp":  null,
        "DestinationPort":  null,
        "SourceIp":  null,
        "SourcePort":  null,
        "Protocol":  null,
        "QueryName":  null,
        "Details":  {
                        "Description":  "Microsoft Enhanced Cryptographic Provider",
                        "SignatureStatus":  "Valid",
                        "Signature":  "Microsoft Windows",
                        "Hashes":  "MD5=745A6645F03EFE4B893575565301E677,SHA256=C9FD8377D6C328B2F01C687DAC95E9005C8BB0A4AA230B12DAA7C3CD3367F19A",
                        "Image":  "C:\\Users\\Stage.Ali\\Desktop\\Malware\\85e1cebb33b89a3d4d0d73344272bfdc74da38cf540721bb8426c23a7f444241.exe",
                        "UtcTime":  "2025-09-03 15:24:07.513",
                        "ProcessGuid":  "{f1988ae2-5d97-68b8-7300-000000001e00}",
                        "Company":  "Microsoft Corporation",
                        "ImageLoaded":  "C:\\Windows\\System32\\rsaenh.dll",
                        "FileVersion":  "10.0.19041.1052 (WinBuild.160101.0800)",
                        "User":  "DESKTOP-KVSEOF0\\Stage.Ali",
                        "RuleName":  "-",
                        "Product":  "Microsoft® Windows® Operating System",
                        "ProcessId":  "4512",
                        "OriginalFileName":  "rsaenh.dll",
                        "Signed":  "true"
                    }
    },
    {
        "EventId":  7,
        "TimeCreated":  "\/Date(1756913047540)\/",
        "ProcessGuid":  "{f1988ae2-5d97-68b8-7300-000000001e00}",
        "ProcessId":  "4512",
        "ParentProcessGuid":  null,
        "Image":  "C:\\Users\\Stage.Ali\\Desktop\\Malware\\85e1cebb33b89a3d4d0d73344272bfdc74da38cf540721bb8426c23a7f444241.exe",
        "CommandLine":  null,
        "User":  "DESKTOP-KVSEOF0\\Stage.Ali",
        "TargetFilename":  null,
        "DestinationIp":  null,
        "DestinationPort":  null,
        "SourceIp":  null,
        "SourcePort":  null,
        "Protocol":  null,
        "QueryName":  null,
        "Details":  {
                        "Description":  "Cryptographic Service Provider API",
                        "SignatureStatus":  "Valid",
                        "Signature":  "Microsoft Windows",
                        "Hashes":  "MD5=A26D9BD5FE9F31F2D47F81EF95876749,SHA256=82027B8C6CE412F9C9731AF5E904291DAE944C3845EBFEF2AF86C8543C8AD5A7",
                        "Image":  "C:\\Users\\Stage.Ali\\Desktop\\Malware\\85e1cebb33b89a3d4d0d73344272bfdc74da38cf540721bb8426c23a7f444241.exe",
                        "UtcTime":  "2025-09-03 15:24:07.513",
                        "ProcessGuid":  "{f1988ae2-5d97-68b8-7300-000000001e00}",
                        "Company":  "Microsoft Corporation",
                        "ImageLoaded":  "C:\\Windows\\System32\\cryptsp.dll",
                        "FileVersion":  "10.0.19041.546 (WinBuild.160101.0800)",
                        "User":  "DESKTOP-KVSEOF0\\Stage.Ali",
                        "RuleName":  "-",
                        "Product":  "Microsoft® Windows® Operating System",
                        "ProcessId":  "4512",
                        "OriginalFileName":  "cryptsp.dll",
                        "Signed":  "true"
                    }
    },
    {
        "EventId":  7,
        "TimeCreated":  "\/Date(1756913047536)\/",
        "ProcessGuid":  "{f1988ae2-5d97-68b8-7300-000000001e00}",
        "ProcessId":  "4512",
        "ParentProcessGuid":  null,
        "Image":  "C:\\Users\\Stage.Ali\\Desktop\\Malware\\85e1cebb33b89a3d4d0d73344272bfdc74da38cf540721bb8426c23a7f444241.exe",
        "CommandLine":  null,
        "User":  "DESKTOP-KVSEOF0\\Stage.Ali",
        "TargetFilename":  null,
        "DestinationIp":  null,
        "DestinationPort":  null,
        "SourceIp":  null,
        "SourcePort":  null,
        "Protocol":  null,
        "QueryName":  null,
        "Details":  {
                        "Description":  "Windows Cryptographic Primitives Library",
                        "SignatureStatus":  "Valid",
                        "Signature":  "Microsoft Windows",
                        "Hashes":  "MD5=A4BE5153C4441FFEDA74AA99D4B2E830,SHA256=0F14BB6286686143D6192376C2F965D7E71A0C3FAE73773DA56A7FCD5E355F4D",
                        "Image":  "C:\\Users\\Stage.Ali\\Desktop\\Malware\\85e1cebb33b89a3d4d0d73344272bfdc74da38cf540721bb8426c23a7f444241.exe",
                        "UtcTime":  "2025-09-03 15:24:07.513",
                        "ProcessGuid":  "{f1988ae2-5d97-68b8-7300-000000001e00}",
                        "Company":  "Microsoft Corporation",
                        "ImageLoaded":  "C:\\Windows\\System32\\bcrypt.dll",
                        "FileVersion":  "10.0.19041.1023 (WinBuild.160101.0800)",
                        "User":  "DESKTOP-KVSEOF0\\Stage.Ali",
                        "RuleName":  "-",
                        "Product":  "Microsoft® Windows® Operating System",
                        "ProcessId":  "4512",
                        "OriginalFileName":  "bcrypt.dll",
                        "Signed":  "true"
                    }
    },
    {
        "EventId":  7,
        "TimeCreated":  "\/Date(1756913047488)\/",
        "ProcessGuid":  "{f1988ae2-5d97-68b8-7300-000000001e00}",
        "ProcessId":  "4512",
        "ParentProcessGuid":  null,
        "Image":  "C:\\Users\\Stage.Ali\\Desktop\\Malware\\85e1cebb33b89a3d4d0d73344272bfdc74da38cf540721bb8426c23a7f444241.exe",
        "CommandLine":  null,
        "User":  "DESKTOP-KVSEOF0\\Stage.Ali",
        "TargetFilename":  null,
        "DestinationIp":  null,
        "DestinationPort":  null,
        "SourceIp":  null,
        "SourcePort":  null,
        "Protocol":  null,
        "QueryName":  null,
        "Details":  {
                        "Description":  ".NET Framework",
                        "SignatureStatus":  "Unavailable",
                        "Signature":  "-",
                        "Hashes":  "MD5=0A3CD718DB4E2930AA69BB9B026F6D43,SHA256=590E60E8B91DA6CA0481999C60341CEAF494CB62419BBCB5A0968532C46CD06B",
                        "Image":  "C:\\Users\\Stage.Ali\\Desktop\\Malware\\85e1cebb33b89a3d4d0d73344272bfdc74da38cf540721bb8426c23a7f444241.exe",
                        "UtcTime":  "2025-09-03 15:24:07.481",
                        "ProcessGuid":  "{f1988ae2-5d97-68b8-7300-000000001e00}",
                        "Company":  "Microsoft Corporation",
                        "ImageLoaded":  "C:\\Windows\\assembly\\NativeImages_v4.0.30319_64\\System.Core\\31326613607f69254f3284ec964796c8\\System.Core.ni.dll",
                        "FileVersion":  "4.8.4536.0 built by: NET48REL1LAST_C",
                        "User":  "DESKTOP-KVSEOF0\\Stage.Ali",
                        "RuleName":  "-",
                        "Product":  "Microsoft® .NET Framework",
                        "ProcessId":  "4512",
                        "OriginalFileName":  "System.Core.dll",
                        "Signed":  "false"
                    }
    },
    {
        "EventId":  7,
        "TimeCreated":  "\/Date(1756913047486)\/",
        "ProcessGuid":  "{f1988ae2-5d97-68b8-7300-000000001e00}",
        "ProcessId":  "4512",
        "ParentProcessGuid":  null,
        "Image":  "C:\\Users\\Stage.Ali\\Desktop\\Malware\\85e1cebb33b89a3d4d0d73344272bfdc74da38cf540721bb8426c23a7f444241.exe",
        "CommandLine":  null,
        "User":  "DESKTOP-KVSEOF0\\Stage.Ali",
        "TargetFilename":  null,
        "DestinationIp":  null,
        "DestinationPort":  null,
        "SourceIp":  null,
        "SourcePort":  null,
        "Protocol":  null,
        "QueryName":  null,
        "Details":  {
                        "Description":  ".NET Framework",
                        "SignatureStatus":  "Unavailable",
                        "Signature":  "-",
                        "Hashes":  "MD5=AEDE4CAA11B58AC71D6CC7131FB025AB,SHA256=59827DC145773F249AFFDB1B480F9F00A43C544CCDA8CA6728BC7197A2F0C652",
                        "Image":  "C:\\Users\\Stage.Ali\\Desktop\\Malware\\85e1cebb33b89a3d4d0d73344272bfdc74da38cf540721bb8426c23a7f444241.exe",
                        "UtcTime":  "2025-09-03 15:24:07.481",
                        "ProcessGuid":  "{f1988ae2-5d97-68b8-7300-000000001e00}",
                        "Company":  "Microsoft Corporation",
                        "ImageLoaded":  "C:\\Windows\\assembly\\NativeImages_v4.0.30319_64\\System\\b187b7f31cee3e87b56c8edca55324e0\\System.ni.dll",
                        "FileVersion":  "4.8.4536.0 built by: NET48REL1LAST_C",
                        "User":  "DESKTOP-KVSEOF0\\Stage.Ali",
                        "RuleName":  "-",
                        "Product":  "Microsoft® .NET Framework",
                        "ProcessId":  "4512",
                        "OriginalFileName":  "System.dll",
                        "Signed":  "false"
                    }
    },
