    {
        "EventId":  7,
        "TimeCreated":  "\/Date(1756913049217)\/",
        "ProcessGuid":  "{f1988ae2-5d98-68b8-7500-000000001e00}",
        "ProcessId":  "4956",
        "ParentProcessGuid":  null,
        "Image":  "C:\\Users\\Stage.Ali\\AppData\\Local\\Temp\\error.exe",
        "CommandLine":  null,
        "User":  "DESKTOP-KVSEOF0\\Stage.Ali",
        "TargetFilename":  null,
        "DestinationIp":  null,
        "DestinationPort":  null,
        "SourceIp":  null,
        "SourcePort":  null,
        "Protocol":  null,
        "QueryName":  null,
        "Details":  {
                        "Description":  "Security Support Provider Interface",
                        "SignatureStatus":  "Valid",
                        "Signature":  "Microsoft Windows",
                        "Hashes":  "MD5=8ADEE638A4F96E455E908AE153A54C58,SHA256=35801914506484006314E8B65BDF691183913724549BA2A9DBCB6B43DE656DF8",
                        "Image":  "C:\\Users\\Stage.Ali\\AppData\\Local\\Temp\\error.exe",
                        "UtcTime":  "2025-09-03 15:24:09.186",
                        "ProcessGuid":  "{f1988ae2-5d98-68b8-7500-000000001e00}",
                        "Company":  "Microsoft Corporation",
                        "ImageLoaded":  "C:\\Windows\\SysWOW64\\sspicli.dll",
                        "FileVersion":  "10.0.19041.1586 (WinBuild.160101.0800)",
                        "User":  "DESKTOP-KVSEOF0\\Stage.Ali",
                        "RuleName":  "-",
                        "Product":  "Microsoft® Windows® Operating System",
                        "ProcessId":  "4956",
                        "OriginalFileName":  "security.dll",
                        "Signed":  "true"
                    }
    },
    {
        "EventId":  7,
        "TimeCreated":  "\/Date(1756913049199)\/",
        "ProcessGuid":  "{f1988ae2-5d98-68b8-7500-000000001e00}",
        "ProcessId":  "4956",
        "ParentProcessGuid":  null,
        "Image":  "C:\\Users\\Stage.Ali\\AppData\\Local\\Temp\\error.exe",
        "CommandLine":  null,
        "User":  "DESKTOP-KVSEOF0\\Stage.Ali",
        "TargetFilename":  null,
        "DestinationIp":  null,
        "DestinationPort":  null,
        "SourceIp":  null,
        "SourcePort":  null,
        "Protocol":  null,
        "QueryName":  null,
        "Details":  {
                        "Description":  "Windows StateRepository Proxy/Stub Server",
                        "SignatureStatus":  "Valid",
                        "Signature":  "Microsoft Windows",
                        "Hashes":  "MD5=FF57A8B057156A80415C3ED25426BABB,SHA256=1CC6B0D5BB3AFD4CC5FC71C458E6B77DC24A3CB8AEBA0CD0BC32077EFA2519E2",
                        "Image":  "C:\\Users\\Stage.Ali\\AppData\\Local\\Temp\\error.exe",
                        "UtcTime":  "2025-09-03 15:24:09.153",
                        "ProcessGuid":  "{f1988ae2-5d98-68b8-7500-000000001e00}",
                        "Company":  "Microsoft Corporation",
                        "ImageLoaded":  "C:\\Windows\\SysWOW64\\Windows.StateRepositoryPS.dll",
                        "FileVersion":  "10.0.19041.1466 (WinBuild.160101.0800)",
                        "User":  "DESKTOP-KVSEOF0\\Stage.Ali",
                        "RuleName":  "-",
                        "Product":  "Microsoft® Windows® Operating System",
                        "ProcessId":  "4956",
                        "OriginalFileName":  "Windows.StateRepositoryPS.dll",
                        "Signed":  "true"
                    }
    },
    {
        "EventId":  7,
        "TimeCreated":  "\/Date(1756913049184)\/",
        "ProcessGuid":  "{f1988ae2-5d98-68b8-7500-000000001e00}",
        "ProcessId":  "4956",
        "ParentProcessGuid":  null,
        "Image":  "C:\\Users\\Stage.Ali\\AppData\\Local\\Temp\\error.exe",
        "CommandLine":  null,
        "User":  "DESKTOP-KVSEOF0\\Stage.Ali",
        "TargetFilename":  null,
        "DestinationIp":  null,
        "DestinationPort":  null,
        "SourceIp":  null,
        "SourcePort":  null,
        "Protocol":  null,
        "QueryName":  null,
        "Details":  {
                        "Description":  "Configuration Manager DLL",
                        "SignatureStatus":  "Valid",
                        "Signature":  "Microsoft Windows",
                        "Hashes":  "MD5=497688495651F10C18B9E144BF77F263,SHA256=737016BF2B755DA9F65DCCDD5EDEF67D434968A5BE4A31BDDB140F663492E9F6",
                        "Image":  "C:\\Users\\Stage.Ali\\AppData\\Local\\Temp\\error.exe",
                        "UtcTime":  "2025-09-03 15:24:09.059",
                        "ProcessGuid":  "{f1988ae2-5d98-68b8-7500-000000001e00}",
                        "Company":  "Microsoft Corporation",
                        "ImageLoaded":  "C:\\Windows\\SysWOW64\\cfgmgr32.dll",
                        "FileVersion":  "10.0.19041.1620 (WinBuild.160101.0800)",
                        "User":  "DESKTOP-KVSEOF0\\Stage.Ali",
                        "RuleName":  "-",
                        "Product":  "Microsoft® Windows® Operating System",
                        "ProcessId":  "4956",
                        "OriginalFileName":  "CFGMGR32.DLL",
                        "Signed":  "true"
                    }
    },
    {
        "EventId":  7,
        "TimeCreated":  "\/Date(1756913049171)\/",
        "ProcessGuid":  "{f1988ae2-5d98-68b8-7500-000000001e00}",
        "ProcessId":  "4956",
        "ParentProcessGuid":  null,
        "Image":  "C:\\Users\\Stage.Ali\\AppData\\Local\\Temp\\error.exe",
        "CommandLine":  null,
        "User":  "DESKTOP-KVSEOF0\\Stage.Ali",
        "TargetFilename":  null,
        "DestinationIp":  null,
        "DestinationPort":  null,
        "SourceIp":  null,
        "SourcePort":  null,
        "Protocol":  null,
        "QueryName":  null,
        "Details":  {
                        "Description":  "Run time utility for Internet Explorer",
                        "SignatureStatus":  "Valid",
                        "Signature":  "Microsoft Windows",
                        "Hashes":  "MD5=C8D79FE9BB24B395938BBE706D94F021,SHA256=CB96F91E8B81B6AEE9AFD3BBF7DB033D2E3775F425EA12246D051DBB99FC7513",
                        "Image":  "C:\\Users\\Stage.Ali\\AppData\\Local\\Temp\\error.exe",
                        "UtcTime":  "2025-09-03 15:24:09.059",
                        "ProcessGuid":  "{f1988ae2-5d98-68b8-7500-000000001e00}",
                        "Company":  "Microsoft Corporation",
                        "ImageLoaded":  "C:\\Windows\\SysWOW64\\iertutil.dll",
                        "FileVersion":  "11.00.19041.1949 (WinBuild.160101.0800)",
                        "User":  "DESKTOP-KVSEOF0\\Stage.Ali",
                        "RuleName":  "-",
                        "Product":  "Internet Explorer",
                        "ProcessId":  "4956",
                        "OriginalFileName":  "IeRtUtil.dll",
                        "Signed":  "true"
                    }
    },
    {
        "EventId":  7,
        "TimeCreated":  "\/Date(1756913049144)\/",
        "ProcessGuid":  "{f1988ae2-5d98-68b8-7500-000000001e00}",
        "ProcessId":  "4956",
        "ParentProcessGuid":  null,
        "Image":  "C:\\Users\\Stage.Ali\\AppData\\Local\\Temp\\error.exe",
        "CommandLine":  null,
        "User":  "DESKTOP-KVSEOF0\\Stage.Ali",
        "TargetFilename":  null,
        "DestinationIp":  null,
        "DestinationPort":  null,
        "SourceIp":  null,
        "SourcePort":  null,
        "Protocol":  null,
        "QueryName":  null,
        "Details":  {
                        "Description":  "Net Win32 API Helpers DLL",
                        "SignatureStatus":  "Valid",
                        "Signature":  "Microsoft Windows",
                        "Hashes":  "MD5=BF8876BCF653CBBBE25B9F839714EDEE,SHA256=C3B0ABFF9294EBB0545A1295F6DBC483CB0F29BEE1647917A2897B1F088E2B6B",
                        "Image":  "C:\\Users\\Stage.Ali\\AppData\\Local\\Temp\\error.exe",
                        "UtcTime":  "2025-09-03 15:24:09.059",
                        "ProcessGuid":  "{f1988ae2-5d98-68b8-7500-000000001e00}",
                        "Company":  "Microsoft Corporation",
                        "ImageLoaded":  "C:\\Windows\\SysWOW64\\netutils.dll",
                        "FileVersion":  "10.0.19041.1466 (WinBuild.160101.0800)",
                        "User":  "DESKTOP-KVSEOF0\\Stage.Ali",
                        "RuleName":  "-",
                        "Product":  "Microsoft® Windows® Operating System",
                        "ProcessId":  "4956",
                        "OriginalFileName":  "NETUTILS.DLL",
                        "Signed":  "true"
                    }
    },
    {
        "EventId":  7,
        "TimeCreated":  "\/Date(1756913049139)\/",
        "ProcessGuid":  "{f1988ae2-5d98-68b8-7500-000000001e00}",
        "ProcessId":  "4956",
        "ParentProcessGuid":  null,
        "Image":  "C:\\Users\\Stage.Ali\\AppData\\Local\\Temp\\error.exe",
        "CommandLine":  null,
        "User":  "DESKTOP-KVSEOF0\\Stage.Ali",
        "TargetFilename":  null,
        "DestinationIp":  null,
        "DestinationPort":  null,
        "SourceIp":  null,
        "SourcePort":  null,
        "Protocol":  null,
        "QueryName":  null,
        "Details":  {
                        "Description":  "Server Service Client DLL",
                        "SignatureStatus":  "Valid",
                        "Signature":  "Microsoft Windows",
                        "Hashes":  "MD5=D1A8F24CCDA93E237AB52C21702C8FC3,SHA256=21CC37B3A920F97669E47C04877612F0BA090CF2DA5C88B1110BE4A53FCAF588",
                        "Image":  "C:\\Users\\Stage.Ali\\AppData\\Local\\Temp\\error.exe",
                        "UtcTime":  "2025-09-03 15:24:09.043",
                        "ProcessGuid":  "{f1988ae2-5d98-68b8-7500-000000001e00}",
                        "Company":  "Microsoft Corporation",
                        "ImageLoaded":  "C:\\Windows\\SysWOW64\\srvcli.dll",
                        "FileVersion":  "10.0.19041.1645 (WinBuild.160101.0800)",
                        "User":  "DESKTOP-KVSEOF0\\Stage.Ali",
                        "RuleName":  "-",
                        "Product":  "Microsoft® Windows® Operating System",
                        "ProcessId":  "4956",
                        "OriginalFileName":  "SRVCLI.DLL",
                        "Signed":  "true"
                    }
    },
    {
        "EventId":  7,
        "TimeCreated":  "\/Date(1756913049133)\/",
        "ProcessGuid":  "{f1988ae2-5d98-68b8-7500-000000001e00}",
        "ProcessId":  "4956",
        "ParentProcessGuid":  null,
        "Image":  "C:\\Users\\Stage.Ali\\AppData\\Local\\Temp\\error.exe",
        "CommandLine":  null,
        "User":  "DESKTOP-KVSEOF0\\Stage.Ali",
        "TargetFilename":  null,
        "DestinationIp":  null,
        "DestinationPort":  null,
        "SourceIp":  null,
        "SourcePort":  null,
        "Protocol":  null,
        "QueryName":  null,
        "Details":  {
                        "Description":  "OLE32 Extensions for Win32",
                        "SignatureStatus":  "Valid",
                        "Signature":  "Microsoft Windows",
                        "Hashes":  "MD5=9AA93987320A0A7C159EEE24324CF8B3,SHA256=58C08484FC9DC8FCB028E86B34CE3B392046671AF57A494BCE1160536AA7017B",
                        "Image":  "C:\\Users\\Stage.Ali\\AppData\\Local\\Temp\\error.exe",
                        "UtcTime":  "2025-09-03 15:24:09.033",
                        "ProcessGuid":  "{f1988ae2-5d98-68b8-7500-000000001e00}",
                        "Company":  "Microsoft Corporation",
                        "ImageLoaded":  "C:\\Windows\\SysWOW64\\urlmon.dll",
                        "FileVersion":  "11.00.19041.1949 (WinBuild.160101.0800)",
                        "User":  "DESKTOP-KVSEOF0\\Stage.Ali",
                        "RuleName":  "-",
                        "Product":  "Internet Explorer",
                        "ProcessId":  "4956",
                        "OriginalFileName":  "UrlMon.dll",
                        "Signed":  "true"
                    }
    },
    {
        "EventId":  7,
        "TimeCreated":  "\/Date(1756913049070)\/",
        "ProcessGuid":  "{f1988ae2-5d98-68b8-7500-000000001e00}",
        "ProcessId":  "4956",
        "ParentProcessGuid":  null,
        "Image":  "C:\\Users\\Stage.Ali\\AppData\\Local\\Temp\\error.exe",
        "CommandLine":  null,
        "User":  "DESKTOP-KVSEOF0\\Stage.Ali",
        "TargetFilename":  null,
        "DestinationIp":  null,
        "DestinationPort":  null,
        "SourceIp":  null,
        "SourcePort":  null,
        "Protocol":  null,
        "QueryName":  null,
        "Details":  {
                        "Description":  "EDP util",
                        "SignatureStatus":  "Valid",
                        "Signature":  "Microsoft Windows",
                        "Hashes":  "MD5=ECED15665B33388155185E1D98FADC92,SHA256=B746E3FB47912A14E469109D6A5A0E2980A8F25F7B32AD8CFEBA8FEC3C7C8D62",
                        "Image":  "C:\\Users\\Stage.Ali\\AppData\\Local\\Temp\\error.exe",
                        "UtcTime":  "2025-09-03 15:24:08.997",
                        "ProcessGuid":  "{f1988ae2-5d98-68b8-7500-000000001e00}",
                        "Company":  "Microsoft Corporation",
                        "ImageLoaded":  "C:\\Windows\\SysWOW64\\edputil.dll",
                        "FileVersion":  "10.0.19041.546 (WinBuild.160101.0800)",
                        "User":  "DESKTOP-KVSEOF0\\Stage.Ali",
                        "RuleName":  "-",
                        "Product":  "Microsoft® Windows® Operating System",
                        "ProcessId":  "4956",
                        "OriginalFileName":  "EDPUTIL.DLL",
                        "Signed":  "true"
                    }
    },
    {
        "EventId":  7,
        "TimeCreated":  "\/Date(1756913048958)\/",
        "ProcessGuid":  "{f1988ae2-5d98-68b8-7500-000000001e00}",
        "ProcessId":  "4956",
        "ParentProcessGuid":  null,
        "Image":  "C:\\Users\\Stage.Ali\\AppData\\Local\\Temp\\error.exe",
        "CommandLine":  null,
        "User":  "DESKTOP-KVSEOF0\\Stage.Ali",
        "TargetFilename":  null,
        "DestinationIp":  null,
        "DestinationPort":  null,
        "SourceIp":  null,
        "SourcePort":  null,
        "Protocol":  null,
        "QueryName":  null,
        "Details":  {
                        "Description":  "User Profile Basic API",
                        "SignatureStatus":  "Valid",
                        "Signature":  "Microsoft Windows",
                        "Hashes":  "MD5=2952019A3E3739F1D17F59128F489B63,SHA256=7B86FA00478776A4FADCAD44592AF88BD7F0B63E0B39C76FD3E6D8DDCC32C76D",
                        "Image":  "C:\\Users\\Stage.Ali\\AppData\\Local\\Temp\\error.exe",
                        "UtcTime":  "2025-09-03 15:24:08.936",
                        "ProcessGuid":  "{f1988ae2-5d98-68b8-7500-000000001e00}",
                        "Company":  "Microsoft Corporation",
                        "ImageLoaded":  "C:\\Windows\\SysWOW64\\profapi.dll",
                        "FileVersion":  "10.0.19041.844 (WinBuild.160101.0800)",
                        "User":  "DESKTOP-KVSEOF0\\Stage.Ali",
                        "RuleName":  "-",
                        "Product":  "Microsoft® Windows® Operating System",
                        "ProcessId":  "4956",
                        "OriginalFileName":  "PROFAPI.DLL",
                        "Signed":  "true"
                    }
    },
    {
        "EventId":  7,
        "TimeCreated":  "\/Date(1756913048945)\/",
        "ProcessGuid":  "{f1988ae2-5d98-68b8-7500-000000001e00}",
        "ProcessId":  "4956",
        "ParentProcessGuid":  null,
        "Image":  "C:\\Users\\Stage.Ali\\AppData\\Local\\Temp\\error.exe",
        "CommandLine":  null,
        "User":  "DESKTOP-KVSEOF0\\Stage.Ali",
        "TargetFilename":  null,
        "DestinationIp":  null,
        "DestinationPort":  null,
        "SourceIp":  null,
        "SourcePort":  null,
        "Protocol":  null,
        "QueryName":  null,
        "Details":  {
                        "Description":  "COM+ Configuration Catalog",
                        "SignatureStatus":  "Valid",
                        "Signature":  "Microsoft Windows",
                        "Hashes":  "MD5=DAA88213CBBABC1D7EDCD065E9C79E3B,SHA256=D6D2AA835B65982716CCA908B8676FF5635DA69988F400DAC0512A2FF0CE8A83",
                        "Image":  "C:\\Users\\Stage.Ali\\AppData\\Local\\Temp\\error.exe",
                        "UtcTime":  "2025-09-03 15:24:08.927",
                        "ProcessGuid":  "{f1988ae2-5d98-68b8-7500-000000001e00}",
                        "Company":  "Microsoft Corporation",
                        "ImageLoaded":  "C:\\Windows\\SysWOW64\\clbcatq.dll",
                        "FileVersion":  "2001.12.10941.16384 (WinBuild.160101.0800)",
                        "User":  "DESKTOP-KVSEOF0\\Stage.Ali",
                        "RuleName":  "-",
                        "Product":  "Microsoft® Windows® Operating System",
                        "ProcessId":  "4956",
                        "OriginalFileName":  "CLBCATQ.DLL",
                        "Signed":  "true"
                    }
    },
    {
        "EventId":  7,
        "TimeCreated":  "\/Date(1756913048921)\/",
        "ProcessGuid":  "{f1988ae2-5d98-68b8-7500-000000001e00}",
        "ProcessId":  "4956",
        "ParentProcessGuid":  null,
        "Image":  "C:\\Users\\Stage.Ali\\AppData\\Local\\Temp\\error.exe",
        "CommandLine":  null,
        "User":  "DESKTOP-KVSEOF0\\Stage.Ali",
        "TargetFilename":  null,
        "DestinationIp":  null,
        "DestinationPort":  null,
        "SourceIp":  null,
        "SourcePort":  null,
        "Protocol":  null,
        "QueryName":  null,
        "Details":  {
                        "Description":  "OLEAUT32.DLL",
                        "SignatureStatus":  "Valid",
                        "Signature":  "Microsoft Windows",
                        "Hashes":  "MD5=C9BC0A91ED487783B2E0E98599F8FE73,SHA256=955F57E114F0D82CA227554DE2AAFB025A73229DE49C2D74B0688799C3D1C3EF",
                        "Image":  "C:\\Users\\Stage.Ali\\AppData\\Local\\Temp\\error.exe",
                        "UtcTime":  "2025-09-03 15:24:08.875",
                        "ProcessGuid":  "{f1988ae2-5d98-68b8-7500-000000001e00}",
                        "Company":  "Microsoft Corporation",
                        "ImageLoaded":  "C:\\Windows\\SysWOW64\\oleaut32.dll",
                        "FileVersion":  "10.0.19041.985 (WinBuild.160101.0800)",
                        "User":  "DESKTOP-KVSEOF0\\Stage.Ali",
                        "RuleName":  "-",
                        "Product":  "Microsoft® Windows® Operating System",
                        "ProcessId":  "4956",
                        "OriginalFileName":  "OLEAUT32.DLL",
                        "Signed":  "true"
                    }
    },
    {
        "EventId":  7,
        "TimeCreated":  "\/Date(1756913048891)\/",
        "ProcessGuid":  "{f1988ae2-5d98-68b8-7500-000000001e00}",
        "ProcessId":  "4956",
        "ParentProcessGuid":  null,
        "Image":  "C:\\Users\\Stage.Ali\\AppData\\Local\\Temp\\error.exe",
        "CommandLine":  null,
        "User":  "DESKTOP-KVSEOF0\\Stage.Ali",
        "TargetFilename":  null,
        "DestinationIp":  null,
        "DestinationPort":  null,
        "SourceIp":  null,
        "SourcePort":  null,
        "Protocol":  null,
        "QueryName":  null,
        "Details":  {
                        "Description":  "Microsoft Property System",
                        "SignatureStatus":  "Valid",
                        "Signature":  "Microsoft Windows",
                        "Hashes":  "MD5=D0BE9998E409F4A9F626B32C920F7D0E,SHA256=E6C98E01CFAA30E063691A5A5ED1726B26E885DDB6DCE3ABED909C6DE893D20E",
                        "Image":  "C:\\Users\\Stage.Ali\\AppData\\Local\\Temp\\error.exe",
                        "UtcTime":  "2025-09-03 15:24:08.844",
                        "ProcessGuid":  "{f1988ae2-5d98-68b8-7500-000000001e00}",
                        "Company":  "Microsoft Corporation",
                        "ImageLoaded":  "C:\\Windows\\SysWOW64\\propsys.dll",
                        "FileVersion":  "7.0.19041.1741 (WinBuild.160101.0800)",
                        "User":  "DESKTOP-KVSEOF0\\Stage.Ali",
                        "RuleName":  "-",
                        "Product":  "Windows® Search",
                        "ProcessId":  "4956",
                        "OriginalFileName":  "propsys.dll",
                        "Signed":  "true"
                    }
    },
    {
        "EventId":  7,
        "TimeCreated":  "\/Date(1756913048876)\/",
        "ProcessGuid":  "{f1988ae2-5d98-68b8-7500-000000001e00}",
        "ProcessId":  "4956",
        "ParentProcessGuid":  null,
        "Image":  "C:\\Users\\Stage.Ali\\AppData\\Local\\Temp\\error.exe",
        "CommandLine":  null,
        "User":  "DESKTOP-KVSEOF0\\Stage.Ali",
        "TargetFilename":  null,
        "DestinationIp":  null,
        "DestinationPort":  null,
        "SourceIp":  null,
        "SourcePort":  null,
        "Protocol":  null,
        "QueryName":  null,
        "Details":  {
                        "Description":  "Host for SCM/SDDL/LSA Lookup APIs",
                        "SignatureStatus":  "Valid",
                        "Signature":  "Microsoft Windows",
                        "Hashes":  "MD5=B68B7D84B8A216E6219A65F7961FA219,SHA256=7F8E64B01C2E2012BF63B25EFA6FCBEBE6CF027A3322901E28185314AF39A86E",
                        "Image":  "C:\\Users\\Stage.Ali\\AppData\\Local\\Temp\\error.exe",
                        "UtcTime":  "2025-09-03 15:24:08.813",
                        "ProcessGuid":  "{f1988ae2-5d98-68b8-7500-000000001e00}",
                        "Company":  "Microsoft Corporation",
                        "ImageLoaded":  "C:\\Windows\\SysWOW64\\sechost.dll",
                        "FileVersion":  "10.0.19041.1865 (WinBuild.160101.0800)",
                        "User":  "DESKTOP-KVSEOF0\\Stage.Ali",
                        "RuleName":  "-",
                        "Product":  "Microsoft® Windows® Operating System",
                        "ProcessId":  "4956",
                        "OriginalFileName":  "sechost.dll",
                        "Signed":  "true"
                    }
    },
    {
        "EventId":  7,
        "TimeCreated":  "\/Date(1756913048870)\/",
        "ProcessGuid":  "{f1988ae2-5d98-68b8-7500-000000001e00}",
        "ProcessId":  "4956",
        "ParentProcessGuid":  null,
        "Image":  "C:\\Users\\Stage.Ali\\AppData\\Local\\Temp\\error.exe",
        "CommandLine":  null,
        "User":  "DESKTOP-KVSEOF0\\Stage.Ali",
        "TargetFilename":  null,
        "DestinationIp":  null,
        "DestinationPort":  null,
        "SourceIp":  null,
        "SourcePort":  null,
        "Protocol":  null,
        "QueryName":  null,
        "Details":  {
                        "Description":  "Advanced Windows 32 Base API",
                        "SignatureStatus":  "Valid",
                        "Signature":  "Microsoft Windows",
                        "Hashes":  "MD5=DDE0A7C9AC38A37EB4E50E0EE631007B,SHA256=32356584FF057C325D6CDDF04870476A6D850B7AE811A84A964F6023522BB383",
                        "Image":  "C:\\Users\\Stage.Ali\\AppData\\Local\\Temp\\error.exe",
                        "UtcTime":  "2025-09-03 15:24:08.795",
                        "ProcessGuid":  "{f1988ae2-5d98-68b8-7500-000000001e00}",
                        "Company":  "Microsoft Corporation",
                        "ImageLoaded":  "C:\\Windows\\SysWOW64\\advapi32.dll",
                        "FileVersion":  "10.0.19041.1682 (WinBuild.160101.0800)",
                        "User":  "DESKTOP-KVSEOF0\\Stage.Ali",
                        "RuleName":  "-",
                        "Product":  "Microsoft® Windows® Operating System",
                        "ProcessId":  "4956",
                        "OriginalFileName":  "advapi32.dll",
                        "Signed":  "true"
                    }
    },
    {
        "EventId":  7,
        "TimeCreated":  "\/Date(1756913048860)\/",
        "ProcessGuid":  "{f1988ae2-5d98-68b8-7500-000000001e00}",
        "ProcessId":  "4956",
        "ParentProcessGuid":  null,
        "Image":  "C:\\Users\\Stage.Ali\\AppData\\Local\\Temp\\error.exe",
        "CommandLine":  null,
        "User":  "DESKTOP-KVSEOF0\\Stage.Ali",
        "TargetFilename":  null,
        "DestinationIp":  null,
        "DestinationPort":  null,
        "SourceIp":  null,
        "SourcePort":  null,
        "Protocol":  null,
        "QueryName":  null,
        "Details":  {
                        "Description":  "Windows Lockdown Policy",
                        "SignatureStatus":  "Valid",
                        "Signature":  "Microsoft Windows",
                        "Hashes":  "MD5=4B2A91690065EF49E347387AC94CA461,SHA256=45A62CFA448831E7F0C2F6DCCB710DD96DFA612F5F0B2787C827B689772E9CC1",
                        "Image":  "C:\\Users\\Stage.Ali\\AppData\\Local\\Temp\\error.exe",
                        "UtcTime":  "2025-09-03 15:24:08.747",
                        "ProcessGuid":  "{f1988ae2-5d98-68b8-7500-000000001e00}",
                        "Company":  "Microsoft Corporation",
                        "ImageLoaded":  "C:\\Windows\\SysWOW64\\wldp.dll",
                        "FileVersion":  "10.0.19041.1949 (WinBuild.160101.0800)",
                        "User":  "DESKTOP-KVSEOF0\\Stage.Ali",
                        "RuleName":  "-",
                        "Product":  "Microsoft® Windows® Operating System",
                        "ProcessId":  "4956",
                        "OriginalFileName":  "wldp.dll",
                        "Signed":  "true"
                    }
    },
    {
        "EventId":  7,
        "TimeCreated":  "\/Date(1756913048846)\/",
        "ProcessGuid":  "{f1988ae2-5d98-68b8-7500-000000001e00}",
        "ProcessId":  "4956",
        "ParentProcessGuid":  null,
        "Image":  "C:\\Users\\Stage.Ali\\AppData\\Local\\Temp\\error.exe",
        "CommandLine":  null,
        "User":  "DESKTOP-KVSEOF0\\Stage.Ali",
        "TargetFilename":  null,
        "DestinationIp":  null,
        "DestinationPort":  null,
        "SourceIp":  null,
        "SourcePort":  null,
        "Protocol":  null,
        "QueryName":  null,
        "Details":  {
                        "Description":  "Microsoft WinRT Storage API",
                        "SignatureStatus":  "Valid",
                        "Signature":  "Microsoft Windows",
                        "Hashes":  "MD5=EC0EA3DA3D38C8FC51B6C6B3FCBF8A75,SHA256=C68985EA4A71FA531741B6B434D5D8D0DC9AD8D32BCB0061D7D4CF5BAED765FD",
                        "Image":  "C:\\Users\\Stage.Ali\\AppData\\Local\\Temp\\error.exe",
                        "UtcTime":  "2025-09-03 15:24:08.747",
                        "ProcessGuid":  "{f1988ae2-5d98-68b8-7500-000000001e00}",
                        "Company":  "Microsoft Corporation",
                        "ImageLoaded":  "C:\\Windows\\SysWOW64\\windows.storage.dll",
                        "FileVersion":  "10.0.19041.1949 (WinBuild.160101.0800)",
                        "User":  "DESKTOP-KVSEOF0\\Stage.Ali",
                        "RuleName":  "-",
                        "Product":  "Microsoft® Windows® Operating System",
                        "ProcessId":  "4956",
                        "OriginalFileName":  "Windows.Storage.dll",
                        "Signed":  "true"
                    }
    },
    {
        "EventId":  7,
        "TimeCreated":  "\/Date(1756913048704)\/",
        "ProcessGuid":  "{f1988ae2-5d98-68b8-7500-000000001e00}",
        "ProcessId":  "4956",
        "ParentProcessGuid":  null,
        "Image":  "C:\\Users\\Stage.Ali\\AppData\\Local\\Temp\\error.exe",
        "CommandLine":  null,
        "User":  "DESKTOP-KVSEOF0\\Stage.Ali",
        "TargetFilename":  null,
        "DestinationIp":  null,
        "DestinationPort":  null,
        "SourceIp":  null,
        "SourcePort":  null,
        "Protocol":  null,
        "QueryName":  null,
        "Details":  {
                        "Description":  "SHCORE",
                        "SignatureStatus":  "Valid",
                        "Signature":  "Microsoft Windows",
                        "Hashes":  "MD5=2CE82BD239A502E5317D78978FCE3671,SHA256=66B6F29A092AB5B20DB60BD19F27816022F1775526B8E8848A4033DB80CA316A",
                        "Image":  "C:\\Users\\Stage.Ali\\AppData\\Local\\Temp\\error.exe",
                        "UtcTime":  "2025-09-03 15:24:08.654",
                        "ProcessGuid":  "{f1988ae2-5d98-68b8-7500-000000001e00}",
                        "Company":  "Microsoft Corporation",
                        "ImageLoaded":  "C:\\Windows\\SysWOW64\\SHCore.dll",
                        "FileVersion":  "10.0.19041.1645 (WinBuild.160101.0800)",
                        "User":  "DESKTOP-KVSEOF0\\Stage.Ali",
                        "RuleName":  "-",
                        "Product":  "Microsoft® Windows® Operating System",
                        "ProcessId":  "4956",
                        "OriginalFileName":  "SHCORE.dll",
                        "Signed":  "true"
                    }
    },
    {
        "EventId":  7,
        "TimeCreated":  "\/Date(1756913048665)\/",
        "ProcessGuid":  "{f1988ae2-5d98-68b8-7500-000000001e00}",
        "ProcessId":  "4956",
        "ParentProcessGuid":  null,
        "Image":  "C:\\Users\\Stage.Ali\\AppData\\Local\\Temp\\error.exe",
        "CommandLine":  null,
        "User":  "DESKTOP-KVSEOF0\\Stage.Ali",
        "TargetFilename":  null,
        "DestinationIp":  null,
        "DestinationPort":  null,
        "SourceIp":  null,
        "SourcePort":  null,
        "Protocol":  null,
        "QueryName":  null,
        "Details":  {
                        "Description":  "Windows Cryptographic Primitives Library",
                        "SignatureStatus":  "Valid",
                        "Signature":  "Microsoft Windows",
                        "Hashes":  "MD5=D3836E31C326513F7C034987A5F3854E,SHA256=70862E0761DF117A149D536FB333356902B6DEA0CE68E2E6FC061E22DF748A51",
                        "Image":  "C:\\Users\\Stage.Ali\\AppData\\Local\\Temp\\error.exe",
                        "UtcTime":  "2025-09-03 15:24:08.652",
                        "ProcessGuid":  "{f1988ae2-5d98-68b8-7500-000000001e00}",
                        "Company":  "Microsoft Corporation",
                        "ImageLoaded":  "C:\\Windows\\SysWOW64\\bcryptprimitives.dll",
                        "FileVersion":  "10.0.19041.1415 (WinBuild.160101.0800)",
                        "User":  "DESKTOP-KVSEOF0\\Stage.Ali",
                        "RuleName":  "-",
                        "Product":  "Microsoft® Windows® Operating System",
                        "ProcessId":  "4956",
                        "OriginalFileName":  "bcryptprimitives.dll",
                        "Signed":  "true"
                    }
    },
    {
        "EventId":  7,
        "TimeCreated":  "\/Date(1756913048659)\/",
        "ProcessGuid":  "{f1988ae2-5d98-68b8-7500-000000001e00}",
        "ProcessId":  "4956",
        "ParentProcessGuid":  null,
        "Image":  "C:\\Users\\Stage.Ali\\AppData\\Local\\Temp\\error.exe",
        "CommandLine":  null,
        "User":  "DESKTOP-KVSEOF0\\Stage.Ali",
        "TargetFilename":  null,
        "DestinationIp":  null,
        "DestinationPort":  null,
        "SourceIp":  null,
        "SourcePort":  null,
        "Protocol":  null,
        "QueryName":  null,
        "Details":  {
                        "Description":  "AppModel API Host",
                        "SignatureStatus":  "Valid",
                        "Signature":  "Microsoft Windows",
                        "Hashes":  "MD5=537504FFB328C6AA752E1EAE14E93402,SHA256=8CECE4A563C2150B37B4AE402CFB9EB782DB14E03B260F4D13B88FB85BDFB31C",
                        "Image":  "C:\\Users\\Stage.Ali\\AppData\\Local\\Temp\\error.exe",
                        "UtcTime":  "2025-09-03 15:24:08.622",
                        "ProcessGuid":  "{f1988ae2-5d98-68b8-7500-000000001e00}",
                        "Company":  "Microsoft Corporation",
                        "ImageLoaded":  "C:\\Windows\\SysWOW64\\kernel.appcore.dll",
                        "FileVersion":  "10.0.19041.546 (WinBuild.160101.0800)",
                        "User":  "DESKTOP-KVSEOF0\\Stage.Ali",
                        "RuleName":  "-",
                        "Product":  "Microsoft® Windows® Operating System",
                        "ProcessId":  "4956",
                        "OriginalFileName":  "kernel.appcore.dll",
                        "Signed":  "true"
                    }
    },
    {
        "EventId":  7,
        "TimeCreated":  "\/Date(1756913048604)\/",
        "ProcessGuid":  "{f1988ae2-5d98-68b8-7500-000000001e00}",
        "ProcessId":  "4956",
        "ParentProcessGuid":  null,
        "Image":  "C:\\Users\\Stage.Ali\\AppData\\Local\\Temp\\error.exe",
        "CommandLine":  null,
        "User":  "DESKTOP-KVSEOF0\\Stage.Ali",
        "TargetFilename":  null,
        "DestinationIp":  null,
        "DestinationPort":  null,
        "SourceIp":  null,
        "SourcePort":  null,
        "Protocol":  null,
        "QueryName":  null,
        "Details":  {
                        "Description":  "MCI API DLL",
                        "SignatureStatus":  "Valid",
                        "Signature":  "Microsoft Windows",
                        "Hashes":  "MD5=912A6E1B7492A9BF32CA6CF4F5982BA0,SHA256=921A0CE5A77CC5E9E2E0F4D2825FD5142F6F055502DD6367E659032395C6FF28",
                        "Image":  "C:\\Users\\Stage.Ali\\AppData\\Local\\Temp\\error.exe",
                        "UtcTime":  "2025-09-03 15:24:08.576",
                        "ProcessGuid":  "{f1988ae2-5d98-68b8-7500-000000001e00}",
                        "Company":  "Microsoft Corporation",
                        "ImageLoaded":  "C:\\Windows\\SysWOW64\\winmm.dll",
                        "FileVersion":  "10.0.19041.546 (WinBuild.160101.0800)",
                        "User":  "DESKTOP-KVSEOF0\\Stage.Ali",
                        "RuleName":  "-",
                        "Product":  "Microsoft® Windows® Operating System",
                        "ProcessId":  "4956",
                        "OriginalFileName":  "WINMM.DLL",
                        "Signed":  "true"
                    }
    },
    {
        "EventId":  7,
        "TimeCreated":  "\/Date(1756913048503)\/",
        "ProcessGuid":  "{f1988ae2-5d98-68b8-7500-000000001e00}",
        "ProcessId":  "4956",
        "ParentProcessGuid":  null,
        "Image":  "C:\\Users\\Stage.Ali\\AppData\\Local\\Temp\\error.exe",
        "CommandLine":  null,
        "User":  "DESKTOP-KVSEOF0\\Stage.Ali",
        "TargetFilename":  null,
        "DestinationIp":  null,
        "DestinationPort":  null,
        "SourceIp":  null,
        "SourcePort":  null,
        "Protocol":  null,
        "QueryName":  null,
        "Details":  {
                        "Description":  "Shell Light-weight Utility Library",
                        "SignatureStatus":  "Valid",
                        "Signature":  "Microsoft Windows",
                        "Hashes":  "MD5=9C1F7CB888C87EC00146BA0EAA6A9A1F,SHA256=0DD77EE683AFD8F3275651888790D58942C3B1D24F15E209D148786F3C25DB80",
                        "Image":  "C:\\Users\\Stage.Ali\\AppData\\Local\\Temp\\error.exe",
                        "UtcTime":  "2025-09-03 15:24:08.435",
                        "ProcessGuid":  "{f1988ae2-5d98-68b8-7500-000000001e00}",
                        "Company":  "Microsoft Corporation",
                        "ImageLoaded":  "C:\\Windows\\SysWOW64\\shlwapi.dll",
                        "FileVersion":  "10.0.19041.1706 (WinBuild.160101.0800)",
                        "User":  "DESKTOP-KVSEOF0\\Stage.Ali",
                        "RuleName":  "-",
                        "Product":  "Microsoft® Windows® Operating System",
                        "ProcessId":  "4956",
                        "OriginalFileName":  "SHLWAPI.DLL",
                        "Signed":  "true"
                    }
    },
    {
        "EventId":  7,
        "TimeCreated":  "\/Date(1756913048499)\/",
        "ProcessGuid":  "{f1988ae2-5d98-68b8-7500-000000001e00}",
        "ProcessId":  "4956",
        "ParentProcessGuid":  null,
        "Image":  "C:\\Users\\Stage.Ali\\AppData\\Local\\Temp\\error.exe",
        "CommandLine":  null,
        "User":  "DESKTOP-KVSEOF0\\Stage.Ali",
        "TargetFilename":  null,
        "DestinationIp":  null,
        "DestinationPort":  null,
        "SourceIp":  null,
        "SourcePort":  null,
        "Protocol":  null,
        "QueryName":  null,
        "Details":  {
                        "Description":  "Windows Shell Common Dll",
                        "SignatureStatus":  "Valid",
                        "Signature":  "Microsoft Windows",
                        "Hashes":  "MD5=6F62CC2C44A10DC6A09D24593D51644A,SHA256=907CAE9C96FD13DE4E0592BE9B25A214D22A4F452E8BAE80C860EF5418029D29",
                        "Image":  "C:\\Users\\Stage.Ali\\AppData\\Local\\Temp\\error.exe",
                        "UtcTime":  "2025-09-03 15:24:08.391",
                        "ProcessGuid":  "{f1988ae2-5d98-68b8-7500-000000001e00}",
                        "Company":  "Microsoft Corporation",
                        "ImageLoaded":  "C:\\Windows\\SysWOW64\\shell32.dll",
                        "FileVersion":  "10.0.19041.1949 (WinBuild.160101.0800)",
                        "User":  "DESKTOP-KVSEOF0\\Stage.Ali",
                        "RuleName":  "-",
                        "Product":  "Microsoft® Windows® Operating System",
                        "ProcessId":  "4956",
                        "OriginalFileName":  "SHELL32.DLL",
                        "Signed":  "true"
                    }
    },
    {
        "EventId":  7,
        "TimeCreated":  "\/Date(1756913048426)\/",
        "ProcessGuid":  "{f1988ae2-5d98-68b8-7500-000000001e00}",
        "ProcessId":  "4956",
        "ParentProcessGuid":  null,
        "Image":  "C:\\Users\\Stage.Ali\\AppData\\Local\\Temp\\error.exe",
        "CommandLine":  null,
        "User":  "DESKTOP-KVSEOF0\\Stage.Ali",
        "TargetFilename":  null,
        "DestinationIp":  null,
        "DestinationPort":  null,
        "SourceIp":  null,
        "SourcePort":  null,
        "Protocol":  null,
        "QueryName":  null,
        "Details":  {
                        "Description":  "Microsoft COM for Windows",
                        "SignatureStatus":  "Valid",
                        "Signature":  "Microsoft Windows",
                        "Hashes":  "MD5=03EC170067BB2A92AA1FD4C07D76E01C,SHA256=BEBDA725771D1427749443777879B83AA8043AA4C90AFDA7381C939CC89CC80F",
                        "Image":  "C:\\Users\\Stage.Ali\\AppData\\Local\\Temp\\error.exe",
                        "UtcTime":  "2025-09-03 15:24:08.344",
                        "ProcessGuid":  "{f1988ae2-5d98-68b8-7500-000000001e00}",
                        "Company":  "Microsoft Corporation",
                        "ImageLoaded":  "C:\\Windows\\SysWOW64\\combase.dll",
                        "FileVersion":  "10.0.19041.1949 (WinBuild.160101.0800)",
                        "User":  "DESKTOP-KVSEOF0\\Stage.Ali",
                        "RuleName":  "-",
                        "Product":  "Microsoft® Windows® Operating System",
                        "ProcessId":  "4956",
                        "OriginalFileName":  "COMBASE.DLL",
                        "Signed":  "true"
                    }
    },
    {
        "EventId":  7,
        "TimeCreated":  "\/Date(1756913048414)\/",
        "ProcessGuid":  "{f1988ae2-5d98-68b8-7500-000000001e00}",
        "ProcessId":  "4956",
        "ParentProcessGuid":  null,
        "Image":  "C:\\Users\\Stage.Ali\\AppData\\Local\\Temp\\error.exe",
        "CommandLine":  null,
        "User":  "DESKTOP-KVSEOF0\\Stage.Ali",
        "TargetFilename":  null,
        "DestinationIp":  null,
        "DestinationPort":  null,
        "SourceIp":  null,
        "SourcePort":  null,
        "Protocol":  null,
        "QueryName":  null,
        "Details":  {
                        "Description":  "Remote Procedure Call Runtime",
                        "SignatureStatus":  "Valid",
                        "Signature":  "Microsoft Windows",
                        "Hashes":  "MD5=0BAD28A4D78585E109D907B498EA05E3,SHA256=1EB14005EAE67C2D5E84A35335C80E7D88DD6226AC4D5CF7827C697FF2473FA8",
                        "Image":  "C:\\Users\\Stage.Ali\\AppData\\Local\\Temp\\error.exe",
                        "UtcTime":  "2025-09-03 15:24:08.344",
                        "ProcessGuid":  "{f1988ae2-5d98-68b8-7500-000000001e00}",
                        "Company":  "Microsoft Corporation",
                        "ImageLoaded":  "C:\\Windows\\SysWOW64\\rpcrt4.dll",
                        "FileVersion":  "10.0.19041.1806 (WinBuild.160101.0800)",
                        "User":  "DESKTOP-KVSEOF0\\Stage.Ali",
                        "RuleName":  "-",
                        "Product":  "Microsoft® Windows® Operating System",
                        "ProcessId":  "4956",
                        "OriginalFileName":  "rpcrt4.dll",
                        "Signed":  "true"
                    }
    },
    {
        "EventId":  7,
        "TimeCreated":  "\/Date(1756913048408)\/",
        "ProcessGuid":  "{f1988ae2-5d98-68b8-7500-000000001e00}",
        "ProcessId":  "4956",
        "ParentProcessGuid":  null,
        "Image":  "C:\\Users\\Stage.Ali\\AppData\\Local\\Temp\\error.exe",
        "CommandLine":  null,
        "User":  "DESKTOP-KVSEOF0\\Stage.Ali",
        "TargetFilename":  null,
        "DestinationIp":  null,
        "DestinationPort":  null,
        "SourceIp":  null,
        "SourcePort":  null,
        "Protocol":  null,
        "QueryName":  null,
        "Details":  {
                        "Description":  "Microsoft OLE for Windows",
                        "SignatureStatus":  "Valid",
                        "Signature":  "Microsoft Windows",
                        "Hashes":  "MD5=1A66350961455C2D9A83440D69F8F20A,SHA256=E278DD069155F90724457D9F5A6D2C1870D766310D026B0D18748C7CB879DF54",
                        "Image":  "C:\\Users\\Stage.Ali\\AppData\\Local\\Temp\\error.exe",
                        "UtcTime":  "2025-09-03 15:24:08.332",
                        "ProcessGuid":  "{f1988ae2-5d98-68b8-7500-000000001e00}",
                        "Company":  "Microsoft Corporation",
                        "ImageLoaded":  "C:\\Windows\\SysWOW64\\ole32.dll",
                        "FileVersion":  "10.0.19041.1202 (WinBuild.160101.0800)",
                        "User":  "DESKTOP-KVSEOF0\\Stage.Ali",
                        "RuleName":  "-",
                        "Product":  "Microsoft® Windows® Operating System",
                        "ProcessId":  "4956",
                        "OriginalFileName":  "OLE32.DLL",
                        "Signed":  "true"
                    }
    },
    {
        "EventId":  7,
        "TimeCreated":  "\/Date(1756913048396)\/",
        "ProcessGuid":  "{f1988ae2-5d98-68b8-7500-000000001e00}",
        "ProcessId":  "4956",
        "ParentProcessGuid":  null,
        "Image":  "C:\\Users\\Stage.Ali\\AppData\\Local\\Temp\\error.exe",
        "CommandLine":  null,
        "User":  "DESKTOP-KVSEOF0\\Stage.Ali",
        "TargetFilename":  null,
        "DestinationIp":  null,
        "DestinationPort":  null,
        "SourceIp":  null,
        "SourcePort":  null,
        "Protocol":  null,
        "QueryName":  null,
        "Details":  {
                        "Description":  "Multi-User Windows USER API Client DLL",
                        "SignatureStatus":  "Valid",
                        "Signature":  "Microsoft Windows",
                        "Hashes":  "MD5=2E8AB67DC55089DFBCBFA7710BD15B07,SHA256=2BCC4FD8A4D3C4033A81702E1B685860BE78D6F1A7E980F2E7593C59656F2706",
                        "Image":  "C:\\Users\\Stage.Ali\\AppData\\Local\\Temp\\error.exe",
                        "UtcTime":  "2025-09-03 15:24:08.309",
                        "ProcessGuid":  "{f1988ae2-5d98-68b8-7500-000000001e00}",
                        "Company":  "Microsoft Corporation",
                        "ImageLoaded":  "C:\\Windows\\SysWOW64\\user32.dll",
                        "FileVersion":  "10.0.19041.2006 (WinBuild.160101.0800)",
                        "User":  "DESKTOP-KVSEOF0\\Stage.Ali",
                        "RuleName":  "-",
                        "Product":  "Microsoft® Windows® Operating System",
                        "ProcessId":  "4956",
                        "OriginalFileName":  "user32",
                        "Signed":  "true"
                    }
    },
    {
        "EventId":  7,
        "TimeCreated":  "\/Date(1756913048395)\/",
        "ProcessGuid":  "{f1988ae2-5d98-68b8-7500-000000001e00}",
        "ProcessId":  "4956",
        "ParentProcessGuid":  null,
        "Image":  "C:\\Users\\Stage.Ali\\AppData\\Local\\Temp\\error.exe",
        "CommandLine":  null,
        "User":  "DESKTOP-KVSEOF0\\Stage.Ali",
        "TargetFilename":  null,
        "DestinationIp":  null,
        "DestinationPort":  null,
        "SourceIp":  null,
        "SourcePort":  null,
        "Protocol":  null,
        "QueryName":  null,
        "Details":  {
                        "Description":  "Multi-User Windows USER API Client DLL",
                        "SignatureStatus":  "Valid",
                        "Signature":  "Microsoft Windows",
                        "Hashes":  "MD5=2E8AB67DC55089DFBCBFA7710BD15B07,SHA256=2BCC4FD8A4D3C4033A81702E1B685860BE78D6F1A7E980F2E7593C59656F2706",
                        "Image":  "C:\\Users\\Stage.Ali\\AppData\\Local\\Temp\\error.exe",
                        "UtcTime":  "2025-09-03 15:24:08.309",
                        "ProcessGuid":  "{f1988ae2-5d98-68b8-7500-000000001e00}",
                        "Company":  "Microsoft Corporation",
                        "ImageLoaded":  "C:\\Windows\\SysWOW64\\user32.dll",
                        "FileVersion":  "10.0.19041.2006 (WinBuild.160101.0800)",
                        "User":  "DESKTOP-KVSEOF0\\Stage.Ali",
                        "RuleName":  "-",
                        "Product":  "Microsoft® Windows® Operating System",
                        "ProcessId":  "4956",
                        "OriginalFileName":  "user32",
                        "Signed":  "true"
                    }
    },
    {
        "EventId":  7,
        "TimeCreated":  "\/Date(1756913048371)\/",
        "ProcessGuid":  "{f1988ae2-5d98-68b8-7500-000000001e00}",
        "ProcessId":  "4956",
        "ParentProcessGuid":  null,
        "Image":  "C:\\Users\\Stage.Ali\\AppData\\Local\\Temp\\error.exe",
        "CommandLine":  null,
        "User":  "DESKTOP-KVSEOF0\\Stage.Ali",
        "TargetFilename":  null,
        "DestinationIp":  null,
        "DestinationPort":  null,
        "SourceIp":  null,
        "SourcePort":  null,
        "Protocol":  null,
        "QueryName":  null,
        "Details":  {
                        "Description":  "Microsoft® C Runtime Library",
                        "SignatureStatus":  "Valid",
                        "Signature":  "Microsoft Windows",
                        "Hashes":  "MD5=DF160B9471E9CE9AA4EFCFE625673310,SHA256=C8DBD811BB85D7E17D457C7938C15EF39DBDE395F82E967387E082F2C9860748",
                        "Image":  "C:\\Users\\Stage.Ali\\AppData\\Local\\Temp\\error.exe",
                        "UtcTime":  "2025-09-03 15:24:08.262",
                        "ProcessGuid":  "{f1988ae2-5d98-68b8-7500-000000001e00}",
                        "Company":  "Microsoft Corporation",
                        "ImageLoaded":  "C:\\Windows\\SysWOW64\\ucrtbase.dll",
                        "FileVersion":  "10.0.19041.789 (WinBuild.160101.0800)",
                        "User":  "DESKTOP-KVSEOF0\\Stage.Ali",
                        "RuleName":  "-",
                        "Product":  "Microsoft® Windows® Operating System",
                        "ProcessId":  "4956",
                        "OriginalFileName":  "ucrtbase.dll",
                        "Signed":  "true"
                    }
    },
