    {
        "EventId":  7,
        "TimeCreated":  "\/Date(1756913047419)\/",
        "ProcessGuid":  "{f1988ae2-5d97-68b8-7300-000000001e00}",
        "ProcessId":  "4512",
        "ParentProcessGuid":  null,
        "Image":  "C:\\Users\\Stage.Ali\\Desktop\\Malware\\85e1cebb33b89a3d4d0d73344272bfdc74da38cf540721bb8426c23a7f444241.exe",
        "CommandLine":  null,
        "User":  "DESKTOP-KVSEOF0\\Stage.Ali",
        "TargetFilename":  null,
        "DestinationIp":  null,
        "DestinationPort":  null,
        "SourceIp":  null,
        "SourcePort":  null,
        "Protocol":  null,
        "QueryName":  null,
        "Details":  {
                        "Description":  "Windows NT BASE API Client DLL",
                        "SignatureStatus":  "Valid",
                        "Signature":  "Microsoft Windows",
                        "Hashes":  "MD5=F7110F4E43AF6DA3F8313467BF27B336,SHA256=B282D597CC4C16EB645CE29B900A5AEAFC5A647EC98ED32380656CA4348A6E78",
                        "Image":  "C:\\Users\\Stage.Ali\\Desktop\\Malware\\85e1cebb33b89a3d4d0d73344272bfdc74da38cf540721bb8426c23a7f444241.exe",
                        "UtcTime":  "2025-09-03 15:24:07.403",
                        "ProcessGuid":  "{f1988ae2-5d97-68b8-7300-000000001e00}",
                        "Company":  "Microsoft Corporation",
                        "ImageLoaded":  "C:\\Windows\\System32\\kernel32.dll",
                        "FileVersion":  "10.0.19041.1889 (WinBuild.160101.0800)",
                        "User":  "DESKTOP-KVSEOF0\\Stage.Ali",
                        "RuleName":  "-",
                        "Product":  "Microsoft® Windows® Operating System",
                        "ProcessId":  "4512",
                        "OriginalFileName":  "kernel32",
                        "Signed":  "true"
                    }
    },
    {
        "EventId":  7,
        "TimeCreated":  "\/Date(1756913047419)\/",
        "ProcessGuid":  "{f1988ae2-5d97-68b8-7300-000000001e00}",
        "ProcessId":  "4512",
        "ParentProcessGuid":  null,
        "Image":  "C:\\Users\\Stage.Ali\\Desktop\\Malware\\85e1cebb33b89a3d4d0d73344272bfdc74da38cf540721bb8426c23a7f444241.exe",
        "CommandLine":  null,
        "User":  "DESKTOP-KVSEOF0\\Stage.Ali",
        "TargetFilename":  null,
        "DestinationIp":  null,
        "DestinationPort":  null,
        "SourceIp":  null,
        "SourcePort":  null,
        "Protocol":  null,
        "QueryName":  null,
        "Details":  {
                        "Description":  "Microsoft .NET Runtime Execution Engine",
                        "SignatureStatus":  "Valid",
                        "Signature":  "Microsoft Windows",
                        "Hashes":  "MD5=D5971EF71DE1BDD46D537203ABFCC756,SHA256=8828DE042D008783BA5B31C82935A3ED38D5996927C3399B3E1FC6FE723FC84E",
                        "Image":  "C:\\Users\\Stage.Ali\\Desktop\\Malware\\85e1cebb33b89a3d4d0d73344272bfdc74da38cf540721bb8426c23a7f444241.exe",
                        "UtcTime":  "2025-09-03 15:24:07.403",
                        "ProcessGuid":  "{f1988ae2-5d97-68b8-7300-000000001e00}",
                        "Company":  "Microsoft Corporation",
                        "ImageLoaded":  "C:\\Windows\\System32\\mscoree.dll",
                        "FileVersion":  "10.0.19041.1 (WinBuild.160101.0800)",
                        "User":  "DESKTOP-KVSEOF0\\Stage.Ali",
                        "RuleName":  "-",
                        "Product":  "Microsoft® Windows® Operating System",
                        "ProcessId":  "4512",
                        "OriginalFileName":  "mscoree.dll",
                        "Signed":  "true"
                    }
    },
    {
        "EventId":  7,
        "TimeCreated":  "\/Date(1756913047418)\/",
        "ProcessGuid":  "{f1988ae2-5d97-68b8-7300-000000001e00}",
        "ProcessId":  "4512",
        "ParentProcessGuid":  null,
        "Image":  "C:\\Users\\Stage.Ali\\Desktop\\Malware\\85e1cebb33b89a3d4d0d73344272bfdc74da38cf540721bb8426c23a7f444241.exe",
        "CommandLine":  null,
        "User":  "DESKTOP-KVSEOF0\\Stage.Ali",
        "TargetFilename":  null,
        "DestinationIp":  null,
        "DestinationPort":  null,
        "SourceIp":  null,
        "SourcePort":  null,
        "Protocol":  null,
        "QueryName":  null,
        "Details":  {
                        "Description":  "NT Layer DLL",
                        "SignatureStatus":  "Valid",
                        "Signature":  "Microsoft Windows",
                        "Hashes":  "MD5=FFC0099CC499ABF355130F6334313504,SHA256=FBDFC8183DF435C2E981F868CB578CCA3B86A1FA6E76D8F5775E2EF22944A370",
                        "Image":  "C:\\Users\\Stage.Ali\\Desktop\\Malware\\85e1cebb33b89a3d4d0d73344272bfdc74da38cf540721bb8426c23a7f444241.exe",
                        "UtcTime":  "2025-09-03 15:24:07.403",
                        "ProcessGuid":  "{f1988ae2-5d97-68b8-7300-000000001e00}",
                        "Company":  "Microsoft Corporation",
                        "ImageLoaded":  "C:\\Windows\\System32\\ntdll.dll",
                        "FileVersion":  "10.0.19041.1949 (WinBuild.160101.0800)",
                        "User":  "DESKTOP-KVSEOF0\\Stage.Ali",
                        "RuleName":  "-",
                        "Product":  "Microsoft® Windows® Operating System",
                        "ProcessId":  "4512",
                        "OriginalFileName":  "ntdll.dll",
                        "Signed":  "true"
                    }
    }
]
