    {
        "EventId":  7,
        "TimeCreated":  "\/Date(1756913052970)\/",
        "ProcessGuid":  "{f1988ae2-5d9c-68b8-8a00-000000001e00}",
        "ProcessId":  "5680",
        "ParentProcessGuid":  null,
        "Image":  "C:\\Windows\\System32\\WerFault.exe",
        "CommandLine":  null,
        "User":  "DESKTOP-KVSEOF0\\Stage.Ali",
        "TargetFilename":  null,
        "DestinationIp":  null,
        "DestinationPort":  null,
        "SourceIp":  null,
        "SourcePort":  null,
        "Protocol":  null,
        "QueryName":  null,
        "Details":  {
                        "Description":  "-",
                        "SignatureStatus":  "Valid",
                        "Signature":  "Microsoft Windows",
                        "Hashes":  "MD5=8CDD866E0707A71952FBA8BE899B7512,SHA256=AB37401F78B29CC26DB5B27B3DC0CEC3C37CE99AD4E9DF6EBB54F4A239F30232",
                        "Image":  "C:\\Windows\\System32\\WerFault.exe",
                        "UtcTime":  "2025-09-03 15:24:12.952",
                        "ProcessGuid":  "{f1988ae2-5d9c-68b8-8a00-000000001e00}",
                        "Company":  "-",
                        "ImageLoaded":  "C:\\Windows\\System32\\umpdc.dll",
                        "FileVersion":  "-",
                        "User":  "DESKTOP-KVSEOF0\\Stage.Ali",
                        "RuleName":  "-",
                        "Product":  "-",
                        "ProcessId":  "5680",
                        "OriginalFileName":  "-",
                        "Signed":  "true"
                    }
    },
    {
        "EventId":  7,
        "TimeCreated":  "\/Date(1756913052970)\/",
        "ProcessGuid":  "{f1988ae2-5d9c-68b8-8a00-000000001e00}",
        "ProcessId":  "5680",
        "ParentProcessGuid":  null,
        "Image":  "C:\\Windows\\System32\\WerFault.exe",
        "CommandLine":  null,
        "User":  "DESKTOP-KVSEOF0\\Stage.Ali",
        "TargetFilename":  null,
        "DestinationIp":  null,
        "DestinationPort":  null,
        "SourceIp":  null,
        "SourcePort":  null,
        "Protocol":  null,
        "QueryName":  null,
        "Details":  {
                        "Description":  "Windows Core Debugging Helpers",
                        "SignatureStatus":  "Valid",
                        "Signature":  "Microsoft Windows",
                        "Hashes":  "MD5=9D185492F11BDE4A8C8804F9BCA3AA54,SHA256=0E35CE053DD59E12AED2883DE98612188131D353CDA5B31ADC3A432E0B90991E",
                        "Image":  "C:\\Windows\\System32\\WerFault.exe",
                        "UtcTime":  "2025-09-03 15:24:12.946",
                        "ProcessGuid":  "{f1988ae2-5d9c-68b8-8a00-000000001e00}",
                        "Company":  "Microsoft Corporation",
                        "ImageLoaded":  "C:\\Windows\\System32\\dbgcore.dll",
                        "FileVersion":  "10.0.19041.789 (WinBuild.160101.0800)",
                        "User":  "DESKTOP-KVSEOF0\\Stage.Ali",
                        "RuleName":  "-",
                        "Product":  "Microsoft® Windows® Operating System",
                        "ProcessId":  "5680",
                        "OriginalFileName":  "DBGCORE.DLL",
                        "Signed":  "true"
                    }
    },
    {
        "EventId":  7,
        "TimeCreated":  "\/Date(1756913052970)\/",
        "ProcessGuid":  "{f1988ae2-5d9c-68b8-8a00-000000001e00}",
        "ProcessId":  "5680",
        "ParentProcessGuid":  null,
        "Image":  "C:\\Windows\\System32\\WerFault.exe",
        "CommandLine":  null,
        "User":  "DESKTOP-KVSEOF0\\Stage.Ali",
        "TargetFilename":  null,
        "DestinationIp":  null,
        "DestinationPort":  null,
        "SourceIp":  null,
        "SourcePort":  null,
        "Protocol":  null,
        "QueryName":  null,
        "Details":  {
                        "Description":  "Windows User Mode Crash Reporting DLL",
                        "SignatureStatus":  "Valid",
                        "Signature":  "Microsoft Windows",
                        "Hashes":  "MD5=75B83C0D34AA61F1491C4A740A47510C,SHA256=E6EA66C863CD8382A3A797DF40E1047751CF81E50491AA5B8F92195830987838",
                        "Image":  "C:\\Windows\\System32\\WerFault.exe",
                        "UtcTime":  "2025-09-03 15:24:12.946",
                        "ProcessGuid":  "{f1988ae2-5d9c-68b8-8a00-000000001e00}",
                        "Company":  "Microsoft Corporation",
                        "ImageLoaded":  "C:\\Windows\\System32\\Faultrep.dll",
                        "FileVersion":  "10.0.19041.1949 (WinBuild.160101.0800)",
                        "User":  "DESKTOP-KVSEOF0\\Stage.Ali",
                        "RuleName":  "-",
                        "Product":  "Microsoft® Windows® Operating System",
                        "ProcessId":  "5680",
                        "OriginalFileName":  "faultrep.dll",
                        "Signed":  "true"
                    }
    },
    {
        "EventId":  7,
        "TimeCreated":  "\/Date(1756913052969)\/",
        "ProcessGuid":  "{f1988ae2-5d9c-68b8-8a00-000000001e00}",
        "ProcessId":  "5680",
        "ParentProcessGuid":  null,
        "Image":  "C:\\Windows\\System32\\WerFault.exe",
        "CommandLine":  null,
        "User":  "DESKTOP-KVSEOF0\\Stage.Ali",
        "TargetFilename":  null,
        "DestinationIp":  null,
        "DestinationPort":  null,
        "SourceIp":  null,
        "SourcePort":  null,
        "Protocol":  null,
        "QueryName":  null,
        "Details":  {
                        "Description":  "Power Profile Helper DLL",
                        "SignatureStatus":  "Valid",
                        "Signature":  "Microsoft Windows",
                        "Hashes":  "MD5=D88B09A7546AD19622F643878AFB033F,SHA256=3F9674B385C0CFC4C93961620C6237499C1701CE76094DAB6F6E4E502E7881FC",
                        "Image":  "C:\\Windows\\System32\\WerFault.exe",
                        "UtcTime":  "2025-09-03 15:24:12.945",
                        "ProcessGuid":  "{f1988ae2-5d9c-68b8-8a00-000000001e00}",
                        "Company":  "Microsoft Corporation",
                        "ImageLoaded":  "C:\\Windows\\System32\\powrprof.dll",
                        "FileVersion":  "10.0.19041.546 (WinBuild.160101.0800)",
                        "User":  "DESKTOP-KVSEOF0\\Stage.Ali",
                        "RuleName":  "-",
                        "Product":  "Microsoft® Windows® Operating System",
                        "ProcessId":  "5680",
                        "OriginalFileName":  "POWRPROF.DLL",
                        "Signed":  "true"
                    }
    },
    {
        "EventId":  7,
        "TimeCreated":  "\/Date(1756913052968)\/",
        "ProcessGuid":  "{f1988ae2-5d9c-68b8-8a00-000000001e00}",
        "ProcessId":  "5680",
        "ParentProcessGuid":  null,
        "Image":  "C:\\Windows\\System32\\WerFault.exe",
        "CommandLine":  null,
        "User":  "DESKTOP-KVSEOF0\\Stage.Ali",
        "TargetFilename":  null,
        "DestinationIp":  null,
        "DestinationPort":  null,
        "SourceIp":  null,
        "SourcePort":  null,
        "Protocol":  null,
        "QueryName":  null,
        "Details":  {
                        "Description":  "Windows Image Helper",
                        "SignatureStatus":  "Valid",
                        "Signature":  "Microsoft Windows",
                        "Hashes":  "MD5=F55D823A1BD857307355D7D7125FB4B8,SHA256=72FCD4053C92CF8369997C2D1AFAE74E2FF53050A51F47813D849EAE41F8D38A",
                        "Image":  "C:\\Windows\\System32\\WerFault.exe",
                        "UtcTime":  "2025-09-03 15:24:12.945",
                        "ProcessGuid":  "{f1988ae2-5d9c-68b8-8a00-000000001e00}",
                        "Company":  "Microsoft Corporation",
                        "ImageLoaded":  "C:\\Windows\\System32\\dbghelp.dll",
                        "FileVersion":  "10.0.19041.867 (WinBuild.160101.0800)",
                        "User":  "DESKTOP-KVSEOF0\\Stage.Ali",
                        "RuleName":  "-",
                        "Product":  "Microsoft® Windows® Operating System",
                        "ProcessId":  "5680",
                        "OriginalFileName":  "DBGHELP.DLL",
                        "Signed":  "true"
                    }
    },
    {
        "EventId":  7,
        "TimeCreated":  "\/Date(1756913052967)\/",
        "ProcessGuid":  "{f1988ae2-5d9c-68b8-8a00-000000001e00}",
        "ProcessId":  "5680",
        "ParentProcessGuid":  null,
        "Image":  "C:\\Windows\\System32\\WerFault.exe",
        "CommandLine":  null,
        "User":  "DESKTOP-KVSEOF0\\Stage.Ali",
        "TargetFilename":  null,
        "DestinationIp":  null,
        "DestinationPort":  null,
        "SourceIp":  null,
        "SourcePort":  null,
        "Protocol":  null,
        "QueryName":  null,
        "Details":  {
                        "Description":  "Windows Error Reporting DLL",
                        "SignatureStatus":  "Valid",
                        "Signature":  "Microsoft Windows",
                        "Hashes":  "MD5=2A42B4D99262D64ED0146B24AFF6AB9D,SHA256=0E7411E7C94BC0F7E4EA058A351D98B6920CF27A17F05EDE4DB247045F01B4E8",
                        "Image":  "C:\\Windows\\System32\\WerFault.exe",
                        "UtcTime":  "2025-09-03 15:24:12.943",
                        "ProcessGuid":  "{f1988ae2-5d9c-68b8-8a00-000000001e00}",
                        "Company":  "Microsoft Corporation",
                        "ImageLoaded":  "C:\\Windows\\System32\\wer.dll",
                        "FileVersion":  "10.0.19041.1949 (WinBuild.160101.0800)",
                        "User":  "DESKTOP-KVSEOF0\\Stage.Ali",
                        "RuleName":  "-",
                        "Product":  "Microsoft® Windows® Operating System",
                        "ProcessId":  "5680",
                        "OriginalFileName":  "wer.dll",
                        "Signed":  "true"
                    }
    },
    {
        "EventId":  7,
        "TimeCreated":  "\/Date(1756913052967)\/",
        "ProcessGuid":  "{f1988ae2-5d9c-68b8-8a00-000000001e00}",
        "ProcessId":  "5680",
        "ParentProcessGuid":  null,
        "Image":  "C:\\Windows\\System32\\WerFault.exe",
        "CommandLine":  null,
        "User":  "DESKTOP-KVSEOF0\\Stage.Ali",
        "TargetFilename":  null,
        "DestinationIp":  null,
        "DestinationPort":  null,
        "SourceIp":  null,
        "SourcePort":  null,
        "Protocol":  null,
        "QueryName":  null,
        "Details":  {
                        "Description":  "Windows NT MARTA provider",
                        "SignatureStatus":  "Valid",
                        "Signature":  "Microsoft Windows",
                        "Hashes":  "MD5=3847505289CB4D4454F8DC5A866338A8,SHA256=B2EB064F3D70F08152E1845FBEEF64BE204FA44FA56D2E58A645E15DB5505011",
                        "Image":  "C:\\Windows\\System32\\WerFault.exe",
                        "UtcTime":  "2025-09-03 15:24:12.943",
                        "ProcessGuid":  "{f1988ae2-5d9c-68b8-8a00-000000001e00}",
                        "Company":  "Microsoft Corporation",
                        "ImageLoaded":  "C:\\Windows\\System32\\ntmarta.dll",
                        "FileVersion":  "10.0.19041.546 (WinBuild.160101.0800)",
                        "User":  "DESKTOP-KVSEOF0\\Stage.Ali",
                        "RuleName":  "-",
                        "Product":  "Microsoft® Windows® Operating System",
                        "ProcessId":  "5680",
                        "OriginalFileName":  "ntmarta.dll",
                        "Signed":  "true"
                    }
    },
    {
        "EventId":  7,
        "TimeCreated":  "\/Date(1756913052966)\/",
        "ProcessGuid":  "{f1988ae2-5d9c-68b8-8a00-000000001e00}",
        "ProcessId":  "5680",
        "ParentProcessGuid":  null,
        "Image":  "C:\\Windows\\System32\\WerFault.exe",
        "CommandLine":  null,
        "User":  "DESKTOP-KVSEOF0\\Stage.Ali",
        "TargetFilename":  null,
        "DestinationIp":  null,
        "DestinationPort":  null,
        "SourceIp":  null,
        "SourcePort":  null,
        "Protocol":  null,
        "QueryName":  null,
        "Details":  {
                        "Description":  "Cryptographic Service Provider API",
                        "SignatureStatus":  "Valid",
                        "Signature":  "Microsoft Windows",
                        "Hashes":  "MD5=A26D9BD5FE9F31F2D47F81EF95876749,SHA256=82027B8C6CE412F9C9731AF5E904291DAE944C3845EBFEF2AF86C8543C8AD5A7",
                        "Image":  "C:\\Windows\\System32\\WerFault.exe",
                        "UtcTime":  "2025-09-03 15:24:12.941",
                        "ProcessGuid":  "{f1988ae2-5d9c-68b8-8a00-000000001e00}",
                        "Company":  "Microsoft Corporation",
                        "ImageLoaded":  "C:\\Windows\\System32\\cryptsp.dll",
                        "FileVersion":  "10.0.19041.546 (WinBuild.160101.0800)",
                        "User":  "DESKTOP-KVSEOF0\\Stage.Ali",
                        "RuleName":  "-",
                        "Product":  "Microsoft® Windows® Operating System",
                        "ProcessId":  "5680",
                        "OriginalFileName":  "cryptsp.dll",
                        "Signed":  "true"
                    }
    },
    {
        "EventId":  7,
        "TimeCreated":  "\/Date(1756913052966)\/",
        "ProcessGuid":  "{f1988ae2-5d9c-68b8-8a00-000000001e00}",
        "ProcessId":  "5680",
        "ParentProcessGuid":  null,
        "Image":  "C:\\Windows\\System32\\WerFault.exe",
        "CommandLine":  null,
        "User":  "DESKTOP-KVSEOF0\\Stage.Ali",
        "TargetFilename":  null,
        "DestinationIp":  null,
        "DestinationPort":  null,
        "SourceIp":  null,
        "SourcePort":  null,
        "Protocol":  null,
        "QueryName":  null,
        "Details":  {
                        "Description":  "Windows Cryptographic Primitives Library",
                        "SignatureStatus":  "Valid",
                        "Signature":  "Microsoft Windows",
                        "Hashes":  "MD5=A4BE5153C4441FFEDA74AA99D4B2E830,SHA256=0F14BB6286686143D6192376C2F965D7E71A0C3FAE73773DA56A7FCD5E355F4D",
                        "Image":  "C:\\Windows\\System32\\WerFault.exe",
                        "UtcTime":  "2025-09-03 15:24:12.941",
                        "ProcessGuid":  "{f1988ae2-5d9c-68b8-8a00-000000001e00}",
                        "Company":  "Microsoft Corporation",
                        "ImageLoaded":  "C:\\Windows\\System32\\bcrypt.dll",
                        "FileVersion":  "10.0.19041.1023 (WinBuild.160101.0800)",
                        "User":  "DESKTOP-KVSEOF0\\Stage.Ali",
                        "RuleName":  "-",
                        "Product":  "Microsoft® Windows® Operating System",
                        "ProcessId":  "5680",
                        "OriginalFileName":  "bcrypt.dll",
                        "Signed":  "true"
                    }
    },
    {
        "EventId":  7,
        "TimeCreated":  "\/Date(1756913052966)\/",
        "ProcessGuid":  "{f1988ae2-5d9c-68b8-8a00-000000001e00}",
        "ProcessId":  "5680",
        "ParentProcessGuid":  null,
        "Image":  "C:\\Windows\\System32\\WerFault.exe",
        "CommandLine":  null,
        "User":  "DESKTOP-KVSEOF0\\Stage.Ali",
        "TargetFilename":  null,
        "DestinationIp":  null,
        "DestinationPort":  null,
        "SourceIp":  null,
        "SourcePort":  null,
        "Protocol":  null,
        "QueryName":  null,
        "Details":  {
                        "Description":  "SHCORE",
                        "SignatureStatus":  "Valid",
                        "Signature":  "Microsoft Windows",
                        "Hashes":  "MD5=230260C7B7C79E11EE1ED24C93AB5304,SHA256=030562A09391408D1A877951451A29A7BFFE3E88BF9DA9AF83E2ABC6A32B3EB2",
                        "Image":  "C:\\Windows\\System32\\WerFault.exe",
                        "UtcTime":  "2025-09-03 15:24:12.936",
                        "ProcessGuid":  "{f1988ae2-5d9c-68b8-8a00-000000001e00}",
                        "Company":  "Microsoft Corporation",
                        "ImageLoaded":  "C:\\Windows\\System32\\SHCore.dll",
                        "FileVersion":  "10.0.19041.1865 (WinBuild.160101.0800)",
                        "User":  "DESKTOP-KVSEOF0\\Stage.Ali",
                        "RuleName":  "-",
                        "Product":  "Microsoft® Windows® Operating System",
                        "ProcessId":  "5680",
                        "OriginalFileName":  "SHCORE.dll",
                        "Signed":  "true"
                    }
    },
    {
        "EventId":  7,
        "TimeCreated":  "\/Date(1756913052941)\/",
        "ProcessGuid":  "{f1988ae2-5d9c-68b8-8a00-000000001e00}",
        "ProcessId":  "5680",
        "ParentProcessGuid":  null,
        "Image":  "C:\\Windows\\System32\\WerFault.exe",
        "CommandLine":  null,
        "User":  "DESKTOP-KVSEOF0\\Stage.Ali",
        "TargetFilename":  null,
        "DestinationIp":  null,
        "DestinationPort":  null,
        "SourceIp":  null,
        "SourcePort":  null,
        "Protocol":  null,
        "QueryName":  null,
        "Details":  {
                        "Description":  "Advanced Windows 32 Base API",
                        "SignatureStatus":  "Valid",
                        "Signature":  "Microsoft Windows",
                        "Hashes":  "MD5=7EBC4745686496918EF54660CB9640DE,SHA256=5B3ED19956537019C29AABC9DF6B8669C8EF725090BB76DAE46D5E093AB7ED09",
                        "Image":  "C:\\Windows\\System32\\WerFault.exe",
                        "UtcTime":  "2025-09-03 15:24:12.936",
                        "ProcessGuid":  "{f1988ae2-5d9c-68b8-8a00-000000001e00}",
                        "Company":  "Microsoft Corporation",
                        "ImageLoaded":  "C:\\Windows\\System32\\advapi32.dll",
                        "FileVersion":  "10.0.19041.1682 (WinBuild.160101.0800)",
                        "User":  "DESKTOP-KVSEOF0\\Stage.Ali",
                        "RuleName":  "-",
                        "Product":  "Microsoft® Windows® Operating System",
                        "ProcessId":  "5680",
                        "OriginalFileName":  "advapi32.dll",
                        "Signed":  "true"
                    }
    },
    {
        "EventId":  7,
        "TimeCreated":  "\/Date(1756913052940)\/",
        "ProcessGuid":  "{f1988ae2-5d9c-68b8-8a00-000000001e00}",
        "ProcessId":  "5680",
        "ParentProcessGuid":  null,
        "Image":  "C:\\Windows\\System32\\WerFault.exe",
        "CommandLine":  null,
        "User":  "DESKTOP-KVSEOF0\\Stage.Ali",
        "TargetFilename":  null,
        "DestinationIp":  null,
        "DestinationPort":  null,
        "SourceIp":  null,
        "SourcePort":  null,
        "Protocol":  null,
        "QueryName":  null,
        "Details":  {
                        "Description":  "Host for SCM/SDDL/LSA Lookup APIs",
                        "SignatureStatus":  "Valid",
                        "Signature":  "Microsoft Windows",
                        "Hashes":  "MD5=38FE2E2B7171FBDEA5A166FAA0F5D8C8,SHA256=3787035268930B726D0D2F3F209C667C7A3664AA6F597CD08447514DCDE01965",
                        "Image":  "C:\\Windows\\System32\\WerFault.exe",
                        "UtcTime":  "2025-09-03 15:24:12.936",
                        "ProcessGuid":  "{f1988ae2-5d9c-68b8-8a00-000000001e00}",
                        "Company":  "Microsoft Corporation",
                        "ImageLoaded":  "C:\\Windows\\System32\\sechost.dll",
                        "FileVersion":  "10.0.19041.1865 (WinBuild.160101.0800)",
                        "User":  "DESKTOP-KVSEOF0\\Stage.Ali",
                        "RuleName":  "-",
                        "Product":  "Microsoft® Windows® Operating System",
                        "ProcessId":  "5680",
                        "OriginalFileName":  "sechost.dll",
                        "Signed":  "true"
                    }
    },
    {
        "EventId":  7,
        "TimeCreated":  "\/Date(1756913052940)\/",
        "ProcessGuid":  "{f1988ae2-5d9c-68b8-8a00-000000001e00}",
        "ProcessId":  "5680",
        "ParentProcessGuid":  null,
        "Image":  "C:\\Windows\\System32\\WerFault.exe",
        "CommandLine":  null,
        "User":  "DESKTOP-KVSEOF0\\Stage.Ali",
        "TargetFilename":  null,
        "DestinationIp":  null,
        "DestinationPort":  null,
        "SourceIp":  null,
        "SourcePort":  null,
        "Protocol":  null,
        "QueryName":  null,
        "Details":  {
                        "Description":  "Microsoft® C Runtime Library",
                        "SignatureStatus":  "Valid",
                        "Signature":  "Microsoft Windows",
                        "Hashes":  "MD5=34692D0BDE33641B576C32165FBAAF6D,SHA256=FD1D0CC8A5AC8BF20AF9E1A7EC360DD76DC022DFE992556948DF1C17F7A714D2",
                        "Image":  "C:\\Windows\\System32\\WerFault.exe",
                        "UtcTime":  "2025-09-03 15:24:12.934",
                        "ProcessGuid":  "{f1988ae2-5d9c-68b8-8a00-000000001e00}",
                        "Company":  "Microsoft Corporation",
                        "ImageLoaded":  "C:\\Windows\\System32\\msvcp_win.dll",
                        "FileVersion":  "10.0.19041.789 (WinBuild.160101.0800)",
                        "User":  "DESKTOP-KVSEOF0\\Stage.Ali",
                        "RuleName":  "-",
                        "Product":  "Microsoft® Windows® Operating System",
                        "ProcessId":  "5680",
                        "OriginalFileName":  "msvcp_win.dll",
                        "Signed":  "true"
                    }
    },
    {
        "EventId":  7,
        "TimeCreated":  "\/Date(1756913052940)\/",
        "ProcessGuid":  "{f1988ae2-5d9c-68b8-8a00-000000001e00}",
        "ProcessId":  "5680",
        "ParentProcessGuid":  null,
        "Image":  "C:\\Windows\\System32\\WerFault.exe",
        "CommandLine":  null,
        "User":  "DESKTOP-KVSEOF0\\Stage.Ali",
        "TargetFilename":  null,
        "DestinationIp":  null,
        "DestinationPort":  null,
        "SourceIp":  null,
        "SourcePort":  null,
        "Protocol":  null,
        "QueryName":  null,
        "Details":  {
                        "Description":  "OLEAUT32.DLL",
                        "SignatureStatus":  "Valid",
                        "Signature":  "Microsoft Windows",
                        "Hashes":  "MD5=EAB5ADED2242FEAEE371ED5CAB6EA919,SHA256=BBE70836E44BA71555906D37011EC2AA3F86BD1314F5431406BBA8F305DFB570",
                        "Image":  "C:\\Windows\\System32\\WerFault.exe",
                        "UtcTime":  "2025-09-03 15:24:12.934",
                        "ProcessGuid":  "{f1988ae2-5d9c-68b8-8a00-000000001e00}",
                        "Company":  "Microsoft Corporation",
                        "ImageLoaded":  "C:\\Windows\\System32\\oleaut32.dll",
                        "FileVersion":  "10.0.19041.985 (WinBuild.160101.0800)",
                        "User":  "DESKTOP-KVSEOF0\\Stage.Ali",
                        "RuleName":  "-",
                        "Product":  "Microsoft® Windows® Operating System",
                        "ProcessId":  "5680",
                        "OriginalFileName":  "OLEAUT32.DLL",
                        "Signed":  "true"
                    }
    },
    {
        "EventId":  7,
        "TimeCreated":  "\/Date(1756913052940)\/",
        "ProcessGuid":  "{f1988ae2-5d9c-68b8-8a00-000000001e00}",
        "ProcessId":  "5680",
        "ParentProcessGuid":  null,
        "Image":  "C:\\Windows\\System32\\WerFault.exe",
        "CommandLine":  null,
        "User":  "DESKTOP-KVSEOF0\\Stage.Ali",
        "TargetFilename":  null,
        "DestinationIp":  null,
        "DestinationPort":  null,
        "SourceIp":  null,
        "SourcePort":  null,
        "Protocol":  null,
        "QueryName":  null,
        "Details":  {
                        "Description":  "Remote Procedure Call Runtime",
                        "SignatureStatus":  "Valid",
                        "Signature":  "Microsoft Windows",
                        "Hashes":  "MD5=7706E6B63269C9668FB714E5772AC10D,SHA256=29EF6D71E4385A4498B3F9AFD9713FF3C4BE4456CB117F6BB190169DFD063495",
                        "Image":  "C:\\Windows\\System32\\WerFault.exe",
                        "UtcTime":  "2025-09-03 15:24:12.933",
                        "ProcessGuid":  "{f1988ae2-5d9c-68b8-8a00-000000001e00}",
                        "Company":  "Microsoft Corporation",
                        "ImageLoaded":  "C:\\Windows\\System32\\rpcrt4.dll",
                        "FileVersion":  "10.0.19041.1806 (WinBuild.160101.0800)",
                        "User":  "DESKTOP-KVSEOF0\\Stage.Ali",
                        "RuleName":  "-",
                        "Product":  "Microsoft® Windows® Operating System",
                        "ProcessId":  "5680",
                        "OriginalFileName":  "rpcrt4.dll",
                        "Signed":  "true"
                    }
    },
    {
        "EventId":  7,
        "TimeCreated":  "\/Date(1756913052940)\/",
        "ProcessGuid":  "{f1988ae2-5d9c-68b8-8a00-000000001e00}",
        "ProcessId":  "5680",
        "ParentProcessGuid":  null,
        "Image":  "C:\\Windows\\System32\\WerFault.exe",
        "CommandLine":  null,
        "User":  "DESKTOP-KVSEOF0\\Stage.Ali",
        "TargetFilename":  null,
        "DestinationIp":  null,
        "DestinationPort":  null,
        "SourceIp":  null,
        "SourcePort":  null,
        "Protocol":  null,
        "QueryName":  null,
        "Details":  {
                        "Description":  "Microsoft® C Runtime Library",
                        "SignatureStatus":  "Valid",
                        "Signature":  "Microsoft Windows",
                        "Hashes":  "MD5=2C8FE06966D5085A595FFA3C98FE3098,SHA256=DE8D08D01291DF93821314176381F3D1AE863E6C5584A7F8EA42F0B94B15EF65",
                        "Image":  "C:\\Windows\\System32\\WerFault.exe",
                        "UtcTime":  "2025-09-03 15:24:12.932",
                        "ProcessGuid":  "{f1988ae2-5d9c-68b8-8a00-000000001e00}",
                        "Company":  "Microsoft Corporation",
                        "ImageLoaded":  "C:\\Windows\\System32\\ucrtbase.dll",
                        "FileVersion":  "10.0.19041.789 (WinBuild.160101.0800)",
                        "User":  "DESKTOP-KVSEOF0\\Stage.Ali",
                        "RuleName":  "-",
                        "Product":  "Microsoft® Windows® Operating System",
                        "ProcessId":  "5680",
                        "OriginalFileName":  "ucrtbase.dll",
                        "Signed":  "true"
                    }
    },
    {
        "EventId":  7,
        "TimeCreated":  "\/Date(1756913052940)\/",
        "ProcessGuid":  "{f1988ae2-5d9c-68b8-8a00-000000001e00}",
        "ProcessId":  "5680",
        "ParentProcessGuid":  null,
        "Image":  "C:\\Windows\\System32\\WerFault.exe",
        "CommandLine":  null,
        "User":  "DESKTOP-KVSEOF0\\Stage.Ali",
        "TargetFilename":  null,
        "DestinationIp":  null,
        "DestinationPort":  null,
        "SourceIp":  null,
        "SourcePort":  null,
        "Protocol":  null,
        "QueryName":  null,
        "Details":  {
                        "Description":  "Microsoft COM for Windows",
                        "SignatureStatus":  "Valid",
                        "Signature":  "Microsoft Windows",
                        "Hashes":  "MD5=C63F947A6EE298E926EF78A975A17C47,SHA256=033DD53305AF33480D08657449FCE8711FE1CA49E42A4A1307354F17DD7BA8A3",
                        "Image":  "C:\\Windows\\System32\\WerFault.exe",
                        "UtcTime":  "2025-09-03 15:24:12.932",
                        "ProcessGuid":  "{f1988ae2-5d9c-68b8-8a00-000000001e00}",
                        "Company":  "Microsoft Corporation",
                        "ImageLoaded":  "C:\\Windows\\System32\\combase.dll",
                        "FileVersion":  "10.0.19041.1949 (WinBuild.160101.0800)",
                        "User":  "DESKTOP-KVSEOF0\\Stage.Ali",
                        "RuleName":  "-",
                        "Product":  "Microsoft® Windows® Operating System",
                        "ProcessId":  "5680",
                        "OriginalFileName":  "COMBASE.DLL",
                        "Signed":  "true"
                    }
    },
    {
        "EventId":  7,
        "TimeCreated":  "\/Date(1756913052940)\/",
        "ProcessGuid":  "{f1988ae2-5d9c-68b8-8a00-000000001e00}",
        "ProcessId":  "5680",
        "ParentProcessGuid":  null,
        "Image":  "C:\\Windows\\System32\\WerFault.exe",
        "CommandLine":  null,
        "User":  "DESKTOP-KVSEOF0\\Stage.Ali",
        "TargetFilename":  null,
        "DestinationIp":  null,
        "DestinationPort":  null,
        "SourceIp":  null,
        "SourcePort":  null,
        "Protocol":  null,
        "QueryName":  null,
        "Details":  {
                        "Description":  "Windows NT CRT DLL",
                        "SignatureStatus":  "Valid",
                        "Signature":  "Microsoft Windows",
                        "Hashes":  "MD5=A4F2D5942FB447CD48A5CEE414983E85,SHA256=DD7C8BC34CDBE30EF921395E874909BBF6BE53803822164F75F7207E9F085650",
                        "Image":  "C:\\Windows\\System32\\WerFault.exe",
                        "UtcTime":  "2025-09-03 15:24:12.931",
                        "ProcessGuid":  "{f1988ae2-5d9c-68b8-8a00-000000001e00}",
                        "Company":  "Microsoft Corporation",
                        "ImageLoaded":  "C:\\Windows\\System32\\msvcrt.dll",
                        "FileVersion":  "7.0.19041.546 (WinBuild.160101.0800)",
                        "User":  "DESKTOP-KVSEOF0\\Stage.Ali",
                        "RuleName":  "-",
                        "Product":  "Microsoft® Windows® Operating System",
                        "ProcessId":  "5680",
                        "OriginalFileName":  "msvcrt.dll",
                        "Signed":  "true"
                    }
    },
    {
        "EventId":  7,
        "TimeCreated":  "\/Date(1756913052940)\/",
        "ProcessGuid":  "{f1988ae2-5d9c-68b8-8a00-000000001e00}",
        "ProcessId":  "5680",
        "ParentProcessGuid":  null,
        "Image":  "C:\\Windows\\System32\\WerFault.exe",
        "CommandLine":  null,
        "User":  "DESKTOP-KVSEOF0\\Stage.Ali",
        "TargetFilename":  null,
        "DestinationIp":  null,
        "DestinationPort":  null,
        "SourceIp":  null,
        "SourcePort":  null,
        "Protocol":  null,
        "QueryName":  null,
        "Details":  {
                        "Description":  "Windows NT BASE API Client DLL",
                        "SignatureStatus":  "Valid",
                        "Signature":  "Microsoft Windows",
                        "Hashes":  "MD5=28D93A964448E1A2B9AD5FE42261CEFF,SHA256=69322712A09C847305323DAFD0F2C62DF6013EF6FB6F2D9220FA4ECD51A4F42D",
                        "Image":  "C:\\Windows\\System32\\WerFault.exe",
                        "UtcTime":  "2025-09-03 15:24:12.929",
                        "ProcessGuid":  "{f1988ae2-5d9c-68b8-8a00-000000001e00}",
                        "Company":  "Microsoft Corporation",
                        "ImageLoaded":  "C:\\Windows\\System32\\KernelBase.dll",
                        "FileVersion":  "10.0.19041.1949 (WinBuild.160101.0800)",
                        "User":  "DESKTOP-KVSEOF0\\Stage.Ali",
                        "RuleName":  "-",
                        "Product":  "Microsoft® Windows® Operating System",
                        "ProcessId":  "5680",
                        "OriginalFileName":  "Kernelbase.dll",
                        "Signed":  "true"
                    }
    },
    {
        "EventId":  7,
        "TimeCreated":  "\/Date(1756913052940)\/",
        "ProcessGuid":  "{f1988ae2-5d9c-68b8-8a00-000000001e00}",
        "ProcessId":  "5680",
        "ParentProcessGuid":  null,
        "Image":  "C:\\Windows\\System32\\WerFault.exe",
        "CommandLine":  null,
        "User":  "DESKTOP-KVSEOF0\\Stage.Ali",
        "TargetFilename":  null,
        "DestinationIp":  null,
        "DestinationPort":  null,
        "SourceIp":  null,
        "SourcePort":  null,
        "Protocol":  null,
        "QueryName":  null,
        "Details":  {
                        "Description":  "Windows NT BASE API Client DLL",
                        "SignatureStatus":  "Valid",
                        "Signature":  "Microsoft Windows",
                        "Hashes":  "MD5=F7110F4E43AF6DA3F8313467BF27B336,SHA256=B282D597CC4C16EB645CE29B900A5AEAFC5A647EC98ED32380656CA4348A6E78",
                        "Image":  "C:\\Windows\\System32\\WerFault.exe",
                        "UtcTime":  "2025-09-03 15:24:12.927",
                        "ProcessGuid":  "{f1988ae2-5d9c-68b8-8a00-000000001e00}",
                        "Company":  "Microsoft Corporation",
                        "ImageLoaded":  "C:\\Windows\\System32\\kernel32.dll",
                        "FileVersion":  "10.0.19041.1889 (WinBuild.160101.0800)",
                        "User":  "DESKTOP-KVSEOF0\\Stage.Ali",
                        "RuleName":  "-",
                        "Product":  "Microsoft® Windows® Operating System",
                        "ProcessId":  "5680",
                        "OriginalFileName":  "kernel32",
                        "Signed":  "true"
                    }
    },
    {
        "EventId":  7,
        "TimeCreated":  "\/Date(1756913052940)\/",
        "ProcessGuid":  "{f1988ae2-5d9c-68b8-8a00-000000001e00}",
        "ProcessId":  "5680",
        "ParentProcessGuid":  null,
        "Image":  "C:\\Windows\\System32\\WerFault.exe",
        "CommandLine":  null,
        "User":  "DESKTOP-KVSEOF0\\Stage.Ali",
        "TargetFilename":  null,
        "DestinationIp":  null,
        "DestinationPort":  null,
        "SourceIp":  null,
        "SourcePort":  null,
        "Protocol":  null,
        "QueryName":  null,
        "Details":  {
                        "Description":  "NT Layer DLL",
                        "SignatureStatus":  "Valid",
                        "Signature":  "Microsoft Windows",
                        "Hashes":  "MD5=FFC0099CC499ABF355130F6334313504,SHA256=FBDFC8183DF435C2E981F868CB578CCA3B86A1FA6E76D8F5775E2EF22944A370",
                        "Image":  "C:\\Windows\\System32\\WerFault.exe",
                        "UtcTime":  "2025-09-03 15:24:12.927",
                        "ProcessGuid":  "{f1988ae2-5d9c-68b8-8a00-000000001e00}",
                        "Company":  "Microsoft Corporation",
                        "ImageLoaded":  "C:\\Windows\\System32\\ntdll.dll",
                        "FileVersion":  "10.0.19041.1949 (WinBuild.160101.0800)",
                        "User":  "DESKTOP-KVSEOF0\\Stage.Ali",
                        "RuleName":  "-",
                        "Product":  "Microsoft® Windows® Operating System",
                        "ProcessId":  "5680",
                        "OriginalFileName":  "ntdll.dll",
                        "Signed":  "true"
                    }
    },
    {
        "EventId":  7,
        "TimeCreated":  "\/Date(1756913052840)\/",
        "ProcessGuid":  "{f1988ae2-5d97-68b8-7400-000000001e00}",
        "ProcessId":  "4524",
        "ParentProcessGuid":  null,
        "Image":  "C:\\Users\\Stage.Ali\\AppData\\Local\\Temp\\svchost.exe",
        "CommandLine":  null,
        "User":  "DESKTOP-KVSEOF0\\Stage.Ali",
        "TargetFilename":  null,
        "DestinationIp":  null,
        "DestinationPort":  null,
        "SourceIp":  null,
        "SourcePort":  null,
        "Protocol":  null,
        "QueryName":  null,
        "Details":  {
                        "Description":  "WMI",
                        "SignatureStatus":  "Valid",
                        "Signature":  "Microsoft Windows",
                        "Hashes":  "MD5=AEE2A482C5535ECB6E942A7E47A6B51E,SHA256=14A90A5D423F74CF0575A17A00CCE1942881ACB5378ED983DFBFD420B41786D0",
                        "Image":  "C:\\Users\\Stage.Ali\\AppData\\Local\\Temp\\svchost.exe",
                        "UtcTime":  "2025-09-03 15:24:11.345",
                        "ProcessGuid":  "{f1988ae2-5d97-68b8-7400-000000001e00}",
                        "Company":  "Microsoft Corporation",
                        "ImageLoaded":  "C:\\Windows\\System32\\wbem\\wbemsvc.dll",
                        "FileVersion":  "10.0.19041.1320 (WinBuild.160101.0800)",
                        "User":  "DESKTOP-KVSEOF0\\Stage.Ali",
                        "RuleName":  "-",
                        "Product":  "Microsoft® Windows® Operating System",
                        "ProcessId":  "4524",
                        "OriginalFileName":  "wbemsvc.dll",
                        "Signed":  "true"
                    }
    },
    {
        "EventId":  7,
        "TimeCreated":  "\/Date(1756913052726)\/",
        "ProcessGuid":  "{f1988ae2-5d97-68b8-7400-000000001e00}",
        "ProcessId":  "4524",
        "ParentProcessGuid":  null,
        "Image":  "C:\\Users\\Stage.Ali\\AppData\\Local\\Temp\\svchost.exe",
        "CommandLine":  null,
        "User":  "DESKTOP-KVSEOF0\\Stage.Ali",
        "TargetFilename":  null,
        "DestinationIp":  null,
        "DestinationPort":  null,
        "SourceIp":  null,
        "SourcePort":  null,
        "Protocol":  null,
        "QueryName":  null,
        "Details":  {
                        "Description":  "WMINet_Utils.dll",
                        "SignatureStatus":  "Valid",
                        "Signature":  "Microsoft Corporation",
                        "Hashes":  "MD5=1142C65DF73B74F033E3F4366BC5D9F7,SHA256=546974059B603DB4D77E4B7DFF9B1992CE5BD2F4231956C61642C03F6A3FD5F4",
                        "Image":  "C:\\Users\\Stage.Ali\\AppData\\Local\\Temp\\svchost.exe",
                        "UtcTime":  "2025-09-03 15:24:11.240",
                        "ProcessGuid":  "{f1988ae2-5d97-68b8-7400-000000001e00}",
                        "Company":  "Microsoft Corporation",
                        "ImageLoaded":  "C:\\Windows\\Microsoft.NET\\Framework64\\v4.0.30319\\WMINet_Utils.dll",
                        "FileVersion":  "4.8.4084.0 built by: NET48REL1",
                        "User":  "DESKTOP-KVSEOF0\\Stage.Ali",
                        "RuleName":  "-",
                        "Product":  "Microsoft® .NET Framework",
                        "ProcessId":  "4524",
                        "OriginalFileName":  "WMINet_Utils.dll",
                        "Signed":  "true"
                    }
    },
    {
        "EventId":  7,
        "TimeCreated":  "\/Date(1756913052507)\/",
        "ProcessGuid":  "{f1988ae2-5d97-68b8-7400-000000001e00}",
        "ProcessId":  "4524",
        "ParentProcessGuid":  null,
        "Image":  "C:\\Users\\Stage.Ali\\AppData\\Local\\Temp\\svchost.exe",
        "CommandLine":  null,
        "User":  "DESKTOP-KVSEOF0\\Stage.Ali",
        "TargetFilename":  null,
        "DestinationIp":  null,
        "DestinationPort":  null,
        "SourceIp":  null,
        "SourcePort":  null,
        "Protocol":  null,
        "QueryName":  null,
        "Details":  {
                        "Description":  "WMI",
                        "SignatureStatus":  "Valid",
                        "Signature":  "Microsoft Windows",
                        "Hashes":  "MD5=455C1DBBB4D895A65E3B422473D46684,SHA256=C36167682A56B297127FAA22ECF137E21C3D0271306AB038B84D08501CC0C3B9",
                        "Image":  "C:\\Users\\Stage.Ali\\AppData\\Local\\Temp\\svchost.exe",
                        "UtcTime":  "2025-09-03 15:24:11.174",
                        "ProcessGuid":  "{f1988ae2-5d97-68b8-7400-000000001e00}",
                        "Company":  "Microsoft Corporation",
                        "ImageLoaded":  "C:\\Windows\\System32\\wbem\\wbemprox.dll",
                        "FileVersion":  "10.0.19041.1320 (WinBuild.160101.0800)",
                        "User":  "DESKTOP-KVSEOF0\\Stage.Ali",
                        "RuleName":  "-",
                        "Product":  "Microsoft® Windows® Operating System",
                        "ProcessId":  "4524",
                        "OriginalFileName":  "wbemprox.dll",
                        "Signed":  "true"
                    }
    },
    {
        "EventId":  7,
        "TimeCreated":  "\/Date(1756913052294)\/",
        "ProcessGuid":  "{f1988ae2-5d97-68b8-7400-000000001e00}",
        "ProcessId":  "4524",
        "ParentProcessGuid":  null,
        "Image":  "C:\\Users\\Stage.Ali\\AppData\\Local\\Temp\\svchost.exe",
        "CommandLine":  null,
        "User":  "DESKTOP-KVSEOF0\\Stage.Ali",
        "TargetFilename":  null,
        "DestinationIp":  null,
        "DestinationPort":  null,
        "SourceIp":  null,
        "SourcePort":  null,
        "Protocol":  null,
        "QueryName":  null,
        "Details":  {
                        "Description":  "WMI",
                        "SignatureStatus":  "Valid",
                        "Signature":  "Microsoft Windows",
                        "Hashes":  "MD5=CC5B39D4D84945F4F12A35F56BDD32EA,SHA256=CE5642320FE480EFBA320BDAF2248D2D70E766EF4D351C6F6A189D0BEEA891F2",
                        "Image":  "C:\\Users\\Stage.Ali\\AppData\\Local\\Temp\\svchost.exe",
                        "UtcTime":  "2025-09-03 15:24:11.034",
                        "ProcessGuid":  "{f1988ae2-5d97-68b8-7400-000000001e00}",
                        "Company":  "Microsoft Corporation",
                        "ImageLoaded":  "C:\\Windows\\System32\\wbemcomn.dll",
                        "FileVersion":  "10.0.19041.1566 (WinBuild.160101.0800)",
                        "User":  "DESKTOP-KVSEOF0\\Stage.Ali",
                        "RuleName":  "-",
                        "Product":  "Microsoft® Windows® Operating System",
                        "ProcessId":  "4524",
                        "OriginalFileName":  "wbemcomn.dll",
                        "Signed":  "true"
                    }
    },
    {
        "EventId":  7,
        "TimeCreated":  "\/Date(1756913051847)\/",
        "ProcessGuid":  "{f1988ae2-5d99-68b8-7a00-000000001e00}",
        "ProcessId":  "5004",
        "ParentProcessGuid":  null,
        "Image":  "C:\\Windows\\System32\\wscript.exe",
        "CommandLine":  null,
        "User":  "DESKTOP-KVSEOF0\\Stage.Ali",
        "TargetFilename":  null,
        "DestinationIp":  null,
        "DestinationPort":  null,
        "SourceIp":  null,
        "SourcePort":  null,
        "Protocol":  null,
        "QueryName":  null,
        "Details":  {
                        "Description":  "-",
                        "SignatureStatus":  "Valid",
                        "Signature":  "Microsoft Windows",
                        "Hashes":  "MD5=4C528AE5D512E3901BACAA5D75240381,SHA256=B51BBE4C3D01ED3ECB8947C7CCE071022149496D713E65E5A30CACAA82B7681E",
                        "Image":  "C:\\Windows\\System32\\wscript.exe",
                        "UtcTime":  "2025-09-03 15:24:10.800",
                        "ProcessGuid":  "{f1988ae2-5d99-68b8-7a00-000000001e00}",
                        "Company":  "-",
                        "ImageLoaded":  "C:\\Windows\\System32\\TextShaping.dll",
                        "FileVersion":  "-",
                        "User":  "DESKTOP-KVSEOF0\\Stage.Ali",
                        "RuleName":  "-",
                        "Product":  "-",
                        "ProcessId":  "5004",
                        "OriginalFileName":  "-",
                        "Signed":  "true"
                    }
    },
    {
        "EventId":  7,
        "TimeCreated":  "\/Date(1756913051754)\/",
        "ProcessGuid":  "{f1988ae2-5d99-68b8-7a00-000000001e00}",
        "ProcessId":  "5004",
        "ParentProcessGuid":  null,
        "Image":  "C:\\Windows\\System32\\wscript.exe",
        "CommandLine":  null,
        "User":  "DESKTOP-KVSEOF0\\Stage.Ali",
        "TargetFilename":  null,
        "DestinationIp":  null,
        "DestinationPort":  null,
        "SourceIp":  null,
        "SourcePort":  null,
        "Protocol":  null,
        "QueryName":  null,
        "Details":  {
                        "Description":  "Multi Language Support DLL",
                        "SignatureStatus":  "Valid",
                        "Signature":  "Microsoft Windows",
                        "Hashes":  "MD5=546B9D0886CD09F8CA59C7E0343D3F5E,SHA256=F443F7F50DC020FA0943F4BD46E98789A3F8BA882F5A688FBC300F0D4B0DC1F6",
                        "Image":  "C:\\Windows\\System32\\wscript.exe",
                        "UtcTime":  "2025-09-03 15:24:10.772",
                        "ProcessGuid":  "{f1988ae2-5d99-68b8-7a00-000000001e00}",
                        "Company":  "Microsoft Corporation",
                        "ImageLoaded":  "C:\\Windows\\System32\\mlang.dll",
                        "FileVersion":  "10.0.19041.746 (WinBuild.160101.0800)",
                        "User":  "DESKTOP-KVSEOF0\\Stage.Ali",
                        "RuleName":  "-",
                        "Product":  "Microsoft® Windows® Operating System",
                        "ProcessId":  "5004",
                        "OriginalFileName":  "MLANG.DLL",
                        "Signed":  "true"
                    }
    },
    {
        "EventId":  7,
        "TimeCreated":  "\/Date(1756913051532)\/",
        "ProcessGuid":  "{f1988ae2-5d99-68b8-7a00-000000001e00}",
        "ProcessId":  "5004",
        "ParentProcessGuid":  null,
        "Image":  "C:\\Windows\\System32\\wscript.exe",
        "CommandLine":  null,
        "User":  "DESKTOP-KVSEOF0\\Stage.Ali",
        "TargetFilename":  null,
        "DestinationIp":  null,
        "DestinationPort":  null,
        "SourceIp":  null,
        "SourcePort":  null,
        "Protocol":  null,
        "QueryName":  null,
        "Details":  {
                        "Description":  "Windows ® Script Component Runtime",
                        "SignatureStatus":  "Valid",
                        "Signature":  "Microsoft Windows",
                        "Hashes":  "MD5=3BAC5E5C39B9787E3672ACBFABE438D1,SHA256=164EA0913EF910084147CAB550C12B8F12C710A3F1BADF4A26C6691517A031C4",
                        "Image":  "C:\\Windows\\System32\\wscript.exe",
                        "UtcTime":  "2025-09-03 15:24:10.684",
                        "ProcessGuid":  "{f1988ae2-5d99-68b8-7a00-000000001e00}",
                        "Company":  "Microsoft Corporation",
                        "ImageLoaded":  "C:\\Windows\\System32\\scrobj.dll",
                        "FileVersion":  "5.812.10240.16384",
                        "User":  "DESKTOP-KVSEOF0\\Stage.Ali",
                        "RuleName":  "-",
                        "Product":  "Microsoft ® Windows ® Script Component Runtime",
                        "ProcessId":  "5004",
                        "OriginalFileName":  "scrobj.dll",
                        "Signed":  "true"
                    }
    },
    {
        "EventId":  7,
        "TimeCreated":  "\/Date(1756913051466)\/",
        "ProcessGuid":  "{f1988ae2-5d97-68b8-7400-000000001e00}",
        "ProcessId":  "4524",
        "ParentProcessGuid":  null,
        "Image":  "C:\\Users\\Stage.Ali\\AppData\\Local\\Temp\\svchost.exe",
        "CommandLine":  null,
        "User":  "DESKTOP-KVSEOF0\\Stage.Ali",
        "TargetFilename":  null,
        "DestinationIp":  null,
        "DestinationPort":  null,
        "SourceIp":  null,
        "SourcePort":  null,
        "Protocol":  null,
        "QueryName":  null,
        "Details":  {
                        "Description":  "IOfficeAntiVirus Module",
                        "SignatureStatus":  "Valid",
                        "Signature":  "Microsoft Windows",
                        "Hashes":  "MD5=719287BBBA500D778675C4107412BD98,SHA256=B8DAFBFFF517E500EE15F0255AED1E85D6C82C3FE756AAABDC15ED6DA5A776CD",
                        "Image":  "C:\\Users\\Stage.Ali\\AppData\\Local\\Temp\\svchost.exe",
                        "UtcTime":  "2025-09-03 15:24:11.464",
                        "ProcessGuid":  "{f1988ae2-5d97-68b8-7400-000000001e00}",
                        "Company":  "Microsoft Corporation",
                        "ImageLoaded":  "C:\\Program Files\\Windows Defender\\MpOAV.dll",
                        "FileVersion":  "4.18.1909.6 (WinBuild.160101.0800)",
                        "User":  "DESKTOP-KVSEOF0\\Stage.Ali",
                        "RuleName":  "-",
                        "Product":  "Microsoft® Windows® Operating System",
                        "ProcessId":  "4524",
                        "OriginalFileName":  "MpOAV.dll",
                        "Signed":  "true"
                    }
    },
