    {
        "EventId":  7,
        "TimeCreated":  "\/Date(1756913047472)\/",
        "ProcessGuid":  "{f1988ae2-5d97-68b8-7300-000000001e00}",
        "ProcessId":  "4512",
        "ParentProcessGuid":  null,
        "Image":  "C:\\Users\\Stage.Ali\\Desktop\\Malware\\85e1cebb33b89a3d4d0d73344272bfdc74da38cf540721bb8426c23a7f444241.exe",
        "CommandLine":  null,
        "User":  "DESKTOP-KVSEOF0\\Stage.Ali",
        "TargetFilename":  null,
        "DestinationIp":  null,
        "DestinationPort":  null,
        "SourceIp":  null,
        "SourcePort":  null,
        "Protocol":  null,
        "QueryName":  null,
        "Details":  {
                        "Description":  "Microsoft .NET Runtime Just-In-Time Compiler",
                        "SignatureStatus":  "Valid",
                        "Signature":  "Microsoft Corporation",
                        "Hashes":  "MD5=C5D469C303E0AA87A2C9DF1730B7C4C4,SHA256=8A3CD3CF2249E9971806B15C75A892E6A44CCA5FF5EA5CA89FDA951CD2C09AA9",
                        "Image":  "C:\\Users\\Stage.Ali\\Desktop\\Malware\\85e1cebb33b89a3d4d0d73344272bfdc74da38cf540721bb8426c23a7f444241.exe",
                        "UtcTime":  "2025-09-03 15:24:07.469",
                        "ProcessGuid":  "{f1988ae2-5d97-68b8-7300-000000001e00}",
                        "Company":  "Microsoft Corporation",
                        "ImageLoaded":  "C:\\Windows\\Microsoft.NET\\Framework64\\v4.0.30319\\clrjit.dll",
                        "FileVersion":  "4.8.4515.0 built by: NET48REL1LAST_C",
                        "User":  "DESKTOP-KVSEOF0\\Stage.Ali",
                        "RuleName":  "-",
                        "Product":  "Microsoft® .NET Framework",
                        "ProcessId":  "4512",
                        "OriginalFileName":  "clrjit.dll",
                        "Signed":  "true"
                    }
    },
    {
        "EventId":  7,
        "TimeCreated":  "\/Date(1756913047465)\/",
        "ProcessGuid":  "{f1988ae2-5d97-68b8-7300-000000001e00}",
        "ProcessId":  "4512",
        "ParentProcessGuid":  null,
        "Image":  "C:\\Users\\Stage.Ali\\Desktop\\Malware\\85e1cebb33b89a3d4d0d73344272bfdc74da38cf540721bb8426c23a7f444241.exe",
        "CommandLine":  null,
        "User":  "DESKTOP-KVSEOF0\\Stage.Ali",
        "TargetFilename":  null,
        "DestinationIp":  null,
        "DestinationPort":  null,
        "SourceIp":  null,
        "SourcePort":  null,
        "Protocol":  null,
        "QueryName":  null,
        "Details":  {
                        "Description":  "Windows Cryptographic Primitives Library",
                        "SignatureStatus":  "Valid",
                        "Signature":  "Microsoft Windows",
                        "Hashes":  "MD5=997827CE8AEFAC419ED1880C1F58E718,SHA256=2AE5378430807A84FD862E30A1305426A8D016080A1A248C6B4B5F5CDA198EE4",
                        "Image":  "C:\\Users\\Stage.Ali\\Desktop\\Malware\\85e1cebb33b89a3d4d0d73344272bfdc74da38cf540721bb8426c23a7f444241.exe",
                        "UtcTime":  "2025-09-03 15:24:07.452",
                        "ProcessGuid":  "{f1988ae2-5d97-68b8-7300-000000001e00}",
                        "Company":  "Microsoft Corporation",
                        "ImageLoaded":  "C:\\Windows\\System32\\bcryptprimitives.dll",
                        "FileVersion":  "10.0.19041.1415 (WinBuild.160101.0800)",
                        "User":  "DESKTOP-KVSEOF0\\Stage.Ali",
                        "RuleName":  "-",
                        "Product":  "Microsoft® Windows® Operating System",
                        "ProcessId":  "4512",
                        "OriginalFileName":  "bcryptprimitives.dll",
                        "Signed":  "true"
                    }
    },
    {
        "EventId":  7,
        "TimeCreated":  "\/Date(1756913047461)\/",
        "ProcessGuid":  "{f1988ae2-5d97-68b8-7300-000000001e00}",
        "ProcessId":  "4512",
        "ParentProcessGuid":  null,
        "Image":  "C:\\Users\\Stage.Ali\\Desktop\\Malware\\85e1cebb33b89a3d4d0d73344272bfdc74da38cf540721bb8426c23a7f444241.exe",
        "CommandLine":  null,
        "User":  "DESKTOP-KVSEOF0\\Stage.Ali",
        "TargetFilename":  null,
        "DestinationIp":  null,
        "DestinationPort":  null,
        "SourceIp":  null,
        "SourcePort":  null,
        "Protocol":  null,
        "QueryName":  null,
        "Details":  {
                        "Description":  "Microsoft COM for Windows",
                        "SignatureStatus":  "Valid",
                        "Signature":  "Microsoft Windows",
                        "Hashes":  "MD5=C63F947A6EE298E926EF78A975A17C47,SHA256=033DD53305AF33480D08657449FCE8711FE1CA49E42A4A1307354F17DD7BA8A3",
                        "Image":  "C:\\Users\\Stage.Ali\\Desktop\\Malware\\85e1cebb33b89a3d4d0d73344272bfdc74da38cf540721bb8426c23a7f444241.exe",
                        "UtcTime":  "2025-09-03 15:24:07.452",
                        "ProcessGuid":  "{f1988ae2-5d97-68b8-7300-000000001e00}",
                        "Company":  "Microsoft Corporation",
                        "ImageLoaded":  "C:\\Windows\\System32\\combase.dll",
                        "FileVersion":  "10.0.19041.1949 (WinBuild.160101.0800)",
                        "User":  "DESKTOP-KVSEOF0\\Stage.Ali",
                        "RuleName":  "-",
                        "Product":  "Microsoft® Windows® Operating System",
                        "ProcessId":  "4512",
                        "OriginalFileName":  "COMBASE.DLL",
                        "Signed":  "true"
                    }
    },
    {
        "EventId":  7,
        "TimeCreated":  "\/Date(1756913047461)\/",
        "ProcessGuid":  "{f1988ae2-5d97-68b8-7300-000000001e00}",
        "ProcessId":  "4512",
        "ParentProcessGuid":  null,
        "Image":  "C:\\Users\\Stage.Ali\\Desktop\\Malware\\85e1cebb33b89a3d4d0d73344272bfdc74da38cf540721bb8426c23a7f444241.exe",
        "CommandLine":  null,
        "User":  "DESKTOP-KVSEOF0\\Stage.Ali",
        "TargetFilename":  null,
        "DestinationIp":  null,
        "DestinationPort":  null,
        "SourceIp":  null,
        "SourcePort":  null,
        "Protocol":  null,
        "QueryName":  null,
        "Details":  {
                        "Description":  "Microsoft OLE for Windows",
                        "SignatureStatus":  "Valid",
                        "Signature":  "Microsoft Windows",
                        "Hashes":  "MD5=7D78ADDFCB5040857FE4576A9F4AE8FB,SHA256=BB5C4A11364A7F3F60B70314C6757426AD0FEF577A7219AAD30EBA24E6B44484",
                        "Image":  "C:\\Users\\Stage.Ali\\Desktop\\Malware\\85e1cebb33b89a3d4d0d73344272bfdc74da38cf540721bb8426c23a7f444241.exe",
                        "UtcTime":  "2025-09-03 15:24:07.452",
                        "ProcessGuid":  "{f1988ae2-5d97-68b8-7300-000000001e00}",
                        "Company":  "Microsoft Corporation",
                        "ImageLoaded":  "C:\\Windows\\System32\\ole32.dll",
                        "FileVersion":  "10.0.19041.1202 (WinBuild.160101.0800)",
                        "User":  "DESKTOP-KVSEOF0\\Stage.Ali",
                        "RuleName":  "-",
                        "Product":  "Microsoft® Windows® Operating System",
                        "ProcessId":  "4512",
                        "OriginalFileName":  "OLE32.DLL",
                        "Signed":  "true"
                    }
    },
    {
        "EventId":  7,
        "TimeCreated":  "\/Date(1756913047458)\/",
        "ProcessGuid":  "{f1988ae2-5d97-68b8-7300-000000001e00}",
        "ProcessId":  "4512",
        "ParentProcessGuid":  null,
        "Image":  "C:\\Users\\Stage.Ali\\Desktop\\Malware\\85e1cebb33b89a3d4d0d73344272bfdc74da38cf540721bb8426c23a7f444241.exe",
        "CommandLine":  null,
        "User":  "DESKTOP-KVSEOF0\\Stage.Ali",
        "TargetFilename":  null,
        "DestinationIp":  null,
        "DestinationPort":  null,
        "SourceIp":  null,
        "SourcePort":  null,
        "Protocol":  null,
        "QueryName":  null,
        "Details":  {
                        "Description":  "Microsoft Common Language Runtime Class Library",
                        "SignatureStatus":  "Valid",
                        "Signature":  "Microsoft Corporation",
                        "Hashes":  "MD5=4D9E5CCCDA6B1397A94DE4AABC3FDF3E,SHA256=94687549554CD1915C41AF49DF0DFEC8A0C04F1D2E26907329A60ACB287414AA",
                        "Image":  "C:\\Users\\Stage.Ali\\Desktop\\Malware\\85e1cebb33b89a3d4d0d73344272bfdc74da38cf540721bb8426c23a7f444241.exe",
                        "UtcTime":  "2025-09-03 15:24:07.452",
                        "ProcessGuid":  "{f1988ae2-5d97-68b8-7300-000000001e00}",
                        "Company":  "Microsoft Corporation",
                        "ImageLoaded":  "C:\\Windows\\assembly\\NativeImages_v4.0.30319_64\\mscorlib\\b8493bec853ac702d2188091d76ccffa\\mscorlib.ni.dll",
                        "FileVersion":  "4.8.4515.0 built by: NET48REL1LAST_C",
                        "User":  "DESKTOP-KVSEOF0\\Stage.Ali",
                        "RuleName":  "-",
                        "Product":  "Microsoft® .NET Framework",
                        "ProcessId":  "4512",
                        "OriginalFileName":  "mscorlib.dll",
                        "Signed":  "true"
                    }
    },
    {
        "EventId":  7,
        "TimeCreated":  "\/Date(1756913047453)\/",
        "ProcessGuid":  "{f1988ae2-5d97-68b8-7300-000000001e00}",
        "ProcessId":  "4512",
        "ParentProcessGuid":  null,
        "Image":  "C:\\Users\\Stage.Ali\\Desktop\\Malware\\85e1cebb33b89a3d4d0d73344272bfdc74da38cf540721bb8426c23a7f444241.exe",
        "CommandLine":  null,
        "User":  "DESKTOP-KVSEOF0\\Stage.Ali",
        "TargetFilename":  null,
        "DestinationIp":  null,
        "DestinationPort":  null,
        "SourceIp":  null,
        "SourcePort":  null,
        "Protocol":  null,
        "QueryName":  null,
        "Details":  {
                        "Description":  "Microsoft COM for Windows",
                        "SignatureStatus":  "Valid",
                        "Signature":  "Microsoft Windows",
                        "Hashes":  "MD5=C63F947A6EE298E926EF78A975A17C47,SHA256=033DD53305AF33480D08657449FCE8711FE1CA49E42A4A1307354F17DD7BA8A3",
                        "Image":  "C:\\Users\\Stage.Ali\\Desktop\\Malware\\85e1cebb33b89a3d4d0d73344272bfdc74da38cf540721bb8426c23a7f444241.exe",
                        "UtcTime":  "2025-09-03 15:24:07.452",
                        "ProcessGuid":  "{f1988ae2-5d97-68b8-7300-000000001e00}",
                        "Company":  "Microsoft Corporation",
                        "ImageLoaded":  "C:\\Windows\\System32\\combase.dll",
                        "FileVersion":  "10.0.19041.1949 (WinBuild.160101.0800)",
                        "User":  "DESKTOP-KVSEOF0\\Stage.Ali",
                        "RuleName":  "-",
                        "Product":  "Microsoft® Windows® Operating System",
                        "ProcessId":  "4512",
                        "OriginalFileName":  "COMBASE.DLL",
                        "Signed":  "true"
                    }
    },
    {
        "EventId":  7,
        "TimeCreated":  "\/Date(1756913047445)\/",
        "ProcessGuid":  "{f1988ae2-5d97-68b8-7300-000000001e00}",
        "ProcessId":  "4512",
        "ParentProcessGuid":  null,
        "Image":  "C:\\Users\\Stage.Ali\\Desktop\\Malware\\85e1cebb33b89a3d4d0d73344272bfdc74da38cf540721bb8426c23a7f444241.exe",
        "CommandLine":  null,
        "User":  "DESKTOP-KVSEOF0\\Stage.Ali",
        "TargetFilename":  null,
        "DestinationIp":  null,
        "DestinationPort":  null,
        "SourceIp":  null,
        "SourcePort":  null,
        "Protocol":  null,
        "QueryName":  null,
        "Details":  {
                        "Description":  "Microsoft® C Runtime Library",
                        "SignatureStatus":  "Valid",
                        "Signature":  "Microsoft Corporation",
                        "Hashes":  "MD5=F8F171BE1820544E15B555847005355C,SHA256=CDDF9A2BF085AE59BA464B3BA6394AACFC342DA5F17D77FD5306054C8AABF153",
                        "Image":  "C:\\Users\\Stage.Ali\\Desktop\\Malware\\85e1cebb33b89a3d4d0d73344272bfdc74da38cf540721bb8426c23a7f444241.exe",
                        "UtcTime":  "2025-09-03 15:24:07.436",
                        "ProcessGuid":  "{f1988ae2-5d97-68b8-7300-000000001e00}",
                        "Company":  "Microsoft Corporation",
                        "ImageLoaded":  "C:\\Windows\\System32\\ucrtbase_clr0400.dll",
                        "FileVersion":  "14.10.25028.0 built by: VCTOOLSD15RTM",
                        "User":  "DESKTOP-KVSEOF0\\Stage.Ali",
                        "RuleName":  "-",
                        "Product":  "Microsoft® Visual Studio® 2017",
                        "ProcessId":  "4512",
                        "OriginalFileName":  "ucrtbase_clr0400.dll",
                        "Signed":  "true"
                    }
    },
    {
        "EventId":  7,
        "TimeCreated":  "\/Date(1756913047445)\/",
        "ProcessGuid":  "{f1988ae2-5d97-68b8-7300-000000001e00}",
        "ProcessId":  "4512",
        "ParentProcessGuid":  null,
        "Image":  "C:\\Users\\Stage.Ali\\Desktop\\Malware\\85e1cebb33b89a3d4d0d73344272bfdc74da38cf540721bb8426c23a7f444241.exe",
        "CommandLine":  null,
        "User":  "DESKTOP-KVSEOF0\\Stage.Ali",
        "TargetFilename":  null,
        "DestinationIp":  null,
        "DestinationPort":  null,
        "SourceIp":  null,
        "SourcePort":  null,
        "Protocol":  null,
        "QueryName":  null,
        "Details":  {
                        "Description":  "Microsoft® C Runtime Library",
                        "SignatureStatus":  "Valid",
                        "Signature":  "Microsoft Corporation",
                        "Hashes":  "MD5=63936588122BDEE9624D02CE3F8F54EA,SHA256=21F7E6165CE8DD92DB8CDF48CEE83DE64B2B0807B7B499CF87678B70C6F8C32F",
                        "Image":  "C:\\Users\\Stage.Ali\\Desktop\\Malware\\85e1cebb33b89a3d4d0d73344272bfdc74da38cf540721bb8426c23a7f444241.exe",
                        "UtcTime":  "2025-09-03 15:24:07.436",
                        "ProcessGuid":  "{f1988ae2-5d97-68b8-7300-000000001e00}",
                        "Company":  "Microsoft Corporation",
                        "ImageLoaded":  "C:\\Windows\\System32\\vcruntime140_clr0400.dll",
                        "FileVersion":  "14.10.25028.0 built by: VCTOOLSD15RTM",
                        "User":  "DESKTOP-KVSEOF0\\Stage.Ali",
                        "RuleName":  "-",
                        "Product":  "Microsoft® Visual Studio® 2017",
                        "ProcessId":  "4512",
                        "OriginalFileName":  "vcruntime140_clr0400.dll",
                        "Signed":  "true"
                    }
    },
    {
        "EventId":  7,
        "TimeCreated":  "\/Date(1756913047444)\/",
        "ProcessGuid":  "{f1988ae2-5d97-68b8-7300-000000001e00}",
        "ProcessId":  "4512",
        "ParentProcessGuid":  null,
        "Image":  "C:\\Users\\Stage.Ali\\Desktop\\Malware\\85e1cebb33b89a3d4d0d73344272bfdc74da38cf540721bb8426c23a7f444241.exe",
        "CommandLine":  null,
        "User":  "DESKTOP-KVSEOF0\\Stage.Ali",
        "TargetFilename":  null,
        "DestinationIp":  null,
        "DestinationPort":  null,
        "SourceIp":  null,
        "SourcePort":  null,
        "Protocol":  null,
        "QueryName":  null,
        "Details":  {
                        "Description":  "Microsoft® C Runtime Library",
                        "SignatureStatus":  "Valid",
                        "Signature":  "Microsoft Windows",
                        "Hashes":  "MD5=2C8FE06966D5085A595FFA3C98FE3098,SHA256=DE8D08D01291DF93821314176381F3D1AE863E6C5584A7F8EA42F0B94B15EF65",
                        "Image":  "C:\\Users\\Stage.Ali\\Desktop\\Malware\\85e1cebb33b89a3d4d0d73344272bfdc74da38cf540721bb8426c23a7f444241.exe",
                        "UtcTime":  "2025-09-03 15:24:07.436",
                        "ProcessGuid":  "{f1988ae2-5d97-68b8-7300-000000001e00}",
                        "Company":  "Microsoft Corporation",
                        "ImageLoaded":  "C:\\Windows\\System32\\ucrtbase.dll",
                        "FileVersion":  "10.0.19041.789 (WinBuild.160101.0800)",
                        "User":  "DESKTOP-KVSEOF0\\Stage.Ali",
                        "RuleName":  "-",
                        "Product":  "Microsoft® Windows® Operating System",
                        "ProcessId":  "4512",
                        "OriginalFileName":  "ucrtbase.dll",
                        "Signed":  "true"
                    }
    },
    {
        "EventId":  7,
        "TimeCreated":  "\/Date(1756913047444)\/",
        "ProcessGuid":  "{f1988ae2-5d97-68b8-7300-000000001e00}",
        "ProcessId":  "4512",
        "ParentProcessGuid":  null,
        "Image":  "C:\\Users\\Stage.Ali\\Desktop\\Malware\\85e1cebb33b89a3d4d0d73344272bfdc74da38cf540721bb8426c23a7f444241.exe",
        "CommandLine":  null,
        "User":  "DESKTOP-KVSEOF0\\Stage.Ali",
        "TargetFilename":  null,
        "DestinationIp":  null,
        "DestinationPort":  null,
        "SourceIp":  null,
        "SourcePort":  null,
        "Protocol":  null,
        "QueryName":  null,
        "Details":  {
                        "Description":  "COM Surrogate",
                        "SignatureStatus":  "Unavailable",
                        "Signature":  "-",
                        "Hashes":  "MD5=E844F8F6573CB3B48454B0A6E591A695,SHA256=85E1CEBB33B89A3D4D0D73344272BFDC74DA38CF540721BB8426C23A7F444241",
                        "Image":  "C:\\Users\\Stage.Ali\\Desktop\\Malware\\85e1cebb33b89a3d4d0d73344272bfdc74da38cf540721bb8426c23a7f444241.exe",
                        "UtcTime":  "2025-09-03 15:24:07.403",
                        "ProcessGuid":  "{f1988ae2-5d97-68b8-7300-000000001e00}",
                        "Company":  "Microsoft Corporation",
                        "ImageLoaded":  "C:\\Users\\Stage.Ali\\Desktop\\Malware\\85e1cebb33b89a3d4d0d73344272bfdc74da38cf540721bb8426c23a7f444241.exe",
                        "FileVersion":  "6.2.22621.1",
                        "User":  "DESKTOP-KVSEOF0\\Stage.Ali",
                        "RuleName":  "-",
                        "Product":  "Microsoft® Windows® Operating System",
                        "ProcessId":  "4512",
                        "OriginalFileName":  "dllhost.exe",
                        "Signed":  "false"
                    }
    },
    {
        "EventId":  7,
        "TimeCreated":  "\/Date(1756913047442)\/",
        "ProcessGuid":  "{f1988ae2-5d97-68b8-7300-000000001e00}",
        "ProcessId":  "4512",
        "ParentProcessGuid":  null,
        "Image":  "C:\\Users\\Stage.Ali\\Desktop\\Malware\\85e1cebb33b89a3d4d0d73344272bfdc74da38cf540721bb8426c23a7f444241.exe",
        "CommandLine":  null,
        "User":  "DESKTOP-KVSEOF0\\Stage.Ali",
        "TargetFilename":  null,
        "DestinationIp":  null,
        "DestinationPort":  null,
        "SourceIp":  null,
        "SourcePort":  null,
        "Protocol":  null,
        "QueryName":  null,
        "Details":  {
                        "Description":  "Microsoft® C Runtime Library",
                        "SignatureStatus":  "Valid",
                        "Signature":  "Microsoft Windows",
                        "Hashes":  "MD5=34692D0BDE33641B576C32165FBAAF6D,SHA256=FD1D0CC8A5AC8BF20AF9E1A7EC360DD76DC022DFE992556948DF1C17F7A714D2",
                        "Image":  "C:\\Users\\Stage.Ali\\Desktop\\Malware\\85e1cebb33b89a3d4d0d73344272bfdc74da38cf540721bb8426c23a7f444241.exe",
                        "UtcTime":  "2025-09-03 15:24:07.436",
                        "ProcessGuid":  "{f1988ae2-5d97-68b8-7300-000000001e00}",
                        "Company":  "Microsoft Corporation",
                        "ImageLoaded":  "C:\\Windows\\System32\\msvcp_win.dll",
                        "FileVersion":  "10.0.19041.789 (WinBuild.160101.0800)",
                        "User":  "DESKTOP-KVSEOF0\\Stage.Ali",
                        "RuleName":  "-",
                        "Product":  "Microsoft® Windows® Operating System",
                        "ProcessId":  "4512",
                        "OriginalFileName":  "msvcp_win.dll",
                        "Signed":  "true"
                    }
    },
    {
        "EventId":  7,
        "TimeCreated":  "\/Date(1756913047441)\/",
        "ProcessGuid":  "{f1988ae2-5d97-68b8-7300-000000001e00}",
        "ProcessId":  "4512",
        "ParentProcessGuid":  null,
        "Image":  "C:\\Users\\Stage.Ali\\Desktop\\Malware\\85e1cebb33b89a3d4d0d73344272bfdc74da38cf540721bb8426c23a7f444241.exe",
        "CommandLine":  null,
        "User":  "DESKTOP-KVSEOF0\\Stage.Ali",
        "TargetFilename":  null,
        "DestinationIp":  null,
        "DestinationPort":  null,
        "SourceIp":  null,
        "SourcePort":  null,
        "Protocol":  null,
        "QueryName":  null,
        "Details":  {
                        "Description":  "GDI Client DLL",
                        "SignatureStatus":  "Valid",
                        "Signature":  "Microsoft Windows",
                        "Hashes":  "MD5=5AFAF519DF51A2E14E1C1CCE05F9EBB4,SHA256=321A364EA6ED078FE669149AC9A1D5A0DC83C5F628AB23BCC050A0463D1B00EA",
                        "Image":  "C:\\Users\\Stage.Ali\\Desktop\\Malware\\85e1cebb33b89a3d4d0d73344272bfdc74da38cf540721bb8426c23a7f444241.exe",
                        "UtcTime":  "2025-09-03 15:24:07.436",
                        "ProcessGuid":  "{f1988ae2-5d97-68b8-7300-000000001e00}",
                        "Company":  "Microsoft Corporation",
                        "ImageLoaded":  "C:\\Windows\\System32\\gdi32full.dll",
                        "FileVersion":  "10.0.19041.2006 (WinBuild.160101.0800)",
                        "User":  "DESKTOP-KVSEOF0\\Stage.Ali",
                        "RuleName":  "-",
                        "Product":  "Microsoft® Windows® Operating System",
                        "ProcessId":  "4512",
                        "OriginalFileName":  "gdi32",
                        "Signed":  "true"
                    }
    },
    {
        "EventId":  7,
        "TimeCreated":  "\/Date(1756913047441)\/",
        "ProcessGuid":  "{f1988ae2-5d97-68b8-7300-000000001e00}",
        "ProcessId":  "4512",
        "ParentProcessGuid":  null,
        "Image":  "C:\\Users\\Stage.Ali\\Desktop\\Malware\\85e1cebb33b89a3d4d0d73344272bfdc74da38cf540721bb8426c23a7f444241.exe",
        "CommandLine":  null,
        "User":  "DESKTOP-KVSEOF0\\Stage.Ali",
        "TargetFilename":  null,
        "DestinationIp":  null,
        "DestinationPort":  null,
        "SourceIp":  null,
        "SourcePort":  null,
        "Protocol":  null,
        "QueryName":  null,
        "Details":  {
                        "Description":  "GDI Client DLL",
                        "SignatureStatus":  "Valid",
                        "Signature":  "Microsoft Windows",
                        "Hashes":  "MD5=9AADC5F610CD646176451D8EE2473090,SHA256=D8E4E66600A8D6EC0DFD1E213BD644178B3143E64C5EF0DCA898F8197E467D1D",
                        "Image":  "C:\\Users\\Stage.Ali\\Desktop\\Malware\\85e1cebb33b89a3d4d0d73344272bfdc74da38cf540721bb8426c23a7f444241.exe",
                        "UtcTime":  "2025-09-03 15:24:07.436",
                        "ProcessGuid":  "{f1988ae2-5d97-68b8-7300-000000001e00}",
                        "Company":  "Microsoft Corporation",
                        "ImageLoaded":  "C:\\Windows\\System32\\gdi32.dll",
                        "FileVersion":  "10.0.19041.1620 (WinBuild.160101.0800)",
                        "User":  "DESKTOP-KVSEOF0\\Stage.Ali",
                        "RuleName":  "-",
                        "Product":  "Microsoft® Windows® Operating System",
                        "ProcessId":  "4512",
                        "OriginalFileName":  "gdi32",
                        "Signed":  "true"
                    }
    },
    {
        "EventId":  7,
        "TimeCreated":  "\/Date(1756913047440)\/",
        "ProcessGuid":  "{f1988ae2-5d97-68b8-7300-000000001e00}",
        "ProcessId":  "4512",
        "ParentProcessGuid":  null,
        "Image":  "C:\\Users\\Stage.Ali\\Desktop\\Malware\\85e1cebb33b89a3d4d0d73344272bfdc74da38cf540721bb8426c23a7f444241.exe",
        "CommandLine":  null,
        "User":  "DESKTOP-KVSEOF0\\Stage.Ali",
        "TargetFilename":  null,
        "DestinationIp":  null,
        "DestinationPort":  null,
        "SourceIp":  null,
        "SourcePort":  null,
        "Protocol":  null,
        "QueryName":  null,
        "Details":  {
                        "Description":  "Win32u",
                        "SignatureStatus":  "Valid",
                        "Signature":  "Microsoft Windows",
                        "Hashes":  "MD5=4445DA64D295A18FD1E25C305CFE15BA,SHA256=9687B03D65D44C6EC1BAE230DD3BC834A7BF255D6B30F94C9F4E71F6EFA95D37",
                        "Image":  "C:\\Users\\Stage.Ali\\Desktop\\Malware\\85e1cebb33b89a3d4d0d73344272bfdc74da38cf540721bb8426c23a7f444241.exe",
                        "UtcTime":  "2025-09-03 15:24:07.436",
                        "ProcessGuid":  "{f1988ae2-5d97-68b8-7300-000000001e00}",
                        "Company":  "Microsoft Corporation",
                        "ImageLoaded":  "C:\\Windows\\System32\\win32u.dll",
                        "FileVersion":  "10.0.19041.2006 (WinBuild.160101.0800)",
                        "User":  "DESKTOP-KVSEOF0\\Stage.Ali",
                        "RuleName":  "-",
                        "Product":  "Microsoft® Windows® Operating System",
                        "ProcessId":  "4512",
                        "OriginalFileName":  "Win32u.DLL",
                        "Signed":  "true"
                    }
    },
    {
        "EventId":  7,
        "TimeCreated":  "\/Date(1756913047440)\/",
        "ProcessGuid":  "{f1988ae2-5d97-68b8-7300-000000001e00}",
        "ProcessId":  "4512",
        "ParentProcessGuid":  null,
        "Image":  "C:\\Users\\Stage.Ali\\Desktop\\Malware\\85e1cebb33b89a3d4d0d73344272bfdc74da38cf540721bb8426c23a7f444241.exe",
        "CommandLine":  null,
        "User":  "DESKTOP-KVSEOF0\\Stage.Ali",
        "TargetFilename":  null,
        "DestinationIp":  null,
        "DestinationPort":  null,
        "SourceIp":  null,
        "SourcePort":  null,
        "Protocol":  null,
        "QueryName":  null,
        "Details":  {
                        "Description":  "Multi-User Windows USER API Client DLL",
                        "SignatureStatus":  "Valid",
                        "Signature":  "Microsoft Windows",
                        "Hashes":  "MD5=3D2A6411D06E658A2AB3C893CA691EA3,SHA256=0178536E572F7443CE276C92EC19A2265CEBF223BE3B535423E537F8F8A14080",
                        "Image":  "C:\\Users\\Stage.Ali\\Desktop\\Malware\\85e1cebb33b89a3d4d0d73344272bfdc74da38cf540721bb8426c23a7f444241.exe",
                        "UtcTime":  "2025-09-03 15:24:07.436",
                        "ProcessGuid":  "{f1988ae2-5d97-68b8-7300-000000001e00}",
                        "Company":  "Microsoft Corporation",
                        "ImageLoaded":  "C:\\Windows\\System32\\user32.dll",
                        "FileVersion":  "10.0.19041.1503 (WinBuild.160101.0800)",
                        "User":  "DESKTOP-KVSEOF0\\Stage.Ali",
                        "RuleName":  "-",
                        "Product":  "Microsoft® Windows® Operating System",
                        "ProcessId":  "4512",
                        "OriginalFileName":  "user32",
                        "Signed":  "true"
                    }
    },
    {
        "EventId":  7,
        "TimeCreated":  "\/Date(1756913047438)\/",
        "ProcessGuid":  "{f1988ae2-5d97-68b8-7300-000000001e00}",
        "ProcessId":  "4512",
        "ParentProcessGuid":  null,
        "Image":  "C:\\Users\\Stage.Ali\\Desktop\\Malware\\85e1cebb33b89a3d4d0d73344272bfdc74da38cf540721bb8426c23a7f444241.exe",
        "CommandLine":  null,
        "User":  "DESKTOP-KVSEOF0\\Stage.Ali",
        "TargetFilename":  null,
        "DestinationIp":  null,
        "DestinationPort":  null,
        "SourceIp":  null,
        "SourcePort":  null,
        "Protocol":  null,
        "QueryName":  null,
        "Details":  {
                        "Description":  "Microsoft .NET Runtime Common Language Runtime - WorkStation",
                        "SignatureStatus":  "Valid",
                        "Signature":  "Microsoft Corporation",
                        "Hashes":  "MD5=2B0E5597FF51A3A4D5BB2DDAB0214531,SHA256=8D09CE35C987EADCF01686BB559920951B0116985FE4FEB5A488A6A8F7C4BDB9",
                        "Image":  "C:\\Users\\Stage.Ali\\Desktop\\Malware\\85e1cebb33b89a3d4d0d73344272bfdc74da38cf540721bb8426c23a7f444241.exe",
                        "UtcTime":  "2025-09-03 15:24:07.436",
                        "ProcessGuid":  "{f1988ae2-5d97-68b8-7300-000000001e00}",
                        "Company":  "Microsoft Corporation",
                        "ImageLoaded":  "C:\\Windows\\Microsoft.NET\\Framework64\\v4.0.30319\\clr.dll",
                        "FileVersion":  "4.8.4515.0 built by: NET48REL1LAST_C",
                        "User":  "DESKTOP-KVSEOF0\\Stage.Ali",
                        "RuleName":  "-",
                        "Product":  "Microsoft® .NET Framework",
                        "ProcessId":  "4512",
                        "OriginalFileName":  "clr.dll",
                        "Signed":  "true"
                    }
    },
    {
        "EventId":  7,
        "TimeCreated":  "\/Date(1756913047437)\/",
        "ProcessGuid":  "{f1988ae2-5d97-68b8-7300-000000001e00}",
        "ProcessId":  "4512",
        "ParentProcessGuid":  null,
        "Image":  "C:\\Users\\Stage.Ali\\Desktop\\Malware\\85e1cebb33b89a3d4d0d73344272bfdc74da38cf540721bb8426c23a7f444241.exe",
        "CommandLine":  null,
        "User":  "DESKTOP-KVSEOF0\\Stage.Ali",
        "TargetFilename":  null,
        "DestinationIp":  null,
        "DestinationPort":  null,
        "SourceIp":  null,
        "SourcePort":  null,
        "Protocol":  null,
        "QueryName":  null,
        "Details":  {
                        "Description":  "Version Checking and File Installation Libraries",
                        "SignatureStatus":  "Valid",
                        "Signature":  "Microsoft Windows",
                        "Hashes":  "MD5=17C1E1099B65051BB6DEC71FEA37315B,SHA256=E549D528FEE40208DF2DD911C2D96B29D02DF7BEF9B30C93285F4A2F3E1AD5B0",
                        "Image":  "C:\\Users\\Stage.Ali\\Desktop\\Malware\\85e1cebb33b89a3d4d0d73344272bfdc74da38cf540721bb8426c23a7f444241.exe",
                        "UtcTime":  "2025-09-03 15:24:07.436",
                        "ProcessGuid":  "{f1988ae2-5d97-68b8-7300-000000001e00}",
                        "Company":  "Microsoft Corporation",
                        "ImageLoaded":  "C:\\Windows\\System32\\version.dll",
                        "FileVersion":  "10.0.19041.546 (WinBuild.160101.0800)",
                        "User":  "DESKTOP-KVSEOF0\\Stage.Ali",
                        "RuleName":  "-",
                        "Product":  "Microsoft® Windows® Operating System",
                        "ProcessId":  "4512",
                        "OriginalFileName":  "VERSION.DLL",
                        "Signed":  "true"
                    }
    },
    {
        "EventId":  7,
        "TimeCreated":  "\/Date(1756913047436)\/",
        "ProcessGuid":  "{f1988ae2-5d97-68b8-7300-000000001e00}",
        "ProcessId":  "4512",
        "ParentProcessGuid":  null,
        "Image":  "C:\\Users\\Stage.Ali\\Desktop\\Malware\\85e1cebb33b89a3d4d0d73344272bfdc74da38cf540721bb8426c23a7f444241.exe",
        "CommandLine":  null,
        "User":  "DESKTOP-KVSEOF0\\Stage.Ali",
        "TargetFilename":  null,
        "DestinationIp":  null,
        "DestinationPort":  null,
        "SourceIp":  null,
        "SourcePort":  null,
        "Protocol":  null,
        "QueryName":  null,
        "Details":  {
                        "Description":  "AppModel API Host",
                        "SignatureStatus":  "Valid",
                        "Signature":  "Microsoft Windows",
                        "Hashes":  "MD5=AF68FDDB20DF61ECE812B542176949E4,SHA256=7D6C60195DFB05EEC27377AE25D9AD259D7FDF85FA71D2AA855FD4129C2AADC2",
                        "Image":  "C:\\Users\\Stage.Ali\\Desktop\\Malware\\85e1cebb33b89a3d4d0d73344272bfdc74da38cf540721bb8426c23a7f444241.exe",
                        "UtcTime":  "2025-09-03 15:24:07.430",
                        "ProcessGuid":  "{f1988ae2-5d97-68b8-7300-000000001e00}",
                        "Company":  "Microsoft Corporation",
                        "ImageLoaded":  "C:\\Windows\\System32\\kernel.appcore.dll",
                        "FileVersion":  "10.0.19041.546 (WinBuild.160101.0800)",
                        "User":  "DESKTOP-KVSEOF0\\Stage.Ali",
                        "RuleName":  "-",
                        "Product":  "Microsoft® Windows® Operating System",
                        "ProcessId":  "4512",
                        "OriginalFileName":  "kernel.appcore.dll",
                        "Signed":  "true"
                    }
    },
    {
        "EventId":  7,
        "TimeCreated":  "\/Date(1756913047434)\/",
        "ProcessGuid":  "{f1988ae2-5d97-68b8-7300-000000001e00}",
        "ProcessId":  "4512",
        "ParentProcessGuid":  null,
        "Image":  "C:\\Users\\Stage.Ali\\Desktop\\Malware\\85e1cebb33b89a3d4d0d73344272bfdc74da38cf540721bb8426c23a7f444241.exe",
        "CommandLine":  null,
        "User":  "DESKTOP-KVSEOF0\\Stage.Ali",
        "TargetFilename":  null,
        "DestinationIp":  null,
        "DestinationPort":  null,
        "SourceIp":  null,
        "SourcePort":  null,
        "Protocol":  null,
        "QueryName":  null,
        "Details":  {
                        "Description":  "Shell Light-weight Utility Library",
                        "SignatureStatus":  "Valid",
                        "Signature":  "Microsoft Windows",
                        "Hashes":  "MD5=13EF6F7E64605548F3E832697423AFD6,SHA256=64B860AA8F41B4C0B8FB41B5CB3A4B7CD89A23A6AA5720DA5BD93711AE6E72AE",
                        "Image":  "C:\\Users\\Stage.Ali\\Desktop\\Malware\\85e1cebb33b89a3d4d0d73344272bfdc74da38cf540721bb8426c23a7f444241.exe",
                        "UtcTime":  "2025-09-03 15:24:07.430",
                        "ProcessGuid":  "{f1988ae2-5d97-68b8-7300-000000001e00}",
                        "Company":  "Microsoft Corporation",
                        "ImageLoaded":  "C:\\Windows\\System32\\shlwapi.dll",
                        "FileVersion":  "10.0.19041.1706 (WinBuild.160101.0800)",
                        "User":  "DESKTOP-KVSEOF0\\Stage.Ali",
                        "RuleName":  "-",
                        "Product":  "Microsoft® Windows® Operating System",
                        "ProcessId":  "4512",
                        "OriginalFileName":  "SHLWAPI.DLL",
                        "Signed":  "true"
                    }
    },
    {
        "EventId":  7,
        "TimeCreated":  "\/Date(1756913047434)\/",
        "ProcessGuid":  "{f1988ae2-5d97-68b8-7300-000000001e00}",
        "ProcessId":  "4512",
        "ParentProcessGuid":  null,
        "Image":  "C:\\Users\\Stage.Ali\\Desktop\\Malware\\85e1cebb33b89a3d4d0d73344272bfdc74da38cf540721bb8426c23a7f444241.exe",
        "CommandLine":  null,
        "User":  "DESKTOP-KVSEOF0\\Stage.Ali",
        "TargetFilename":  null,
        "DestinationIp":  null,
        "DestinationPort":  null,
        "SourceIp":  null,
        "SourcePort":  null,
        "Protocol":  null,
        "QueryName":  null,
        "Details":  {
                        "Description":  "Microsoft .NET Runtime Execution Engine",
                        "SignatureStatus":  "Valid",
                        "Signature":  "Microsoft Corporation",
                        "Hashes":  "MD5=899A8B655E52A061B33571D97C5C06ED,SHA256=DE05B03E37FB9BA5D74CF8FA36A6F0B15AB61705285B738BC90D14FDE580A45E",
                        "Image":  "C:\\Users\\Stage.Ali\\Desktop\\Malware\\85e1cebb33b89a3d4d0d73344272bfdc74da38cf540721bb8426c23a7f444241.exe",
                        "UtcTime":  "2025-09-03 15:24:07.430",
                        "ProcessGuid":  "{f1988ae2-5d97-68b8-7300-000000001e00}",
                        "Company":  "Microsoft Corporation",
                        "ImageLoaded":  "C:\\Windows\\Microsoft.NET\\Framework64\\v4.0.30319\\mscoreei.dll",
                        "FileVersion":  "4.8.4180.0 built by: NET48REL1LAST_B",
                        "User":  "DESKTOP-KVSEOF0\\Stage.Ali",
                        "RuleName":  "-",
                        "Product":  "Microsoft® .NET Framework",
                        "ProcessId":  "4512",
                        "OriginalFileName":  "mscoreei.dll",
                        "Signed":  "true"
                    }
    },
    {
        "EventId":  7,
        "TimeCreated":  "\/Date(1756913047429)\/",
        "ProcessGuid":  "{f1988ae2-5d97-68b8-7300-000000001e00}",
        "ProcessId":  "4512",
        "ParentProcessGuid":  null,
        "Image":  "C:\\Users\\Stage.Ali\\Desktop\\Malware\\85e1cebb33b89a3d4d0d73344272bfdc74da38cf540721bb8426c23a7f444241.exe",
        "CommandLine":  null,
        "User":  "DESKTOP-KVSEOF0\\Stage.Ali",
        "TargetFilename":  null,
        "DestinationIp":  null,
        "DestinationPort":  null,
        "SourceIp":  null,
        "SourcePort":  null,
        "Protocol":  null,
        "QueryName":  null,
        "Details":  {
                        "Description":  "Remote Procedure Call Runtime",
                        "SignatureStatus":  "Valid",
                        "Signature":  "Microsoft Windows",
                        "Hashes":  "MD5=7706E6B63269C9668FB714E5772AC10D,SHA256=29EF6D71E4385A4498B3F9AFD9713FF3C4BE4456CB117F6BB190169DFD063495",
                        "Image":  "C:\\Users\\Stage.Ali\\Desktop\\Malware\\85e1cebb33b89a3d4d0d73344272bfdc74da38cf540721bb8426c23a7f444241.exe",
                        "UtcTime":  "2025-09-03 15:24:07.403",
                        "ProcessGuid":  "{f1988ae2-5d97-68b8-7300-000000001e00}",
                        "Company":  "Microsoft Corporation",
                        "ImageLoaded":  "C:\\Windows\\System32\\rpcrt4.dll",
                        "FileVersion":  "10.0.19041.1806 (WinBuild.160101.0800)",
                        "User":  "DESKTOP-KVSEOF0\\Stage.Ali",
                        "RuleName":  "-",
                        "Product":  "Microsoft® Windows® Operating System",
                        "ProcessId":  "4512",
                        "OriginalFileName":  "rpcrt4.dll",
                        "Signed":  "true"
                    }
    },
    {
        "EventId":  7,
        "TimeCreated":  "\/Date(1756913047428)\/",
        "ProcessGuid":  "{f1988ae2-5d97-68b8-7300-000000001e00}",
        "ProcessId":  "4512",
        "ParentProcessGuid":  null,
        "Image":  "C:\\Users\\Stage.Ali\\Desktop\\Malware\\85e1cebb33b89a3d4d0d73344272bfdc74da38cf540721bb8426c23a7f444241.exe",
        "CommandLine":  null,
        "User":  "DESKTOP-KVSEOF0\\Stage.Ali",
        "TargetFilename":  null,
        "DestinationIp":  null,
        "DestinationPort":  null,
        "SourceIp":  null,
        "SourcePort":  null,
        "Protocol":  null,
        "QueryName":  null,
        "Details":  {
                        "Description":  "Host for SCM/SDDL/LSA Lookup APIs",
                        "SignatureStatus":  "Valid",
                        "Signature":  "Microsoft Windows",
                        "Hashes":  "MD5=38FE2E2B7171FBDEA5A166FAA0F5D8C8,SHA256=3787035268930B726D0D2F3F209C667C7A3664AA6F597CD08447514DCDE01965",
                        "Image":  "C:\\Users\\Stage.Ali\\Desktop\\Malware\\85e1cebb33b89a3d4d0d73344272bfdc74da38cf540721bb8426c23a7f444241.exe",
                        "UtcTime":  "2025-09-03 15:24:07.403",
                        "ProcessGuid":  "{f1988ae2-5d97-68b8-7300-000000001e00}",
                        "Company":  "Microsoft Corporation",
                        "ImageLoaded":  "C:\\Windows\\System32\\sechost.dll",
                        "FileVersion":  "10.0.19041.1865 (WinBuild.160101.0800)",
                        "User":  "DESKTOP-KVSEOF0\\Stage.Ali",
                        "RuleName":  "-",
                        "Product":  "Microsoft® Windows® Operating System",
                        "ProcessId":  "4512",
                        "OriginalFileName":  "sechost.dll",
                        "Signed":  "true"
                    }
    },
    {
        "EventId":  7,
        "TimeCreated":  "\/Date(1756913047428)\/",
        "ProcessGuid":  "{f1988ae2-5d97-68b8-7300-000000001e00}",
        "ProcessId":  "4512",
        "ParentProcessGuid":  null,
        "Image":  "C:\\Users\\Stage.Ali\\Desktop\\Malware\\85e1cebb33b89a3d4d0d73344272bfdc74da38cf540721bb8426c23a7f444241.exe",
        "CommandLine":  null,
        "User":  "DESKTOP-KVSEOF0\\Stage.Ali",
        "TargetFilename":  null,
        "DestinationIp":  null,
        "DestinationPort":  null,
        "SourceIp":  null,
        "SourcePort":  null,
        "Protocol":  null,
        "QueryName":  null,
        "Details":  {
                        "Description":  "Windows NT CRT DLL",
                        "SignatureStatus":  "Valid",
                        "Signature":  "Microsoft Windows",
                        "Hashes":  "MD5=A4F2D5942FB447CD48A5CEE414983E85,SHA256=DD7C8BC34CDBE30EF921395E874909BBF6BE53803822164F75F7207E9F085650",
                        "Image":  "C:\\Users\\Stage.Ali\\Desktop\\Malware\\85e1cebb33b89a3d4d0d73344272bfdc74da38cf540721bb8426c23a7f444241.exe",
                        "UtcTime":  "2025-09-03 15:24:07.403",
                        "ProcessGuid":  "{f1988ae2-5d97-68b8-7300-000000001e00}",
                        "Company":  "Microsoft Corporation",
                        "ImageLoaded":  "C:\\Windows\\System32\\msvcrt.dll",
                        "FileVersion":  "7.0.19041.546 (WinBuild.160101.0800)",
                        "User":  "DESKTOP-KVSEOF0\\Stage.Ali",
                        "RuleName":  "-",
                        "Product":  "Microsoft® Windows® Operating System",
                        "ProcessId":  "4512",
                        "OriginalFileName":  "msvcrt.dll",
                        "Signed":  "true"
                    }
    },
    {
        "EventId":  7,
        "TimeCreated":  "\/Date(1756913047426)\/",
        "ProcessGuid":  "{f1988ae2-5d97-68b8-7300-000000001e00}",
        "ProcessId":  "4512",
        "ParentProcessGuid":  null,
        "Image":  "C:\\Users\\Stage.Ali\\Desktop\\Malware\\85e1cebb33b89a3d4d0d73344272bfdc74da38cf540721bb8426c23a7f444241.exe",
        "CommandLine":  null,
        "User":  "DESKTOP-KVSEOF0\\Stage.Ali",
        "TargetFilename":  null,
        "DestinationIp":  null,
        "DestinationPort":  null,
        "SourceIp":  null,
        "SourcePort":  null,
        "Protocol":  null,
        "QueryName":  null,
        "Details":  {
                        "Description":  "Advanced Windows 32 Base API",
                        "SignatureStatus":  "Valid",
                        "Signature":  "Microsoft Windows",
                        "Hashes":  "MD5=7EBC4745686496918EF54660CB9640DE,SHA256=5B3ED19956537019C29AABC9DF6B8669C8EF725090BB76DAE46D5E093AB7ED09",
                        "Image":  "C:\\Users\\Stage.Ali\\Desktop\\Malware\\85e1cebb33b89a3d4d0d73344272bfdc74da38cf540721bb8426c23a7f444241.exe",
                        "UtcTime":  "2025-09-03 15:24:07.403",
                        "ProcessGuid":  "{f1988ae2-5d97-68b8-7300-000000001e00}",
                        "Company":  "Microsoft Corporation",
                        "ImageLoaded":  "C:\\Windows\\System32\\advapi32.dll",
                        "FileVersion":  "10.0.19041.1682 (WinBuild.160101.0800)",
                        "User":  "DESKTOP-KVSEOF0\\Stage.Ali",
                        "RuleName":  "-",
                        "Product":  "Microsoft® Windows® Operating System",
                        "ProcessId":  "4512",
                        "OriginalFileName":  "advapi32.dll",
                        "Signed":  "true"
                    }
    },
    {
        "EventId":  7,
        "TimeCreated":  "\/Date(1756913047425)\/",
        "ProcessGuid":  "{f1988ae2-5d97-68b8-7300-000000001e00}",
        "ProcessId":  "4512",
        "ParentProcessGuid":  null,
        "Image":  "C:\\Users\\Stage.Ali\\Desktop\\Malware\\85e1cebb33b89a3d4d0d73344272bfdc74da38cf540721bb8426c23a7f444241.exe",
        "CommandLine":  null,
        "User":  "DESKTOP-KVSEOF0\\Stage.Ali",
        "TargetFilename":  null,
        "DestinationIp":  null,
        "DestinationPort":  null,
        "SourceIp":  null,
        "SourcePort":  null,
        "Protocol":  null,
        "QueryName":  null,
        "Details":  {
                        "Description":  "Application Compatibility Client Library",
                        "SignatureStatus":  "Valid",
                        "Signature":  "Microsoft Windows",
                        "Hashes":  "MD5=20001393B469DFFA4349E76E787ED83A,SHA256=2236A6C3DDDE48543D50826FFF355AD7BBACF9BD1424A24C10647326F0B8D7EE",
                        "Image":  "C:\\Users\\Stage.Ali\\Desktop\\Malware\\85e1cebb33b89a3d4d0d73344272bfdc74da38cf540721bb8426c23a7f444241.exe",
                        "UtcTime":  "2025-09-03 15:24:07.403",
                        "ProcessGuid":  "{f1988ae2-5d97-68b8-7300-000000001e00}",
                        "Company":  "Microsoft Corporation",
                        "ImageLoaded":  "C:\\Windows\\System32\\apphelp.dll",
                        "FileVersion":  "10.0.19041.1320 (WinBuild.160101.0800)",
                        "User":  "DESKTOP-KVSEOF0\\Stage.Ali",
                        "RuleName":  "-",
                        "Product":  "Microsoft® Windows® Operating System",
                        "ProcessId":  "4512",
                        "OriginalFileName":  "Apphelp",
                        "Signed":  "true"
                    }
    },
    {
        "EventId":  7,
        "TimeCreated":  "\/Date(1756913047420)\/",
        "ProcessGuid":  "{f1988ae2-5d97-68b8-7300-000000001e00}",
        "ProcessId":  "4512",
        "ParentProcessGuid":  null,
        "Image":  "C:\\Users\\Stage.Ali\\Desktop\\Malware\\85e1cebb33b89a3d4d0d73344272bfdc74da38cf540721bb8426c23a7f444241.exe",
        "CommandLine":  null,
        "User":  "DESKTOP-KVSEOF0\\Stage.Ali",
        "TargetFilename":  null,
        "DestinationIp":  null,
        "DestinationPort":  null,
        "SourceIp":  null,
        "SourcePort":  null,
        "Protocol":  null,
        "QueryName":  null,
        "Details":  {
                        "Description":  "Windows NT BASE API Client DLL",
                        "SignatureStatus":  "Valid",
                        "Signature":  "Microsoft Windows",
                        "Hashes":  "MD5=28D93A964448E1A2B9AD5FE42261CEFF,SHA256=69322712A09C847305323DAFD0F2C62DF6013EF6FB6F2D9220FA4ECD51A4F42D",
                        "Image":  "C:\\Users\\Stage.Ali\\Desktop\\Malware\\85e1cebb33b89a3d4d0d73344272bfdc74da38cf540721bb8426c23a7f444241.exe",
                        "UtcTime":  "2025-09-03 15:24:07.403",
                        "ProcessGuid":  "{f1988ae2-5d97-68b8-7300-000000001e00}",
                        "Company":  "Microsoft Corporation",
                        "ImageLoaded":  "C:\\Windows\\System32\\KernelBase.dll",
                        "FileVersion":  "10.0.19041.1949 (WinBuild.160101.0800)",
                        "User":  "DESKTOP-KVSEOF0\\Stage.Ali",
                        "RuleName":  "-",
                        "Product":  "Microsoft® Windows® Operating System",
                        "ProcessId":  "4512",
                        "OriginalFileName":  "Kernelbase.dll",
                        "Signed":  "true"
                    }
    },
