[
    {
        "EventId":  7,
        "TimeCreated":  "\/Date(1756913081037)\/",
        "ProcessGuid":  "{f1988ae2-5d99-68b8-7a00-000000001e00}",
        "ProcessId":  "5004",
        "ParentProcessGuid":  null,
        "Image":  "C:\\Windows\\System32\\wscript.exe",
        "CommandLine":  null,
        "User":  "DESKTOP-KVSEOF0\\Stage.Ali",
        "TargetFilename":  null,
        "DestinationIp":  null,
        "DestinationPort":  null,
        "SourceIp":  null,
        "SourcePort":  null,
        "Protocol":  null,
        "QueryName":  null,
        "Details":  {
                        "Description":  "Microsoft WinRT Storage API",
                        "SignatureStatus":  "Valid",
                        "Signature":  "Microsoft Windows",
                        "Hashes":  "MD5=B280766A83DD14A246A5BE89B7460C38,SHA256=BDB55BF25FEE04F381FF5A1F5ECA4AF5B64C272AEBC384CE67FA9B29D62E4EE9",
                        "Image":  "C:\\Windows\\System32\\wscript.exe",
                        "UtcTime":  "2025-09-03 15:24:41.008",
                        "ProcessGuid":  "{f1988ae2-5d99-68b8-7a00-000000001e00}",
                        "Company":  "Microsoft Corporation",
                        "ImageLoaded":  "C:\\Windows\\System32\\windows.storage.dll",
                        "FileVersion":  "10.0.19041.1949 (WinBuild.160101.0800)",
                        "User":  "DESKTOP-KVSEOF0\\Stage.Ali",
                        "RuleName":  "-",
                        "Product":  "Microsoft® Windows® Operating System",
                        "ProcessId":  "5004",
                        "OriginalFileName":  "Windows.Storage.dll",
                        "Signed":  "true"
                    }
    },
    {
        "EventId":  7,
        "TimeCreated":  "\/Date(1756913057175)\/",
        "ProcessGuid":  "{f1988ae2-5d9c-68b8-8a00-000000001e00}",
        "ProcessId":  "5680",
        "ParentProcessGuid":  null,
        "Image":  "C:\\Windows\\System32\\WerFault.exe",
        "CommandLine":  null,
        "User":  "DESKTOP-KVSEOF0\\Stage.Ali",
        "TargetFilename":  null,
        "DestinationIp":  null,
        "DestinationPort":  null,
        "SourceIp":  null,
        "SourcePort":  null,
        "Protocol":  null,
        "QueryName":  null,
        "Details":  {
                        "Description":  "Remote Access AutoDial Helper",
                        "SignatureStatus":  "Valid",
                        "Signature":  "Microsoft Windows",
                        "Hashes":  "MD5=1FA4C02BE0E529389C1C7243C3A23B34,SHA256=09C0AE0B24ECD58687CF629AE25348EECEEA7347E7D425F0ECCC74B808A5D1F3",
                        "Image":  "C:\\Windows\\System32\\WerFault.exe",
                        "UtcTime":  "2025-09-03 15:24:16.146",
                        "ProcessGuid":  "{f1988ae2-5d9c-68b8-8a00-000000001e00}",
                        "Company":  "Microsoft Corporation",
                        "ImageLoaded":  "C:\\Windows\\System32\\rasadhlp.dll",
                        "FileVersion":  "10.0.19041.546 (WinBuild.160101.0800)",
                        "User":  "DESKTOP-KVSEOF0\\Stage.Ali",
                        "RuleName":  "-",
                        "Product":  "Microsoft® Windows® Operating System",
                        "ProcessId":  "5680",
                        "OriginalFileName":  "rasadhlp.dll",
                        "Signed":  "true"
                    }
    },
    {
        "EventId":  7,
        "TimeCreated":  "\/Date(1756913057156)\/",
        "ProcessGuid":  "{f1988ae2-5d9c-68b8-8a00-000000001e00}",
        "ProcessId":  "5680",
        "ParentProcessGuid":  null,
        "Image":  "C:\\Windows\\System32\\WerFault.exe",
        "CommandLine":  null,
        "User":  "DESKTOP-KVSEOF0\\Stage.Ali",
        "TargetFilename":  null,
        "DestinationIp":  null,
        "DestinationPort":  null,
        "SourceIp":  null,
        "SourcePort":  null,
        "Protocol":  null,
        "QueryName":  null,
        "Details":  {
                        "Description":  "Web Transfer Protocols API",
                        "SignatureStatus":  "Valid",
                        "Signature":  "Microsoft Windows",
                        "Hashes":  "MD5=1EFFEEFBFCFF001DA791ED4CC90F0AB8,SHA256=228B57B4267EEB161B15406D29338A30C8403DA6CDB654DA3F570070BB4F930E",
                        "Image":  "C:\\Windows\\System32\\WerFault.exe",
                        "UtcTime":  "2025-09-03 15:24:16.051",
                        "ProcessGuid":  "{f1988ae2-5d9c-68b8-8a00-000000001e00}",
                        "Company":  "Microsoft Corporation",
                        "ImageLoaded":  "C:\\Windows\\System32\\webio.dll",
                        "FileVersion":  "10.0.19041.1620 (WinBuild.160101.0800)",
                        "User":  "DESKTOP-KVSEOF0\\Stage.Ali",
                        "RuleName":  "-",
                        "Product":  "Microsoft® Windows® Operating System",
                        "ProcessId":  "5680",
                        "OriginalFileName":  "webio.dll",
                        "Signed":  "true"
                    }
    },
    {
        "EventId":  7,
        "TimeCreated":  "\/Date(1756913056490)\/",
        "ProcessGuid":  "{f1988ae2-5d9c-68b8-8a00-000000001e00}",
        "ProcessId":  "5680",
        "ParentProcessGuid":  null,
        "Image":  "C:\\Windows\\System32\\WerFault.exe",
        "CommandLine":  null,
        "User":  "DESKTOP-KVSEOF0\\Stage.Ali",
        "TargetFilename":  null,
        "DestinationIp":  null,
        "DestinationPort":  null,
        "SourceIp":  null,
        "SourcePort":  null,
        "Protocol":  null,
        "QueryName":  null,
        "Details":  {
                        "Description":  "Windows Runtime OnlineId Authentication DLL",
                        "SignatureStatus":  "Valid",
                        "Signature":  "Microsoft Windows",
                        "Hashes":  "MD5=97A2658FBC93E3303B820B00301205CE,SHA256=350CA19F38373F99669999E6085ABE0024D4D6328E4313ED5A9BFC9B4FE10BBF",
                        "Image":  "C:\\Windows\\System32\\WerFault.exe",
                        "UtcTime":  "2025-09-03 15:24:15.277",
                        "ProcessGuid":  "{f1988ae2-5d9c-68b8-8a00-000000001e00}",
                        "Company":  "Microsoft Corporation",
                        "ImageLoaded":  "C:\\Windows\\System32\\Windows.Security.Authentication.OnlineId.dll",
                        "FileVersion":  "10.0.19041.746 (WinBuild.160101.0800)",
                        "User":  "DESKTOP-KVSEOF0\\Stage.Ali",
                        "RuleName":  "-",
                        "Product":  "Microsoft® Windows® Operating System",
                        "ProcessId":  "5680",
                        "OriginalFileName":  "Windows.Security.Authentication.OnlineId.dll",
                        "Signed":  "true"
                    }
    },
    {
        "EventId":  7,
        "TimeCreated":  "\/Date(1756913056425)\/",
        "ProcessGuid":  "{f1988ae2-5d9c-68b8-8a00-000000001e00}",
        "ProcessId":  "5680",
        "ParentProcessGuid":  null,
        "Image":  "C:\\Windows\\System32\\WerFault.exe",
        "CommandLine":  null,
        "User":  "DESKTOP-KVSEOF0\\Stage.Ali",
        "TargetFilename":  null,
        "DestinationIp":  null,
        "DestinationPort":  null,
        "SourceIp":  null,
        "SourcePort":  null,
        "Protocol":  null,
        "QueryName":  null,
        "Details":  {
                        "Description":  "twinapi.appcore",
                        "SignatureStatus":  "Valid",
                        "Signature":  "Microsoft Windows",
                        "Hashes":  "MD5=5248CFCD276AE3E4D341436B2224CBAF,SHA256=90A7AAF30BBD7299AD757034B8DE55808D7A380B168B59C2D7DEF8E02A6E9A47",
                        "Image":  "C:\\Windows\\System32\\WerFault.exe",
                        "UtcTime":  "2025-09-03 15:24:16.401",
                        "ProcessGuid":  "{f1988ae2-5d9c-68b8-8a00-000000001e00}",
                        "Company":  "Microsoft Corporation",
                        "ImageLoaded":  "C:\\Windows\\System32\\twinapi.appcore.dll",
                        "FileVersion":  "10.0.19041.1865 (WinBuild.160101.0800)",
                        "User":  "DESKTOP-KVSEOF0\\Stage.Ali",
                        "RuleName":  "-",
                        "Product":  "Microsoft® Windows® Operating System",
                        "ProcessId":  "5680",
                        "OriginalFileName":  "twinapi.appcore.dll",
                        "Signed":  "true"
                    }
    },
    {
        "EventId":  7,
        "TimeCreated":  "\/Date(1756913056423)\/",
        "ProcessGuid":  "{f1988ae2-5d9c-68b8-8a00-000000001e00}",
        "ProcessId":  "5680",
        "ParentProcessGuid":  null,
        "Image":  "C:\\Windows\\System32\\WerFault.exe",
        "CommandLine":  null,
        "User":  "DESKTOP-KVSEOF0\\Stage.Ali",
        "TargetFilename":  null,
        "DestinationIp":  null,
        "DestinationPort":  null,
        "SourceIp":  null,
        "SourcePort":  null,
        "Protocol":  null,
        "QueryName":  null,
        "Details":  {
                        "Description":  "Flight Settings",
                        "SignatureStatus":  "Valid",
                        "Signature":  "Microsoft Windows",
                        "Hashes":  "MD5=3B6890538B7C7C5FF1198713AC97FB42,SHA256=5E7794CF68C08C705DA9809627E395976F8A7157EFD7B7290E0392324ABF8393",
                        "Image":  "C:\\Windows\\System32\\WerFault.exe",
                        "UtcTime":  "2025-09-03 15:24:16.396",
                        "ProcessGuid":  "{f1988ae2-5d9c-68b8-8a00-000000001e00}",
                        "Company":  "Microsoft Corporation",
                        "ImageLoaded":  "C:\\Windows\\System32\\FlightSettings.dll",
                        "FileVersion":  "10.0.19041.1865 (WinBuild.160101.0800)",
                        "User":  "DESKTOP-KVSEOF0\\Stage.Ali",
                        "RuleName":  "-",
                        "Product":  "Microsoft® Windows® Operating System",
                        "ProcessId":  "5680",
                        "OriginalFileName":  "flightsettings.dll",
                        "Signed":  "true"
                    }
    },
    {
        "EventId":  7,
        "TimeCreated":  "\/Date(1756913056423)\/",
        "ProcessGuid":  "{f1988ae2-5d9c-68b8-8a00-000000001e00}",
        "ProcessId":  "5680",
        "ParentProcessGuid":  null,
        "Image":  "C:\\Windows\\System32\\WerFault.exe",
        "CommandLine":  null,
        "User":  "DESKTOP-KVSEOF0\\Stage.Ali",
        "TargetFilename":  null,
        "DestinationIp":  null,
        "DestinationPort":  null,
        "SourceIp":  null,
        "SourcePort":  null,
        "Protocol":  null,
        "QueryName":  null,
        "Details":  {
                        "Description":  "Policy Manager DLL",
                        "SignatureStatus":  "Valid",
                        "Signature":  "Microsoft Windows",
                        "Hashes":  "MD5=BCD77D0E06A6E2EBB22B3106E2AB67A3,SHA256=93CA15C84D667849D8B9D9E79D24CFC08624BCE0F4B591DBDB153B40358E836A",
                        "Image":  "C:\\Windows\\System32\\WerFault.exe",
                        "UtcTime":  "2025-09-03 15:24:16.392",
                        "ProcessGuid":  "{f1988ae2-5d9c-68b8-8a00-000000001e00}",
                        "Company":  "Microsoft Corporation",
                        "ImageLoaded":  "C:\\Windows\\System32\\policymanager.dll",
                        "FileVersion":  "10.0.19041.1865 (WinBuild.160101.0800)",
                        "User":  "DESKTOP-KVSEOF0\\Stage.Ali",
                        "RuleName":  "-",
                        "Product":  "Microsoft® Windows® Operating System",
                        "ProcessId":  "5680",
                        "OriginalFileName":  "PolicyManager.dll",
                        "Signed":  "true"
                    }
    },
    {
        "EventId":  7,
        "TimeCreated":  "\/Date(1756913056420)\/",
        "ProcessGuid":  "{f1988ae2-5d9c-68b8-8a00-000000001e00}",
        "ProcessId":  "5680",
        "ParentProcessGuid":  null,
        "Image":  "C:\\Windows\\System32\\WerFault.exe",
        "CommandLine":  null,
        "User":  "DESKTOP-KVSEOF0\\Stage.Ali",
        "TargetFilename":  null,
        "DestinationIp":  null,
        "DestinationPort":  null,
        "SourceIp":  null,
        "SourcePort":  null,
        "Protocol":  null,
        "QueryName":  null,
        "Details":  {
                        "Description":  "Flight Settings",
                        "SignatureStatus":  "Valid",
                        "Signature":  "Microsoft Windows",
                        "Hashes":  "MD5=3B6890538B7C7C5FF1198713AC97FB42,SHA256=5E7794CF68C08C705DA9809627E395976F8A7157EFD7B7290E0392324ABF8393",
                        "Image":  "C:\\Windows\\System32\\WerFault.exe",
                        "UtcTime":  "2025-09-03 15:24:16.391",
                        "ProcessGuid":  "{f1988ae2-5d9c-68b8-8a00-000000001e00}",
                        "Company":  "Microsoft Corporation",
                        "ImageLoaded":  "C:\\Windows\\System32\\FlightSettings.dll",
                        "FileVersion":  "10.0.19041.1865 (WinBuild.160101.0800)",
                        "User":  "DESKTOP-KVSEOF0\\Stage.Ali",
                        "RuleName":  "-",
                        "Product":  "Microsoft® Windows® Operating System",
                        "ProcessId":  "5680",
                        "OriginalFileName":  "flightsettings.dll",
                        "Signed":  "true"
                    }
    },
    {
        "EventId":  7,
        "TimeCreated":  "\/Date(1756913056219)\/",
        "ProcessGuid":  "{f1988ae2-5d9c-68b8-8a00-000000001e00}",
        "ProcessId":  "5680",
        "ParentProcessGuid":  null,
        "Image":  "C:\\Windows\\System32\\WerFault.exe",
        "CommandLine":  null,
        "User":  "DESKTOP-KVSEOF0\\Stage.Ali",
        "TargetFilename":  null,
        "DestinationIp":  null,
        "DestinationPort":  null,
        "SourceIp":  null,
        "SourcePort":  null,
        "Protocol":  null,
        "QueryName":  null,
        "Details":  {
                        "Description":  "Policy Manager DLL",
                        "SignatureStatus":  "Valid",
                        "Signature":  "Microsoft Windows",
                        "Hashes":  "MD5=BCD77D0E06A6E2EBB22B3106E2AB67A3,SHA256=93CA15C84D667849D8B9D9E79D24CFC08624BCE0F4B591DBDB153B40358E836A",
                        "Image":  "C:\\Windows\\System32\\WerFault.exe",
                        "UtcTime":  "2025-09-03 15:24:16.217",
                        "ProcessGuid":  "{f1988ae2-5d9c-68b8-8a00-000000001e00}",
                        "Company":  "Microsoft Corporation",
                        "ImageLoaded":  "C:\\Windows\\System32\\policymanager.dll",
                        "FileVersion":  "10.0.19041.1865 (WinBuild.160101.0800)",
                        "User":  "DESKTOP-KVSEOF0\\Stage.Ali",
                        "RuleName":  "-",
                        "Product":  "Microsoft® Windows® Operating System",
                        "ProcessId":  "5680",
                        "OriginalFileName":  "PolicyManager.dll",
                        "Signed":  "true"
                    }
    },
    {
        "EventId":  7,
        "TimeCreated":  "\/Date(1756913056219)\/",
        "ProcessGuid":  "{f1988ae2-5d9c-68b8-8a00-000000001e00}",
        "ProcessId":  "5680",
        "ParentProcessGuid":  null,
        "Image":  "C:\\Windows\\System32\\WerFault.exe",
        "CommandLine":  null,
        "User":  "DESKTOP-KVSEOF0\\Stage.Ali",
        "TargetFilename":  null,
        "DestinationIp":  null,
        "DestinationPort":  null,
        "SourceIp":  null,
        "SourcePort":  null,
        "Protocol":  null,
        "QueryName":  null,
        "Details":  {
                        "Description":  "Policy Manager DLL",
                        "SignatureStatus":  "Valid",
                        "Signature":  "Microsoft Windows",
                        "Hashes":  "MD5=BCD77D0E06A6E2EBB22B3106E2AB67A3,SHA256=93CA15C84D667849D8B9D9E79D24CFC08624BCE0F4B591DBDB153B40358E836A",
                        "Image":  "C:\\Windows\\System32\\WerFault.exe",
                        "UtcTime":  "2025-09-03 15:24:16.214",
                        "ProcessGuid":  "{f1988ae2-5d9c-68b8-8a00-000000001e00}",
                        "Company":  "Microsoft Corporation",
                        "ImageLoaded":  "C:\\Windows\\System32\\policymanager.dll",
                        "FileVersion":  "10.0.19041.1865 (WinBuild.160101.0800)",
                        "User":  "DESKTOP-KVSEOF0\\Stage.Ali",
                        "RuleName":  "-",
                        "Product":  "Microsoft® Windows® Operating System",
                        "ProcessId":  "5680",
                        "OriginalFileName":  "PolicyManager.dll",
                        "Signed":  "true"
                    }
    },
    {
        "EventId":  7,
        "TimeCreated":  "\/Date(1756913056218)\/",
        "ProcessGuid":  "{f1988ae2-5d9c-68b8-8a00-000000001e00}",
        "ProcessId":  "5680",
        "ParentProcessGuid":  null,
        "Image":  "C:\\Windows\\System32\\WerFault.exe",
        "CommandLine":  null,
        "User":  "DESKTOP-KVSEOF0\\Stage.Ali",
        "TargetFilename":  null,
        "DestinationIp":  null,
        "DestinationPort":  null,
        "SourceIp":  null,
        "SourcePort":  null,
        "Protocol":  null,
        "QueryName":  null,
        "Details":  {
                        "Description":  "Policy Manager DLL",
                        "SignatureStatus":  "Valid",
                        "Signature":  "Microsoft Windows",
                        "Hashes":  "MD5=BCD77D0E06A6E2EBB22B3106E2AB67A3,SHA256=93CA15C84D667849D8B9D9E79D24CFC08624BCE0F4B591DBDB153B40358E836A",
                        "Image":  "C:\\Windows\\System32\\WerFault.exe",
                        "UtcTime":  "2025-09-03 15:24:16.212",
                        "ProcessGuid":  "{f1988ae2-5d9c-68b8-8a00-000000001e00}",
                        "Company":  "Microsoft Corporation",
                        "ImageLoaded":  "C:\\Windows\\System32\\policymanager.dll",
                        "FileVersion":  "10.0.19041.1865 (WinBuild.160101.0800)",
                        "User":  "DESKTOP-KVSEOF0\\Stage.Ali",
                        "RuleName":  "-",
                        "Product":  "Microsoft® Windows® Operating System",
                        "ProcessId":  "5680",
                        "OriginalFileName":  "PolicyManager.dll",
                        "Signed":  "true"
                    }
    },
    {
        "EventId":  7,
        "TimeCreated":  "\/Date(1756913056217)\/",
        "ProcessGuid":  "{f1988ae2-5d9c-68b8-8a00-000000001e00}",
        "ProcessId":  "5680",
        "ParentProcessGuid":  null,
        "Image":  "C:\\Windows\\System32\\WerFault.exe",
        "CommandLine":  null,
        "User":  "DESKTOP-KVSEOF0\\Stage.Ali",
        "TargetFilename":  null,
        "DestinationIp":  null,
        "DestinationPort":  null,
        "SourceIp":  null,
        "SourcePort":  null,
        "Protocol":  null,
        "QueryName":  null,
        "Details":  {
                        "Description":  "Policy Manager DLL",
                        "SignatureStatus":  "Valid",
                        "Signature":  "Microsoft Windows",
                        "Hashes":  "MD5=BCD77D0E06A6E2EBB22B3106E2AB67A3,SHA256=93CA15C84D667849D8B9D9E79D24CFC08624BCE0F4B591DBDB153B40358E836A",
                        "Image":  "C:\\Windows\\System32\\WerFault.exe",
                        "UtcTime":  "2025-09-03 15:24:16.209",
                        "ProcessGuid":  "{f1988ae2-5d9c-68b8-8a00-000000001e00}",
                        "Company":  "Microsoft Corporation",
                        "ImageLoaded":  "C:\\Windows\\System32\\policymanager.dll",
                        "FileVersion":  "10.0.19041.1865 (WinBuild.160101.0800)",
                        "User":  "DESKTOP-KVSEOF0\\Stage.Ali",
                        "RuleName":  "-",
                        "Product":  "Microsoft® Windows® Operating System",
                        "ProcessId":  "5680",
                        "OriginalFileName":  "PolicyManager.dll",
                        "Signed":  "true"
                    }
    },
    {
        "EventId":  7,
        "TimeCreated":  "\/Date(1756913056143)\/",
        "ProcessGuid":  "{f1988ae2-5d9c-68b8-8a00-000000001e00}",
        "ProcessId":  "5680",
        "ParentProcessGuid":  null,
        "Image":  "C:\\Windows\\System32\\WerFault.exe",
        "CommandLine":  null,
        "User":  "DESKTOP-KVSEOF0\\Stage.Ali",
        "TargetFilename":  null,
        "DestinationIp":  null,
        "DestinationPort":  null,
        "SourceIp":  null,
        "SourcePort":  null,
        "Protocol":  null,
        "QueryName":  null,
        "Details":  {
                        "Description":  "DNS Client API DLL",
                        "SignatureStatus":  "Valid",
                        "Signature":  "Microsoft Windows",
                        "Hashes":  "MD5=C34BA7E91B599463DA4E7B6FA5207BE7,SHA256=BCA211583CFF649E8743F71680C29F2E129BBCC18CCEE4DBB60FD3FA5B896433",
                        "Image":  "C:\\Windows\\System32\\WerFault.exe",
                        "UtcTime":  "2025-09-03 15:24:16.136",
                        "ProcessGuid":  "{f1988ae2-5d9c-68b8-8a00-000000001e00}",
                        "Company":  "Microsoft Corporation",
                        "ImageLoaded":  "C:\\Windows\\System32\\dnsapi.dll",
                        "FileVersion":  "10.0.19041.1865 (WinBuild.160101.0800)",
                        "User":  "DESKTOP-KVSEOF0\\Stage.Ali",
                        "RuleName":  "-",
                        "Product":  "Microsoft® Windows® Operating System",
                        "ProcessId":  "5680",
                        "OriginalFileName":  "dnsapi",
                        "Signed":  "true"
                    }
    },
    {
        "EventId":  7,
        "TimeCreated":  "\/Date(1756913056087)\/",
        "ProcessGuid":  "{f1988ae2-5d9c-68b8-8a00-000000001e00}",
        "ProcessId":  "5680",
        "ParentProcessGuid":  null,
        "Image":  "C:\\Windows\\System32\\WerFault.exe",
        "CommandLine":  null,
        "User":  "DESKTOP-KVSEOF0\\Stage.Ali",
        "TargetFilename":  null,
        "DestinationIp":  null,
        "DestinationPort":  null,
        "SourceIp":  null,
        "SourcePort":  null,
        "Protocol":  null,
        "QueryName":  null,
        "Details":  {
                        "Description":  "Security Support Provider Interface",
                        "SignatureStatus":  "Valid",
                        "Signature":  "Microsoft Windows",
                        "Hashes":  "MD5=869BBCC3D381349C64B34BC03325E338,SHA256=8950C1EB84C1B11D58759AD091E6A1B4FCDB50209AEA28EA48CD3E640D4C4FD3",
                        "Image":  "C:\\Windows\\System32\\WerFault.exe",
                        "UtcTime":  "2025-09-03 15:24:16.081",
                        "ProcessGuid":  "{f1988ae2-5d9c-68b8-8a00-000000001e00}",
                        "Company":  "Microsoft Corporation",
                        "ImageLoaded":  "C:\\Windows\\System32\\sspicli.dll",
                        "FileVersion":  "10.0.19041.1586 (WinBuild.160101.0800)",
                        "User":  "DESKTOP-KVSEOF0\\Stage.Ali",
                        "RuleName":  "-",
                        "Product":  "Microsoft® Windows® Operating System",
                        "ProcessId":  "5680",
                        "OriginalFileName":  "sspicli.dll",
                        "Signed":  "true"
                    }
    },
    {
        "EventId":  7,
        "TimeCreated":  "\/Date(1756913056034)\/",
        "ProcessGuid":  "{f1988ae2-5d9c-68b8-8a00-000000001e00}",
        "ProcessId":  "5680",
        "ParentProcessGuid":  null,
        "Image":  "C:\\Windows\\System32\\WerFault.exe",
        "CommandLine":  null,
        "User":  "DESKTOP-KVSEOF0\\Stage.Ali",
        "TargetFilename":  null,
        "DestinationIp":  null,
        "DestinationPort":  null,
        "SourceIp":  null,
        "SourcePort":  null,
        "Protocol":  null,
        "QueryName":  null,
        "Details":  {
                        "Description":  "Flight Settings",
                        "SignatureStatus":  "Valid",
                        "Signature":  "Microsoft Windows",
                        "Hashes":  "MD5=3B6890538B7C7C5FF1198713AC97FB42,SHA256=5E7794CF68C08C705DA9809627E395976F8A7157EFD7B7290E0392324ABF8393",
                        "Image":  "C:\\Windows\\System32\\WerFault.exe",
                        "UtcTime":  "2025-09-03 15:24:14.377",
                        "ProcessGuid":  "{f1988ae2-5d9c-68b8-8a00-000000001e00}",
                        "Company":  "Microsoft Corporation",
                        "ImageLoaded":  "C:\\Windows\\System32\\FlightSettings.dll",
                        "FileVersion":  "10.0.19041.1865 (WinBuild.160101.0800)",
                        "User":  "DESKTOP-KVSEOF0\\Stage.Ali",
                        "RuleName":  "-",
                        "Product":  "Microsoft® Windows® Operating System",
                        "ProcessId":  "5680",
                        "OriginalFileName":  "flightsettings.dll",
                        "Signed":  "true"
                    }
    },
    {
        "EventId":  7,
        "TimeCreated":  "\/Date(1756913056034)\/",
        "ProcessGuid":  "{f1988ae2-5d9c-68b8-8a00-000000001e00}",
        "ProcessId":  "5680",
        "ParentProcessGuid":  null,
        "Image":  "C:\\Windows\\System32\\WerFault.exe",
        "CommandLine":  null,
        "User":  "DESKTOP-KVSEOF0\\Stage.Ali",
        "TargetFilename":  null,
        "DestinationIp":  null,
        "DestinationPort":  null,
        "SourceIp":  null,
        "SourcePort":  null,
        "Protocol":  null,
        "QueryName":  null,
        "Details":  {
                        "Description":  "Flight Settings",
                        "SignatureStatus":  "Valid",
                        "Signature":  "Microsoft Windows",
                        "Hashes":  "MD5=3B6890538B7C7C5FF1198713AC97FB42,SHA256=5E7794CF68C08C705DA9809627E395976F8A7157EFD7B7290E0392324ABF8393",
                        "Image":  "C:\\Windows\\System32\\WerFault.exe",
                        "UtcTime":  "2025-09-03 15:24:14.381",
                        "ProcessGuid":  "{f1988ae2-5d9c-68b8-8a00-000000001e00}",
                        "Company":  "Microsoft Corporation",
                        "ImageLoaded":  "C:\\Windows\\System32\\FlightSettings.dll",
                        "FileVersion":  "10.0.19041.1865 (WinBuild.160101.0800)",
                        "User":  "DESKTOP-KVSEOF0\\Stage.Ali",
                        "RuleName":  "-",
                        "Product":  "Microsoft® Windows® Operating System",
                        "ProcessId":  "5680",
                        "OriginalFileName":  "flightsettings.dll",
                        "Signed":  "true"
                    }
    },
    {
        "EventId":  7,
        "TimeCreated":  "\/Date(1756913056034)\/",
        "ProcessGuid":  "{f1988ae2-5d9c-68b8-8a00-000000001e00}",
        "ProcessId":  "5680",
        "ParentProcessGuid":  null,
        "Image":  "C:\\Windows\\System32\\WerFault.exe",
        "CommandLine":  null,
        "User":  "DESKTOP-KVSEOF0\\Stage.Ali",
        "TargetFilename":  null,
        "DestinationIp":  null,
        "DestinationPort":  null,
        "SourceIp":  null,
        "SourcePort":  null,
        "Protocol":  null,
        "QueryName":  null,
        "Details":  {
                        "Description":  "Flight Settings",
                        "SignatureStatus":  "Valid",
                        "Signature":  "Microsoft Windows",
                        "Hashes":  "MD5=3B6890538B7C7C5FF1198713AC97FB42,SHA256=5E7794CF68C08C705DA9809627E395976F8A7157EFD7B7290E0392324ABF8393",
                        "Image":  "C:\\Windows\\System32\\WerFault.exe",
                        "UtcTime":  "2025-09-03 15:24:15.672",
                        "ProcessGuid":  "{f1988ae2-5d9c-68b8-8a00-000000001e00}",
                        "Company":  "Microsoft Corporation",
                        "ImageLoaded":  "C:\\Windows\\System32\\FlightSettings.dll",
                        "FileVersion":  "10.0.19041.1865 (WinBuild.160101.0800)",
                        "User":  "DESKTOP-KVSEOF0\\Stage.Ali",
                        "RuleName":  "-",
                        "Product":  "Microsoft® Windows® Operating System",
                        "ProcessId":  "5680",
                        "OriginalFileName":  "flightsettings.dll",
                        "Signed":  "true"
                    }
    },
    {
        "EventId":  7,
        "TimeCreated":  "\/Date(1756913056034)\/",
        "ProcessGuid":  "{f1988ae2-5d9c-68b8-8a00-000000001e00}",
        "ProcessId":  "5680",
        "ParentProcessGuid":  null,
        "Image":  "C:\\Windows\\System32\\WerFault.exe",
        "CommandLine":  null,
        "User":  "DESKTOP-KVSEOF0\\Stage.Ali",
        "TargetFilename":  null,
        "DestinationIp":  null,
        "DestinationPort":  null,
        "SourceIp":  null,
        "SourcePort":  null,
        "Protocol":  null,
        "QueryName":  null,
        "Details":  {
                        "Description":  "Flight Settings",
                        "SignatureStatus":  "Valid",
                        "Signature":  "Microsoft Windows",
                        "Hashes":  "MD5=3B6890538B7C7C5FF1198713AC97FB42,SHA256=5E7794CF68C08C705DA9809627E395976F8A7157EFD7B7290E0392324ABF8393",
                        "Image":  "C:\\Windows\\System32\\WerFault.exe",
                        "UtcTime":  "2025-09-03 15:24:15.672",
                        "ProcessGuid":  "{f1988ae2-5d9c-68b8-8a00-000000001e00}",
                        "Company":  "Microsoft Corporation",
                        "ImageLoaded":  "C:\\Windows\\System32\\FlightSettings.dll",
                        "FileVersion":  "10.0.19041.1865 (WinBuild.160101.0800)",
                        "User":  "DESKTOP-KVSEOF0\\Stage.Ali",
                        "RuleName":  "-",
                        "Product":  "Microsoft® Windows® Operating System",
                        "ProcessId":  "5680",
                        "OriginalFileName":  "flightsettings.dll",
                        "Signed":  "true"
                    }
    },
    {
        "EventId":  7,
        "TimeCreated":  "\/Date(1756913056020)\/",
        "ProcessGuid":  "{f1988ae2-5d9c-68b8-8a00-000000001e00}",
        "ProcessId":  "5680",
        "ParentProcessGuid":  null,
        "Image":  "C:\\Windows\\System32\\WerFault.exe",
        "CommandLine":  null,
        "User":  "DESKTOP-KVSEOF0\\Stage.Ali",
        "TargetFilename":  null,
        "DestinationIp":  null,
        "DestinationPort":  null,
        "SourceIp":  null,
        "SourcePort":  null,
        "Protocol":  null,
        "QueryName":  null,
        "Details":  {
                        "Description":  "DHCP Client Service",
                        "SignatureStatus":  "Valid",
                        "Signature":  "Microsoft Windows",
                        "Hashes":  "MD5=EFD044561283666CD952467783D77C5E,SHA256=59A7047DD7C701EDDEE6B7718BECAFBD3DA693F80A83CBF28DBC74127963905C",
                        "Image":  "C:\\Windows\\System32\\WerFault.exe",
                        "UtcTime":  "2025-09-03 15:24:16.004",
                        "ProcessGuid":  "{f1988ae2-5d9c-68b8-8a00-000000001e00}",
                        "Company":  "Microsoft Corporation",
                        "ImageLoaded":  "C:\\Windows\\System32\\dhcpcsvc.dll",
                        "FileVersion":  "10.0.19041.1949 (WinBuild.160101.0800)",
                        "User":  "DESKTOP-KVSEOF0\\Stage.Ali",
                        "RuleName":  "-",
                        "Product":  "Microsoft® Windows® Operating System",
                        "ProcessId":  "5680",
                        "OriginalFileName":  "dhcpcsvc.dll",
                        "Signed":  "true"
                    }
    },
    {
        "EventId":  7,
        "TimeCreated":  "\/Date(1756913055989)\/",
        "ProcessGuid":  "{f1988ae2-5d9c-68b8-8a00-000000001e00}",
        "ProcessId":  "5680",
        "ParentProcessGuid":  null,
        "Image":  "C:\\Windows\\System32\\WerFault.exe",
        "CommandLine":  null,
        "User":  "DESKTOP-KVSEOF0\\Stage.Ali",
        "TargetFilename":  null,
        "DestinationIp":  null,
        "DestinationPort":  null,
        "SourceIp":  null,
        "SourcePort":  null,
        "Protocol":  null,
        "QueryName":  null,
        "Details":  {
                        "Description":  "Net Win32 API DLL",
                        "SignatureStatus":  "Valid",
                        "Signature":  "Microsoft Windows",
                        "Hashes":  "MD5=C359956B91ACFCD7B9DB8C0965E2603F,SHA256=5DF050A7F480F23EB9A444E5BF238B7A621FDB4FF259EE5BBD35E7EE64429D27",
                        "Image":  "C:\\Windows\\System32\\WerFault.exe",
                        "UtcTime":  "2025-09-03 15:24:14.344",
                        "ProcessGuid":  "{f1988ae2-5d9c-68b8-8a00-000000001e00}",
                        "Company":  "Microsoft Corporation",
                        "ImageLoaded":  "C:\\Windows\\System32\\netapi32.dll",
                        "FileVersion":  "10.0.19041.1949 (WinBuild.160101.0800)",
                        "User":  "DESKTOP-KVSEOF0\\Stage.Ali",
                        "RuleName":  "-",
                        "Product":  "Microsoft® Windows® Operating System",
                        "ProcessId":  "5680",
                        "OriginalFileName":  "NetApi32.DLL",
                        "Signed":  "true"
                    }
    },
    {
        "EventId":  7,
        "TimeCreated":  "\/Date(1756913055980)\/",
        "ProcessGuid":  "{f1988ae2-5d9c-68b8-8a00-000000001e00}",
        "ProcessId":  "5680",
        "ParentProcessGuid":  null,
        "Image":  "C:\\Windows\\System32\\WerFault.exe",
        "CommandLine":  null,
        "User":  "DESKTOP-KVSEOF0\\Stage.Ali",
        "TargetFilename":  null,
        "DestinationIp":  null,
        "DestinationPort":  null,
        "SourceIp":  null,
        "SourcePort":  null,
        "Protocol":  null,
        "QueryName":  null,
        "Details":  {
                        "Description":  "Standard application verifier provider dll",
                        "SignatureStatus":  "Valid",
                        "Signature":  "Microsoft Windows",
                        "Hashes":  "MD5=ADF0F2F7AB69B71E73895FD23949B318,SHA256=C1228EB181AC5FC2B6F8404404D6C5E04D78D7C85C4502D1453EAD4616F21A28",
                        "Image":  "C:\\Windows\\System32\\WerFault.exe",
                        "UtcTime":  "2025-09-03 15:24:14.311",
                        "ProcessGuid":  "{f1988ae2-5d9c-68b8-8a00-000000001e00}",
                        "Company":  "Microsoft Corporation",
                        "ImageLoaded":  "C:\\Windows\\System32\\verifier.dll",
                        "FileVersion":  "10.0.19041.1 (WinBuild.160101.0800)",
                        "User":  "DESKTOP-KVSEOF0\\Stage.Ali",
                        "RuleName":  "-",
                        "Product":  "Microsoft® Windows® Operating System",
                        "ProcessId":  "5680",
                        "OriginalFileName":  "verifier.dll",
                        "Signed":  "true"
                    }
    },
    {
        "EventId":  7,
        "TimeCreated":  "\/Date(1756913055979)\/",
        "ProcessGuid":  "{f1988ae2-5d9c-68b8-8a00-000000001e00}",
        "ProcessId":  "5680",
        "ParentProcessGuid":  null,
        "Image":  "C:\\Windows\\System32\\WerFault.exe",
        "CommandLine":  null,
        "User":  "DESKTOP-KVSEOF0\\Stage.Ali",
        "TargetFilename":  null,
        "DestinationIp":  null,
        "DestinationPort":  null,
        "SourceIp":  null,
        "SourcePort":  null,
        "Protocol":  null,
        "QueryName":  null,
        "Details":  {
                        "Description":  "DHCPv6 Client",
                        "SignatureStatus":  "Valid",
                        "Signature":  "Microsoft Windows",
                        "Hashes":  "MD5=A0C0B3B98BD5D6B9657C688953255626,SHA256=CF0E25225BC79C33D49FE17E337941518F8F090DBA3F01131C4502FB251A53A1",
                        "Image":  "C:\\Windows\\System32\\WerFault.exe",
                        "UtcTime":  "2025-09-03 15:24:15.973",
                        "ProcessGuid":  "{f1988ae2-5d9c-68b8-8a00-000000001e00}",
                        "Company":  "Microsoft Corporation",
                        "ImageLoaded":  "C:\\Windows\\System32\\dhcpcsvc6.dll",
                        "FileVersion":  "10.0.19041.1949 (WinBuild.160101.0800)",
                        "User":  "DESKTOP-KVSEOF0\\Stage.Ali",
                        "RuleName":  "-",
                        "Product":  "Microsoft® Windows® Operating System",
                        "ProcessId":  "5680",
                        "OriginalFileName":  "dhcpcsvc6.dll",
                        "Signed":  "true"
                    }
    },
    {
        "EventId":  7,
        "TimeCreated":  "\/Date(1756913055819)\/",
        "ProcessGuid":  "{f1988ae2-5d9c-68b8-8a00-000000001e00}",
        "ProcessId":  "5680",
        "ParentProcessGuid":  null,
        "Image":  "C:\\Windows\\System32\\WerFault.exe",
        "CommandLine":  null,
        "User":  "DESKTOP-KVSEOF0\\Stage.Ali",
        "TargetFilename":  null,
        "DestinationIp":  null,
        "DestinationPort":  null,
        "SourceIp":  null,
        "SourcePort":  null,
        "Protocol":  null,
        "QueryName":  null,
        "Details":  {
                        "Description":  "NSI User-mode interface DLL",
                        "SignatureStatus":  "Valid",
                        "Signature":  "Microsoft Windows",
                        "Hashes":  "MD5=3BACC52F844EA1B30B8EF8BA0D08BF0D,SHA256=21293C3D3BA83CCC45135F33D2C70BFFAE7A347E9F0B9FD556622CEF99291923",
                        "Image":  "C:\\Windows\\System32\\WerFault.exe",
                        "UtcTime":  "2025-09-03 15:24:15.754",
                        "ProcessGuid":  "{f1988ae2-5d9c-68b8-8a00-000000001e00}",
                        "Company":  "Microsoft Corporation",
                        "ImageLoaded":  "C:\\Windows\\System32\\nsi.dll",
                        "FileVersion":  "10.0.19041.610 (WinBuild.160101.0800)",
                        "User":  "DESKTOP-KVSEOF0\\Stage.Ali",
                        "RuleName":  "-",
                        "Product":  "Microsoft® Windows® Operating System",
                        "ProcessId":  "5680",
                        "OriginalFileName":  "nsi.dll",
                        "Signed":  "true"
                    }
    },
    {
        "EventId":  7,
        "TimeCreated":  "\/Date(1756913055819)\/",
        "ProcessGuid":  "{f1988ae2-5d9c-68b8-8a00-000000001e00}",
        "ProcessId":  "5680",
        "ParentProcessGuid":  null,
        "Image":  "C:\\Windows\\System32\\WerFault.exe",
        "CommandLine":  null,
        "User":  "DESKTOP-KVSEOF0\\Stage.Ali",
        "TargetFilename":  null,
        "DestinationIp":  null,
        "DestinationPort":  null,
        "SourceIp":  null,
        "SourcePort":  null,
        "Protocol":  null,
        "QueryName":  null,
        "Details":  {
                        "Description":  "Network Store Information RPC interface",
                        "SignatureStatus":  "Valid",
                        "Signature":  "Microsoft Windows",
                        "Hashes":  "MD5=C552B64BAD90764055C33E68EC8250F9,SHA256=4824FCE965B9DEC8D78842CDC3EBCDF8D2D2ED15DE05D5007FB18C1B2DE79E11",
                        "Image":  "C:\\Windows\\System32\\WerFault.exe",
                        "UtcTime":  "2025-09-03 15:24:15.754",
                        "ProcessGuid":  "{f1988ae2-5d9c-68b8-8a00-000000001e00}",
                        "Company":  "Microsoft Corporation",
                        "ImageLoaded":  "C:\\Windows\\System32\\winnsi.dll",
                        "FileVersion":  "10.0.19041.546 (WinBuild.160101.0800)",
                        "User":  "DESKTOP-KVSEOF0\\Stage.Ali",
                        "RuleName":  "-",
                        "Product":  "Microsoft® Windows® Operating System",
                        "ProcessId":  "5680",
                        "OriginalFileName":  "winnsi.dll",
                        "Signed":  "true"
                    }
    },
    {
        "EventId":  7,
        "TimeCreated":  "\/Date(1756913055819)\/",
        "ProcessGuid":  "{f1988ae2-5d9c-68b8-8a00-000000001e00}",
        "ProcessId":  "5680",
        "ParentProcessGuid":  null,
        "Image":  "C:\\Windows\\System32\\WerFault.exe",
        "CommandLine":  null,
        "User":  "DESKTOP-KVSEOF0\\Stage.Ali",
        "TargetFilename":  null,
        "DestinationIp":  null,
        "DestinationPort":  null,
        "SourceIp":  null,
        "SourcePort":  null,
        "Protocol":  null,
        "QueryName":  null,
        "Details":  {
                        "Description":  "IP Helper API",
                        "SignatureStatus":  "Valid",
                        "Signature":  "Microsoft Windows",
                        "Hashes":  "MD5=86018413EDD46079D6FF4763B52185FC,SHA256=74B5CFB52EAC2B768BD75A2F96AE5A353ADA2F7EF76283BE4F0A2416ABC9A8BE",
                        "Image":  "C:\\Windows\\System32\\WerFault.exe",
                        "UtcTime":  "2025-09-03 15:24:15.753",
                        "ProcessGuid":  "{f1988ae2-5d9c-68b8-8a00-000000001e00}",
                        "Company":  "Microsoft Corporation",
                        "ImageLoaded":  "C:\\Windows\\System32\\IPHLPAPI.DLL",
                        "FileVersion":  "10.0.19041.1865 (WinBuild.160101.0800)",
                        "User":  "DESKTOP-KVSEOF0\\Stage.Ali",
                        "RuleName":  "-",
                        "Product":  "Microsoft® Windows® Operating System",
                        "ProcessId":  "5680",
                        "OriginalFileName":  "iphlpapi.dll",
                        "Signed":  "true"
                    }
    },
    {
        "EventId":  7,
        "TimeCreated":  "\/Date(1756913055819)\/",
        "ProcessGuid":  "{f1988ae2-5d9c-68b8-8a00-000000001e00}",
        "ProcessId":  "5680",
        "ParentProcessGuid":  null,
        "Image":  "C:\\Windows\\System32\\WerFault.exe",
        "CommandLine":  null,
        "User":  "DESKTOP-KVSEOF0\\Stage.Ali",
        "TargetFilename":  null,
        "DestinationIp":  null,
        "DestinationPort":  null,
        "SourceIp":  null,
        "SourcePort":  null,
        "Protocol":  null,
        "QueryName":  null,
        "Details":  {
                        "Description":  "Microsoft Windows Sockets 2.0 Service Provider",
                        "SignatureStatus":  "Valid",
                        "Signature":  "Microsoft Windows",
                        "Hashes":  "MD5=89CA286E36756DD0DDE53ACD953F44DC,SHA256=055F34466511DBEBA4F082B110216CE9C1C7F056D4F1440D62D5442971A7B1CC",
                        "Image":  "C:\\Windows\\System32\\WerFault.exe",
                        "UtcTime":  "2025-09-03 15:24:15.748",
                        "ProcessGuid":  "{f1988ae2-5d9c-68b8-8a00-000000001e00}",
                        "Company":  "Microsoft Corporation",
                        "ImageLoaded":  "C:\\Windows\\System32\\mswsock.dll",
                        "FileVersion":  "10.0.19041.546 (WinBuild.160101.0800)",
                        "User":  "DESKTOP-KVSEOF0\\Stage.Ali",
                        "RuleName":  "-",
                        "Product":  "Microsoft® Windows® Operating System",
                        "ProcessId":  "5680",
                        "OriginalFileName":  "mswsock.dll",
                        "Signed":  "true"
                    }
    },
    {
        "EventId":  7,
        "TimeCreated":  "\/Date(1756913055819)\/",
        "ProcessGuid":  "{f1988ae2-5d9c-68b8-8a00-000000001e00}",
        "ProcessId":  "5680",
        "ParentProcessGuid":  null,
        "Image":  "C:\\Windows\\System32\\WerFault.exe",
        "CommandLine":  null,
        "User":  "DESKTOP-KVSEOF0\\Stage.Ali",
        "TargetFilename":  null,
        "DestinationIp":  null,
        "DestinationPort":  null,
        "SourceIp":  null,
        "SourcePort":  null,
        "Protocol":  null,
        "QueryName":  null,
        "Details":  {
                        "Description":  "On Demand Connctiond Route Helper",
                        "SignatureStatus":  "Valid",
                        "Signature":  "Microsoft Windows",
                        "Hashes":  "MD5=1F009DE6A013A282D07436241512C056,SHA256=C897C345C3BCF3E96589A0FEEEA8B6D26CF33C091AC3EE2162DD27F8A79C3FF5",
                        "Image":  "C:\\Windows\\System32\\WerFault.exe",
                        "UtcTime":  "2025-09-03 15:24:15.745",
                        "ProcessGuid":  "{f1988ae2-5d9c-68b8-8a00-000000001e00}",
                        "Company":  "Microsoft Corporation",
                        "ImageLoaded":  "C:\\Windows\\System32\\OnDemandConnRouteHelper.dll",
                        "FileVersion":  "10.0.19041.546 (WinBuild.160101.0800)",
                        "User":  "DESKTOP-KVSEOF0\\Stage.Ali",
                        "RuleName":  "-",
                        "Product":  "Microsoft® Windows® Operating System",
                        "ProcessId":  "5680",
                        "OriginalFileName":  "OnDemandConnRouteHelper.dll",
                        "Signed":  "true"
                    }
    },
    {
        "EventId":  7,
        "TimeCreated":  "\/Date(1756913055815)\/",
        "ProcessGuid":  "{f1988ae2-5d9c-68b8-8a00-000000001e00}",
        "ProcessId":  "5680",
        "ParentProcessGuid":  null,
        "Image":  "C:\\Windows\\System32\\WerFault.exe",
        "CommandLine":  null,
        "User":  "DESKTOP-KVSEOF0\\Stage.Ali",
        "TargetFilename":  null,
        "DestinationIp":  null,
        "DestinationPort":  null,
        "SourceIp":  null,
        "SourcePort":  null,
        "Protocol":  null,
        "QueryName":  null,
        "Details":  {
                        "Description":  "Windows Socket 2.0 32-Bit DLL",
                        "SignatureStatus":  "Valid",
                        "Signature":  "Microsoft Windows",
                        "Hashes":  "MD5=6EED88C1206032A2797ABF131C6242CF,SHA256=1F996574F38219CDD848375F517F8D86E17542BC84D64CCE63AA0C64CC15F22D",
                        "Image":  "C:\\Windows\\System32\\WerFault.exe",
                        "UtcTime":  "2025-09-03 15:24:15.744",
                        "ProcessGuid":  "{f1988ae2-5d9c-68b8-8a00-000000001e00}",
                        "Company":  "Microsoft Corporation",
                        "ImageLoaded":  "C:\\Windows\\System32\\ws2_32.dll",
                        "FileVersion":  "10.0.19041.546 (WinBuild.160101.0800)",
                        "User":  "DESKTOP-KVSEOF0\\Stage.Ali",
                        "RuleName":  "-",
                        "Product":  "Microsoft® Windows® Operating System",
                        "ProcessId":  "5680",
                        "OriginalFileName":  "ws2_32.dll",
                        "Signed":  "true"
                    }
    },
    {
        "EventId":  7,
        "TimeCreated":  "\/Date(1756913055815)\/",
        "ProcessGuid":  "{f1988ae2-5d9c-68b8-8a00-000000001e00}",
        "ProcessId":  "5680",
        "ParentProcessGuid":  null,
        "Image":  "C:\\Windows\\System32\\WerFault.exe",
        "CommandLine":  null,
        "User":  "DESKTOP-KVSEOF0\\Stage.Ali",
        "TargetFilename":  null,
        "DestinationIp":  null,
        "DestinationPort":  null,
        "SourceIp":  null,
        "SourcePort":  null,
        "Protocol":  null,
        "QueryName":  null,
        "Details":  {
                        "Description":  "Windows HTTP Services",
                        "SignatureStatus":  "Valid",
                        "Signature":  "Microsoft Windows",
                        "Hashes":  "MD5=9CB035E4505B5B69EF0D91F8F8F9773C,SHA256=B88B89F8786DF4FE0E495674974F9CC7ABB71CE59151D01BEF893F0B625B03FA",
                        "Image":  "C:\\Windows\\System32\\WerFault.exe",
                        "UtcTime":  "2025-09-03 15:24:15.742",
                        "ProcessGuid":  "{f1988ae2-5d9c-68b8-8a00-000000001e00}",
                        "Company":  "Microsoft Corporation",
                        "ImageLoaded":  "C:\\Windows\\System32\\winhttp.dll",
                        "FileVersion":  "10.0.19041.1682 (WinBuild.160101.0800)",
                        "User":  "DESKTOP-KVSEOF0\\Stage.Ali",
                        "RuleName":  "-",
                        "Product":  "Microsoft® Windows® Operating System",
                        "ProcessId":  "5680",
                        "OriginalFileName":  "winhttp.dll",
                        "Signed":  "true"
                    }
    },
