    {
        "EventId":  7,
        "TimeCreated":  "\/Date(1756913054756)\/",
        "ProcessGuid":  "{f1988ae2-5d9c-68b8-8a00-000000001e00}",
        "ProcessId":  "5680",
        "ParentProcessGuid":  null,
        "Image":  "C:\\Windows\\System32\\WerFault.exe",
        "CommandLine":  null,
        "User":  "DESKTOP-KVSEOF0\\Stage.Ali",
        "TargetFilename":  null,
        "DestinationIp":  null,
        "DestinationPort":  null,
        "SourceIp":  null,
        "SourcePort":  null,
        "Protocol":  null,
        "QueryName":  null,
        "Details":  {
                        "Description":  "Windows Problem Reporting",
                        "SignatureStatus":  "Valid",
                        "Signature":  "Microsoft Windows",
                        "Hashes":  "MD5=FD27D9F6D02763BDE32511B5DF7FF7A0,SHA256=82E7105BC8DECC5D75630AD984C12BA67EBF00109AEAE739F4733F1E608B3B88",
                        "Image":  "C:\\Windows\\System32\\WerFault.exe",
                        "UtcTime":  "2025-09-03 15:24:12.927",
                        "ProcessGuid":  "{f1988ae2-5d9c-68b8-8a00-000000001e00}",
                        "Company":  "Microsoft Corporation",
                        "ImageLoaded":  "C:\\Windows\\System32\\WerFault.exe",
                        "FileVersion":  "10.0.19041.1949 (WinBuild.160101.0800)",
                        "User":  "DESKTOP-KVSEOF0\\Stage.Ali",
                        "RuleName":  "-",
                        "Product":  "Microsoft® Windows® Operating System",
                        "ProcessId":  "5680",
                        "OriginalFileName":  "WerFault.exe",
                        "Signed":  "true"
                    }
    },
    {
        "EventId":  7,
        "TimeCreated":  "\/Date(1756913054562)\/",
        "ProcessGuid":  "{f1988ae2-5d9c-68b8-8a00-000000001e00}",
        "ProcessId":  "5680",
        "ParentProcessGuid":  null,
        "Image":  "C:\\Windows\\System32\\WerFault.exe",
        "CommandLine":  null,
        "User":  "DESKTOP-KVSEOF0\\Stage.Ali",
        "TargetFilename":  null,
        "DestinationIp":  null,
        "DestinationPort":  null,
        "SourceIp":  null,
        "SourcePort":  null,
        "Protocol":  null,
        "QueryName":  null,
        "Details":  {
                        "Description":  "User Experience Controls Library",
                        "SignatureStatus":  "Valid",
                        "Signature":  "Microsoft Windows",
                        "Hashes":  "MD5=BC6BE4F87A4557179349323F23B5685F,SHA256=8972AA51E8EFF7A0DD87DBC6D70EFDF2F2F997A3B1F83AE6CCEA95B5650BA36E",
                        "Image":  "C:\\Windows\\System32\\WerFault.exe",
                        "UtcTime":  "2025-09-03 15:24:12.954",
                        "ProcessGuid":  "{f1988ae2-5d9c-68b8-8a00-000000001e00}",
                        "Company":  "Microsoft Corporation",
                        "ImageLoaded":  "C:\\Windows\\WinSxS\\amd64_microsoft.windows.common-controls_6595b64144ccf1df_6.0.19041.1110_none_60b5254171f9507e\\comctl32.dll",
                        "FileVersion":  "6.10 (WinBuild.160101.0800)",
                        "User":  "DESKTOP-KVSEOF0\\Stage.Ali",
                        "RuleName":  "-",
                        "Product":  "Microsoft® Windows® Operating System",
                        "ProcessId":  "5680",
                        "OriginalFileName":  "comctl32.DLL",
                        "Signed":  "true"
                    }
    },
    {
        "EventId":  7,
        "TimeCreated":  "\/Date(1756913054538)\/",
        "ProcessGuid":  "{f1988ae2-5d9c-68b8-8a00-000000001e00}",
        "ProcessId":  "5680",
        "ParentProcessGuid":  null,
        "Image":  "C:\\Windows\\System32\\WerFault.exe",
        "CommandLine":  null,
        "User":  "DESKTOP-KVSEOF0\\Stage.Ali",
        "TargetFilename":  null,
        "DestinationIp":  null,
        "DestinationPort":  null,
        "SourceIp":  null,
        "SourcePort":  null,
        "Protocol":  null,
        "QueryName":  null,
        "Details":  {
                        "Description":  "Policy Manager DLL",
                        "SignatureStatus":  "Valid",
                        "Signature":  "Microsoft Windows",
                        "Hashes":  "MD5=BCD77D0E06A6E2EBB22B3106E2AB67A3,SHA256=93CA15C84D667849D8B9D9E79D24CFC08624BCE0F4B591DBDB153B40358E836A",
                        "Image":  "C:\\Windows\\System32\\WerFault.exe",
                        "UtcTime":  "2025-09-03 15:24:14.434",
                        "ProcessGuid":  "{f1988ae2-5d9c-68b8-8a00-000000001e00}",
                        "Company":  "Microsoft Corporation",
                        "ImageLoaded":  "C:\\Windows\\System32\\policymanager.dll",
                        "FileVersion":  "10.0.19041.1865 (WinBuild.160101.0800)",
                        "User":  "DESKTOP-KVSEOF0\\Stage.Ali",
                        "RuleName":  "-",
                        "Product":  "Microsoft® Windows® Operating System",
                        "ProcessId":  "5680",
                        "OriginalFileName":  "PolicyManager.dll",
                        "Signed":  "true"
                    }
    },
    {
        "EventId":  7,
        "TimeCreated":  "\/Date(1756913054535)\/",
        "ProcessGuid":  "{f1988ae2-5d9c-68b8-8a00-000000001e00}",
        "ProcessId":  "5680",
        "ParentProcessGuid":  null,
        "Image":  "C:\\Windows\\System32\\WerFault.exe",
        "CommandLine":  null,
        "User":  "DESKTOP-KVSEOF0\\Stage.Ali",
        "TargetFilename":  null,
        "DestinationIp":  null,
        "DestinationPort":  null,
        "SourceIp":  null,
        "SourcePort":  null,
        "Protocol":  null,
        "QueryName":  null,
        "Details":  {
                        "Description":  "Policy Manager DLL",
                        "SignatureStatus":  "Valid",
                        "Signature":  "Microsoft Windows",
                        "Hashes":  "MD5=BCD77D0E06A6E2EBB22B3106E2AB67A3,SHA256=93CA15C84D667849D8B9D9E79D24CFC08624BCE0F4B591DBDB153B40358E836A",
                        "Image":  "C:\\Windows\\System32\\WerFault.exe",
                        "UtcTime":  "2025-09-03 15:24:14.420",
                        "ProcessGuid":  "{f1988ae2-5d9c-68b8-8a00-000000001e00}",
                        "Company":  "Microsoft Corporation",
                        "ImageLoaded":  "C:\\Windows\\System32\\policymanager.dll",
                        "FileVersion":  "10.0.19041.1865 (WinBuild.160101.0800)",
                        "User":  "DESKTOP-KVSEOF0\\Stage.Ali",
                        "RuleName":  "-",
                        "Product":  "Microsoft® Windows® Operating System",
                        "ProcessId":  "5680",
                        "OriginalFileName":  "PolicyManager.dll",
                        "Signed":  "true"
                    }
    },
    {
        "EventId":  7,
        "TimeCreated":  "\/Date(1756913054533)\/",
        "ProcessGuid":  "{f1988ae2-5d9c-68b8-8a00-000000001e00}",
        "ProcessId":  "5680",
        "ParentProcessGuid":  null,
        "Image":  "C:\\Windows\\System32\\WerFault.exe",
        "CommandLine":  null,
        "User":  "DESKTOP-KVSEOF0\\Stage.Ali",
        "TargetFilename":  null,
        "DestinationIp":  null,
        "DestinationPort":  null,
        "SourceIp":  null,
        "SourcePort":  null,
        "Protocol":  null,
        "QueryName":  null,
        "Details":  {
                        "Description":  "Policy Manager DLL",
                        "SignatureStatus":  "Valid",
                        "Signature":  "Microsoft Windows",
                        "Hashes":  "MD5=BCD77D0E06A6E2EBB22B3106E2AB67A3,SHA256=93CA15C84D667849D8B9D9E79D24CFC08624BCE0F4B591DBDB153B40358E836A",
                        "Image":  "C:\\Windows\\System32\\WerFault.exe",
                        "UtcTime":  "2025-09-03 15:24:14.420",
                        "ProcessGuid":  "{f1988ae2-5d9c-68b8-8a00-000000001e00}",
                        "Company":  "Microsoft Corporation",
                        "ImageLoaded":  "C:\\Windows\\System32\\policymanager.dll",
                        "FileVersion":  "10.0.19041.1865 (WinBuild.160101.0800)",
                        "User":  "DESKTOP-KVSEOF0\\Stage.Ali",
                        "RuleName":  "-",
                        "Product":  "Microsoft® Windows® Operating System",
                        "ProcessId":  "5680",
                        "OriginalFileName":  "PolicyManager.dll",
                        "Signed":  "true"
                    }
    },
    {
        "EventId":  7,
        "TimeCreated":  "\/Date(1756913054533)\/",
        "ProcessGuid":  "{f1988ae2-5d9c-68b8-8a00-000000001e00}",
        "ProcessId":  "5680",
        "ParentProcessGuid":  null,
        "Image":  "C:\\Windows\\System32\\WerFault.exe",
        "CommandLine":  null,
        "User":  "DESKTOP-KVSEOF0\\Stage.Ali",
        "TargetFilename":  null,
        "DestinationIp":  null,
        "DestinationPort":  null,
        "SourceIp":  null,
        "SourcePort":  null,
        "Protocol":  null,
        "QueryName":  null,
        "Details":  {
                        "Description":  "Policy Manager DLL",
                        "SignatureStatus":  "Valid",
                        "Signature":  "Microsoft Windows",
                        "Hashes":  "MD5=BCD77D0E06A6E2EBB22B3106E2AB67A3,SHA256=93CA15C84D667849D8B9D9E79D24CFC08624BCE0F4B591DBDB153B40358E836A",
                        "Image":  "C:\\Windows\\System32\\WerFault.exe",
                        "UtcTime":  "2025-09-03 15:24:14.418",
                        "ProcessGuid":  "{f1988ae2-5d9c-68b8-8a00-000000001e00}",
                        "Company":  "Microsoft Corporation",
                        "ImageLoaded":  "C:\\Windows\\System32\\policymanager.dll",
                        "FileVersion":  "10.0.19041.1865 (WinBuild.160101.0800)",
                        "User":  "DESKTOP-KVSEOF0\\Stage.Ali",
                        "RuleName":  "-",
                        "Product":  "Microsoft® Windows® Operating System",
                        "ProcessId":  "5680",
                        "OriginalFileName":  "PolicyManager.dll",
                        "Signed":  "true"
                    }
    },
    {
        "EventId":  7,
        "TimeCreated":  "\/Date(1756913054532)\/",
        "ProcessGuid":  "{f1988ae2-5d9c-68b8-8a00-000000001e00}",
        "ProcessId":  "5680",
        "ParentProcessGuid":  null,
        "Image":  "C:\\Windows\\System32\\WerFault.exe",
        "CommandLine":  null,
        "User":  "DESKTOP-KVSEOF0\\Stage.Ali",
        "TargetFilename":  null,
        "DestinationIp":  null,
        "DestinationPort":  null,
        "SourceIp":  null,
        "SourcePort":  null,
        "Protocol":  null,
        "QueryName":  null,
        "Details":  {
                        "Description":  "Policy Manager DLL",
                        "SignatureStatus":  "Valid",
                        "Signature":  "Microsoft Windows",
                        "Hashes":  "MD5=BCD77D0E06A6E2EBB22B3106E2AB67A3,SHA256=93CA15C84D667849D8B9D9E79D24CFC08624BCE0F4B591DBDB153B40358E836A",
                        "Image":  "C:\\Windows\\System32\\WerFault.exe",
                        "UtcTime":  "2025-09-03 15:24:14.416",
                        "ProcessGuid":  "{f1988ae2-5d9c-68b8-8a00-000000001e00}",
                        "Company":  "Microsoft Corporation",
                        "ImageLoaded":  "C:\\Windows\\System32\\policymanager.dll",
                        "FileVersion":  "10.0.19041.1865 (WinBuild.160101.0800)",
                        "User":  "DESKTOP-KVSEOF0\\Stage.Ali",
                        "RuleName":  "-",
                        "Product":  "Microsoft® Windows® Operating System",
                        "ProcessId":  "5680",
                        "OriginalFileName":  "PolicyManager.dll",
                        "Signed":  "true"
                    }
    },
    {
        "EventId":  7,
        "TimeCreated":  "\/Date(1756913054527)\/",
        "ProcessGuid":  "{f1988ae2-5d9c-68b8-8a00-000000001e00}",
        "ProcessId":  "5680",
        "ParentProcessGuid":  null,
        "Image":  "C:\\Windows\\System32\\WerFault.exe",
        "CommandLine":  null,
        "User":  "DESKTOP-KVSEOF0\\Stage.Ali",
        "TargetFilename":  null,
        "DestinationIp":  null,
        "DestinationPort":  null,
        "SourceIp":  null,
        "SourcePort":  null,
        "Protocol":  null,
        "QueryName":  null,
        "Details":  {
                        "Description":  "Policy Manager DLL",
                        "SignatureStatus":  "Valid",
                        "Signature":  "Microsoft Windows",
                        "Hashes":  "MD5=BCD77D0E06A6E2EBB22B3106E2AB67A3,SHA256=93CA15C84D667849D8B9D9E79D24CFC08624BCE0F4B591DBDB153B40358E836A",
                        "Image":  "C:\\Windows\\System32\\WerFault.exe",
                        "UtcTime":  "2025-09-03 15:24:14.415",
                        "ProcessGuid":  "{f1988ae2-5d9c-68b8-8a00-000000001e00}",
                        "Company":  "Microsoft Corporation",
                        "ImageLoaded":  "C:\\Windows\\System32\\policymanager.dll",
                        "FileVersion":  "10.0.19041.1865 (WinBuild.160101.0800)",
                        "User":  "DESKTOP-KVSEOF0\\Stage.Ali",
                        "RuleName":  "-",
                        "Product":  "Microsoft® Windows® Operating System",
                        "ProcessId":  "5680",
                        "OriginalFileName":  "PolicyManager.dll",
                        "Signed":  "true"
                    }
    },
    {
        "EventId":  7,
        "TimeCreated":  "\/Date(1756913054526)\/",
        "ProcessGuid":  "{f1988ae2-5d9c-68b8-8a00-000000001e00}",
        "ProcessId":  "5680",
        "ParentProcessGuid":  null,
        "Image":  "C:\\Windows\\System32\\WerFault.exe",
        "CommandLine":  null,
        "User":  "DESKTOP-KVSEOF0\\Stage.Ali",
        "TargetFilename":  null,
        "DestinationIp":  null,
        "DestinationPort":  null,
        "SourceIp":  null,
        "SourcePort":  null,
        "Protocol":  null,
        "QueryName":  null,
        "Details":  {
                        "Description":  "Policy Manager DLL",
                        "SignatureStatus":  "Valid",
                        "Signature":  "Microsoft Windows",
                        "Hashes":  "MD5=BCD77D0E06A6E2EBB22B3106E2AB67A3,SHA256=93CA15C84D667849D8B9D9E79D24CFC08624BCE0F4B591DBDB153B40358E836A",
                        "Image":  "C:\\Windows\\System32\\WerFault.exe",
                        "UtcTime":  "2025-09-03 15:24:14.415",
                        "ProcessGuid":  "{f1988ae2-5d9c-68b8-8a00-000000001e00}",
                        "Company":  "Microsoft Corporation",
                        "ImageLoaded":  "C:\\Windows\\System32\\policymanager.dll",
                        "FileVersion":  "10.0.19041.1865 (WinBuild.160101.0800)",
                        "User":  "DESKTOP-KVSEOF0\\Stage.Ali",
                        "RuleName":  "-",
                        "Product":  "Microsoft® Windows® Operating System",
                        "ProcessId":  "5680",
                        "OriginalFileName":  "PolicyManager.dll",
                        "Signed":  "true"
                    }
    },
    {
        "EventId":  7,
        "TimeCreated":  "\/Date(1756913054526)\/",
        "ProcessGuid":  "{f1988ae2-5d9c-68b8-8a00-000000001e00}",
        "ProcessId":  "5680",
        "ParentProcessGuid":  null,
        "Image":  "C:\\Windows\\System32\\WerFault.exe",
        "CommandLine":  null,
        "User":  "DESKTOP-KVSEOF0\\Stage.Ali",
        "TargetFilename":  null,
        "DestinationIp":  null,
        "DestinationPort":  null,
        "SourceIp":  null,
        "SourcePort":  null,
        "Protocol":  null,
        "QueryName":  null,
        "Details":  {
                        "Description":  "Policy Manager DLL",
                        "SignatureStatus":  "Valid",
                        "Signature":  "Microsoft Windows",
                        "Hashes":  "MD5=BCD77D0E06A6E2EBB22B3106E2AB67A3,SHA256=93CA15C84D667849D8B9D9E79D24CFC08624BCE0F4B591DBDB153B40358E836A",
                        "Image":  "C:\\Windows\\System32\\WerFault.exe",
                        "UtcTime":  "2025-09-03 15:24:14.413",
                        "ProcessGuid":  "{f1988ae2-5d9c-68b8-8a00-000000001e00}",
                        "Company":  "Microsoft Corporation",
                        "ImageLoaded":  "C:\\Windows\\System32\\policymanager.dll",
                        "FileVersion":  "10.0.19041.1865 (WinBuild.160101.0800)",
                        "User":  "DESKTOP-KVSEOF0\\Stage.Ali",
                        "RuleName":  "-",
                        "Product":  "Microsoft® Windows® Operating System",
                        "ProcessId":  "5680",
                        "OriginalFileName":  "PolicyManager.dll",
                        "Signed":  "true"
                    }
    },
    {
        "EventId":  7,
        "TimeCreated":  "\/Date(1756913054410)\/",
        "ProcessGuid":  "{f1988ae2-5d9c-68b8-8a00-000000001e00}",
        "ProcessId":  "5680",
        "ParentProcessGuid":  null,
        "Image":  "C:\\Windows\\System32\\WerFault.exe",
        "CommandLine":  null,
        "User":  "DESKTOP-KVSEOF0\\Stage.Ali",
        "TargetFilename":  null,
        "DestinationIp":  null,
        "DestinationPort":  null,
        "SourceIp":  null,
        "SourcePort":  null,
        "Protocol":  null,
        "QueryName":  null,
        "Details":  {
                        "Description":  "twinapi.appcore",
                        "SignatureStatus":  "Valid",
                        "Signature":  "Microsoft Windows",
                        "Hashes":  "MD5=5248CFCD276AE3E4D341436B2224CBAF,SHA256=90A7AAF30BBD7299AD757034B8DE55808D7A380B168B59C2D7DEF8E02A6E9A47",
                        "Image":  "C:\\Windows\\System32\\WerFault.exe",
                        "UtcTime":  "2025-09-03 15:24:14.390",
                        "ProcessGuid":  "{f1988ae2-5d9c-68b8-8a00-000000001e00}",
                        "Company":  "Microsoft Corporation",
                        "ImageLoaded":  "C:\\Windows\\System32\\twinapi.appcore.dll",
                        "FileVersion":  "10.0.19041.1865 (WinBuild.160101.0800)",
                        "User":  "DESKTOP-KVSEOF0\\Stage.Ali",
                        "RuleName":  "-",
                        "Product":  "Microsoft® Windows® Operating System",
                        "ProcessId":  "5680",
                        "OriginalFileName":  "twinapi.appcore.dll",
                        "Signed":  "true"
                    }
    },
    {
        "EventId":  7,
        "TimeCreated":  "\/Date(1756913054394)\/",
        "ProcessGuid":  "{f1988ae2-5d9c-68b8-8a00-000000001e00}",
        "ProcessId":  "5680",
        "ParentProcessGuid":  null,
        "Image":  "C:\\Windows\\System32\\WerFault.exe",
        "CommandLine":  null,
        "User":  "DESKTOP-KVSEOF0\\Stage.Ali",
        "TargetFilename":  null,
        "DestinationIp":  null,
        "DestinationPort":  null,
        "SourceIp":  null,
        "SourcePort":  null,
        "Protocol":  null,
        "QueryName":  null,
        "Details":  {
                        "Description":  "Policy Manager DLL",
                        "SignatureStatus":  "Valid",
                        "Signature":  "Microsoft Windows",
                        "Hashes":  "MD5=BCD77D0E06A6E2EBB22B3106E2AB67A3,SHA256=93CA15C84D667849D8B9D9E79D24CFC08624BCE0F4B591DBDB153B40358E836A",
                        "Image":  "C:\\Windows\\System32\\WerFault.exe",
                        "UtcTime":  "2025-09-03 15:24:14.379",
                        "ProcessGuid":  "{f1988ae2-5d9c-68b8-8a00-000000001e00}",
                        "Company":  "Microsoft Corporation",
                        "ImageLoaded":  "C:\\Windows\\System32\\policymanager.dll",
                        "FileVersion":  "10.0.19041.1865 (WinBuild.160101.0800)",
                        "User":  "DESKTOP-KVSEOF0\\Stage.Ali",
                        "RuleName":  "-",
                        "Product":  "Microsoft® Windows® Operating System",
                        "ProcessId":  "5680",
                        "OriginalFileName":  "PolicyManager.dll",
                        "Signed":  "true"
                    }
    },
    {
        "EventId":  7,
        "TimeCreated":  "\/Date(1756913054394)\/",
        "ProcessGuid":  "{f1988ae2-5d9c-68b8-8a00-000000001e00}",
        "ProcessId":  "5680",
        "ParentProcessGuid":  null,
        "Image":  "C:\\Windows\\System32\\WerFault.exe",
        "CommandLine":  null,
        "User":  "DESKTOP-KVSEOF0\\Stage.Ali",
        "TargetFilename":  null,
        "DestinationIp":  null,
        "DestinationPort":  null,
        "SourceIp":  null,
        "SourcePort":  null,
        "Protocol":  null,
        "QueryName":  null,
        "Details":  {
                        "Description":  "COM+ Configuration Catalog",
                        "SignatureStatus":  "Valid",
                        "Signature":  "Microsoft Windows",
                        "Hashes":  "MD5=D77132D9A41654BD9CD887208D6C2516,SHA256=EC3D61CB2C5D1511051882F3C0E2B8B6F74B011CFB972112179090F2C3F3F5FC",
                        "Image":  "C:\\Windows\\System32\\WerFault.exe",
                        "UtcTime":  "2025-09-03 15:24:14.366",
                        "ProcessGuid":  "{f1988ae2-5d9c-68b8-8a00-000000001e00}",
                        "Company":  "Microsoft Corporation",
                        "ImageLoaded":  "C:\\Windows\\System32\\clbcatq.dll",
                        "FileVersion":  "2001.12.10941.16384 (WinBuild.160101.0800)",
                        "User":  "DESKTOP-KVSEOF0\\Stage.Ali",
                        "RuleName":  "-",
                        "Product":  "Microsoft® Windows® Operating System",
                        "ProcessId":  "5680",
                        "OriginalFileName":  "CLBCATQ.DLL",
                        "Signed":  "true"
                    }
    },
    {
        "EventId":  7,
        "TimeCreated":  "\/Date(1756913054393)\/",
        "ProcessGuid":  "{f1988ae2-5d9c-68b8-8a00-000000001e00}",
        "ProcessId":  "5680",
        "ParentProcessGuid":  null,
        "Image":  "C:\\Windows\\System32\\WerFault.exe",
        "CommandLine":  null,
        "User":  "DESKTOP-KVSEOF0\\Stage.Ali",
        "TargetFilename":  null,
        "DestinationIp":  null,
        "DestinationPort":  null,
        "SourceIp":  null,
        "SourcePort":  null,
        "Protocol":  null,
        "QueryName":  null,
        "Details":  {
                        "Description":  "Microsoft XmlLite Library",
                        "SignatureStatus":  "Valid",
                        "Signature":  "Microsoft Windows",
                        "Hashes":  "MD5=EDD4AB0B9754DDAEBA5B1EBA5BFB7D49,SHA256=1C504B90689A1D12AB8B571EDC6189B085502D1794FCDC890897DF4729399A5F",
                        "Image":  "C:\\Windows\\System32\\WerFault.exe",
                        "UtcTime":  "2025-09-03 15:24:14.361",
                        "ProcessGuid":  "{f1988ae2-5d9c-68b8-8a00-000000001e00}",
                        "Company":  "Microsoft Corporation",
                        "ImageLoaded":  "C:\\Windows\\System32\\xmllite.dll",
                        "FileVersion":  "10.0.19041.546 (WinBuild.160101.0800)",
                        "User":  "DESKTOP-KVSEOF0\\Stage.Ali",
                        "RuleName":  "-",
                        "Product":  "Microsoft® Windows® Operating System",
                        "ProcessId":  "5680",
                        "OriginalFileName":  "XmlLite.dll",
                        "Signed":  "true"
                    }
    },
    {
        "EventId":  7,
        "TimeCreated":  "\/Date(1756913054393)\/",
        "ProcessGuid":  "{f1988ae2-5d9c-68b8-8a00-000000001e00}",
        "ProcessId":  "5680",
        "ParentProcessGuid":  null,
        "Image":  "C:\\Windows\\System32\\WerFault.exe",
        "CommandLine":  null,
        "User":  "DESKTOP-KVSEOF0\\Stage.Ali",
        "TargetFilename":  null,
        "DestinationIp":  null,
        "DestinationPort":  null,
        "SourceIp":  null,
        "SourcePort":  null,
        "Protocol":  null,
        "QueryName":  null,
        "Details":  {
                        "Description":  "User Profile Basic API",
                        "SignatureStatus":  "Valid",
                        "Signature":  "Microsoft Windows",
                        "Hashes":  "MD5=4A7468FF74F0114626B2F7D1DD5D9FC7,SHA256=313CB7C9A69D5D84308A1C4B78C8FF257854071CAC7918BC31D1B893FEB95EC2",
                        "Image":  "C:\\Windows\\System32\\WerFault.exe",
                        "UtcTime":  "2025-09-03 15:24:14.355",
                        "ProcessGuid":  "{f1988ae2-5d9c-68b8-8a00-000000001e00}",
                        "Company":  "Microsoft Corporation",
                        "ImageLoaded":  "C:\\Windows\\System32\\profapi.dll",
                        "FileVersion":  "10.0.19041.844 (WinBuild.160101.0800)",
                        "User":  "DESKTOP-KVSEOF0\\Stage.Ali",
                        "RuleName":  "-",
                        "Product":  "Microsoft® Windows® Operating System",
                        "ProcessId":  "5680",
                        "OriginalFileName":  "PROFAPI.DLL",
                        "Signed":  "true"
                    }
    },
    {
        "EventId":  7,
        "TimeCreated":  "\/Date(1756913054393)\/",
        "ProcessGuid":  "{f1988ae2-5d9c-68b8-8a00-000000001e00}",
        "ProcessId":  "5680",
        "ParentProcessGuid":  null,
        "Image":  "C:\\Windows\\System32\\WerFault.exe",
        "CommandLine":  null,
        "User":  "DESKTOP-KVSEOF0\\Stage.Ali",
        "TargetFilename":  null,
        "DestinationIp":  null,
        "DestinationPort":  null,
        "SourceIp":  null,
        "SourcePort":  null,
        "Protocol":  null,
        "QueryName":  null,
        "Details":  {
                        "Description":  "Crypto API32",
                        "SignatureStatus":  "Valid",
                        "Signature":  "Microsoft Windows",
                        "Hashes":  "MD5=207B60E9E5D5B34EA08FDFF19C05D987,SHA256=187ADE052D40B95760DCF855B3D0FE57FDD6029143B9F6197B189C090A63FEA4",
                        "Image":  "C:\\Windows\\System32\\WerFault.exe",
                        "UtcTime":  "2025-09-03 15:24:14.350",
                        "ProcessGuid":  "{f1988ae2-5d9c-68b8-8a00-000000001e00}",
                        "Company":  "Microsoft Corporation",
                        "ImageLoaded":  "C:\\Windows\\System32\\crypt32.dll",
                        "FileVersion":  "10.0.19041.1889 (WinBuild.160101.0800)",
                        "User":  "DESKTOP-KVSEOF0\\Stage.Ali",
                        "RuleName":  "-",
                        "Product":  "Microsoft® Windows® Operating System",
                        "ProcessId":  "5680",
                        "OriginalFileName":  "CRYPT32.DLL",
                        "Signed":  "true"
                    }
    },
    {
        "EventId":  7,
        "TimeCreated":  "\/Date(1756913054393)\/",
        "ProcessGuid":  "{f1988ae2-5d9c-68b8-8a00-000000001e00}",
        "ProcessId":  "5680",
        "ParentProcessGuid":  null,
        "Image":  "C:\\Windows\\System32\\WerFault.exe",
        "CommandLine":  null,
        "User":  "DESKTOP-KVSEOF0\\Stage.Ali",
        "TargetFilename":  null,
        "DestinationIp":  null,
        "DestinationPort":  null,
        "SourceIp":  null,
        "SourcePort":  null,
        "Protocol":  null,
        "QueryName":  null,
        "Details":  {
                        "Description":  "Microsoft® STL110 C++ Runtime Library",
                        "SignatureStatus":  "Valid",
                        "Signature":  "Microsoft Windows",
                        "Hashes":  "MD5=F084EFCD67D2DEEE55137EE8FDFCE0A9,SHA256=625CF50CD7FCD0E16D0E28514E92919B6EBFB9CB07CD1803110FDB0F5368ACA4",
                        "Image":  "C:\\Windows\\System32\\WerFault.exe",
                        "UtcTime":  "2025-09-03 15:24:14.346",
                        "ProcessGuid":  "{f1988ae2-5d9c-68b8-8a00-000000001e00}",
                        "Company":  "Microsoft Corporation",
                        "ImageLoaded":  "C:\\Windows\\System32\\msvcp110_win.dll",
                        "FileVersion":  "10.0.19041.546 (WinBuild.160101.0800)",
                        "User":  "DESKTOP-KVSEOF0\\Stage.Ali",
                        "RuleName":  "-",
                        "Product":  "Microsoft® Windows® Operating System",
                        "ProcessId":  "5680",
                        "OriginalFileName":  "msvcp110_win.dll",
                        "Signed":  "true"
                    }
    },
    {
        "EventId":  7,
        "TimeCreated":  "\/Date(1756913054393)\/",
        "ProcessGuid":  "{f1988ae2-5d9c-68b8-8a00-000000001e00}",
        "ProcessId":  "5680",
        "ParentProcessGuid":  null,
        "Image":  "C:\\Windows\\System32\\WerFault.exe",
        "CommandLine":  null,
        "User":  "DESKTOP-KVSEOF0\\Stage.Ali",
        "TargetFilename":  null,
        "DestinationIp":  null,
        "DestinationPort":  null,
        "SourceIp":  null,
        "SourcePort":  null,
        "Protocol":  null,
        "QueryName":  null,
        "Details":  {
                        "Description":  "AD/AAD User Device Registration",
                        "SignatureStatus":  "Valid",
                        "Signature":  "Microsoft Windows",
                        "Hashes":  "MD5=89A0BA829C80DBB58C1D6C7CB01E9AC7,SHA256=ADA46421EE63237245156395FC5D9F1AAD61D04B7F706C6043F93A01D0B909E2",
                        "Image":  "C:\\Windows\\System32\\WerFault.exe",
                        "UtcTime":  "2025-09-03 15:24:14.345",
                        "ProcessGuid":  "{f1988ae2-5d9c-68b8-8a00-000000001e00}",
                        "Company":  "Microsoft Corporation",
                        "ImageLoaded":  "C:\\Windows\\System32\\dsreg.dll",
                        "FileVersion":  "10.0.19041.1806 (WinBuild.160101.0800)",
                        "User":  "DESKTOP-KVSEOF0\\Stage.Ali",
                        "RuleName":  "-",
                        "Product":  "Microsoft® Windows® Operating System",
                        "ProcessId":  "5680",
                        "OriginalFileName":  "dsreg.dll",
                        "Signed":  "true"
                    }
    },
    {
        "EventId":  7,
        "TimeCreated":  "\/Date(1756913054393)\/",
        "ProcessGuid":  "{f1988ae2-5d9c-68b8-8a00-000000001e00}",
        "ProcessId":  "5680",
        "ParentProcessGuid":  null,
        "Image":  "C:\\Windows\\System32\\WerFault.exe",
        "CommandLine":  null,
        "User":  "DESKTOP-KVSEOF0\\Stage.Ali",
        "TargetFilename":  null,
        "DestinationIp":  null,
        "DestinationPort":  null,
        "SourceIp":  null,
        "SourcePort":  null,
        "Protocol":  null,
        "QueryName":  null,
        "Details":  {
                        "Description":  "Shell Light-weight Utility Library",
                        "SignatureStatus":  "Valid",
                        "Signature":  "Microsoft Windows",
                        "Hashes":  "MD5=13EF6F7E64605548F3E832697423AFD6,SHA256=64B860AA8F41B4C0B8FB41B5CB3A4B7CD89A23A6AA5720DA5BD93711AE6E72AE",
                        "Image":  "C:\\Windows\\System32\\WerFault.exe",
                        "UtcTime":  "2025-09-03 15:24:14.336",
                        "ProcessGuid":  "{f1988ae2-5d9c-68b8-8a00-000000001e00}",
                        "Company":  "Microsoft Corporation",
                        "ImageLoaded":  "C:\\Windows\\System32\\shlwapi.dll",
                        "FileVersion":  "10.0.19041.1706 (WinBuild.160101.0800)",
                        "User":  "DESKTOP-KVSEOF0\\Stage.Ali",
                        "RuleName":  "-",
                        "Product":  "Microsoft® Windows® Operating System",
                        "ProcessId":  "5680",
                        "OriginalFileName":  "SHLWAPI.DLL",
                        "Signed":  "true"
                    }
    },
    {
        "EventId":  7,
        "TimeCreated":  "\/Date(1756913054393)\/",
        "ProcessGuid":  "{f1988ae2-5d9c-68b8-8a00-000000001e00}",
        "ProcessId":  "5680",
        "ParentProcessGuid":  null,
        "Image":  "C:\\Windows\\System32\\WerFault.exe",
        "CommandLine":  null,
        "User":  "DESKTOP-KVSEOF0\\Stage.Ali",
        "TargetFilename":  null,
        "DestinationIp":  null,
        "DestinationPort":  null,
        "SourceIp":  null,
        "SourcePort":  null,
        "Protocol":  null,
        "QueryName":  null,
        "Details":  {
                        "Description":  "Windows Lockdown Policy",
                        "SignatureStatus":  "Valid",
                        "Signature":  "Microsoft Windows",
                        "Hashes":  "MD5=67D19C141E9EBC6D408B3C186BE239F9,SHA256=9DBD1280F7E428B277F64974D7FF79A61231FD6B8A42F6705E4D9065E72A2837",
                        "Image":  "C:\\Windows\\System32\\WerFault.exe",
                        "UtcTime":  "2025-09-03 15:24:14.331",
                        "ProcessGuid":  "{f1988ae2-5d9c-68b8-8a00-000000001e00}",
                        "Company":  "Microsoft Corporation",
                        "ImageLoaded":  "C:\\Windows\\System32\\wldp.dll",
                        "FileVersion":  "10.0.19041.1949 (WinBuild.160101.0800)",
                        "User":  "DESKTOP-KVSEOF0\\Stage.Ali",
                        "RuleName":  "-",
                        "Product":  "Microsoft® Windows® Operating System",
                        "ProcessId":  "5680",
                        "OriginalFileName":  "wldp.dll",
                        "Signed":  "true"
                    }
    },
    {
        "EventId":  7,
        "TimeCreated":  "\/Date(1756913054392)\/",
        "ProcessGuid":  "{f1988ae2-5d9c-68b8-8a00-000000001e00}",
        "ProcessId":  "5680",
        "ParentProcessGuid":  null,
        "Image":  "C:\\Windows\\System32\\WerFault.exe",
        "CommandLine":  null,
        "User":  "DESKTOP-KVSEOF0\\Stage.Ali",
        "TargetFilename":  null,
        "DestinationIp":  null,
        "DestinationPort":  null,
        "SourceIp":  null,
        "SourcePort":  null,
        "Protocol":  null,
        "QueryName":  null,
        "Details":  {
                        "Description":  "Microsoft WinRT Storage API",
                        "SignatureStatus":  "Valid",
                        "Signature":  "Microsoft Windows",
                        "Hashes":  "MD5=B280766A83DD14A246A5BE89B7460C38,SHA256=BDB55BF25FEE04F381FF5A1F5ECA4AF5B64C272AEBC384CE67FA9B29D62E4EE9",
                        "Image":  "C:\\Windows\\System32\\WerFault.exe",
                        "UtcTime":  "2025-09-03 15:24:14.331",
                        "ProcessGuid":  "{f1988ae2-5d9c-68b8-8a00-000000001e00}",
                        "Company":  "Microsoft Corporation",
                        "ImageLoaded":  "C:\\Windows\\System32\\windows.storage.dll",
                        "FileVersion":  "10.0.19041.1949 (WinBuild.160101.0800)",
                        "User":  "DESKTOP-KVSEOF0\\Stage.Ali",
                        "RuleName":  "-",
                        "Product":  "Microsoft® Windows® Operating System",
                        "ProcessId":  "5680",
                        "OriginalFileName":  "Windows.Storage.dll",
                        "Signed":  "true"
                    }
    },
    {
        "EventId":  7,
        "TimeCreated":  "\/Date(1756913054392)\/",
        "ProcessGuid":  "{f1988ae2-5d9c-68b8-8a00-000000001e00}",
        "ProcessId":  "5680",
        "ParentProcessGuid":  null,
        "Image":  "C:\\Windows\\System32\\WerFault.exe",
        "CommandLine":  null,
        "User":  "DESKTOP-KVSEOF0\\Stage.Ali",
        "TargetFilename":  null,
        "DestinationIp":  null,
        "DestinationPort":  null,
        "SourceIp":  null,
        "SourcePort":  null,
        "Protocol":  null,
        "QueryName":  null,
        "Details":  {
                        "Description":  "Microsoft® STL110 C++ Runtime Library",
                        "SignatureStatus":  "Valid",
                        "Signature":  "Microsoft Windows",
                        "Hashes":  "MD5=F084EFCD67D2DEEE55137EE8FDFCE0A9,SHA256=625CF50CD7FCD0E16D0E28514E92919B6EBFB9CB07CD1803110FDB0F5368ACA4",
                        "Image":  "C:\\Windows\\System32\\WerFault.exe",
                        "UtcTime":  "2025-09-03 15:24:14.326",
                        "ProcessGuid":  "{f1988ae2-5d9c-68b8-8a00-000000001e00}",
                        "Company":  "Microsoft Corporation",
                        "ImageLoaded":  "C:\\Windows\\System32\\msvcp110_win.dll",
                        "FileVersion":  "10.0.19041.546 (WinBuild.160101.0800)",
                        "User":  "DESKTOP-KVSEOF0\\Stage.Ali",
                        "RuleName":  "-",
                        "Product":  "Microsoft® Windows® Operating System",
                        "ProcessId":  "5680",
                        "OriginalFileName":  "msvcp110_win.dll",
                        "Signed":  "true"
                    }
    },
    {
        "EventId":  7,
        "TimeCreated":  "\/Date(1756913054392)\/",
        "ProcessGuid":  "{f1988ae2-5d9c-68b8-8a00-000000001e00}",
        "ProcessId":  "5680",
        "ParentProcessGuid":  null,
        "Image":  "C:\\Windows\\System32\\WerFault.exe",
        "CommandLine":  null,
        "User":  "DESKTOP-KVSEOF0\\Stage.Ali",
        "TargetFilename":  null,
        "DestinationIp":  null,
        "DestinationPort":  null,
        "SourceIp":  null,
        "SourcePort":  null,
        "Protocol":  null,
        "QueryName":  null,
        "Details":  {
                        "Description":  "Policy Manager DLL",
                        "SignatureStatus":  "Valid",
                        "Signature":  "Microsoft Windows",
                        "Hashes":  "MD5=BCD77D0E06A6E2EBB22B3106E2AB67A3,SHA256=93CA15C84D667849D8B9D9E79D24CFC08624BCE0F4B591DBDB153B40358E836A",
                        "Image":  "C:\\Windows\\System32\\WerFault.exe",
                        "UtcTime":  "2025-09-03 15:24:14.322",
                        "ProcessGuid":  "{f1988ae2-5d9c-68b8-8a00-000000001e00}",
                        "Company":  "Microsoft Corporation",
                        "ImageLoaded":  "C:\\Windows\\System32\\policymanager.dll",
                        "FileVersion":  "10.0.19041.1865 (WinBuild.160101.0800)",
                        "User":  "DESKTOP-KVSEOF0\\Stage.Ali",
                        "RuleName":  "-",
                        "Product":  "Microsoft® Windows® Operating System",
                        "ProcessId":  "5680",
                        "OriginalFileName":  "PolicyManager.dll",
                        "Signed":  "true"
                    }
    },
    {
        "EventId":  7,
        "TimeCreated":  "\/Date(1756913054392)\/",
        "ProcessGuid":  "{f1988ae2-5d9c-68b8-8a00-000000001e00}",
        "ProcessId":  "5680",
        "ParentProcessGuid":  null,
        "Image":  "C:\\Windows\\System32\\WerFault.exe",
        "CommandLine":  null,
        "User":  "DESKTOP-KVSEOF0\\Stage.Ali",
        "TargetFilename":  null,
        "DestinationIp":  null,
        "DestinationPort":  null,
        "SourceIp":  null,
        "SourcePort":  null,
        "Protocol":  null,
        "QueryName":  null,
        "Details":  {
                        "Description":  "Microsoft® STL110 C++ Runtime Library",
                        "SignatureStatus":  "Valid",
                        "Signature":  "Microsoft Windows",
                        "Hashes":  "MD5=F084EFCD67D2DEEE55137EE8FDFCE0A9,SHA256=625CF50CD7FCD0E16D0E28514E92919B6EBFB9CB07CD1803110FDB0F5368ACA4",
                        "Image":  "C:\\Windows\\System32\\WerFault.exe",
                        "UtcTime":  "2025-09-03 15:24:14.322",
                        "ProcessGuid":  "{f1988ae2-5d9c-68b8-8a00-000000001e00}",
                        "Company":  "Microsoft Corporation",
                        "ImageLoaded":  "C:\\Windows\\System32\\msvcp110_win.dll",
                        "FileVersion":  "10.0.19041.546 (WinBuild.160101.0800)",
                        "User":  "DESKTOP-KVSEOF0\\Stage.Ali",
                        "RuleName":  "-",
                        "Product":  "Microsoft® Windows® Operating System",
                        "ProcessId":  "5680",
                        "OriginalFileName":  "msvcp110_win.dll",
                        "Signed":  "true"
                    }
    },
    {
        "EventId":  7,
        "TimeCreated":  "\/Date(1756913054392)\/",
        "ProcessGuid":  "{f1988ae2-5d9c-68b8-8a00-000000001e00}",
        "ProcessId":  "5680",
        "ParentProcessGuid":  null,
        "Image":  "C:\\Windows\\System32\\WerFault.exe",
        "CommandLine":  null,
        "User":  "DESKTOP-KVSEOF0\\Stage.Ali",
        "TargetFilename":  null,
        "DestinationIp":  null,
        "DestinationPort":  null,
        "SourceIp":  null,
        "SourcePort":  null,
        "Protocol":  null,
        "QueryName":  null,
        "Details":  {
                        "Description":  "Policy Manager DLL",
                        "SignatureStatus":  "Valid",
                        "Signature":  "Microsoft Windows",
                        "Hashes":  "MD5=BCD77D0E06A6E2EBB22B3106E2AB67A3,SHA256=93CA15C84D667849D8B9D9E79D24CFC08624BCE0F4B591DBDB153B40358E836A",
                        "Image":  "C:\\Windows\\System32\\WerFault.exe",
                        "UtcTime":  "2025-09-03 15:24:14.321",
                        "ProcessGuid":  "{f1988ae2-5d9c-68b8-8a00-000000001e00}",
                        "Company":  "Microsoft Corporation",
                        "ImageLoaded":  "C:\\Windows\\System32\\policymanager.dll",
                        "FileVersion":  "10.0.19041.1865 (WinBuild.160101.0800)",
                        "User":  "DESKTOP-KVSEOF0\\Stage.Ali",
                        "RuleName":  "-",
                        "Product":  "Microsoft® Windows® Operating System",
                        "ProcessId":  "5680",
                        "OriginalFileName":  "PolicyManager.dll",
                        "Signed":  "true"
                    }
    },
    {
        "EventId":  7,
        "TimeCreated":  "\/Date(1756913054392)\/",
        "ProcessGuid":  "{f1988ae2-5d9c-68b8-8a00-000000001e00}",
        "ProcessId":  "5680",
        "ParentProcessGuid":  null,
        "Image":  "C:\\Windows\\System32\\WerFault.exe",
        "CommandLine":  null,
        "User":  "DESKTOP-KVSEOF0\\Stage.Ali",
        "TargetFilename":  null,
        "DestinationIp":  null,
        "DestinationPort":  null,
        "SourceIp":  null,
        "SourcePort":  null,
        "Protocol":  null,
        "QueryName":  null,
        "Details":  {
                        "Description":  "Microsoft® STL110 C++ Runtime Library",
                        "SignatureStatus":  "Valid",
                        "Signature":  "Microsoft Windows",
                        "Hashes":  "MD5=F084EFCD67D2DEEE55137EE8FDFCE0A9,SHA256=625CF50CD7FCD0E16D0E28514E92919B6EBFB9CB07CD1803110FDB0F5368ACA4",
                        "Image":  "C:\\Windows\\System32\\WerFault.exe",
                        "UtcTime":  "2025-09-03 15:24:14.319",
                        "ProcessGuid":  "{f1988ae2-5d9c-68b8-8a00-000000001e00}",
                        "Company":  "Microsoft Corporation",
                        "ImageLoaded":  "C:\\Windows\\System32\\msvcp110_win.dll",
                        "FileVersion":  "10.0.19041.546 (WinBuild.160101.0800)",
                        "User":  "DESKTOP-KVSEOF0\\Stage.Ali",
                        "RuleName":  "-",
                        "Product":  "Microsoft® Windows® Operating System",
                        "ProcessId":  "5680",
                        "OriginalFileName":  "msvcp110_win.dll",
                        "Signed":  "true"
                    }
    },
    {
        "EventId":  7,
        "TimeCreated":  "\/Date(1756913054391)\/",
        "ProcessGuid":  "{f1988ae2-5d9c-68b8-8a00-000000001e00}",
        "ProcessId":  "5680",
        "ParentProcessGuid":  null,
        "Image":  "C:\\Windows\\System32\\WerFault.exe",
        "CommandLine":  null,
        "User":  "DESKTOP-KVSEOF0\\Stage.Ali",
        "TargetFilename":  null,
        "DestinationIp":  null,
        "DestinationPort":  null,
        "SourceIp":  null,
        "SourcePort":  null,
        "Protocol":  null,
        "QueryName":  null,
        "Details":  {
                        "Description":  "Policy Manager DLL",
                        "SignatureStatus":  "Valid",
                        "Signature":  "Microsoft Windows",
                        "Hashes":  "MD5=BCD77D0E06A6E2EBB22B3106E2AB67A3,SHA256=93CA15C84D667849D8B9D9E79D24CFC08624BCE0F4B591DBDB153B40358E836A",
                        "Image":  "C:\\Windows\\System32\\WerFault.exe",
                        "UtcTime":  "2025-09-03 15:24:14.315",
                        "ProcessGuid":  "{f1988ae2-5d9c-68b8-8a00-000000001e00}",
                        "Company":  "Microsoft Corporation",
                        "ImageLoaded":  "C:\\Windows\\System32\\policymanager.dll",
                        "FileVersion":  "10.0.19041.1865 (WinBuild.160101.0800)",
                        "User":  "DESKTOP-KVSEOF0\\Stage.Ali",
                        "RuleName":  "-",
                        "Product":  "Microsoft® Windows® Operating System",
                        "ProcessId":  "5680",
                        "OriginalFileName":  "PolicyManager.dll",
                        "Signed":  "true"
                    }
    },
    {
        "EventId":  7,
        "TimeCreated":  "\/Date(1756913054079)\/",
        "ProcessGuid":  "{f1988ae2-5d9c-68b8-8a00-000000001e00}",
        "ProcessId":  "5680",
        "ParentProcessGuid":  null,
        "Image":  "C:\\Windows\\System32\\WerFault.exe",
        "CommandLine":  null,
        "User":  "DESKTOP-KVSEOF0\\Stage.Ali",
        "TargetFilename":  null,
        "DestinationIp":  null,
        "DestinationPort":  null,
        "SourceIp":  null,
        "SourcePort":  null,
        "Protocol":  null,
        "QueryName":  null,
        "Details":  {
                        "Description":  "Version Checking and File Installation Libraries",
                        "SignatureStatus":  "Valid",
                        "Signature":  "Microsoft Windows",
                        "Hashes":  "MD5=17C1E1099B65051BB6DEC71FEA37315B,SHA256=E549D528FEE40208DF2DD911C2D96B29D02DF7BEF9B30C93285F4A2F3E1AD5B0",
                        "Image":  "C:\\Windows\\System32\\WerFault.exe",
                        "UtcTime":  "2025-09-03 15:24:14.078",
                        "ProcessGuid":  "{f1988ae2-5d9c-68b8-8a00-000000001e00}",
                        "Company":  "Microsoft Corporation",
                        "ImageLoaded":  "C:\\Windows\\System32\\version.dll",
                        "FileVersion":  "10.0.19041.546 (WinBuild.160101.0800)",
                        "User":  "DESKTOP-KVSEOF0\\Stage.Ali",
                        "RuleName":  "-",
                        "Product":  "Microsoft® Windows® Operating System",
                        "ProcessId":  "5680",
                        "OriginalFileName":  "VERSION.DLL",
                        "Signed":  "true"
                    }
    },
    {
        "EventId":  7,
        "TimeCreated":  "\/Date(1756913054078)\/",
        "ProcessGuid":  "{f1988ae2-5d9c-68b8-8a00-000000001e00}",
        "ProcessId":  "5680",
        "ParentProcessGuid":  null,
        "Image":  "C:\\Windows\\System32\\WerFault.exe",
        "CommandLine":  null,
        "User":  "DESKTOP-KVSEOF0\\Stage.Ali",
        "TargetFilename":  null,
        "DestinationIp":  null,
        "DestinationPort":  null,
        "SourceIp":  null,
        "SourcePort":  null,
        "Protocol":  null,
        "QueryName":  null,
        "Details":  {
                        "Description":  "Process Status Helper",
                        "SignatureStatus":  "Valid",
                        "Signature":  "Microsoft Windows",
                        "Hashes":  "MD5=729A761566B60A8621A1D171BACCF41C,SHA256=4BF259EE8BC11A51FB6FFC7C5D77B8FAB9D092D6892789B92D145083607FB314",
                        "Image":  "C:\\Windows\\System32\\WerFault.exe",
                        "UtcTime":  "2025-09-03 15:24:14.076",
                        "ProcessGuid":  "{f1988ae2-5d9c-68b8-8a00-000000001e00}",
                        "Company":  "Microsoft Corporation",
                        "ImageLoaded":  "C:\\Windows\\System32\\psapi.dll",
                        "FileVersion":  "10.0.19041.546 (WinBuild.160101.0800)",
                        "User":  "DESKTOP-KVSEOF0\\Stage.Ali",
                        "RuleName":  "-",
                        "Product":  "Microsoft® Windows® Operating System",
                        "ProcessId":  "5680",
                        "OriginalFileName":  "PSAPI",
                        "Signed":  "true"
                    }
    },
