    {
        "EventId":  7,
        "TimeCreated":  "\/Date(1756913048364)\/",
        "ProcessGuid":  "{f1988ae2-5d98-68b8-7500-000000001e00}",
        "ProcessId":  "4956",
        "ParentProcessGuid":  null,
        "Image":  "C:\\Users\\Stage.Ali\\AppData\\Local\\Temp\\error.exe",
        "CommandLine":  null,
        "User":  "DESKTOP-KVSEOF0\\Stage.Ali",
        "TargetFilename":  null,
        "DestinationIp":  null,
        "DestinationPort":  null,
        "SourceIp":  null,
        "SourcePort":  null,
        "Protocol":  null,
        "QueryName":  null,
        "Details":  {
                        "Description":  "Windows NT CRT DLL",
                        "SignatureStatus":  "Valid",
                        "Signature":  "Microsoft Windows",
                        "Hashes":  "MD5=0DAA0D9DC786F95C8DC2CCC0221B2863,SHA256=279A03ACC810C1FE613BE283EB24762F0451DA9A6142ED3DC996A1D10FE2F692",
                        "Image":  "C:\\Users\\Stage.Ali\\AppData\\Local\\Temp\\error.exe",
                        "UtcTime":  "2025-09-03 15:24:08.252",
                        "ProcessGuid":  "{f1988ae2-5d98-68b8-7500-000000001e00}",
                        "Company":  "Microsoft Corporation",
                        "ImageLoaded":  "C:\\Windows\\SysWOW64\\msvcrt.dll",
                        "FileVersion":  "7.0.19041.546 (WinBuild.160101.0800)",
                        "User":  "DESKTOP-KVSEOF0\\Stage.Ali",
                        "RuleName":  "-",
                        "Product":  "Microsoft® Windows® Operating System",
                        "ProcessId":  "4956",
                        "OriginalFileName":  "msvcrt.dll",
                        "Signed":  "true"
                    }
    },
    {
        "EventId":  7,
        "TimeCreated":  "\/Date(1756913048353)\/",
        "ProcessGuid":  "{f1988ae2-5d98-68b8-7500-000000001e00}",
        "ProcessId":  "4956",
        "ParentProcessGuid":  null,
        "Image":  "C:\\Users\\Stage.Ali\\AppData\\Local\\Temp\\error.exe",
        "CommandLine":  null,
        "User":  "DESKTOP-KVSEOF0\\Stage.Ali",
        "TargetFilename":  null,
        "DestinationIp":  null,
        "DestinationPort":  null,
        "SourceIp":  null,
        "SourcePort":  null,
        "Protocol":  null,
        "QueryName":  null,
        "Details":  {
                        "Description":  "Microsoft® C Runtime Library",
                        "SignatureStatus":  "Valid",
                        "Signature":  "Microsoft Windows",
                        "Hashes":  "MD5=F9E704B67ECCD77A18965E9CFA128461,SHA256=F7AC4CEB149EAE5184B957D90EBEDD9BC916CD1BA3053548B637B4E32A7F8A07",
                        "Image":  "C:\\Users\\Stage.Ali\\AppData\\Local\\Temp\\error.exe",
                        "UtcTime":  "2025-09-03 15:24:08.231",
                        "ProcessGuid":  "{f1988ae2-5d98-68b8-7500-000000001e00}",
                        "Company":  "Microsoft Corporation",
                        "ImageLoaded":  "C:\\Windows\\SysWOW64\\msvcp_win.dll",
                        "FileVersion":  "10.0.19041.789 (WinBuild.160101.0800)",
                        "User":  "DESKTOP-KVSEOF0\\Stage.Ali",
                        "RuleName":  "-",
                        "Product":  "Microsoft® Windows® Operating System",
                        "ProcessId":  "4956",
                        "OriginalFileName":  "msvcp_win.dll",
                        "Signed":  "true"
                    }
    },
    {
        "EventId":  7,
        "TimeCreated":  "\/Date(1756913048345)\/",
        "ProcessGuid":  "{f1988ae2-5d98-68b8-7500-000000001e00}",
        "ProcessId":  "4956",
        "ParentProcessGuid":  null,
        "Image":  "C:\\Users\\Stage.Ali\\AppData\\Local\\Temp\\error.exe",
        "CommandLine":  null,
        "User":  "DESKTOP-KVSEOF0\\Stage.Ali",
        "TargetFilename":  null,
        "DestinationIp":  null,
        "DestinationPort":  null,
        "SourceIp":  null,
        "SourcePort":  null,
        "Protocol":  null,
        "QueryName":  null,
        "Details":  {
                        "Description":  "User Experience Controls Library",
                        "SignatureStatus":  "Valid",
                        "Signature":  "Microsoft Windows",
                        "Hashes":  "MD5=3F33B448843A277B83C4594FF7AD31F0,SHA256=95B59116EC6BED596A27991CA44E4DD2CE02B0B0436187956A093D502F8C3790",
                        "Image":  "C:\\Users\\Stage.Ali\\AppData\\Local\\Temp\\error.exe",
                        "UtcTime":  "2025-09-03 15:24:08.231",
                        "ProcessGuid":  "{f1988ae2-5d98-68b8-7500-000000001e00}",
                        "Company":  "Microsoft Corporation",
                        "ImageLoaded":  "C:\\Windows\\WinSxS\\x86_microsoft.windows.common-controls_6595b64144ccf1df_6.0.19041.1110_none_a8625c1886757984\\comctl32.dll",
                        "FileVersion":  "6.10 (WinBuild.160101.0800)",
                        "User":  "DESKTOP-KVSEOF0\\Stage.Ali",
                        "RuleName":  "-",
                        "Product":  "Microsoft® Windows® Operating System",
                        "ProcessId":  "4956",
                        "OriginalFileName":  "comctl32.DLL",
                        "Signed":  "true"
                    }
    },
    {
        "EventId":  7,
        "TimeCreated":  "\/Date(1756913048324)\/",
        "ProcessGuid":  "{f1988ae2-5d98-68b8-7500-000000001e00}",
        "ProcessId":  "4956",
        "ParentProcessGuid":  null,
        "Image":  "C:\\Users\\Stage.Ali\\AppData\\Local\\Temp\\error.exe",
        "CommandLine":  null,
        "User":  "DESKTOP-KVSEOF0\\Stage.Ali",
        "TargetFilename":  null,
        "DestinationIp":  null,
        "DestinationPort":  null,
        "SourceIp":  null,
        "SourcePort":  null,
        "Protocol":  null,
        "QueryName":  null,
        "Details":  {
                        "Description":  "GDI Client DLL",
                        "SignatureStatus":  "Valid",
                        "Signature":  "Microsoft Windows",
                        "Hashes":  "MD5=1B2216331F50811FD4BC435A0B7B7AFA,SHA256=AF2EE2EEB5303BA2993D513135D59E9C7CD2C845E5819BC96EAB1DE7BC60068A",
                        "Image":  "C:\\Users\\Stage.Ali\\AppData\\Local\\Temp\\error.exe",
                        "UtcTime":  "2025-09-03 15:24:08.231",
                        "ProcessGuid":  "{f1988ae2-5d98-68b8-7500-000000001e00}",
                        "Company":  "Microsoft Corporation",
                        "ImageLoaded":  "C:\\Windows\\SysWOW64\\gdi32full.dll",
                        "FileVersion":  "10.0.19041.2006 (WinBuild.160101.0800)",
                        "User":  "DESKTOP-KVSEOF0\\Stage.Ali",
                        "RuleName":  "-",
                        "Product":  "Microsoft® Windows® Operating System",
                        "ProcessId":  "4956",
                        "OriginalFileName":  "gdi32",
                        "Signed":  "true"
                    }
    },
    {
        "EventId":  7,
        "TimeCreated":  "\/Date(1756913048293)\/",
        "ProcessGuid":  "{f1988ae2-5d98-68b8-7500-000000001e00}",
        "ProcessId":  "4956",
        "ParentProcessGuid":  null,
        "Image":  "C:\\Users\\Stage.Ali\\AppData\\Local\\Temp\\error.exe",
        "CommandLine":  null,
        "User":  "DESKTOP-KVSEOF0\\Stage.Ali",
        "TargetFilename":  null,
        "DestinationIp":  null,
        "DestinationPort":  null,
        "SourceIp":  null,
        "SourcePort":  null,
        "Protocol":  null,
        "QueryName":  null,
        "Details":  {
                        "Description":  "Win32u",
                        "SignatureStatus":  "Valid",
                        "Signature":  "Microsoft Windows",
                        "Hashes":  "MD5=AC7C42DCA44900B55D55FA8D93DD9191,SHA256=8EFA2A2F1C0125F85B42D08F54C0CF15AF3EEF9655A61436C80E381259E4DBDB",
                        "Image":  "C:\\Users\\Stage.Ali\\AppData\\Local\\Temp\\error.exe",
                        "UtcTime":  "2025-09-03 15:24:08.219",
                        "ProcessGuid":  "{f1988ae2-5d98-68b8-7500-000000001e00}",
                        "Company":  "Microsoft Corporation",
                        "ImageLoaded":  "C:\\Windows\\SysWOW64\\win32u.dll",
                        "FileVersion":  "10.0.19041.2006 (WinBuild.160101.0800)",
                        "User":  "DESKTOP-KVSEOF0\\Stage.Ali",
                        "RuleName":  "-",
                        "Product":  "Microsoft® Windows® Operating System",
                        "ProcessId":  "4956",
                        "OriginalFileName":  "Win32u.DLL",
                        "Signed":  "true"
                    }
    },
    {
        "EventId":  7,
        "TimeCreated":  "\/Date(1756913048281)\/",
        "ProcessGuid":  "{f1988ae2-5d98-68b8-7500-000000001e00}",
        "ProcessId":  "4956",
        "ParentProcessGuid":  null,
        "Image":  "C:\\Users\\Stage.Ali\\AppData\\Local\\Temp\\error.exe",
        "CommandLine":  null,
        "User":  "DESKTOP-KVSEOF0\\Stage.Ali",
        "TargetFilename":  null,
        "DestinationIp":  null,
        "DestinationPort":  null,
        "SourceIp":  null,
        "SourcePort":  null,
        "Protocol":  null,
        "QueryName":  null,
        "Details":  {
                        "Description":  "GDI Client DLL",
                        "SignatureStatus":  "Valid",
                        "Signature":  "Microsoft Windows",
                        "Hashes":  "MD5=873692EF0C70675F179C190CDC45CB09,SHA256=552750680F4748906D37A0CF0A9F33E6E5C20DF24245A7AD7E752F87830E3E2B",
                        "Image":  "C:\\Users\\Stage.Ali\\AppData\\Local\\Temp\\error.exe",
                        "UtcTime":  "2025-09-03 15:24:08.202",
                        "ProcessGuid":  "{f1988ae2-5d98-68b8-7500-000000001e00}",
                        "Company":  "Microsoft Corporation",
                        "ImageLoaded":  "C:\\Windows\\SysWOW64\\gdi32.dll",
                        "FileVersion":  "10.0.19041.1620 (WinBuild.160101.0800)",
                        "User":  "DESKTOP-KVSEOF0\\Stage.Ali",
                        "RuleName":  "-",
                        "Product":  "Microsoft® Windows® Operating System",
                        "ProcessId":  "4956",
                        "OriginalFileName":  "gdi32",
                        "Signed":  "true"
                    }
    },
    {
        "EventId":  7,
        "TimeCreated":  "\/Date(1756913048272)\/",
        "ProcessGuid":  "{f1988ae2-5d98-68b8-7500-000000001e00}",
        "ProcessId":  "4956",
        "ParentProcessGuid":  null,
        "Image":  "C:\\Users\\Stage.Ali\\AppData\\Local\\Temp\\error.exe",
        "CommandLine":  null,
        "User":  "DESKTOP-KVSEOF0\\Stage.Ali",
        "TargetFilename":  null,
        "DestinationIp":  null,
        "DestinationPort":  null,
        "SourceIp":  null,
        "SourcePort":  null,
        "Protocol":  null,
        "QueryName":  null,
        "Details":  {
                        "Description":  "Application Compatibility Client Library",
                        "SignatureStatus":  "Valid",
                        "Signature":  "Microsoft Windows",
                        "Hashes":  "MD5=0A044F3B2538E48E4CCCA93F175A8BB2,SHA256=258DC55056413D6D2BE9DCDE5C8D9165A9E1471A8AFB4AC7A14A15DCAB77537D",
                        "Image":  "C:\\Users\\Stage.Ali\\AppData\\Local\\Temp\\error.exe",
                        "UtcTime":  "2025-09-03 15:24:08.202",
                        "ProcessGuid":  "{f1988ae2-5d98-68b8-7500-000000001e00}",
                        "Company":  "Microsoft Corporation",
                        "ImageLoaded":  "C:\\Windows\\SysWOW64\\apphelp.dll",
                        "FileVersion":  "10.0.19041.1320 (WinBuild.160101.0800)",
                        "User":  "DESKTOP-KVSEOF0\\Stage.Ali",
                        "RuleName":  "-",
                        "Product":  "Microsoft® Windows® Operating System",
                        "ProcessId":  "4956",
                        "OriginalFileName":  "Apphelp",
                        "Signed":  "true"
                    }
    },
    {
        "EventId":  7,
        "TimeCreated":  "\/Date(1756913048198)\/",
        "ProcessGuid":  "{f1988ae2-5d98-68b8-7500-000000001e00}",
        "ProcessId":  "4956",
        "ParentProcessGuid":  null,
        "Image":  "C:\\Users\\Stage.Ali\\AppData\\Local\\Temp\\error.exe",
        "CommandLine":  null,
        "User":  "DESKTOP-KVSEOF0\\Stage.Ali",
        "TargetFilename":  null,
        "DestinationIp":  null,
        "DestinationPort":  null,
        "SourceIp":  null,
        "SourcePort":  null,
        "Protocol":  null,
        "QueryName":  null,
        "Details":  {
                        "Description":  "Windows NT BASE API Client DLL",
                        "SignatureStatus":  "Valid",
                        "Signature":  "Microsoft Windows",
                        "Hashes":  "MD5=29280E079C66BB6F9A157D55AF6EBA80,SHA256=233C329FFBD3EA703A394008AAA04C54B8AB4139AA6C00F657EBEA8906417C37",
                        "Image":  "C:\\Users\\Stage.Ali\\AppData\\Local\\Temp\\error.exe",
                        "UtcTime":  "2025-09-03 15:24:08.171",
                        "ProcessGuid":  "{f1988ae2-5d98-68b8-7500-000000001e00}",
                        "Company":  "Microsoft Corporation",
                        "ImageLoaded":  "C:\\Windows\\SysWOW64\\KernelBase.dll",
                        "FileVersion":  "10.0.19041.2006 (WinBuild.160101.0800)",
                        "User":  "DESKTOP-KVSEOF0\\Stage.Ali",
                        "RuleName":  "-",
                        "Product":  "Microsoft® Windows® Operating System",
                        "ProcessId":  "4956",
                        "OriginalFileName":  "Kernelbase.dll",
                        "Signed":  "true"
                    }
    },
    {
        "EventId":  7,
        "TimeCreated":  "\/Date(1756913048179)\/",
        "ProcessGuid":  "{f1988ae2-5d98-68b8-7500-000000001e00}",
        "ProcessId":  "4956",
        "ParentProcessGuid":  null,
        "Image":  "C:\\Users\\Stage.Ali\\AppData\\Local\\Temp\\error.exe",
        "CommandLine":  null,
        "User":  "DESKTOP-KVSEOF0\\Stage.Ali",
        "TargetFilename":  null,
        "DestinationIp":  null,
        "DestinationPort":  null,
        "SourceIp":  null,
        "SourcePort":  null,
        "Protocol":  null,
        "QueryName":  null,
        "Details":  {
                        "Description":  "Windows NT BASE API Client DLL",
                        "SignatureStatus":  "Valid",
                        "Signature":  "Microsoft Windows",
                        "Hashes":  "MD5=C9FDF863B56CCA2A80726CEEC54F7D7F,SHA256=49B8BCEBBF2CE150D050BC8403F10C3A64730F0A6EB4FA1843717CEB8A0C5D86",
                        "Image":  "C:\\Users\\Stage.Ali\\AppData\\Local\\Temp\\error.exe",
                        "UtcTime":  "2025-09-03 15:24:08.144",
                        "ProcessGuid":  "{f1988ae2-5d98-68b8-7500-000000001e00}",
                        "Company":  "Microsoft Corporation",
                        "ImageLoaded":  "C:\\Windows\\SysWOW64\\kernel32.dll",
                        "FileVersion":  "10.0.19041.1889 (WinBuild.160101.0800)",
                        "User":  "DESKTOP-KVSEOF0\\Stage.Ali",
                        "RuleName":  "-",
                        "Product":  "Microsoft® Windows® Operating System",
                        "ProcessId":  "4956",
                        "OriginalFileName":  "kernel32",
                        "Signed":  "true"
                    }
    },
    {
        "EventId":  7,
        "TimeCreated":  "\/Date(1756913048170)\/",
        "ProcessGuid":  "{f1988ae2-5d98-68b8-7500-000000001e00}",
        "ProcessId":  "4956",
        "ParentProcessGuid":  null,
        "Image":  "C:\\Users\\Stage.Ali\\AppData\\Local\\Temp\\error.exe",
        "CommandLine":  null,
        "User":  "DESKTOP-KVSEOF0\\Stage.Ali",
        "TargetFilename":  null,
        "DestinationIp":  null,
        "DestinationPort":  null,
        "SourceIp":  null,
        "SourcePort":  null,
        "Protocol":  null,
        "QueryName":  null,
        "Details":  {
                        "Description":  "AMD64 Wow64 CPU ",
                        "SignatureStatus":  "Valid",
                        "Signature":  "Microsoft Windows",
                        "Hashes":  "MD5=5184B7FD218777571ABCB3E0319F48C6,SHA256=730AC79CC90B35EA9153EAE399313F10FC55B6DEBED7E93D429FBC9D7DE5EF19",
                        "Image":  "C:\\Users\\Stage.Ali\\AppData\\Local\\Temp\\error.exe",
                        "UtcTime":  "2025-09-03 15:24:08.129",
                        "ProcessGuid":  "{f1988ae2-5d98-68b8-7500-000000001e00}",
                        "Company":  "Microsoft Corporation",
                        "ImageLoaded":  "C:\\Windows\\System32\\wow64cpu.dll",
                        "FileVersion":  "10.0.19041.662 (WinBuild.160101.0800)",
                        "User":  "DESKTOP-KVSEOF0\\Stage.Ali",
                        "RuleName":  "-",
                        "Product":  "Microsoft® Windows® Operating System",
                        "ProcessId":  "4956",
                        "OriginalFileName":  "wow64cpu.dll",
                        "Signed":  "true"
                    }
    },
    {
        "EventId":  7,
        "TimeCreated":  "\/Date(1756913048158)\/",
        "ProcessGuid":  "{f1988ae2-5d98-68b8-7500-000000001e00}",
        "ProcessId":  "4956",
        "ParentProcessGuid":  null,
        "Image":  "C:\\Users\\Stage.Ali\\AppData\\Local\\Temp\\error.exe",
        "CommandLine":  null,
        "User":  "DESKTOP-KVSEOF0\\Stage.Ali",
        "TargetFilename":  null,
        "DestinationIp":  null,
        "DestinationPort":  null,
        "SourceIp":  null,
        "SourcePort":  null,
        "Protocol":  null,
        "QueryName":  null,
        "Details":  {
                        "Description":  "Wow64 Console and Win32 API Logging",
                        "SignatureStatus":  "Valid",
                        "Signature":  "Microsoft Windows",
                        "Hashes":  "MD5=76484565D718864AD45D07B02DD2C880,SHA256=7D4A077775AADDC597159E5D727BFDD0B65CE880716B3E0029CAAC7A8C9E4154",
                        "Image":  "C:\\Users\\Stage.Ali\\AppData\\Local\\Temp\\error.exe",
                        "UtcTime":  "2025-09-03 15:24:08.129",
                        "ProcessGuid":  "{f1988ae2-5d98-68b8-7500-000000001e00}",
                        "Company":  "Microsoft Corporation",
                        "ImageLoaded":  "C:\\Windows\\System32\\wow64win.dll",
                        "FileVersion":  "10.0.19041.844 (WinBuild.160101.0800)",
                        "User":  "DESKTOP-KVSEOF0\\Stage.Ali",
                        "RuleName":  "-",
                        "Product":  "Microsoft® Windows® Operating System",
                        "ProcessId":  "4956",
                        "OriginalFileName":  "wow64lg2.dll",
                        "Signed":  "true"
                    }
    },
    {
        "EventId":  7,
        "TimeCreated":  "\/Date(1756913048147)\/",
        "ProcessGuid":  "{f1988ae2-5d98-68b8-7500-000000001e00}",
        "ProcessId":  "4956",
        "ParentProcessGuid":  null,
        "Image":  "C:\\Users\\Stage.Ali\\AppData\\Local\\Temp\\error.exe",
        "CommandLine":  null,
        "User":  "DESKTOP-KVSEOF0\\Stage.Ali",
        "TargetFilename":  null,
        "DestinationIp":  null,
        "DestinationPort":  null,
        "SourceIp":  null,
        "SourcePort":  null,
        "Protocol":  null,
        "QueryName":  null,
        "Details":  {
                        "Description":  "Win32 Emulation on NT64",
                        "SignatureStatus":  "Valid",
                        "Signature":  "Microsoft Windows",
                        "Hashes":  "MD5=C20A26CB64B2CCC677E738893A0F1F64,SHA256=C7D6BF0F1AA458AFA7A88BCA003170821832DEECFF729AAD5F622BBFABBC1FA9",
                        "Image":  "C:\\Users\\Stage.Ali\\AppData\\Local\\Temp\\error.exe",
                        "UtcTime":  "2025-09-03 15:24:08.129",
                        "ProcessGuid":  "{f1988ae2-5d98-68b8-7500-000000001e00}",
                        "Company":  "Microsoft Corporation",
                        "ImageLoaded":  "C:\\Windows\\System32\\wow64.dll",
                        "FileVersion":  "10.0.19041.964 (WinBuild.160101.0800)",
                        "User":  "DESKTOP-KVSEOF0\\Stage.Ali",
                        "RuleName":  "-",
                        "Product":  "Microsoft® Windows® Operating System",
                        "ProcessId":  "4956",
                        "OriginalFileName":  "wow64.dll",
                        "Signed":  "true"
                    }
    },
    {
        "EventId":  7,
        "TimeCreated":  "\/Date(1756913048139)\/",
        "ProcessGuid":  "{f1988ae2-5d98-68b8-7500-000000001e00}",
        "ProcessId":  "4956",
        "ParentProcessGuid":  null,
        "Image":  "C:\\Users\\Stage.Ali\\AppData\\Local\\Temp\\error.exe",
        "CommandLine":  null,
        "User":  "DESKTOP-KVSEOF0\\Stage.Ali",
        "TargetFilename":  null,
        "DestinationIp":  null,
        "DestinationPort":  null,
        "SourceIp":  null,
        "SourcePort":  null,
        "Protocol":  null,
        "QueryName":  null,
        "Details":  {
                        "Description":  "NT Layer DLL",
                        "SignatureStatus":  "Valid",
                        "Signature":  "Microsoft Windows",
                        "Hashes":  "MD5=5564A98A4692BA8B2D25770FB834D5F6,SHA256=28AB9A0F5F50FD5398324B5EC099F5C53C6FAA701C3F6D8B0B3DA47A76C56230",
                        "Image":  "C:\\Users\\Stage.Ali\\AppData\\Local\\Temp\\error.exe",
                        "UtcTime":  "2025-09-03 15:24:08.110",
                        "ProcessGuid":  "{f1988ae2-5d98-68b8-7500-000000001e00}",
                        "Company":  "Microsoft Corporation",
                        "ImageLoaded":  "C:\\Windows\\SysWOW64\\ntdll.dll",
                        "FileVersion":  "10.0.19041.1949 (WinBuild.160101.0800)",
                        "User":  "DESKTOP-KVSEOF0\\Stage.Ali",
                        "RuleName":  "-",
                        "Product":  "Microsoft® Windows® Operating System",
                        "ProcessId":  "4956",
                        "OriginalFileName":  "ntdll.dll",
                        "Signed":  "true"
                    }
    },
    {
        "EventId":  7,
        "TimeCreated":  "\/Date(1756913048112)\/",
        "ProcessGuid":  "{f1988ae2-5d98-68b8-7500-000000001e00}",
        "ProcessId":  "4956",
        "ParentProcessGuid":  null,
        "Image":  "C:\\Users\\Stage.Ali\\AppData\\Local\\Temp\\error.exe",
        "CommandLine":  null,
        "User":  "DESKTOP-KVSEOF0\\Stage.Ali",
        "TargetFilename":  null,
        "DestinationIp":  null,
        "DestinationPort":  null,
        "SourceIp":  null,
        "SourcePort":  null,
        "Protocol":  null,
        "QueryName":  null,
        "Details":  {
                        "Description":  "-",
                        "SignatureStatus":  "Unavailable",
                        "Signature":  "-",
                        "Hashes":  "MD5=4E72812C786ADE6132B4F9732F17C5BD,SHA256=E8EE51D39D3CAC72BB7CDD29D766D9C7D05087FDF030682895E2C6E2452D7866",
                        "Image":  "C:\\Users\\Stage.Ali\\AppData\\Local\\Temp\\error.exe",
                        "UtcTime":  "2025-09-03 15:24:08.093",
                        "ProcessGuid":  "{f1988ae2-5d98-68b8-7500-000000001e00}",
                        "Company":  "-",
                        "ImageLoaded":  "C:\\Users\\Stage.Ali\\AppData\\Local\\Temp\\error.exe",
                        "FileVersion":  "-",
                        "User":  "DESKTOP-KVSEOF0\\Stage.Ali",
                        "RuleName":  "-",
                        "Product":  "-",
                        "ProcessId":  "4956",
                        "OriginalFileName":  "-",
                        "Signed":  "false"
                    }
    },
    {
        "EventId":  7,
        "TimeCreated":  "\/Date(1756913048105)\/",
        "ProcessGuid":  "{f1988ae2-5d98-68b8-7500-000000001e00}",
        "ProcessId":  "4956",
        "ParentProcessGuid":  null,
        "Image":  "C:\\Users\\Stage.Ali\\AppData\\Local\\Temp\\error.exe",
        "CommandLine":  null,
        "User":  "DESKTOP-KVSEOF0\\Stage.Ali",
        "TargetFilename":  null,
        "DestinationIp":  null,
        "DestinationPort":  null,
        "SourceIp":  null,
        "SourcePort":  null,
        "Protocol":  null,
        "QueryName":  null,
        "Details":  {
                        "Description":  "NT Layer DLL",
                        "SignatureStatus":  "Valid",
                        "Signature":  "Microsoft Windows",
                        "Hashes":  "MD5=FFC0099CC499ABF355130F6334313504,SHA256=FBDFC8183DF435C2E981F868CB578CCA3B86A1FA6E76D8F5775E2EF22944A370",
                        "Image":  "C:\\Users\\Stage.Ali\\AppData\\Local\\Temp\\error.exe",
                        "UtcTime":  "2025-09-03 15:24:08.093",
                        "ProcessGuid":  "{f1988ae2-5d98-68b8-7500-000000001e00}",
                        "Company":  "Microsoft Corporation",
                        "ImageLoaded":  "C:\\Windows\\System32\\ntdll.dll",
                        "FileVersion":  "10.0.19041.1949 (WinBuild.160101.0800)",
                        "User":  "DESKTOP-KVSEOF0\\Stage.Ali",
                        "RuleName":  "-",
                        "Product":  "Microsoft® Windows® Operating System",
                        "ProcessId":  "4956",
                        "OriginalFileName":  "ntdll.dll",
                        "Signed":  "true"
                    }
    },
    {
        "EventId":  7,
        "TimeCreated":  "\/Date(1756913047859)\/",
        "ProcessGuid":  "{f1988ae2-5d97-68b8-7400-000000001e00}",
        "ProcessId":  "4524",
        "ParentProcessGuid":  null,
        "Image":  "C:\\Users\\Stage.Ali\\AppData\\Local\\Temp\\svchost.exe",
        "CommandLine":  null,
        "User":  "DESKTOP-KVSEOF0\\Stage.Ali",
        "TargetFilename":  null,
        "DestinationIp":  null,
        "DestinationPort":  null,
        "SourceIp":  null,
        "SourcePort":  null,
        "Protocol":  null,
        "QueryName":  null,
        "Details":  {
                        "Description":  "Process Status Helper",
                        "SignatureStatus":  "Valid",
                        "Signature":  "Microsoft Windows",
                        "Hashes":  "MD5=729A761566B60A8621A1D171BACCF41C,SHA256=4BF259EE8BC11A51FB6FFC7C5D77B8FAB9D092D6892789B92D145083607FB314",
                        "Image":  "C:\\Users\\Stage.Ali\\AppData\\Local\\Temp\\svchost.exe",
                        "UtcTime":  "2025-09-03 15:24:07.849",
                        "ProcessGuid":  "{f1988ae2-5d97-68b8-7400-000000001e00}",
                        "Company":  "Microsoft Corporation",
                        "ImageLoaded":  "C:\\Windows\\System32\\psapi.dll",
                        "FileVersion":  "10.0.19041.546 (WinBuild.160101.0800)",
                        "User":  "DESKTOP-KVSEOF0\\Stage.Ali",
                        "RuleName":  "-",
                        "Product":  "Microsoft® Windows® Operating System",
                        "ProcessId":  "4524",
                        "OriginalFileName":  "PSAPI",
                        "Signed":  "true"
                    }
    },
    {
        "EventId":  7,
        "TimeCreated":  "\/Date(1756913047857)\/",
        "ProcessGuid":  "{f1988ae2-5d97-68b8-7400-000000001e00}",
        "ProcessId":  "4524",
        "ParentProcessGuid":  null,
        "Image":  "C:\\Users\\Stage.Ali\\AppData\\Local\\Temp\\svchost.exe",
        "CommandLine":  null,
        "User":  "DESKTOP-KVSEOF0\\Stage.Ali",
        "TargetFilename":  null,
        "DestinationIp":  null,
        "DestinationPort":  null,
        "SourceIp":  null,
        "SourcePort":  null,
        "Protocol":  null,
        "QueryName":  null,
        "Details":  {
                        "Description":  "Base cryptographic API DLL",
                        "SignatureStatus":  "Valid",
                        "Signature":  "Microsoft Windows",
                        "Hashes":  "MD5=095B8F1C0F8EE3CAA09FCCA6CB92F6C0,SHA256=B50D007EE8764F7CADA9D9A395DA396201C8B18E6501B50AB809914A7588BAF1",
                        "Image":  "C:\\Users\\Stage.Ali\\AppData\\Local\\Temp\\svchost.exe",
                        "UtcTime":  "2025-09-03 15:24:07.849",
                        "ProcessGuid":  "{f1988ae2-5d97-68b8-7400-000000001e00}",
                        "Company":  "Microsoft Corporation",
                        "ImageLoaded":  "C:\\Windows\\System32\\cryptbase.dll",
                        "FileVersion":  "10.0.19041.546 (WinBuild.160101.0800)",
                        "User":  "DESKTOP-KVSEOF0\\Stage.Ali",
                        "RuleName":  "-",
                        "Product":  "Microsoft® Windows® Operating System",
                        "ProcessId":  "4524",
                        "OriginalFileName":  "cryptbase.dll",
                        "Signed":  "true"
                    }
    },
    {
        "EventId":  7,
        "TimeCreated":  "\/Date(1756913047857)\/",
        "ProcessGuid":  "{f1988ae2-5d97-68b8-7400-000000001e00}",
        "ProcessId":  "4524",
        "ParentProcessGuid":  null,
        "Image":  "C:\\Users\\Stage.Ali\\AppData\\Local\\Temp\\svchost.exe",
        "CommandLine":  null,
        "User":  "DESKTOP-KVSEOF0\\Stage.Ali",
        "TargetFilename":  null,
        "DestinationIp":  null,
        "DestinationPort":  null,
        "SourceIp":  null,
        "SourcePort":  null,
        "Protocol":  null,
        "QueryName":  null,
        "Details":  {
                        "Description":  "Microsoft Enhanced Cryptographic Provider",
                        "SignatureStatus":  "Valid",
                        "Signature":  "Microsoft Windows",
                        "Hashes":  "MD5=745A6645F03EFE4B893575565301E677,SHA256=C9FD8377D6C328B2F01C687DAC95E9005C8BB0A4AA230B12DAA7C3CD3367F19A",
                        "Image":  "C:\\Users\\Stage.Ali\\AppData\\Local\\Temp\\svchost.exe",
                        "UtcTime":  "2025-09-03 15:24:07.849",
                        "ProcessGuid":  "{f1988ae2-5d97-68b8-7400-000000001e00}",
                        "Company":  "Microsoft Corporation",
                        "ImageLoaded":  "C:\\Windows\\System32\\rsaenh.dll",
                        "FileVersion":  "10.0.19041.1052 (WinBuild.160101.0800)",
                        "User":  "DESKTOP-KVSEOF0\\Stage.Ali",
                        "RuleName":  "-",
                        "Product":  "Microsoft® Windows® Operating System",
                        "ProcessId":  "4524",
                        "OriginalFileName":  "rsaenh.dll",
                        "Signed":  "true"
                    }
    },
    {
        "EventId":  7,
        "TimeCreated":  "\/Date(1756913047857)\/",
        "ProcessGuid":  "{f1988ae2-5d97-68b8-7400-000000001e00}",
        "ProcessId":  "4524",
        "ParentProcessGuid":  null,
        "Image":  "C:\\Users\\Stage.Ali\\AppData\\Local\\Temp\\svchost.exe",
        "CommandLine":  null,
        "User":  "DESKTOP-KVSEOF0\\Stage.Ali",
        "TargetFilename":  null,
        "DestinationIp":  null,
        "DestinationPort":  null,
        "SourceIp":  null,
        "SourcePort":  null,
        "Protocol":  null,
        "QueryName":  null,
        "Details":  {
                        "Description":  "Cryptographic Service Provider API",
                        "SignatureStatus":  "Valid",
                        "Signature":  "Microsoft Windows",
                        "Hashes":  "MD5=A26D9BD5FE9F31F2D47F81EF95876749,SHA256=82027B8C6CE412F9C9731AF5E904291DAE944C3845EBFEF2AF86C8543C8AD5A7",
                        "Image":  "C:\\Users\\Stage.Ali\\AppData\\Local\\Temp\\svchost.exe",
                        "UtcTime":  "2025-09-03 15:24:07.849",
                        "ProcessGuid":  "{f1988ae2-5d97-68b8-7400-000000001e00}",
                        "Company":  "Microsoft Corporation",
                        "ImageLoaded":  "C:\\Windows\\System32\\cryptsp.dll",
                        "FileVersion":  "10.0.19041.546 (WinBuild.160101.0800)",
                        "User":  "DESKTOP-KVSEOF0\\Stage.Ali",
                        "RuleName":  "-",
                        "Product":  "Microsoft® Windows® Operating System",
                        "ProcessId":  "4524",
                        "OriginalFileName":  "cryptsp.dll",
                        "Signed":  "true"
                    }
    },
    {
        "EventId":  7,
        "TimeCreated":  "\/Date(1756913047857)\/",
        "ProcessGuid":  "{f1988ae2-5d97-68b8-7400-000000001e00}",
        "ProcessId":  "4524",
        "ParentProcessGuid":  null,
        "Image":  "C:\\Users\\Stage.Ali\\AppData\\Local\\Temp\\svchost.exe",
        "CommandLine":  null,
        "User":  "DESKTOP-KVSEOF0\\Stage.Ali",
        "TargetFilename":  null,
        "DestinationIp":  null,
        "DestinationPort":  null,
        "SourceIp":  null,
        "SourcePort":  null,
        "Protocol":  null,
        "QueryName":  null,
        "Details":  {
                        "Description":  "Windows Cryptographic Primitives Library",
                        "SignatureStatus":  "Valid",
                        "Signature":  "Microsoft Windows",
                        "Hashes":  "MD5=A4BE5153C4441FFEDA74AA99D4B2E830,SHA256=0F14BB6286686143D6192376C2F965D7E71A0C3FAE73773DA56A7FCD5E355F4D",
                        "Image":  "C:\\Users\\Stage.Ali\\AppData\\Local\\Temp\\svchost.exe",
                        "UtcTime":  "2025-09-03 15:24:07.849",
                        "ProcessGuid":  "{f1988ae2-5d97-68b8-7400-000000001e00}",
                        "Company":  "Microsoft Corporation",
                        "ImageLoaded":  "C:\\Windows\\System32\\bcrypt.dll",
                        "FileVersion":  "10.0.19041.1023 (WinBuild.160101.0800)",
                        "User":  "DESKTOP-KVSEOF0\\Stage.Ali",
                        "RuleName":  "-",
                        "Product":  "Microsoft® Windows® Operating System",
                        "ProcessId":  "4524",
                        "OriginalFileName":  "bcrypt.dll",
                        "Signed":  "true"
                    }
    },
    {
        "EventId":  7,
        "TimeCreated":  "\/Date(1756913047852)\/",
        "ProcessGuid":  "{f1988ae2-5d97-68b8-7400-000000001e00}",
        "ProcessId":  "4524",
        "ParentProcessGuid":  null,
        "Image":  "C:\\Users\\Stage.Ali\\AppData\\Local\\Temp\\svchost.exe",
        "CommandLine":  null,
        "User":  "DESKTOP-KVSEOF0\\Stage.Ali",
        "TargetFilename":  null,
        "DestinationIp":  null,
        "DestinationPort":  null,
        "SourceIp":  null,
        "SourcePort":  null,
        "Protocol":  null,
        "QueryName":  null,
        "Details":  {
                        "Description":  "Security Support Provider Interface",
                        "SignatureStatus":  "Valid",
                        "Signature":  "Microsoft Windows",
                        "Hashes":  "MD5=869BBCC3D381349C64B34BC03325E338,SHA256=8950C1EB84C1B11D58759AD091E6A1B4FCDB50209AEA28EA48CD3E640D4C4FD3",
                        "Image":  "C:\\Users\\Stage.Ali\\AppData\\Local\\Temp\\svchost.exe",
                        "UtcTime":  "2025-09-03 15:24:07.849",
                        "ProcessGuid":  "{f1988ae2-5d97-68b8-7400-000000001e00}",
                        "Company":  "Microsoft Corporation",
                        "ImageLoaded":  "C:\\Windows\\System32\\sspicli.dll",
                        "FileVersion":  "10.0.19041.1586 (WinBuild.160101.0800)",
                        "User":  "DESKTOP-KVSEOF0\\Stage.Ali",
                        "RuleName":  "-",
                        "Product":  "Microsoft® Windows® Operating System",
                        "ProcessId":  "4524",
                        "OriginalFileName":  "sspicli.dll",
                        "Signed":  "true"
                    }
    },
    {
        "EventId":  7,
        "TimeCreated":  "\/Date(1756913047852)\/",
        "ProcessGuid":  "{f1988ae2-5d97-68b8-7400-000000001e00}",
        "ProcessId":  "4524",
        "ParentProcessGuid":  null,
        "Image":  "C:\\Users\\Stage.Ali\\AppData\\Local\\Temp\\svchost.exe",
        "CommandLine":  null,
        "User":  "DESKTOP-KVSEOF0\\Stage.Ali",
        "TargetFilename":  null,
        "DestinationIp":  null,
        "DestinationPort":  null,
        "SourceIp":  null,
        "SourcePort":  null,
        "Protocol":  null,
        "QueryName":  null,
        "Details":  {
                        "Description":  "Visual Basic Runtime Library",
                        "SignatureStatus":  "Unavailable",
                        "Signature":  "-",
                        "Hashes":  "MD5=CD45E6356A8C0DE1AB883A99E2BC13EA,SHA256=91E183B48C5EAA26A94C4B3C43A6B243B17CA4FDB05E7DAF01C91DBF2F1AFB13",
                        "Image":  "C:\\Users\\Stage.Ali\\AppData\\Local\\Temp\\svchost.exe",
                        "UtcTime":  "2025-09-03 15:24:07.829",
                        "ProcessGuid":  "{f1988ae2-5d97-68b8-7400-000000001e00}",
                        "Company":  "Microsoft Corporation",
                        "ImageLoaded":  "C:\\Windows\\assembly\\NativeImages_v4.0.30319_64\\Microsoft.V9921e851#\\04de61553901f06e2f763b6f03a6f65a\\Microsoft.VisualBasic.ni.dll",
                        "FileVersion":  "14.8.4084.0 built by: NET48REL1",
                        "User":  "DESKTOP-KVSEOF0\\Stage.Ali",
                        "RuleName":  "-",
                        "Product":  "Microsoft® .NET Framework",
                        "ProcessId":  "4524",
                        "OriginalFileName":  "Microsoft.VisualBasic.DLL",
                        "Signed":  "false"
                    }
    },
    {
        "EventId":  7,
        "TimeCreated":  "\/Date(1756913047845)\/",
        "ProcessGuid":  "{f1988ae2-5d97-68b8-7400-000000001e00}",
        "ProcessId":  "4524",
        "ParentProcessGuid":  null,
        "Image":  "C:\\Users\\Stage.Ali\\AppData\\Local\\Temp\\svchost.exe",
        "CommandLine":  null,
        "User":  "DESKTOP-KVSEOF0\\Stage.Ali",
        "TargetFilename":  null,
        "DestinationIp":  null,
        "DestinationPort":  null,
        "SourceIp":  null,
        "SourcePort":  null,
        "Protocol":  null,
        "QueryName":  null,
        "Details":  {
                        "Description":  ".NET Framework",
                        "SignatureStatus":  "Unavailable",
                        "Signature":  "-",
                        "Hashes":  "MD5=0A3CD718DB4E2930AA69BB9B026F6D43,SHA256=590E60E8B91DA6CA0481999C60341CEAF494CB62419BBCB5A0968532C46CD06B",
                        "Image":  "C:\\Users\\Stage.Ali\\AppData\\Local\\Temp\\svchost.exe",
                        "UtcTime":  "2025-09-03 15:24:07.829",
                        "ProcessGuid":  "{f1988ae2-5d97-68b8-7400-000000001e00}",
                        "Company":  "Microsoft Corporation",
                        "ImageLoaded":  "C:\\Windows\\assembly\\NativeImages_v4.0.30319_64\\System.Core\\31326613607f69254f3284ec964796c8\\System.Core.ni.dll",
                        "FileVersion":  "4.8.4536.0 built by: NET48REL1LAST_C",
                        "User":  "DESKTOP-KVSEOF0\\Stage.Ali",
                        "RuleName":  "-",
                        "Product":  "Microsoft® .NET Framework",
                        "ProcessId":  "4524",
                        "OriginalFileName":  "System.Core.dll",
                        "Signed":  "false"
                    }
    },
    {
        "EventId":  7,
        "TimeCreated":  "\/Date(1756913047842)\/",
        "ProcessGuid":  "{f1988ae2-5d97-68b8-7400-000000001e00}",
        "ProcessId":  "4524",
        "ParentProcessGuid":  null,
        "Image":  "C:\\Users\\Stage.Ali\\AppData\\Local\\Temp\\svchost.exe",
        "CommandLine":  null,
        "User":  "DESKTOP-KVSEOF0\\Stage.Ali",
        "TargetFilename":  null,
        "DestinationIp":  null,
        "DestinationPort":  null,
        "SourceIp":  null,
        "SourcePort":  null,
        "Protocol":  null,
        "QueryName":  null,
        "Details":  {
                        "Description":  ".NET Framework",
                        "SignatureStatus":  "Unavailable",
                        "Signature":  "-",
                        "Hashes":  "MD5=AEDE4CAA11B58AC71D6CC7131FB025AB,SHA256=59827DC145773F249AFFDB1B480F9F00A43C544CCDA8CA6728BC7197A2F0C652",
                        "Image":  "C:\\Users\\Stage.Ali\\AppData\\Local\\Temp\\svchost.exe",
                        "UtcTime":  "2025-09-03 15:24:07.829",
                        "ProcessGuid":  "{f1988ae2-5d97-68b8-7400-000000001e00}",
                        "Company":  "Microsoft Corporation",
                        "ImageLoaded":  "C:\\Windows\\assembly\\NativeImages_v4.0.30319_64\\System\\b187b7f31cee3e87b56c8edca55324e0\\System.ni.dll",
                        "FileVersion":  "4.8.4536.0 built by: NET48REL1LAST_C",
                        "User":  "DESKTOP-KVSEOF0\\Stage.Ali",
                        "RuleName":  "-",
                        "Product":  "Microsoft® .NET Framework",
                        "ProcessId":  "4524",
                        "OriginalFileName":  "System.dll",
                        "Signed":  "false"
                    }
    },
    {
        "EventId":  7,
        "TimeCreated":  "\/Date(1756913047839)\/",
        "ProcessGuid":  "{f1988ae2-5d97-68b8-7400-000000001e00}",
        "ProcessId":  "4524",
        "ParentProcessGuid":  null,
        "Image":  "C:\\Users\\Stage.Ali\\AppData\\Local\\Temp\\svchost.exe",
        "CommandLine":  null,
        "User":  "DESKTOP-KVSEOF0\\Stage.Ali",
        "TargetFilename":  null,
        "DestinationIp":  null,
        "DestinationPort":  null,
        "SourceIp":  null,
        "SourcePort":  null,
        "Protocol":  null,
        "QueryName":  null,
        "Details":  {
                        "Description":  "Microsoft .NET Runtime Just-In-Time Compiler",
                        "SignatureStatus":  "Valid",
                        "Signature":  "Microsoft Corporation",
                        "Hashes":  "MD5=C5D469C303E0AA87A2C9DF1730B7C4C4,SHA256=8A3CD3CF2249E9971806B15C75A892E6A44CCA5FF5EA5CA89FDA951CD2C09AA9",
                        "Image":  "C:\\Users\\Stage.Ali\\AppData\\Local\\Temp\\svchost.exe",
                        "UtcTime":  "2025-09-03 15:24:07.829",
                        "ProcessGuid":  "{f1988ae2-5d97-68b8-7400-000000001e00}",
                        "Company":  "Microsoft Corporation",
                        "ImageLoaded":  "C:\\Windows\\Microsoft.NET\\Framework64\\v4.0.30319\\clrjit.dll",
                        "FileVersion":  "4.8.4515.0 built by: NET48REL1LAST_C",
                        "User":  "DESKTOP-KVSEOF0\\Stage.Ali",
                        "RuleName":  "-",
                        "Product":  "Microsoft® .NET Framework",
                        "ProcessId":  "4524",
                        "OriginalFileName":  "clrjit.dll",
                        "Signed":  "true"
                    }
    },
    {
        "EventId":  7,
        "TimeCreated":  "\/Date(1756913047837)\/",
        "ProcessGuid":  "{f1988ae2-5d97-68b8-7400-000000001e00}",
        "ProcessId":  "4524",
        "ParentProcessGuid":  null,
        "Image":  "C:\\Users\\Stage.Ali\\AppData\\Local\\Temp\\svchost.exe",
        "CommandLine":  null,
        "User":  "DESKTOP-KVSEOF0\\Stage.Ali",
        "TargetFilename":  null,
        "DestinationIp":  null,
        "DestinationPort":  null,
        "SourceIp":  null,
        "SourcePort":  null,
        "Protocol":  null,
        "QueryName":  null,
        "Details":  {
                        "Description":  "Windows Cryptographic Primitives Library",
                        "SignatureStatus":  "Valid",
                        "Signature":  "Microsoft Windows",
                        "Hashes":  "MD5=997827CE8AEFAC419ED1880C1F58E718,SHA256=2AE5378430807A84FD862E30A1305426A8D016080A1A248C6B4B5F5CDA198EE4",
                        "Image":  "C:\\Users\\Stage.Ali\\AppData\\Local\\Temp\\svchost.exe",
                        "UtcTime":  "2025-09-03 15:24:07.829",
                        "ProcessGuid":  "{f1988ae2-5d97-68b8-7400-000000001e00}",
                        "Company":  "Microsoft Corporation",
                        "ImageLoaded":  "C:\\Windows\\System32\\bcryptprimitives.dll",
                        "FileVersion":  "10.0.19041.1415 (WinBuild.160101.0800)",
                        "User":  "DESKTOP-KVSEOF0\\Stage.Ali",
                        "RuleName":  "-",
                        "Product":  "Microsoft® Windows® Operating System",
                        "ProcessId":  "4524",
                        "OriginalFileName":  "bcryptprimitives.dll",
                        "Signed":  "true"
                    }
    },
    {
        "EventId":  7,
        "TimeCreated":  "\/Date(1756913047835)\/",
        "ProcessGuid":  "{f1988ae2-5d97-68b8-7400-000000001e00}",
        "ProcessId":  "4524",
        "ParentProcessGuid":  null,
        "Image":  "C:\\Users\\Stage.Ali\\AppData\\Local\\Temp\\svchost.exe",
        "CommandLine":  null,
        "User":  "DESKTOP-KVSEOF0\\Stage.Ali",
        "TargetFilename":  null,
        "DestinationIp":  null,
        "DestinationPort":  null,
        "SourceIp":  null,
        "SourcePort":  null,
        "Protocol":  null,
        "QueryName":  null,
        "Details":  {
                        "Description":  "Microsoft COM for Windows",
                        "SignatureStatus":  "Valid",
                        "Signature":  "Microsoft Windows",
                        "Hashes":  "MD5=C63F947A6EE298E926EF78A975A17C47,SHA256=033DD53305AF33480D08657449FCE8711FE1CA49E42A4A1307354F17DD7BA8A3",
                        "Image":  "C:\\Users\\Stage.Ali\\AppData\\Local\\Temp\\svchost.exe",
                        "UtcTime":  "2025-09-03 15:24:07.829",
                        "ProcessGuid":  "{f1988ae2-5d97-68b8-7400-000000001e00}",
                        "Company":  "Microsoft Corporation",
                        "ImageLoaded":  "C:\\Windows\\System32\\combase.dll",
                        "FileVersion":  "10.0.19041.1949 (WinBuild.160101.0800)",
                        "User":  "DESKTOP-KVSEOF0\\Stage.Ali",
                        "RuleName":  "-",
                        "Product":  "Microsoft® Windows® Operating System",
                        "ProcessId":  "4524",
                        "OriginalFileName":  "COMBASE.DLL",
                        "Signed":  "true"
                    }
    },
    {
        "EventId":  7,
        "TimeCreated":  "\/Date(1756913047834)\/",
        "ProcessGuid":  "{f1988ae2-5d97-68b8-7400-000000001e00}",
        "ProcessId":  "4524",
        "ParentProcessGuid":  null,
        "Image":  "C:\\Users\\Stage.Ali\\AppData\\Local\\Temp\\svchost.exe",
        "CommandLine":  null,
        "User":  "DESKTOP-KVSEOF0\\Stage.Ali",
        "TargetFilename":  null,
        "DestinationIp":  null,
        "DestinationPort":  null,
        "SourceIp":  null,
        "SourcePort":  null,
        "Protocol":  null,
        "QueryName":  null,
        "Details":  {
                        "Description":  "Microsoft OLE for Windows",
                        "SignatureStatus":  "Valid",
                        "Signature":  "Microsoft Windows",
                        "Hashes":  "MD5=7D78ADDFCB5040857FE4576A9F4AE8FB,SHA256=BB5C4A11364A7F3F60B70314C6757426AD0FEF577A7219AAD30EBA24E6B44484",
                        "Image":  "C:\\Users\\Stage.Ali\\AppData\\Local\\Temp\\svchost.exe",
                        "UtcTime":  "2025-09-03 15:24:07.829",
                        "ProcessGuid":  "{f1988ae2-5d97-68b8-7400-000000001e00}",
                        "Company":  "Microsoft Corporation",
                        "ImageLoaded":  "C:\\Windows\\System32\\ole32.dll",
                        "FileVersion":  "10.0.19041.1202 (WinBuild.160101.0800)",
                        "User":  "DESKTOP-KVSEOF0\\Stage.Ali",
                        "RuleName":  "-",
                        "Product":  "Microsoft® Windows® Operating System",
                        "ProcessId":  "4524",
                        "OriginalFileName":  "OLE32.DLL",
                        "Signed":  "true"
                    }
    },
