    {
        "EventId":  7,
        "TimeCreated":  "\/Date(1756913053829)\/",
        "ProcessGuid":  "{f1988ae2-5d9c-68b8-8a00-000000001e00}",
        "ProcessId":  "5680",
        "ParentProcessGuid":  null,
        "Image":  "C:\\Windows\\System32\\WerFault.exe",
        "CommandLine":  null,
        "User":  "DESKTOP-KVSEOF0\\Stage.Ali",
        "TargetFilename":  null,
        "DestinationIp":  null,
        "DestinationPort":  null,
        "SourceIp":  null,
        "SourcePort":  null,
        "Protocol":  null,
        "QueryName":  null,
        "Details":  {
                        "Description":  "Policy Manager DLL",
                        "SignatureStatus":  "Valid",
                        "Signature":  "Microsoft Windows",
                        "Hashes":  "MD5=BCD77D0E06A6E2EBB22B3106E2AB67A3,SHA256=93CA15C84D667849D8B9D9E79D24CFC08624BCE0F4B591DBDB153B40358E836A",
                        "Image":  "C:\\Windows\\System32\\WerFault.exe",
                        "UtcTime":  "2025-09-03 15:24:13.778",
                        "ProcessGuid":  "{f1988ae2-5d9c-68b8-8a00-000000001e00}",
                        "Company":  "Microsoft Corporation",
                        "ImageLoaded":  "C:\\Windows\\System32\\policymanager.dll",
                        "FileVersion":  "10.0.19041.1865 (WinBuild.160101.0800)",
                        "User":  "DESKTOP-KVSEOF0\\Stage.Ali",
                        "RuleName":  "-",
                        "Product":  "Microsoft® Windows® Operating System",
                        "ProcessId":  "5680",
                        "OriginalFileName":  "PolicyManager.dll",
                        "Signed":  "true"
                    }
    },
    {
        "EventId":  7,
        "TimeCreated":  "\/Date(1756913053829)\/",
        "ProcessGuid":  "{f1988ae2-5d9c-68b8-8a00-000000001e00}",
        "ProcessId":  "5680",
        "ParentProcessGuid":  null,
        "Image":  "C:\\Windows\\System32\\WerFault.exe",
        "CommandLine":  null,
        "User":  "DESKTOP-KVSEOF0\\Stage.Ali",
        "TargetFilename":  null,
        "DestinationIp":  null,
        "DestinationPort":  null,
        "SourceIp":  null,
        "SourcePort":  null,
        "Protocol":  null,
        "QueryName":  null,
        "Details":  {
                        "Description":  "Microsoft® STL110 C++ Runtime Library",
                        "SignatureStatus":  "Valid",
                        "Signature":  "Microsoft Windows",
                        "Hashes":  "MD5=F084EFCD67D2DEEE55137EE8FDFCE0A9,SHA256=625CF50CD7FCD0E16D0E28514E92919B6EBFB9CB07CD1803110FDB0F5368ACA4",
                        "Image":  "C:\\Windows\\System32\\WerFault.exe",
                        "UtcTime":  "2025-09-03 15:24:13.778",
                        "ProcessGuid":  "{f1988ae2-5d9c-68b8-8a00-000000001e00}",
                        "Company":  "Microsoft Corporation",
                        "ImageLoaded":  "C:\\Windows\\System32\\msvcp110_win.dll",
                        "FileVersion":  "10.0.19041.546 (WinBuild.160101.0800)",
                        "User":  "DESKTOP-KVSEOF0\\Stage.Ali",
                        "RuleName":  "-",
                        "Product":  "Microsoft® Windows® Operating System",
                        "ProcessId":  "5680",
                        "OriginalFileName":  "msvcp110_win.dll",
                        "Signed":  "true"
                    }
    },
    {
        "EventId":  7,
        "TimeCreated":  "\/Date(1756913053829)\/",
        "ProcessGuid":  "{f1988ae2-5d9c-68b8-8a00-000000001e00}",
        "ProcessId":  "5680",
        "ParentProcessGuid":  null,
        "Image":  "C:\\Windows\\System32\\WerFault.exe",
        "CommandLine":  null,
        "User":  "DESKTOP-KVSEOF0\\Stage.Ali",
        "TargetFilename":  null,
        "DestinationIp":  null,
        "DestinationPort":  null,
        "SourceIp":  null,
        "SourcePort":  null,
        "Protocol":  null,
        "QueryName":  null,
        "Details":  {
                        "Description":  "Policy Manager DLL",
                        "SignatureStatus":  "Valid",
                        "Signature":  "Microsoft Windows",
                        "Hashes":  "MD5=BCD77D0E06A6E2EBB22B3106E2AB67A3,SHA256=93CA15C84D667849D8B9D9E79D24CFC08624BCE0F4B591DBDB153B40358E836A",
                        "Image":  "C:\\Windows\\System32\\WerFault.exe",
                        "UtcTime":  "2025-09-03 15:24:13.778",
                        "ProcessGuid":  "{f1988ae2-5d9c-68b8-8a00-000000001e00}",
                        "Company":  "Microsoft Corporation",
                        "ImageLoaded":  "C:\\Windows\\System32\\policymanager.dll",
                        "FileVersion":  "10.0.19041.1865 (WinBuild.160101.0800)",
                        "User":  "DESKTOP-KVSEOF0\\Stage.Ali",
                        "RuleName":  "-",
                        "Product":  "Microsoft® Windows® Operating System",
                        "ProcessId":  "5680",
                        "OriginalFileName":  "PolicyManager.dll",
                        "Signed":  "true"
                    }
    },
    {
        "EventId":  7,
        "TimeCreated":  "\/Date(1756913053694)\/",
        "ProcessGuid":  "{f1988ae2-5d9c-68b8-8a00-000000001e00}",
        "ProcessId":  "5680",
        "ParentProcessGuid":  null,
        "Image":  "C:\\Windows\\System32\\WerFault.exe",
        "CommandLine":  null,
        "User":  "DESKTOP-KVSEOF0\\Stage.Ali",
        "TargetFilename":  null,
        "DestinationIp":  null,
        "DestinationPort":  null,
        "SourceIp":  null,
        "SourcePort":  null,
        "Protocol":  null,
        "QueryName":  null,
        "Details":  {
                        "Description":  "Microsoft® STL110 C++ Runtime Library",
                        "SignatureStatus":  "Valid",
                        "Signature":  "Microsoft Windows",
                        "Hashes":  "MD5=F084EFCD67D2DEEE55137EE8FDFCE0A9,SHA256=625CF50CD7FCD0E16D0E28514E92919B6EBFB9CB07CD1803110FDB0F5368ACA4",
                        "Image":  "C:\\Windows\\System32\\WerFault.exe",
                        "UtcTime":  "2025-09-03 15:24:13.651",
                        "ProcessGuid":  "{f1988ae2-5d9c-68b8-8a00-000000001e00}",
                        "Company":  "Microsoft Corporation",
                        "ImageLoaded":  "C:\\Windows\\System32\\msvcp110_win.dll",
                        "FileVersion":  "10.0.19041.546 (WinBuild.160101.0800)",
                        "User":  "DESKTOP-KVSEOF0\\Stage.Ali",
                        "RuleName":  "-",
                        "Product":  "Microsoft® Windows® Operating System",
                        "ProcessId":  "5680",
                        "OriginalFileName":  "msvcp110_win.dll",
                        "Signed":  "true"
                    }
    },
    {
        "EventId":  7,
        "TimeCreated":  "\/Date(1756913053693)\/",
        "ProcessGuid":  "{f1988ae2-5d9c-68b8-8a00-000000001e00}",
        "ProcessId":  "5680",
        "ParentProcessGuid":  null,
        "Image":  "C:\\Windows\\System32\\WerFault.exe",
        "CommandLine":  null,
        "User":  "DESKTOP-KVSEOF0\\Stage.Ali",
        "TargetFilename":  null,
        "DestinationIp":  null,
        "DestinationPort":  null,
        "SourceIp":  null,
        "SourcePort":  null,
        "Protocol":  null,
        "QueryName":  null,
        "Details":  {
                        "Description":  "Policy Manager DLL",
                        "SignatureStatus":  "Valid",
                        "Signature":  "Microsoft Windows",
                        "Hashes":  "MD5=BCD77D0E06A6E2EBB22B3106E2AB67A3,SHA256=93CA15C84D667849D8B9D9E79D24CFC08624BCE0F4B591DBDB153B40358E836A",
                        "Image":  "C:\\Windows\\System32\\WerFault.exe",
                        "UtcTime":  "2025-09-03 15:24:13.651",
                        "ProcessGuid":  "{f1988ae2-5d9c-68b8-8a00-000000001e00}",
                        "Company":  "Microsoft Corporation",
                        "ImageLoaded":  "C:\\Windows\\System32\\policymanager.dll",
                        "FileVersion":  "10.0.19041.1865 (WinBuild.160101.0800)",
                        "User":  "DESKTOP-KVSEOF0\\Stage.Ali",
                        "RuleName":  "-",
                        "Product":  "Microsoft® Windows® Operating System",
                        "ProcessId":  "5680",
                        "OriginalFileName":  "PolicyManager.dll",
                        "Signed":  "true"
                    }
    },
    {
        "EventId":  7,
        "TimeCreated":  "\/Date(1756913053376)\/",
        "ProcessGuid":  "{f1988ae2-5d9c-68b8-8a00-000000001e00}",
        "ProcessId":  "5680",
        "ParentProcessGuid":  null,
        "Image":  "C:\\Windows\\System32\\WerFault.exe",
        "CommandLine":  null,
        "User":  "DESKTOP-KVSEOF0\\Stage.Ali",
        "TargetFilename":  null,
        "DestinationIp":  null,
        "DestinationPort":  null,
        "SourceIp":  null,
        "SourcePort":  null,
        "Protocol":  null,
        "QueryName":  null,
        "Details":  {
                        "Description":  "Base cryptographic API DLL",
                        "SignatureStatus":  "Valid",
                        "Signature":  "Microsoft Windows",
                        "Hashes":  "MD5=095B8F1C0F8EE3CAA09FCCA6CB92F6C0,SHA256=B50D007EE8764F7CADA9D9A395DA396201C8B18E6501B50AB809914A7588BAF1",
                        "Image":  "C:\\Windows\\System32\\WerFault.exe",
                        "UtcTime":  "2025-09-03 15:24:13.333",
                        "ProcessGuid":  "{f1988ae2-5d9c-68b8-8a00-000000001e00}",
                        "Company":  "Microsoft Corporation",
                        "ImageLoaded":  "C:\\Windows\\System32\\cryptbase.dll",
                        "FileVersion":  "10.0.19041.546 (WinBuild.160101.0800)",
                        "User":  "DESKTOP-KVSEOF0\\Stage.Ali",
                        "RuleName":  "-",
                        "Product":  "Microsoft® Windows® Operating System",
                        "ProcessId":  "5680",
                        "OriginalFileName":  "cryptbase.dll",
                        "Signed":  "true"
                    }
    },
    {
        "EventId":  7,
        "TimeCreated":  "\/Date(1756913053376)\/",
        "ProcessGuid":  "{f1988ae2-5d9c-68b8-8a00-000000001e00}",
        "ProcessId":  "5680",
        "ParentProcessGuid":  null,
        "Image":  "C:\\Windows\\System32\\WerFault.exe",
        "CommandLine":  null,
        "User":  "DESKTOP-KVSEOF0\\Stage.Ali",
        "TargetFilename":  null,
        "DestinationIp":  null,
        "DestinationPort":  null,
        "SourceIp":  null,
        "SourcePort":  null,
        "Protocol":  null,
        "QueryName":  null,
        "Details":  {
                        "Description":  "Microsoft Enhanced Cryptographic Provider",
                        "SignatureStatus":  "Valid",
                        "Signature":  "Microsoft Windows",
                        "Hashes":  "MD5=745A6645F03EFE4B893575565301E677,SHA256=C9FD8377D6C328B2F01C687DAC95E9005C8BB0A4AA230B12DAA7C3CD3367F19A",
                        "Image":  "C:\\Windows\\System32\\WerFault.exe",
                        "UtcTime":  "2025-09-03 15:24:13.333",
                        "ProcessGuid":  "{f1988ae2-5d9c-68b8-8a00-000000001e00}",
                        "Company":  "Microsoft Corporation",
                        "ImageLoaded":  "C:\\Windows\\System32\\rsaenh.dll",
                        "FileVersion":  "10.0.19041.1052 (WinBuild.160101.0800)",
                        "User":  "DESKTOP-KVSEOF0\\Stage.Ali",
                        "RuleName":  "-",
                        "Product":  "Microsoft® Windows® Operating System",
                        "ProcessId":  "5680",
                        "OriginalFileName":  "rsaenh.dll",
                        "Signed":  "true"
                    }
    },
    {
        "EventId":  7,
        "TimeCreated":  "\/Date(1756913053376)\/",
        "ProcessGuid":  "{f1988ae2-5d9c-68b8-8a00-000000001e00}",
        "ProcessId":  "5680",
        "ParentProcessGuid":  null,
        "Image":  "C:\\Windows\\System32\\WerFault.exe",
        "CommandLine":  null,
        "User":  "DESKTOP-KVSEOF0\\Stage.Ali",
        "TargetFilename":  null,
        "DestinationIp":  null,
        "DestinationPort":  null,
        "SourceIp":  null,
        "SourcePort":  null,
        "Protocol":  null,
        "QueryName":  null,
        "Details":  {
                        "Description":  "Configuration Manager DLL",
                        "SignatureStatus":  "Valid",
                        "Signature":  "Microsoft Windows",
                        "Hashes":  "MD5=3920EB35838E799211B211ED21FE48E2,SHA256=EE608C13069E3DC5453CF2F36BA6E2FB454123C0374ED47CADD43907724F18FB",
                        "Image":  "C:\\Windows\\System32\\WerFault.exe",
                        "UtcTime":  "2025-09-03 15:24:13.333",
                        "ProcessGuid":  "{f1988ae2-5d9c-68b8-8a00-000000001e00}",
                        "Company":  "Microsoft Corporation",
                        "ImageLoaded":  "C:\\Windows\\System32\\cfgmgr32.dll",
                        "FileVersion":  "10.0.19041.1620 (WinBuild.160101.0800)",
                        "User":  "DESKTOP-KVSEOF0\\Stage.Ali",
                        "RuleName":  "-",
                        "Product":  "Microsoft® Windows® Operating System",
                        "ProcessId":  "5680",
                        "OriginalFileName":  "CFGMGR32.DLL",
                        "Signed":  "true"
                    }
    },
    {
        "EventId":  7,
        "TimeCreated":  "\/Date(1756913053370)\/",
        "ProcessGuid":  "{f1988ae2-5d9c-68b8-8a00-000000001e00}",
        "ProcessId":  "5680",
        "ParentProcessGuid":  null,
        "Image":  "C:\\Windows\\System32\\WerFault.exe",
        "CommandLine":  null,
        "User":  "DESKTOP-KVSEOF0\\Stage.Ali",
        "TargetFilename":  null,
        "DestinationIp":  null,
        "DestinationPort":  null,
        "SourceIp":  null,
        "SourcePort":  null,
        "Protocol":  null,
        "QueryName":  null,
        "Details":  {
                        "Description":  "Windows Setup API",
                        "SignatureStatus":  "Valid",
                        "Signature":  "Microsoft Windows",
                        "Hashes":  "MD5=D1C0F959C73E57A2DD19158E4D98BEE9,SHA256=83A1A8528D5C095E1AC4C7D74DEF094870A6C56BE68E25D00CA393DFF445A511",
                        "Image":  "C:\\Windows\\System32\\WerFault.exe",
                        "UtcTime":  "2025-09-03 15:24:13.286",
                        "ProcessGuid":  "{f1988ae2-5d9c-68b8-8a00-000000001e00}",
                        "Company":  "Microsoft Corporation",
                        "ImageLoaded":  "C:\\Windows\\System32\\setupapi.dll",
                        "FileVersion":  "10.0.19041.1741 (WinBuild.160101.0800)",
                        "User":  "DESKTOP-KVSEOF0\\Stage.Ali",
                        "RuleName":  "-",
                        "Product":  "Microsoft® Windows® Operating System",
                        "ProcessId":  "5680",
                        "OriginalFileName":  "SETUPAPI.DLL",
                        "Signed":  "true"
                    }
    },
    {
        "EventId":  7,
        "TimeCreated":  "\/Date(1756913053366)\/",
        "ProcessGuid":  "{f1988ae2-5d9c-68b8-8a00-000000001e00}",
        "ProcessId":  "5680",
        "ParentProcessGuid":  null,
        "Image":  "C:\\Windows\\System32\\WerFault.exe",
        "CommandLine":  null,
        "User":  "DESKTOP-KVSEOF0\\Stage.Ali",
        "TargetFilename":  null,
        "DestinationIp":  null,
        "DestinationPort":  null,
        "SourceIp":  null,
        "SourcePort":  null,
        "Protocol":  null,
        "QueryName":  null,
        "Details":  {
                        "Description":  "AppModel API Host",
                        "SignatureStatus":  "Valid",
                        "Signature":  "Microsoft Windows",
                        "Hashes":  "MD5=AF68FDDB20DF61ECE812B542176949E4,SHA256=7D6C60195DFB05EEC27377AE25D9AD259D7FDF85FA71D2AA855FD4129C2AADC2",
                        "Image":  "C:\\Windows\\System32\\WerFault.exe",
                        "UtcTime":  "2025-09-03 15:24:13.224",
                        "ProcessGuid":  "{f1988ae2-5d9c-68b8-8a00-000000001e00}",
                        "Company":  "Microsoft Corporation",
                        "ImageLoaded":  "C:\\Windows\\System32\\kernel.appcore.dll",
                        "FileVersion":  "10.0.19041.546 (WinBuild.160101.0800)",
                        "User":  "DESKTOP-KVSEOF0\\Stage.Ali",
                        "RuleName":  "-",
                        "Product":  "Microsoft® Windows® Operating System",
                        "ProcessId":  "5680",
                        "OriginalFileName":  "kernel.appcore.dll",
                        "Signed":  "true"
                    }
    },
    {
        "EventId":  7,
        "TimeCreated":  "\/Date(1756913053366)\/",
        "ProcessGuid":  "{f1988ae2-5d9c-68b8-8a00-000000001e00}",
        "ProcessId":  "5680",
        "ParentProcessGuid":  null,
        "Image":  "C:\\Windows\\System32\\WerFault.exe",
        "CommandLine":  null,
        "User":  "DESKTOP-KVSEOF0\\Stage.Ali",
        "TargetFilename":  null,
        "DestinationIp":  null,
        "DestinationPort":  null,
        "SourceIp":  null,
        "SourcePort":  null,
        "Protocol":  null,
        "QueryName":  null,
        "Details":  {
                        "Description":  "Multi-User Windows IMM32 API Client DLL",
                        "SignatureStatus":  "Valid",
                        "Signature":  "Microsoft Windows",
                        "Hashes":  "MD5=669D9741E74156425354DDAB8BCC581E,SHA256=00053AA7BE3825828AD7C8C1C9F9AD29DF07F5538107479886D8427DF86BB4F0",
                        "Image":  "C:\\Windows\\System32\\WerFault.exe",
                        "UtcTime":  "2025-09-03 15:24:13.223",
                        "ProcessGuid":  "{f1988ae2-5d9c-68b8-8a00-000000001e00}",
                        "Company":  "Microsoft Corporation",
                        "ImageLoaded":  "C:\\Windows\\System32\\imm32.dll",
                        "FileVersion":  "10.0.19041.546 (WinBuild.160101.0800)",
                        "User":  "DESKTOP-KVSEOF0\\Stage.Ali",
                        "RuleName":  "-",
                        "Product":  "Microsoft® Windows® Operating System",
                        "ProcessId":  "5680",
                        "OriginalFileName":  "imm32",
                        "Signed":  "true"
                    }
    },
    {
        "EventId":  7,
        "TimeCreated":  "\/Date(1756913053131)\/",
        "ProcessGuid":  "{f1988ae2-5d9c-68b8-8a00-000000001e00}",
        "ProcessId":  "5680",
        "ParentProcessGuid":  null,
        "Image":  "C:\\Windows\\System32\\WerFault.exe",
        "CommandLine":  null,
        "User":  "DESKTOP-KVSEOF0\\Stage.Ali",
        "TargetFilename":  null,
        "DestinationIp":  null,
        "DestinationPort":  null,
        "SourceIp":  null,
        "SourcePort":  null,
        "Protocol":  null,
        "QueryName":  null,
        "Details":  {
                        "Description":  "Microsoft® STL110 C++ Runtime Library",
                        "SignatureStatus":  "Valid",
                        "Signature":  "Microsoft Windows",
                        "Hashes":  "MD5=F084EFCD67D2DEEE55137EE8FDFCE0A9,SHA256=625CF50CD7FCD0E16D0E28514E92919B6EBFB9CB07CD1803110FDB0F5368ACA4",
                        "Image":  "C:\\Windows\\System32\\WerFault.exe",
                        "UtcTime":  "2025-09-03 15:24:13.027",
                        "ProcessGuid":  "{f1988ae2-5d9c-68b8-8a00-000000001e00}",
                        "Company":  "Microsoft Corporation",
                        "ImageLoaded":  "C:\\Windows\\System32\\msvcp110_win.dll",
                        "FileVersion":  "10.0.19041.546 (WinBuild.160101.0800)",
                        "User":  "DESKTOP-KVSEOF0\\Stage.Ali",
                        "RuleName":  "-",
                        "Product":  "Microsoft® Windows® Operating System",
                        "ProcessId":  "5680",
                        "OriginalFileName":  "msvcp110_win.dll",
                        "Signed":  "true"
                    }
    },
    {
        "EventId":  7,
        "TimeCreated":  "\/Date(1756913053130)\/",
        "ProcessGuid":  "{f1988ae2-5d9c-68b8-8a00-000000001e00}",
        "ProcessId":  "5680",
        "ParentProcessGuid":  null,
        "Image":  "C:\\Windows\\System32\\WerFault.exe",
        "CommandLine":  null,
        "User":  "DESKTOP-KVSEOF0\\Stage.Ali",
        "TargetFilename":  null,
        "DestinationIp":  null,
        "DestinationPort":  null,
        "SourceIp":  null,
        "SourcePort":  null,
        "Protocol":  null,
        "QueryName":  null,
        "Details":  {
                        "Description":  "Policy Manager DLL",
                        "SignatureStatus":  "Valid",
                        "Signature":  "Microsoft Windows",
                        "Hashes":  "MD5=BCD77D0E06A6E2EBB22B3106E2AB67A3,SHA256=93CA15C84D667849D8B9D9E79D24CFC08624BCE0F4B591DBDB153B40358E836A",
                        "Image":  "C:\\Windows\\System32\\WerFault.exe",
                        "UtcTime":  "2025-09-03 15:24:13.027",
                        "ProcessGuid":  "{f1988ae2-5d9c-68b8-8a00-000000001e00}",
                        "Company":  "Microsoft Corporation",
                        "ImageLoaded":  "C:\\Windows\\System32\\policymanager.dll",
                        "FileVersion":  "10.0.19041.1865 (WinBuild.160101.0800)",
                        "User":  "DESKTOP-KVSEOF0\\Stage.Ali",
                        "RuleName":  "-",
                        "Product":  "Microsoft® Windows® Operating System",
                        "ProcessId":  "5680",
                        "OriginalFileName":  "PolicyManager.dll",
                        "Signed":  "true"
                    }
    },
    {
        "EventId":  7,
        "TimeCreated":  "\/Date(1756913053130)\/",
        "ProcessGuid":  "{f1988ae2-5d9c-68b8-8a00-000000001e00}",
        "ProcessId":  "5680",
        "ParentProcessGuid":  null,
        "Image":  "C:\\Windows\\System32\\WerFault.exe",
        "CommandLine":  null,
        "User":  "DESKTOP-KVSEOF0\\Stage.Ali",
        "TargetFilename":  null,
        "DestinationIp":  null,
        "DestinationPort":  null,
        "SourceIp":  null,
        "SourcePort":  null,
        "Protocol":  null,
        "QueryName":  null,
        "Details":  {
                        "Description":  "Microsoft® STL110 C++ Runtime Library",
                        "SignatureStatus":  "Valid",
                        "Signature":  "Microsoft Windows",
                        "Hashes":  "MD5=F084EFCD67D2DEEE55137EE8FDFCE0A9,SHA256=625CF50CD7FCD0E16D0E28514E92919B6EBFB9CB07CD1803110FDB0F5368ACA4",
                        "Image":  "C:\\Windows\\System32\\WerFault.exe",
                        "UtcTime":  "2025-09-03 15:24:13.027",
                        "ProcessGuid":  "{f1988ae2-5d9c-68b8-8a00-000000001e00}",
                        "Company":  "Microsoft Corporation",
                        "ImageLoaded":  "C:\\Windows\\System32\\msvcp110_win.dll",
                        "FileVersion":  "10.0.19041.546 (WinBuild.160101.0800)",
                        "User":  "DESKTOP-KVSEOF0\\Stage.Ali",
                        "RuleName":  "-",
                        "Product":  "Microsoft® Windows® Operating System",
                        "ProcessId":  "5680",
                        "OriginalFileName":  "msvcp110_win.dll",
                        "Signed":  "true"
                    }
    },
    {
        "EventId":  7,
        "TimeCreated":  "\/Date(1756913053129)\/",
        "ProcessGuid":  "{f1988ae2-5d9c-68b8-8a00-000000001e00}",
        "ProcessId":  "5680",
        "ParentProcessGuid":  null,
        "Image":  "C:\\Windows\\System32\\WerFault.exe",
        "CommandLine":  null,
        "User":  "DESKTOP-KVSEOF0\\Stage.Ali",
        "TargetFilename":  null,
        "DestinationIp":  null,
        "DestinationPort":  null,
        "SourceIp":  null,
        "SourcePort":  null,
        "Protocol":  null,
        "QueryName":  null,
        "Details":  {
                        "Description":  "Policy Manager DLL",
                        "SignatureStatus":  "Valid",
                        "Signature":  "Microsoft Windows",
                        "Hashes":  "MD5=BCD77D0E06A6E2EBB22B3106E2AB67A3,SHA256=93CA15C84D667849D8B9D9E79D24CFC08624BCE0F4B591DBDB153B40358E836A",
                        "Image":  "C:\\Windows\\System32\\WerFault.exe",
                        "UtcTime":  "2025-09-03 15:24:13.027",
                        "ProcessGuid":  "{f1988ae2-5d9c-68b8-8a00-000000001e00}",
                        "Company":  "Microsoft Corporation",
                        "ImageLoaded":  "C:\\Windows\\System32\\policymanager.dll",
                        "FileVersion":  "10.0.19041.1865 (WinBuild.160101.0800)",
                        "User":  "DESKTOP-KVSEOF0\\Stage.Ali",
                        "RuleName":  "-",
                        "Product":  "Microsoft® Windows® Operating System",
                        "ProcessId":  "5680",
                        "OriginalFileName":  "PolicyManager.dll",
                        "Signed":  "true"
                    }
    },
    {
        "EventId":  7,
        "TimeCreated":  "\/Date(1756913053086)\/",
        "ProcessGuid":  "{f1988ae2-5d9c-68b8-8a00-000000001e00}",
        "ProcessId":  "5680",
        "ParentProcessGuid":  null,
        "Image":  "C:\\Windows\\System32\\WerFault.exe",
        "CommandLine":  null,
        "User":  "DESKTOP-KVSEOF0\\Stage.Ali",
        "TargetFilename":  null,
        "DestinationIp":  null,
        "DestinationPort":  null,
        "SourceIp":  null,
        "SourcePort":  null,
        "Protocol":  null,
        "QueryName":  null,
        "Details":  {
                        "Description":  "Microsoft® STL110 C++ Runtime Library",
                        "SignatureStatus":  "Valid",
                        "Signature":  "Microsoft Windows",
                        "Hashes":  "MD5=F084EFCD67D2DEEE55137EE8FDFCE0A9,SHA256=625CF50CD7FCD0E16D0E28514E92919B6EBFB9CB07CD1803110FDB0F5368ACA4",
                        "Image":  "C:\\Windows\\System32\\WerFault.exe",
                        "UtcTime":  "2025-09-03 15:24:13.027",
                        "ProcessGuid":  "{f1988ae2-5d9c-68b8-8a00-000000001e00}",
                        "Company":  "Microsoft Corporation",
                        "ImageLoaded":  "C:\\Windows\\System32\\msvcp110_win.dll",
                        "FileVersion":  "10.0.19041.546 (WinBuild.160101.0800)",
                        "User":  "DESKTOP-KVSEOF0\\Stage.Ali",
                        "RuleName":  "-",
                        "Product":  "Microsoft® Windows® Operating System",
                        "ProcessId":  "5680",
                        "OriginalFileName":  "msvcp110_win.dll",
                        "Signed":  "true"
                    }
    },
    {
        "EventId":  7,
        "TimeCreated":  "\/Date(1756913053086)\/",
        "ProcessGuid":  "{f1988ae2-5d9c-68b8-8a00-000000001e00}",
        "ProcessId":  "5680",
        "ParentProcessGuid":  null,
        "Image":  "C:\\Windows\\System32\\WerFault.exe",
        "CommandLine":  null,
        "User":  "DESKTOP-KVSEOF0\\Stage.Ali",
        "TargetFilename":  null,
        "DestinationIp":  null,
        "DestinationPort":  null,
        "SourceIp":  null,
        "SourcePort":  null,
        "Protocol":  null,
        "QueryName":  null,
        "Details":  {
                        "Description":  "Policy Manager DLL",
                        "SignatureStatus":  "Valid",
                        "Signature":  "Microsoft Windows",
                        "Hashes":  "MD5=BCD77D0E06A6E2EBB22B3106E2AB67A3,SHA256=93CA15C84D667849D8B9D9E79D24CFC08624BCE0F4B591DBDB153B40358E836A",
                        "Image":  "C:\\Windows\\System32\\WerFault.exe",
                        "UtcTime":  "2025-09-03 15:24:13.027",
                        "ProcessGuid":  "{f1988ae2-5d9c-68b8-8a00-000000001e00}",
                        "Company":  "Microsoft Corporation",
                        "ImageLoaded":  "C:\\Windows\\System32\\policymanager.dll",
                        "FileVersion":  "10.0.19041.1865 (WinBuild.160101.0800)",
                        "User":  "DESKTOP-KVSEOF0\\Stage.Ali",
                        "RuleName":  "-",
                        "Product":  "Microsoft® Windows® Operating System",
                        "ProcessId":  "5680",
                        "OriginalFileName":  "PolicyManager.dll",
                        "Signed":  "true"
                    }
    },
    {
        "EventId":  7,
        "TimeCreated":  "\/Date(1756913052992)\/",
        "ProcessGuid":  "{f1988ae2-5d97-68b8-7400-000000001e00}",
        "ProcessId":  "4524",
        "ParentProcessGuid":  null,
        "Image":  "C:\\Users\\Stage.Ali\\AppData\\Local\\Temp\\svchost.exe",
        "CommandLine":  null,
        "User":  "DESKTOP-KVSEOF0\\Stage.Ali",
        "TargetFilename":  null,
        "DestinationIp":  null,
        "DestinationPort":  null,
        "SourceIp":  null,
        "SourcePort":  null,
        "Protocol":  null,
        "QueryName":  null,
        "Details":  {
                        "Description":  "WMI Custom Marshaller",
                        "SignatureStatus":  "Valid",
                        "Signature":  "Microsoft Windows",
                        "Hashes":  "MD5=3A1A5EFA7D0C56DC75E1680002894936,SHA256=5DA409F81810BC0CF9419A7F67D61DB00C63275E118C29528DA73D315B191654",
                        "Image":  "C:\\Users\\Stage.Ali\\AppData\\Local\\Temp\\svchost.exe",
                        "UtcTime":  "2025-09-03 15:24:11.408",
                        "ProcessGuid":  "{f1988ae2-5d97-68b8-7400-000000001e00}",
                        "Company":  "Microsoft Corporation",
                        "ImageLoaded":  "C:\\Windows\\System32\\wbem\\fastprox.dll",
                        "FileVersion":  "10.0.19041.546 (WinBuild.160101.0800)",
                        "User":  "DESKTOP-KVSEOF0\\Stage.Ali",
                        "RuleName":  "-",
                        "Product":  "Microsoft® Windows® Operating System",
                        "ProcessId":  "4524",
                        "OriginalFileName":  "fastprox.dll",
                        "Signed":  "true"
                    }
    },
    {
        "EventId":  7,
        "TimeCreated":  "\/Date(1756913052972)\/",
        "ProcessGuid":  "{f1988ae2-5d9c-68b8-8a00-000000001e00}",
        "ProcessId":  "5680",
        "ParentProcessGuid":  null,
        "Image":  "C:\\Windows\\System32\\WerFault.exe",
        "CommandLine":  null,
        "User":  "DESKTOP-KVSEOF0\\Stage.Ali",
        "TargetFilename":  null,
        "DestinationIp":  null,
        "DestinationPort":  null,
        "SourceIp":  null,
        "SourcePort":  null,
        "Protocol":  null,
        "QueryName":  null,
        "Details":  {
                        "Description":  "Windows Cryptographic Primitives Library",
                        "SignatureStatus":  "Valid",
                        "Signature":  "Microsoft Windows",
                        "Hashes":  "MD5=997827CE8AEFAC419ED1880C1F58E718,SHA256=2AE5378430807A84FD862E30A1305426A8D016080A1A248C6B4B5F5CDA198EE4",
                        "Image":  "C:\\Windows\\System32\\WerFault.exe",
                        "UtcTime":  "2025-09-03 15:24:12.963",
                        "ProcessGuid":  "{f1988ae2-5d9c-68b8-8a00-000000001e00}",
                        "Company":  "Microsoft Corporation",
                        "ImageLoaded":  "C:\\Windows\\System32\\bcryptprimitives.dll",
                        "FileVersion":  "10.0.19041.1415 (WinBuild.160101.0800)",
                        "User":  "DESKTOP-KVSEOF0\\Stage.Ali",
                        "RuleName":  "-",
                        "Product":  "Microsoft® Windows® Operating System",
                        "ProcessId":  "5680",
                        "OriginalFileName":  "bcryptprimitives.dll",
                        "Signed":  "true"
                    }
    },
    {
        "EventId":  7,
        "TimeCreated":  "\/Date(1756913052971)\/",
        "ProcessGuid":  "{f1988ae2-5d9c-68b8-8a00-000000001e00}",
        "ProcessId":  "5680",
        "ParentProcessGuid":  null,
        "Image":  "C:\\Windows\\System32\\WerFault.exe",
        "CommandLine":  null,
        "User":  "DESKTOP-KVSEOF0\\Stage.Ali",
        "TargetFilename":  null,
        "DestinationIp":  null,
        "DestinationPort":  null,
        "SourceIp":  null,
        "SourcePort":  null,
        "Protocol":  null,
        "QueryName":  null,
        "Details":  {
                        "Description":  "Microsoft® STL110 C++ Runtime Library",
                        "SignatureStatus":  "Valid",
                        "Signature":  "Microsoft Windows",
                        "Hashes":  "MD5=F084EFCD67D2DEEE55137EE8FDFCE0A9,SHA256=625CF50CD7FCD0E16D0E28514E92919B6EBFB9CB07CD1803110FDB0F5368ACA4",
                        "Image":  "C:\\Windows\\System32\\WerFault.exe",
                        "UtcTime":  "2025-09-03 15:24:12.963",
                        "ProcessGuid":  "{f1988ae2-5d9c-68b8-8a00-000000001e00}",
                        "Company":  "Microsoft Corporation",
                        "ImageLoaded":  "C:\\Windows\\System32\\msvcp110_win.dll",
                        "FileVersion":  "10.0.19041.546 (WinBuild.160101.0800)",
                        "User":  "DESKTOP-KVSEOF0\\Stage.Ali",
                        "RuleName":  "-",
                        "Product":  "Microsoft® Windows® Operating System",
                        "ProcessId":  "5680",
                        "OriginalFileName":  "msvcp110_win.dll",
                        "Signed":  "true"
                    }
    },
    {
        "EventId":  7,
        "TimeCreated":  "\/Date(1756913052971)\/",
        "ProcessGuid":  "{f1988ae2-5d9c-68b8-8a00-000000001e00}",
        "ProcessId":  "5680",
        "ParentProcessGuid":  null,
        "Image":  "C:\\Windows\\System32\\WerFault.exe",
        "CommandLine":  null,
        "User":  "DESKTOP-KVSEOF0\\Stage.Ali",
        "TargetFilename":  null,
        "DestinationIp":  null,
        "DestinationPort":  null,
        "SourceIp":  null,
        "SourcePort":  null,
        "Protocol":  null,
        "QueryName":  null,
        "Details":  {
                        "Description":  "Policy Manager DLL",
                        "SignatureStatus":  "Valid",
                        "Signature":  "Microsoft Windows",
                        "Hashes":  "MD5=BCD77D0E06A6E2EBB22B3106E2AB67A3,SHA256=93CA15C84D667849D8B9D9E79D24CFC08624BCE0F4B591DBDB153B40358E836A",
                        "Image":  "C:\\Windows\\System32\\WerFault.exe",
                        "UtcTime":  "2025-09-03 15:24:12.962",
                        "ProcessGuid":  "{f1988ae2-5d9c-68b8-8a00-000000001e00}",
                        "Company":  "Microsoft Corporation",
                        "ImageLoaded":  "C:\\Windows\\System32\\policymanager.dll",
                        "FileVersion":  "10.0.19041.1865 (WinBuild.160101.0800)",
                        "User":  "DESKTOP-KVSEOF0\\Stage.Ali",
                        "RuleName":  "-",
                        "Product":  "Microsoft® Windows® Operating System",
                        "ProcessId":  "5680",
                        "OriginalFileName":  "PolicyManager.dll",
                        "Signed":  "true"
                    }
    },
    {
        "EventId":  7,
        "TimeCreated":  "\/Date(1756913052971)\/",
        "ProcessGuid":  "{f1988ae2-5d9c-68b8-8a00-000000001e00}",
        "ProcessId":  "5680",
        "ParentProcessGuid":  null,
        "Image":  "C:\\Windows\\System32\\WerFault.exe",
        "CommandLine":  null,
        "User":  "DESKTOP-KVSEOF0\\Stage.Ali",
        "TargetFilename":  null,
        "DestinationIp":  null,
        "DestinationPort":  null,
        "SourceIp":  null,
        "SourcePort":  null,
        "Protocol":  null,
        "QueryName":  null,
        "Details":  {
                        "Description":  "Microsoft® STL110 C++ Runtime Library",
                        "SignatureStatus":  "Valid",
                        "Signature":  "Microsoft Windows",
                        "Hashes":  "MD5=F084EFCD67D2DEEE55137EE8FDFCE0A9,SHA256=625CF50CD7FCD0E16D0E28514E92919B6EBFB9CB07CD1803110FDB0F5368ACA4",
                        "Image":  "C:\\Windows\\System32\\WerFault.exe",
                        "UtcTime":  "2025-09-03 15:24:12.961",
                        "ProcessGuid":  "{f1988ae2-5d9c-68b8-8a00-000000001e00}",
                        "Company":  "Microsoft Corporation",
                        "ImageLoaded":  "C:\\Windows\\System32\\msvcp110_win.dll",
                        "FileVersion":  "10.0.19041.546 (WinBuild.160101.0800)",
                        "User":  "DESKTOP-KVSEOF0\\Stage.Ali",
                        "RuleName":  "-",
                        "Product":  "Microsoft® Windows® Operating System",
                        "ProcessId":  "5680",
                        "OriginalFileName":  "msvcp110_win.dll",
                        "Signed":  "true"
                    }
    },
    {
        "EventId":  7,
        "TimeCreated":  "\/Date(1756913052971)\/",
        "ProcessGuid":  "{f1988ae2-5d9c-68b8-8a00-000000001e00}",
        "ProcessId":  "5680",
        "ParentProcessGuid":  null,
        "Image":  "C:\\Windows\\System32\\WerFault.exe",
        "CommandLine":  null,
        "User":  "DESKTOP-KVSEOF0\\Stage.Ali",
        "TargetFilename":  null,
        "DestinationIp":  null,
        "DestinationPort":  null,
        "SourceIp":  null,
        "SourcePort":  null,
        "Protocol":  null,
        "QueryName":  null,
        "Details":  {
                        "Description":  "Policy Manager DLL",
                        "SignatureStatus":  "Valid",
                        "Signature":  "Microsoft Windows",
                        "Hashes":  "MD5=BCD77D0E06A6E2EBB22B3106E2AB67A3,SHA256=93CA15C84D667849D8B9D9E79D24CFC08624BCE0F4B591DBDB153B40358E836A",
                        "Image":  "C:\\Windows\\System32\\WerFault.exe",
                        "UtcTime":  "2025-09-03 15:24:12.960",
                        "ProcessGuid":  "{f1988ae2-5d9c-68b8-8a00-000000001e00}",
                        "Company":  "Microsoft Corporation",
                        "ImageLoaded":  "C:\\Windows\\System32\\policymanager.dll",
                        "FileVersion":  "10.0.19041.1865 (WinBuild.160101.0800)",
                        "User":  "DESKTOP-KVSEOF0\\Stage.Ali",
                        "RuleName":  "-",
                        "Product":  "Microsoft® Windows® Operating System",
                        "ProcessId":  "5680",
                        "OriginalFileName":  "PolicyManager.dll",
                        "Signed":  "true"
                    }
    },
    {
        "EventId":  7,
        "TimeCreated":  "\/Date(1756913052971)\/",
        "ProcessGuid":  "{f1988ae2-5d9c-68b8-8a00-000000001e00}",
        "ProcessId":  "5680",
        "ParentProcessGuid":  null,
        "Image":  "C:\\Windows\\System32\\WerFault.exe",
        "CommandLine":  null,
        "User":  "DESKTOP-KVSEOF0\\Stage.Ali",
        "TargetFilename":  null,
        "DestinationIp":  null,
        "DestinationPort":  null,
        "SourceIp":  null,
        "SourcePort":  null,
        "Protocol":  null,
        "QueryName":  null,
        "Details":  {
                        "Description":  "Microsoft® STL110 C++ Runtime Library",
                        "SignatureStatus":  "Valid",
                        "Signature":  "Microsoft Windows",
                        "Hashes":  "MD5=F084EFCD67D2DEEE55137EE8FDFCE0A9,SHA256=625CF50CD7FCD0E16D0E28514E92919B6EBFB9CB07CD1803110FDB0F5368ACA4",
                        "Image":  "C:\\Windows\\System32\\WerFault.exe",
                        "UtcTime":  "2025-09-03 15:24:12.960",
                        "ProcessGuid":  "{f1988ae2-5d9c-68b8-8a00-000000001e00}",
                        "Company":  "Microsoft Corporation",
                        "ImageLoaded":  "C:\\Windows\\System32\\msvcp110_win.dll",
                        "FileVersion":  "10.0.19041.546 (WinBuild.160101.0800)",
                        "User":  "DESKTOP-KVSEOF0\\Stage.Ali",
                        "RuleName":  "-",
                        "Product":  "Microsoft® Windows® Operating System",
                        "ProcessId":  "5680",
                        "OriginalFileName":  "msvcp110_win.dll",
                        "Signed":  "true"
                    }
    },
    {
        "EventId":  7,
        "TimeCreated":  "\/Date(1756913052970)\/",
        "ProcessGuid":  "{f1988ae2-5d9c-68b8-8a00-000000001e00}",
        "ProcessId":  "5680",
        "ParentProcessGuid":  null,
        "Image":  "C:\\Windows\\System32\\WerFault.exe",
        "CommandLine":  null,
        "User":  "DESKTOP-KVSEOF0\\Stage.Ali",
        "TargetFilename":  null,
        "DestinationIp":  null,
        "DestinationPort":  null,
        "SourceIp":  null,
        "SourcePort":  null,
        "Protocol":  null,
        "QueryName":  null,
        "Details":  {
                        "Description":  "Policy Manager DLL",
                        "SignatureStatus":  "Valid",
                        "Signature":  "Microsoft Windows",
                        "Hashes":  "MD5=BCD77D0E06A6E2EBB22B3106E2AB67A3,SHA256=93CA15C84D667849D8B9D9E79D24CFC08624BCE0F4B591DBDB153B40358E836A",
                        "Image":  "C:\\Windows\\System32\\WerFault.exe",
                        "UtcTime":  "2025-09-03 15:24:12.959",
                        "ProcessGuid":  "{f1988ae2-5d9c-68b8-8a00-000000001e00}",
                        "Company":  "Microsoft Corporation",
                        "ImageLoaded":  "C:\\Windows\\System32\\policymanager.dll",
                        "FileVersion":  "10.0.19041.1865 (WinBuild.160101.0800)",
                        "User":  "DESKTOP-KVSEOF0\\Stage.Ali",
                        "RuleName":  "-",
                        "Product":  "Microsoft® Windows® Operating System",
                        "ProcessId":  "5680",
                        "OriginalFileName":  "PolicyManager.dll",
                        "Signed":  "true"
                    }
    },
    {
        "EventId":  7,
        "TimeCreated":  "\/Date(1756913052970)\/",
        "ProcessGuid":  "{f1988ae2-5d9c-68b8-8a00-000000001e00}",
        "ProcessId":  "5680",
        "ParentProcessGuid":  null,
        "Image":  "C:\\Windows\\System32\\WerFault.exe",
        "CommandLine":  null,
        "User":  "DESKTOP-KVSEOF0\\Stage.Ali",
        "TargetFilename":  null,
        "DestinationIp":  null,
        "DestinationPort":  null,
        "SourceIp":  null,
        "SourcePort":  null,
        "Protocol":  null,
        "QueryName":  null,
        "Details":  {
                        "Description":  "Multi-User Windows USER API Client DLL",
                        "SignatureStatus":  "Valid",
                        "Signature":  "Microsoft Windows",
                        "Hashes":  "MD5=3D2A6411D06E658A2AB3C893CA691EA3,SHA256=0178536E572F7443CE276C92EC19A2265CEBF223BE3B535423E537F8F8A14080",
                        "Image":  "C:\\Windows\\System32\\WerFault.exe",
                        "UtcTime":  "2025-09-03 15:24:12.956",
                        "ProcessGuid":  "{f1988ae2-5d9c-68b8-8a00-000000001e00}",
                        "Company":  "Microsoft Corporation",
                        "ImageLoaded":  "C:\\Windows\\System32\\user32.dll",
                        "FileVersion":  "10.0.19041.1503 (WinBuild.160101.0800)",
                        "User":  "DESKTOP-KVSEOF0\\Stage.Ali",
                        "RuleName":  "-",
                        "Product":  "Microsoft® Windows® Operating System",
                        "ProcessId":  "5680",
                        "OriginalFileName":  "user32",
                        "Signed":  "true"
                    }
    },
    {
        "EventId":  7,
        "TimeCreated":  "\/Date(1756913052970)\/",
        "ProcessGuid":  "{f1988ae2-5d9c-68b8-8a00-000000001e00}",
        "ProcessId":  "5680",
        "ParentProcessGuid":  null,
        "Image":  "C:\\Windows\\System32\\WerFault.exe",
        "CommandLine":  null,
        "User":  "DESKTOP-KVSEOF0\\Stage.Ali",
        "TargetFilename":  null,
        "DestinationIp":  null,
        "DestinationPort":  null,
        "SourceIp":  null,
        "SourcePort":  null,
        "Protocol":  null,
        "QueryName":  null,
        "Details":  {
                        "Description":  "GDI Client DLL",
                        "SignatureStatus":  "Valid",
                        "Signature":  "Microsoft Windows",
                        "Hashes":  "MD5=5AFAF519DF51A2E14E1C1CCE05F9EBB4,SHA256=321A364EA6ED078FE669149AC9A1D5A0DC83C5F628AB23BCC050A0463D1B00EA",
                        "Image":  "C:\\Windows\\System32\\WerFault.exe",
                        "UtcTime":  "2025-09-03 15:24:12.956",
                        "ProcessGuid":  "{f1988ae2-5d9c-68b8-8a00-000000001e00}",
                        "Company":  "Microsoft Corporation",
                        "ImageLoaded":  "C:\\Windows\\System32\\gdi32full.dll",
                        "FileVersion":  "10.0.19041.2006 (WinBuild.160101.0800)",
                        "User":  "DESKTOP-KVSEOF0\\Stage.Ali",
                        "RuleName":  "-",
                        "Product":  "Microsoft® Windows® Operating System",
                        "ProcessId":  "5680",
                        "OriginalFileName":  "gdi32",
                        "Signed":  "true"
                    }
    },
    {
        "EventId":  7,
        "TimeCreated":  "\/Date(1756913052970)\/",
        "ProcessGuid":  "{f1988ae2-5d9c-68b8-8a00-000000001e00}",
        "ProcessId":  "5680",
        "ParentProcessGuid":  null,
        "Image":  "C:\\Windows\\System32\\WerFault.exe",
        "CommandLine":  null,
        "User":  "DESKTOP-KVSEOF0\\Stage.Ali",
        "TargetFilename":  null,
        "DestinationIp":  null,
        "DestinationPort":  null,
        "SourceIp":  null,
        "SourcePort":  null,
        "Protocol":  null,
        "QueryName":  null,
        "Details":  {
                        "Description":  "Win32u",
                        "SignatureStatus":  "Valid",
                        "Signature":  "Microsoft Windows",
                        "Hashes":  "MD5=4445DA64D295A18FD1E25C305CFE15BA,SHA256=9687B03D65D44C6EC1BAE230DD3BC834A7BF255D6B30F94C9F4E71F6EFA95D37",
                        "Image":  "C:\\Windows\\System32\\WerFault.exe",
                        "UtcTime":  "2025-09-03 15:24:12.956",
                        "ProcessGuid":  "{f1988ae2-5d9c-68b8-8a00-000000001e00}",
                        "Company":  "Microsoft Corporation",
                        "ImageLoaded":  "C:\\Windows\\System32\\win32u.dll",
                        "FileVersion":  "10.0.19041.2006 (WinBuild.160101.0800)",
                        "User":  "DESKTOP-KVSEOF0\\Stage.Ali",
                        "RuleName":  "-",
                        "Product":  "Microsoft® Windows® Operating System",
                        "ProcessId":  "5680",
                        "OriginalFileName":  "Win32u.DLL",
                        "Signed":  "true"
                    }
    },
    {
        "EventId":  7,
        "TimeCreated":  "\/Date(1756913052970)\/",
        "ProcessGuid":  "{f1988ae2-5d9c-68b8-8a00-000000001e00}",
        "ProcessId":  "5680",
        "ParentProcessGuid":  null,
        "Image":  "C:\\Windows\\System32\\WerFault.exe",
        "CommandLine":  null,
        "User":  "DESKTOP-KVSEOF0\\Stage.Ali",
        "TargetFilename":  null,
        "DestinationIp":  null,
        "DestinationPort":  null,
        "SourceIp":  null,
        "SourcePort":  null,
        "Protocol":  null,
        "QueryName":  null,
        "Details":  {
                        "Description":  "GDI Client DLL",
                        "SignatureStatus":  "Valid",
                        "Signature":  "Microsoft Windows",
                        "Hashes":  "MD5=9AADC5F610CD646176451D8EE2473090,SHA256=D8E4E66600A8D6EC0DFD1E213BD644178B3143E64C5EF0DCA898F8197E467D1D",
                        "Image":  "C:\\Windows\\System32\\WerFault.exe",
                        "UtcTime":  "2025-09-03 15:24:12.954",
                        "ProcessGuid":  "{f1988ae2-5d9c-68b8-8a00-000000001e00}",
                        "Company":  "Microsoft Corporation",
                        "ImageLoaded":  "C:\\Windows\\System32\\gdi32.dll",
                        "FileVersion":  "10.0.19041.1620 (WinBuild.160101.0800)",
                        "User":  "DESKTOP-KVSEOF0\\Stage.Ali",
                        "RuleName":  "-",
                        "Product":  "Microsoft® Windows® Operating System",
                        "ProcessId":  "5680",
                        "OriginalFileName":  "gdi32",
                        "Signed":  "true"
                    }
    },
