    {
        "EventId":  7,
        "TimeCreated":  "\/Date(1756913055815)\/",
        "ProcessGuid":  "{f1988ae2-5d9c-68b8-8a00-000000001e00}",
        "ProcessId":  "5680",
        "ParentProcessGuid":  null,
        "Image":  "C:\\Windows\\System32\\WerFault.exe",
        "CommandLine":  null,
        "User":  "DESKTOP-KVSEOF0\\Stage.Ali",
        "TargetFilename":  null,
        "DestinationIp":  null,
        "DestinationPort":  null,
        "SourceIp":  null,
        "SourcePort":  null,
        "Protocol":  null,
        "QueryName":  null,
        "Details":  {
                        "Description":  "Policy Manager DLL",
                        "SignatureStatus":  "Valid",
                        "Signature":  "Microsoft Windows",
                        "Hashes":  "MD5=BCD77D0E06A6E2EBB22B3106E2AB67A3,SHA256=93CA15C84D667849D8B9D9E79D24CFC08624BCE0F4B591DBDB153B40358E836A",
                        "Image":  "C:\\Windows\\System32\\WerFault.exe",
                        "UtcTime":  "2025-09-03 15:24:15.741",
                        "ProcessGuid":  "{f1988ae2-5d9c-68b8-8a00-000000001e00}",
                        "Company":  "Microsoft Corporation",
                        "ImageLoaded":  "C:\\Windows\\System32\\policymanager.dll",
                        "FileVersion":  "10.0.19041.1865 (WinBuild.160101.0800)",
                        "User":  "DESKTOP-KVSEOF0\\Stage.Ali",
                        "RuleName":  "-",
                        "Product":  "Microsoft® Windows® Operating System",
                        "ProcessId":  "5680",
                        "OriginalFileName":  "PolicyManager.dll",
                        "Signed":  "true"
                    }
    },
    {
        "EventId":  7,
        "TimeCreated":  "\/Date(1756913055815)\/",
        "ProcessGuid":  "{f1988ae2-5d9c-68b8-8a00-000000001e00}",
        "ProcessId":  "5680",
        "ParentProcessGuid":  null,
        "Image":  "C:\\Windows\\System32\\WerFault.exe",
        "CommandLine":  null,
        "User":  "DESKTOP-KVSEOF0\\Stage.Ali",
        "TargetFilename":  null,
        "DestinationIp":  null,
        "DestinationPort":  null,
        "SourceIp":  null,
        "SourcePort":  null,
        "Protocol":  null,
        "QueryName":  null,
        "Details":  {
                        "Description":  "Policy Manager DLL",
                        "SignatureStatus":  "Valid",
                        "Signature":  "Microsoft Windows",
                        "Hashes":  "MD5=BCD77D0E06A6E2EBB22B3106E2AB67A3,SHA256=93CA15C84D667849D8B9D9E79D24CFC08624BCE0F4B591DBDB153B40358E836A",
                        "Image":  "C:\\Windows\\System32\\WerFault.exe",
                        "UtcTime":  "2025-09-03 15:24:15.740",
                        "ProcessGuid":  "{f1988ae2-5d9c-68b8-8a00-000000001e00}",
                        "Company":  "Microsoft Corporation",
                        "ImageLoaded":  "C:\\Windows\\System32\\policymanager.dll",
                        "FileVersion":  "10.0.19041.1865 (WinBuild.160101.0800)",
                        "User":  "DESKTOP-KVSEOF0\\Stage.Ali",
                        "RuleName":  "-",
                        "Product":  "Microsoft® Windows® Operating System",
                        "ProcessId":  "5680",
                        "OriginalFileName":  "PolicyManager.dll",
                        "Signed":  "true"
                    }
    },
    {
        "EventId":  7,
        "TimeCreated":  "\/Date(1756913055814)\/",
        "ProcessGuid":  "{f1988ae2-5d9c-68b8-8a00-000000001e00}",
        "ProcessId":  "5680",
        "ParentProcessGuid":  null,
        "Image":  "C:\\Windows\\System32\\WerFault.exe",
        "CommandLine":  null,
        "User":  "DESKTOP-KVSEOF0\\Stage.Ali",
        "TargetFilename":  null,
        "DestinationIp":  null,
        "DestinationPort":  null,
        "SourceIp":  null,
        "SourcePort":  null,
        "Protocol":  null,
        "QueryName":  null,
        "Details":  {
                        "Description":  "Policy Manager DLL",
                        "SignatureStatus":  "Valid",
                        "Signature":  "Microsoft Windows",
                        "Hashes":  "MD5=BCD77D0E06A6E2EBB22B3106E2AB67A3,SHA256=93CA15C84D667849D8B9D9E79D24CFC08624BCE0F4B591DBDB153B40358E836A",
                        "Image":  "C:\\Windows\\System32\\WerFault.exe",
                        "UtcTime":  "2025-09-03 15:24:15.738",
                        "ProcessGuid":  "{f1988ae2-5d9c-68b8-8a00-000000001e00}",
                        "Company":  "Microsoft Corporation",
                        "ImageLoaded":  "C:\\Windows\\System32\\policymanager.dll",
                        "FileVersion":  "10.0.19041.1865 (WinBuild.160101.0800)",
                        "User":  "DESKTOP-KVSEOF0\\Stage.Ali",
                        "RuleName":  "-",
                        "Product":  "Microsoft® Windows® Operating System",
                        "ProcessId":  "5680",
                        "OriginalFileName":  "PolicyManager.dll",
                        "Signed":  "true"
                    }
    },
    {
        "EventId":  7,
        "TimeCreated":  "\/Date(1756913055814)\/",
        "ProcessGuid":  "{f1988ae2-5d9c-68b8-8a00-000000001e00}",
        "ProcessId":  "5680",
        "ParentProcessGuid":  null,
        "Image":  "C:\\Windows\\System32\\WerFault.exe",
        "CommandLine":  null,
        "User":  "DESKTOP-KVSEOF0\\Stage.Ali",
        "TargetFilename":  null,
        "DestinationIp":  null,
        "DestinationPort":  null,
        "SourceIp":  null,
        "SourcePort":  null,
        "Protocol":  null,
        "QueryName":  null,
        "Details":  {
                        "Description":  "Policy Manager DLL",
                        "SignatureStatus":  "Valid",
                        "Signature":  "Microsoft Windows",
                        "Hashes":  "MD5=BCD77D0E06A6E2EBB22B3106E2AB67A3,SHA256=93CA15C84D667849D8B9D9E79D24CFC08624BCE0F4B591DBDB153B40358E836A",
                        "Image":  "C:\\Windows\\System32\\WerFault.exe",
                        "UtcTime":  "2025-09-03 15:24:15.737",
                        "ProcessGuid":  "{f1988ae2-5d9c-68b8-8a00-000000001e00}",
                        "Company":  "Microsoft Corporation",
                        "ImageLoaded":  "C:\\Windows\\System32\\policymanager.dll",
                        "FileVersion":  "10.0.19041.1865 (WinBuild.160101.0800)",
                        "User":  "DESKTOP-KVSEOF0\\Stage.Ali",
                        "RuleName":  "-",
                        "Product":  "Microsoft® Windows® Operating System",
                        "ProcessId":  "5680",
                        "OriginalFileName":  "PolicyManager.dll",
                        "Signed":  "true"
                    }
    },
    {
        "EventId":  7,
        "TimeCreated":  "\/Date(1756913055814)\/",
        "ProcessGuid":  "{f1988ae2-5d9c-68b8-8a00-000000001e00}",
        "ProcessId":  "5680",
        "ParentProcessGuid":  null,
        "Image":  "C:\\Windows\\System32\\WerFault.exe",
        "CommandLine":  null,
        "User":  "DESKTOP-KVSEOF0\\Stage.Ali",
        "TargetFilename":  null,
        "DestinationIp":  null,
        "DestinationPort":  null,
        "SourceIp":  null,
        "SourcePort":  null,
        "Protocol":  null,
        "QueryName":  null,
        "Details":  {
                        "Description":  "twinapi.appcore",
                        "SignatureStatus":  "Valid",
                        "Signature":  "Microsoft Windows",
                        "Hashes":  "MD5=5248CFCD276AE3E4D341436B2224CBAF,SHA256=90A7AAF30BBD7299AD757034B8DE55808D7A380B168B59C2D7DEF8E02A6E9A47",
                        "Image":  "C:\\Windows\\System32\\WerFault.exe",
                        "UtcTime":  "2025-09-03 15:24:15.726",
                        "ProcessGuid":  "{f1988ae2-5d9c-68b8-8a00-000000001e00}",
                        "Company":  "Microsoft Corporation",
                        "ImageLoaded":  "C:\\Windows\\System32\\twinapi.appcore.dll",
                        "FileVersion":  "10.0.19041.1865 (WinBuild.160101.0800)",
                        "User":  "DESKTOP-KVSEOF0\\Stage.Ali",
                        "RuleName":  "-",
                        "Product":  "Microsoft® Windows® Operating System",
                        "ProcessId":  "5680",
                        "OriginalFileName":  "twinapi.appcore.dll",
                        "Signed":  "true"
                    }
    },
    {
        "EventId":  7,
        "TimeCreated":  "\/Date(1756913055729)\/",
        "ProcessGuid":  "{f1988ae2-5d9c-68b8-8a00-000000001e00}",
        "ProcessId":  "5680",
        "ParentProcessGuid":  null,
        "Image":  "C:\\Windows\\System32\\WerFault.exe",
        "CommandLine":  null,
        "User":  "DESKTOP-KVSEOF0\\Stage.Ali",
        "TargetFilename":  null,
        "DestinationIp":  null,
        "DestinationPort":  null,
        "SourceIp":  null,
        "SourcePort":  null,
        "Protocol":  null,
        "QueryName":  null,
        "Details":  {
                        "Description":  "Policy Manager DLL",
                        "SignatureStatus":  "Valid",
                        "Signature":  "Microsoft Windows",
                        "Hashes":  "MD5=BCD77D0E06A6E2EBB22B3106E2AB67A3,SHA256=93CA15C84D667849D8B9D9E79D24CFC08624BCE0F4B591DBDB153B40358E836A",
                        "Image":  "C:\\Windows\\System32\\WerFault.exe",
                        "UtcTime":  "2025-09-03 15:24:15.672",
                        "ProcessGuid":  "{f1988ae2-5d9c-68b8-8a00-000000001e00}",
                        "Company":  "Microsoft Corporation",
                        "ImageLoaded":  "C:\\Windows\\System32\\policymanager.dll",
                        "FileVersion":  "10.0.19041.1865 (WinBuild.160101.0800)",
                        "User":  "DESKTOP-KVSEOF0\\Stage.Ali",
                        "RuleName":  "-",
                        "Product":  "Microsoft® Windows® Operating System",
                        "ProcessId":  "5680",
                        "OriginalFileName":  "PolicyManager.dll",
                        "Signed":  "true"
                    }
    },
    {
        "EventId":  7,
        "TimeCreated":  "\/Date(1756913055728)\/",
        "ProcessGuid":  "{f1988ae2-5d9c-68b8-8a00-000000001e00}",
        "ProcessId":  "5680",
        "ParentProcessGuid":  null,
        "Image":  "C:\\Windows\\System32\\WerFault.exe",
        "CommandLine":  null,
        "User":  "DESKTOP-KVSEOF0\\Stage.Ali",
        "TargetFilename":  null,
        "DestinationIp":  null,
        "DestinationPort":  null,
        "SourceIp":  null,
        "SourcePort":  null,
        "Protocol":  null,
        "QueryName":  null,
        "Details":  {
                        "Description":  "Policy Manager DLL",
                        "SignatureStatus":  "Valid",
                        "Signature":  "Microsoft Windows",
                        "Hashes":  "MD5=BCD77D0E06A6E2EBB22B3106E2AB67A3,SHA256=93CA15C84D667849D8B9D9E79D24CFC08624BCE0F4B591DBDB153B40358E836A",
                        "Image":  "C:\\Windows\\System32\\WerFault.exe",
                        "UtcTime":  "2025-09-03 15:24:15.666",
                        "ProcessGuid":  "{f1988ae2-5d9c-68b8-8a00-000000001e00}",
                        "Company":  "Microsoft Corporation",
                        "ImageLoaded":  "C:\\Windows\\System32\\policymanager.dll",
                        "FileVersion":  "10.0.19041.1865 (WinBuild.160101.0800)",
                        "User":  "DESKTOP-KVSEOF0\\Stage.Ali",
                        "RuleName":  "-",
                        "Product":  "Microsoft® Windows® Operating System",
                        "ProcessId":  "5680",
                        "OriginalFileName":  "PolicyManager.dll",
                        "Signed":  "true"
                    }
    },
    {
        "EventId":  7,
        "TimeCreated":  "\/Date(1756913055728)\/",
        "ProcessGuid":  "{f1988ae2-5d9c-68b8-8a00-000000001e00}",
        "ProcessId":  "5680",
        "ParentProcessGuid":  null,
        "Image":  "C:\\Windows\\System32\\WerFault.exe",
        "CommandLine":  null,
        "User":  "DESKTOP-KVSEOF0\\Stage.Ali",
        "TargetFilename":  null,
        "DestinationIp":  null,
        "DestinationPort":  null,
        "SourceIp":  null,
        "SourcePort":  null,
        "Protocol":  null,
        "QueryName":  null,
        "Details":  {
                        "Description":  "Policy Manager DLL",
                        "SignatureStatus":  "Valid",
                        "Signature":  "Microsoft Windows",
                        "Hashes":  "MD5=BCD77D0E06A6E2EBB22B3106E2AB67A3,SHA256=93CA15C84D667849D8B9D9E79D24CFC08624BCE0F4B591DBDB153B40358E836A",
                        "Image":  "C:\\Windows\\System32\\WerFault.exe",
                        "UtcTime":  "2025-09-03 15:24:15.666",
                        "ProcessGuid":  "{f1988ae2-5d9c-68b8-8a00-000000001e00}",
                        "Company":  "Microsoft Corporation",
                        "ImageLoaded":  "C:\\Windows\\System32\\policymanager.dll",
                        "FileVersion":  "10.0.19041.1865 (WinBuild.160101.0800)",
                        "User":  "DESKTOP-KVSEOF0\\Stage.Ali",
                        "RuleName":  "-",
                        "Product":  "Microsoft® Windows® Operating System",
                        "ProcessId":  "5680",
                        "OriginalFileName":  "PolicyManager.dll",
                        "Signed":  "true"
                    }
    },
    {
        "EventId":  7,
        "TimeCreated":  "\/Date(1756913055728)\/",
        "ProcessGuid":  "{f1988ae2-5d9c-68b8-8a00-000000001e00}",
        "ProcessId":  "5680",
        "ParentProcessGuid":  null,
        "Image":  "C:\\Windows\\System32\\WerFault.exe",
        "CommandLine":  null,
        "User":  "DESKTOP-KVSEOF0\\Stage.Ali",
        "TargetFilename":  null,
        "DestinationIp":  null,
        "DestinationPort":  null,
        "SourceIp":  null,
        "SourcePort":  null,
        "Protocol":  null,
        "QueryName":  null,
        "Details":  {
                        "Description":  "Policy Manager DLL",
                        "SignatureStatus":  "Valid",
                        "Signature":  "Microsoft Windows",
                        "Hashes":  "MD5=BCD77D0E06A6E2EBB22B3106E2AB67A3,SHA256=93CA15C84D667849D8B9D9E79D24CFC08624BCE0F4B591DBDB153B40358E836A",
                        "Image":  "C:\\Windows\\System32\\WerFault.exe",
                        "UtcTime":  "2025-09-03 15:24:15.666",
                        "ProcessGuid":  "{f1988ae2-5d9c-68b8-8a00-000000001e00}",
                        "Company":  "Microsoft Corporation",
                        "ImageLoaded":  "C:\\Windows\\System32\\policymanager.dll",
                        "FileVersion":  "10.0.19041.1865 (WinBuild.160101.0800)",
                        "User":  "DESKTOP-KVSEOF0\\Stage.Ali",
                        "RuleName":  "-",
                        "Product":  "Microsoft® Windows® Operating System",
                        "ProcessId":  "5680",
                        "OriginalFileName":  "PolicyManager.dll",
                        "Signed":  "true"
                    }
    },
    {
        "EventId":  7,
        "TimeCreated":  "\/Date(1756913055456)\/",
        "ProcessGuid":  "{f1988ae2-5d9c-68b8-8a00-000000001e00}",
        "ProcessId":  "5680",
        "ParentProcessGuid":  null,
        "Image":  "C:\\Windows\\System32\\WerFault.exe",
        "CommandLine":  null,
        "User":  "DESKTOP-KVSEOF0\\Stage.Ali",
        "TargetFilename":  null,
        "DestinationIp":  null,
        "DestinationPort":  null,
        "SourceIp":  null,
        "SourcePort":  null,
        "Protocol":  null,
        "QueryName":  null,
        "Details":  {
                        "Description":  "Microsoft .NET External Data Access Support",
                        "SignatureStatus":  "Valid",
                        "Signature":  "Microsoft Corporation",
                        "Hashes":  "MD5=F6D8F7A62039DF52731271951635EF8C,SHA256=F7822FA714D5ACD0F88C41C5F66E673C6A684C92BC6F4FFC120FB20F2D6E3A83",
                        "Image":  "C:\\Windows\\System32\\WerFault.exe",
                        "UtcTime":  "2025-09-03 15:24:13.580",
                        "ProcessGuid":  "{f1988ae2-5d9c-68b8-8a00-000000001e00}",
                        "Company":  "Microsoft Corporation",
                        "ImageLoaded":  "C:\\Windows\\Microsoft.NET\\Framework64\\v4.0.30319\\mscordacwks.dll",
                        "FileVersion":  "4.8.4515.0 built by: NET48REL1LAST_C",
                        "User":  "DESKTOP-KVSEOF0\\Stage.Ali",
                        "RuleName":  "-",
                        "Product":  "Microsoft® .NET Framework",
                        "ProcessId":  "5680",
                        "OriginalFileName":  "mscordacwks.dll",
                        "Signed":  "true"
                    }
    },
    {
        "EventId":  7,
        "TimeCreated":  "\/Date(1756913055361)\/",
        "ProcessGuid":  "{f1988ae2-5d9c-68b8-8a00-000000001e00}",
        "ProcessId":  "5680",
        "ParentProcessGuid":  null,
        "Image":  "C:\\Windows\\System32\\WerFault.exe",
        "CommandLine":  null,
        "User":  "DESKTOP-KVSEOF0\\Stage.Ali",
        "TargetFilename":  null,
        "DestinationIp":  null,
        "DestinationPort":  null,
        "SourceIp":  null,
        "SourcePort":  null,
        "Protocol":  null,
        "QueryName":  null,
        "Details":  {
                        "Description":  "Windows File Protection",
                        "SignatureStatus":  "Valid",
                        "Signature":  "Microsoft Windows",
                        "Hashes":  "MD5=5F914B60FFD44227FCD3C53F7B3A8D9D,SHA256=9BAE6A90F432F61FB2E6CE0BEB12EA13BC175FB02568E04C7E25AB7275566044",
                        "Image":  "C:\\Windows\\System32\\WerFault.exe",
                        "UtcTime":  "2025-09-03 15:24:13.236",
                        "ProcessGuid":  "{f1988ae2-5d9c-68b8-8a00-000000001e00}",
                        "Company":  "Microsoft Corporation",
                        "ImageLoaded":  "C:\\Windows\\System32\\sfc_os.dll",
                        "FileVersion":  "10.0.19041.1741 (WinBuild.160101.0800)",
                        "User":  "DESKTOP-KVSEOF0\\Stage.Ali",
                        "RuleName":  "-",
                        "Product":  "Microsoft® Windows® Operating System",
                        "ProcessId":  "5680",
                        "OriginalFileName":  "sfc_os.dll",
                        "Signed":  "true"
                    }
    },
    {
        "EventId":  7,
        "TimeCreated":  "\/Date(1756913055356)\/",
        "ProcessGuid":  "{f1988ae2-5d9c-68b8-8a00-000000001e00}",
        "ProcessId":  "5680",
        "ParentProcessGuid":  null,
        "Image":  "C:\\Windows\\System32\\WerFault.exe",
        "CommandLine":  null,
        "User":  "DESKTOP-KVSEOF0\\Stage.Ali",
        "TargetFilename":  null,
        "DestinationIp":  null,
        "DestinationPort":  null,
        "SourceIp":  null,
        "SourcePort":  null,
        "Protocol":  null,
        "QueryName":  null,
        "Details":  {
                        "Description":  "Windows File Protection",
                        "SignatureStatus":  "Valid",
                        "Signature":  "Microsoft Windows",
                        "Hashes":  "MD5=6092D64232E96C86388224BE71A9CDC2,SHA256=4E5D711FD121D13952AB9BD0EF7178EA699DA7FF95BE8A4E9E4E2990514F46E5",
                        "Image":  "C:\\Windows\\System32\\WerFault.exe",
                        "UtcTime":  "2025-09-03 15:24:13.234",
                        "ProcessGuid":  "{f1988ae2-5d9c-68b8-8a00-000000001e00}",
                        "Company":  "Microsoft Corporation",
                        "ImageLoaded":  "C:\\Windows\\System32\\sfc.dll",
                        "FileVersion":  "10.0.19041.1741 (WinBuild.160101.0800)",
                        "User":  "DESKTOP-KVSEOF0\\Stage.Ali",
                        "RuleName":  "-",
                        "Product":  "Microsoft® Windows® Operating System",
                        "ProcessId":  "5680",
                        "OriginalFileName":  "sfc.dll",
                        "Signed":  "true"
                    }
    },
    {
        "EventId":  7,
        "TimeCreated":  "\/Date(1756913055356)\/",
        "ProcessGuid":  "{f1988ae2-5d9c-68b8-8a00-000000001e00}",
        "ProcessId":  "5680",
        "ParentProcessGuid":  null,
        "Image":  "C:\\Windows\\System32\\WerFault.exe",
        "CommandLine":  null,
        "User":  "DESKTOP-KVSEOF0\\Stage.Ali",
        "TargetFilename":  null,
        "DestinationIp":  null,
        "DestinationPort":  null,
        "SourceIp":  null,
        "SourcePort":  null,
        "Protocol":  null,
        "QueryName":  null,
        "Details":  {
                        "Description":  "Windows File Protection",
                        "SignatureStatus":  "Valid",
                        "Signature":  "Microsoft Windows",
                        "Hashes":  "MD5=6092D64232E96C86388224BE71A9CDC2,SHA256=4E5D711FD121D13952AB9BD0EF7178EA699DA7FF95BE8A4E9E4E2990514F46E5",
                        "Image":  "C:\\Windows\\System32\\WerFault.exe",
                        "UtcTime":  "2025-09-03 15:24:13.234",
                        "ProcessGuid":  "{f1988ae2-5d9c-68b8-8a00-000000001e00}",
                        "Company":  "Microsoft Corporation",
                        "ImageLoaded":  "C:\\Windows\\System32\\sfc.dll",
                        "FileVersion":  "10.0.19041.1741 (WinBuild.160101.0800)",
                        "User":  "DESKTOP-KVSEOF0\\Stage.Ali",
                        "RuleName":  "-",
                        "Product":  "Microsoft® Windows® Operating System",
                        "ProcessId":  "5680",
                        "OriginalFileName":  "sfc.dll",
                        "Signed":  "true"
                    }
    },
    {
        "EventId":  7,
        "TimeCreated":  "\/Date(1756913055340)\/",
        "ProcessGuid":  "{f1988ae2-5d9c-68b8-8a00-000000001e00}",
        "ProcessId":  "5680",
        "ParentProcessGuid":  null,
        "Image":  "C:\\Windows\\System32\\WerFault.exe",
        "CommandLine":  null,
        "User":  "DESKTOP-KVSEOF0\\Stage.Ali",
        "TargetFilename":  null,
        "DestinationIp":  null,
        "DestinationPort":  null,
        "SourceIp":  null,
        "SourcePort":  null,
        "Protocol":  null,
        "QueryName":  null,
        "Details":  {
                        "Description":  "Application Experience Program Cache",
                        "SignatureStatus":  "Valid",
                        "Signature":  "Microsoft Windows",
                        "Hashes":  "MD5=AEABEC26904C2D5EA0CD1DEB690B78D1,SHA256=EE380D87B6521BEA8255C39C7E8798AD308CF73F41E0040B4A31D23C212475F4",
                        "Image":  "C:\\Windows\\System32\\WerFault.exe",
                        "UtcTime":  "2025-09-03 15:24:13.225",
                        "ProcessGuid":  "{f1988ae2-5d9c-68b8-8a00-000000001e00}",
                        "Company":  "Microsoft Corporation",
                        "ImageLoaded":  "C:\\Windows\\System32\\aepic.dll",
                        "FileVersion":  "10.0.19645.1046 (WinBuild.160101.0800)",
                        "User":  "DESKTOP-KVSEOF0\\Stage.Ali",
                        "RuleName":  "-",
                        "Product":  "Microsoft® Windows® Operating System",
                        "ProcessId":  "5680",
                        "OriginalFileName":  "aepic.dll",
                        "Signed":  "true"
                    }
    },
    {
        "EventId":  7,
        "TimeCreated":  "\/Date(1756913055326)\/",
        "ProcessGuid":  "{f1988ae2-5d9c-68b8-8a00-000000001e00}",
        "ProcessId":  "5680",
        "ParentProcessGuid":  null,
        "Image":  "C:\\Windows\\System32\\WerFault.exe",
        "CommandLine":  null,
        "User":  "DESKTOP-KVSEOF0\\Stage.Ali",
        "TargetFilename":  null,
        "DestinationIp":  null,
        "DestinationPort":  null,
        "SourceIp":  null,
        "SourcePort":  null,
        "Protocol":  null,
        "QueryName":  null,
        "Details":  {
                        "Description":  "OneCoreUAP Common Proxy Stub",
                        "SignatureStatus":  "Valid",
                        "Signature":  "Microsoft Windows",
                        "Hashes":  "MD5=1D4C46A92EF94B18A3BD2A974F650FAF,SHA256=F90AE8FD48DA761DC2232B8E0189813C3EFD0109D0E36EC417887F86425C4812",
                        "Image":  "C:\\Windows\\System32\\WerFault.exe",
                        "UtcTime":  "2025-09-03 15:24:15.319",
                        "ProcessGuid":  "{f1988ae2-5d9c-68b8-8a00-000000001e00}",
                        "Company":  "Microsoft Corporation",
                        "ImageLoaded":  "C:\\Windows\\System32\\OneCoreUAPCommonProxyStub.dll",
                        "FileVersion":  "10.0.19041.1806 (WinBuild.160101.0800)",
                        "User":  "DESKTOP-KVSEOF0\\Stage.Ali",
                        "RuleName":  "-",
                        "Product":  "Microsoft® Windows® Operating System",
                        "ProcessId":  "5680",
                        "OriginalFileName":  "OneCoreUAPCommonProxyStub.dll",
                        "Signed":  "true"
                    }
    },
    {
        "EventId":  7,
        "TimeCreated":  "\/Date(1756913055296)\/",
        "ProcessGuid":  "{f1988ae2-5d9c-68b8-8a00-000000001e00}",
        "ProcessId":  "5680",
        "ParentProcessGuid":  null,
        "Image":  "C:\\Windows\\System32\\WerFault.exe",
        "CommandLine":  null,
        "User":  "DESKTOP-KVSEOF0\\Stage.Ali",
        "TargetFilename":  null,
        "DestinationIp":  null,
        "DestinationPort":  null,
        "SourceIp":  null,
        "SourcePort":  null,
        "Protocol":  null,
        "QueryName":  null,
        "Details":  {
                        "Description":  "Policy Manager DLL",
                        "SignatureStatus":  "Valid",
                        "Signature":  "Microsoft Windows",
                        "Hashes":  "MD5=BCD77D0E06A6E2EBB22B3106E2AB67A3,SHA256=93CA15C84D667849D8B9D9E79D24CFC08624BCE0F4B591DBDB153B40358E836A",
                        "Image":  "C:\\Windows\\System32\\WerFault.exe",
                        "UtcTime":  "2025-09-03 15:24:15.277",
                        "ProcessGuid":  "{f1988ae2-5d9c-68b8-8a00-000000001e00}",
                        "Company":  "Microsoft Corporation",
                        "ImageLoaded":  "C:\\Windows\\System32\\policymanager.dll",
                        "FileVersion":  "10.0.19041.1865 (WinBuild.160101.0800)",
                        "User":  "DESKTOP-KVSEOF0\\Stage.Ali",
                        "RuleName":  "-",
                        "Product":  "Microsoft® Windows® Operating System",
                        "ProcessId":  "5680",
                        "OriginalFileName":  "PolicyManager.dll",
                        "Signed":  "true"
                    }
    },
    {
        "EventId":  7,
        "TimeCreated":  "\/Date(1756913055264)\/",
        "ProcessGuid":  "{f1988ae2-5d9c-68b8-8a00-000000001e00}",
        "ProcessId":  "5680",
        "ParentProcessGuid":  null,
        "Image":  "C:\\Windows\\System32\\WerFault.exe",
        "CommandLine":  null,
        "User":  "DESKTOP-KVSEOF0\\Stage.Ali",
        "TargetFilename":  null,
        "DestinationIp":  null,
        "DestinationPort":  null,
        "SourceIp":  null,
        "SourcePort":  null,
        "Protocol":  null,
        "QueryName":  null,
        "Details":  {
                        "Description":  "Resource Manager Client",
                        "SignatureStatus":  "Valid",
                        "Signature":  "Microsoft Windows",
                        "Hashes":  "MD5=72CF0649C8E42C81F7487C0E08A13879,SHA256=69BFCB0063EE38680A828F1794CBDB045C0EC51A22EB2E32C60C130F3B92DB0B",
                        "Image":  "C:\\Windows\\System32\\WerFault.exe",
                        "UtcTime":  "2025-09-03 15:24:15.260",
                        "ProcessGuid":  "{f1988ae2-5d9c-68b8-8a00-000000001e00}",
                        "Company":  "Microsoft Corporation",
                        "ImageLoaded":  "C:\\Windows\\System32\\rmclient.dll",
                        "FileVersion":  "10.0.19041.746 (WinBuild.160101.0800)",
                        "User":  "DESKTOP-KVSEOF0\\Stage.Ali",
                        "RuleName":  "-",
                        "Product":  "Microsoft® Windows® Operating System",
                        "ProcessId":  "5680",
                        "OriginalFileName":  "rmclient.dll",
                        "Signed":  "true"
                    }
    },
    {
        "EventId":  7,
        "TimeCreated":  "\/Date(1756913055243)\/",
        "ProcessGuid":  "{f1988ae2-5d9c-68b8-8a00-000000001e00}",
        "ProcessId":  "5680",
        "ParentProcessGuid":  null,
        "Image":  "C:\\Windows\\System32\\WerFault.exe",
        "CommandLine":  null,
        "User":  "DESKTOP-KVSEOF0\\Stage.Ali",
        "TargetFilename":  null,
        "DestinationIp":  null,
        "DestinationPort":  null,
        "SourceIp":  null,
        "SourcePort":  null,
        "Protocol":  null,
        "QueryName":  null,
        "Details":  {
                        "Description":  "Network List Manager Proxy",
                        "SignatureStatus":  "Valid",
                        "Signature":  "Microsoft Windows",
                        "Hashes":  "MD5=4476AB6612B200CEB6957FF436E10877,SHA256=7CA45C539218D4A186EE520C4AFC29A931A34B2ED83FE10E3B8B23132E2CE520",
                        "Image":  "C:\\Windows\\System32\\WerFault.exe",
                        "UtcTime":  "2025-09-03 15:24:15.218",
                        "ProcessGuid":  "{f1988ae2-5d9c-68b8-8a00-000000001e00}",
                        "Company":  "Microsoft Corporation",
                        "ImageLoaded":  "C:\\Windows\\System32\\npmproxy.dll",
                        "FileVersion":  "10.0.19041.906 (WinBuild.160101.0800)",
                        "User":  "DESKTOP-KVSEOF0\\Stage.Ali",
                        "RuleName":  "-",
                        "Product":  "Microsoft® Windows® Operating System",
                        "ProcessId":  "5680",
                        "OriginalFileName":  "npfproxy.dll",
                        "Signed":  "true"
                    }
    },
    {
        "EventId":  7,
        "TimeCreated":  "\/Date(1756913055080)\/",
        "ProcessGuid":  "{f1988ae2-5d9c-68b8-8a00-000000001e00}",
        "ProcessId":  "5680",
        "ParentProcessGuid":  null,
        "Image":  "C:\\Windows\\System32\\WerFault.exe",
        "CommandLine":  null,
        "User":  "DESKTOP-KVSEOF0\\Stage.Ali",
        "TargetFilename":  null,
        "DestinationIp":  null,
        "DestinationPort":  null,
        "SourceIp":  null,
        "SourcePort":  null,
        "Protocol":  null,
        "QueryName":  null,
        "Details":  {
                        "Description":  "Network List Manager",
                        "SignatureStatus":  "Valid",
                        "Signature":  "Microsoft Windows",
                        "Hashes":  "MD5=FB9D4949CA739FF6AE9FF9E43809AD7D,SHA256=D8E0E9F86C41F8B926E5E6F9FF2952A994B24F5CB36D4FC4AE9BADD06EF6DC90",
                        "Image":  "C:\\Windows\\System32\\WerFault.exe",
                        "UtcTime":  "2025-09-03 15:24:15.071",
                        "ProcessGuid":  "{f1988ae2-5d9c-68b8-8a00-000000001e00}",
                        "Company":  "Microsoft Corporation",
                        "ImageLoaded":  "C:\\Windows\\System32\\netprofm.dll",
                        "FileVersion":  "10.0.19041.906 (WinBuild.160101.0800)",
                        "User":  "DESKTOP-KVSEOF0\\Stage.Ali",
                        "RuleName":  "-",
                        "Product":  "Microsoft® Windows® Operating System",
                        "ProcessId":  "5680",
                        "OriginalFileName":  "netprofm.dll",
                        "Signed":  "true"
                    }
    },
    {
        "EventId":  7,
        "TimeCreated":  "\/Date(1756913055070)\/",
        "ProcessGuid":  "{f1988ae2-5d9c-68b8-8a00-000000001e00}",
        "ProcessId":  "5680",
        "ParentProcessGuid":  null,
        "Image":  "C:\\Windows\\System32\\WerFault.exe",
        "CommandLine":  null,
        "User":  "DESKTOP-KVSEOF0\\Stage.Ali",
        "TargetFilename":  null,
        "DestinationIp":  null,
        "DestinationPort":  null,
        "SourceIp":  null,
        "SourcePort":  null,
        "Protocol":  null,
        "QueryName":  null,
        "Details":  {
                        "Description":  "Policy Manager DLL",
                        "SignatureStatus":  "Valid",
                        "Signature":  "Microsoft Windows",
                        "Hashes":  "MD5=BCD77D0E06A6E2EBB22B3106E2AB67A3,SHA256=93CA15C84D667849D8B9D9E79D24CFC08624BCE0F4B591DBDB153B40358E836A",
                        "Image":  "C:\\Windows\\System32\\WerFault.exe",
                        "UtcTime":  "2025-09-03 15:24:15.069",
                        "ProcessGuid":  "{f1988ae2-5d9c-68b8-8a00-000000001e00}",
                        "Company":  "Microsoft Corporation",
                        "ImageLoaded":  "C:\\Windows\\System32\\policymanager.dll",
                        "FileVersion":  "10.0.19041.1865 (WinBuild.160101.0800)",
                        "User":  "DESKTOP-KVSEOF0\\Stage.Ali",
                        "RuleName":  "-",
                        "Product":  "Microsoft® Windows® Operating System",
                        "ProcessId":  "5680",
                        "OriginalFileName":  "PolicyManager.dll",
                        "Signed":  "true"
                    }
    },
    {
        "EventId":  7,
        "TimeCreated":  "\/Date(1756913055069)\/",
        "ProcessGuid":  "{f1988ae2-5d9c-68b8-8a00-000000001e00}",
        "ProcessId":  "5680",
        "ParentProcessGuid":  null,
        "Image":  "C:\\Windows\\System32\\WerFault.exe",
        "CommandLine":  null,
        "User":  "DESKTOP-KVSEOF0\\Stage.Ali",
        "TargetFilename":  null,
        "DestinationIp":  null,
        "DestinationPort":  null,
        "SourceIp":  null,
        "SourcePort":  null,
        "Protocol":  null,
        "QueryName":  null,
        "Details":  {
                        "Description":  "Policy Manager DLL",
                        "SignatureStatus":  "Valid",
                        "Signature":  "Microsoft Windows",
                        "Hashes":  "MD5=BCD77D0E06A6E2EBB22B3106E2AB67A3,SHA256=93CA15C84D667849D8B9D9E79D24CFC08624BCE0F4B591DBDB153B40358E836A",
                        "Image":  "C:\\Windows\\System32\\WerFault.exe",
                        "UtcTime":  "2025-09-03 15:24:15.067",
                        "ProcessGuid":  "{f1988ae2-5d9c-68b8-8a00-000000001e00}",
                        "Company":  "Microsoft Corporation",
                        "ImageLoaded":  "C:\\Windows\\System32\\policymanager.dll",
                        "FileVersion":  "10.0.19041.1865 (WinBuild.160101.0800)",
                        "User":  "DESKTOP-KVSEOF0\\Stage.Ali",
                        "RuleName":  "-",
                        "Product":  "Microsoft® Windows® Operating System",
                        "ProcessId":  "5680",
                        "OriginalFileName":  "PolicyManager.dll",
                        "Signed":  "true"
                    }
    },
    {
        "EventId":  7,
        "TimeCreated":  "\/Date(1756913055069)\/",
        "ProcessGuid":  "{f1988ae2-5d9c-68b8-8a00-000000001e00}",
        "ProcessId":  "5680",
        "ParentProcessGuid":  null,
        "Image":  "C:\\Windows\\System32\\WerFault.exe",
        "CommandLine":  null,
        "User":  "DESKTOP-KVSEOF0\\Stage.Ali",
        "TargetFilename":  null,
        "DestinationIp":  null,
        "DestinationPort":  null,
        "SourceIp":  null,
        "SourcePort":  null,
        "Protocol":  null,
        "QueryName":  null,
        "Details":  {
                        "Description":  "Policy Manager DLL",
                        "SignatureStatus":  "Valid",
                        "Signature":  "Microsoft Windows",
                        "Hashes":  "MD5=BCD77D0E06A6E2EBB22B3106E2AB67A3,SHA256=93CA15C84D667849D8B9D9E79D24CFC08624BCE0F4B591DBDB153B40358E836A",
                        "Image":  "C:\\Windows\\System32\\WerFault.exe",
                        "UtcTime":  "2025-09-03 15:24:15.065",
                        "ProcessGuid":  "{f1988ae2-5d9c-68b8-8a00-000000001e00}",
                        "Company":  "Microsoft Corporation",
                        "ImageLoaded":  "C:\\Windows\\System32\\policymanager.dll",
                        "FileVersion":  "10.0.19041.1865 (WinBuild.160101.0800)",
                        "User":  "DESKTOP-KVSEOF0\\Stage.Ali",
                        "RuleName":  "-",
                        "Product":  "Microsoft® Windows® Operating System",
                        "ProcessId":  "5680",
                        "OriginalFileName":  "PolicyManager.dll",
                        "Signed":  "true"
                    }
    },
    {
        "EventId":  7,
        "TimeCreated":  "\/Date(1756913055053)\/",
        "ProcessGuid":  "{f1988ae2-5d9c-68b8-8a00-000000001e00}",
        "ProcessId":  "5680",
        "ParentProcessGuid":  null,
        "Image":  "C:\\Windows\\System32\\WerFault.exe",
        "CommandLine":  null,
        "User":  "DESKTOP-KVSEOF0\\Stage.Ali",
        "TargetFilename":  null,
        "DestinationIp":  null,
        "DestinationPort":  null,
        "SourceIp":  null,
        "SourcePort":  null,
        "Protocol":  null,
        "QueryName":  null,
        "Details":  {
                        "Description":  "Network List Manager Proxy",
                        "SignatureStatus":  "Valid",
                        "Signature":  "Microsoft Windows",
                        "Hashes":  "MD5=4476AB6612B200CEB6957FF436E10877,SHA256=7CA45C539218D4A186EE520C4AFC29A931A34B2ED83FE10E3B8B23132E2CE520",
                        "Image":  "C:\\Windows\\System32\\WerFault.exe",
                        "UtcTime":  "2025-09-03 15:24:15.047",
                        "ProcessGuid":  "{f1988ae2-5d9c-68b8-8a00-000000001e00}",
                        "Company":  "Microsoft Corporation",
                        "ImageLoaded":  "C:\\Windows\\System32\\npmproxy.dll",
                        "FileVersion":  "10.0.19041.906 (WinBuild.160101.0800)",
                        "User":  "DESKTOP-KVSEOF0\\Stage.Ali",
                        "RuleName":  "-",
                        "Product":  "Microsoft® Windows® Operating System",
                        "ProcessId":  "5680",
                        "OriginalFileName":  "npfproxy.dll",
                        "Signed":  "true"
                    }
    },
    {
        "EventId":  7,
        "TimeCreated":  "\/Date(1756913054945)\/",
        "ProcessGuid":  "{f1988ae2-5d9c-68b8-8a00-000000001e00}",
        "ProcessId":  "5680",
        "ParentProcessGuid":  null,
        "Image":  "C:\\Windows\\System32\\WerFault.exe",
        "CommandLine":  null,
        "User":  "DESKTOP-KVSEOF0\\Stage.Ali",
        "TargetFilename":  null,
        "DestinationIp":  null,
        "DestinationPort":  null,
        "SourceIp":  null,
        "SourcePort":  null,
        "Protocol":  null,
        "QueryName":  null,
        "Details":  {
                        "Description":  "Network List Manager",
                        "SignatureStatus":  "Valid",
                        "Signature":  "Microsoft Windows",
                        "Hashes":  "MD5=FB9D4949CA739FF6AE9FF9E43809AD7D,SHA256=D8E0E9F86C41F8B926E5E6F9FF2952A994B24F5CB36D4FC4AE9BADD06EF6DC90",
                        "Image":  "C:\\Windows\\System32\\WerFault.exe",
                        "UtcTime":  "2025-09-03 15:24:14.916",
                        "ProcessGuid":  "{f1988ae2-5d9c-68b8-8a00-000000001e00}",
                        "Company":  "Microsoft Corporation",
                        "ImageLoaded":  "C:\\Windows\\System32\\netprofm.dll",
                        "FileVersion":  "10.0.19041.906 (WinBuild.160101.0800)",
                        "User":  "DESKTOP-KVSEOF0\\Stage.Ali",
                        "RuleName":  "-",
                        "Product":  "Microsoft® Windows® Operating System",
                        "ProcessId":  "5680",
                        "OriginalFileName":  "netprofm.dll",
                        "Signed":  "true"
                    }
    },
    {
        "EventId":  7,
        "TimeCreated":  "\/Date(1756913054944)\/",
        "ProcessGuid":  "{f1988ae2-5d9c-68b8-8a00-000000001e00}",
        "ProcessId":  "5680",
        "ParentProcessGuid":  null,
        "Image":  "C:\\Windows\\System32\\WerFault.exe",
        "CommandLine":  null,
        "User":  "DESKTOP-KVSEOF0\\Stage.Ali",
        "TargetFilename":  null,
        "DestinationIp":  null,
        "DestinationPort":  null,
        "SourceIp":  null,
        "SourcePort":  null,
        "Protocol":  null,
        "QueryName":  null,
        "Details":  {
                        "Description":  "Policy Manager DLL",
                        "SignatureStatus":  "Valid",
                        "Signature":  "Microsoft Windows",
                        "Hashes":  "MD5=BCD77D0E06A6E2EBB22B3106E2AB67A3,SHA256=93CA15C84D667849D8B9D9E79D24CFC08624BCE0F4B591DBDB153B40358E836A",
                        "Image":  "C:\\Windows\\System32\\WerFault.exe",
                        "UtcTime":  "2025-09-03 15:24:14.912",
                        "ProcessGuid":  "{f1988ae2-5d9c-68b8-8a00-000000001e00}",
                        "Company":  "Microsoft Corporation",
                        "ImageLoaded":  "C:\\Windows\\System32\\policymanager.dll",
                        "FileVersion":  "10.0.19041.1865 (WinBuild.160101.0800)",
                        "User":  "DESKTOP-KVSEOF0\\Stage.Ali",
                        "RuleName":  "-",
                        "Product":  "Microsoft® Windows® Operating System",
                        "ProcessId":  "5680",
                        "OriginalFileName":  "PolicyManager.dll",
                        "Signed":  "true"
                    }
    },
    {
        "EventId":  7,
        "TimeCreated":  "\/Date(1756913054944)\/",
        "ProcessGuid":  "{f1988ae2-5d9c-68b8-8a00-000000001e00}",
        "ProcessId":  "5680",
        "ParentProcessGuid":  null,
        "Image":  "C:\\Windows\\System32\\WerFault.exe",
        "CommandLine":  null,
        "User":  "DESKTOP-KVSEOF0\\Stage.Ali",
        "TargetFilename":  null,
        "DestinationIp":  null,
        "DestinationPort":  null,
        "SourceIp":  null,
        "SourcePort":  null,
        "Protocol":  null,
        "QueryName":  null,
        "Details":  {
                        "Description":  "Policy Manager DLL",
                        "SignatureStatus":  "Valid",
                        "Signature":  "Microsoft Windows",
                        "Hashes":  "MD5=BCD77D0E06A6E2EBB22B3106E2AB67A3,SHA256=93CA15C84D667849D8B9D9E79D24CFC08624BCE0F4B591DBDB153B40358E836A",
                        "Image":  "C:\\Windows\\System32\\WerFault.exe",
                        "UtcTime":  "2025-09-03 15:24:14.912",
                        "ProcessGuid":  "{f1988ae2-5d9c-68b8-8a00-000000001e00}",
                        "Company":  "Microsoft Corporation",
                        "ImageLoaded":  "C:\\Windows\\System32\\policymanager.dll",
                        "FileVersion":  "10.0.19041.1865 (WinBuild.160101.0800)",
                        "User":  "DESKTOP-KVSEOF0\\Stage.Ali",
                        "RuleName":  "-",
                        "Product":  "Microsoft® Windows® Operating System",
                        "ProcessId":  "5680",
                        "OriginalFileName":  "PolicyManager.dll",
                        "Signed":  "true"
                    }
    },
    {
        "EventId":  7,
        "TimeCreated":  "\/Date(1756913054944)\/",
        "ProcessGuid":  "{f1988ae2-5d9c-68b8-8a00-000000001e00}",
        "ProcessId":  "5680",
        "ParentProcessGuid":  null,
        "Image":  "C:\\Windows\\System32\\WerFault.exe",
        "CommandLine":  null,
        "User":  "DESKTOP-KVSEOF0\\Stage.Ali",
        "TargetFilename":  null,
        "DestinationIp":  null,
        "DestinationPort":  null,
        "SourceIp":  null,
        "SourcePort":  null,
        "Protocol":  null,
        "QueryName":  null,
        "Details":  {
                        "Description":  "Policy Manager DLL",
                        "SignatureStatus":  "Valid",
                        "Signature":  "Microsoft Windows",
                        "Hashes":  "MD5=BCD77D0E06A6E2EBB22B3106E2AB67A3,SHA256=93CA15C84D667849D8B9D9E79D24CFC08624BCE0F4B591DBDB153B40358E836A",
                        "Image":  "C:\\Windows\\System32\\WerFault.exe",
                        "UtcTime":  "2025-09-03 15:24:14.909",
                        "ProcessGuid":  "{f1988ae2-5d9c-68b8-8a00-000000001e00}",
                        "Company":  "Microsoft Corporation",
                        "ImageLoaded":  "C:\\Windows\\System32\\policymanager.dll",
                        "FileVersion":  "10.0.19041.1865 (WinBuild.160101.0800)",
                        "User":  "DESKTOP-KVSEOF0\\Stage.Ali",
                        "RuleName":  "-",
                        "Product":  "Microsoft® Windows® Operating System",
                        "ProcessId":  "5680",
                        "OriginalFileName":  "PolicyManager.dll",
                        "Signed":  "true"
                    }
    },
    {
        "EventId":  7,
        "TimeCreated":  "\/Date(1756913054944)\/",
        "ProcessGuid":  "{f1988ae2-5d9c-68b8-8a00-000000001e00}",
        "ProcessId":  "5680",
        "ParentProcessGuid":  null,
        "Image":  "C:\\Windows\\System32\\WerFault.exe",
        "CommandLine":  null,
        "User":  "DESKTOP-KVSEOF0\\Stage.Ali",
        "TargetFilename":  null,
        "DestinationIp":  null,
        "DestinationPort":  null,
        "SourceIp":  null,
        "SourcePort":  null,
        "Protocol":  null,
        "QueryName":  null,
        "Details":  {
                        "Description":  "Policy Manager DLL",
                        "SignatureStatus":  "Valid",
                        "Signature":  "Microsoft Windows",
                        "Hashes":  "MD5=BCD77D0E06A6E2EBB22B3106E2AB67A3,SHA256=93CA15C84D667849D8B9D9E79D24CFC08624BCE0F4B591DBDB153B40358E836A",
                        "Image":  "C:\\Windows\\System32\\WerFault.exe",
                        "UtcTime":  "2025-09-03 15:24:14.908",
                        "ProcessGuid":  "{f1988ae2-5d9c-68b8-8a00-000000001e00}",
                        "Company":  "Microsoft Corporation",
                        "ImageLoaded":  "C:\\Windows\\System32\\policymanager.dll",
                        "FileVersion":  "10.0.19041.1865 (WinBuild.160101.0800)",
                        "User":  "DESKTOP-KVSEOF0\\Stage.Ali",
                        "RuleName":  "-",
                        "Product":  "Microsoft® Windows® Operating System",
                        "ProcessId":  "5680",
                        "OriginalFileName":  "PolicyManager.dll",
                        "Signed":  "true"
                    }
    },
    {
        "EventId":  7,
        "TimeCreated":  "\/Date(1756913054944)\/",
        "ProcessGuid":  "{f1988ae2-5d9c-68b8-8a00-000000001e00}",
        "ProcessId":  "5680",
        "ParentProcessGuid":  null,
        "Image":  "C:\\Windows\\System32\\WerFault.exe",
        "CommandLine":  null,
        "User":  "DESKTOP-KVSEOF0\\Stage.Ali",
        "TargetFilename":  null,
        "DestinationIp":  null,
        "DestinationPort":  null,
        "SourceIp":  null,
        "SourcePort":  null,
        "Protocol":  null,
        "QueryName":  null,
        "Details":  {
                        "Description":  "Policy Manager DLL",
                        "SignatureStatus":  "Valid",
                        "Signature":  "Microsoft Windows",
                        "Hashes":  "MD5=BCD77D0E06A6E2EBB22B3106E2AB67A3,SHA256=93CA15C84D667849D8B9D9E79D24CFC08624BCE0F4B591DBDB153B40358E836A",
                        "Image":  "C:\\Windows\\System32\\WerFault.exe",
                        "UtcTime":  "2025-09-03 15:24:14.902",
                        "ProcessGuid":  "{f1988ae2-5d9c-68b8-8a00-000000001e00}",
                        "Company":  "Microsoft Corporation",
                        "ImageLoaded":  "C:\\Windows\\System32\\policymanager.dll",
                        "FileVersion":  "10.0.19041.1865 (WinBuild.160101.0800)",
                        "User":  "DESKTOP-KVSEOF0\\Stage.Ali",
                        "RuleName":  "-",
                        "Product":  "Microsoft® Windows® Operating System",
                        "ProcessId":  "5680",
                        "OriginalFileName":  "PolicyManager.dll",
                        "Signed":  "true"
                    }
    },
