    {
        "EventId":  7,
        "TimeCreated":  "\/Date(1756913051465)\/",
        "ProcessGuid":  "{f1988ae2-5d97-68b8-7400-000000001e00}",
        "ProcessId":  "4524",
        "ParentProcessGuid":  null,
        "Image":  "C:\\Users\\Stage.Ali\\AppData\\Local\\Temp\\svchost.exe",
        "CommandLine":  null,
        "User":  "DESKTOP-KVSEOF0\\Stage.Ali",
        "TargetFilename":  null,
        "DestinationIp":  null,
        "DestinationPort":  null,
        "SourceIp":  null,
        "SourcePort":  null,
        "Protocol":  null,
        "QueryName":  null,
        "Details":  {
                        "Description":  "User Profile Basic API",
                        "SignatureStatus":  "Valid",
                        "Signature":  "Microsoft Windows",
                        "Hashes":  "MD5=4A7468FF74F0114626B2F7D1DD5D9FC7,SHA256=313CB7C9A69D5D84308A1C4B78C8FF257854071CAC7918BC31D1B893FEB95EC2",
                        "Image":  "C:\\Users\\Stage.Ali\\AppData\\Local\\Temp\\svchost.exe",
                        "UtcTime":  "2025-09-03 15:24:11.464",
                        "ProcessGuid":  "{f1988ae2-5d97-68b8-7400-000000001e00}",
                        "Company":  "Microsoft Corporation",
                        "ImageLoaded":  "C:\\Windows\\System32\\profapi.dll",
                        "FileVersion":  "10.0.19041.844 (WinBuild.160101.0800)",
                        "User":  "DESKTOP-KVSEOF0\\Stage.Ali",
                        "RuleName":  "-",
                        "Product":  "Microsoft® Windows® Operating System",
                        "ProcessId":  "4524",
                        "OriginalFileName":  "PROFAPI.DLL",
                        "Signed":  "true"
                    }
    },
    {
        "EventId":  7,
        "TimeCreated":  "\/Date(1756913051464)\/",
        "ProcessGuid":  "{f1988ae2-5d97-68b8-7400-000000001e00}",
        "ProcessId":  "4524",
        "ParentProcessGuid":  null,
        "Image":  "C:\\Users\\Stage.Ali\\AppData\\Local\\Temp\\svchost.exe",
        "CommandLine":  null,
        "User":  "DESKTOP-KVSEOF0\\Stage.Ali",
        "TargetFilename":  null,
        "DestinationIp":  null,
        "DestinationPort":  null,
        "SourceIp":  null,
        "SourcePort":  null,
        "Protocol":  null,
        "QueryName":  null,
        "Details":  {
                        "Description":  "Userenv",
                        "SignatureStatus":  "Valid",
                        "Signature":  "Microsoft Windows",
                        "Hashes":  "MD5=6331627F363F17F1B1D28C4FE3FB433B,SHA256=DE6F6CD7D703DCA17C147B358FB0DED9B763C5642C56DCA0280204A8D3E2CDC3",
                        "Image":  "C:\\Users\\Stage.Ali\\AppData\\Local\\Temp\\svchost.exe",
                        "UtcTime":  "2025-09-03 15:24:11.464",
                        "ProcessGuid":  "{f1988ae2-5d97-68b8-7400-000000001e00}",
                        "Company":  "Microsoft Corporation",
                        "ImageLoaded":  "C:\\Windows\\System32\\userenv.dll",
                        "FileVersion":  "10.0.19041.572 (WinBuild.160101.0800)",
                        "User":  "DESKTOP-KVSEOF0\\Stage.Ali",
                        "RuleName":  "-",
                        "Product":  "Microsoft® Windows® Operating System",
                        "ProcessId":  "4524",
                        "OriginalFileName":  "userenv.dll",
                        "Signed":  "true"
                    }
    },
    {
        "EventId":  7,
        "TimeCreated":  "\/Date(1756913051459)\/",
        "ProcessGuid":  "{f1988ae2-5d97-68b8-7400-000000001e00}",
        "ProcessId":  "4524",
        "ParentProcessGuid":  null,
        "Image":  "C:\\Users\\Stage.Ali\\AppData\\Local\\Temp\\svchost.exe",
        "CommandLine":  null,
        "User":  "DESKTOP-KVSEOF0\\Stage.Ali",
        "TargetFilename":  null,
        "DestinationIp":  null,
        "DestinationPort":  null,
        "SourceIp":  null,
        "SourcePort":  null,
        "Protocol":  null,
        "QueryName":  null,
        "Details":  {
                        "Description":  "Anti-Malware Scan Interface",
                        "SignatureStatus":  "Valid",
                        "Signature":  "Microsoft Windows",
                        "Hashes":  "MD5=335571FC8936677DC1942BFD2E14A8CF,SHA256=9267A786DB2F180128F7A0E6D668F03E6348F85F5FE91465BC2F5A341C13D81C",
                        "Image":  "C:\\Users\\Stage.Ali\\AppData\\Local\\Temp\\svchost.exe",
                        "UtcTime":  "2025-09-03 15:24:11.458",
                        "ProcessGuid":  "{f1988ae2-5d97-68b8-7400-000000001e00}",
                        "Company":  "Microsoft Corporation",
                        "ImageLoaded":  "C:\\Windows\\System32\\amsi.dll",
                        "FileVersion":  "10.0.19041.1620 (WinBuild.160101.0800)",
                        "User":  "DESKTOP-KVSEOF0\\Stage.Ali",
                        "RuleName":  "-",
                        "Product":  "Microsoft® Windows® Operating System",
                        "ProcessId":  "4524",
                        "OriginalFileName":  "amsi.dll",
                        "Signed":  "true"
                    }
    },
    {
        "EventId":  7,
        "TimeCreated":  "\/Date(1756913051431)\/",
        "ProcessGuid":  "{f1988ae2-5d99-68b8-7a00-000000001e00}",
        "ProcessId":  "5004",
        "ParentProcessGuid":  null,
        "Image":  "C:\\Windows\\System32\\wscript.exe",
        "CommandLine":  null,
        "User":  "DESKTOP-KVSEOF0\\Stage.Ali",
        "TargetFilename":  null,
        "DestinationIp":  null,
        "DestinationPort":  null,
        "SourceIp":  null,
        "SourcePort":  null,
        "Protocol":  null,
        "QueryName":  null,
        "Details":  {
                        "Description":  "Microsoft ® VBScript",
                        "SignatureStatus":  "Valid",
                        "Signature":  "Microsoft Windows",
                        "Hashes":  "MD5=7605F07418C880F209C3C09136F9B278,SHA256=1D7C82F9A0DC4F05FAD2BEEB7BA524401BAF541CBE1FA36ACB6DC85100E33B8C",
                        "Image":  "C:\\Windows\\System32\\wscript.exe",
                        "UtcTime":  "2025-09-03 15:24:10.622",
                        "ProcessGuid":  "{f1988ae2-5d99-68b8-7a00-000000001e00}",
                        "Company":  "Microsoft Corporation",
                        "ImageLoaded":  "C:\\Windows\\System32\\vbscript.dll",
                        "FileVersion":  "5.812.10240.16384",
                        "User":  "DESKTOP-KVSEOF0\\Stage.Ali",
                        "RuleName":  "-",
                        "Product":  "Microsoft ® VBScript",
                        "ProcessId":  "5004",
                        "OriginalFileName":  "vbscript.dll",
                        "Signed":  "true"
                    }
    },
    {
        "EventId":  7,
        "TimeCreated":  "\/Date(1756913051305)\/",
        "ProcessGuid":  "{f1988ae2-5d99-68b8-7a00-000000001e00}",
        "ProcessId":  "5004",
        "ParentProcessGuid":  null,
        "Image":  "C:\\Windows\\System32\\wscript.exe",
        "CommandLine":  null,
        "User":  "DESKTOP-KVSEOF0\\Stage.Ali",
        "TargetFilename":  null,
        "DestinationIp":  null,
        "DestinationPort":  null,
        "SourceIp":  null,
        "SourcePort":  null,
        "Protocol":  null,
        "QueryName":  null,
        "Details":  {
                        "Description":  "Microsoft ® Windows Based Script Host",
                        "SignatureStatus":  "Valid",
                        "Signature":  "Microsoft Windows",
                        "Hashes":  "MD5=A47CBE969EA935BDD3AB568BB126BC80,SHA256=34008E2057DF8842DF210246995385A0441DC1E081D60AD15BD481E062E7F100",
                        "Image":  "C:\\Windows\\System32\\wscript.exe",
                        "UtcTime":  "2025-09-03 15:24:10.453",
                        "ProcessGuid":  "{f1988ae2-5d99-68b8-7a00-000000001e00}",
                        "Company":  "Microsoft Corporation",
                        "ImageLoaded":  "C:\\Windows\\System32\\wscript.exe",
                        "FileVersion":  "5.812.10240.16384",
                        "User":  "DESKTOP-KVSEOF0\\Stage.Ali",
                        "RuleName":  "-",
                        "Product":  "Microsoft ® Windows Script Host",
                        "ProcessId":  "5004",
                        "OriginalFileName":  "wscript.exe",
                        "Signed":  "true"
                    }
    },
    {
        "EventId":  7,
        "TimeCreated":  "\/Date(1756913051194)\/",
        "ProcessGuid":  "{f1988ae2-5d97-68b8-7400-000000001e00}",
        "ProcessId":  "4524",
        "ParentProcessGuid":  null,
        "Image":  "C:\\Users\\Stage.Ali\\AppData\\Local\\Temp\\svchost.exe",
        "CommandLine":  null,
        "User":  "DESKTOP-KVSEOF0\\Stage.Ali",
        "TargetFilename":  null,
        "DestinationIp":  null,
        "DestinationPort":  null,
        "SourceIp":  null,
        "SourcePort":  null,
        "Protocol":  null,
        "QueryName":  null,
        "Details":  {
                        "Description":  "Windows Socket 2.0 32-Bit DLL",
                        "SignatureStatus":  "Valid",
                        "Signature":  "Microsoft Windows",
                        "Hashes":  "MD5=6EED88C1206032A2797ABF131C6242CF,SHA256=1F996574F38219CDD848375F517F8D86E17542BC84D64CCE63AA0C64CC15F22D",
                        "Image":  "C:\\Users\\Stage.Ali\\AppData\\Local\\Temp\\svchost.exe",
                        "UtcTime":  "2025-09-03 15:24:11.175",
                        "ProcessGuid":  "{f1988ae2-5d97-68b8-7400-000000001e00}",
                        "Company":  "Microsoft Corporation",
                        "ImageLoaded":  "C:\\Windows\\System32\\ws2_32.dll",
                        "FileVersion":  "10.0.19041.546 (WinBuild.160101.0800)",
                        "User":  "DESKTOP-KVSEOF0\\Stage.Ali",
                        "RuleName":  "-",
                        "Product":  "Microsoft® Windows® Operating System",
                        "ProcessId":  "4524",
                        "OriginalFileName":  "ws2_32.dll",
                        "Signed":  "true"
                    }
    },
    {
        "EventId":  7,
        "TimeCreated":  "\/Date(1756913051071)\/",
        "ProcessGuid":  "{f1988ae2-5d97-68b8-7400-000000001e00}",
        "ProcessId":  "4524",
        "ParentProcessGuid":  null,
        "Image":  "C:\\Users\\Stage.Ali\\AppData\\Local\\Temp\\svchost.exe",
        "CommandLine":  null,
        "User":  "DESKTOP-KVSEOF0\\Stage.Ali",
        "TargetFilename":  null,
        "DestinationIp":  null,
        "DestinationPort":  null,
        "SourceIp":  null,
        "SourcePort":  null,
        "Protocol":  null,
        "QueryName":  null,
        "Details":  {
                        "Description":  "OLEAUT32.DLL",
                        "SignatureStatus":  "Valid",
                        "Signature":  "Microsoft Windows",
                        "Hashes":  "MD5=EAB5ADED2242FEAEE371ED5CAB6EA919,SHA256=BBE70836E44BA71555906D37011EC2AA3F86BD1314F5431406BBA8F305DFB570",
                        "Image":  "C:\\Users\\Stage.Ali\\AppData\\Local\\Temp\\svchost.exe",
                        "UtcTime":  "2025-09-03 15:24:11.030",
                        "ProcessGuid":  "{f1988ae2-5d97-68b8-7400-000000001e00}",
                        "Company":  "Microsoft Corporation",
                        "ImageLoaded":  "C:\\Windows\\System32\\oleaut32.dll",
                        "FileVersion":  "10.0.19041.985 (WinBuild.160101.0800)",
                        "User":  "DESKTOP-KVSEOF0\\Stage.Ali",
                        "RuleName":  "-",
                        "Product":  "Microsoft® Windows® Operating System",
                        "ProcessId":  "4524",
                        "OriginalFileName":  "OLEAUT32.DLL",
                        "Signed":  "true"
                    }
    },
    {
        "EventId":  7,
        "TimeCreated":  "\/Date(1756913051071)\/",
        "ProcessGuid":  "{f1988ae2-5d97-68b8-7400-000000001e00}",
        "ProcessId":  "4524",
        "ParentProcessGuid":  null,
        "Image":  "C:\\Users\\Stage.Ali\\AppData\\Local\\Temp\\svchost.exe",
        "CommandLine":  null,
        "User":  "DESKTOP-KVSEOF0\\Stage.Ali",
        "TargetFilename":  null,
        "DestinationIp":  null,
        "DestinationPort":  null,
        "SourceIp":  null,
        "SourcePort":  null,
        "Protocol":  null,
        "QueryName":  null,
        "Details":  {
                        "Description":  "WMI",
                        "SignatureStatus":  "Valid",
                        "Signature":  "Microsoft Windows",
                        "Hashes":  "MD5=6F53470E6B7650ADE20C51AFBE044390,SHA256=D707BC4490D373BB2E02BF65C294E4EE9123293080EE81771A6A32EB0A720FC4",
                        "Image":  "C:\\Users\\Stage.Ali\\AppData\\Local\\Temp\\svchost.exe",
                        "UtcTime":  "2025-09-03 15:24:11.029",
                        "ProcessGuid":  "{f1988ae2-5d97-68b8-7400-000000001e00}",
                        "Company":  "Microsoft Corporation",
                        "ImageLoaded":  "C:\\Windows\\System32\\wbem\\wmiutils.dll",
                        "FileVersion":  "10.0.19041.1320 (WinBuild.160101.0800)",
                        "User":  "DESKTOP-KVSEOF0\\Stage.Ali",
                        "RuleName":  "-",
                        "Product":  "Microsoft® Windows® Operating System",
                        "ProcessId":  "4524",
                        "OriginalFileName":  "wmiutils.dll",
                        "Signed":  "true"
                    }
    },
    {
        "EventId":  7,
        "TimeCreated":  "\/Date(1756913051071)\/",
        "ProcessGuid":  "{f1988ae2-5d97-68b8-7400-000000001e00}",
        "ProcessId":  "4524",
        "ParentProcessGuid":  null,
        "Image":  "C:\\Users\\Stage.Ali\\AppData\\Local\\Temp\\svchost.exe",
        "CommandLine":  null,
        "User":  "DESKTOP-KVSEOF0\\Stage.Ali",
        "TargetFilename":  null,
        "DestinationIp":  null,
        "DestinationPort":  null,
        "SourceIp":  null,
        "SourcePort":  null,
        "Protocol":  null,
        "QueryName":  null,
        "Details":  {
                        "Description":  "COM+ Configuration Catalog",
                        "SignatureStatus":  "Valid",
                        "Signature":  "Microsoft Windows",
                        "Hashes":  "MD5=D77132D9A41654BD9CD887208D6C2516,SHA256=EC3D61CB2C5D1511051882F3C0E2B8B6F74B011CFB972112179090F2C3F3F5FC",
                        "Image":  "C:\\Users\\Stage.Ali\\AppData\\Local\\Temp\\svchost.exe",
                        "UtcTime":  "2025-09-03 15:24:11.024",
                        "ProcessGuid":  "{f1988ae2-5d97-68b8-7400-000000001e00}",
                        "Company":  "Microsoft Corporation",
                        "ImageLoaded":  "C:\\Windows\\System32\\clbcatq.dll",
                        "FileVersion":  "2001.12.10941.16384 (WinBuild.160101.0800)",
                        "User":  "DESKTOP-KVSEOF0\\Stage.Ali",
                        "RuleName":  "-",
                        "Product":  "Microsoft® Windows® Operating System",
                        "ProcessId":  "4524",
                        "OriginalFileName":  "CLBCATQ.DLL",
                        "Signed":  "true"
                    }
    },
    {
        "EventId":  7,
        "TimeCreated":  "\/Date(1756913050947)\/",
        "ProcessGuid":  "{f1988ae2-5d97-68b8-7400-000000001e00}",
        "ProcessId":  "4524",
        "ParentProcessGuid":  null,
        "Image":  "C:\\Users\\Stage.Ali\\AppData\\Local\\Temp\\svchost.exe",
        "CommandLine":  null,
        "User":  "DESKTOP-KVSEOF0\\Stage.Ali",
        "TargetFilename":  null,
        "DestinationIp":  null,
        "DestinationPort":  null,
        "SourceIp":  null,
        "SourcePort":  null,
        "Protocol":  null,
        "QueryName":  null,
        "Details":  {
                        "Description":  ".NET Framework",
                        "SignatureStatus":  "Unavailable",
                        "Signature":  "-",
                        "Hashes":  "MD5=01A97134D9927A4001649B1D9FF25397,SHA256=62B9597B5CF263A7E76913613E1B565C0F7436CCC4EF515BF40F400A5023DE8A",
                        "Image":  "C:\\Users\\Stage.Ali\\AppData\\Local\\Temp\\svchost.exe",
                        "UtcTime":  "2025-09-03 15:24:10.937",
                        "ProcessGuid":  "{f1988ae2-5d97-68b8-7400-000000001e00}",
                        "Company":  "Microsoft Corporation",
                        "ImageLoaded":  "C:\\Windows\\assembly\\NativeImages_v4.0.30319_64\\System.Management\\8af759007c012da690062882e06694f1\\System.Management.ni.dll",
                        "FileVersion":  "4.8.4435.0 built by: NET48REL1LAST_C",
                        "User":  "DESKTOP-KVSEOF0\\Stage.Ali",
                        "RuleName":  "-",
                        "Product":  "Microsoft® .NET Framework",
                        "ProcessId":  "4524",
                        "OriginalFileName":  "System.Management.dll",
                        "Signed":  "false"
                    }
    },
    {
        "EventId":  7,
        "TimeCreated":  "\/Date(1756913050647)\/",
        "ProcessGuid":  "{f1988ae2-5d99-68b8-7a00-000000001e00}",
        "ProcessId":  "5004",
        "ParentProcessGuid":  null,
        "Image":  "C:\\Windows\\System32\\wscript.exe",
        "CommandLine":  null,
        "User":  "DESKTOP-KVSEOF0\\Stage.Ali",
        "TargetFilename":  null,
        "DestinationIp":  null,
        "DestinationPort":  null,
        "SourceIp":  null,
        "SourcePort":  null,
        "Protocol":  null,
        "QueryName":  null,
        "Details":  {
                        "Description":  "Shell Light-weight Utility Library",
                        "SignatureStatus":  "Valid",
                        "Signature":  "Microsoft Windows",
                        "Hashes":  "MD5=13EF6F7E64605548F3E832697423AFD6,SHA256=64B860AA8F41B4C0B8FB41B5CB3A4B7CD89A23A6AA5720DA5BD93711AE6E72AE",
                        "Image":  "C:\\Windows\\System32\\wscript.exe",
                        "UtcTime":  "2025-09-03 15:24:10.645",
                        "ProcessGuid":  "{f1988ae2-5d99-68b8-7a00-000000001e00}",
                        "Company":  "Microsoft Corporation",
                        "ImageLoaded":  "C:\\Windows\\System32\\shlwapi.dll",
                        "FileVersion":  "10.0.19041.1706 (WinBuild.160101.0800)",
                        "User":  "DESKTOP-KVSEOF0\\Stage.Ali",
                        "RuleName":  "-",
                        "Product":  "Microsoft® Windows® Operating System",
                        "ProcessId":  "5004",
                        "OriginalFileName":  "SHLWAPI.DLL",
                        "Signed":  "true"
                    }
    },
    {
        "EventId":  7,
        "TimeCreated":  "\/Date(1756913050647)\/",
        "ProcessGuid":  "{f1988ae2-5d99-68b8-7a00-000000001e00}",
        "ProcessId":  "5004",
        "ParentProcessGuid":  null,
        "Image":  "C:\\Windows\\System32\\wscript.exe",
        "CommandLine":  null,
        "User":  "DESKTOP-KVSEOF0\\Stage.Ali",
        "TargetFilename":  null,
        "DestinationIp":  null,
        "DestinationPort":  null,
        "SourceIp":  null,
        "SourcePort":  null,
        "Protocol":  null,
        "QueryName":  null,
        "Details":  {
                        "Description":  "Windows Shell Common Dll",
                        "SignatureStatus":  "Valid",
                        "Signature":  "Microsoft Windows",
                        "Hashes":  "MD5=9A0F5EB5183746DBE1E7CE10AF7E42D1,SHA256=A7F76A54633D9008E9D3CBEEE0E1FD64CC1D6006521F408115A9142DE9B8F75B",
                        "Image":  "C:\\Windows\\System32\\wscript.exe",
                        "UtcTime":  "2025-09-03 15:24:10.645",
                        "ProcessGuid":  "{f1988ae2-5d99-68b8-7a00-000000001e00}",
                        "Company":  "Microsoft Corporation",
                        "ImageLoaded":  "C:\\Windows\\System32\\shell32.dll",
                        "FileVersion":  "10.0.19041.1949 (WinBuild.160101.0800)",
                        "User":  "DESKTOP-KVSEOF0\\Stage.Ali",
                        "RuleName":  "-",
                        "Product":  "Microsoft® Windows® Operating System",
                        "ProcessId":  "5004",
                        "OriginalFileName":  "SHELL32.DLL",
                        "Signed":  "true"
                    }
    },
    {
        "EventId":  7,
        "TimeCreated":  "\/Date(1756913050647)\/",
        "ProcessGuid":  "{f1988ae2-5d99-68b8-7a00-000000001e00}",
        "ProcessId":  "5004",
        "ParentProcessGuid":  null,
        "Image":  "C:\\Windows\\System32\\wscript.exe",
        "CommandLine":  null,
        "User":  "DESKTOP-KVSEOF0\\Stage.Ali",
        "TargetFilename":  null,
        "DestinationIp":  null,
        "DestinationPort":  null,
        "SourceIp":  null,
        "SourcePort":  null,
        "Protocol":  null,
        "QueryName":  null,
        "Details":  {
                        "Description":  "Microsoft ® Shell Extension for Windows Script Host",
                        "SignatureStatus":  "Valid",
                        "Signature":  "Microsoft Windows",
                        "Hashes":  "MD5=EE63C9957D221991216724CE2B09F33B,SHA256=97C564C604B61DBB13063623A504085E2208EDC8F98AE3B4B02C9623F6002A67",
                        "Image":  "C:\\Windows\\System32\\wscript.exe",
                        "UtcTime":  "2025-09-03 15:24:10.644",
                        "ProcessGuid":  "{f1988ae2-5d99-68b8-7a00-000000001e00}",
                        "Company":  "Microsoft Corporation",
                        "ImageLoaded":  "C:\\Windows\\System32\\wshext.dll",
                        "FileVersion":  "5.812.10240.16384",
                        "User":  "DESKTOP-KVSEOF0\\Stage.Ali",
                        "RuleName":  "-",
                        "Product":  "Microsoft ® Windows Script Host",
                        "ProcessId":  "5004",
                        "OriginalFileName":  "wshext.dll",
                        "Signed":  "true"
                    }
    },
    {
        "EventId":  7,
        "TimeCreated":  "\/Date(1756913050646)\/",
        "ProcessGuid":  "{f1988ae2-5d99-68b8-7a00-000000001e00}",
        "ProcessId":  "5004",
        "ParentProcessGuid":  null,
        "Image":  "C:\\Windows\\System32\\wscript.exe",
        "CommandLine":  null,
        "User":  "DESKTOP-KVSEOF0\\Stage.Ali",
        "TargetFilename":  null,
        "DestinationIp":  null,
        "DestinationPort":  null,
        "SourceIp":  null,
        "SourcePort":  null,
        "Protocol":  null,
        "QueryName":  null,
        "Details":  {
                        "Description":  "MSI Signature SIP Provider",
                        "SignatureStatus":  "Valid",
                        "Signature":  "Microsoft Windows",
                        "Hashes":  "MD5=0447FFC6918AA3B9F02708EC481E0B7A,SHA256=3F8754E0F604B97DEE287CB28CC3C1476D58C898ED069ED1A4FA5D0FC0D336AD",
                        "Image":  "C:\\Windows\\System32\\wscript.exe",
                        "UtcTime":  "2025-09-03 15:24:10.640",
                        "ProcessGuid":  "{f1988ae2-5d99-68b8-7a00-000000001e00}",
                        "Company":  "Microsoft Corporation",
                        "ImageLoaded":  "C:\\Windows\\System32\\msisip.dll",
                        "FileVersion":  "5.0.19041.1566 (WinBuild.160101.0800)",
                        "User":  "DESKTOP-KVSEOF0\\Stage.Ali",
                        "RuleName":  "-",
                        "Product":  "Windows Installer - Unicode",
                        "ProcessId":  "5004",
                        "OriginalFileName":  "MSISIP.DLL",
                        "Signed":  "true"
                    }
    },
    {
        "EventId":  7,
        "TimeCreated":  "\/Date(1756913050644)\/",
        "ProcessGuid":  "{f1988ae2-5d99-68b8-7a00-000000001e00}",
        "ProcessId":  "5004",
        "ParentProcessGuid":  null,
        "Image":  "C:\\Windows\\System32\\wscript.exe",
        "CommandLine":  null,
        "User":  "DESKTOP-KVSEOF0\\Stage.Ali",
        "TargetFilename":  null,
        "DestinationIp":  null,
        "DestinationPort":  null,
        "SourceIp":  null,
        "SourcePort":  null,
        "Protocol":  null,
        "QueryName":  null,
        "Details":  {
                        "Description":  "Base cryptographic API DLL",
                        "SignatureStatus":  "Valid",
                        "Signature":  "Microsoft Windows",
                        "Hashes":  "MD5=095B8F1C0F8EE3CAA09FCCA6CB92F6C0,SHA256=B50D007EE8764F7CADA9D9A395DA396201C8B18E6501B50AB809914A7588BAF1",
                        "Image":  "C:\\Windows\\System32\\wscript.exe",
                        "UtcTime":  "2025-09-03 15:24:10.640",
                        "ProcessGuid":  "{f1988ae2-5d99-68b8-7a00-000000001e00}",
                        "Company":  "Microsoft Corporation",
                        "ImageLoaded":  "C:\\Windows\\System32\\cryptbase.dll",
                        "FileVersion":  "10.0.19041.546 (WinBuild.160101.0800)",
                        "User":  "DESKTOP-KVSEOF0\\Stage.Ali",
                        "RuleName":  "-",
                        "Product":  "Microsoft® Windows® Operating System",
                        "ProcessId":  "5004",
                        "OriginalFileName":  "cryptbase.dll",
                        "Signed":  "true"
                    }
    },
    {
        "EventId":  7,
        "TimeCreated":  "\/Date(1756913050644)\/",
        "ProcessGuid":  "{f1988ae2-5d99-68b8-7a00-000000001e00}",
        "ProcessId":  "5004",
        "ParentProcessGuid":  null,
        "Image":  "C:\\Windows\\System32\\wscript.exe",
        "CommandLine":  null,
        "User":  "DESKTOP-KVSEOF0\\Stage.Ali",
        "TargetFilename":  null,
        "DestinationIp":  null,
        "DestinationPort":  null,
        "SourceIp":  null,
        "SourcePort":  null,
        "Protocol":  null,
        "QueryName":  null,
        "Details":  {
                        "Description":  "Windows Cryptographic Primitives Library",
                        "SignatureStatus":  "Valid",
                        "Signature":  "Microsoft Windows",
                        "Hashes":  "MD5=A4BE5153C4441FFEDA74AA99D4B2E830,SHA256=0F14BB6286686143D6192376C2F965D7E71A0C3FAE73773DA56A7FCD5E355F4D",
                        "Image":  "C:\\Windows\\System32\\wscript.exe",
                        "UtcTime":  "2025-09-03 15:24:10.640",
                        "ProcessGuid":  "{f1988ae2-5d99-68b8-7a00-000000001e00}",
                        "Company":  "Microsoft Corporation",
                        "ImageLoaded":  "C:\\Windows\\System32\\bcrypt.dll",
                        "FileVersion":  "10.0.19041.1023 (WinBuild.160101.0800)",
                        "User":  "DESKTOP-KVSEOF0\\Stage.Ali",
                        "RuleName":  "-",
                        "Product":  "Microsoft® Windows® Operating System",
                        "ProcessId":  "5004",
                        "OriginalFileName":  "bcrypt.dll",
                        "Signed":  "true"
                    }
    },
    {
        "EventId":  7,
        "TimeCreated":  "\/Date(1756913050644)\/",
        "ProcessGuid":  "{f1988ae2-5d99-68b8-7a00-000000001e00}",
        "ProcessId":  "5004",
        "ParentProcessGuid":  null,
        "Image":  "C:\\Windows\\System32\\wscript.exe",
        "CommandLine":  null,
        "User":  "DESKTOP-KVSEOF0\\Stage.Ali",
        "TargetFilename":  null,
        "DestinationIp":  null,
        "DestinationPort":  null,
        "SourceIp":  null,
        "SourcePort":  null,
        "Protocol":  null,
        "QueryName":  null,
        "Details":  {
                        "Description":  "Microsoft Enhanced Cryptographic Provider",
                        "SignatureStatus":  "Valid",
                        "Signature":  "Microsoft Windows",
                        "Hashes":  "MD5=745A6645F03EFE4B893575565301E677,SHA256=C9FD8377D6C328B2F01C687DAC95E9005C8BB0A4AA230B12DAA7C3CD3367F19A",
                        "Image":  "C:\\Windows\\System32\\wscript.exe",
                        "UtcTime":  "2025-09-03 15:24:10.640",
                        "ProcessGuid":  "{f1988ae2-5d99-68b8-7a00-000000001e00}",
                        "Company":  "Microsoft Corporation",
                        "ImageLoaded":  "C:\\Windows\\System32\\rsaenh.dll",
                        "FileVersion":  "10.0.19041.1052 (WinBuild.160101.0800)",
                        "User":  "DESKTOP-KVSEOF0\\Stage.Ali",
                        "RuleName":  "-",
                        "Product":  "Microsoft® Windows® Operating System",
                        "ProcessId":  "5004",
                        "OriginalFileName":  "rsaenh.dll",
                        "Signed":  "true"
                    }
    },
    {
        "EventId":  7,
        "TimeCreated":  "\/Date(1756913050644)\/",
        "ProcessGuid":  "{f1988ae2-5d99-68b8-7a00-000000001e00}",
        "ProcessId":  "5004",
        "ParentProcessGuid":  null,
        "Image":  "C:\\Windows\\System32\\wscript.exe",
        "CommandLine":  null,
        "User":  "DESKTOP-KVSEOF0\\Stage.Ali",
        "TargetFilename":  null,
        "DestinationIp":  null,
        "DestinationPort":  null,
        "SourceIp":  null,
        "SourcePort":  null,
        "Protocol":  null,
        "QueryName":  null,
        "Details":  {
                        "Description":  "Cryptographic Service Provider API",
                        "SignatureStatus":  "Valid",
                        "Signature":  "Microsoft Windows",
                        "Hashes":  "MD5=A26D9BD5FE9F31F2D47F81EF95876749,SHA256=82027B8C6CE412F9C9731AF5E904291DAE944C3845EBFEF2AF86C8543C8AD5A7",
                        "Image":  "C:\\Windows\\System32\\wscript.exe",
                        "UtcTime":  "2025-09-03 15:24:10.640",
                        "ProcessGuid":  "{f1988ae2-5d99-68b8-7a00-000000001e00}",
                        "Company":  "Microsoft Corporation",
                        "ImageLoaded":  "C:\\Windows\\System32\\cryptsp.dll",
                        "FileVersion":  "10.0.19041.546 (WinBuild.160101.0800)",
                        "User":  "DESKTOP-KVSEOF0\\Stage.Ali",
                        "RuleName":  "-",
                        "Product":  "Microsoft® Windows® Operating System",
                        "ProcessId":  "5004",
                        "OriginalFileName":  "cryptsp.dll",
                        "Signed":  "true"
                    }
    },
    {
        "EventId":  7,
        "TimeCreated":  "\/Date(1756913050644)\/",
        "ProcessGuid":  "{f1988ae2-5d99-68b8-7a00-000000001e00}",
        "ProcessId":  "5004",
        "ParentProcessGuid":  null,
        "Image":  "C:\\Windows\\System32\\wscript.exe",
        "CommandLine":  null,
        "User":  "DESKTOP-KVSEOF0\\Stage.Ali",
        "TargetFilename":  null,
        "DestinationIp":  null,
        "DestinationPort":  null,
        "SourceIp":  null,
        "SourcePort":  null,
        "Protocol":  null,
        "QueryName":  null,
        "Details":  {
                        "Description":  "ASN.1 Runtime APIs",
                        "SignatureStatus":  "Valid",
                        "Signature":  "Microsoft Windows",
                        "Hashes":  "MD5=353B595137ED00ADFC8BBB180C3CE30C,SHA256=589F8393DEE90934AFD9E70739CAAC7CD8E85F6A9501635F0B9026E272B349FD",
                        "Image":  "C:\\Windows\\System32\\wscript.exe",
                        "UtcTime":  "2025-09-03 15:24:10.640",
                        "ProcessGuid":  "{f1988ae2-5d99-68b8-7a00-000000001e00}",
                        "Company":  "Microsoft Corporation",
                        "ImageLoaded":  "C:\\Windows\\System32\\msasn1.dll",
                        "FileVersion":  "10.0.19041.546 (WinBuild.160101.0800)",
                        "User":  "DESKTOP-KVSEOF0\\Stage.Ali",
                        "RuleName":  "-",
                        "Product":  "Microsoft® Windows® Operating System",
                        "ProcessId":  "5004",
                        "OriginalFileName":  "msasn1.dll",
                        "Signed":  "true"
                    }
    },
    {
        "EventId":  7,
        "TimeCreated":  "\/Date(1756913050644)\/",
        "ProcessGuid":  "{f1988ae2-5d99-68b8-7a00-000000001e00}",
        "ProcessId":  "5004",
        "ParentProcessGuid":  null,
        "Image":  "C:\\Windows\\System32\\wscript.exe",
        "CommandLine":  null,
        "User":  "DESKTOP-KVSEOF0\\Stage.Ali",
        "TargetFilename":  null,
        "DestinationIp":  null,
        "DestinationPort":  null,
        "SourceIp":  null,
        "SourcePort":  null,
        "Protocol":  null,
        "QueryName":  null,
        "Details":  {
                        "Description":  "Crypto API32",
                        "SignatureStatus":  "Valid",
                        "Signature":  "Microsoft Windows",
                        "Hashes":  "MD5=207B60E9E5D5B34EA08FDFF19C05D987,SHA256=187ADE052D40B95760DCF855B3D0FE57FDD6029143B9F6197B189C090A63FEA4",
                        "Image":  "C:\\Windows\\System32\\wscript.exe",
                        "UtcTime":  "2025-09-03 15:24:10.638",
                        "ProcessGuid":  "{f1988ae2-5d99-68b8-7a00-000000001e00}",
                        "Company":  "Microsoft Corporation",
                        "ImageLoaded":  "C:\\Windows\\System32\\crypt32.dll",
                        "FileVersion":  "10.0.19041.1889 (WinBuild.160101.0800)",
                        "User":  "DESKTOP-KVSEOF0\\Stage.Ali",
                        "RuleName":  "-",
                        "Product":  "Microsoft® Windows® Operating System",
                        "ProcessId":  "5004",
                        "OriginalFileName":  "CRYPT32.DLL",
                        "Signed":  "true"
                    }
    },
    {
        "EventId":  7,
        "TimeCreated":  "\/Date(1756913050644)\/",
        "ProcessGuid":  "{f1988ae2-5d99-68b8-7a00-000000001e00}",
        "ProcessId":  "5004",
        "ParentProcessGuid":  null,
        "Image":  "C:\\Windows\\System32\\wscript.exe",
        "CommandLine":  null,
        "User":  "DESKTOP-KVSEOF0\\Stage.Ali",
        "TargetFilename":  null,
        "DestinationIp":  null,
        "DestinationPort":  null,
        "SourceIp":  null,
        "SourcePort":  null,
        "Protocol":  null,
        "QueryName":  null,
        "Details":  {
                        "Description":  "Microsoft Trust Verification APIs",
                        "SignatureStatus":  "Valid",
                        "Signature":  "Microsoft Windows",
                        "Hashes":  "MD5=763EE331E7EFE5C78779771842709225,SHA256=72CAB70D27703962BA2E90030BA070F6D733C05D5210F41BCDBD7938A1FDBF55",
                        "Image":  "C:\\Windows\\System32\\wscript.exe",
                        "UtcTime":  "2025-09-03 15:24:10.636",
                        "ProcessGuid":  "{f1988ae2-5d99-68b8-7a00-000000001e00}",
                        "Company":  "Microsoft Corporation",
                        "ImageLoaded":  "C:\\Windows\\System32\\wintrust.dll",
                        "FileVersion":  "10.0.19041.1949 (WinBuild.160101.0800)",
                        "User":  "DESKTOP-KVSEOF0\\Stage.Ali",
                        "RuleName":  "-",
                        "Product":  "Microsoft® Windows® Operating System",
                        "ProcessId":  "5004",
                        "OriginalFileName":  "WINTRUST.DLL",
                        "Signed":  "true"
                    }
    },
    {
        "EventId":  7,
        "TimeCreated":  "\/Date(1756913050643)\/",
        "ProcessGuid":  "{f1988ae2-5d99-68b8-7a00-000000001e00}",
        "ProcessId":  "5004",
        "ParentProcessGuid":  null,
        "Image":  "C:\\Windows\\System32\\wscript.exe",
        "CommandLine":  null,
        "User":  "DESKTOP-KVSEOF0\\Stage.Ali",
        "TargetFilename":  null,
        "DestinationIp":  null,
        "DestinationPort":  null,
        "SourceIp":  null,
        "SourcePort":  null,
        "Protocol":  null,
        "QueryName":  null,
        "Details":  {
                        "Description":  "Windows Lockdown Policy",
                        "SignatureStatus":  "Valid",
                        "Signature":  "Microsoft Windows",
                        "Hashes":  "MD5=67D19C141E9EBC6D408B3C186BE239F9,SHA256=9DBD1280F7E428B277F64974D7FF79A61231FD6B8A42F6705E4D9065E72A2837",
                        "Image":  "C:\\Windows\\System32\\wscript.exe",
                        "UtcTime":  "2025-09-03 15:24:10.634",
                        "ProcessGuid":  "{f1988ae2-5d99-68b8-7a00-000000001e00}",
                        "Company":  "Microsoft Corporation",
                        "ImageLoaded":  "C:\\Windows\\System32\\wldp.dll",
                        "FileVersion":  "10.0.19041.1949 (WinBuild.160101.0800)",
                        "User":  "DESKTOP-KVSEOF0\\Stage.Ali",
                        "RuleName":  "-",
                        "Product":  "Microsoft® Windows® Operating System",
                        "ProcessId":  "5004",
                        "OriginalFileName":  "wldp.dll",
                        "Signed":  "true"
                    }
    },
    {
        "EventId":  7,
        "TimeCreated":  "\/Date(1756913050643)\/",
        "ProcessGuid":  "{f1988ae2-5d99-68b8-7a00-000000001e00}",
        "ProcessId":  "5004",
        "ParentProcessGuid":  null,
        "Image":  "C:\\Windows\\System32\\wscript.exe",
        "CommandLine":  null,
        "User":  "DESKTOP-KVSEOF0\\Stage.Ali",
        "TargetFilename":  null,
        "DestinationIp":  null,
        "DestinationPort":  null,
        "SourceIp":  null,
        "SourcePort":  null,
        "Protocol":  null,
        "QueryName":  null,
        "Details":  {
                        "Description":  "IOfficeAntiVirus Module",
                        "SignatureStatus":  "Valid",
                        "Signature":  "Microsoft Windows",
                        "Hashes":  "MD5=719287BBBA500D778675C4107412BD98,SHA256=B8DAFBFFF517E500EE15F0255AED1E85D6C82C3FE756AAABDC15ED6DA5A776CD",
                        "Image":  "C:\\Windows\\System32\\wscript.exe",
                        "UtcTime":  "2025-09-03 15:24:10.632",
                        "ProcessGuid":  "{f1988ae2-5d99-68b8-7a00-000000001e00}",
                        "Company":  "Microsoft Corporation",
                        "ImageLoaded":  "C:\\Program Files\\Windows Defender\\MpOAV.dll",
                        "FileVersion":  "4.18.1909.6 (WinBuild.160101.0800)",
                        "User":  "DESKTOP-KVSEOF0\\Stage.Ali",
                        "RuleName":  "-",
                        "Product":  "Microsoft® Windows® Operating System",
                        "ProcessId":  "5004",
                        "OriginalFileName":  "MpOAV.dll",
                        "Signed":  "true"
                    }
    },
    {
        "EventId":  7,
        "TimeCreated":  "\/Date(1756913050643)\/",
        "ProcessGuid":  "{f1988ae2-5d99-68b8-7a00-000000001e00}",
        "ProcessId":  "5004",
        "ParentProcessGuid":  null,
        "Image":  "C:\\Windows\\System32\\wscript.exe",
        "CommandLine":  null,
        "User":  "DESKTOP-KVSEOF0\\Stage.Ali",
        "TargetFilename":  null,
        "DestinationIp":  null,
        "DestinationPort":  null,
        "SourceIp":  null,
        "SourcePort":  null,
        "Protocol":  null,
        "QueryName":  null,
        "Details":  {
                        "Description":  "User Profile Basic API",
                        "SignatureStatus":  "Valid",
                        "Signature":  "Microsoft Windows",
                        "Hashes":  "MD5=4A7468FF74F0114626B2F7D1DD5D9FC7,SHA256=313CB7C9A69D5D84308A1C4B78C8FF257854071CAC7918BC31D1B893FEB95EC2",
                        "Image":  "C:\\Windows\\System32\\wscript.exe",
                        "UtcTime":  "2025-09-03 15:24:10.629",
                        "ProcessGuid":  "{f1988ae2-5d99-68b8-7a00-000000001e00}",
                        "Company":  "Microsoft Corporation",
                        "ImageLoaded":  "C:\\Windows\\System32\\profapi.dll",
                        "FileVersion":  "10.0.19041.844 (WinBuild.160101.0800)",
                        "User":  "DESKTOP-KVSEOF0\\Stage.Ali",
                        "RuleName":  "-",
                        "Product":  "Microsoft® Windows® Operating System",
                        "ProcessId":  "5004",
                        "OriginalFileName":  "PROFAPI.DLL",
                        "Signed":  "true"
                    }
    },
    {
        "EventId":  7,
        "TimeCreated":  "\/Date(1756913050642)\/",
        "ProcessGuid":  "{f1988ae2-5d99-68b8-7a00-000000001e00}",
        "ProcessId":  "5004",
        "ParentProcessGuid":  null,
        "Image":  "C:\\Windows\\System32\\wscript.exe",
        "CommandLine":  null,
        "User":  "DESKTOP-KVSEOF0\\Stage.Ali",
        "TargetFilename":  null,
        "DestinationIp":  null,
        "DestinationPort":  null,
        "SourceIp":  null,
        "SourcePort":  null,
        "Protocol":  null,
        "QueryName":  null,
        "Details":  {
                        "Description":  "Userenv",
                        "SignatureStatus":  "Valid",
                        "Signature":  "Microsoft Windows",
                        "Hashes":  "MD5=6331627F363F17F1B1D28C4FE3FB433B,SHA256=DE6F6CD7D703DCA17C147B358FB0DED9B763C5642C56DCA0280204A8D3E2CDC3",
                        "Image":  "C:\\Windows\\System32\\wscript.exe",
                        "UtcTime":  "2025-09-03 15:24:10.628",
                        "ProcessGuid":  "{f1988ae2-5d99-68b8-7a00-000000001e00}",
                        "Company":  "Microsoft Corporation",
                        "ImageLoaded":  "C:\\Windows\\System32\\userenv.dll",
                        "FileVersion":  "10.0.19041.572 (WinBuild.160101.0800)",
                        "User":  "DESKTOP-KVSEOF0\\Stage.Ali",
                        "RuleName":  "-",
                        "Product":  "Microsoft® Windows® Operating System",
                        "ProcessId":  "5004",
                        "OriginalFileName":  "userenv.dll",
                        "Signed":  "true"
                    }
    },
    {
        "EventId":  7,
        "TimeCreated":  "\/Date(1756913050642)\/",
        "ProcessGuid":  "{f1988ae2-5d99-68b8-7a00-000000001e00}",
        "ProcessId":  "5004",
        "ParentProcessGuid":  null,
        "Image":  "C:\\Windows\\System32\\wscript.exe",
        "CommandLine":  null,
        "User":  "DESKTOP-KVSEOF0\\Stage.Ali",
        "TargetFilename":  null,
        "DestinationIp":  null,
        "DestinationPort":  null,
        "SourceIp":  null,
        "SourcePort":  null,
        "Protocol":  null,
        "QueryName":  null,
        "Details":  {
                        "Description":  "Anti-Malware Scan Interface",
                        "SignatureStatus":  "Valid",
                        "Signature":  "Microsoft Windows",
                        "Hashes":  "MD5=335571FC8936677DC1942BFD2E14A8CF,SHA256=9267A786DB2F180128F7A0E6D668F03E6348F85F5FE91465BC2F5A341C13D81C",
                        "Image":  "C:\\Windows\\System32\\wscript.exe",
                        "UtcTime":  "2025-09-03 15:24:10.626",
                        "ProcessGuid":  "{f1988ae2-5d99-68b8-7a00-000000001e00}",
                        "Company":  "Microsoft Corporation",
                        "ImageLoaded":  "C:\\Windows\\System32\\amsi.dll",
                        "FileVersion":  "10.0.19041.1620 (WinBuild.160101.0800)",
                        "User":  "DESKTOP-KVSEOF0\\Stage.Ali",
                        "RuleName":  "-",
                        "Product":  "Microsoft® Windows® Operating System",
                        "ProcessId":  "5004",
                        "OriginalFileName":  "amsi.dll",
                        "Signed":  "true"
                    }
    },
    {
        "EventId":  7,
        "TimeCreated":  "\/Date(1756913050598)\/",
        "ProcessGuid":  "{f1988ae2-5d99-68b8-7a00-000000001e00}",
        "ProcessId":  "5004",
        "ParentProcessGuid":  null,
        "Image":  "C:\\Windows\\System32\\wscript.exe",
        "CommandLine":  null,
        "User":  "DESKTOP-KVSEOF0\\Stage.Ali",
        "TargetFilename":  null,
        "DestinationIp":  null,
        "DestinationPort":  null,
        "SourceIp":  null,
        "SourcePort":  null,
        "Protocol":  null,
        "QueryName":  null,
        "Details":  {
                        "Description":  "COM+ Configuration Catalog",
                        "SignatureStatus":  "Valid",
                        "Signature":  "Microsoft Windows",
                        "Hashes":  "MD5=D77132D9A41654BD9CD887208D6C2516,SHA256=EC3D61CB2C5D1511051882F3C0E2B8B6F74B011CFB972112179090F2C3F3F5FC",
                        "Image":  "C:\\Windows\\System32\\wscript.exe",
                        "UtcTime":  "2025-09-03 15:24:10.580",
                        "ProcessGuid":  "{f1988ae2-5d99-68b8-7a00-000000001e00}",
                        "Company":  "Microsoft Corporation",
                        "ImageLoaded":  "C:\\Windows\\System32\\clbcatq.dll",
                        "FileVersion":  "2001.12.10941.16384 (WinBuild.160101.0800)",
                        "User":  "DESKTOP-KVSEOF0\\Stage.Ali",
                        "RuleName":  "-",
                        "Product":  "Microsoft® Windows® Operating System",
                        "ProcessId":  "5004",
                        "OriginalFileName":  "CLBCATQ.DLL",
                        "Signed":  "true"
                    }
    },
    {
        "EventId":  7,
        "TimeCreated":  "\/Date(1756913050574)\/",
        "ProcessGuid":  "{f1988ae2-5d99-68b8-7a00-000000001e00}",
        "ProcessId":  "5004",
        "ParentProcessGuid":  null,
        "Image":  "C:\\Windows\\System32\\wscript.exe",
        "CommandLine":  null,
        "User":  "DESKTOP-KVSEOF0\\Stage.Ali",
        "TargetFilename":  null,
        "DestinationIp":  null,
        "DestinationPort":  null,
        "SourceIp":  null,
        "SourcePort":  null,
        "Protocol":  null,
        "QueryName":  null,
        "Details":  {
                        "Description":  "Fusion 2.5",
                        "SignatureStatus":  "Valid",
                        "Signature":  "Microsoft Windows",
                        "Hashes":  "MD5=2AFB69BAE20EA44D2615EDD6557FFB5F,SHA256=15E9BC986F8D6820A8F9F10F227F103EB98BFB8CDA08A247F2DD8CDEAD05DA39",
                        "Image":  "C:\\Windows\\System32\\wscript.exe",
                        "UtcTime":  "2025-09-03 15:24:10.552",
                        "ProcessGuid":  "{f1988ae2-5d99-68b8-7a00-000000001e00}",
                        "Company":  "Microsoft Corporation",
                        "ImageLoaded":  "C:\\Windows\\System32\\sxs.dll",
                        "FileVersion":  "10.0.19041.1826 (WinBuild.160101.0800)",
                        "User":  "DESKTOP-KVSEOF0\\Stage.Ali",
                        "RuleName":  "-",
                        "Product":  "Microsoft® Windows® Operating System",
                        "ProcessId":  "5004",
                        "OriginalFileName":  "SXS.DLL",
                        "Signed":  "true"
                    }
    },
    {
        "EventId":  7,
        "TimeCreated":  "\/Date(1756913050495)\/",
        "ProcessGuid":  "{f1988ae2-5d99-68b8-7a00-000000001e00}",
        "ProcessId":  "5004",
        "ParentProcessGuid":  null,
        "Image":  "C:\\Windows\\System32\\wscript.exe",
        "CommandLine":  null,
        "User":  "DESKTOP-KVSEOF0\\Stage.Ali",
        "TargetFilename":  null,
        "DestinationIp":  null,
        "DestinationPort":  null,
        "SourceIp":  null,
        "SourcePort":  null,
        "Protocol":  null,
        "QueryName":  null,
        "Details":  {
                        "Description":  "Windows Cryptographic Primitives Library",
                        "SignatureStatus":  "Valid",
                        "Signature":  "Microsoft Windows",
                        "Hashes":  "MD5=997827CE8AEFAC419ED1880C1F58E718,SHA256=2AE5378430807A84FD862E30A1305426A8D016080A1A248C6B4B5F5CDA198EE4",
                        "Image":  "C:\\Windows\\System32\\wscript.exe",
                        "UtcTime":  "2025-09-03 15:24:10.479",
                        "ProcessGuid":  "{f1988ae2-5d99-68b8-7a00-000000001e00}",
                        "Company":  "Microsoft Corporation",
                        "ImageLoaded":  "C:\\Windows\\System32\\bcryptprimitives.dll",
                        "FileVersion":  "10.0.19041.1415 (WinBuild.160101.0800)",
                        "User":  "DESKTOP-KVSEOF0\\Stage.Ali",
                        "RuleName":  "-",
                        "Product":  "Microsoft® Windows® Operating System",
                        "ProcessId":  "5004",
                        "OriginalFileName":  "bcryptprimitives.dll",
                        "Signed":  "true"
                    }
    },
