[
    {
        "EventId":  11,
        "TimeCreated":  "\/Date(1756913056445)\/",
        "ProcessGuid":  "{f1988ae2-5d9c-68b8-8a00-000000001e00}",
        "ProcessId":  "5680",
        "ParentProcessGuid":  null,
        "Image":  "C:\\Windows\\system32\\WerFault.exe",
        "CommandLine":  null,
        "User":  "DESKTOP-KVSEOF0\\Stage.Ali",
        "TargetFilename":  "C:\\ProgramData\\Microsoft\\Windows\\WER\\ReportQueue\\AppCrash_svchost.exe_cd38249470c2bd63f395b9947295477c453ddf20_3046b835_6b1bddca-5376-499b-8731-7b345c86a637\\Report.wer",
        "DestinationIp":  null,
        "DestinationPort":  null,
        "SourceIp":  null,
        "SourcePort":  null,
        "Protocol":  null,
        "QueryName":  null,
        "Details":  {
                        "Image":  "C:\\Windows\\system32\\WerFault.exe",
                        "ProcessGuid":  "{f1988ae2-5d9c-68b8-8a00-000000001e00}",
                        "TargetFilename":  "C:\\ProgramData\\Microsoft\\Windows\\WER\\ReportQueue\\AppCrash_svchost.exe_cd38249470c2bd63f395b9947295477c453ddf20_3046b835_6b1bddca-5376-499b-8731-7b345c86a637\\Report.wer",
                        "ProcessId":  "5680",
                        "UtcTime":  "2025-09-03 15:24:16.441",
                        "RuleName":  "-",
                        "CreationUtcTime":  "2025-09-03 15:24:16.440",
                        "User":  "DESKTOP-KVSEOF0\\Stage.Ali"
                    }
    },
    {
        "EventId":  11,
        "TimeCreated":  "\/Date(1756913056420)\/",
        "ProcessGuid":  "{f1988ae2-5d9c-68b8-8a00-000000001e00}",
        "ProcessId":  "5680",
        "ParentProcessGuid":  null,
        "Image":  "C:\\Windows\\system32\\WerFault.exe",
        "CommandLine":  null,
        "User":  "DESKTOP-KVSEOF0\\Stage.Ali",
        "TargetFilename":  "C:\\ProgramData\\Microsoft\\Windows\\WER\\ReportQueue\\AppCrash_svchost.exe_cd38249470c2bd63f395b9947295477c453ddf20_3046b835_6b1bddca-5376-499b-8731-7b345c86a637\\14158b7f-959d-400e-8173-bcdeb871444a",
        "DestinationIp":  null,
        "DestinationPort":  null,
        "SourceIp":  null,
        "SourcePort":  null,
        "Protocol":  null,
        "QueryName":  null,
        "Details":  {
                        "Image":  "C:\\Windows\\system32\\WerFault.exe",
                        "ProcessGuid":  "{f1988ae2-5d9c-68b8-8a00-000000001e00}",
                        "TargetFilename":  "C:\\ProgramData\\Microsoft\\Windows\\WER\\ReportQueue\\AppCrash_svchost.exe_cd38249470c2bd63f395b9947295477c453ddf20_3046b835_6b1bddca-5376-499b-8731-7b345c86a637\\14158b7f-959d-400e-8173-bcdeb871444a",
                        "ProcessId":  "5680",
                        "UtcTime":  "2025-09-03 15:24:16.382",
                        "RuleName":  "-",
                        "CreationUtcTime":  "2025-09-03 15:24:16.381",
                        "User":  "DESKTOP-KVSEOF0\\Stage.Ali"
                    }
    },
    {
        "EventId":  11,
        "TimeCreated":  "\/Date(1756913056420)\/",
        "ProcessGuid":  "{f1988ae2-5d9c-68b8-8a00-000000001e00}",
        "ProcessId":  "5680",
        "ParentProcessGuid":  null,
        "Image":  "C:\\Windows\\system32\\WerFault.exe",
        "CommandLine":  null,
        "User":  "DESKTOP-KVSEOF0\\Stage.Ali",
        "TargetFilename":  "C:\\ProgramData\\Microsoft\\Windows\\WER\\ReportQueue\\AppCrash_svchost.exe_cd38249470c2bd63f395b9947295477c453ddf20_3046b835_6b1bddca-5376-499b-8731-7b345c86a637",
        "DestinationIp":  null,
        "DestinationPort":  null,
        "SourceIp":  null,
        "SourcePort":  null,
        "Protocol":  null,
        "QueryName":  null,
        "Details":  {
                        "Image":  "C:\\Windows\\system32\\WerFault.exe",
                        "ProcessGuid":  "{f1988ae2-5d9c-68b8-8a00-000000001e00}",
                        "TargetFilename":  "C:\\ProgramData\\Microsoft\\Windows\\WER\\ReportQueue\\AppCrash_svchost.exe_cd38249470c2bd63f395b9947295477c453ddf20_3046b835_6b1bddca-5376-499b-8731-7b345c86a637",
                        "ProcessId":  "5680",
                        "UtcTime":  "2025-09-03 15:24:16.379",
                        "RuleName":  "-",
                        "CreationUtcTime":  "2025-09-03 15:24:16.377",
                        "User":  "DESKTOP-KVSEOF0\\Stage.Ali"
                    }
    },
    {
        "EventId":  11,
        "TimeCreated":  "\/Date(1756913056225)\/",
        "ProcessGuid":  "{f1988ae2-5d9c-68b8-8a00-000000001e00}",
        "ProcessId":  "5680",
        "ParentProcessGuid":  null,
        "Image":  "C:\\Windows\\system32\\WerFault.exe",
        "CommandLine":  null,
        "User":  "DESKTOP-KVSEOF0\\Stage.Ali",
        "TargetFilename":  "C:\\ProgramData\\Microsoft\\Windows\\WER\\Temp\\a51e36b8-0ba9-477c-b7f1-53deb5330b15",
        "DestinationIp":  null,
        "DestinationPort":  null,
        "SourceIp":  null,
        "SourcePort":  null,
        "Protocol":  null,
        "QueryName":  null,
        "Details":  {
                        "Image":  "C:\\Windows\\system32\\WerFault.exe",
                        "ProcessGuid":  "{f1988ae2-5d9c-68b8-8a00-000000001e00}",
                        "TargetFilename":  "C:\\ProgramData\\Microsoft\\Windows\\WER\\Temp\\a51e36b8-0ba9-477c-b7f1-53deb5330b15",
                        "ProcessId":  "5680",
                        "UtcTime":  "2025-09-03 15:24:16.224",
                        "RuleName":  "-",
                        "CreationUtcTime":  "2025-09-03 15:24:16.224",
                        "User":  "DESKTOP-KVSEOF0\\Stage.Ali"
                    }
    },
    {
        "EventId":  11,
        "TimeCreated":  "\/Date(1756913054538)\/",
        "ProcessGuid":  "{f1988ae2-5d9c-68b8-8a00-000000001e00}",
        "ProcessId":  "5680",
        "ParentProcessGuid":  null,
        "Image":  "C:\\Windows\\system32\\WerFault.exe",
        "CommandLine":  null,
        "User":  "DESKTOP-KVSEOF0\\Stage.Ali",
        "TargetFilename":  "C:\\ProgramData\\Microsoft\\Windows\\WER\\Temp\\WER344B.tmp.xml",
        "DestinationIp":  null,
        "DestinationPort":  null,
        "SourceIp":  null,
        "SourcePort":  null,
        "Protocol":  null,
        "QueryName":  null,
        "Details":  {
                        "Image":  "C:\\Windows\\system32\\WerFault.exe",
                        "ProcessGuid":  "{f1988ae2-5d9c-68b8-8a00-000000001e00}",
                        "TargetFilename":  "C:\\ProgramData\\Microsoft\\Windows\\WER\\Temp\\WER344B.tmp.xml",
                        "ProcessId":  "5680",
                        "UtcTime":  "2025-09-03 15:24:14.428",
                        "RuleName":  "-",
                        "CreationUtcTime":  "2025-09-03 15:24:14.428",
                        "User":  "DESKTOP-KVSEOF0\\Stage.Ali"
                    }
    },
    {
        "EventId":  11,
        "TimeCreated":  "\/Date(1756913054538)\/",
        "ProcessGuid":  "{f1988ae2-5d9c-68b8-8a00-000000001e00}",
        "ProcessId":  "5680",
        "ParentProcessGuid":  null,
        "Image":  "C:\\Windows\\system32\\WerFault.exe",
        "CommandLine":  null,
        "User":  "DESKTOP-KVSEOF0\\Stage.Ali",
        "TargetFilename":  "C:\\ProgramData\\Microsoft\\Windows\\WER\\Temp\\WER344B.tmp",
        "DestinationIp":  null,
        "DestinationPort":  null,
        "SourceIp":  null,
        "SourcePort":  null,
        "Protocol":  null,
        "QueryName":  null,
        "Details":  {
                        "Image":  "C:\\Windows\\system32\\WerFault.exe",
                        "ProcessGuid":  "{f1988ae2-5d9c-68b8-8a00-000000001e00}",
                        "TargetFilename":  "C:\\ProgramData\\Microsoft\\Windows\\WER\\Temp\\WER344B.tmp",
                        "ProcessId":  "5680",
                        "UtcTime":  "2025-09-03 15:24:14.427",
                        "RuleName":  "-",
                        "CreationUtcTime":  "2025-09-03 15:24:14.427",
                        "User":  "DESKTOP-KVSEOF0\\Stage.Ali"
                    }
    },
    {
        "EventId":  11,
        "TimeCreated":  "\/Date(1756913054392)\/",
        "ProcessGuid":  "{f1988ae2-5d9c-68b8-8a00-000000001e00}",
        "ProcessId":  "5680",
        "ParentProcessGuid":  null,
        "Image":  "C:\\Windows\\system32\\WerFault.exe",
        "CommandLine":  null,
        "User":  "DESKTOP-KVSEOF0\\Stage.Ali",
        "TargetFilename":  "C:\\ProgramData\\Microsoft\\Windows\\WER\\Temp\\WER33ED.tmp.WERInternalMetadata.xml",
        "DestinationIp":  null,
        "DestinationPort":  null,
        "SourceIp":  null,
        "SourcePort":  null,
        "Protocol":  null,
        "QueryName":  null,
        "Details":  {
                        "Image":  "C:\\Windows\\system32\\WerFault.exe",
                        "ProcessGuid":  "{f1988ae2-5d9c-68b8-8a00-000000001e00}",
                        "TargetFilename":  "C:\\ProgramData\\Microsoft\\Windows\\WER\\Temp\\WER33ED.tmp.WERInternalMetadata.xml",
                        "ProcessId":  "5680",
                        "UtcTime":  "2025-09-03 15:24:14.328",
                        "RuleName":  "-",
                        "CreationUtcTime":  "2025-09-03 15:24:14.328",
                        "User":  "DESKTOP-KVSEOF0\\Stage.Ali"
                    }
    },
    {
        "EventId":  11,
        "TimeCreated":  "\/Date(1756913054392)\/",
        "ProcessGuid":  "{f1988ae2-5d9c-68b8-8a00-000000001e00}",
        "ProcessId":  "5680",
        "ParentProcessGuid":  null,
        "Image":  "C:\\Windows\\system32\\WerFault.exe",
        "CommandLine":  null,
        "User":  "DESKTOP-KVSEOF0\\Stage.Ali",
        "TargetFilename":  "C:\\ProgramData\\Microsoft\\Windows\\WER\\Temp\\WER33ED.tmp",
        "DestinationIp":  null,
        "DestinationPort":  null,
        "SourceIp":  null,
        "SourcePort":  null,
        "Protocol":  null,
        "QueryName":  null,
        "Details":  {
                        "Image":  "C:\\Windows\\system32\\WerFault.exe",
                        "ProcessGuid":  "{f1988ae2-5d9c-68b8-8a00-000000001e00}",
                        "TargetFilename":  "C:\\ProgramData\\Microsoft\\Windows\\WER\\Temp\\WER33ED.tmp",
                        "ProcessId":  "5680",
                        "UtcTime":  "2025-09-03 15:24:14.328",
                        "RuleName":  "-",
                        "CreationUtcTime":  "2025-09-03 15:24:14.328",
                        "User":  "DESKTOP-KVSEOF0\\Stage.Ali"
                    }
    },
    {
        "EventId":  11,
        "TimeCreated":  "\/Date(1756913054063)\/",
        "ProcessGuid":  "{f1988ae2-5d9c-68b8-8a00-000000001e00}",
        "ProcessId":  "5680",
        "ParentProcessGuid":  null,
        "Image":  "C:\\Windows\\system32\\WerFault.exe",
        "CommandLine":  null,
        "User":  "DESKTOP-KVSEOF0\\Stage.Ali",
        "TargetFilename":  "C:\\ProgramData\\Microsoft\\Windows\\WER\\Temp\\WER32D2.tmp.dmp",
        "DestinationIp":  null,
        "DestinationPort":  null,
        "SourceIp":  null,
        "SourcePort":  null,
        "Protocol":  null,
        "QueryName":  null,
        "Details":  {
                        "Image":  "C:\\Windows\\system32\\WerFault.exe",
                        "ProcessGuid":  "{f1988ae2-5d9c-68b8-8a00-000000001e00}",
                        "TargetFilename":  "C:\\ProgramData\\Microsoft\\Windows\\WER\\Temp\\WER32D2.tmp.dmp",
                        "ProcessId":  "5680",
                        "UtcTime":  "2025-09-03 15:24:14.053",
                        "RuleName":  "-",
                        "CreationUtcTime":  "2025-09-03 15:24:14.053",
                        "User":  "DESKTOP-KVSEOF0\\Stage.Ali"
                    }
    },
    {
        "EventId":  11,
        "TimeCreated":  "\/Date(1756913054054)\/",
        "ProcessGuid":  "{f1988ae2-5d9c-68b8-8a00-000000001e00}",
        "ProcessId":  "5680",
        "ParentProcessGuid":  null,
        "Image":  "C:\\Windows\\system32\\WerFault.exe",
        "CommandLine":  null,
        "User":  "DESKTOP-KVSEOF0\\Stage.Ali",
        "TargetFilename":  "C:\\ProgramData\\Microsoft\\Windows\\WER\\Temp\\WER32D2.tmp",
        "DestinationIp":  null,
        "DestinationPort":  null,
        "SourceIp":  null,
        "SourcePort":  null,
        "Protocol":  null,
        "QueryName":  null,
        "Details":  {
                        "Image":  "C:\\Windows\\system32\\WerFault.exe",
                        "ProcessGuid":  "{f1988ae2-5d9c-68b8-8a00-000000001e00}",
                        "TargetFilename":  "C:\\ProgramData\\Microsoft\\Windows\\WER\\Temp\\WER32D2.tmp",
                        "ProcessId":  "5680",
                        "UtcTime":  "2025-09-03 15:24:14.051",
                        "RuleName":  "-",
                        "CreationUtcTime":  "2025-09-03 15:24:14.051",
                        "User":  "DESKTOP-KVSEOF0\\Stage.Ali"
                    }
    },
    {
        "EventId":  11,
        "TimeCreated":  "\/Date(1756913054052)\/",
        "ProcessGuid":  "{f1988ae2-5d9c-68b8-8a00-000000001e00}",
        "ProcessId":  "5680",
        "ParentProcessGuid":  null,
        "Image":  "C:\\Windows\\system32\\WerFault.exe",
        "CommandLine":  null,
        "User":  "DESKTOP-KVSEOF0\\Stage.Ali",
        "TargetFilename":  "C:\\ProgramData\\Microsoft\\Windows\\WER\\ReportQueue\\eee60716-4b90-4330-bf93-19da25b8acef",
        "DestinationIp":  null,
        "DestinationPort":  null,
        "SourceIp":  null,
        "SourcePort":  null,
        "Protocol":  null,
        "QueryName":  null,
        "Details":  {
                        "Image":  "C:\\Windows\\system32\\WerFault.exe",
                        "ProcessGuid":  "{f1988ae2-5d9c-68b8-8a00-000000001e00}",
                        "TargetFilename":  "C:\\ProgramData\\Microsoft\\Windows\\WER\\ReportQueue\\eee60716-4b90-4330-bf93-19da25b8acef",
                        "ProcessId":  "5680",
                        "UtcTime":  "2025-09-03 15:24:14.026",
                        "RuleName":  "-",
                        "CreationUtcTime":  "2025-09-03 15:24:14.026",
                        "User":  "DESKTOP-KVSEOF0\\Stage.Ali"
                    }
    },
    {
        "EventId":  11,
        "TimeCreated":  "\/Date(1756913054026)\/",
        "ProcessGuid":  "{f1988ae2-5d9c-68b8-8a00-000000001e00}",
        "ProcessId":  "5680",
        "ParentProcessGuid":  null,
        "Image":  "C:\\Windows\\system32\\WerFault.exe",
        "CommandLine":  null,
        "User":  "DESKTOP-KVSEOF0\\Stage.Ali",
        "TargetFilename":  "C:\\ProgramData\\Microsoft\\Windows\\WER\\ReportArchive\\0fae51f7-06cf-4645-98dc-f27348ec994a",
        "DestinationIp":  null,
        "DestinationPort":  null,
        "SourceIp":  null,
        "SourcePort":  null,
        "Protocol":  null,
        "QueryName":  null,
        "Details":  {
                        "Image":  "C:\\Windows\\system32\\WerFault.exe",
                        "ProcessGuid":  "{f1988ae2-5d9c-68b8-8a00-000000001e00}",
                        "TargetFilename":  "C:\\ProgramData\\Microsoft\\Windows\\WER\\ReportArchive\\0fae51f7-06cf-4645-98dc-f27348ec994a",
                        "ProcessId":  "5680",
                        "UtcTime":  "2025-09-03 15:24:14.024",
                        "RuleName":  "-",
                        "CreationUtcTime":  "2025-09-03 15:24:14.024",
                        "User":  "DESKTOP-KVSEOF0\\Stage.Ali"
                    }
    },
    {
        "EventId":  11,
        "TimeCreated":  "\/Date(1756913053971)\/",
        "ProcessGuid":  "{f1988ae2-5d9c-68b8-8a00-000000001e00}",
        "ProcessId":  "5680",
        "ParentProcessGuid":  null,
        "Image":  "C:\\Windows\\system32\\WerFault.exe",
        "CommandLine":  null,
        "User":  "DESKTOP-KVSEOF0\\Stage.Ali",
        "TargetFilename":  "C:\\ProgramData\\Microsoft\\Windows\\WER\\Temp\\647a060f-30be-4e53-930b-bf63116d414d",
        "DestinationIp":  null,
        "DestinationPort":  null,
        "SourceIp":  null,
        "SourcePort":  null,
        "Protocol":  null,
        "QueryName":  null,
        "Details":  {
                        "Image":  "C:\\Windows\\system32\\WerFault.exe",
                        "ProcessGuid":  "{f1988ae2-5d9c-68b8-8a00-000000001e00}",
                        "TargetFilename":  "C:\\ProgramData\\Microsoft\\Windows\\WER\\Temp\\647a060f-30be-4e53-930b-bf63116d414d",
                        "ProcessId":  "5680",
                        "UtcTime":  "2025-09-03 15:24:13.969",
                        "RuleName":  "-",
                        "CreationUtcTime":  "2025-09-03 15:24:13.969",
                        "User":  "DESKTOP-KVSEOF0\\Stage.Ali"
                    }
    },
    {
        "EventId":  11,
        "TimeCreated":  "\/Date(1756913053923)\/",
        "ProcessGuid":  "{f1988ae2-5d9c-68b8-8a00-000000001e00}",
        "ProcessId":  "5680",
        "ParentProcessGuid":  null,
        "Image":  "C:\\Windows\\system32\\WerFault.exe",
        "CommandLine":  null,
        "User":  "DESKTOP-KVSEOF0\\Stage.Ali",
        "TargetFilename":  "C:\\ProgramData\\Microsoft\\Windows\\WER\\Temp\\1c6da571-751f-45df-b1b4-ec3ea2a73050",
        "DestinationIp":  null,
        "DestinationPort":  null,
        "SourceIp":  null,
        "SourcePort":  null,
        "Protocol":  null,
        "QueryName":  null,
        "Details":  {
                        "Image":  "C:\\Windows\\system32\\WerFault.exe",
                        "ProcessGuid":  "{f1988ae2-5d9c-68b8-8a00-000000001e00}",
                        "TargetFilename":  "C:\\ProgramData\\Microsoft\\Windows\\WER\\Temp\\1c6da571-751f-45df-b1b4-ec3ea2a73050",
                        "ProcessId":  "5680",
                        "UtcTime":  "2025-09-03 15:24:13.861",
                        "RuleName":  "-",
                        "CreationUtcTime":  "2025-09-03 15:24:13.861",
                        "User":  "DESKTOP-KVSEOF0\\Stage.Ali"
                    }
    },
    {
        "EventId":  11,
        "TimeCreated":  "\/Date(1756913053131)\/",
        "ProcessGuid":  "{f1988ae2-5d9c-68b8-8a00-000000001e00}",
        "ProcessId":  "5680",
        "ParentProcessGuid":  null,
        "Image":  "C:\\Windows\\system32\\WerFault.exe",
        "CommandLine":  null,
        "User":  "DESKTOP-KVSEOF0\\Stage.Ali",
        "TargetFilename":  "C:\\ProgramData\\Microsoft\\Windows\\WER\\Temp\\0c2be4a2-9f15-4817-bc67-dc75dbda2db5",
        "DestinationIp":  null,
        "DestinationPort":  null,
        "SourceIp":  null,
        "SourcePort":  null,
        "Protocol":  null,
        "QueryName":  null,
        "Details":  {
                        "Image":  "C:\\Windows\\system32\\WerFault.exe",
                        "ProcessGuid":  "{f1988ae2-5d9c-68b8-8a00-000000001e00}",
                        "TargetFilename":  "C:\\ProgramData\\Microsoft\\Windows\\WER\\Temp\\0c2be4a2-9f15-4817-bc67-dc75dbda2db5",
                        "ProcessId":  "5680",
                        "UtcTime":  "2025-09-03 15:24:13.027",
                        "RuleName":  "-",
                        "CreationUtcTime":  "2025-09-03 15:24:13.027",
                        "User":  "DESKTOP-KVSEOF0\\Stage.Ali"
                    }
    },
    {
        "EventId":  11,
        "TimeCreated":  "\/Date(1756913053006)\/",
        "ProcessGuid":  "{f1988ae2-5d9c-68b8-8a00-000000001e00}",
        "ProcessId":  "5680",
        "ParentProcessGuid":  null,
        "Image":  "C:\\Windows\\system32\\WerFault.exe",
        "CommandLine":  null,
        "User":  "DESKTOP-KVSEOF0\\Stage.Ali",
        "TargetFilename":  "C:\\ProgramData\\Microsoft\\Windows\\WER\\Temp\\6313377a-ca7f-492b-bb85-93bee22a47c1",
        "DestinationIp":  null,
        "DestinationPort":  null,
        "SourceIp":  null,
        "SourcePort":  null,
        "Protocol":  null,
        "QueryName":  null,
        "Details":  {
                        "Image":  "C:\\Windows\\system32\\WerFault.exe",
                        "ProcessGuid":  "{f1988ae2-5d9c-68b8-8a00-000000001e00}",
                        "TargetFilename":  "C:\\ProgramData\\Microsoft\\Windows\\WER\\Temp\\6313377a-ca7f-492b-bb85-93bee22a47c1",
                        "ProcessId":  "5680",
                        "UtcTime":  "2025-09-03 15:24:12.998",
                        "RuleName":  "-",
                        "CreationUtcTime":  "2025-09-03 15:24:12.997",
                        "User":  "DESKTOP-KVSEOF0\\Stage.Ali"
                    }
    },
    {
        "EventId":  11,
        "TimeCreated":  "\/Date(1756913048667)\/",
        "ProcessGuid":  "{f1988ae2-5d98-68b8-7500-000000001e00}",
        "ProcessId":  "4956",
        "ParentProcessGuid":  null,
        "Image":  "C:\\Users\\Stage.Ali\\AppData\\Local\\Temp\\error.exe",
        "CommandLine":  null,
        "User":  "DESKTOP-KVSEOF0\\Stage.Ali",
        "TargetFilename":  "C:\\Users\\Stage.Ali\\AppData\\Local\\Temp\\1DC4.tmp\\1DC5.tmp\\1DC6.vbs",
        "DestinationIp":  null,
        "DestinationPort":  null,
        "SourceIp":  null,
        "SourcePort":  null,
        "Protocol":  null,
        "QueryName":  null,
        "Details":  {
                        "Image":  "C:\\Users\\Stage.Ali\\AppData\\Local\\Temp\\error.exe",
                        "ProcessGuid":  "{f1988ae2-5d98-68b8-7500-000000001e00}",
                        "TargetFilename":  "C:\\Users\\Stage.Ali\\AppData\\Local\\Temp\\1DC4.tmp\\1DC5.tmp\\1DC6.vbs",
                        "ProcessId":  "4956",
                        "UtcTime":  "2025-09-03 15:24:08.654",
                        "RuleName":  "-",
                        "CreationUtcTime":  "2025-09-03 15:24:08.654",
                        "User":  "DESKTOP-KVSEOF0\\Stage.Ali"
                    }
    },
    {
        "EventId":  11,
        "TimeCreated":  "\/Date(1756913048666)\/",
        "ProcessGuid":  "{f1988ae2-5d98-68b8-7500-000000001e00}",
        "ProcessId":  "4956",
        "ParentProcessGuid":  null,
        "Image":  "C:\\Users\\Stage.Ali\\AppData\\Local\\Temp\\error.exe",
        "CommandLine":  null,
        "User":  "DESKTOP-KVSEOF0\\Stage.Ali",
        "TargetFilename":  "C:\\Users\\Stage.Ali\\AppData\\Local\\Temp\\1DC4.tmp\\1DC5.tmp\\1DC6.tmp",
        "DestinationIp":  null,
        "DestinationPort":  null,
        "SourceIp":  null,
        "SourcePort":  null,
        "Protocol":  null,
        "QueryName":  null,
        "Details":  {
                        "Image":  "C:\\Users\\Stage.Ali\\AppData\\Local\\Temp\\error.exe",
                        "ProcessGuid":  "{f1988ae2-5d98-68b8-7500-000000001e00}",
                        "TargetFilename":  "C:\\Users\\Stage.Ali\\AppData\\Local\\Temp\\1DC4.tmp\\1DC5.tmp\\1DC6.tmp",
                        "ProcessId":  "4956",
                        "UtcTime":  "2025-09-03 15:24:08.654",
                        "RuleName":  "-",
                        "CreationUtcTime":  "2025-09-03 15:24:08.654",
                        "User":  "DESKTOP-KVSEOF0\\Stage.Ali"
                    }
    },
    {
        "EventId":  11,
        "TimeCreated":  "\/Date(1756913048666)\/",
        "ProcessGuid":  "{f1988ae2-5d98-68b8-7500-000000001e00}",
        "ProcessId":  "4956",
        "ParentProcessGuid":  null,
        "Image":  "C:\\Users\\Stage.Ali\\AppData\\Local\\Temp\\error.exe",
        "CommandLine":  null,
        "User":  "DESKTOP-KVSEOF0\\Stage.Ali",
        "TargetFilename":  "C:\\Users\\Stage.Ali\\AppData\\Local\\Temp\\1DC4.tmp\\1DC5.tmp",
        "DestinationIp":  null,
        "DestinationPort":  null,
        "SourceIp":  null,
        "SourcePort":  null,
        "Protocol":  null,
        "QueryName":  null,
        "Details":  {
                        "Image":  "C:\\Users\\Stage.Ali\\AppData\\Local\\Temp\\error.exe",
                        "ProcessGuid":  "{f1988ae2-5d98-68b8-7500-000000001e00}",
                        "TargetFilename":  "C:\\Users\\Stage.Ali\\AppData\\Local\\Temp\\1DC4.tmp\\1DC5.tmp",
                        "ProcessId":  "4956",
                        "UtcTime":  "2025-09-03 15:24:08.654",
                        "RuleName":  "-",
                        "CreationUtcTime":  "2025-09-03 15:24:08.654",
                        "User":  "DESKTOP-KVSEOF0\\Stage.Ali"
                    }
    },
    {
        "EventId":  11,
        "TimeCreated":  "\/Date(1756913048666)\/",
        "ProcessGuid":  "{f1988ae2-5d98-68b8-7500-000000001e00}",
        "ProcessId":  "4956",
        "ParentProcessGuid":  null,
        "Image":  "C:\\Users\\Stage.Ali\\AppData\\Local\\Temp\\error.exe",
        "CommandLine":  null,
        "User":  "DESKTOP-KVSEOF0\\Stage.Ali",
        "TargetFilename":  "C:\\Users\\Stage.Ali\\AppData\\Local\\Temp\\1DC4.tmp\\1DC5.tmp",
        "DestinationIp":  null,
        "DestinationPort":  null,
        "SourceIp":  null,
        "SourcePort":  null,
        "Protocol":  null,
        "QueryName":  null,
        "Details":  {
                        "Image":  "C:\\Users\\Stage.Ali\\AppData\\Local\\Temp\\error.exe",
                        "ProcessGuid":  "{f1988ae2-5d98-68b8-7500-000000001e00}",
                        "TargetFilename":  "C:\\Users\\Stage.Ali\\AppData\\Local\\Temp\\1DC4.tmp\\1DC5.tmp",
                        "ProcessId":  "4956",
                        "UtcTime":  "2025-09-03 15:24:08.654",
                        "RuleName":  "-",
                        "CreationUtcTime":  "2025-09-03 15:24:08.654",
                        "User":  "DESKTOP-KVSEOF0\\Stage.Ali"
                    }
    },
    {
        "EventId":  11,
        "TimeCreated":  "\/Date(1756913048666)\/",
        "ProcessGuid":  "{f1988ae2-5d98-68b8-7500-000000001e00}",
        "ProcessId":  "4956",
        "ParentProcessGuid":  null,
        "Image":  "C:\\Users\\Stage.Ali\\AppData\\Local\\Temp\\error.exe",
        "CommandLine":  null,
        "User":  "DESKTOP-KVSEOF0\\Stage.Ali",
        "TargetFilename":  "C:\\Users\\Stage.Ali\\AppData\\Local\\Temp\\1DC4.tmp",
        "DestinationIp":  null,
        "DestinationPort":  null,
        "SourceIp":  null,
        "SourcePort":  null,
        "Protocol":  null,
        "QueryName":  null,
        "Details":  {
                        "Image":  "C:\\Users\\Stage.Ali\\AppData\\Local\\Temp\\error.exe",
                        "ProcessGuid":  "{f1988ae2-5d98-68b8-7500-000000001e00}",
                        "TargetFilename":  "C:\\Users\\Stage.Ali\\AppData\\Local\\Temp\\1DC4.tmp",
                        "ProcessId":  "4956",
                        "UtcTime":  "2025-09-03 15:24:08.654",
                        "RuleName":  "-",
                        "CreationUtcTime":  "2025-09-03 15:24:08.654",
                        "User":  "DESKTOP-KVSEOF0\\Stage.Ali"
                    }
    },
    {
        "EventId":  11,
        "TimeCreated":  "\/Date(1756913048666)\/",
        "ProcessGuid":  "{f1988ae2-5d98-68b8-7500-000000001e00}",
        "ProcessId":  "4956",
        "ParentProcessGuid":  null,
        "Image":  "C:\\Users\\Stage.Ali\\AppData\\Local\\Temp\\error.exe",
        "CommandLine":  null,
        "User":  "DESKTOP-KVSEOF0\\Stage.Ali",
        "TargetFilename":  "C:\\Users\\Stage.Ali\\AppData\\Local\\Temp\\1DC4.tmp",
        "DestinationIp":  null,
        "DestinationPort":  null,
        "SourceIp":  null,
        "SourcePort":  null,
        "Protocol":  null,
        "QueryName":  null,
        "Details":  {
                        "Image":  "C:\\Users\\Stage.Ali\\AppData\\Local\\Temp\\error.exe",
                        "ProcessGuid":  "{f1988ae2-5d98-68b8-7500-000000001e00}",
                        "TargetFilename":  "C:\\Users\\Stage.Ali\\AppData\\Local\\Temp\\1DC4.tmp",
                        "ProcessId":  "4956",
                        "UtcTime":  "2025-09-03 15:24:08.654",
                        "RuleName":  "-",
                        "CreationUtcTime":  "2025-09-03 15:24:08.654",
                        "User":  "DESKTOP-KVSEOF0\\Stage.Ali"
                    }
    },
    {
        "EventId":  11,
        "TimeCreated":  "\/Date(1756913048106)\/",
        "ProcessGuid":  "{f1988ae2-5d97-68b8-7300-000000001e00}",
        "ProcessId":  "4512",
        "ParentProcessGuid":  null,
        "Image":  "C:\\Users\\Stage.Ali\\Desktop\\Malware\\85e1cebb33b89a3d4d0d73344272bfdc74da38cf540721bb8426c23a7f444241.exe",
        "CommandLine":  null,
        "User":  "DESKTOP-KVSEOF0\\Stage.Ali",
        "TargetFilename":  "C:\\Users\\Stage.Ali\\AppData\\Local\\Microsoft\\CLR_v4.0\\UsageLogs\\85e1cebb33b89a3d4d0d73344272bfdc74da38cf540721bb8426c23a7f444241.exe.log",
        "DestinationIp":  null,
        "DestinationPort":  null,
        "SourceIp":  null,
        "SourcePort":  null,
        "Protocol":  null,
        "QueryName":  null,
        "Details":  {
                        "Image":  "C:\\Users\\Stage.Ali\\Desktop\\Malware\\85e1cebb33b89a3d4d0d73344272bfdc74da38cf540721bb8426c23a7f444241.exe",
                        "ProcessGuid":  "{f1988ae2-5d97-68b8-7300-000000001e00}",
                        "TargetFilename":  "C:\\Users\\Stage.Ali\\AppData\\Local\\Microsoft\\CLR_v4.0\\UsageLogs\\85e1cebb33b89a3d4d0d73344272bfdc74da38cf540721bb8426c23a7f444241.exe.log",
                        "ProcessId":  "4512",
                        "UtcTime":  "2025-09-03 15:24:08.093",
                        "RuleName":  "-",
                        "CreationUtcTime":  "2025-09-03 15:24:08.093",
                        "User":  "DESKTOP-KVSEOF0\\Stage.Ali"
                    }
    },
    {
        "EventId":  11,
        "TimeCreated":  "\/Date(1756913047774)\/",
        "ProcessGuid":  "{f1988ae2-5d97-68b8-7300-000000001e00}",
        "ProcessId":  "4512",
        "ParentProcessGuid":  null,
        "Image":  "C:\\Users\\Stage.Ali\\Desktop\\Malware\\85e1cebb33b89a3d4d0d73344272bfdc74da38cf540721bb8426c23a7f444241.exe",
        "CommandLine":  null,
        "User":  "DESKTOP-KVSEOF0\\Stage.Ali",
        "TargetFilename":  "C:\\Users\\Stage.Ali\\AppData\\Local\\Temp\\error.exe",
        "DestinationIp":  null,
        "DestinationPort":  null,
        "SourceIp":  null,
        "SourcePort":  null,
        "Protocol":  null,
        "QueryName":  null,
        "Details":  {
                        "Image":  "C:\\Users\\Stage.Ali\\Desktop\\Malware\\85e1cebb33b89a3d4d0d73344272bfdc74da38cf540721bb8426c23a7f444241.exe",
                        "ProcessGuid":  "{f1988ae2-5d97-68b8-7300-000000001e00}",
                        "TargetFilename":  "C:\\Users\\Stage.Ali\\AppData\\Local\\Temp\\error.exe",
                        "ProcessId":  "4512",
                        "UtcTime":  "2025-09-03 15:24:07.763",
                        "RuleName":  "-",
                        "CreationUtcTime":  "2025-09-03 15:24:07.763",
                        "User":  "DESKTOP-KVSEOF0\\Stage.Ali"
                    }
    },
    {
        "EventId":  11,
        "TimeCreated":  "\/Date(1756913047540)\/",
        "ProcessGuid":  "{f1988ae2-5d97-68b8-7300-000000001e00}",
        "ProcessId":  "4512",
        "ParentProcessGuid":  null,
        "Image":  "C:\\Users\\Stage.Ali\\Desktop\\Malware\\85e1cebb33b89a3d4d0d73344272bfdc74da38cf540721bb8426c23a7f444241.exe",
        "CommandLine":  null,
        "User":  "DESKTOP-KVSEOF0\\Stage.Ali",
        "TargetFilename":  "C:\\Users\\Stage.Ali\\AppData\\Local\\Temp\\svchost.exe",
        "DestinationIp":  null,
        "DestinationPort":  null,
        "SourceIp":  null,
        "SourcePort":  null,
        "Protocol":  null,
        "QueryName":  null,
        "Details":  {
                        "Image":  "C:\\Users\\Stage.Ali\\Desktop\\Malware\\85e1cebb33b89a3d4d0d73344272bfdc74da38cf540721bb8426c23a7f444241.exe",
                        "ProcessGuid":  "{f1988ae2-5d97-68b8-7300-000000001e00}",
                        "TargetFilename":  "C:\\Users\\Stage.Ali\\AppData\\Local\\Temp\\svchost.exe",
                        "ProcessId":  "4512",
                        "UtcTime":  "2025-09-03 15:24:07.513",
                        "RuleName":  "-",
                        "CreationUtcTime":  "2025-09-03 15:24:07.513",
                        "User":  "DESKTOP-KVSEOF0\\Stage.Ali"
                    }
    }
]
