[
    {
        "EventId":  1,
        "TimeCreated":  "\/Date(1756913052939)\/",
        "ProcessGuid":  "{f1988ae2-5d9c-68b8-8a00-000000001e00}",
        "ProcessId":  "5680",
        "ParentProcessGuid":  "{f1988ae2-5d97-68b8-7400-000000001e00}",
        "Image":  "C:\\Windows\\System32\\WerFault.exe",
        "CommandLine":  "C:\\Windows\\system32\\WerFault.exe -u -p 4524 -s 1076",
        "User":  "DESKTOP-KVSEOF0\\Stage.Ali",
        "TargetFilename":  null,
        "DestinationIp":  null,
        "DestinationPort":  null,
        "SourceIp":  null,
        "SourcePort":  null,
        "Protocol":  null,
        "QueryName":  null,
        "Details":  {
                        "ParentCommandLine":  "\"C:\\Users\\Stage.Ali\\AppData\\Local\\Temp\\svchost.exe\" ",
                        "Description":  "Windows Problem Reporting",
                        "CommandLine":  "C:\\Windows\\system32\\WerFault.exe -u -p 4524 -s 1076",
                        "CurrentDirectory":  "C:\\Windows\\system32\\",
                        "Hashes":  "MD5=FD27D9F6D02763BDE32511B5DF7FF7A0,SHA256=82E7105BC8DECC5D75630AD984C12BA67EBF00109AEAE739F4733F1E608B3B88",
                        "Image":  "C:\\Windows\\System32\\WerFault.exe",
                        "UtcTime":  "2025-09-03 15:24:12.893",
                        "ProcessGuid":  "{f1988ae2-5d9c-68b8-8a00-000000001e00}",
                        "ParentUser":  "DESKTOP-KVSEOF0\\Stage.Ali",
                        "Company":  "Microsoft Corporation",
                        "IntegrityLevel":  "Medium",
                        "FileVersion":  "10.0.19041.1949 (WinBuild.160101.0800)",
                        "User":  "DESKTOP-KVSEOF0\\Stage.Ali",
                        "RuleName":  "-",
                        "Product":  "Microsoft® Windows® Operating System",
                        "LogonId":  "0x93368",
                        "ProcessId":  "5680",
                        "OriginalFileName":  "WerFault.exe",
                        "LogonGuid":  "{f1988ae2-5d8f-68b8-6833-090000000000}",
                        "TerminalSessionId":  "0",
                        "ParentProcessGuid":  "{f1988ae2-5d97-68b8-7400-000000001e00}",
                        "ParentProcessId":  "4524",
                        "ParentImage":  "C:\\Users\\Stage.Ali\\AppData\\Local\\Temp\\svchost.exe"
                    }
    },
    {
        "EventId":  1,
        "TimeCreated":  "\/Date(1756913049581)\/",
        "ProcessGuid":  "{f1988ae2-5d99-68b8-7a00-000000001e00}",
        "ProcessId":  "5004",
        "ParentProcessGuid":  "{f1988ae2-5d98-68b8-7500-000000001e00}",
        "Image":  "C:\\Windows\\System32\\wscript.exe",
        "CommandLine":  "\"C:\\Windows\\sysnative\\wscript.exe\" C:\\Users\\Stage.Ali\\AppData\\Local\\Temp\\1DC4.tmp\\1DC5.tmp\\1DC6.vbs  //Nologo ",
        "User":  "DESKTOP-KVSEOF0\\Stage.Ali",
        "TargetFilename":  null,
        "DestinationIp":  null,
        "DestinationPort":  null,
        "SourceIp":  null,
        "SourcePort":  null,
        "Protocol":  null,
        "QueryName":  null,
        "Details":  {
                        "ParentCommandLine":  "\"C:\\Users\\Stage.Ali\\AppData\\Local\\Temp\\error.exe\" ",
                        "Description":  "Microsoft ® Windows Based Script Host",
                        "CommandLine":  "\"C:\\Windows\\sysnative\\wscript.exe\" C:\\Users\\Stage.Ali\\AppData\\Local\\Temp\\1DC4.tmp\\1DC5.tmp\\1DC6.vbs  //Nologo ",
                        "CurrentDirectory":  "C:\\Windows\\system32\\",
                        "Hashes":  "MD5=A47CBE969EA935BDD3AB568BB126BC80,SHA256=34008E2057DF8842DF210246995385A0441DC1E081D60AD15BD481E062E7F100",
                        "Image":  "C:\\Windows\\System32\\wscript.exe",
                        "UtcTime":  "2025-09-03 15:24:09.548",
                        "ProcessGuid":  "{f1988ae2-5d99-68b8-7a00-000000001e00}",
                        "ParentUser":  "DESKTOP-KVSEOF0\\Stage.Ali",
                        "Company":  "Microsoft Corporation",
                        "IntegrityLevel":  "Medium",
                        "FileVersion":  "5.812.10240.16384",
                        "User":  "DESKTOP-KVSEOF0\\Stage.Ali",
                        "RuleName":  "-",
                        "Product":  "Microsoft ® Windows Script Host",
                        "LogonId":  "0x93368",
                        "ProcessId":  "5004",
                        "OriginalFileName":  "wscript.exe",
                        "LogonGuid":  "{f1988ae2-5d8f-68b8-6833-090000000000}",
                        "TerminalSessionId":  "0",
                        "ParentProcessGuid":  "{f1988ae2-5d98-68b8-7500-000000001e00}",
                        "ParentProcessId":  "4956",
                        "ParentImage":  "C:\\Users\\Stage.Ali\\AppData\\Local\\Temp\\error.exe"
                    }
    },
    {
        "EventId":  1,
        "TimeCreated":  "\/Date(1756913048077)\/",
        "ProcessGuid":  "{f1988ae2-5d98-68b8-7500-000000001e00}",
        "ProcessId":  "4956",
        "ParentProcessGuid":  "{f1988ae2-5d97-68b8-7300-000000001e00}",
        "Image":  "C:\\Users\\Stage.Ali\\AppData\\Local\\Temp\\error.exe",
        "CommandLine":  "\"C:\\Users\\Stage.Ali\\AppData\\Local\\Temp\\error.exe\" ",
        "User":  "DESKTOP-KVSEOF0\\Stage.Ali",
        "TargetFilename":  null,
        "DestinationIp":  null,
        "DestinationPort":  null,
        "SourceIp":  null,
        "SourcePort":  null,
        "Protocol":  null,
        "QueryName":  null,
        "Details":  {
                        "ParentCommandLine":  "\"C:\\Users\\Stage.Ali\\Desktop\\Malware\\85e1cebb33b89a3d4d0d73344272bfdc74da38cf540721bb8426c23a7f444241.exe\" ",
                        "Description":  "-",
                        "CommandLine":  "\"C:\\Users\\Stage.Ali\\AppData\\Local\\Temp\\error.exe\" ",
                        "CurrentDirectory":  "C:\\Windows\\system32\\",
                        "Hashes":  "MD5=4E72812C786ADE6132B4F9732F17C5BD,SHA256=E8EE51D39D3CAC72BB7CDD29D766D9C7D05087FDF030682895E2C6E2452D7866",
                        "Image":  "C:\\Users\\Stage.Ali\\AppData\\Local\\Temp\\error.exe",
                        "UtcTime":  "2025-09-03 15:24:08.063",
                        "ProcessGuid":  "{f1988ae2-5d98-68b8-7500-000000001e00}",
                        "ParentUser":  "DESKTOP-KVSEOF0\\Stage.Ali",
                        "Company":  "-",
                        "IntegrityLevel":  "Medium",
                        "FileVersion":  "-",
                        "User":  "DESKTOP-KVSEOF0\\Stage.Ali",
                        "RuleName":  "-",
                        "Product":  "-",
                        "LogonId":  "0x93368",
                        "ProcessId":  "4956",
                        "OriginalFileName":  "-",
                        "LogonGuid":  "{f1988ae2-5d8f-68b8-6833-090000000000}",
                        "TerminalSessionId":  "0",
                        "ParentProcessGuid":  "{f1988ae2-5d97-68b8-7300-000000001e00}",
                        "ParentProcessId":  "4512",
                        "ParentImage":  "C:\\Users\\Stage.Ali\\Desktop\\Malware\\85e1cebb33b89a3d4d0d73344272bfdc74da38cf540721bb8426c23a7f444241.exe"
                    }
    },
    {
        "EventId":  1,
        "TimeCreated":  "\/Date(1756913047771)\/",
        "ProcessGuid":  "{f1988ae2-5d97-68b8-7400-000000001e00}",
        "ProcessId":  "4524",
        "ParentProcessGuid":  "{f1988ae2-5d97-68b8-7300-000000001e00}",
        "Image":  "C:\\Users\\Stage.Ali\\AppData\\Local\\Temp\\svchost.exe",
        "CommandLine":  "\"C:\\Users\\Stage.Ali\\AppData\\Local\\Temp\\svchost.exe\" ",
        "User":  "DESKTOP-KVSEOF0\\Stage.Ali",
        "TargetFilename":  null,
        "DestinationIp":  null,
        "DestinationPort":  null,
        "SourceIp":  null,
        "SourcePort":  null,
        "Protocol":  null,
        "QueryName":  null,
        "Details":  {
                        "ParentCommandLine":  "\"C:\\Users\\Stage.Ali\\Desktop\\Malware\\85e1cebb33b89a3d4d0d73344272bfdc74da38cf540721bb8426c23a7f444241.exe\" ",
                        "Description":  "Host Process for Windows Services",
                        "CommandLine":  "\"C:\\Users\\Stage.Ali\\AppData\\Local\\Temp\\svchost.exe\" ",
                        "CurrentDirectory":  "C:\\Windows\\system32\\",
                        "Hashes":  "MD5=F5A478FDC64E9C3ACE0D004038B16FFF,SHA256=EDA9FE7575FFBF4665839AFE0AE13C4F46FEEB4038B2FE925E0FAE8A896456C3",
                        "Image":  "C:\\Users\\Stage.Ali\\AppData\\Local\\Temp\\svchost.exe",
                        "UtcTime":  "2025-09-03 15:24:07.757",
                        "ProcessGuid":  "{f1988ae2-5d97-68b8-7400-000000001e00}",
                        "ParentUser":  "DESKTOP-KVSEOF0\\Stage.Ali",
                        "Company":  "Microsoft Corporation",
                        "IntegrityLevel":  "Medium",
                        "FileVersion":  "6.2.22621.1",
                        "User":  "DESKTOP-KVSEOF0\\Stage.Ali",
                        "RuleName":  "-",
                        "Product":  "Microsoft® Windows® Operating System",
                        "LogonId":  "0x93368",
                        "ProcessId":  "4524",
                        "OriginalFileName":  "svchost.exe",
                        "LogonGuid":  "{f1988ae2-5d8f-68b8-6833-090000000000}",
                        "TerminalSessionId":  "0",
                        "ParentProcessGuid":  "{f1988ae2-5d97-68b8-7300-000000001e00}",
                        "ParentProcessId":  "4512",
                        "ParentImage":  "C:\\Users\\Stage.Ali\\Desktop\\Malware\\85e1cebb33b89a3d4d0d73344272bfdc74da38cf540721bb8426c23a7f444241.exe"
                    }
    },
    {
        "EventId":  1,
        "TimeCreated":  "\/Date(1756913047408)\/",
        "ProcessGuid":  "{f1988ae2-5d97-68b8-7300-000000001e00}",
        "ProcessId":  "4512",
        "ParentProcessGuid":  "{f1988ae2-5d93-68b8-7200-000000001e00}",
        "Image":  "C:\\Users\\Stage.Ali\\Desktop\\Malware\\85e1cebb33b89a3d4d0d73344272bfdc74da38cf540721bb8426c23a7f444241.exe",
        "CommandLine":  "\"C:\\Users\\Stage.Ali\\Desktop\\Malware\\85e1cebb33b89a3d4d0d73344272bfdc74da38cf540721bb8426c23a7f444241.exe\" ",
        "User":  "DESKTOP-KVSEOF0\\Stage.Ali",
        "TargetFilename":  null,
        "DestinationIp":  null,
        "DestinationPort":  null,
        "SourceIp":  null,
        "SourcePort":  null,
        "Protocol":  null,
        "QueryName":  null,
        "Details":  {
                        "ParentCommandLine":  "\"C:\\Windows\\System32\\WindowsPowerShell\\v1.0\\powershell.exe\" -ExecutionPolicy Bypass -File C:\\Detonation\\run.ps1 -ExePath C:\\Users\\Stage.Ali\\Desktop\\Malware\\85e1cebb33b89a3d4d0d73344272bfdc74da38cf540721bb8426c23a7f444241.exe -TimeoutSec 120",
                        "Description":  "COM Surrogate",
                        "CommandLine":  "\"C:\\Users\\Stage.Ali\\Desktop\\Malware\\85e1cebb33b89a3d4d0d73344272bfdc74da38cf540721bb8426c23a7f444241.exe\" ",
                        "CurrentDirectory":  "C:\\Windows\\system32\\",
                        "Hashes":  "MD5=E844F8F6573CB3B48454B0A6E591A695,SHA256=85E1CEBB33B89A3D4D0D73344272BFDC74DA38CF540721BB8426C23A7F444241",
                        "Image":  "C:\\Users\\Stage.Ali\\Desktop\\Malware\\85e1cebb33b89a3d4d0d73344272bfdc74da38cf540721bb8426c23a7f444241.exe",
                        "UtcTime":  "2025-09-03 15:24:07.394",
                        "ProcessGuid":  "{f1988ae2-5d97-68b8-7300-000000001e00}",
                        "ParentUser":  "DESKTOP-KVSEOF0\\Stage.Ali",
                        "Company":  "Microsoft Corporation",
                        "IntegrityLevel":  "Medium",
                        "FileVersion":  "6.2.22621.1",
                        "User":  "DESKTOP-KVSEOF0\\Stage.Ali",
                        "RuleName":  "-",
                        "Product":  "Microsoft® Windows® Operating System",
                        "LogonId":  "0x93368",
                        "ProcessId":  "4512",
                        "OriginalFileName":  "dllhost.exe",
                        "LogonGuid":  "{f1988ae2-5d8f-68b8-6833-090000000000}",
                        "TerminalSessionId":  "0",
                        "ParentProcessGuid":  "{f1988ae2-5d93-68b8-7200-000000001e00}",
                        "ParentProcessId":  "3816",
                        "ParentImage":  "C:\\Windows\\System32\\WindowsPowerShell\\v1.0\\powershell.exe"
                    }
    }
]
