    {
        "EventId":  7,
        "TimeCreated":  "\/Date(1756913934922)\/",
        "ProcessGuid":  "{f1988ae2-610e-68b8-7600-000000001e00}",
        "ProcessId":  "4436",
        "ParentProcessGuid":  null,
        "Image":  "C:\\Users\\Stage.Ali\\Desktop\\Malware\\09197780e4de9aa1abaa44d580b3102138c6d3a03ab46b518f88f8c40dc882df.exe",
        "CommandLine":  null,
        "User":  "DESKTOP-KVSEOF0\\Stage.Ali",
        "TargetFilename":  null,
        "DestinationIp":  null,
        "DestinationPort":  null,
        "SourceIp":  null,
        "SourcePort":  null,
        "Protocol":  null,
        "QueryName":  null,
        "Details":  {
                        "Description":  "Microsoft Enhanced Cryptographic Provider",
                        "SignatureStatus":  "Valid",
                        "Signature":  "Microsoft Windows",
                        "Hashes":  "MD5=78BE124BE88BC7CE603DAC531BFAF4C1,SHA256=66D0C8619A0F8DC10B375B0546CA4B4E7726185A3D0EF656EDA9FB0F7C81E4BE",
                        "Image":  "C:\\Users\\Stage.Ali\\Desktop\\Malware\\09197780e4de9aa1abaa44d580b3102138c6d3a03ab46b518f88f8c40dc882df.exe",
                        "UtcTime":  "2025-09-03 15:38:54.913",
                        "ProcessGuid":  "{f1988ae2-610e-68b8-7600-000000001e00}",
                        "Company":  "Microsoft Corporation",
                        "ImageLoaded":  "C:\\Windows\\SysWOW64\\rsaenh.dll",
                        "FileVersion":  "10.0.19041.1052 (WinBuild.160101.0800)",
                        "User":  "DESKTOP-KVSEOF0\\Stage.Ali",
                        "RuleName":  "-",
                        "Product":  "Microsoft® Windows® Operating System",
                        "ProcessId":  "4436",
                        "OriginalFileName":  "rsaenh.dll",
                        "Signed":  "true"
                    }
    },
    {
        "EventId":  7,
        "TimeCreated":  "\/Date(1756913934917)\/",
        "ProcessGuid":  "{f1988ae2-610e-68b8-7600-000000001e00}",
        "ProcessId":  "4436",
        "ParentProcessGuid":  null,
        "Image":  "C:\\Users\\Stage.Ali\\Desktop\\Malware\\09197780e4de9aa1abaa44d580b3102138c6d3a03ab46b518f88f8c40dc882df.exe",
        "CommandLine":  null,
        "User":  "DESKTOP-KVSEOF0\\Stage.Ali",
        "TargetFilename":  null,
        "DestinationIp":  null,
        "DestinationPort":  null,
        "SourceIp":  null,
        "SourcePort":  null,
        "Protocol":  null,
        "QueryName":  null,
        "Details":  {
                        "Description":  "Cryptographic Service Provider API",
                        "SignatureStatus":  "Valid",
                        "Signature":  "Microsoft Windows",
                        "Hashes":  "MD5=72B414320CAC426949ACC3E721ECFE81,SHA256=BB80A6FB355CF176C3253F3662DC7D0B2FBC3B4F842A53109A777973194B5CDB",
                        "Image":  "C:\\Users\\Stage.Ali\\Desktop\\Malware\\09197780e4de9aa1abaa44d580b3102138c6d3a03ab46b518f88f8c40dc882df.exe",
                        "UtcTime":  "2025-09-03 15:38:54.913",
                        "ProcessGuid":  "{f1988ae2-610e-68b8-7600-000000001e00}",
                        "Company":  "Microsoft Corporation",
                        "ImageLoaded":  "C:\\Windows\\SysWOW64\\cryptsp.dll",
                        "FileVersion":  "10.0.19041.546 (WinBuild.160101.0800)",
                        "User":  "DESKTOP-KVSEOF0\\Stage.Ali",
                        "RuleName":  "-",
                        "Product":  "Microsoft® Windows® Operating System",
                        "ProcessId":  "4436",
                        "OriginalFileName":  "cryptsp.dll",
                        "Signed":  "true"
                    }
    },
    {
        "EventId":  7,
        "TimeCreated":  "\/Date(1756913934916)\/",
        "ProcessGuid":  "{f1988ae2-610e-68b8-7600-000000001e00}",
        "ProcessId":  "4436",
        "ParentProcessGuid":  null,
        "Image":  "C:\\Users\\Stage.Ali\\Desktop\\Malware\\09197780e4de9aa1abaa44d580b3102138c6d3a03ab46b518f88f8c40dc882df.exe",
        "CommandLine":  null,
        "User":  "DESKTOP-KVSEOF0\\Stage.Ali",
        "TargetFilename":  null,
        "DestinationIp":  null,
        "DestinationPort":  null,
        "SourceIp":  null,
        "SourcePort":  null,
        "Protocol":  null,
        "QueryName":  null,
        "Details":  {
                        "Description":  "Windows Cryptographic Primitives Library (Wow64)",
                        "SignatureStatus":  "Valid",
                        "Signature":  "Microsoft Windows",
                        "Hashes":  "MD5=704E865CF8CD2D0234B784B4D1260633,SHA256=F92D89DA938D029971562F507E5D04D5A8C72C2FFE24226FD01405495110A944",
                        "Image":  "C:\\Users\\Stage.Ali\\Desktop\\Malware\\09197780e4de9aa1abaa44d580b3102138c6d3a03ab46b518f88f8c40dc882df.exe",
                        "UtcTime":  "2025-09-03 15:38:54.913",
                        "ProcessGuid":  "{f1988ae2-610e-68b8-7600-000000001e00}",
                        "Company":  "Microsoft Corporation",
                        "ImageLoaded":  "C:\\Windows\\SysWOW64\\bcrypt.dll",
                        "FileVersion":  "10.0.19041.1023 (WinBuild.160101.0800)",
                        "User":  "DESKTOP-KVSEOF0\\Stage.Ali",
                        "RuleName":  "-",
                        "Product":  "Microsoft® Windows® Operating System",
                        "ProcessId":  "4436",
                        "OriginalFileName":  "bcrypt.dll",
                        "Signed":  "true"
                    }
    },
    {
        "EventId":  7,
        "TimeCreated":  "\/Date(1756913934916)\/",
        "ProcessGuid":  "{f1988ae2-610e-68b8-7600-000000001e00}",
        "ProcessId":  "4436",
        "ParentProcessGuid":  null,
        "Image":  "C:\\Users\\Stage.Ali\\Desktop\\Malware\\09197780e4de9aa1abaa44d580b3102138c6d3a03ab46b518f88f8c40dc882df.exe",
        "CommandLine":  null,
        "User":  "DESKTOP-KVSEOF0\\Stage.Ali",
        "TargetFilename":  null,
        "DestinationIp":  null,
        "DestinationPort":  null,
        "SourceIp":  null,
        "SourcePort":  null,
        "Protocol":  null,
        "QueryName":  null,
        "Details":  {
                        "Description":  "User Profile Basic API",
                        "SignatureStatus":  "Valid",
                        "Signature":  "Microsoft Windows",
                        "Hashes":  "MD5=2952019A3E3739F1D17F59128F489B63,SHA256=7B86FA00478776A4FADCAD44592AF88BD7F0B63E0B39C76FD3E6D8DDCC32C76D",
                        "Image":  "C:\\Users\\Stage.Ali\\Desktop\\Malware\\09197780e4de9aa1abaa44d580b3102138c6d3a03ab46b518f88f8c40dc882df.exe",
                        "UtcTime":  "2025-09-03 15:38:54.910",
                        "ProcessGuid":  "{f1988ae2-610e-68b8-7600-000000001e00}",
                        "Company":  "Microsoft Corporation",
                        "ImageLoaded":  "C:\\Windows\\SysWOW64\\profapi.dll",
                        "FileVersion":  "10.0.19041.844 (WinBuild.160101.0800)",
                        "User":  "DESKTOP-KVSEOF0\\Stage.Ali",
                        "RuleName":  "-",
                        "Product":  "Microsoft® Windows® Operating System",
                        "ProcessId":  "4436",
                        "OriginalFileName":  "PROFAPI.DLL",
                        "Signed":  "true"
                    }
    },
    {
        "EventId":  7,
        "TimeCreated":  "\/Date(1756913934909)\/",
        "ProcessGuid":  "{f1988ae2-610e-68b8-7600-000000001e00}",
        "ProcessId":  "4436",
        "ParentProcessGuid":  null,
        "Image":  "C:\\Users\\Stage.Ali\\Desktop\\Malware\\09197780e4de9aa1abaa44d580b3102138c6d3a03ab46b518f88f8c40dc882df.exe",
        "CommandLine":  null,
        "User":  "DESKTOP-KVSEOF0\\Stage.Ali",
        "TargetFilename":  null,
        "DestinationIp":  null,
        "DestinationPort":  null,
        "SourceIp":  null,
        "SourcePort":  null,
        "Protocol":  null,
        "QueryName":  null,
        "Details":  {
                        "Description":  ".NET Framework",
                        "SignatureStatus":  "Unavailable",
                        "Signature":  "-",
                        "Hashes":  "MD5=EAD18F1E47BF9DD5F44FB332BA8C7D3D,SHA256=88F3581FEA711ADB90F64D7822A6043253CDC661DBE426D738588985A63268BE",
                        "Image":  "C:\\Users\\Stage.Ali\\Desktop\\Malware\\09197780e4de9aa1abaa44d580b3102138c6d3a03ab46b518f88f8c40dc882df.exe",
                        "UtcTime":  "2025-09-03 15:38:54.902",
                        "ProcessGuid":  "{f1988ae2-610e-68b8-7600-000000001e00}",
                        "Company":  "Microsoft Corporation",
                        "ImageLoaded":  "C:\\Windows\\assembly\\NativeImages_v4.0.30319_32\\System.Xml\\2062ed810929ec0e33254c02b0c61bb4\\System.Xml.ni.dll",
                        "FileVersion":  "4.8.4084.0 built by: NET48REL1",
                        "User":  "DESKTOP-KVSEOF0\\Stage.Ali",
                        "RuleName":  "-",
                        "Product":  "Microsoft® .NET Framework",
                        "ProcessId":  "4436",
                        "OriginalFileName":  "System.Xml.dll",
                        "Signed":  "false"
                    }
    },
    {
        "EventId":  7,
        "TimeCreated":  "\/Date(1756913934908)\/",
        "ProcessGuid":  "{f1988ae2-610e-68b8-7600-000000001e00}",
        "ProcessId":  "4436",
        "ParentProcessGuid":  null,
        "Image":  "C:\\Users\\Stage.Ali\\Desktop\\Malware\\09197780e4de9aa1abaa44d580b3102138c6d3a03ab46b518f88f8c40dc882df.exe",
        "CommandLine":  null,
        "User":  "DESKTOP-KVSEOF0\\Stage.Ali",
        "TargetFilename":  null,
        "DestinationIp":  null,
        "DestinationPort":  null,
        "SourceIp":  null,
        "SourcePort":  null,
        "Protocol":  null,
        "QueryName":  null,
        "Details":  {
                        "Description":  "System.Configuration.dll",
                        "SignatureStatus":  "Unavailable",
                        "Signature":  "-",
                        "Hashes":  "MD5=C7B0C0D9F8B278EE98062836A773E554,SHA256=2E3FAEC4A5102B54E4E614C56DB9D4078444D7C70DB23E3C0EF0DEBB422F56A0",
                        "Image":  "C:\\Users\\Stage.Ali\\Desktop\\Malware\\09197780e4de9aa1abaa44d580b3102138c6d3a03ab46b518f88f8c40dc882df.exe",
                        "UtcTime":  "2025-09-03 15:38:54.897",
                        "ProcessGuid":  "{f1988ae2-610e-68b8-7600-000000001e00}",
                        "Company":  "Microsoft Corporation",
                        "ImageLoaded":  "C:\\Windows\\assembly\\NativeImages_v4.0.30319_32\\System.Configuration\\2192b0d5aa4aa14486ae08118d3b9fcc\\System.Configuration.ni.dll",
                        "FileVersion":  "4.8.4190.0 built by: NET48REL1LAST_B",
                        "User":  "DESKTOP-KVSEOF0\\Stage.Ali",
                        "RuleName":  "-",
                        "Product":  "Microsoft® .NET Framework",
                        "ProcessId":  "4436",
                        "OriginalFileName":  "System.Configuration.dll",
                        "Signed":  "false"
                    }
    },
    {
        "EventId":  7,
        "TimeCreated":  "\/Date(1756913934900)\/",
        "ProcessGuid":  "{f1988ae2-610e-68b8-7600-000000001e00}",
        "ProcessId":  "4436",
        "ParentProcessGuid":  null,
        "Image":  "C:\\Users\\Stage.Ali\\Desktop\\Malware\\09197780e4de9aa1abaa44d580b3102138c6d3a03ab46b518f88f8c40dc882df.exe",
        "CommandLine":  null,
        "User":  "DESKTOP-KVSEOF0\\Stage.Ali",
        "TargetFilename":  null,
        "DestinationIp":  null,
        "DestinationPort":  null,
        "SourceIp":  null,
        "SourcePort":  null,
        "Protocol":  null,
        "QueryName":  null,
        "Details":  {
                        "Description":  ".NET Framework",
                        "SignatureStatus":  "Unavailable",
                        "Signature":  "-",
                        "Hashes":  "MD5=47B97FB4B6FE2FD7C030B73BD50E70EF,SHA256=62716495CF0E0FA11252F4A95B0672257AB1F55932E5C891FD65DF3FE17B7559",
                        "Image":  "C:\\Users\\Stage.Ali\\Desktop\\Malware\\09197780e4de9aa1abaa44d580b3102138c6d3a03ab46b518f88f8c40dc882df.exe",
                        "UtcTime":  "2025-09-03 15:38:54.897",
                        "ProcessGuid":  "{f1988ae2-610e-68b8-7600-000000001e00}",
                        "Company":  "Microsoft Corporation",
                        "ImageLoaded":  "C:\\Windows\\assembly\\NativeImages_v4.0.30319_32\\System.Core\\8b2c1203fd20aea8260bfbc518004720\\System.Core.ni.dll",
                        "FileVersion":  "4.8.4536.0 built by: NET48REL1LAST_C",
                        "User":  "DESKTOP-KVSEOF0\\Stage.Ali",
                        "RuleName":  "-",
                        "Product":  "Microsoft® .NET Framework",
                        "ProcessId":  "4436",
                        "OriginalFileName":  "System.Core.dll",
                        "Signed":  "false"
                    }
    },
    {
        "EventId":  7,
        "TimeCreated":  "\/Date(1756913934894)\/",
        "ProcessGuid":  "{f1988ae2-610e-68b8-7600-000000001e00}",
        "ProcessId":  "4436",
        "ParentProcessGuid":  null,
        "Image":  "C:\\Users\\Stage.Ali\\Desktop\\Malware\\09197780e4de9aa1abaa44d580b3102138c6d3a03ab46b518f88f8c40dc882df.exe",
        "CommandLine":  null,
        "User":  "DESKTOP-KVSEOF0\\Stage.Ali",
        "TargetFilename":  null,
        "DestinationIp":  null,
        "DestinationPort":  null,
        "SourceIp":  null,
        "SourcePort":  null,
        "Protocol":  null,
        "QueryName":  null,
        "Details":  {
                        "Description":  "SHCORE",
                        "SignatureStatus":  "Valid",
                        "Signature":  "Microsoft Windows",
                        "Hashes":  "MD5=2CE82BD239A502E5317D78978FCE3671,SHA256=66B6F29A092AB5B20DB60BD19F27816022F1775526B8E8848A4033DB80CA316A",
                        "Image":  "C:\\Users\\Stage.Ali\\Desktop\\Malware\\09197780e4de9aa1abaa44d580b3102138c6d3a03ab46b518f88f8c40dc882df.exe",
                        "UtcTime":  "2025-09-03 15:38:54.886",
                        "ProcessGuid":  "{f1988ae2-610e-68b8-7600-000000001e00}",
                        "Company":  "Microsoft Corporation",
                        "ImageLoaded":  "C:\\Windows\\SysWOW64\\SHCore.dll",
                        "FileVersion":  "10.0.19041.1645 (WinBuild.160101.0800)",
                        "User":  "DESKTOP-KVSEOF0\\Stage.Ali",
                        "RuleName":  "-",
                        "Product":  "Microsoft® Windows® Operating System",
                        "ProcessId":  "4436",
                        "OriginalFileName":  "SHCORE.dll",
                        "Signed":  "true"
                    }
    },
    {
        "EventId":  7,
        "TimeCreated":  "\/Date(1756913934893)\/",
        "ProcessGuid":  "{f1988ae2-610e-68b8-7600-000000001e00}",
        "ProcessId":  "4436",
        "ParentProcessGuid":  null,
        "Image":  "C:\\Users\\Stage.Ali\\Desktop\\Malware\\09197780e4de9aa1abaa44d580b3102138c6d3a03ab46b518f88f8c40dc882df.exe",
        "CommandLine":  null,
        "User":  "DESKTOP-KVSEOF0\\Stage.Ali",
        "TargetFilename":  null,
        "DestinationIp":  null,
        "DestinationPort":  null,
        "SourceIp":  null,
        "SourcePort":  null,
        "Protocol":  null,
        "QueryName":  null,
        "Details":  {
                        "Description":  "Windows Lockdown Policy",
                        "SignatureStatus":  "Valid",
                        "Signature":  "Microsoft Windows",
                        "Hashes":  "MD5=4B2A91690065EF49E347387AC94CA461,SHA256=45A62CFA448831E7F0C2F6DCCB710DD96DFA612F5F0B2787C827B689772E9CC1",
                        "Image":  "C:\\Users\\Stage.Ali\\Desktop\\Malware\\09197780e4de9aa1abaa44d580b3102138c6d3a03ab46b518f88f8c40dc882df.exe",
                        "UtcTime":  "2025-09-03 15:38:54.886",
                        "ProcessGuid":  "{f1988ae2-610e-68b8-7600-000000001e00}",
                        "Company":  "Microsoft Corporation",
                        "ImageLoaded":  "C:\\Windows\\SysWOW64\\wldp.dll",
                        "FileVersion":  "10.0.19041.1949 (WinBuild.160101.0800)",
                        "User":  "DESKTOP-KVSEOF0\\Stage.Ali",
                        "RuleName":  "-",
                        "Product":  "Microsoft® Windows® Operating System",
                        "ProcessId":  "4436",
                        "OriginalFileName":  "wldp.dll",
                        "Signed":  "true"
                    }
    },
    {
        "EventId":  7,
        "TimeCreated":  "\/Date(1756913934893)\/",
        "ProcessGuid":  "{f1988ae2-610e-68b8-7600-000000001e00}",
        "ProcessId":  "4436",
        "ParentProcessGuid":  null,
        "Image":  "C:\\Users\\Stage.Ali\\Desktop\\Malware\\09197780e4de9aa1abaa44d580b3102138c6d3a03ab46b518f88f8c40dc882df.exe",
        "CommandLine":  null,
        "User":  "DESKTOP-KVSEOF0\\Stage.Ali",
        "TargetFilename":  null,
        "DestinationIp":  null,
        "DestinationPort":  null,
        "SourceIp":  null,
        "SourcePort":  null,
        "Protocol":  null,
        "QueryName":  null,
        "Details":  {
                        "Description":  "Microsoft WinRT Storage API",
                        "SignatureStatus":  "Valid",
                        "Signature":  "Microsoft Windows",
                        "Hashes":  "MD5=EC0EA3DA3D38C8FC51B6C6B3FCBF8A75,SHA256=C68985EA4A71FA531741B6B434D5D8D0DC9AD8D32BCB0061D7D4CF5BAED765FD",
                        "Image":  "C:\\Users\\Stage.Ali\\Desktop\\Malware\\09197780e4de9aa1abaa44d580b3102138c6d3a03ab46b518f88f8c40dc882df.exe",
                        "UtcTime":  "2025-09-03 15:38:54.886",
                        "ProcessGuid":  "{f1988ae2-610e-68b8-7600-000000001e00}",
                        "Company":  "Microsoft Corporation",
                        "ImageLoaded":  "C:\\Windows\\SysWOW64\\windows.storage.dll",
                        "FileVersion":  "10.0.19041.1949 (WinBuild.160101.0800)",
                        "User":  "DESKTOP-KVSEOF0\\Stage.Ali",
                        "RuleName":  "-",
                        "Product":  "Microsoft® Windows® Operating System",
                        "ProcessId":  "4436",
                        "OriginalFileName":  "Windows.Storage.dll",
                        "Signed":  "true"
                    }
    },
    {
        "EventId":  7,
        "TimeCreated":  "\/Date(1756913934893)\/",
        "ProcessGuid":  "{f1988ae2-610e-68b8-7600-000000001e00}",
        "ProcessId":  "4436",
        "ParentProcessGuid":  null,
        "Image":  "C:\\Users\\Stage.Ali\\Desktop\\Malware\\09197780e4de9aa1abaa44d580b3102138c6d3a03ab46b518f88f8c40dc882df.exe",
        "CommandLine":  null,
        "User":  "DESKTOP-KVSEOF0\\Stage.Ali",
        "TargetFilename":  null,
        "DestinationIp":  null,
        "DestinationPort":  null,
        "SourceIp":  null,
        "SourcePort":  null,
        "Protocol":  null,
        "QueryName":  null,
        "Details":  {
                        "Description":  "Windows Shell Common Dll",
                        "SignatureStatus":  "Valid",
                        "Signature":  "Microsoft Windows",
                        "Hashes":  "MD5=6F62CC2C44A10DC6A09D24593D51644A,SHA256=907CAE9C96FD13DE4E0592BE9B25A214D22A4F452E8BAE80C860EF5418029D29",
                        "Image":  "C:\\Users\\Stage.Ali\\Desktop\\Malware\\09197780e4de9aa1abaa44d580b3102138c6d3a03ab46b518f88f8c40dc882df.exe",
                        "UtcTime":  "2025-09-03 15:38:54.886",
                        "ProcessGuid":  "{f1988ae2-610e-68b8-7600-000000001e00}",
                        "Company":  "Microsoft Corporation",
                        "ImageLoaded":  "C:\\Windows\\SysWOW64\\shell32.dll",
                        "FileVersion":  "10.0.19041.1949 (WinBuild.160101.0800)",
                        "User":  "DESKTOP-KVSEOF0\\Stage.Ali",
                        "RuleName":  "-",
                        "Product":  "Microsoft® Windows® Operating System",
                        "ProcessId":  "4436",
                        "OriginalFileName":  "SHELL32.DLL",
                        "Signed":  "true"
                    }
    },
    {
        "EventId":  5,
        "TimeCreated":  "\/Date(1756913934865)\/",
        "ProcessGuid":  "{f1988ae2-60fb-68b8-7300-000000001e00}",
        "ProcessId":  "2872",
        "ParentProcessGuid":  null,
        "Image":  "C:\\Users\\Stage.Ali\\Desktop\\Malware\\09197780e4de9aa1abaa44d580b3102138c6d3a03ab46b518f88f8c40dc882df.exe",
        "CommandLine":  null,
        "User":  "DESKTOP-KVSEOF0\\Stage.Ali",
        "TargetFilename":  null,
        "DestinationIp":  null,
        "DestinationPort":  null,
        "SourceIp":  null,
        "SourcePort":  null,
        "Protocol":  null,
        "QueryName":  null,
        "Details":  {
                        "Image":  "C:\\Users\\Stage.Ali\\Desktop\\Malware\\09197780e4de9aa1abaa44d580b3102138c6d3a03ab46b518f88f8c40dc882df.exe",
                        "ProcessGuid":  "{f1988ae2-60fb-68b8-7300-000000001e00}",
                        "ProcessId":  "2872",
                        "UtcTime":  "2025-09-03 15:38:54.862",
                        "RuleName":  "-",
                        "User":  "DESKTOP-KVSEOF0\\Stage.Ali"
                    }
    },
    {
        "EventId":  7,
        "TimeCreated":  "\/Date(1756913934855)\/",
        "ProcessGuid":  "{f1988ae2-610e-68b8-7600-000000001e00}",
        "ProcessId":  "4436",
        "ParentProcessGuid":  null,
        "Image":  "C:\\Users\\Stage.Ali\\Desktop\\Malware\\09197780e4de9aa1abaa44d580b3102138c6d3a03ab46b518f88f8c40dc882df.exe",
        "CommandLine":  null,
        "User":  "DESKTOP-KVSEOF0\\Stage.Ali",
        "TargetFilename":  null,
        "DestinationIp":  null,
        "DestinationPort":  null,
        "SourceIp":  null,
        "SourcePort":  null,
        "Protocol":  null,
        "QueryName":  null,
        "Details":  {
                        "Description":  "Visual Basic Runtime Library",
                        "SignatureStatus":  "Valid",
                        "Signature":  "Microsoft Corporation",
                        "Hashes":  "MD5=F14DD2091154CDB52E3D5923D645C1BF,SHA256=331D92C3B63CFD12729869ECF4C2C05C09CF5D9A73842BE74E73CCFB3030AF91",
                        "Image":  "C:\\Users\\Stage.Ali\\Desktop\\Malware\\09197780e4de9aa1abaa44d580b3102138c6d3a03ab46b518f88f8c40dc882df.exe",
                        "UtcTime":  "2025-09-03 15:38:54.849",
                        "ProcessGuid":  "{f1988ae2-610e-68b8-7600-000000001e00}",
                        "Company":  "Microsoft Corporation",
                        "ImageLoaded":  "C:\\Windows\\Microsoft.NET\\assembly\\GAC_MSIL\\Microsoft.VisualBasic\\v4.0_10.0.0.0__b03f5f7f11d50a3a\\Microsoft.VisualBasic.dll",
                        "FileVersion":  "14.8.4084.0 built by: NET48REL1",
                        "User":  "DESKTOP-KVSEOF0\\Stage.Ali",
                        "RuleName":  "-",
                        "Product":  "Microsoft® .NET Framework",
                        "ProcessId":  "4436",
                        "OriginalFileName":  "Microsoft.VisualBasic.DLL",
                        "Signed":  "true"
                    }
    },
    {
        "EventId":  7,
        "TimeCreated":  "\/Date(1756913934854)\/",
        "ProcessGuid":  "{f1988ae2-610e-68b8-7600-000000001e00}",
        "ProcessId":  "4436",
        "ParentProcessGuid":  null,
        "Image":  "C:\\Users\\Stage.Ali\\Desktop\\Malware\\09197780e4de9aa1abaa44d580b3102138c6d3a03ab46b518f88f8c40dc882df.exe",
        "CommandLine":  null,
        "User":  "DESKTOP-KVSEOF0\\Stage.Ali",
        "TargetFilename":  null,
        "DestinationIp":  null,
        "DestinationPort":  null,
        "SourceIp":  null,
        "SourcePort":  null,
        "Protocol":  null,
        "QueryName":  null,
        "Details":  {
                        "Description":  "Visual Basic Runtime Library",
                        "SignatureStatus":  "Valid",
                        "Signature":  "Microsoft Corporation",
                        "Hashes":  "MD5=F14DD2091154CDB52E3D5923D645C1BF,SHA256=331D92C3B63CFD12729869ECF4C2C05C09CF5D9A73842BE74E73CCFB3030AF91",
                        "Image":  "C:\\Users\\Stage.Ali\\Desktop\\Malware\\09197780e4de9aa1abaa44d580b3102138c6d3a03ab46b518f88f8c40dc882df.exe",
                        "UtcTime":  "2025-09-03 15:38:54.849",
                        "ProcessGuid":  "{f1988ae2-610e-68b8-7600-000000001e00}",
                        "Company":  "Microsoft Corporation",
                        "ImageLoaded":  "C:\\Windows\\Microsoft.NET\\assembly\\GAC_MSIL\\Microsoft.VisualBasic\\v4.0_10.0.0.0__b03f5f7f11d50a3a\\Microsoft.VisualBasic.dll",
                        "FileVersion":  "14.8.4084.0 built by: NET48REL1",
                        "User":  "DESKTOP-KVSEOF0\\Stage.Ali",
                        "RuleName":  "-",
                        "Product":  "Microsoft® .NET Framework",
                        "ProcessId":  "4436",
                        "OriginalFileName":  "Microsoft.VisualBasic.DLL",
                        "Signed":  "true"
                    }
    },
    {
        "EventId":  7,
        "TimeCreated":  "\/Date(1756913934844)\/",
        "ProcessGuid":  "{f1988ae2-610e-68b8-7600-000000001e00}",
        "ProcessId":  "4436",
        "ParentProcessGuid":  null,
        "Image":  "C:\\Users\\Stage.Ali\\Desktop\\Malware\\09197780e4de9aa1abaa44d580b3102138c6d3a03ab46b518f88f8c40dc882df.exe",
        "CommandLine":  null,
        "User":  "DESKTOP-KVSEOF0\\Stage.Ali",
        "TargetFilename":  null,
        "DestinationIp":  null,
        "DestinationPort":  null,
        "SourceIp":  null,
        "SourcePort":  null,
        "Protocol":  null,
        "QueryName":  null,
        "Details":  {
                        "Description":  ".NET Framework",
                        "SignatureStatus":  "Unavailable",
                        "Signature":  "-",
                        "Hashes":  "MD5=594BFE4D04BD2B4FDB815748A2B82A68,SHA256=A40BB46D7A8637F63E81F37AE1C4C72209E7E0B1D3248B0E6C72230B36F4795E",
                        "Image":  "C:\\Users\\Stage.Ali\\Desktop\\Malware\\09197780e4de9aa1abaa44d580b3102138c6d3a03ab46b518f88f8c40dc882df.exe",
                        "UtcTime":  "2025-09-03 15:38:54.836",
                        "ProcessGuid":  "{f1988ae2-610e-68b8-7600-000000001e00}",
                        "Company":  "Microsoft Corporation",
                        "ImageLoaded":  "C:\\Windows\\assembly\\NativeImages_v4.0.30319_32\\System\\920e3d1d70447c3c10e69e6df0766568\\System.ni.dll",
                        "FileVersion":  "4.8.4536.0 built by: NET48REL1LAST_C",
                        "User":  "DESKTOP-KVSEOF0\\Stage.Ali",
                        "RuleName":  "-",
                        "Product":  "Microsoft® .NET Framework",
                        "ProcessId":  "4436",
                        "OriginalFileName":  "System.dll",
                        "Signed":  "false"
                    }
    },
    {
        "EventId":  7,
        "TimeCreated":  "\/Date(1756913934837)\/",
        "ProcessGuid":  "{f1988ae2-610e-68b8-7600-000000001e00}",
        "ProcessId":  "4436",
        "ParentProcessGuid":  null,
        "Image":  "C:\\Users\\Stage.Ali\\Desktop\\Malware\\09197780e4de9aa1abaa44d580b3102138c6d3a03ab46b518f88f8c40dc882df.exe",
        "CommandLine":  null,
        "User":  "DESKTOP-KVSEOF0\\Stage.Ali",
        "TargetFilename":  null,
        "DestinationIp":  null,
        "DestinationPort":  null,
        "SourceIp":  null,
        "SourcePort":  null,
        "Protocol":  null,
        "QueryName":  null,
        "Details":  {
                        "Description":  ".NET Framework",
                        "SignatureStatus":  "Valid",
                        "Signature":  "Microsoft Corporation",
                        "Hashes":  "MD5=549DC4948D587BF43AD9CB395B6B02FB,SHA256=E1454146B355178DDF7CA2288CB348BF96F220829DBA69AAB72ACCA2787975B3",
                        "Image":  "C:\\Users\\Stage.Ali\\Desktop\\Malware\\09197780e4de9aa1abaa44d580b3102138c6d3a03ab46b518f88f8c40dc882df.exe",
                        "UtcTime":  "2025-09-03 15:38:54.836",
                        "ProcessGuid":  "{f1988ae2-610e-68b8-7600-000000001e00}",
                        "Company":  "Microsoft Corporation",
                        "ImageLoaded":  "C:\\Windows\\Microsoft.NET\\assembly\\GAC_MSIL\\System.Windows.Forms\\v4.0_4.0.0.0__b77a5c561934e089\\System.Windows.Forms.dll",
                        "FileVersion":  "4.8.4550.0 built by: NET48REL1LAST_C",
                        "User":  "DESKTOP-KVSEOF0\\Stage.Ali",
                        "RuleName":  "-",
                        "Product":  "Microsoft® .NET Framework",
                        "ProcessId":  "4436",
                        "OriginalFileName":  "System.Windows.Forms.dll",
                        "Signed":  "true"
                    }
    },
    {
        "EventId":  7,
        "TimeCreated":  "\/Date(1756913934837)\/",
        "ProcessGuid":  "{f1988ae2-610e-68b8-7600-000000001e00}",
        "ProcessId":  "4436",
        "ParentProcessGuid":  null,
        "Image":  "C:\\Users\\Stage.Ali\\Desktop\\Malware\\09197780e4de9aa1abaa44d580b3102138c6d3a03ab46b518f88f8c40dc882df.exe",
        "CommandLine":  null,
        "User":  "DESKTOP-KVSEOF0\\Stage.Ali",
        "TargetFilename":  null,
        "DestinationIp":  null,
        "DestinationPort":  null,
        "SourceIp":  null,
        "SourcePort":  null,
        "Protocol":  null,
        "QueryName":  null,
        "Details":  {
                        "Description":  ".NET Framework",
                        "SignatureStatus":  "Valid",
                        "Signature":  "Microsoft Corporation",
                        "Hashes":  "MD5=549DC4948D587BF43AD9CB395B6B02FB,SHA256=E1454146B355178DDF7CA2288CB348BF96F220829DBA69AAB72ACCA2787975B3",
                        "Image":  "C:\\Users\\Stage.Ali\\Desktop\\Malware\\09197780e4de9aa1abaa44d580b3102138c6d3a03ab46b518f88f8c40dc882df.exe",
                        "UtcTime":  "2025-09-03 15:38:54.836",
                        "ProcessGuid":  "{f1988ae2-610e-68b8-7600-000000001e00}",
                        "Company":  "Microsoft Corporation",
                        "ImageLoaded":  "C:\\Windows\\Microsoft.NET\\assembly\\GAC_MSIL\\System.Windows.Forms\\v4.0_4.0.0.0__b77a5c561934e089\\System.Windows.Forms.dll",
                        "FileVersion":  "4.8.4550.0 built by: NET48REL1LAST_C",
                        "User":  "DESKTOP-KVSEOF0\\Stage.Ali",
                        "RuleName":  "-",
                        "Product":  "Microsoft® .NET Framework",
                        "ProcessId":  "4436",
                        "OriginalFileName":  "System.Windows.Forms.dll",
                        "Signed":  "true"
                    }
    },
    {
        "EventId":  13,
        "TimeCreated":  "\/Date(1756913934837)\/",
        "ProcessGuid":  "{f1988ae2-60fb-68b8-7300-000000001e00}",
        "ProcessId":  "2872",
        "ParentProcessGuid":  null,
        "Image":  "C:\\Users\\Stage.Ali\\Desktop\\Malware\\09197780e4de9aa1abaa44d580b3102138c6d3a03ab46b518f88f8c40dc882df.exe",
        "CommandLine":  null,
        "User":  "DESKTOP-KVSEOF0\\Stage.Ali",
        "TargetFilename":  null,
        "DestinationIp":  null,
        "DestinationPort":  null,
        "SourceIp":  null,
        "SourcePort":  null,
        "Protocol":  null,
        "QueryName":  null,
        "Details":  {
                        "Image":  "C:\\Users\\Stage.Ali\\Desktop\\Malware\\09197780e4de9aa1abaa44d580b3102138c6d3a03ab46b518f88f8c40dc882df.exe",
                        "ProcessGuid":  "{f1988ae2-60fb-68b8-7300-000000001e00}",
                        "Details":  "Binary Data",
                        "TargetObject":  "HKLM\\SOFTWARE\\Microsoft\\Windows NT\\CurrentVersion\\Notifications\\Data\\418A073AA3BC1C75",
                        "ProcessId":  "2872",
                        "UtcTime":  "2025-09-03 15:38:54.830",
                        "RuleName":  "-",
                        "EventType":  "SetValue",
                        "User":  "DESKTOP-KVSEOF0\\Stage.Ali"
                    }
    },
    {
        "EventId":  13,
        "TimeCreated":  "\/Date(1756913934837)\/",
        "ProcessGuid":  "{f1988ae2-60fb-68b8-7300-000000001e00}",
        "ProcessId":  "2872",
        "ParentProcessGuid":  null,
        "Image":  "C:\\Users\\Stage.Ali\\Desktop\\Malware\\09197780e4de9aa1abaa44d580b3102138c6d3a03ab46b518f88f8c40dc882df.exe",
        "CommandLine":  null,
        "User":  "DESKTOP-KVSEOF0\\Stage.Ali",
        "TargetFilename":  null,
        "DestinationIp":  null,
        "DestinationPort":  null,
        "SourceIp":  null,
        "SourcePort":  null,
        "Protocol":  null,
        "QueryName":  null,
        "Details":  {
                        "Image":  "C:\\Users\\Stage.Ali\\Desktop\\Malware\\09197780e4de9aa1abaa44d580b3102138c6d3a03ab46b518f88f8c40dc882df.exe",
                        "ProcessGuid":  "{f1988ae2-60fb-68b8-7300-000000001e00}",
                        "Details":  "Binary Data",
                        "TargetObject":  "HKLM\\SOFTWARE\\Microsoft\\Windows NT\\CurrentVersion\\Notifications\\Data\\418A073AA3BC1C75",
                        "ProcessId":  "2872",
                        "UtcTime":  "2025-09-03 15:38:54.830",
                        "RuleName":  "-",
                        "EventType":  "SetValue",
                        "User":  "DESKTOP-KVSEOF0\\Stage.Ali"
                    }
    },
    {
        "EventId":  13,
        "TimeCreated":  "\/Date(1756913934837)\/",
        "ProcessGuid":  "{f1988ae2-60fb-68b8-7300-000000001e00}",
        "ProcessId":  "2872",
        "ParentProcessGuid":  null,
        "Image":  "C:\\Users\\Stage.Ali\\Desktop\\Malware\\09197780e4de9aa1abaa44d580b3102138c6d3a03ab46b518f88f8c40dc882df.exe",
        "CommandLine":  null,
        "User":  "DESKTOP-KVSEOF0\\Stage.Ali",
        "TargetFilename":  null,
        "DestinationIp":  null,
        "DestinationPort":  null,
        "SourceIp":  null,
        "SourcePort":  null,
        "Protocol":  null,
        "QueryName":  null,
        "Details":  {
                        "Image":  "C:\\Users\\Stage.Ali\\Desktop\\Malware\\09197780e4de9aa1abaa44d580b3102138c6d3a03ab46b518f88f8c40dc882df.exe",
                        "ProcessGuid":  "{f1988ae2-60fb-68b8-7300-000000001e00}",
                        "Details":  "Binary Data",
                        "TargetObject":  "HKLM\\SOFTWARE\\Microsoft\\Windows NT\\CurrentVersion\\Notifications\\Data\\418A073AA3BC3475",
                        "ProcessId":  "2872",
                        "UtcTime":  "2025-09-03 15:38:54.830",
                        "RuleName":  "-",
                        "EventType":  "SetValue",
                        "User":  "DESKTOP-KVSEOF0\\Stage.Ali"
                    }
    },
    {
        "EventId":  7,
        "TimeCreated":  "\/Date(1756913934837)\/",
        "ProcessGuid":  "{f1988ae2-610e-68b8-7600-000000001e00}",
        "ProcessId":  "4436",
        "ParentProcessGuid":  null,
        "Image":  "C:\\Users\\Stage.Ali\\Desktop\\Malware\\09197780e4de9aa1abaa44d580b3102138c6d3a03ab46b518f88f8c40dc882df.exe",
        "CommandLine":  null,
        "User":  "DESKTOP-KVSEOF0\\Stage.Ali",
        "TargetFilename":  null,
        "DestinationIp":  null,
        "DestinationPort":  null,
        "SourceIp":  null,
        "SourcePort":  null,
        "Protocol":  null,
        "QueryName":  null,
        "Details":  {
                        "Description":  "OLEAUT32.DLL",
                        "SignatureStatus":  "Valid",
                        "Signature":  "Microsoft Windows",
                        "Hashes":  "MD5=C9BC0A91ED487783B2E0E98599F8FE73,SHA256=955F57E114F0D82CA227554DE2AAFB025A73229DE49C2D74B0688799C3D1C3EF",
                        "Image":  "C:\\Users\\Stage.Ali\\Desktop\\Malware\\09197780e4de9aa1abaa44d580b3102138c6d3a03ab46b518f88f8c40dc882df.exe",
                        "UtcTime":  "2025-09-03 15:38:54.830",
                        "ProcessGuid":  "{f1988ae2-610e-68b8-7600-000000001e00}",
                        "Company":  "Microsoft Corporation",
                        "ImageLoaded":  "C:\\Windows\\SysWOW64\\oleaut32.dll",
                        "FileVersion":  "10.0.19041.985 (WinBuild.160101.0800)",
                        "User":  "DESKTOP-KVSEOF0\\Stage.Ali",
                        "RuleName":  "-",
                        "Product":  "Microsoft® Windows® Operating System",
                        "ProcessId":  "4436",
                        "OriginalFileName":  "OLEAUT32.DLL",
                        "Signed":  "true"
                    }
    },
    {
        "EventId":  7,
        "TimeCreated":  "\/Date(1756913934832)\/",
        "ProcessGuid":  "{f1988ae2-610e-68b8-7600-000000001e00}",
        "ProcessId":  "4436",
        "ParentProcessGuid":  null,
        "Image":  "C:\\Users\\Stage.Ali\\Desktop\\Malware\\09197780e4de9aa1abaa44d580b3102138c6d3a03ab46b518f88f8c40dc882df.exe",
        "CommandLine":  null,
        "User":  "DESKTOP-KVSEOF0\\Stage.Ali",
        "TargetFilename":  null,
        "DestinationIp":  null,
        "DestinationPort":  null,
        "SourceIp":  null,
        "SourcePort":  null,
        "Protocol":  null,
        "QueryName":  null,
        "Details":  {
                        "Description":  "Microsoft .NET Runtime Just-In-Time Compiler",
                        "SignatureStatus":  "Valid",
                        "Signature":  "Microsoft Corporation",
                        "Hashes":  "MD5=BDB529351EF19A7FC0E57E6BD4B9F916,SHA256=D7A45BE4E90F90DB31F5DC1AA0F658DCE4B2A6D84518A064ABC767756E5B8506",
                        "Image":  "C:\\Users\\Stage.Ali\\Desktop\\Malware\\09197780e4de9aa1abaa44d580b3102138c6d3a03ab46b518f88f8c40dc882df.exe",
                        "UtcTime":  "2025-09-03 15:38:54.830",
                        "ProcessGuid":  "{f1988ae2-610e-68b8-7600-000000001e00}",
                        "Company":  "Microsoft Corporation",
                        "ImageLoaded":  "C:\\Windows\\Microsoft.NET\\Framework\\v4.0.30319\\clrjit.dll",
                        "FileVersion":  "4.8.4515.0 built by: NET48REL1LAST_C",
                        "User":  "DESKTOP-KVSEOF0\\Stage.Ali",
                        "RuleName":  "-",
                        "Product":  "Microsoft® .NET Framework",
                        "ProcessId":  "4436",
                        "OriginalFileName":  "clrjit.dll",
                        "Signed":  "true"
                    }
    },
    {
        "EventId":  7,
        "TimeCreated":  "\/Date(1756913934832)\/",
        "ProcessGuid":  "{f1988ae2-610e-68b8-7600-000000001e00}",
        "ProcessId":  "4436",
        "ParentProcessGuid":  null,
        "Image":  "C:\\Users\\Stage.Ali\\Desktop\\Malware\\09197780e4de9aa1abaa44d580b3102138c6d3a03ab46b518f88f8c40dc882df.exe",
        "CommandLine":  null,
        "User":  "DESKTOP-KVSEOF0\\Stage.Ali",
        "TargetFilename":  null,
        "DestinationIp":  null,
        "DestinationPort":  null,
        "SourceIp":  null,
        "SourcePort":  null,
        "Protocol":  null,
        "QueryName":  null,
        "Details":  {
                        "Description":  "Windows Cryptographic Primitives Library",
                        "SignatureStatus":  "Valid",
                        "Signature":  "Microsoft Windows",
                        "Hashes":  "MD5=D3836E31C326513F7C034987A5F3854E,SHA256=70862E0761DF117A149D536FB333356902B6DEA0CE68E2E6FC061E22DF748A51",
                        "Image":  "C:\\Users\\Stage.Ali\\Desktop\\Malware\\09197780e4de9aa1abaa44d580b3102138c6d3a03ab46b518f88f8c40dc882df.exe",
                        "UtcTime":  "2025-09-03 15:38:54.821",
                        "ProcessGuid":  "{f1988ae2-610e-68b8-7600-000000001e00}",
                        "Company":  "Microsoft Corporation",
                        "ImageLoaded":  "C:\\Windows\\SysWOW64\\bcryptprimitives.dll",
                        "FileVersion":  "10.0.19041.1415 (WinBuild.160101.0800)",
                        "User":  "DESKTOP-KVSEOF0\\Stage.Ali",
                        "RuleName":  "-",
                        "Product":  "Microsoft® Windows® Operating System",
                        "ProcessId":  "4436",
                        "OriginalFileName":  "bcryptprimitives.dll",
                        "Signed":  "true"
                    }
    },
    {
        "EventId":  7,
        "TimeCreated":  "\/Date(1756913934831)\/",
        "ProcessGuid":  "{f1988ae2-610e-68b8-7600-000000001e00}",
        "ProcessId":  "4436",
        "ParentProcessGuid":  null,
        "Image":  "C:\\Users\\Stage.Ali\\Desktop\\Malware\\09197780e4de9aa1abaa44d580b3102138c6d3a03ab46b518f88f8c40dc882df.exe",
        "CommandLine":  null,
        "User":  "DESKTOP-KVSEOF0\\Stage.Ali",
        "TargetFilename":  null,
        "DestinationIp":  null,
        "DestinationPort":  null,
        "SourceIp":  null,
        "SourcePort":  null,
        "Protocol":  null,
        "QueryName":  null,
        "Details":  {
                        "Description":  "Microsoft COM for Windows",
                        "SignatureStatus":  "Valid",
                        "Signature":  "Microsoft Windows",
                        "Hashes":  "MD5=03EC170067BB2A92AA1FD4C07D76E01C,SHA256=BEBDA725771D1427749443777879B83AA8043AA4C90AFDA7381C939CC89CC80F",
                        "Image":  "C:\\Users\\Stage.Ali\\Desktop\\Malware\\09197780e4de9aa1abaa44d580b3102138c6d3a03ab46b518f88f8c40dc882df.exe",
                        "UtcTime":  "2025-09-03 15:38:54.821",
                        "ProcessGuid":  "{f1988ae2-610e-68b8-7600-000000001e00}",
                        "Company":  "Microsoft Corporation",
                        "ImageLoaded":  "C:\\Windows\\SysWOW64\\combase.dll",
                        "FileVersion":  "10.0.19041.1949 (WinBuild.160101.0800)",
                        "User":  "DESKTOP-KVSEOF0\\Stage.Ali",
                        "RuleName":  "-",
                        "Product":  "Microsoft® Windows® Operating System",
                        "ProcessId":  "4436",
                        "OriginalFileName":  "COMBASE.DLL",
                        "Signed":  "true"
                    }
    },
    {
        "EventId":  7,
        "TimeCreated":  "\/Date(1756913934831)\/",
        "ProcessGuid":  "{f1988ae2-610e-68b8-7600-000000001e00}",
        "ProcessId":  "4436",
        "ParentProcessGuid":  null,
        "Image":  "C:\\Users\\Stage.Ali\\Desktop\\Malware\\09197780e4de9aa1abaa44d580b3102138c6d3a03ab46b518f88f8c40dc882df.exe",
        "CommandLine":  null,
        "User":  "DESKTOP-KVSEOF0\\Stage.Ali",
        "TargetFilename":  null,
        "DestinationIp":  null,
        "DestinationPort":  null,
        "SourceIp":  null,
        "SourcePort":  null,
        "Protocol":  null,
        "QueryName":  null,
        "Details":  {
                        "Description":  "Microsoft OLE for Windows",
                        "SignatureStatus":  "Valid",
                        "Signature":  "Microsoft Windows",
                        "Hashes":  "MD5=1A66350961455C2D9A83440D69F8F20A,SHA256=E278DD069155F90724457D9F5A6D2C1870D766310D026B0D18748C7CB879DF54",
                        "Image":  "C:\\Users\\Stage.Ali\\Desktop\\Malware\\09197780e4de9aa1abaa44d580b3102138c6d3a03ab46b518f88f8c40dc882df.exe",
                        "UtcTime":  "2025-09-03 15:38:54.821",
                        "ProcessGuid":  "{f1988ae2-610e-68b8-7600-000000001e00}",
                        "Company":  "Microsoft Corporation",
                        "ImageLoaded":  "C:\\Windows\\SysWOW64\\ole32.dll",
                        "FileVersion":  "10.0.19041.1202 (WinBuild.160101.0800)",
                        "User":  "DESKTOP-KVSEOF0\\Stage.Ali",
                        "RuleName":  "-",
                        "Product":  "Microsoft® Windows® Operating System",
                        "ProcessId":  "4436",
                        "OriginalFileName":  "OLE32.DLL",
                        "Signed":  "true"
                    }
    },
    {
        "EventId":  7,
        "TimeCreated":  "\/Date(1756913934831)\/",
        "ProcessGuid":  "{f1988ae2-610e-68b8-7600-000000001e00}",
        "ProcessId":  "4436",
        "ParentProcessGuid":  null,
        "Image":  "C:\\Users\\Stage.Ali\\Desktop\\Malware\\09197780e4de9aa1abaa44d580b3102138c6d3a03ab46b518f88f8c40dc882df.exe",
        "CommandLine":  null,
        "User":  "DESKTOP-KVSEOF0\\Stage.Ali",
        "TargetFilename":  null,
        "DestinationIp":  null,
        "DestinationPort":  null,
        "SourceIp":  null,
        "SourcePort":  null,
        "Protocol":  null,
        "QueryName":  null,
        "Details":  {
                        "Description":  "Microsoft Common Language Runtime Class Library",
                        "SignatureStatus":  "Valid",
                        "Signature":  "Microsoft Corporation",
                        "Hashes":  "MD5=6C3C5F2D3E00223FAA75D1DB018EF89A,SHA256=4863E7E44FB672CA38639AB9043C2048BC830D8B2633542FD4619E8A0B3FD1D3",
                        "Image":  "C:\\Users\\Stage.Ali\\Desktop\\Malware\\09197780e4de9aa1abaa44d580b3102138c6d3a03ab46b518f88f8c40dc882df.exe",
                        "UtcTime":  "2025-09-03 15:38:54.821",
                        "ProcessGuid":  "{f1988ae2-610e-68b8-7600-000000001e00}",
                        "Company":  "Microsoft Corporation",
                        "ImageLoaded":  "C:\\Windows\\assembly\\NativeImages_v4.0.30319_32\\mscorlib\\a403a0b75e95c07da2caa7f780446a62\\mscorlib.ni.dll",
                        "FileVersion":  "4.8.4515.0 built by: NET48REL1LAST_C",
                        "User":  "DESKTOP-KVSEOF0\\Stage.Ali",
                        "RuleName":  "-",
                        "Product":  "Microsoft® .NET Framework",
                        "ProcessId":  "4436",
                        "OriginalFileName":  "mscorlib.dll",
                        "Signed":  "true"
                    }
    },
    {
        "EventId":  7,
        "TimeCreated":  "\/Date(1756913934831)\/",
        "ProcessGuid":  "{f1988ae2-610e-68b8-7600-000000001e00}",
        "ProcessId":  "4436",
        "ParentProcessGuid":  null,
        "Image":  "C:\\Users\\Stage.Ali\\Desktop\\Malware\\09197780e4de9aa1abaa44d580b3102138c6d3a03ab46b518f88f8c40dc882df.exe",
        "CommandLine":  null,
        "User":  "DESKTOP-KVSEOF0\\Stage.Ali",
        "TargetFilename":  null,
        "DestinationIp":  null,
        "DestinationPort":  null,
        "SourceIp":  null,
        "SourcePort":  null,
        "Protocol":  null,
        "QueryName":  null,
        "Details":  {
                        "Description":  "Microsoft COM for Windows",
                        "SignatureStatus":  "Valid",
                        "Signature":  "Microsoft Windows",
                        "Hashes":  "MD5=03EC170067BB2A92AA1FD4C07D76E01C,SHA256=BEBDA725771D1427749443777879B83AA8043AA4C90AFDA7381C939CC89CC80F",
                        "Image":  "C:\\Users\\Stage.Ali\\Desktop\\Malware\\09197780e4de9aa1abaa44d580b3102138c6d3a03ab46b518f88f8c40dc882df.exe",
                        "UtcTime":  "2025-09-03 15:38:54.821",
                        "ProcessGuid":  "{f1988ae2-610e-68b8-7600-000000001e00}",
                        "Company":  "Microsoft Corporation",
                        "ImageLoaded":  "C:\\Windows\\SysWOW64\\combase.dll",
                        "FileVersion":  "10.0.19041.1949 (WinBuild.160101.0800)",
                        "User":  "DESKTOP-KVSEOF0\\Stage.Ali",
                        "RuleName":  "-",
                        "Product":  "Microsoft® Windows® Operating System",
                        "ProcessId":  "4436",
                        "OriginalFileName":  "COMBASE.DLL",
                        "Signed":  "true"
                    }
    },
