    {
        "EventId":  7,
        "TimeCreated":  "\/Date(1756913916171)\/",
        "ProcessGuid":  "{f1988ae2-60fb-68b8-7300-000000001e00}",
        "ProcessId":  "2872",
        "ParentProcessGuid":  null,
        "Image":  "C:\\Users\\Stage.Ali\\Desktop\\Malware\\09197780e4de9aa1abaa44d580b3102138c6d3a03ab46b518f88f8c40dc882df.exe",
        "CommandLine":  null,
        "User":  "DESKTOP-KVSEOF0\\Stage.Ali",
        "TargetFilename":  null,
        "DestinationIp":  null,
        "DestinationPort":  null,
        "SourceIp":  null,
        "SourcePort":  null,
        "Protocol":  null,
        "QueryName":  null,
        "Details":  {
                        "Description":  "Advanced Windows 32 Base API",
                        "SignatureStatus":  "Valid",
                        "Signature":  "Microsoft Windows",
                        "Hashes":  "MD5=DDE0A7C9AC38A37EB4E50E0EE631007B,SHA256=32356584FF057C325D6CDDF04870476A6D850B7AE811A84A964F6023522BB383",
                        "Image":  "C:\\Users\\Stage.Ali\\Desktop\\Malware\\09197780e4de9aa1abaa44d580b3102138c6d3a03ab46b518f88f8c40dc882df.exe",
                        "UtcTime":  "2025-09-03 15:38:36.126",
                        "ProcessGuid":  "{f1988ae2-60fb-68b8-7300-000000001e00}",
                        "Company":  "Microsoft Corporation",
                        "ImageLoaded":  "C:\\Windows\\SysWOW64\\advapi32.dll",
                        "FileVersion":  "10.0.19041.1682 (WinBuild.160101.0800)",
                        "User":  "DESKTOP-KVSEOF0\\Stage.Ali",
                        "RuleName":  "-",
                        "Product":  "Microsoft® Windows® Operating System",
                        "ProcessId":  "2872",
                        "OriginalFileName":  "advapi32.dll",
                        "Signed":  "true"
                    }
    },
    {
        "EventId":  7,
        "TimeCreated":  "\/Date(1756913916165)\/",
        "ProcessGuid":  "{f1988ae2-60fb-68b8-7300-000000001e00}",
        "ProcessId":  "2872",
        "ParentProcessGuid":  null,
        "Image":  "C:\\Users\\Stage.Ali\\Desktop\\Malware\\09197780e4de9aa1abaa44d580b3102138c6d3a03ab46b518f88f8c40dc882df.exe",
        "CommandLine":  null,
        "User":  "DESKTOP-KVSEOF0\\Stage.Ali",
        "TargetFilename":  null,
        "DestinationIp":  null,
        "DestinationPort":  null,
        "SourceIp":  null,
        "SourcePort":  null,
        "Protocol":  null,
        "QueryName":  null,
        "Details":  {
                        "Description":  "Application Compatibility Client Library",
                        "SignatureStatus":  "Valid",
                        "Signature":  "Microsoft Windows",
                        "Hashes":  "MD5=0A044F3B2538E48E4CCCA93F175A8BB2,SHA256=258DC55056413D6D2BE9DCDE5C8D9165A9E1471A8AFB4AC7A14A15DCAB77537D",
                        "Image":  "C:\\Users\\Stage.Ali\\Desktop\\Malware\\09197780e4de9aa1abaa44d580b3102138c6d3a03ab46b518f88f8c40dc882df.exe",
                        "UtcTime":  "2025-09-03 15:38:36.107",
                        "ProcessGuid":  "{f1988ae2-60fb-68b8-7300-000000001e00}",
                        "Company":  "Microsoft Corporation",
                        "ImageLoaded":  "C:\\Windows\\SysWOW64\\apphelp.dll",
                        "FileVersion":  "10.0.19041.1320 (WinBuild.160101.0800)",
                        "User":  "DESKTOP-KVSEOF0\\Stage.Ali",
                        "RuleName":  "-",
                        "Product":  "Microsoft® Windows® Operating System",
                        "ProcessId":  "2872",
                        "OriginalFileName":  "Apphelp",
                        "Signed":  "true"
                    }
    },
    {
        "EventId":  7,
        "TimeCreated":  "\/Date(1756913916122)\/",
        "ProcessGuid":  "{f1988ae2-60fb-68b8-7300-000000001e00}",
        "ProcessId":  "2872",
        "ParentProcessGuid":  null,
        "Image":  "C:\\Users\\Stage.Ali\\Desktop\\Malware\\09197780e4de9aa1abaa44d580b3102138c6d3a03ab46b518f88f8c40dc882df.exe",
        "CommandLine":  null,
        "User":  "DESKTOP-KVSEOF0\\Stage.Ali",
        "TargetFilename":  null,
        "DestinationIp":  null,
        "DestinationPort":  null,
        "SourceIp":  null,
        "SourcePort":  null,
        "Protocol":  null,
        "QueryName":  null,
        "Details":  {
                        "Description":  "Windows NT BASE API Client DLL",
                        "SignatureStatus":  "Valid",
                        "Signature":  "Microsoft Windows",
                        "Hashes":  "MD5=29280E079C66BB6F9A157D55AF6EBA80,SHA256=233C329FFBD3EA703A394008AAA04C54B8AB4139AA6C00F657EBEA8906417C37",
                        "Image":  "C:\\Users\\Stage.Ali\\Desktop\\Malware\\09197780e4de9aa1abaa44d580b3102138c6d3a03ab46b518f88f8c40dc882df.exe",
                        "UtcTime":  "2025-09-03 15:38:36.092",
                        "ProcessGuid":  "{f1988ae2-60fb-68b8-7300-000000001e00}",
                        "Company":  "Microsoft Corporation",
                        "ImageLoaded":  "C:\\Windows\\SysWOW64\\KernelBase.dll",
                        "FileVersion":  "10.0.19041.2006 (WinBuild.160101.0800)",
                        "User":  "DESKTOP-KVSEOF0\\Stage.Ali",
                        "RuleName":  "-",
                        "Product":  "Microsoft® Windows® Operating System",
                        "ProcessId":  "2872",
                        "OriginalFileName":  "Kernelbase.dll",
                        "Signed":  "true"
                    }
    },
    {
        "EventId":  7,
        "TimeCreated":  "\/Date(1756913916099)\/",
        "ProcessGuid":  "{f1988ae2-60fb-68b8-7300-000000001e00}",
        "ProcessId":  "2872",
        "ParentProcessGuid":  null,
        "Image":  "C:\\Users\\Stage.Ali\\Desktop\\Malware\\09197780e4de9aa1abaa44d580b3102138c6d3a03ab46b518f88f8c40dc882df.exe",
        "CommandLine":  null,
        "User":  "DESKTOP-KVSEOF0\\Stage.Ali",
        "TargetFilename":  null,
        "DestinationIp":  null,
        "DestinationPort":  null,
        "SourceIp":  null,
        "SourcePort":  null,
        "Protocol":  null,
        "QueryName":  null,
        "Details":  {
                        "Description":  "Windows NT BASE API Client DLL",
                        "SignatureStatus":  "Valid",
                        "Signature":  "Microsoft Windows",
                        "Hashes":  "MD5=C9FDF863B56CCA2A80726CEEC54F7D7F,SHA256=49B8BCEBBF2CE150D050BC8403F10C3A64730F0A6EB4FA1843717CEB8A0C5D86",
                        "Image":  "C:\\Users\\Stage.Ali\\Desktop\\Malware\\09197780e4de9aa1abaa44d580b3102138c6d3a03ab46b518f88f8c40dc882df.exe",
                        "UtcTime":  "2025-09-03 15:38:36.075",
                        "ProcessGuid":  "{f1988ae2-60fb-68b8-7300-000000001e00}",
                        "Company":  "Microsoft Corporation",
                        "ImageLoaded":  "C:\\Windows\\SysWOW64\\kernel32.dll",
                        "FileVersion":  "10.0.19041.1889 (WinBuild.160101.0800)",
                        "User":  "DESKTOP-KVSEOF0\\Stage.Ali",
                        "RuleName":  "-",
                        "Product":  "Microsoft® Windows® Operating System",
                        "ProcessId":  "2872",
                        "OriginalFileName":  "kernel32",
                        "Signed":  "true"
                    }
    },
    {
        "EventId":  7,
        "TimeCreated":  "\/Date(1756913916089)\/",
        "ProcessGuid":  "{f1988ae2-60fb-68b8-7300-000000001e00}",
        "ProcessId":  "2872",
        "ParentProcessGuid":  null,
        "Image":  "C:\\Users\\Stage.Ali\\Desktop\\Malware\\09197780e4de9aa1abaa44d580b3102138c6d3a03ab46b518f88f8c40dc882df.exe",
        "CommandLine":  null,
        "User":  "DESKTOP-KVSEOF0\\Stage.Ali",
        "TargetFilename":  null,
        "DestinationIp":  null,
        "DestinationPort":  null,
        "SourceIp":  null,
        "SourcePort":  null,
        "Protocol":  null,
        "QueryName":  null,
        "Details":  {
                        "Description":  "Microsoft .NET Runtime Execution Engine",
                        "SignatureStatus":  "Valid",
                        "Signature":  "Microsoft Windows",
                        "Hashes":  "MD5=3398E4051E8F4E2FF3CF0F365FA9238D,SHA256=57EFA31B9F0116E46AB5E46C2E1764A79C507F751995DB2E1C8727BDCEB0C576",
                        "Image":  "C:\\Users\\Stage.Ali\\Desktop\\Malware\\09197780e4de9aa1abaa44d580b3102138c6d3a03ab46b518f88f8c40dc882df.exe",
                        "UtcTime":  "2025-09-03 15:38:36.058",
                        "ProcessGuid":  "{f1988ae2-60fb-68b8-7300-000000001e00}",
                        "Company":  "Microsoft Corporation",
                        "ImageLoaded":  "C:\\Windows\\SysWOW64\\mscoree.dll",
                        "FileVersion":  "10.0.19041.1 (WinBuild.160101.0800)",
                        "User":  "DESKTOP-KVSEOF0\\Stage.Ali",
                        "RuleName":  "-",
                        "Product":  "Microsoft® Windows® Operating System",
                        "ProcessId":  "2872",
                        "OriginalFileName":  "mscoree.dll",
                        "Signed":  "true"
                    }
    },
    {
        "EventId":  7,
        "TimeCreated":  "\/Date(1756913916077)\/",
        "ProcessGuid":  "{f1988ae2-60fb-68b8-7300-000000001e00}",
        "ProcessId":  "2872",
        "ParentProcessGuid":  null,
        "Image":  "C:\\Users\\Stage.Ali\\Desktop\\Malware\\09197780e4de9aa1abaa44d580b3102138c6d3a03ab46b518f88f8c40dc882df.exe",
        "CommandLine":  null,
        "User":  "DESKTOP-KVSEOF0\\Stage.Ali",
        "TargetFilename":  null,
        "DestinationIp":  null,
        "DestinationPort":  null,
        "SourceIp":  null,
        "SourcePort":  null,
        "Protocol":  null,
        "QueryName":  null,
        "Details":  {
                        "Description":  "AMD64 Wow64 CPU ",
                        "SignatureStatus":  "Valid",
                        "Signature":  "Microsoft Windows",
                        "Hashes":  "MD5=5184B7FD218777571ABCB3E0319F48C6,SHA256=730AC79CC90B35EA9153EAE399313F10FC55B6DEBED7E93D429FBC9D7DE5EF19",
                        "Image":  "C:\\Users\\Stage.Ali\\Desktop\\Malware\\09197780e4de9aa1abaa44d580b3102138c6d3a03ab46b518f88f8c40dc882df.exe",
                        "UtcTime":  "2025-09-03 15:38:36.028",
                        "ProcessGuid":  "{f1988ae2-60fb-68b8-7300-000000001e00}",
                        "Company":  "Microsoft Corporation",
                        "ImageLoaded":  "C:\\Windows\\System32\\wow64cpu.dll",
                        "FileVersion":  "10.0.19041.662 (WinBuild.160101.0800)",
                        "User":  "DESKTOP-KVSEOF0\\Stage.Ali",
                        "RuleName":  "-",
                        "Product":  "Microsoft® Windows® Operating System",
                        "ProcessId":  "2872",
                        "OriginalFileName":  "wow64cpu.dll",
                        "Signed":  "true"
                    }
    },
    {
        "EventId":  7,
        "TimeCreated":  "\/Date(1756913916069)\/",
        "ProcessGuid":  "{f1988ae2-60fb-68b8-7300-000000001e00}",
        "ProcessId":  "2872",
        "ParentProcessGuid":  null,
        "Image":  "C:\\Users\\Stage.Ali\\Desktop\\Malware\\09197780e4de9aa1abaa44d580b3102138c6d3a03ab46b518f88f8c40dc882df.exe",
        "CommandLine":  null,
        "User":  "DESKTOP-KVSEOF0\\Stage.Ali",
        "TargetFilename":  null,
        "DestinationIp":  null,
        "DestinationPort":  null,
        "SourceIp":  null,
        "SourcePort":  null,
        "Protocol":  null,
        "QueryName":  null,
        "Details":  {
                        "Description":  "Wow64 Console and Win32 API Logging",
                        "SignatureStatus":  "Valid",
                        "Signature":  "Microsoft Windows",
                        "Hashes":  "MD5=76484565D718864AD45D07B02DD2C880,SHA256=7D4A077775AADDC597159E5D727BFDD0B65CE880716B3E0029CAAC7A8C9E4154",
                        "Image":  "C:\\Users\\Stage.Ali\\Desktop\\Malware\\09197780e4de9aa1abaa44d580b3102138c6d3a03ab46b518f88f8c40dc882df.exe",
                        "UtcTime":  "2025-09-03 15:38:36.028",
                        "ProcessGuid":  "{f1988ae2-60fb-68b8-7300-000000001e00}",
                        "Company":  "Microsoft Corporation",
                        "ImageLoaded":  "C:\\Windows\\System32\\wow64win.dll",
                        "FileVersion":  "10.0.19041.844 (WinBuild.160101.0800)",
                        "User":  "DESKTOP-KVSEOF0\\Stage.Ali",
                        "RuleName":  "-",
                        "Product":  "Microsoft® Windows® Operating System",
                        "ProcessId":  "2872",
                        "OriginalFileName":  "wow64lg2.dll",
                        "Signed":  "true"
                    }
    },
    {
        "EventId":  7,
        "TimeCreated":  "\/Date(1756913916059)\/",
        "ProcessGuid":  "{f1988ae2-60fb-68b8-7300-000000001e00}",
        "ProcessId":  "2872",
        "ParentProcessGuid":  null,
        "Image":  "C:\\Users\\Stage.Ali\\Desktop\\Malware\\09197780e4de9aa1abaa44d580b3102138c6d3a03ab46b518f88f8c40dc882df.exe",
        "CommandLine":  null,
        "User":  "DESKTOP-KVSEOF0\\Stage.Ali",
        "TargetFilename":  null,
        "DestinationIp":  null,
        "DestinationPort":  null,
        "SourceIp":  null,
        "SourcePort":  null,
        "Protocol":  null,
        "QueryName":  null,
        "Details":  {
                        "Description":  "Win32 Emulation on NT64",
                        "SignatureStatus":  "Valid",
                        "Signature":  "Microsoft Windows",
                        "Hashes":  "MD5=C20A26CB64B2CCC677E738893A0F1F64,SHA256=C7D6BF0F1AA458AFA7A88BCA003170821832DEECFF729AAD5F622BBFABBC1FA9",
                        "Image":  "C:\\Users\\Stage.Ali\\Desktop\\Malware\\09197780e4de9aa1abaa44d580b3102138c6d3a03ab46b518f88f8c40dc882df.exe",
                        "UtcTime":  "2025-09-03 15:38:36.028",
                        "ProcessGuid":  "{f1988ae2-60fb-68b8-7300-000000001e00}",
                        "Company":  "Microsoft Corporation",
                        "ImageLoaded":  "C:\\Windows\\System32\\wow64.dll",
                        "FileVersion":  "10.0.19041.964 (WinBuild.160101.0800)",
                        "User":  "DESKTOP-KVSEOF0\\Stage.Ali",
                        "RuleName":  "-",
                        "Product":  "Microsoft® Windows® Operating System",
                        "ProcessId":  "2872",
                        "OriginalFileName":  "wow64.dll",
                        "Signed":  "true"
                    }
    },
    {
        "EventId":  7,
        "TimeCreated":  "\/Date(1756913916049)\/",
        "ProcessGuid":  "{f1988ae2-60fb-68b8-7300-000000001e00}",
        "ProcessId":  "2872",
        "ParentProcessGuid":  null,
        "Image":  "C:\\Users\\Stage.Ali\\Desktop\\Malware\\09197780e4de9aa1abaa44d580b3102138c6d3a03ab46b518f88f8c40dc882df.exe",
        "CommandLine":  null,
        "User":  "DESKTOP-KVSEOF0\\Stage.Ali",
        "TargetFilename":  null,
        "DestinationIp":  null,
        "DestinationPort":  null,
        "SourceIp":  null,
        "SourcePort":  null,
        "Protocol":  null,
        "QueryName":  null,
        "Details":  {
                        "Description":  "NT Layer DLL",
                        "SignatureStatus":  "Valid",
                        "Signature":  "Microsoft Windows",
                        "Hashes":  "MD5=5564A98A4692BA8B2D25770FB834D5F6,SHA256=28AB9A0F5F50FD5398324B5EC099F5C53C6FAA701C3F6D8B0B3DA47A76C56230",
                        "Image":  "C:\\Users\\Stage.Ali\\Desktop\\Malware\\09197780e4de9aa1abaa44d580b3102138c6d3a03ab46b518f88f8c40dc882df.exe",
                        "UtcTime":  "2025-09-03 15:38:36.028",
                        "ProcessGuid":  "{f1988ae2-60fb-68b8-7300-000000001e00}",
                        "Company":  "Microsoft Corporation",
                        "ImageLoaded":  "C:\\Windows\\SysWOW64\\ntdll.dll",
                        "FileVersion":  "10.0.19041.1949 (WinBuild.160101.0800)",
                        "User":  "DESKTOP-KVSEOF0\\Stage.Ali",
                        "RuleName":  "-",
                        "Product":  "Microsoft® Windows® Operating System",
                        "ProcessId":  "2872",
                        "OriginalFileName":  "ntdll.dll",
                        "Signed":  "true"
                    }
    },
    {
        "EventId":  7,
        "TimeCreated":  "\/Date(1756913916038)\/",
        "ProcessGuid":  "{f1988ae2-60fb-68b8-7300-000000001e00}",
        "ProcessId":  "2872",
        "ParentProcessGuid":  null,
        "Image":  "C:\\Users\\Stage.Ali\\Desktop\\Malware\\09197780e4de9aa1abaa44d580b3102138c6d3a03ab46b518f88f8c40dc882df.exe",
        "CommandLine":  null,
        "User":  "DESKTOP-KVSEOF0\\Stage.Ali",
        "TargetFilename":  null,
        "DestinationIp":  null,
        "DestinationPort":  null,
        "SourceIp":  null,
        "SourcePort":  null,
        "Protocol":  null,
        "QueryName":  null,
        "Details":  {
                        "Description":  "CSVViewer",
                        "SignatureStatus":  "Unavailable",
                        "Signature":  "-",
                        "Hashes":  "MD5=75E6490870A6748E07C4C4E00E383782,SHA256=09197780E4DE9AA1ABAA44D580B3102138C6D3A03AB46B518F88F8C40DC882DF",
                        "Image":  "C:\\Users\\Stage.Ali\\Desktop\\Malware\\09197780e4de9aa1abaa44d580b3102138c6d3a03ab46b518f88f8c40dc882df.exe",
                        "UtcTime":  "2025-09-03 15:38:36.009",
                        "ProcessGuid":  "{f1988ae2-60fb-68b8-7300-000000001e00}",
                        "Company":  "-",
                        "ImageLoaded":  "C:\\Users\\Stage.Ali\\Desktop\\Malware\\09197780e4de9aa1abaa44d580b3102138c6d3a03ab46b518f88f8c40dc882df.exe",
                        "FileVersion":  "1.0.0.0",
                        "User":  "DESKTOP-KVSEOF0\\Stage.Ali",
                        "RuleName":  "-",
                        "Product":  "CSVViewer",
                        "ProcessId":  "2872",
                        "OriginalFileName":  "eafa.exe",
                        "Signed":  "false"
                    }
    },
    {
        "EventId":  7,
        "TimeCreated":  "\/Date(1756913916035)\/",
        "ProcessGuid":  "{f1988ae2-60fb-68b8-7300-000000001e00}",
        "ProcessId":  "2872",
        "ParentProcessGuid":  null,
        "Image":  "C:\\Users\\Stage.Ali\\Desktop\\Malware\\09197780e4de9aa1abaa44d580b3102138c6d3a03ab46b518f88f8c40dc882df.exe",
        "CommandLine":  null,
        "User":  "DESKTOP-KVSEOF0\\Stage.Ali",
        "TargetFilename":  null,
        "DestinationIp":  null,
        "DestinationPort":  null,
        "SourceIp":  null,
        "SourcePort":  null,
        "Protocol":  null,
        "QueryName":  null,
        "Details":  {
                        "Description":  "NT Layer DLL",
                        "SignatureStatus":  "Valid",
                        "Signature":  "Microsoft Windows",
                        "Hashes":  "MD5=FFC0099CC499ABF355130F6334313504,SHA256=FBDFC8183DF435C2E981F868CB578CCA3B86A1FA6E76D8F5775E2EF22944A370",
                        "Image":  "C:\\Users\\Stage.Ali\\Desktop\\Malware\\09197780e4de9aa1abaa44d580b3102138c6d3a03ab46b518f88f8c40dc882df.exe",
                        "UtcTime":  "2025-09-03 15:38:36.009",
                        "ProcessGuid":  "{f1988ae2-60fb-68b8-7300-000000001e00}",
                        "Company":  "Microsoft Corporation",
                        "ImageLoaded":  "C:\\Windows\\System32\\ntdll.dll",
                        "FileVersion":  "10.0.19041.1949 (WinBuild.160101.0800)",
                        "User":  "DESKTOP-KVSEOF0\\Stage.Ali",
                        "RuleName":  "-",
                        "Product":  "Microsoft® Windows® Operating System",
                        "ProcessId":  "2872",
                        "OriginalFileName":  "ntdll.dll",
                        "Signed":  "true"
                    }
    },
    {
        "EventId":  1,
        "TimeCreated":  "\/Date(1756913915991)\/",
        "ProcessGuid":  "{f1988ae2-60fb-68b8-7300-000000001e00}",
        "ProcessId":  "2872",
        "ParentProcessGuid":  "{f1988ae2-60f7-68b8-7200-000000001e00}",
        "Image":  "C:\\Users\\Stage.Ali\\Desktop\\Malware\\09197780e4de9aa1abaa44d580b3102138c6d3a03ab46b518f88f8c40dc882df.exe",
        "CommandLine":  "\"C:\\Users\\Stage.Ali\\Desktop\\Malware\\09197780e4de9aa1abaa44d580b3102138c6d3a03ab46b518f88f8c40dc882df.exe\" ",
        "User":  "DESKTOP-KVSEOF0\\Stage.Ali",
        "TargetFilename":  null,
        "DestinationIp":  null,
        "DestinationPort":  null,
        "SourceIp":  null,
        "SourcePort":  null,
        "Protocol":  null,
        "QueryName":  null,
        "Details":  {
                        "ParentCommandLine":  "\"C:\\Windows\\System32\\WindowsPowerShell\\v1.0\\powershell.exe\" -ExecutionPolicy Bypass -File C:\\Detonation\\run.ps1 -ExePath C:\\Users\\Stage.Ali\\Desktop\\Malware\\09197780e4de9aa1abaa44d580b3102138c6d3a03ab46b518f88f8c40dc882df.exe -TimeoutSec 120",
                        "Description":  "CSVViewer",
                        "CommandLine":  "\"C:\\Users\\Stage.Ali\\Desktop\\Malware\\09197780e4de9aa1abaa44d580b3102138c6d3a03ab46b518f88f8c40dc882df.exe\" ",
                        "CurrentDirectory":  "C:\\Windows\\system32\\",
                        "Hashes":  "MD5=75E6490870A6748E07C4C4E00E383782,SHA256=09197780E4DE9AA1ABAA44D580B3102138C6D3A03AB46B518F88F8C40DC882DF",
                        "Image":  "C:\\Users\\Stage.Ali\\Desktop\\Malware\\09197780e4de9aa1abaa44d580b3102138c6d3a03ab46b518f88f8c40dc882df.exe",
                        "UtcTime":  "2025-09-03 15:38:35.974",
                        "ProcessGuid":  "{f1988ae2-60fb-68b8-7300-000000001e00}",
                        "ParentUser":  "DESKTOP-KVSEOF0\\Stage.Ali",
                        "Company":  "-",
                        "IntegrityLevel":  "Medium",
                        "FileVersion":  "1.0.0.0",
                        "User":  "DESKTOP-KVSEOF0\\Stage.Ali",
                        "RuleName":  "-",
                        "Product":  "CSVViewer",
                        "LogonId":  "0x9f6ed",
                        "ProcessId":  "2872",
                        "OriginalFileName":  "eafa.exe",
                        "LogonGuid":  "{f1988ae2-60f4-68b8-edf6-090000000000}",
                        "TerminalSessionId":  "0",
                        "ParentProcessGuid":  "{f1988ae2-60f7-68b8-7200-000000001e00}",
                        "ParentProcessId":  "4916",
                        "ParentImage":  "C:\\Windows\\System32\\WindowsPowerShell\\v1.0\\powershell.exe"
                    }
    }
]
