[
    {
        "EventId":  5,
        "TimeCreated":  "\/Date(1756913937840)\/",
        "ProcessGuid":  "{f1988ae2-610e-68b8-7600-000000001e00}",
        "ProcessId":  "4436",
        "ParentProcessGuid":  null,
        "Image":  "C:\\Users\\Stage.Ali\\Desktop\\Malware\\09197780e4de9aa1abaa44d580b3102138c6d3a03ab46b518f88f8c40dc882df.exe",
        "CommandLine":  null,
        "User":  "DESKTOP-KVSEOF0\\Stage.Ali",
        "TargetFilename":  null,
        "DestinationIp":  null,
        "DestinationPort":  null,
        "SourceIp":  null,
        "SourcePort":  null,
        "Protocol":  null,
        "QueryName":  null,
        "Details":  {
                        "Image":  "C:\\Users\\Stage.Ali\\Desktop\\Malware\\09197780e4de9aa1abaa44d580b3102138c6d3a03ab46b518f88f8c40dc882df.exe",
                        "ProcessGuid":  "{f1988ae2-610e-68b8-7600-000000001e00}",
                        "ProcessId":  "4436",
                        "UtcTime":  "2025-09-03 15:38:57.838",
                        "RuleName":  "-",
                        "User":  "DESKTOP-KVSEOF0\\Stage.Ali"
                    }
    },
    {
        "EventId":  5,
        "TimeCreated":  "\/Date(1756913937831)\/",
        "ProcessGuid":  "{f1988ae2-6110-68b8-7a00-000000001e00}",
        "ProcessId":  "4816",
        "ParentProcessGuid":  null,
        "Image":  "C:\\Windows\\SysWOW64\\WerFault.exe",
        "CommandLine":  null,
        "User":  "DESKTOP-KVSEOF0\\Stage.Ali",
        "TargetFilename":  null,
        "DestinationIp":  null,
        "DestinationPort":  null,
        "SourceIp":  null,
        "SourcePort":  null,
        "Protocol":  null,
        "QueryName":  null,
        "Details":  {
                        "Image":  "C:\\Windows\\SysWOW64\\WerFault.exe",
                        "ProcessGuid":  "{f1988ae2-6110-68b8-7a00-000000001e00}",
                        "ProcessId":  "4816",
                        "UtcTime":  "2025-09-03 15:38:57.828",
                        "RuleName":  "-",
                        "User":  "DESKTOP-KVSEOF0\\Stage.Ali"
                    }
    },
    {
        "EventId":  11,
        "TimeCreated":  "\/Date(1756913937804)\/",
        "ProcessGuid":  "{f1988ae2-6110-68b8-7a00-000000001e00}",
        "ProcessId":  "4816",
        "ParentProcessGuid":  null,
        "Image":  "C:\\Windows\\SysWOW64\\WerFault.exe",
        "CommandLine":  null,
        "User":  "DESKTOP-KVSEOF0\\Stage.Ali",
        "TargetFilename":  "C:\\ProgramData\\Microsoft\\Windows\\WER\\ReportQueue\\AppCrash_09197780e4de9aa1_cae3b7ee596e16d8fab27c997052cfc9e9b541a3_d08cf08e_313adcff-12d8-4654-aa51-cabdd8ce196c\\Report.wer",
        "DestinationIp":  null,
        "DestinationPort":  null,
        "SourceIp":  null,
        "SourcePort":  null,
        "Protocol":  null,
        "QueryName":  null,
        "Details":  {
                        "Image":  "C:\\Windows\\SysWOW64\\WerFault.exe",
                        "ProcessGuid":  "{f1988ae2-6110-68b8-7a00-000000001e00}",
                        "TargetFilename":  "C:\\ProgramData\\Microsoft\\Windows\\WER\\ReportQueue\\AppCrash_09197780e4de9aa1_cae3b7ee596e16d8fab27c997052cfc9e9b541a3_d08cf08e_313adcff-12d8-4654-aa51-cabdd8ce196c\\Report.wer",
                        "ProcessId":  "4816",
                        "UtcTime":  "2025-09-03 15:38:57.801",
                        "RuleName":  "-",
                        "CreationUtcTime":  "2025-09-03 15:38:57.801",
                        "User":  "DESKTOP-KVSEOF0\\Stage.Ali"
                    }
    },
    {
        "EventId":  12,
        "TimeCreated":  "\/Date(1756913937802)\/",
        "ProcessGuid":  "{f1988ae2-6110-68b8-7a00-000000001e00}",
        "ProcessId":  "4816",
        "ParentProcessGuid":  null,
        "Image":  "C:\\Windows\\SysWOW64\\WerFault.exe",
        "CommandLine":  null,
        "User":  "DESKTOP-KVSEOF0\\Stage.Ali",
        "TargetFilename":  null,
        "DestinationIp":  null,
        "DestinationPort":  null,
        "SourceIp":  null,
        "SourcePort":  null,
        "Protocol":  null,
        "QueryName":  null,
        "Details":  {
                        "Image":  "C:\\Windows\\SysWOW64\\WerFault.exe",
                        "ProcessGuid":  "{f1988ae2-6110-68b8-7a00-000000001e00}",
                        "TargetObject":  "HKLM\\System\\CurrentControlSet\\Control\\Hvsi",
                        "ProcessId":  "4816",
                        "UtcTime":  "2025-09-03 15:38:57.786",
                        "RuleName":  "-",
                        "EventType":  "CreateKey",
                        "User":  "DESKTOP-KVSEOF0\\Stage.Ali"
                    }
    },
    {
        "EventId":  7,
        "TimeCreated":  "\/Date(1756913937802)\/",
        "ProcessGuid":  "{f1988ae2-6110-68b8-7a00-000000001e00}",
        "ProcessId":  "4816",
        "ParentProcessGuid":  null,
        "Image":  "C:\\Windows\\SysWOW64\\WerFault.exe",
        "CommandLine":  null,
        "User":  "DESKTOP-KVSEOF0\\Stage.Ali",
        "TargetFilename":  null,
        "DestinationIp":  null,
        "DestinationPort":  null,
        "SourceIp":  null,
        "SourcePort":  null,
        "Protocol":  null,
        "QueryName":  null,
        "Details":  {
                        "Description":  "twinapi.appcore",
                        "SignatureStatus":  "Valid",
                        "Signature":  "Microsoft Windows",
                        "Hashes":  "MD5=CF6EEE0545C6E0CD0DCC1DBF5C5A7C16,SHA256=980EDAF1335CF9D47B58F77EB556E50EE13CA5D5B093B3B5A5DF1131492FF6CD",
                        "Image":  "C:\\Windows\\SysWOW64\\WerFault.exe",
                        "UtcTime":  "2025-09-03 15:38:57.786",
                        "ProcessGuid":  "{f1988ae2-6110-68b8-7a00-000000001e00}",
                        "Company":  "Microsoft Corporation",
                        "ImageLoaded":  "C:\\Windows\\SysWOW64\\twinapi.appcore.dll",
                        "FileVersion":  "10.0.19041.1865 (WinBuild.160101.0800)",
                        "User":  "DESKTOP-KVSEOF0\\Stage.Ali",
                        "RuleName":  "-",
                        "Product":  "Microsoft® Windows® Operating System",
                        "ProcessId":  "4816",
                        "OriginalFileName":  "twinapi.appcore.dll",
                        "Signed":  "true"
                    }
    },
    {
        "EventId":  11,
        "TimeCreated":  "\/Date(1756913937802)\/",
        "ProcessGuid":  "{f1988ae2-6110-68b8-7a00-000000001e00}",
        "ProcessId":  "4816",
        "ParentProcessGuid":  null,
        "Image":  "C:\\Windows\\SysWOW64\\WerFault.exe",
        "CommandLine":  null,
        "User":  "DESKTOP-KVSEOF0\\Stage.Ali",
        "TargetFilename":  "C:\\ProgramData\\Microsoft\\Windows\\WER\\ReportQueue\\AppCrash_09197780e4de9aa1_cae3b7ee596e16d8fab27c997052cfc9e9b541a3_d08cf08e_313adcff-12d8-4654-aa51-cabdd8ce196c\\1551c9bf-2265-4789-8379-c03551f6f377",
        "DestinationIp":  null,
        "DestinationPort":  null,
        "SourceIp":  null,
        "SourcePort":  null,
        "Protocol":  null,
        "QueryName":  null,
        "Details":  {
                        "Image":  "C:\\Windows\\SysWOW64\\WerFault.exe",
                        "ProcessGuid":  "{f1988ae2-6110-68b8-7a00-000000001e00}",
                        "TargetFilename":  "C:\\ProgramData\\Microsoft\\Windows\\WER\\ReportQueue\\AppCrash_09197780e4de9aa1_cae3b7ee596e16d8fab27c997052cfc9e9b541a3_d08cf08e_313adcff-12d8-4654-aa51-cabdd8ce196c\\1551c9bf-2265-4789-8379-c03551f6f377",
                        "ProcessId":  "4816",
                        "UtcTime":  "2025-09-03 15:38:57.786",
                        "RuleName":  "-",
                        "CreationUtcTime":  "2025-09-03 15:38:57.786",
                        "User":  "DESKTOP-KVSEOF0\\Stage.Ali"
                    }
    },
    {
        "EventId":  11,
        "TimeCreated":  "\/Date(1756913937800)\/",
        "ProcessGuid":  "{f1988ae2-6110-68b8-7a00-000000001e00}",
        "ProcessId":  "4816",
        "ParentProcessGuid":  null,
        "Image":  "C:\\Windows\\SysWOW64\\WerFault.exe",
        "CommandLine":  null,
        "User":  "DESKTOP-KVSEOF0\\Stage.Ali",
        "TargetFilename":  "C:\\ProgramData\\Microsoft\\Windows\\WER\\ReportQueue\\AppCrash_09197780e4de9aa1_cae3b7ee596e16d8fab27c997052cfc9e9b541a3_d08cf08e_313adcff-12d8-4654-aa51-cabdd8ce196c",
        "DestinationIp":  null,
        "DestinationPort":  null,
        "SourceIp":  null,
        "SourcePort":  null,
        "Protocol":  null,
        "QueryName":  null,
        "Details":  {
                        "Image":  "C:\\Windows\\SysWOW64\\WerFault.exe",
                        "ProcessGuid":  "{f1988ae2-6110-68b8-7a00-000000001e00}",
                        "TargetFilename":  "C:\\ProgramData\\Microsoft\\Windows\\WER\\ReportQueue\\AppCrash_09197780e4de9aa1_cae3b7ee596e16d8fab27c997052cfc9e9b541a3_d08cf08e_313adcff-12d8-4654-aa51-cabdd8ce196c",
                        "ProcessId":  "4816",
                        "UtcTime":  "2025-09-03 15:38:57.786",
                        "RuleName":  "-",
                        "CreationUtcTime":  "2025-09-03 15:38:57.786",
                        "User":  "DESKTOP-KVSEOF0\\Stage.Ali"
                    }
    },
    {
        "EventId":  11,
        "TimeCreated":  "\/Date(1756913937727)\/",
        "ProcessGuid":  "{f1988ae2-6110-68b8-7a00-000000001e00}",
        "ProcessId":  "4816",
        "ParentProcessGuid":  null,
        "Image":  "C:\\Windows\\SysWOW64\\WerFault.exe",
        "CommandLine":  null,
        "User":  "DESKTOP-KVSEOF0\\Stage.Ali",
        "TargetFilename":  "C:\\ProgramData\\Microsoft\\Windows\\WER\\Temp\\bbd0e800-e525-4186-9822-38cbf66a73e1",
        "DestinationIp":  null,
        "DestinationPort":  null,
        "SourceIp":  null,
        "SourcePort":  null,
        "Protocol":  null,
        "QueryName":  null,
        "Details":  {
                        "Image":  "C:\\Windows\\SysWOW64\\WerFault.exe",
                        "ProcessGuid":  "{f1988ae2-6110-68b8-7a00-000000001e00}",
                        "TargetFilename":  "C:\\ProgramData\\Microsoft\\Windows\\WER\\Temp\\bbd0e800-e525-4186-9822-38cbf66a73e1",
                        "ProcessId":  "4816",
                        "UtcTime":  "2025-09-03 15:38:57.722",
                        "RuleName":  "-",
                        "CreationUtcTime":  "2025-09-03 15:38:57.722",
                        "User":  "DESKTOP-KVSEOF0\\Stage.Ali"
                    }
    },
    {
        "EventId":  7,
        "TimeCreated":  "\/Date(1756913937725)\/",
        "ProcessGuid":  "{f1988ae2-6110-68b8-7a00-000000001e00}",
        "ProcessId":  "4816",
        "ParentProcessGuid":  null,
        "Image":  "C:\\Windows\\SysWOW64\\WerFault.exe",
        "CommandLine":  null,
        "User":  "DESKTOP-KVSEOF0\\Stage.Ali",
        "TargetFilename":  null,
        "DestinationIp":  null,
        "DestinationPort":  null,
        "SourceIp":  null,
        "SourcePort":  null,
        "Protocol":  null,
        "QueryName":  null,
        "Details":  {
                        "Description":  "Policy Manager DLL",
                        "SignatureStatus":  "Valid",
                        "Signature":  "Microsoft Windows",
                        "Hashes":  "MD5=21F972585696C204A08ADC8CF269B05A,SHA256=C1EA524E8E48D2ACD92485AF2BD6DEA611299CF0E5A3971022817A92FA3C4DAE",
                        "Image":  "C:\\Windows\\SysWOW64\\WerFault.exe",
                        "UtcTime":  "2025-09-03 15:38:57.722",
                        "ProcessGuid":  "{f1988ae2-6110-68b8-7a00-000000001e00}",
                        "Company":  "Microsoft Corporation",
                        "ImageLoaded":  "C:\\Windows\\SysWOW64\\policymanager.dll",
                        "FileVersion":  "10.0.19041.1865 (WinBuild.160101.0800)",
                        "User":  "DESKTOP-KVSEOF0\\Stage.Ali",
                        "RuleName":  "-",
                        "Product":  "Microsoft® Windows® Operating System",
                        "ProcessId":  "4816",
                        "OriginalFileName":  "PolicyManager.dll",
                        "Signed":  "true"
                    }
    },
    {
        "EventId":  7,
        "TimeCreated":  "\/Date(1756913937721)\/",
        "ProcessGuid":  "{f1988ae2-6110-68b8-7a00-000000001e00}",
        "ProcessId":  "4816",
        "ParentProcessGuid":  null,
        "Image":  "C:\\Windows\\SysWOW64\\WerFault.exe",
        "CommandLine":  null,
        "User":  "DESKTOP-KVSEOF0\\Stage.Ali",
        "TargetFilename":  null,
        "DestinationIp":  null,
        "DestinationPort":  null,
        "SourceIp":  null,
        "SourcePort":  null,
        "Protocol":  null,
        "QueryName":  null,
        "Details":  {
                        "Description":  "Policy Manager DLL",
                        "SignatureStatus":  "Valid",
                        "Signature":  "Microsoft Windows",
                        "Hashes":  "MD5=21F972585696C204A08ADC8CF269B05A,SHA256=C1EA524E8E48D2ACD92485AF2BD6DEA611299CF0E5A3971022817A92FA3C4DAE",
                        "Image":  "C:\\Windows\\SysWOW64\\WerFault.exe",
                        "UtcTime":  "2025-09-03 15:38:57.715",
                        "ProcessGuid":  "{f1988ae2-6110-68b8-7a00-000000001e00}",
                        "Company":  "Microsoft Corporation",
                        "ImageLoaded":  "C:\\Windows\\SysWOW64\\policymanager.dll",
                        "FileVersion":  "10.0.19041.1865 (WinBuild.160101.0800)",
                        "User":  "DESKTOP-KVSEOF0\\Stage.Ali",
                        "RuleName":  "-",
                        "Product":  "Microsoft® Windows® Operating System",
                        "ProcessId":  "4816",
                        "OriginalFileName":  "PolicyManager.dll",
                        "Signed":  "true"
                    }
    },
    {
        "EventId":  7,
        "TimeCreated":  "\/Date(1756913937721)\/",
        "ProcessGuid":  "{f1988ae2-6110-68b8-7a00-000000001e00}",
        "ProcessId":  "4816",
        "ParentProcessGuid":  null,
        "Image":  "C:\\Windows\\SysWOW64\\WerFault.exe",
        "CommandLine":  null,
        "User":  "DESKTOP-KVSEOF0\\Stage.Ali",
        "TargetFilename":  null,
        "DestinationIp":  null,
        "DestinationPort":  null,
        "SourceIp":  null,
        "SourcePort":  null,
        "Protocol":  null,
        "QueryName":  null,
        "Details":  {
                        "Description":  "Policy Manager DLL",
                        "SignatureStatus":  "Valid",
                        "Signature":  "Microsoft Windows",
                        "Hashes":  "MD5=21F972585696C204A08ADC8CF269B05A,SHA256=C1EA524E8E48D2ACD92485AF2BD6DEA611299CF0E5A3971022817A92FA3C4DAE",
                        "Image":  "C:\\Windows\\SysWOW64\\WerFault.exe",
                        "UtcTime":  "2025-09-03 15:38:57.715",
                        "ProcessGuid":  "{f1988ae2-6110-68b8-7a00-000000001e00}",
                        "Company":  "Microsoft Corporation",
                        "ImageLoaded":  "C:\\Windows\\SysWOW64\\policymanager.dll",
                        "FileVersion":  "10.0.19041.1865 (WinBuild.160101.0800)",
                        "User":  "DESKTOP-KVSEOF0\\Stage.Ali",
                        "RuleName":  "-",
                        "Product":  "Microsoft® Windows® Operating System",
                        "ProcessId":  "4816",
                        "OriginalFileName":  "PolicyManager.dll",
                        "Signed":  "true"
                    }
    },
    {
        "EventId":  7,
        "TimeCreated":  "\/Date(1756913937720)\/",
        "ProcessGuid":  "{f1988ae2-6110-68b8-7a00-000000001e00}",
        "ProcessId":  "4816",
        "ParentProcessGuid":  null,
        "Image":  "C:\\Windows\\SysWOW64\\WerFault.exe",
        "CommandLine":  null,
        "User":  "DESKTOP-KVSEOF0\\Stage.Ali",
        "TargetFilename":  null,
        "DestinationIp":  null,
        "DestinationPort":  null,
        "SourceIp":  null,
        "SourcePort":  null,
        "Protocol":  null,
        "QueryName":  null,
        "Details":  {
                        "Description":  "Policy Manager DLL",
                        "SignatureStatus":  "Valid",
                        "Signature":  "Microsoft Windows",
                        "Hashes":  "MD5=21F972585696C204A08ADC8CF269B05A,SHA256=C1EA524E8E48D2ACD92485AF2BD6DEA611299CF0E5A3971022817A92FA3C4DAE",
                        "Image":  "C:\\Windows\\SysWOW64\\WerFault.exe",
                        "UtcTime":  "2025-09-03 15:38:57.715",
                        "ProcessGuid":  "{f1988ae2-6110-68b8-7a00-000000001e00}",
                        "Company":  "Microsoft Corporation",
                        "ImageLoaded":  "C:\\Windows\\SysWOW64\\policymanager.dll",
                        "FileVersion":  "10.0.19041.1865 (WinBuild.160101.0800)",
                        "User":  "DESKTOP-KVSEOF0\\Stage.Ali",
                        "RuleName":  "-",
                        "Product":  "Microsoft® Windows® Operating System",
                        "ProcessId":  "4816",
                        "OriginalFileName":  "PolicyManager.dll",
                        "Signed":  "true"
                    }
    },
    {
        "EventId":  7,
        "TimeCreated":  "\/Date(1756913937715)\/",
        "ProcessGuid":  "{f1988ae2-6110-68b8-7a00-000000001e00}",
        "ProcessId":  "4816",
        "ParentProcessGuid":  null,
        "Image":  "C:\\Windows\\SysWOW64\\WerFault.exe",
        "CommandLine":  null,
        "User":  "DESKTOP-KVSEOF0\\Stage.Ali",
        "TargetFilename":  null,
        "DestinationIp":  null,
        "DestinationPort":  null,
        "SourceIp":  null,
        "SourcePort":  null,
        "Protocol":  null,
        "QueryName":  null,
        "Details":  {
                        "Description":  "Remote Access AutoDial Helper",
                        "SignatureStatus":  "Valid",
                        "Signature":  "Microsoft Windows",
                        "Hashes":  "MD5=C1DB9F7354D2F4A79B261B3FFD34CD2C,SHA256=C54FAFE066480E1702822A1904A31C864A60154900FFE557F4CC42DDEE8C703B",
                        "Image":  "C:\\Windows\\SysWOW64\\WerFault.exe",
                        "UtcTime":  "2025-09-03 15:38:57.696",
                        "ProcessGuid":  "{f1988ae2-6110-68b8-7a00-000000001e00}",
                        "Company":  "Microsoft Corporation",
                        "ImageLoaded":  "C:\\Windows\\SysWOW64\\rasadhlp.dll",
                        "FileVersion":  "10.0.19041.546 (WinBuild.160101.0800)",
                        "User":  "DESKTOP-KVSEOF0\\Stage.Ali",
                        "RuleName":  "-",
                        "Product":  "Microsoft® Windows® Operating System",
                        "ProcessId":  "4816",
                        "OriginalFileName":  "rasadhlp.dll",
                        "Signed":  "true"
                    }
    },
    {
        "EventId":  12,
        "TimeCreated":  "\/Date(1756913937715)\/",
        "ProcessGuid":  "{f1988ae2-6110-68b8-7a00-000000001e00}",
        "ProcessId":  "4816",
        "ParentProcessGuid":  null,
        "Image":  "C:\\Windows\\SysWOW64\\WerFault.exe",
        "CommandLine":  null,
        "User":  "DESKTOP-KVSEOF0\\Stage.Ali",
        "TargetFilename":  null,
        "DestinationIp":  null,
        "DestinationPort":  null,
        "SourceIp":  null,
        "SourcePort":  null,
        "Protocol":  null,
        "QueryName":  null,
        "Details":  {
                        "Image":  "C:\\Windows\\SysWOW64\\WerFault.exe",
                        "ProcessGuid":  "{f1988ae2-6110-68b8-7a00-000000001e00}",
                        "TargetObject":  "HKLM\\System\\CurrentControlSet\\Services\\Tcpip\\Parameters",
                        "ProcessId":  "4816",
                        "UtcTime":  "2025-09-03 15:38:57.696",
                        "RuleName":  "-",
                        "EventType":  "CreateKey",
                        "User":  "DESKTOP-KVSEOF0\\Stage.Ali"
                    }
    },
    {
        "EventId":  12,
        "TimeCreated":  "\/Date(1756913937715)\/",
        "ProcessGuid":  "{f1988ae2-6110-68b8-7a00-000000001e00}",
        "ProcessId":  "4816",
        "ParentProcessGuid":  null,
        "Image":  "C:\\Windows\\SysWOW64\\WerFault.exe",
        "CommandLine":  null,
        "User":  "DESKTOP-KVSEOF0\\Stage.Ali",
        "TargetFilename":  null,
        "DestinationIp":  null,
        "DestinationPort":  null,
        "SourceIp":  null,
        "SourcePort":  null,
        "Protocol":  null,
        "QueryName":  null,
        "Details":  {
                        "Image":  "C:\\Windows\\SysWOW64\\WerFault.exe",
                        "ProcessGuid":  "{f1988ae2-6110-68b8-7a00-000000001e00}",
                        "TargetObject":  "HKLM\\System\\CurrentControlSet\\Services\\Tcpip\\Parameters",
                        "ProcessId":  "4816",
                        "UtcTime":  "2025-09-03 15:38:57.696",
                        "RuleName":  "-",
                        "EventType":  "CreateKey",
                        "User":  "DESKTOP-KVSEOF0\\Stage.Ali"
                    }
    },
    {
        "EventId":  12,
        "TimeCreated":  "\/Date(1756913937715)\/",
        "ProcessGuid":  "{f1988ae2-6110-68b8-7a00-000000001e00}",
        "ProcessId":  "4816",
        "ParentProcessGuid":  null,
        "Image":  "C:\\Windows\\SysWOW64\\WerFault.exe",
        "CommandLine":  null,
        "User":  "DESKTOP-KVSEOF0\\Stage.Ali",
        "TargetFilename":  null,
        "DestinationIp":  null,
        "DestinationPort":  null,
        "SourceIp":  null,
        "SourcePort":  null,
        "Protocol":  null,
        "QueryName":  null,
        "Details":  {
                        "Image":  "C:\\Windows\\SysWOW64\\WerFault.exe",
                        "ProcessGuid":  "{f1988ae2-6110-68b8-7a00-000000001e00}",
                        "TargetObject":  "HKLM\\System\\CurrentControlSet\\Services\\Tcpip\\Parameters",
                        "ProcessId":  "4816",
                        "UtcTime":  "2025-09-03 15:38:57.696",
                        "RuleName":  "-",
                        "EventType":  "CreateKey",
                        "User":  "DESKTOP-KVSEOF0\\Stage.Ali"
                    }
    },
    {
        "EventId":  12,
        "TimeCreated":  "\/Date(1756913937715)\/",
        "ProcessGuid":  "{f1988ae2-6110-68b8-7a00-000000001e00}",
        "ProcessId":  "4816",
        "ParentProcessGuid":  null,
        "Image":  "C:\\Windows\\SysWOW64\\WerFault.exe",
        "CommandLine":  null,
        "User":  "DESKTOP-KVSEOF0\\Stage.Ali",
        "TargetFilename":  null,
        "DestinationIp":  null,
        "DestinationPort":  null,
        "SourceIp":  null,
        "SourcePort":  null,
        "Protocol":  null,
        "QueryName":  null,
        "Details":  {
                        "Image":  "C:\\Windows\\SysWOW64\\WerFault.exe",
                        "ProcessGuid":  "{f1988ae2-6110-68b8-7a00-000000001e00}",
                        "TargetObject":  "HKLM\\System\\CurrentControlSet\\Services\\Tcpip\\Parameters",
                        "ProcessId":  "4816",
                        "UtcTime":  "2025-09-03 15:38:57.696",
                        "RuleName":  "-",
                        "EventType":  "CreateKey",
                        "User":  "DESKTOP-KVSEOF0\\Stage.Ali"
                    }
    },
    {
        "EventId":  12,
        "TimeCreated":  "\/Date(1756913937715)\/",
        "ProcessGuid":  "{f1988ae2-6110-68b8-7a00-000000001e00}",
        "ProcessId":  "4816",
        "ParentProcessGuid":  null,
        "Image":  "C:\\Windows\\SysWOW64\\WerFault.exe",
        "CommandLine":  null,
        "User":  "DESKTOP-KVSEOF0\\Stage.Ali",
        "TargetFilename":  null,
        "DestinationIp":  null,
        "DestinationPort":  null,
        "SourceIp":  null,
        "SourcePort":  null,
        "Protocol":  null,
        "QueryName":  null,
        "Details":  {
                        "Image":  "C:\\Windows\\SysWOW64\\WerFault.exe",
                        "ProcessGuid":  "{f1988ae2-6110-68b8-7a00-000000001e00}",
                        "TargetObject":  "HKLM\\System\\CurrentControlSet\\Services\\Tcpip\\Parameters",
                        "ProcessId":  "4816",
                        "UtcTime":  "2025-09-03 15:38:57.696",
                        "RuleName":  "-",
                        "EventType":  "CreateKey",
                        "User":  "DESKTOP-KVSEOF0\\Stage.Ali"
                    }
    },
    {
        "EventId":  12,
        "TimeCreated":  "\/Date(1756913937715)\/",
        "ProcessGuid":  "{f1988ae2-6110-68b8-7a00-000000001e00}",
        "ProcessId":  "4816",
        "ParentProcessGuid":  null,
        "Image":  "C:\\Windows\\SysWOW64\\WerFault.exe",
        "CommandLine":  null,
        "User":  "DESKTOP-KVSEOF0\\Stage.Ali",
        "TargetFilename":  null,
        "DestinationIp":  null,
        "DestinationPort":  null,
        "SourceIp":  null,
        "SourcePort":  null,
        "Protocol":  null,
        "QueryName":  null,
        "Details":  {
                        "Image":  "C:\\Windows\\SysWOW64\\WerFault.exe",
                        "ProcessGuid":  "{f1988ae2-6110-68b8-7a00-000000001e00}",
                        "TargetObject":  "HKLM\\System\\CurrentControlSet\\Services\\Tcpip\\Parameters",
                        "ProcessId":  "4816",
                        "UtcTime":  "2025-09-03 15:38:57.696",
                        "RuleName":  "-",
                        "EventType":  "CreateKey",
                        "User":  "DESKTOP-KVSEOF0\\Stage.Ali"
                    }
    },
    {
        "EventId":  12,
        "TimeCreated":  "\/Date(1756913937715)\/",
        "ProcessGuid":  "{f1988ae2-6110-68b8-7a00-000000001e00}",
        "ProcessId":  "4816",
        "ParentProcessGuid":  null,
        "Image":  "C:\\Windows\\SysWOW64\\WerFault.exe",
        "CommandLine":  null,
        "User":  "DESKTOP-KVSEOF0\\Stage.Ali",
        "TargetFilename":  null,
        "DestinationIp":  null,
        "DestinationPort":  null,
        "SourceIp":  null,
        "SourcePort":  null,
        "Protocol":  null,
        "QueryName":  null,
        "Details":  {
                        "Image":  "C:\\Windows\\SysWOW64\\WerFault.exe",
                        "ProcessGuid":  "{f1988ae2-6110-68b8-7a00-000000001e00}",
                        "TargetObject":  "HKLM\\System\\CurrentControlSet\\Services\\Tcpip\\Parameters",
                        "ProcessId":  "4816",
                        "UtcTime":  "2025-09-03 15:38:57.696",
                        "RuleName":  "-",
                        "EventType":  "CreateKey",
                        "User":  "DESKTOP-KVSEOF0\\Stage.Ali"
                    }
    },
    {
        "EventId":  7,
        "TimeCreated":  "\/Date(1756913937715)\/",
        "ProcessGuid":  "{f1988ae2-6110-68b8-7a00-000000001e00}",
        "ProcessId":  "4816",
        "ParentProcessGuid":  null,
        "Image":  "C:\\Windows\\SysWOW64\\WerFault.exe",
        "CommandLine":  null,
        "User":  "DESKTOP-KVSEOF0\\Stage.Ali",
        "TargetFilename":  null,
        "DestinationIp":  null,
        "DestinationPort":  null,
        "SourceIp":  null,
        "SourcePort":  null,
        "Protocol":  null,
        "QueryName":  null,
        "Details":  {
                        "Description":  "DNS Client API DLL",
                        "SignatureStatus":  "Valid",
                        "Signature":  "Microsoft Windows",
                        "Hashes":  "MD5=1849E5C84B6EB6EB56EEB842D8CD467E,SHA256=EDB9484178F99F691776E8380FE7C36D03AA25807CDF1E959DB590E7A32EAEEC",
                        "Image":  "C:\\Windows\\SysWOW64\\WerFault.exe",
                        "UtcTime":  "2025-09-03 15:38:57.696",
                        "ProcessGuid":  "{f1988ae2-6110-68b8-7a00-000000001e00}",
                        "Company":  "Microsoft Corporation",
                        "ImageLoaded":  "C:\\Windows\\SysWOW64\\dnsapi.dll",
                        "FileVersion":  "10.0.19041.1865 (WinBuild.160101.0800)",
                        "User":  "DESKTOP-KVSEOF0\\Stage.Ali",
                        "RuleName":  "-",
                        "Product":  "Microsoft® Windows® Operating System",
                        "ProcessId":  "4816",
                        "OriginalFileName":  "dnsapi",
                        "Signed":  "true"
                    }
    },
    {
        "EventId":  7,
        "TimeCreated":  "\/Date(1756913937711)\/",
        "ProcessGuid":  "{f1988ae2-6110-68b8-7a00-000000001e00}",
        "ProcessId":  "4816",
        "ParentProcessGuid":  null,
        "Image":  "C:\\Windows\\SysWOW64\\WerFault.exe",
        "CommandLine":  null,
        "User":  "DESKTOP-KVSEOF0\\Stage.Ali",
        "TargetFilename":  null,
        "DestinationIp":  null,
        "DestinationPort":  null,
        "SourceIp":  null,
        "SourcePort":  null,
        "Protocol":  null,
        "QueryName":  null,
        "Details":  {
                        "Description":  "Web Transfer Protocols API",
                        "SignatureStatus":  "Valid",
                        "Signature":  "Microsoft Windows",
                        "Hashes":  "MD5=9A11529B494FA4D2C81B9DD080C2ACAA,SHA256=EBCA0836A0C6F9843310D7824C62EABB5411019DABE9FE5E8428CCE6402A2775",
                        "Image":  "C:\\Windows\\SysWOW64\\WerFault.exe",
                        "UtcTime":  "2025-09-03 15:38:57.696",
                        "ProcessGuid":  "{f1988ae2-6110-68b8-7a00-000000001e00}",
                        "Company":  "Microsoft Corporation",
                        "ImageLoaded":  "C:\\Windows\\SysWOW64\\webio.dll",
                        "FileVersion":  "10.0.19041.1620 (WinBuild.160101.0800)",
                        "User":  "DESKTOP-KVSEOF0\\Stage.Ali",
                        "RuleName":  "-",
                        "Product":  "Microsoft® Windows® Operating System",
                        "ProcessId":  "4816",
                        "OriginalFileName":  "webio.dll",
                        "Signed":  "true"
                    }
    },
    {
        "EventId":  7,
        "TimeCreated":  "\/Date(1756913937703)\/",
        "ProcessGuid":  "{f1988ae2-6110-68b8-7a00-000000001e00}",
        "ProcessId":  "4816",
        "ParentProcessGuid":  null,
        "Image":  "C:\\Windows\\SysWOW64\\WerFault.exe",
        "CommandLine":  null,
        "User":  "DESKTOP-KVSEOF0\\Stage.Ali",
        "TargetFilename":  null,
        "DestinationIp":  null,
        "DestinationPort":  null,
        "SourceIp":  null,
        "SourcePort":  null,
        "Protocol":  null,
        "QueryName":  null,
        "Details":  {
                        "Description":  "Security Support Provider Interface",
                        "SignatureStatus":  "Valid",
                        "Signature":  "Microsoft Windows",
                        "Hashes":  "MD5=8ADEE638A4F96E455E908AE153A54C58,SHA256=35801914506484006314E8B65BDF691183913724549BA2A9DBCB6B43DE656DF8",
                        "Image":  "C:\\Windows\\SysWOW64\\WerFault.exe",
                        "UtcTime":  "2025-09-03 15:38:57.696",
                        "ProcessGuid":  "{f1988ae2-6110-68b8-7a00-000000001e00}",
                        "Company":  "Microsoft Corporation",
                        "ImageLoaded":  "C:\\Windows\\SysWOW64\\sspicli.dll",
                        "FileVersion":  "10.0.19041.1586 (WinBuild.160101.0800)",
                        "User":  "DESKTOP-KVSEOF0\\Stage.Ali",
                        "RuleName":  "-",
                        "Product":  "Microsoft® Windows® Operating System",
                        "ProcessId":  "4816",
                        "OriginalFileName":  "security.dll",
                        "Signed":  "true"
                    }
    },
    {
        "EventId":  7,
        "TimeCreated":  "\/Date(1756913937686)\/",
        "ProcessGuid":  "{f1988ae2-6110-68b8-7a00-000000001e00}",
        "ProcessId":  "4816",
        "ParentProcessGuid":  null,
        "Image":  "C:\\Windows\\SysWOW64\\WerFault.exe",
        "CommandLine":  null,
        "User":  "DESKTOP-KVSEOF0\\Stage.Ali",
        "TargetFilename":  null,
        "DestinationIp":  null,
        "DestinationPort":  null,
        "SourceIp":  null,
        "SourcePort":  null,
        "Protocol":  null,
        "QueryName":  null,
        "Details":  {
                        "Description":  "DHCP Client Service",
                        "SignatureStatus":  "Valid",
                        "Signature":  "Microsoft Windows",
                        "Hashes":  "MD5=7145D4730531E0B65325AE9A80D86AA3,SHA256=092D18ACA0FE64104313A2DF497065522FAF66A1FF9A4324D5E688CF6071741F",
                        "Image":  "C:\\Windows\\SysWOW64\\WerFault.exe",
                        "UtcTime":  "2025-09-03 15:38:57.684",
                        "ProcessGuid":  "{f1988ae2-6110-68b8-7a00-000000001e00}",
                        "Company":  "Microsoft Corporation",
                        "ImageLoaded":  "C:\\Windows\\SysWOW64\\dhcpcsvc.dll",
                        "FileVersion":  "10.0.19041.1949 (WinBuild.160101.0800)",
                        "User":  "DESKTOP-KVSEOF0\\Stage.Ali",
                        "RuleName":  "-",
                        "Product":  "Microsoft® Windows® Operating System",
                        "ProcessId":  "4816",
                        "OriginalFileName":  "dhcpcsvc.dll",
                        "Signed":  "true"
                    }
    },
    {
        "EventId":  7,
        "TimeCreated":  "\/Date(1756913937686)\/",
        "ProcessGuid":  "{f1988ae2-6110-68b8-7a00-000000001e00}",
        "ProcessId":  "4816",
        "ParentProcessGuid":  null,
        "Image":  "C:\\Windows\\SysWOW64\\WerFault.exe",
        "CommandLine":  null,
        "User":  "DESKTOP-KVSEOF0\\Stage.Ali",
        "TargetFilename":  null,
        "DestinationIp":  null,
        "DestinationPort":  null,
        "SourceIp":  null,
        "SourcePort":  null,
        "Protocol":  null,
        "QueryName":  null,
        "Details":  {
                        "Description":  "DHCPv6 Client",
                        "SignatureStatus":  "Valid",
                        "Signature":  "Microsoft Windows",
                        "Hashes":  "MD5=B1619A3EA5B66DF5F694456BE7208936,SHA256=93BB1DD8C6BC9C68B1C0005E4BA6E9674ABDEE9667C3F5890E401457611656C8",
                        "Image":  "C:\\Windows\\SysWOW64\\WerFault.exe",
                        "UtcTime":  "2025-09-03 15:38:57.684",
                        "ProcessGuid":  "{f1988ae2-6110-68b8-7a00-000000001e00}",
                        "Company":  "Microsoft Corporation",
                        "ImageLoaded":  "C:\\Windows\\SysWOW64\\dhcpcsvc6.dll",
                        "FileVersion":  "10.0.19041.1949 (WinBuild.160101.0800)",
                        "User":  "DESKTOP-KVSEOF0\\Stage.Ali",
                        "RuleName":  "-",
                        "Product":  "Microsoft® Windows® Operating System",
                        "ProcessId":  "4816",
                        "OriginalFileName":  "dhcpcsvc6.dll",
                        "Signed":  "true"
                    }
    },
    {
        "EventId":  7,
        "TimeCreated":  "\/Date(1756913937681)\/",
        "ProcessGuid":  "{f1988ae2-6110-68b8-7a00-000000001e00}",
        "ProcessId":  "4816",
        "ParentProcessGuid":  null,
        "Image":  "C:\\Windows\\SysWOW64\\WerFault.exe",
        "CommandLine":  null,
        "User":  "DESKTOP-KVSEOF0\\Stage.Ali",
        "TargetFilename":  null,
        "DestinationIp":  null,
        "DestinationPort":  null,
        "SourceIp":  null,
        "SourcePort":  null,
        "Protocol":  null,
        "QueryName":  null,
        "Details":  {
                        "Description":  "NSI User-mode interface DLL",
                        "SignatureStatus":  "Valid",
                        "Signature":  "Microsoft Windows",
                        "Hashes":  "MD5=CB579DC4BA186B955435125C2B5EB3B3,SHA256=3AE97808524D29A6C8714A3A633CB338DEB82C063B99C91A263238D79077E495",
                        "Image":  "C:\\Windows\\SysWOW64\\WerFault.exe",
                        "UtcTime":  "2025-09-03 15:38:57.673",
                        "ProcessGuid":  "{f1988ae2-6110-68b8-7a00-000000001e00}",
                        "Company":  "Microsoft Corporation",
                        "ImageLoaded":  "C:\\Windows\\SysWOW64\\nsi.dll",
                        "FileVersion":  "10.0.19041.610 (WinBuild.160101.0800)",
                        "User":  "DESKTOP-KVSEOF0\\Stage.Ali",
                        "RuleName":  "-",
                        "Product":  "Microsoft® Windows® Operating System",
                        "ProcessId":  "4816",
                        "OriginalFileName":  "nsi.dll",
                        "Signed":  "true"
                    }
    },
    {
        "EventId":  7,
        "TimeCreated":  "\/Date(1756913937681)\/",
        "ProcessGuid":  "{f1988ae2-6110-68b8-7a00-000000001e00}",
        "ProcessId":  "4816",
        "ParentProcessGuid":  null,
        "Image":  "C:\\Windows\\SysWOW64\\WerFault.exe",
        "CommandLine":  null,
        "User":  "DESKTOP-KVSEOF0\\Stage.Ali",
        "TargetFilename":  null,
        "DestinationIp":  null,
        "DestinationPort":  null,
        "SourceIp":  null,
        "SourcePort":  null,
        "Protocol":  null,
        "QueryName":  null,
        "Details":  {
                        "Description":  "Network Store Information RPC interface",
                        "SignatureStatus":  "Valid",
                        "Signature":  "Microsoft Windows",
                        "Hashes":  "MD5=DAB544FECAB29886D19243F90A1F2DBA,SHA256=2A59440ADE80768496AC791C6C3F3209491DBE1EB8F91C99B77D2ED25E7D8D6F",
                        "Image":  "C:\\Windows\\SysWOW64\\WerFault.exe",
                        "UtcTime":  "2025-09-03 15:38:57.673",
                        "ProcessGuid":  "{f1988ae2-6110-68b8-7a00-000000001e00}",
                        "Company":  "Microsoft Corporation",
                        "ImageLoaded":  "C:\\Windows\\SysWOW64\\winnsi.dll",
                        "FileVersion":  "10.0.19041.546 (WinBuild.160101.0800)",
                        "User":  "DESKTOP-KVSEOF0\\Stage.Ali",
                        "RuleName":  "-",
                        "Product":  "Microsoft® Windows® Operating System",
                        "ProcessId":  "4816",
                        "OriginalFileName":  "winnsi.dll",
                        "Signed":  "true"
                    }
    },
    {
        "EventId":  7,
        "TimeCreated":  "\/Date(1756913937678)\/",
        "ProcessGuid":  "{f1988ae2-6110-68b8-7a00-000000001e00}",
        "ProcessId":  "4816",
        "ParentProcessGuid":  null,
        "Image":  "C:\\Windows\\SysWOW64\\WerFault.exe",
        "CommandLine":  null,
        "User":  "DESKTOP-KVSEOF0\\Stage.Ali",
        "TargetFilename":  null,
        "DestinationIp":  null,
        "DestinationPort":  null,
        "SourceIp":  null,
        "SourcePort":  null,
        "Protocol":  null,
        "QueryName":  null,
        "Details":  {
                        "Description":  "IP Helper API",
                        "SignatureStatus":  "Valid",
                        "Signature":  "Microsoft Windows",
                        "Hashes":  "MD5=AAFE4CC189EDD5A9808503EEDE104C85,SHA256=FE52D53B0D9966276F312EB15DA23A01DB52DA5B608086D6C4F3C41AA6209EF5",
                        "Image":  "C:\\Windows\\SysWOW64\\WerFault.exe",
                        "UtcTime":  "2025-09-03 15:38:57.673",
                        "ProcessGuid":  "{f1988ae2-6110-68b8-7a00-000000001e00}",
                        "Company":  "Microsoft Corporation",
                        "ImageLoaded":  "C:\\Windows\\SysWOW64\\IPHLPAPI.DLL",
                        "FileVersion":  "10.0.19041.546 (WinBuild.160101.0800)",
                        "User":  "DESKTOP-KVSEOF0\\Stage.Ali",
                        "RuleName":  "-",
                        "Product":  "Microsoft® Windows® Operating System",
                        "ProcessId":  "4816",
                        "OriginalFileName":  "iphlpapi.dll",
                        "Signed":  "true"
                    }
    },
    {
        "EventId":  7,
        "TimeCreated":  "\/Date(1756913937678)\/",
        "ProcessGuid":  "{f1988ae2-6110-68b8-7a00-000000001e00}",
        "ProcessId":  "4816",
        "ParentProcessGuid":  null,
        "Image":  "C:\\Windows\\SysWOW64\\WerFault.exe",
        "CommandLine":  null,
        "User":  "DESKTOP-KVSEOF0\\Stage.Ali",
        "TargetFilename":  null,
        "DestinationIp":  null,
        "DestinationPort":  null,
        "SourceIp":  null,
        "SourcePort":  null,
        "Protocol":  null,
        "QueryName":  null,
        "Details":  {
                        "Description":  "Microsoft Windows Sockets 2.0 Service Provider",
                        "SignatureStatus":  "Valid",
                        "Signature":  "Microsoft Windows",
                        "Hashes":  "MD5=32ACBB4A0F2EB31E8E69AEF3CBCD8B73,SHA256=D0A0FA22428119878FBB3D451FFFDD21602C9196FFE5EFB989F44816D3280C6E",
                        "Image":  "C:\\Windows\\SysWOW64\\WerFault.exe",
                        "UtcTime":  "2025-09-03 15:38:57.673",
                        "ProcessGuid":  "{f1988ae2-6110-68b8-7a00-000000001e00}",
                        "Company":  "Microsoft Corporation",
                        "ImageLoaded":  "C:\\Windows\\SysWOW64\\mswsock.dll",
                        "FileVersion":  "10.0.19041.546 (WinBuild.160101.0800)",
                        "User":  "DESKTOP-KVSEOF0\\Stage.Ali",
                        "RuleName":  "-",
                        "Product":  "Microsoft® Windows® Operating System",
                        "ProcessId":  "4816",
                        "OriginalFileName":  "mswsock.dll",
                        "Signed":  "true"
                    }
    },
    {
        "EventId":  7,
        "TimeCreated":  "\/Date(1756913937676)\/",
        "ProcessGuid":  "{f1988ae2-6110-68b8-7a00-000000001e00}",
        "ProcessId":  "4816",
        "ParentProcessGuid":  null,
        "Image":  "C:\\Windows\\SysWOW64\\WerFault.exe",
        "CommandLine":  null,
        "User":  "DESKTOP-KVSEOF0\\Stage.Ali",
        "TargetFilename":  null,
        "DestinationIp":  null,
        "DestinationPort":  null,
        "SourceIp":  null,
        "SourcePort":  null,
        "Protocol":  null,
        "QueryName":  null,
        "Details":  {
                        "Description":  "On Demand Connctiond Route Helper",
                        "SignatureStatus":  "Valid",
                        "Signature":  "Microsoft Windows",
                        "Hashes":  "MD5=5658CE1F3DFCF3DB4A63A260B89E654D,SHA256=C115ECBE6E282998531D76472BC319CFA2F3FE115E9D58301A140053CBCD7ABC",
                        "Image":  "C:\\Windows\\SysWOW64\\WerFault.exe",
                        "UtcTime":  "2025-09-03 15:38:57.673",
                        "ProcessGuid":  "{f1988ae2-6110-68b8-7a00-000000001e00}",
                        "Company":  "Microsoft Corporation",
                        "ImageLoaded":  "C:\\Windows\\SysWOW64\\OnDemandConnRouteHelper.dll",
                        "FileVersion":  "10.0.19041.546 (WinBuild.160101.0800)",
                        "User":  "DESKTOP-KVSEOF0\\Stage.Ali",
                        "RuleName":  "-",
                        "Product":  "Microsoft® Windows® Operating System",
                        "ProcessId":  "4816",
                        "OriginalFileName":  "OnDemandConnRouteHelper.dll",
                        "Signed":  "true"
                    }
    },
    {
        "EventId":  7,
        "TimeCreated":  "\/Date(1756913937675)\/",
        "ProcessGuid":  "{f1988ae2-6110-68b8-7a00-000000001e00}",
        "ProcessId":  "4816",
        "ParentProcessGuid":  null,
        "Image":  "C:\\Windows\\SysWOW64\\WerFault.exe",
        "CommandLine":  null,
        "User":  "DESKTOP-KVSEOF0\\Stage.Ali",
        "TargetFilename":  null,
        "DestinationIp":  null,
        "DestinationPort":  null,
        "SourceIp":  null,
        "SourcePort":  null,
        "Protocol":  null,
        "QueryName":  null,
        "Details":  {
                        "Description":  "Windows Socket 2.0 32-Bit DLL",
                        "SignatureStatus":  "Valid",
                        "Signature":  "Microsoft Windows",
                        "Hashes":  "MD5=8D7DB101A7211FE3309DC4DC8CF2DD0A,SHA256=93DB7C9699594CAA19490280842FBEBEC3877278C92128B92E63D75FCD01397A",
                        "Image":  "C:\\Windows\\SysWOW64\\WerFault.exe",
                        "UtcTime":  "2025-09-03 15:38:57.673",
                        "ProcessGuid":  "{f1988ae2-6110-68b8-7a00-000000001e00}",
                        "Company":  "Microsoft Corporation",
                        "ImageLoaded":  "C:\\Windows\\SysWOW64\\ws2_32.dll",
                        "FileVersion":  "10.0.19041.546 (WinBuild.160101.0800)",
                        "User":  "DESKTOP-KVSEOF0\\Stage.Ali",
                        "RuleName":  "-",
                        "Product":  "Microsoft® Windows® Operating System",
                        "ProcessId":  "4816",
                        "OriginalFileName":  "ws2_32.dll",
                        "Signed":  "true"
                    }
    },
    {
        "EventId":  7,
        "TimeCreated":  "\/Date(1756913937673)\/",
        "ProcessGuid":  "{f1988ae2-6110-68b8-7a00-000000001e00}",
        "ProcessId":  "4816",
        "ParentProcessGuid":  null,
        "Image":  "C:\\Windows\\SysWOW64\\WerFault.exe",
        "CommandLine":  null,
        "User":  "DESKTOP-KVSEOF0\\Stage.Ali",
        "TargetFilename":  null,
        "DestinationIp":  null,
        "DestinationPort":  null,
        "SourceIp":  null,
        "SourcePort":  null,
        "Protocol":  null,
        "QueryName":  null,
        "Details":  {
                        "Description":  "Windows HTTP Services",
                        "SignatureStatus":  "Valid",
                        "Signature":  "Microsoft Windows",
                        "Hashes":  "MD5=3AC770E4634D0DA7A962A2C191F9D145,SHA256=32B4FE00EE42818EBDDD66EA147D3A5FA69937D04559AE89CD2DC4DFD94E5355",
                        "Image":  "C:\\Windows\\SysWOW64\\WerFault.exe",
                        "UtcTime":  "2025-09-03 15:38:57.658",
                        "ProcessGuid":  "{f1988ae2-6110-68b8-7a00-000000001e00}",
                        "Company":  "Microsoft Corporation",
                        "ImageLoaded":  "C:\\Windows\\SysWOW64\\winhttp.dll",
                        "FileVersion":  "10.0.19041.1682 (WinBuild.160101.0800)",
                        "User":  "DESKTOP-KVSEOF0\\Stage.Ali",
                        "RuleName":  "-",
                        "Product":  "Microsoft® Windows® Operating System",
                        "ProcessId":  "4816",
                        "OriginalFileName":  "winhttp.dll",
                        "Signed":  "true"
                    }
    },
    {
        "EventId":  7,
        "TimeCreated":  "\/Date(1756913937670)\/",
        "ProcessGuid":  "{f1988ae2-6110-68b8-7a00-000000001e00}",
        "ProcessId":  "4816",
        "ParentProcessGuid":  null,
        "Image":  "C:\\Windows\\SysWOW64\\WerFault.exe",
        "CommandLine":  null,
        "User":  "DESKTOP-KVSEOF0\\Stage.Ali",
        "TargetFilename":  null,
        "DestinationIp":  null,
        "DestinationPort":  null,
        "SourceIp":  null,
        "SourcePort":  null,
        "Protocol":  null,
        "QueryName":  null,
        "Details":  {
                        "Description":  "Policy Manager DLL",
                        "SignatureStatus":  "Valid",
                        "Signature":  "Microsoft Windows",
                        "Hashes":  "MD5=21F972585696C204A08ADC8CF269B05A,SHA256=C1EA524E8E48D2ACD92485AF2BD6DEA611299CF0E5A3971022817A92FA3C4DAE",
                        "Image":  "C:\\Windows\\SysWOW64\\WerFault.exe",
                        "UtcTime":  "2025-09-03 15:38:57.658",
                        "ProcessGuid":  "{f1988ae2-6110-68b8-7a00-000000001e00}",
                        "Company":  "Microsoft Corporation",
                        "ImageLoaded":  "C:\\Windows\\SysWOW64\\policymanager.dll",
                        "FileVersion":  "10.0.19041.1865 (WinBuild.160101.0800)",
                        "User":  "DESKTOP-KVSEOF0\\Stage.Ali",
                        "RuleName":  "-",
                        "Product":  "Microsoft® Windows® Operating System",
                        "ProcessId":  "4816",
                        "OriginalFileName":  "PolicyManager.dll",
                        "Signed":  "true"
                    }
    },
