    {
        "EventId":  7,
        "TimeCreated":  "\/Date(1756913935137)\/",
        "ProcessGuid":  "{f1988ae2-610e-68b8-7600-000000001e00}",
        "ProcessId":  "4436",
        "ParentProcessGuid":  null,
        "Image":  "C:\\Users\\Stage.Ali\\Desktop\\Malware\\09197780e4de9aa1abaa44d580b3102138c6d3a03ab46b518f88f8c40dc882df.exe",
        "CommandLine":  null,
        "User":  "DESKTOP-KVSEOF0\\Stage.Ali",
        "TargetFilename":  null,
        "DestinationIp":  null,
        "DestinationPort":  null,
        "SourceIp":  null,
        "SourcePort":  null,
        "Protocol":  null,
        "QueryName":  null,
        "Details":  {
                        "Description":  "DHCPv6 Client",
                        "SignatureStatus":  "Valid",
                        "Signature":  "Microsoft Windows",
                        "Hashes":  "MD5=B1619A3EA5B66DF5F694456BE7208936,SHA256=93BB1DD8C6BC9C68B1C0005E4BA6E9674ABDEE9667C3F5890E401457611656C8",
                        "Image":  "C:\\Users\\Stage.Ali\\Desktop\\Malware\\09197780e4de9aa1abaa44d580b3102138c6d3a03ab46b518f88f8c40dc882df.exe",
                        "UtcTime":  "2025-09-03 15:38:55.115",
                        "ProcessGuid":  "{f1988ae2-610e-68b8-7600-000000001e00}",
                        "Company":  "Microsoft Corporation",
                        "ImageLoaded":  "C:\\Windows\\SysWOW64\\dhcpcsvc6.dll",
                        "FileVersion":  "10.0.19041.1949 (WinBuild.160101.0800)",
                        "User":  "DESKTOP-KVSEOF0\\Stage.Ali",
                        "RuleName":  "-",
                        "Product":  "Microsoft® Windows® Operating System",
                        "ProcessId":  "4436",
                        "OriginalFileName":  "dhcpcsvc6.dll",
                        "Signed":  "true"
                    }
    },
    {
        "EventId":  7,
        "TimeCreated":  "\/Date(1756913935130)\/",
        "ProcessGuid":  "{f1988ae2-610e-68b8-7600-000000001e00}",
        "ProcessId":  "4436",
        "ParentProcessGuid":  null,
        "Image":  "C:\\Users\\Stage.Ali\\Desktop\\Malware\\09197780e4de9aa1abaa44d580b3102138c6d3a03ab46b518f88f8c40dc882df.exe",
        "CommandLine":  null,
        "User":  "DESKTOP-KVSEOF0\\Stage.Ali",
        "TargetFilename":  null,
        "DestinationIp":  null,
        "DestinationPort":  null,
        "SourceIp":  null,
        "SourcePort":  null,
        "Protocol":  null,
        "QueryName":  null,
        "Details":  {
                        "Description":  "NSI User-mode interface DLL",
                        "SignatureStatus":  "Valid",
                        "Signature":  "Microsoft Windows",
                        "Hashes":  "MD5=CB579DC4BA186B955435125C2B5EB3B3,SHA256=3AE97808524D29A6C8714A3A633CB338DEB82C063B99C91A263238D79077E495",
                        "Image":  "C:\\Users\\Stage.Ali\\Desktop\\Malware\\09197780e4de9aa1abaa44d580b3102138c6d3a03ab46b518f88f8c40dc882df.exe",
                        "UtcTime":  "2025-09-03 15:38:55.097",
                        "ProcessGuid":  "{f1988ae2-610e-68b8-7600-000000001e00}",
                        "Company":  "Microsoft Corporation",
                        "ImageLoaded":  "C:\\Windows\\SysWOW64\\nsi.dll",
                        "FileVersion":  "10.0.19041.610 (WinBuild.160101.0800)",
                        "User":  "DESKTOP-KVSEOF0\\Stage.Ali",
                        "RuleName":  "-",
                        "Product":  "Microsoft® Windows® Operating System",
                        "ProcessId":  "4436",
                        "OriginalFileName":  "nsi.dll",
                        "Signed":  "true"
                    }
    },
    {
        "EventId":  7,
        "TimeCreated":  "\/Date(1756913935125)\/",
        "ProcessGuid":  "{f1988ae2-610e-68b8-7600-000000001e00}",
        "ProcessId":  "4436",
        "ParentProcessGuid":  null,
        "Image":  "C:\\Users\\Stage.Ali\\Desktop\\Malware\\09197780e4de9aa1abaa44d580b3102138c6d3a03ab46b518f88f8c40dc882df.exe",
        "CommandLine":  null,
        "User":  "DESKTOP-KVSEOF0\\Stage.Ali",
        "TargetFilename":  null,
        "DestinationIp":  null,
        "DestinationPort":  null,
        "SourceIp":  null,
        "SourcePort":  null,
        "Protocol":  null,
        "QueryName":  null,
        "Details":  {
                        "Description":  "IP Helper API",
                        "SignatureStatus":  "Valid",
                        "Signature":  "Microsoft Windows",
                        "Hashes":  "MD5=AAFE4CC189EDD5A9808503EEDE104C85,SHA256=FE52D53B0D9966276F312EB15DA23A01DB52DA5B608086D6C4F3C41AA6209EF5",
                        "Image":  "C:\\Users\\Stage.Ali\\Desktop\\Malware\\09197780e4de9aa1abaa44d580b3102138c6d3a03ab46b518f88f8c40dc882df.exe",
                        "UtcTime":  "2025-09-03 15:38:55.089",
                        "ProcessGuid":  "{f1988ae2-610e-68b8-7600-000000001e00}",
                        "Company":  "Microsoft Corporation",
                        "ImageLoaded":  "C:\\Windows\\SysWOW64\\IPHLPAPI.DLL",
                        "FileVersion":  "10.0.19041.546 (WinBuild.160101.0800)",
                        "User":  "DESKTOP-KVSEOF0\\Stage.Ali",
                        "RuleName":  "-",
                        "Product":  "Microsoft® Windows® Operating System",
                        "ProcessId":  "4436",
                        "OriginalFileName":  "iphlpapi.dll",
                        "Signed":  "true"
                    }
    },
    {
        "EventId":  7,
        "TimeCreated":  "\/Date(1756913935120)\/",
        "ProcessGuid":  "{f1988ae2-610e-68b8-7600-000000001e00}",
        "ProcessId":  "4436",
        "ParentProcessGuid":  null,
        "Image":  "C:\\Users\\Stage.Ali\\Desktop\\Malware\\09197780e4de9aa1abaa44d580b3102138c6d3a03ab46b518f88f8c40dc882df.exe",
        "CommandLine":  null,
        "User":  "DESKTOP-KVSEOF0\\Stage.Ali",
        "TargetFilename":  null,
        "DestinationIp":  null,
        "DestinationPort":  null,
        "SourceIp":  null,
        "SourcePort":  null,
        "Protocol":  null,
        "QueryName":  null,
        "Details":  {
                        "Description":  "On Demand Connctiond Route Helper",
                        "SignatureStatus":  "Valid",
                        "Signature":  "Microsoft Windows",
                        "Hashes":  "MD5=5658CE1F3DFCF3DB4A63A260B89E654D,SHA256=C115ECBE6E282998531D76472BC319CFA2F3FE115E9D58301A140053CBCD7ABC",
                        "Image":  "C:\\Users\\Stage.Ali\\Desktop\\Malware\\09197780e4de9aa1abaa44d580b3102138c6d3a03ab46b518f88f8c40dc882df.exe",
                        "UtcTime":  "2025-09-03 15:38:55.077",
                        "ProcessGuid":  "{f1988ae2-610e-68b8-7600-000000001e00}",
                        "Company":  "Microsoft Corporation",
                        "ImageLoaded":  "C:\\Windows\\SysWOW64\\OnDemandConnRouteHelper.dll",
                        "FileVersion":  "10.0.19041.546 (WinBuild.160101.0800)",
                        "User":  "DESKTOP-KVSEOF0\\Stage.Ali",
                        "RuleName":  "-",
                        "Product":  "Microsoft® Windows® Operating System",
                        "ProcessId":  "4436",
                        "OriginalFileName":  "OnDemandConnRouteHelper.dll",
                        "Signed":  "true"
                    }
    },
    {
        "EventId":  7,
        "TimeCreated":  "\/Date(1756913935087)\/",
        "ProcessGuid":  "{f1988ae2-610e-68b8-7600-000000001e00}",
        "ProcessId":  "4436",
        "ParentProcessGuid":  null,
        "Image":  "C:\\Users\\Stage.Ali\\Desktop\\Malware\\09197780e4de9aa1abaa44d580b3102138c6d3a03ab46b518f88f8c40dc882df.exe",
        "CommandLine":  null,
        "User":  "DESKTOP-KVSEOF0\\Stage.Ali",
        "TargetFilename":  null,
        "DestinationIp":  null,
        "DestinationPort":  null,
        "SourceIp":  null,
        "SourcePort":  null,
        "Protocol":  null,
        "QueryName":  null,
        "Details":  {
                        "Description":  "Windows HTTP Services",
                        "SignatureStatus":  "Valid",
                        "Signature":  "Microsoft Windows",
                        "Hashes":  "MD5=3AC770E4634D0DA7A962A2C191F9D145,SHA256=32B4FE00EE42818EBDDD66EA147D3A5FA69937D04559AE89CD2DC4DFD94E5355",
                        "Image":  "C:\\Users\\Stage.Ali\\Desktop\\Malware\\09197780e4de9aa1abaa44d580b3102138c6d3a03ab46b518f88f8c40dc882df.exe",
                        "UtcTime":  "2025-09-03 15:38:55.051",
                        "ProcessGuid":  "{f1988ae2-610e-68b8-7600-000000001e00}",
                        "Company":  "Microsoft Corporation",
                        "ImageLoaded":  "C:\\Windows\\SysWOW64\\winhttp.dll",
                        "FileVersion":  "10.0.19041.1682 (WinBuild.160101.0800)",
                        "User":  "DESKTOP-KVSEOF0\\Stage.Ali",
                        "RuleName":  "-",
                        "Product":  "Microsoft® Windows® Operating System",
                        "ProcessId":  "4436",
                        "OriginalFileName":  "winhttp.dll",
                        "Signed":  "true"
                    }
    },
    {
        "EventId":  7,
        "TimeCreated":  "\/Date(1756913935072)\/",
        "ProcessGuid":  "{f1988ae2-610e-68b8-7600-000000001e00}",
        "ProcessId":  "4436",
        "ParentProcessGuid":  null,
        "Image":  "C:\\Users\\Stage.Ali\\Desktop\\Malware\\09197780e4de9aa1abaa44d580b3102138c6d3a03ab46b518f88f8c40dc882df.exe",
        "CommandLine":  null,
        "User":  "DESKTOP-KVSEOF0\\Stage.Ali",
        "TargetFilename":  null,
        "DestinationIp":  null,
        "DestinationPort":  null,
        "SourceIp":  null,
        "SourcePort":  null,
        "Protocol":  null,
        "QueryName":  null,
        "Details":  {
                        "Description":  "Microsoft Windows Sockets 2.0 Service Provider",
                        "SignatureStatus":  "Valid",
                        "Signature":  "Microsoft Windows",
                        "Hashes":  "MD5=32ACBB4A0F2EB31E8E69AEF3CBCD8B73,SHA256=D0A0FA22428119878FBB3D451FFFDD21602C9196FFE5EFB989F44816D3280C6E",
                        "Image":  "C:\\Users\\Stage.Ali\\Desktop\\Malware\\09197780e4de9aa1abaa44d580b3102138c6d3a03ab46b518f88f8c40dc882df.exe",
                        "UtcTime":  "2025-09-03 15:38:55.026",
                        "ProcessGuid":  "{f1988ae2-610e-68b8-7600-000000001e00}",
                        "Company":  "Microsoft Corporation",
                        "ImageLoaded":  "C:\\Windows\\SysWOW64\\mswsock.dll",
                        "FileVersion":  "10.0.19041.546 (WinBuild.160101.0800)",
                        "User":  "DESKTOP-KVSEOF0\\Stage.Ali",
                        "RuleName":  "-",
                        "Product":  "Microsoft® Windows® Operating System",
                        "ProcessId":  "4436",
                        "OriginalFileName":  "mswsock.dll",
                        "Signed":  "true"
                    }
    },
    {
        "EventId":  7,
        "TimeCreated":  "\/Date(1756913935065)\/",
        "ProcessGuid":  "{f1988ae2-610e-68b8-7600-000000001e00}",
        "ProcessId":  "4436",
        "ParentProcessGuid":  null,
        "Image":  "C:\\Users\\Stage.Ali\\Desktop\\Malware\\09197780e4de9aa1abaa44d580b3102138c6d3a03ab46b518f88f8c40dc882df.exe",
        "CommandLine":  null,
        "User":  "DESKTOP-KVSEOF0\\Stage.Ali",
        "TargetFilename":  null,
        "DestinationIp":  null,
        "DestinationPort":  null,
        "SourceIp":  null,
        "SourcePort":  null,
        "Protocol":  null,
        "QueryName":  null,
        "Details":  {
                        "Description":  "Windows Socket 2.0 32-Bit DLL",
                        "SignatureStatus":  "Valid",
                        "Signature":  "Microsoft Windows",
                        "Hashes":  "MD5=8D7DB101A7211FE3309DC4DC8CF2DD0A,SHA256=93DB7C9699594CAA19490280842FBEBEC3877278C92128B92E63D75FCD01397A",
                        "Image":  "C:\\Users\\Stage.Ali\\Desktop\\Malware\\09197780e4de9aa1abaa44d580b3102138c6d3a03ab46b518f88f8c40dc882df.exe",
                        "UtcTime":  "2025-09-03 15:38:55.007",
                        "ProcessGuid":  "{f1988ae2-610e-68b8-7600-000000001e00}",
                        "Company":  "Microsoft Corporation",
                        "ImageLoaded":  "C:\\Windows\\SysWOW64\\ws2_32.dll",
                        "FileVersion":  "10.0.19041.546 (WinBuild.160101.0800)",
                        "User":  "DESKTOP-KVSEOF0\\Stage.Ali",
                        "RuleName":  "-",
                        "Product":  "Microsoft® Windows® Operating System",
                        "ProcessId":  "4436",
                        "OriginalFileName":  "ws2_32.dll",
                        "Signed":  "true"
                    }
    },
    {
        "EventId":  7,
        "TimeCreated":  "\/Date(1756913935059)\/",
        "ProcessGuid":  "{f1988ae2-610e-68b8-7600-000000001e00}",
        "ProcessId":  "4436",
        "ParentProcessGuid":  null,
        "Image":  "C:\\Users\\Stage.Ali\\Desktop\\Malware\\09197780e4de9aa1abaa44d580b3102138c6d3a03ab46b518f88f8c40dc882df.exe",
        "CommandLine":  null,
        "User":  "DESKTOP-KVSEOF0\\Stage.Ali",
        "TargetFilename":  null,
        "DestinationIp":  null,
        "DestinationPort":  null,
        "SourceIp":  null,
        "SourcePort":  null,
        "Protocol":  null,
        "QueryName":  null,
        "Details":  {
                        "Description":  "Routing Utilities",
                        "SignatureStatus":  "Valid",
                        "Signature":  "Microsoft Windows",
                        "Hashes":  "MD5=FE8D48D2235BD83C849CFC9A82EE8D6F,SHA256=D5861CD89E01BD8A3534FF1628ADD3968BB529078BE23D6B96E4778F72058291",
                        "Image":  "C:\\Users\\Stage.Ali\\Desktop\\Malware\\09197780e4de9aa1abaa44d580b3102138c6d3a03ab46b518f88f8c40dc882df.exe",
                        "UtcTime":  "2025-09-03 15:38:54.997",
                        "ProcessGuid":  "{f1988ae2-610e-68b8-7600-000000001e00}",
                        "Company":  "Microsoft Corporation",
                        "ImageLoaded":  "C:\\Windows\\SysWOW64\\rtutils.dll",
                        "FileVersion":  "10.0.19041.1415 (WinBuild.160101.0800)",
                        "User":  "DESKTOP-KVSEOF0\\Stage.Ali",
                        "RuleName":  "-",
                        "Product":  "Microsoft® Windows® Operating System",
                        "ProcessId":  "4436",
                        "OriginalFileName":  "RTUTILS.DLL",
                        "Signed":  "true"
                    }
    },
    {
        "EventId":  7,
        "TimeCreated":  "\/Date(1756913935040)\/",
        "ProcessGuid":  "{f1988ae2-610e-68b8-7600-000000001e00}",
        "ProcessId":  "4436",
        "ParentProcessGuid":  null,
        "Image":  "C:\\Users\\Stage.Ali\\Desktop\\Malware\\09197780e4de9aa1abaa44d580b3102138c6d3a03ab46b518f88f8c40dc882df.exe",
        "CommandLine":  null,
        "User":  "DESKTOP-KVSEOF0\\Stage.Ali",
        "TargetFilename":  null,
        "DestinationIp":  null,
        "DestinationPort":  null,
        "SourceIp":  null,
        "SourcePort":  null,
        "Protocol":  null,
        "QueryName":  null,
        "Details":  {
                        "Description":  "Remote Access Connection Manager",
                        "SignatureStatus":  "Valid",
                        "Signature":  "Microsoft Windows",
                        "Hashes":  "MD5=0FC64334C47ED73226F0A8A245B9012B,SHA256=42ABB306C1278B36CAEF57EBD5C3074EC50E0C7CB8B5E35C5981FDC5B1E38887",
                        "Image":  "C:\\Users\\Stage.Ali\\Desktop\\Malware\\09197780e4de9aa1abaa44d580b3102138c6d3a03ab46b518f88f8c40dc882df.exe",
                        "UtcTime":  "2025-09-03 15:38:54.978",
                        "ProcessGuid":  "{f1988ae2-610e-68b8-7600-000000001e00}",
                        "Company":  "Microsoft Corporation",
                        "ImageLoaded":  "C:\\Windows\\SysWOW64\\rasman.dll",
                        "FileVersion":  "10.0.19041.1949 (WinBuild.160101.0800)",
                        "User":  "DESKTOP-KVSEOF0\\Stage.Ali",
                        "RuleName":  "-",
                        "Product":  "Microsoft® Windows® Operating System",
                        "ProcessId":  "4436",
                        "OriginalFileName":  "Rasman.dll",
                        "Signed":  "true"
                    }
    },
    {
        "EventId":  12,
        "TimeCreated":  "\/Date(1756913935014)\/",
        "ProcessGuid":  "{f1988ae2-610e-68b8-7600-000000001e00}",
        "ProcessId":  "4436",
        "ParentProcessGuid":  null,
        "Image":  "C:\\Users\\Stage.Ali\\Desktop\\Malware\\09197780e4de9aa1abaa44d580b3102138c6d3a03ab46b518f88f8c40dc882df.exe",
        "CommandLine":  null,
        "User":  "DESKTOP-KVSEOF0\\Stage.Ali",
        "TargetFilename":  null,
        "DestinationIp":  null,
        "DestinationPort":  null,
        "SourceIp":  null,
        "SourcePort":  null,
        "Protocol":  null,
        "QueryName":  null,
        "Details":  {
                        "Image":  "C:\\Users\\Stage.Ali\\Desktop\\Malware\\09197780e4de9aa1abaa44d580b3102138c6d3a03ab46b518f88f8c40dc882df.exe",
                        "ProcessGuid":  "{f1988ae2-610e-68b8-7600-000000001e00}",
                        "TargetObject":  "HKLM\\System\\CurrentControlSet\\Control\\Hvsi",
                        "ProcessId":  "4436",
                        "UtcTime":  "2025-09-03 15:38:55.007",
                        "RuleName":  "-",
                        "EventType":  "CreateKey",
                        "User":  "DESKTOP-KVSEOF0\\Stage.Ali"
                    }
    },
    {
        "EventId":  7,
        "TimeCreated":  "\/Date(1756913935014)\/",
        "ProcessGuid":  "{f1988ae2-610e-68b8-7600-000000001e00}",
        "ProcessId":  "4436",
        "ParentProcessGuid":  null,
        "Image":  "C:\\Users\\Stage.Ali\\Desktop\\Malware\\09197780e4de9aa1abaa44d580b3102138c6d3a03ab46b518f88f8c40dc882df.exe",
        "CommandLine":  null,
        "User":  "DESKTOP-KVSEOF0\\Stage.Ali",
        "TargetFilename":  null,
        "DestinationIp":  null,
        "DestinationPort":  null,
        "SourceIp":  null,
        "SourcePort":  null,
        "Protocol":  null,
        "QueryName":  null,
        "Details":  {
                        "Description":  "Remote Access API",
                        "SignatureStatus":  "Valid",
                        "Signature":  "Microsoft Windows",
                        "Hashes":  "MD5=9E46B41BD79CBA1341A1FA01BC835469,SHA256=B3F762D340AB469296480008D9A99EAB8DD192ACF3325E5AD1C59B2B3C0BCB5F",
                        "Image":  "C:\\Users\\Stage.Ali\\Desktop\\Malware\\09197780e4de9aa1abaa44d580b3102138c6d3a03ab46b518f88f8c40dc882df.exe",
                        "UtcTime":  "2025-09-03 15:38:54.969",
                        "ProcessGuid":  "{f1988ae2-610e-68b8-7600-000000001e00}",
                        "Company":  "Microsoft Corporation",
                        "ImageLoaded":  "C:\\Windows\\SysWOW64\\rasapi32.dll",
                        "FileVersion":  "10.0.19041.1865 (WinBuild.160101.0800)",
                        "User":  "DESKTOP-KVSEOF0\\Stage.Ali",
                        "RuleName":  "-",
                        "Product":  "Microsoft® Windows® Operating System",
                        "ProcessId":  "4436",
                        "OriginalFileName":  "rasapi32.dll",
                        "Signed":  "true"
                    }
    },
    {
        "EventId":  13,
        "TimeCreated":  "\/Date(1756913935003)\/",
        "ProcessGuid":  "{f1988ae2-610e-68b8-7600-000000001e00}",
        "ProcessId":  "4436",
        "ParentProcessGuid":  null,
        "Image":  "C:\\Users\\Stage.Ali\\Desktop\\Malware\\09197780e4de9aa1abaa44d580b3102138c6d3a03ab46b518f88f8c40dc882df.exe",
        "CommandLine":  null,
        "User":  "DESKTOP-KVSEOF0\\Stage.Ali",
        "TargetFilename":  null,
        "DestinationIp":  null,
        "DestinationPort":  null,
        "SourceIp":  null,
        "SourcePort":  null,
        "Protocol":  null,
        "QueryName":  null,
        "Details":  {
                        "Image":  "C:\\Users\\Stage.Ali\\Desktop\\Malware\\09197780e4de9aa1abaa44d580b3102138c6d3a03ab46b518f88f8c40dc882df.exe",
                        "ProcessGuid":  "{f1988ae2-610e-68b8-7600-000000001e00}",
                        "Details":  "%%windir%%\\tracing",
                        "TargetObject":  "HKLM\\SOFTWARE\\WOW6432Node\\Microsoft\\Tracing\\RASMANCS\\FileDirectory",
                        "ProcessId":  "4436",
                        "UtcTime":  "2025-09-03 15:38:55.000",
                        "RuleName":  "-",
                        "EventType":  "SetValue",
                        "User":  "DESKTOP-KVSEOF0\\Stage.Ali"
                    }
    },
    {
        "EventId":  13,
        "TimeCreated":  "\/Date(1756913935003)\/",
        "ProcessGuid":  "{f1988ae2-610e-68b8-7600-000000001e00}",
        "ProcessId":  "4436",
        "ParentProcessGuid":  null,
        "Image":  "C:\\Users\\Stage.Ali\\Desktop\\Malware\\09197780e4de9aa1abaa44d580b3102138c6d3a03ab46b518f88f8c40dc882df.exe",
        "CommandLine":  null,
        "User":  "DESKTOP-KVSEOF0\\Stage.Ali",
        "TargetFilename":  null,
        "DestinationIp":  null,
        "DestinationPort":  null,
        "SourceIp":  null,
        "SourcePort":  null,
        "Protocol":  null,
        "QueryName":  null,
        "Details":  {
                        "Image":  "C:\\Users\\Stage.Ali\\Desktop\\Malware\\09197780e4de9aa1abaa44d580b3102138c6d3a03ab46b518f88f8c40dc882df.exe",
                        "ProcessGuid":  "{f1988ae2-610e-68b8-7600-000000001e00}",
                        "Details":  "DWORD (0x00100000)",
                        "TargetObject":  "HKLM\\SOFTWARE\\WOW6432Node\\Microsoft\\Tracing\\RASMANCS\\MaxFileSize",
                        "ProcessId":  "4436",
                        "UtcTime":  "2025-09-03 15:38:55.000",
                        "RuleName":  "-",
                        "EventType":  "SetValue",
                        "User":  "DESKTOP-KVSEOF0\\Stage.Ali"
                    }
    },
    {
        "EventId":  13,
        "TimeCreated":  "\/Date(1756913935003)\/",
        "ProcessGuid":  "{f1988ae2-610e-68b8-7600-000000001e00}",
        "ProcessId":  "4436",
        "ParentProcessGuid":  null,
        "Image":  "C:\\Users\\Stage.Ali\\Desktop\\Malware\\09197780e4de9aa1abaa44d580b3102138c6d3a03ab46b518f88f8c40dc882df.exe",
        "CommandLine":  null,
        "User":  "DESKTOP-KVSEOF0\\Stage.Ali",
        "TargetFilename":  null,
        "DestinationIp":  null,
        "DestinationPort":  null,
        "SourceIp":  null,
        "SourcePort":  null,
        "Protocol":  null,
        "QueryName":  null,
        "Details":  {
                        "Image":  "C:\\Users\\Stage.Ali\\Desktop\\Malware\\09197780e4de9aa1abaa44d580b3102138c6d3a03ab46b518f88f8c40dc882df.exe",
                        "ProcessGuid":  "{f1988ae2-610e-68b8-7600-000000001e00}",
                        "Details":  "DWORD (0xffff0000)",
                        "TargetObject":  "HKLM\\SOFTWARE\\WOW6432Node\\Microsoft\\Tracing\\RASMANCS\\ConsoleTracingMask",
                        "ProcessId":  "4436",
                        "UtcTime":  "2025-09-03 15:38:55.000",
                        "RuleName":  "-",
                        "EventType":  "SetValue",
                        "User":  "DESKTOP-KVSEOF0\\Stage.Ali"
                    }
    },
    {
        "EventId":  13,
        "TimeCreated":  "\/Date(1756913935003)\/",
        "ProcessGuid":  "{f1988ae2-610e-68b8-7600-000000001e00}",
        "ProcessId":  "4436",
        "ParentProcessGuid":  null,
        "Image":  "C:\\Users\\Stage.Ali\\Desktop\\Malware\\09197780e4de9aa1abaa44d580b3102138c6d3a03ab46b518f88f8c40dc882df.exe",
        "CommandLine":  null,
        "User":  "DESKTOP-KVSEOF0\\Stage.Ali",
        "TargetFilename":  null,
        "DestinationIp":  null,
        "DestinationPort":  null,
        "SourceIp":  null,
        "SourcePort":  null,
        "Protocol":  null,
        "QueryName":  null,
        "Details":  {
                        "Image":  "C:\\Users\\Stage.Ali\\Desktop\\Malware\\09197780e4de9aa1abaa44d580b3102138c6d3a03ab46b518f88f8c40dc882df.exe",
                        "ProcessGuid":  "{f1988ae2-610e-68b8-7600-000000001e00}",
                        "Details":  "DWORD (0xffff0000)",
                        "TargetObject":  "HKLM\\SOFTWARE\\WOW6432Node\\Microsoft\\Tracing\\RASMANCS\\FileTracingMask",
                        "ProcessId":  "4436",
                        "UtcTime":  "2025-09-03 15:38:55.000",
                        "RuleName":  "-",
                        "EventType":  "SetValue",
                        "User":  "DESKTOP-KVSEOF0\\Stage.Ali"
                    }
    },
    {
        "EventId":  13,
        "TimeCreated":  "\/Date(1756913935003)\/",
        "ProcessGuid":  "{f1988ae2-610e-68b8-7600-000000001e00}",
        "ProcessId":  "4436",
        "ParentProcessGuid":  null,
        "Image":  "C:\\Users\\Stage.Ali\\Desktop\\Malware\\09197780e4de9aa1abaa44d580b3102138c6d3a03ab46b518f88f8c40dc882df.exe",
        "CommandLine":  null,
        "User":  "DESKTOP-KVSEOF0\\Stage.Ali",
        "TargetFilename":  null,
        "DestinationIp":  null,
        "DestinationPort":  null,
        "SourceIp":  null,
        "SourcePort":  null,
        "Protocol":  null,
        "QueryName":  null,
        "Details":  {
                        "Image":  "C:\\Users\\Stage.Ali\\Desktop\\Malware\\09197780e4de9aa1abaa44d580b3102138c6d3a03ab46b518f88f8c40dc882df.exe",
                        "ProcessGuid":  "{f1988ae2-610e-68b8-7600-000000001e00}",
                        "Details":  "DWORD (0x00000000)",
                        "TargetObject":  "HKLM\\SOFTWARE\\WOW6432Node\\Microsoft\\Tracing\\RASMANCS\\EnableConsoleTracing",
                        "ProcessId":  "4436",
                        "UtcTime":  "2025-09-03 15:38:55.000",
                        "RuleName":  "-",
                        "EventType":  "SetValue",
                        "User":  "DESKTOP-KVSEOF0\\Stage.Ali"
                    }
    },
    {
        "EventId":  13,
        "TimeCreated":  "\/Date(1756913935003)\/",
        "ProcessGuid":  "{f1988ae2-610e-68b8-7600-000000001e00}",
        "ProcessId":  "4436",
        "ParentProcessGuid":  null,
        "Image":  "C:\\Users\\Stage.Ali\\Desktop\\Malware\\09197780e4de9aa1abaa44d580b3102138c6d3a03ab46b518f88f8c40dc882df.exe",
        "CommandLine":  null,
        "User":  "DESKTOP-KVSEOF0\\Stage.Ali",
        "TargetFilename":  null,
        "DestinationIp":  null,
        "DestinationPort":  null,
        "SourceIp":  null,
        "SourcePort":  null,
        "Protocol":  null,
        "QueryName":  null,
        "Details":  {
                        "Image":  "C:\\Users\\Stage.Ali\\Desktop\\Malware\\09197780e4de9aa1abaa44d580b3102138c6d3a03ab46b518f88f8c40dc882df.exe",
                        "ProcessGuid":  "{f1988ae2-610e-68b8-7600-000000001e00}",
                        "Details":  "DWORD (0x00000000)",
                        "TargetObject":  "HKLM\\SOFTWARE\\WOW6432Node\\Microsoft\\Tracing\\RASMANCS\\EnableAutoFileTracing",
                        "ProcessId":  "4436",
                        "UtcTime":  "2025-09-03 15:38:55.000",
                        "RuleName":  "-",
                        "EventType":  "SetValue",
                        "User":  "DESKTOP-KVSEOF0\\Stage.Ali"
                    }
    },
    {
        "EventId":  13,
        "TimeCreated":  "\/Date(1756913935003)\/",
        "ProcessGuid":  "{f1988ae2-610e-68b8-7600-000000001e00}",
        "ProcessId":  "4436",
        "ParentProcessGuid":  null,
        "Image":  "C:\\Users\\Stage.Ali\\Desktop\\Malware\\09197780e4de9aa1abaa44d580b3102138c6d3a03ab46b518f88f8c40dc882df.exe",
        "CommandLine":  null,
        "User":  "DESKTOP-KVSEOF0\\Stage.Ali",
        "TargetFilename":  null,
        "DestinationIp":  null,
        "DestinationPort":  null,
        "SourceIp":  null,
        "SourcePort":  null,
        "Protocol":  null,
        "QueryName":  null,
        "Details":  {
                        "Image":  "C:\\Users\\Stage.Ali\\Desktop\\Malware\\09197780e4de9aa1abaa44d580b3102138c6d3a03ab46b518f88f8c40dc882df.exe",
                        "ProcessGuid":  "{f1988ae2-610e-68b8-7600-000000001e00}",
                        "Details":  "DWORD (0x00000000)",
                        "TargetObject":  "HKLM\\SOFTWARE\\WOW6432Node\\Microsoft\\Tracing\\RASMANCS\\EnableFileTracing",
                        "ProcessId":  "4436",
                        "UtcTime":  "2025-09-03 15:38:55.000",
                        "RuleName":  "-",
                        "EventType":  "SetValue",
                        "User":  "DESKTOP-KVSEOF0\\Stage.Ali"
                    }
    },
    {
        "EventId":  12,
        "TimeCreated":  "\/Date(1756913935003)\/",
        "ProcessGuid":  "{f1988ae2-610e-68b8-7600-000000001e00}",
        "ProcessId":  "4436",
        "ParentProcessGuid":  null,
        "Image":  "C:\\Users\\Stage.Ali\\Desktop\\Malware\\09197780e4de9aa1abaa44d580b3102138c6d3a03ab46b518f88f8c40dc882df.exe",
        "CommandLine":  null,
        "User":  "DESKTOP-KVSEOF0\\Stage.Ali",
        "TargetFilename":  null,
        "DestinationIp":  null,
        "DestinationPort":  null,
        "SourceIp":  null,
        "SourcePort":  null,
        "Protocol":  null,
        "QueryName":  null,
        "Details":  {
                        "Image":  "C:\\Users\\Stage.Ali\\Desktop\\Malware\\09197780e4de9aa1abaa44d580b3102138c6d3a03ab46b518f88f8c40dc882df.exe",
                        "ProcessGuid":  "{f1988ae2-610e-68b8-7600-000000001e00}",
                        "TargetObject":  "HKLM\\SOFTWARE\\WOW6432Node\\Microsoft\\Tracing\\RASMANCS",
                        "ProcessId":  "4436",
                        "UtcTime":  "2025-09-03 15:38:55.000",
                        "RuleName":  "-",
                        "EventType":  "CreateKey",
                        "User":  "DESKTOP-KVSEOF0\\Stage.Ali"
                    }
    },
    {
        "EventId":  12,
        "TimeCreated":  "\/Date(1756913935003)\/",
        "ProcessGuid":  "{f1988ae2-610e-68b8-7600-000000001e00}",
        "ProcessId":  "4436",
        "ParentProcessGuid":  null,
        "Image":  "C:\\Users\\Stage.Ali\\Desktop\\Malware\\09197780e4de9aa1abaa44d580b3102138c6d3a03ab46b518f88f8c40dc882df.exe",
        "CommandLine":  null,
        "User":  "DESKTOP-KVSEOF0\\Stage.Ali",
        "TargetFilename":  null,
        "DestinationIp":  null,
        "DestinationPort":  null,
        "SourceIp":  null,
        "SourcePort":  null,
        "Protocol":  null,
        "QueryName":  null,
        "Details":  {
                        "Image":  "C:\\Users\\Stage.Ali\\Desktop\\Malware\\09197780e4de9aa1abaa44d580b3102138c6d3a03ab46b518f88f8c40dc882df.exe",
                        "ProcessGuid":  "{f1988ae2-610e-68b8-7600-000000001e00}",
                        "TargetObject":  "HKLM\\SOFTWARE\\WOW6432Node\\Microsoft\\Tracing",
                        "ProcessId":  "4436",
                        "UtcTime":  "2025-09-03 15:38:54.997",
                        "RuleName":  "-",
                        "EventType":  "CreateKey",
                        "User":  "DESKTOP-KVSEOF0\\Stage.Ali"
                    }
    },
    {
        "EventId":  13,
        "TimeCreated":  "\/Date(1756913935002)\/",
        "ProcessGuid":  "{f1988ae2-610e-68b8-7600-000000001e00}",
        "ProcessId":  "4436",
        "ParentProcessGuid":  null,
        "Image":  "C:\\Users\\Stage.Ali\\Desktop\\Malware\\09197780e4de9aa1abaa44d580b3102138c6d3a03ab46b518f88f8c40dc882df.exe",
        "CommandLine":  null,
        "User":  "DESKTOP-KVSEOF0\\Stage.Ali",
        "TargetFilename":  null,
        "DestinationIp":  null,
        "DestinationPort":  null,
        "SourceIp":  null,
        "SourcePort":  null,
        "Protocol":  null,
        "QueryName":  null,
        "Details":  {
                        "Image":  "C:\\Users\\Stage.Ali\\Desktop\\Malware\\09197780e4de9aa1abaa44d580b3102138c6d3a03ab46b518f88f8c40dc882df.exe",
                        "ProcessGuid":  "{f1988ae2-610e-68b8-7600-000000001e00}",
                        "Details":  "%%windir%%\\tracing",
                        "TargetObject":  "HKLM\\SOFTWARE\\WOW6432Node\\Microsoft\\Tracing\\RASAPI32\\FileDirectory",
                        "ProcessId":  "4436",
                        "UtcTime":  "2025-09-03 15:38:54.997",
                        "RuleName":  "-",
                        "EventType":  "SetValue",
                        "User":  "DESKTOP-KVSEOF0\\Stage.Ali"
                    }
    },
    {
        "EventId":  13,
        "TimeCreated":  "\/Date(1756913935002)\/",
        "ProcessGuid":  "{f1988ae2-610e-68b8-7600-000000001e00}",
        "ProcessId":  "4436",
        "ParentProcessGuid":  null,
        "Image":  "C:\\Users\\Stage.Ali\\Desktop\\Malware\\09197780e4de9aa1abaa44d580b3102138c6d3a03ab46b518f88f8c40dc882df.exe",
        "CommandLine":  null,
        "User":  "DESKTOP-KVSEOF0\\Stage.Ali",
        "TargetFilename":  null,
        "DestinationIp":  null,
        "DestinationPort":  null,
        "SourceIp":  null,
        "SourcePort":  null,
        "Protocol":  null,
        "QueryName":  null,
        "Details":  {
                        "Image":  "C:\\Users\\Stage.Ali\\Desktop\\Malware\\09197780e4de9aa1abaa44d580b3102138c6d3a03ab46b518f88f8c40dc882df.exe",
                        "ProcessGuid":  "{f1988ae2-610e-68b8-7600-000000001e00}",
                        "Details":  "DWORD (0x00100000)",
                        "TargetObject":  "HKLM\\SOFTWARE\\WOW6432Node\\Microsoft\\Tracing\\RASAPI32\\MaxFileSize",
                        "ProcessId":  "4436",
                        "UtcTime":  "2025-09-03 15:38:54.997",
                        "RuleName":  "-",
                        "EventType":  "SetValue",
                        "User":  "DESKTOP-KVSEOF0\\Stage.Ali"
                    }
    },
    {
        "EventId":  13,
        "TimeCreated":  "\/Date(1756913935002)\/",
        "ProcessGuid":  "{f1988ae2-610e-68b8-7600-000000001e00}",
        "ProcessId":  "4436",
        "ParentProcessGuid":  null,
        "Image":  "C:\\Users\\Stage.Ali\\Desktop\\Malware\\09197780e4de9aa1abaa44d580b3102138c6d3a03ab46b518f88f8c40dc882df.exe",
        "CommandLine":  null,
        "User":  "DESKTOP-KVSEOF0\\Stage.Ali",
        "TargetFilename":  null,
        "DestinationIp":  null,
        "DestinationPort":  null,
        "SourceIp":  null,
        "SourcePort":  null,
        "Protocol":  null,
        "QueryName":  null,
        "Details":  {
                        "Image":  "C:\\Users\\Stage.Ali\\Desktop\\Malware\\09197780e4de9aa1abaa44d580b3102138c6d3a03ab46b518f88f8c40dc882df.exe",
                        "ProcessGuid":  "{f1988ae2-610e-68b8-7600-000000001e00}",
                        "Details":  "DWORD (0xffff0000)",
                        "TargetObject":  "HKLM\\SOFTWARE\\WOW6432Node\\Microsoft\\Tracing\\RASAPI32\\ConsoleTracingMask",
                        "ProcessId":  "4436",
                        "UtcTime":  "2025-09-03 15:38:54.997",
                        "RuleName":  "-",
                        "EventType":  "SetValue",
                        "User":  "DESKTOP-KVSEOF0\\Stage.Ali"
                    }
    },
    {
        "EventId":  13,
        "TimeCreated":  "\/Date(1756913935002)\/",
        "ProcessGuid":  "{f1988ae2-610e-68b8-7600-000000001e00}",
        "ProcessId":  "4436",
        "ParentProcessGuid":  null,
        "Image":  "C:\\Users\\Stage.Ali\\Desktop\\Malware\\09197780e4de9aa1abaa44d580b3102138c6d3a03ab46b518f88f8c40dc882df.exe",
        "CommandLine":  null,
        "User":  "DESKTOP-KVSEOF0\\Stage.Ali",
        "TargetFilename":  null,
        "DestinationIp":  null,
        "DestinationPort":  null,
        "SourceIp":  null,
        "SourcePort":  null,
        "Protocol":  null,
        "QueryName":  null,
        "Details":  {
                        "Image":  "C:\\Users\\Stage.Ali\\Desktop\\Malware\\09197780e4de9aa1abaa44d580b3102138c6d3a03ab46b518f88f8c40dc882df.exe",
                        "ProcessGuid":  "{f1988ae2-610e-68b8-7600-000000001e00}",
                        "Details":  "DWORD (0xffff0000)",
                        "TargetObject":  "HKLM\\SOFTWARE\\WOW6432Node\\Microsoft\\Tracing\\RASAPI32\\FileTracingMask",
                        "ProcessId":  "4436",
                        "UtcTime":  "2025-09-03 15:38:54.997",
                        "RuleName":  "-",
                        "EventType":  "SetValue",
                        "User":  "DESKTOP-KVSEOF0\\Stage.Ali"
                    }
    },
    {
        "EventId":  13,
        "TimeCreated":  "\/Date(1756913935002)\/",
        "ProcessGuid":  "{f1988ae2-610e-68b8-7600-000000001e00}",
        "ProcessId":  "4436",
        "ParentProcessGuid":  null,
        "Image":  "C:\\Users\\Stage.Ali\\Desktop\\Malware\\09197780e4de9aa1abaa44d580b3102138c6d3a03ab46b518f88f8c40dc882df.exe",
        "CommandLine":  null,
        "User":  "DESKTOP-KVSEOF0\\Stage.Ali",
        "TargetFilename":  null,
        "DestinationIp":  null,
        "DestinationPort":  null,
        "SourceIp":  null,
        "SourcePort":  null,
        "Protocol":  null,
        "QueryName":  null,
        "Details":  {
                        "Image":  "C:\\Users\\Stage.Ali\\Desktop\\Malware\\09197780e4de9aa1abaa44d580b3102138c6d3a03ab46b518f88f8c40dc882df.exe",
                        "ProcessGuid":  "{f1988ae2-610e-68b8-7600-000000001e00}",
                        "Details":  "DWORD (0x00000000)",
                        "TargetObject":  "HKLM\\SOFTWARE\\WOW6432Node\\Microsoft\\Tracing\\RASAPI32\\EnableConsoleTracing",
                        "ProcessId":  "4436",
                        "UtcTime":  "2025-09-03 15:38:54.997",
                        "RuleName":  "-",
                        "EventType":  "SetValue",
                        "User":  "DESKTOP-KVSEOF0\\Stage.Ali"
                    }
    },
    {
        "EventId":  13,
        "TimeCreated":  "\/Date(1756913935002)\/",
        "ProcessGuid":  "{f1988ae2-610e-68b8-7600-000000001e00}",
        "ProcessId":  "4436",
        "ParentProcessGuid":  null,
        "Image":  "C:\\Users\\Stage.Ali\\Desktop\\Malware\\09197780e4de9aa1abaa44d580b3102138c6d3a03ab46b518f88f8c40dc882df.exe",
        "CommandLine":  null,
        "User":  "DESKTOP-KVSEOF0\\Stage.Ali",
        "TargetFilename":  null,
        "DestinationIp":  null,
        "DestinationPort":  null,
        "SourceIp":  null,
        "SourcePort":  null,
        "Protocol":  null,
        "QueryName":  null,
        "Details":  {
                        "Image":  "C:\\Users\\Stage.Ali\\Desktop\\Malware\\09197780e4de9aa1abaa44d580b3102138c6d3a03ab46b518f88f8c40dc882df.exe",
                        "ProcessGuid":  "{f1988ae2-610e-68b8-7600-000000001e00}",
                        "Details":  "DWORD (0x00000000)",
                        "TargetObject":  "HKLM\\SOFTWARE\\WOW6432Node\\Microsoft\\Tracing\\RASAPI32\\EnableAutoFileTracing",
                        "ProcessId":  "4436",
                        "UtcTime":  "2025-09-03 15:38:54.997",
                        "RuleName":  "-",
                        "EventType":  "SetValue",
                        "User":  "DESKTOP-KVSEOF0\\Stage.Ali"
                    }
    },
    {
        "EventId":  13,
        "TimeCreated":  "\/Date(1756913935002)\/",
        "ProcessGuid":  "{f1988ae2-610e-68b8-7600-000000001e00}",
        "ProcessId":  "4436",
        "ParentProcessGuid":  null,
        "Image":  "C:\\Users\\Stage.Ali\\Desktop\\Malware\\09197780e4de9aa1abaa44d580b3102138c6d3a03ab46b518f88f8c40dc882df.exe",
        "CommandLine":  null,
        "User":  "DESKTOP-KVSEOF0\\Stage.Ali",
        "TargetFilename":  null,
        "DestinationIp":  null,
        "DestinationPort":  null,
        "SourceIp":  null,
        "SourcePort":  null,
        "Protocol":  null,
        "QueryName":  null,
        "Details":  {
                        "Image":  "C:\\Users\\Stage.Ali\\Desktop\\Malware\\09197780e4de9aa1abaa44d580b3102138c6d3a03ab46b518f88f8c40dc882df.exe",
                        "ProcessGuid":  "{f1988ae2-610e-68b8-7600-000000001e00}",
                        "Details":  "DWORD (0x00000000)",
                        "TargetObject":  "HKLM\\SOFTWARE\\WOW6432Node\\Microsoft\\Tracing\\RASAPI32\\EnableFileTracing",
                        "ProcessId":  "4436",
                        "UtcTime":  "2025-09-03 15:38:54.997",
                        "RuleName":  "-",
                        "EventType":  "SetValue",
                        "User":  "DESKTOP-KVSEOF0\\Stage.Ali"
                    }
    },
    {
        "EventId":  12,
        "TimeCreated":  "\/Date(1756913935002)\/",
        "ProcessGuid":  "{f1988ae2-610e-68b8-7600-000000001e00}",
        "ProcessId":  "4436",
        "ParentProcessGuid":  null,
        "Image":  "C:\\Users\\Stage.Ali\\Desktop\\Malware\\09197780e4de9aa1abaa44d580b3102138c6d3a03ab46b518f88f8c40dc882df.exe",
        "CommandLine":  null,
        "User":  "DESKTOP-KVSEOF0\\Stage.Ali",
        "TargetFilename":  null,
        "DestinationIp":  null,
        "DestinationPort":  null,
        "SourceIp":  null,
        "SourcePort":  null,
        "Protocol":  null,
        "QueryName":  null,
        "Details":  {
                        "Image":  "C:\\Users\\Stage.Ali\\Desktop\\Malware\\09197780e4de9aa1abaa44d580b3102138c6d3a03ab46b518f88f8c40dc882df.exe",
                        "ProcessGuid":  "{f1988ae2-610e-68b8-7600-000000001e00}",
                        "TargetObject":  "HKLM\\SOFTWARE\\WOW6432Node\\Microsoft\\Tracing\\RASAPI32",
                        "ProcessId":  "4436",
                        "UtcTime":  "2025-09-03 15:38:54.997",
                        "RuleName":  "-",
                        "EventType":  "CreateKey",
                        "User":  "DESKTOP-KVSEOF0\\Stage.Ali"
                    }
    },
    {
        "EventId":  12,
        "TimeCreated":  "\/Date(1756913935002)\/",
        "ProcessGuid":  "{f1988ae2-610e-68b8-7600-000000001e00}",
        "ProcessId":  "4436",
        "ParentProcessGuid":  null,
        "Image":  "C:\\Users\\Stage.Ali\\Desktop\\Malware\\09197780e4de9aa1abaa44d580b3102138c6d3a03ab46b518f88f8c40dc882df.exe",
        "CommandLine":  null,
        "User":  "DESKTOP-KVSEOF0\\Stage.Ali",
        "TargetFilename":  null,
        "DestinationIp":  null,
        "DestinationPort":  null,
        "SourceIp":  null,
        "SourcePort":  null,
        "Protocol":  null,
        "QueryName":  null,
        "Details":  {
                        "Image":  "C:\\Users\\Stage.Ali\\Desktop\\Malware\\09197780e4de9aa1abaa44d580b3102138c6d3a03ab46b518f88f8c40dc882df.exe",
                        "ProcessGuid":  "{f1988ae2-610e-68b8-7600-000000001e00}",
                        "TargetObject":  "HKLM\\SOFTWARE\\WOW6432Node\\Microsoft\\Tracing",
                        "ProcessId":  "4436",
                        "UtcTime":  "2025-09-03 15:38:54.997",
                        "RuleName":  "-",
                        "EventType":  "CreateKey",
                        "User":  "DESKTOP-KVSEOF0\\Stage.Ali"
                    }
    },
    {
        "EventId":  13,
        "TimeCreated":  "\/Date(1756913935001)\/",
        "ProcessGuid":  "{f1988ae2-610e-68b8-7600-000000001e00}",
        "ProcessId":  "4436",
        "ParentProcessGuid":  null,
        "Image":  "C:\\Users\\Stage.Ali\\Desktop\\Malware\\09197780e4de9aa1abaa44d580b3102138c6d3a03ab46b518f88f8c40dc882df.exe",
        "CommandLine":  null,
        "User":  "DESKTOP-KVSEOF0\\Stage.Ali",
        "TargetFilename":  null,
        "DestinationIp":  null,
        "DestinationPort":  null,
        "SourceIp":  null,
        "SourcePort":  null,
        "Protocol":  null,
        "QueryName":  null,
        "Details":  {
                        "Image":  "C:\\Users\\Stage.Ali\\Desktop\\Malware\\09197780e4de9aa1abaa44d580b3102138c6d3a03ab46b518f88f8c40dc882df.exe",
                        "ProcessGuid":  "{f1988ae2-610e-68b8-7600-000000001e00}",
                        "Details":  "DWORD (0x00000000)",
                        "TargetObject":  "HKLM\\SOFTWARE\\WOW6432Node\\Microsoft\\Tracing\\EnableConsoleTracing",
                        "ProcessId":  "4436",
                        "UtcTime":  "2025-09-03 15:38:54.997",
                        "RuleName":  "-",
                        "EventType":  "SetValue",
                        "User":  "DESKTOP-KVSEOF0\\Stage.Ali"
                    }
    },
    {
        "EventId":  12,
        "TimeCreated":  "\/Date(1756913935001)\/",
        "ProcessGuid":  "{f1988ae2-610e-68b8-7600-000000001e00}",
        "ProcessId":  "4436",
        "ParentProcessGuid":  null,
        "Image":  "C:\\Users\\Stage.Ali\\Desktop\\Malware\\09197780e4de9aa1abaa44d580b3102138c6d3a03ab46b518f88f8c40dc882df.exe",
        "CommandLine":  null,
        "User":  "DESKTOP-KVSEOF0\\Stage.Ali",
        "TargetFilename":  null,
        "DestinationIp":  null,
        "DestinationPort":  null,
        "SourceIp":  null,
        "SourcePort":  null,
        "Protocol":  null,
        "QueryName":  null,
        "Details":  {
                        "Image":  "C:\\Users\\Stage.Ali\\Desktop\\Malware\\09197780e4de9aa1abaa44d580b3102138c6d3a03ab46b518f88f8c40dc882df.exe",
                        "ProcessGuid":  "{f1988ae2-610e-68b8-7600-000000001e00}",
                        "TargetObject":  "HKLM\\SOFTWARE\\WOW6432Node\\Microsoft\\Tracing",
                        "ProcessId":  "4436",
                        "UtcTime":  "2025-09-03 15:38:54.997",
                        "RuleName":  "-",
                        "EventType":  "CreateKey",
                        "User":  "DESKTOP-KVSEOF0\\Stage.Ali"
                    }
    },
    {
        "EventId":  7,
        "TimeCreated":  "\/Date(1756913934923)\/",
        "ProcessGuid":  "{f1988ae2-610e-68b8-7600-000000001e00}",
        "ProcessId":  "4436",
        "ParentProcessGuid":  null,
        "Image":  "C:\\Users\\Stage.Ali\\Desktop\\Malware\\09197780e4de9aa1abaa44d580b3102138c6d3a03ab46b518f88f8c40dc882df.exe",
        "CommandLine":  null,
        "User":  "DESKTOP-KVSEOF0\\Stage.Ali",
        "TargetFilename":  null,
        "DestinationIp":  null,
        "DestinationPort":  null,
        "SourceIp":  null,
        "SourcePort":  null,
        "Protocol":  null,
        "QueryName":  null,
        "Details":  {
                        "Description":  "Base cryptographic API DLL",
                        "SignatureStatus":  "Valid",
                        "Signature":  "Microsoft Windows",
                        "Hashes":  "MD5=9E1D8E1E7E3BFDF4779366BF1460D004,SHA256=6464346BC05B9A43FCE7B3E8BFD5DC5213275E639A1D2D078108D8D64FF7B746",
                        "Image":  "C:\\Users\\Stage.Ali\\Desktop\\Malware\\09197780e4de9aa1abaa44d580b3102138c6d3a03ab46b518f88f8c40dc882df.exe",
                        "UtcTime":  "2025-09-03 15:38:54.913",
                        "ProcessGuid":  "{f1988ae2-610e-68b8-7600-000000001e00}",
                        "Company":  "Microsoft Corporation",
                        "ImageLoaded":  "C:\\Windows\\SysWOW64\\cryptbase.dll",
                        "FileVersion":  "10.0.19041.546 (WinBuild.160101.0800)",
                        "User":  "DESKTOP-KVSEOF0\\Stage.Ali",
                        "RuleName":  "-",
                        "Product":  "Microsoft® Windows® Operating System",
                        "ProcessId":  "4436",
                        "OriginalFileName":  "cryptbase.dll",
                        "Signed":  "true"
                    }
    },
