    {
        "EventId":  7,
        "TimeCreated":  "\/Date(1756913936801)\/",
        "ProcessGuid":  "{f1988ae2-6110-68b8-7a00-000000001e00}",
        "ProcessId":  "4816",
        "ParentProcessGuid":  null,
        "Image":  "C:\\Windows\\SysWOW64\\WerFault.exe",
        "CommandLine":  null,
        "User":  "DESKTOP-KVSEOF0\\Stage.Ali",
        "TargetFilename":  null,
        "DestinationIp":  null,
        "DestinationPort":  null,
        "SourceIp":  null,
        "SourcePort":  null,
        "Protocol":  null,
        "QueryName":  null,
        "Details":  {
                        "Description":  "Windows Cryptographic Primitives Library",
                        "SignatureStatus":  "Valid",
                        "Signature":  "Microsoft Windows",
                        "Hashes":  "MD5=D3836E31C326513F7C034987A5F3854E,SHA256=70862E0761DF117A149D536FB333356902B6DEA0CE68E2E6FC061E22DF748A51",
                        "Image":  "C:\\Windows\\SysWOW64\\WerFault.exe",
                        "UtcTime":  "2025-09-03 15:38:56.788",
                        "ProcessGuid":  "{f1988ae2-6110-68b8-7a00-000000001e00}",
                        "Company":  "Microsoft Corporation",
                        "ImageLoaded":  "C:\\Windows\\SysWOW64\\bcryptprimitives.dll",
                        "FileVersion":  "10.0.19041.1415 (WinBuild.160101.0800)",
                        "User":  "DESKTOP-KVSEOF0\\Stage.Ali",
                        "RuleName":  "-",
                        "Product":  "Microsoft® Windows® Operating System",
                        "ProcessId":  "4816",
                        "OriginalFileName":  "bcryptprimitives.dll",
                        "Signed":  "true"
                    }
    },
    {
        "EventId":  7,
        "TimeCreated":  "\/Date(1756913936800)\/",
        "ProcessGuid":  "{f1988ae2-6110-68b8-7a00-000000001e00}",
        "ProcessId":  "4816",
        "ParentProcessGuid":  null,
        "Image":  "C:\\Windows\\SysWOW64\\WerFault.exe",
        "CommandLine":  null,
        "User":  "DESKTOP-KVSEOF0\\Stage.Ali",
        "TargetFilename":  null,
        "DestinationIp":  null,
        "DestinationPort":  null,
        "SourceIp":  null,
        "SourcePort":  null,
        "Protocol":  null,
        "QueryName":  null,
        "Details":  {
                        "Description":  "Microsoft® STL110 C++ Runtime Library",
                        "SignatureStatus":  "Valid",
                        "Signature":  "Microsoft Windows",
                        "Hashes":  "MD5=76F66CCF0A9A24C43491E84AADBD2CB8,SHA256=87853397C7D6E33C0E4429F52E4884D5E7581E87E192CE58E646A7AFA1658CA3",
                        "Image":  "C:\\Windows\\SysWOW64\\WerFault.exe",
                        "UtcTime":  "2025-09-03 15:38:56.788",
                        "ProcessGuid":  "{f1988ae2-6110-68b8-7a00-000000001e00}",
                        "Company":  "Microsoft Corporation",
                        "ImageLoaded":  "C:\\Windows\\SysWOW64\\msvcp110_win.dll",
                        "FileVersion":  "10.0.19041.546 (WinBuild.160101.0800)",
                        "User":  "DESKTOP-KVSEOF0\\Stage.Ali",
                        "RuleName":  "-",
                        "Product":  "Microsoft® Windows® Operating System",
                        "ProcessId":  "4816",
                        "OriginalFileName":  "msvcp110_win.dll",
                        "Signed":  "true"
                    }
    },
    {
        "EventId":  7,
        "TimeCreated":  "\/Date(1756913936800)\/",
        "ProcessGuid":  "{f1988ae2-6110-68b8-7a00-000000001e00}",
        "ProcessId":  "4816",
        "ParentProcessGuid":  null,
        "Image":  "C:\\Windows\\SysWOW64\\WerFault.exe",
        "CommandLine":  null,
        "User":  "DESKTOP-KVSEOF0\\Stage.Ali",
        "TargetFilename":  null,
        "DestinationIp":  null,
        "DestinationPort":  null,
        "SourceIp":  null,
        "SourcePort":  null,
        "Protocol":  null,
        "QueryName":  null,
        "Details":  {
                        "Description":  "Policy Manager DLL",
                        "SignatureStatus":  "Valid",
                        "Signature":  "Microsoft Windows",
                        "Hashes":  "MD5=21F972585696C204A08ADC8CF269B05A,SHA256=C1EA524E8E48D2ACD92485AF2BD6DEA611299CF0E5A3971022817A92FA3C4DAE",
                        "Image":  "C:\\Windows\\SysWOW64\\WerFault.exe",
                        "UtcTime":  "2025-09-03 15:38:56.788",
                        "ProcessGuid":  "{f1988ae2-6110-68b8-7a00-000000001e00}",
                        "Company":  "Microsoft Corporation",
                        "ImageLoaded":  "C:\\Windows\\SysWOW64\\policymanager.dll",
                        "FileVersion":  "10.0.19041.1865 (WinBuild.160101.0800)",
                        "User":  "DESKTOP-KVSEOF0\\Stage.Ali",
                        "RuleName":  "-",
                        "Product":  "Microsoft® Windows® Operating System",
                        "ProcessId":  "4816",
                        "OriginalFileName":  "PolicyManager.dll",
                        "Signed":  "true"
                    }
    },
    {
        "EventId":  7,
        "TimeCreated":  "\/Date(1756913936799)\/",
        "ProcessGuid":  "{f1988ae2-6110-68b8-7a00-000000001e00}",
        "ProcessId":  "4816",
        "ParentProcessGuid":  null,
        "Image":  "C:\\Windows\\SysWOW64\\WerFault.exe",
        "CommandLine":  null,
        "User":  "DESKTOP-KVSEOF0\\Stage.Ali",
        "TargetFilename":  null,
        "DestinationIp":  null,
        "DestinationPort":  null,
        "SourceIp":  null,
        "SourcePort":  null,
        "Protocol":  null,
        "QueryName":  null,
        "Details":  {
                        "Description":  "Microsoft® STL110 C++ Runtime Library",
                        "SignatureStatus":  "Valid",
                        "Signature":  "Microsoft Windows",
                        "Hashes":  "MD5=76F66CCF0A9A24C43491E84AADBD2CB8,SHA256=87853397C7D6E33C0E4429F52E4884D5E7581E87E192CE58E646A7AFA1658CA3",
                        "Image":  "C:\\Windows\\SysWOW64\\WerFault.exe",
                        "UtcTime":  "2025-09-03 15:38:56.788",
                        "ProcessGuid":  "{f1988ae2-6110-68b8-7a00-000000001e00}",
                        "Company":  "Microsoft Corporation",
                        "ImageLoaded":  "C:\\Windows\\SysWOW64\\msvcp110_win.dll",
                        "FileVersion":  "10.0.19041.546 (WinBuild.160101.0800)",
                        "User":  "DESKTOP-KVSEOF0\\Stage.Ali",
                        "RuleName":  "-",
                        "Product":  "Microsoft® Windows® Operating System",
                        "ProcessId":  "4816",
                        "OriginalFileName":  "msvcp110_win.dll",
                        "Signed":  "true"
                    }
    },
    {
        "EventId":  7,
        "TimeCreated":  "\/Date(1756913936798)\/",
        "ProcessGuid":  "{f1988ae2-6110-68b8-7a00-000000001e00}",
        "ProcessId":  "4816",
        "ParentProcessGuid":  null,
        "Image":  "C:\\Windows\\SysWOW64\\WerFault.exe",
        "CommandLine":  null,
        "User":  "DESKTOP-KVSEOF0\\Stage.Ali",
        "TargetFilename":  null,
        "DestinationIp":  null,
        "DestinationPort":  null,
        "SourceIp":  null,
        "SourcePort":  null,
        "Protocol":  null,
        "QueryName":  null,
        "Details":  {
                        "Description":  "Policy Manager DLL",
                        "SignatureStatus":  "Valid",
                        "Signature":  "Microsoft Windows",
                        "Hashes":  "MD5=21F972585696C204A08ADC8CF269B05A,SHA256=C1EA524E8E48D2ACD92485AF2BD6DEA611299CF0E5A3971022817A92FA3C4DAE",
                        "Image":  "C:\\Windows\\SysWOW64\\WerFault.exe",
                        "UtcTime":  "2025-09-03 15:38:56.788",
                        "ProcessGuid":  "{f1988ae2-6110-68b8-7a00-000000001e00}",
                        "Company":  "Microsoft Corporation",
                        "ImageLoaded":  "C:\\Windows\\SysWOW64\\policymanager.dll",
                        "FileVersion":  "10.0.19041.1865 (WinBuild.160101.0800)",
                        "User":  "DESKTOP-KVSEOF0\\Stage.Ali",
                        "RuleName":  "-",
                        "Product":  "Microsoft® Windows® Operating System",
                        "ProcessId":  "4816",
                        "OriginalFileName":  "PolicyManager.dll",
                        "Signed":  "true"
                    }
    },
    {
        "EventId":  7,
        "TimeCreated":  "\/Date(1756913936796)\/",
        "ProcessGuid":  "{f1988ae2-6110-68b8-7a00-000000001e00}",
        "ProcessId":  "4816",
        "ParentProcessGuid":  null,
        "Image":  "C:\\Windows\\SysWOW64\\WerFault.exe",
        "CommandLine":  null,
        "User":  "DESKTOP-KVSEOF0\\Stage.Ali",
        "TargetFilename":  null,
        "DestinationIp":  null,
        "DestinationPort":  null,
        "SourceIp":  null,
        "SourcePort":  null,
        "Protocol":  null,
        "QueryName":  null,
        "Details":  {
                        "Description":  "Microsoft® STL110 C++ Runtime Library",
                        "SignatureStatus":  "Valid",
                        "Signature":  "Microsoft Windows",
                        "Hashes":  "MD5=76F66CCF0A9A24C43491E84AADBD2CB8,SHA256=87853397C7D6E33C0E4429F52E4884D5E7581E87E192CE58E646A7AFA1658CA3",
                        "Image":  "C:\\Windows\\SysWOW64\\WerFault.exe",
                        "UtcTime":  "2025-09-03 15:38:56.788",
                        "ProcessGuid":  "{f1988ae2-6110-68b8-7a00-000000001e00}",
                        "Company":  "Microsoft Corporation",
                        "ImageLoaded":  "C:\\Windows\\SysWOW64\\msvcp110_win.dll",
                        "FileVersion":  "10.0.19041.546 (WinBuild.160101.0800)",
                        "User":  "DESKTOP-KVSEOF0\\Stage.Ali",
                        "RuleName":  "-",
                        "Product":  "Microsoft® Windows® Operating System",
                        "ProcessId":  "4816",
                        "OriginalFileName":  "msvcp110_win.dll",
                        "Signed":  "true"
                    }
    },
    {
        "EventId":  7,
        "TimeCreated":  "\/Date(1756913936796)\/",
        "ProcessGuid":  "{f1988ae2-6110-68b8-7a00-000000001e00}",
        "ProcessId":  "4816",
        "ParentProcessGuid":  null,
        "Image":  "C:\\Windows\\SysWOW64\\WerFault.exe",
        "CommandLine":  null,
        "User":  "DESKTOP-KVSEOF0\\Stage.Ali",
        "TargetFilename":  null,
        "DestinationIp":  null,
        "DestinationPort":  null,
        "SourceIp":  null,
        "SourcePort":  null,
        "Protocol":  null,
        "QueryName":  null,
        "Details":  {
                        "Description":  "Policy Manager DLL",
                        "SignatureStatus":  "Valid",
                        "Signature":  "Microsoft Windows",
                        "Hashes":  "MD5=21F972585696C204A08ADC8CF269B05A,SHA256=C1EA524E8E48D2ACD92485AF2BD6DEA611299CF0E5A3971022817A92FA3C4DAE",
                        "Image":  "C:\\Windows\\SysWOW64\\WerFault.exe",
                        "UtcTime":  "2025-09-03 15:38:56.788",
                        "ProcessGuid":  "{f1988ae2-6110-68b8-7a00-000000001e00}",
                        "Company":  "Microsoft Corporation",
                        "ImageLoaded":  "C:\\Windows\\SysWOW64\\policymanager.dll",
                        "FileVersion":  "10.0.19041.1865 (WinBuild.160101.0800)",
                        "User":  "DESKTOP-KVSEOF0\\Stage.Ali",
                        "RuleName":  "-",
                        "Product":  "Microsoft® Windows® Operating System",
                        "ProcessId":  "4816",
                        "OriginalFileName":  "PolicyManager.dll",
                        "Signed":  "true"
                    }
    },
    {
        "EventId":  7,
        "TimeCreated":  "\/Date(1756913936793)\/",
        "ProcessGuid":  "{f1988ae2-6110-68b8-7a00-000000001e00}",
        "ProcessId":  "4816",
        "ParentProcessGuid":  null,
        "Image":  "C:\\Windows\\SysWOW64\\WerFault.exe",
        "CommandLine":  null,
        "User":  "DESKTOP-KVSEOF0\\Stage.Ali",
        "TargetFilename":  null,
        "DestinationIp":  null,
        "DestinationPort":  null,
        "SourceIp":  null,
        "SourcePort":  null,
        "Protocol":  null,
        "QueryName":  null,
        "Details":  {
                        "Description":  "Multi-User Windows USER API Client DLL",
                        "SignatureStatus":  "Valid",
                        "Signature":  "Microsoft Windows",
                        "Hashes":  "MD5=2E8AB67DC55089DFBCBFA7710BD15B07,SHA256=2BCC4FD8A4D3C4033A81702E1B685860BE78D6F1A7E980F2E7593C59656F2706",
                        "Image":  "C:\\Windows\\SysWOW64\\WerFault.exe",
                        "UtcTime":  "2025-09-03 15:38:56.788",
                        "ProcessGuid":  "{f1988ae2-6110-68b8-7a00-000000001e00}",
                        "Company":  "Microsoft Corporation",
                        "ImageLoaded":  "C:\\Windows\\SysWOW64\\user32.dll",
                        "FileVersion":  "10.0.19041.2006 (WinBuild.160101.0800)",
                        "User":  "DESKTOP-KVSEOF0\\Stage.Ali",
                        "RuleName":  "-",
                        "Product":  "Microsoft® Windows® Operating System",
                        "ProcessId":  "4816",
                        "OriginalFileName":  "user32",
                        "Signed":  "true"
                    }
    },
    {
        "EventId":  7,
        "TimeCreated":  "\/Date(1756913936792)\/",
        "ProcessGuid":  "{f1988ae2-6110-68b8-7a00-000000001e00}",
        "ProcessId":  "4816",
        "ParentProcessGuid":  null,
        "Image":  "C:\\Windows\\SysWOW64\\WerFault.exe",
        "CommandLine":  null,
        "User":  "DESKTOP-KVSEOF0\\Stage.Ali",
        "TargetFilename":  null,
        "DestinationIp":  null,
        "DestinationPort":  null,
        "SourceIp":  null,
        "SourcePort":  null,
        "Protocol":  null,
        "QueryName":  null,
        "Details":  {
                        "Description":  "GDI Client DLL",
                        "SignatureStatus":  "Valid",
                        "Signature":  "Microsoft Windows",
                        "Hashes":  "MD5=1B2216331F50811FD4BC435A0B7B7AFA,SHA256=AF2EE2EEB5303BA2993D513135D59E9C7CD2C845E5819BC96EAB1DE7BC60068A",
                        "Image":  "C:\\Windows\\SysWOW64\\WerFault.exe",
                        "UtcTime":  "2025-09-03 15:38:56.788",
                        "ProcessGuid":  "{f1988ae2-6110-68b8-7a00-000000001e00}",
                        "Company":  "Microsoft Corporation",
                        "ImageLoaded":  "C:\\Windows\\SysWOW64\\gdi32full.dll",
                        "FileVersion":  "10.0.19041.2006 (WinBuild.160101.0800)",
                        "User":  "DESKTOP-KVSEOF0\\Stage.Ali",
                        "RuleName":  "-",
                        "Product":  "Microsoft® Windows® Operating System",
                        "ProcessId":  "4816",
                        "OriginalFileName":  "gdi32",
                        "Signed":  "true"
                    }
    },
    {
        "EventId":  7,
        "TimeCreated":  "\/Date(1756913936790)\/",
        "ProcessGuid":  "{f1988ae2-6110-68b8-7a00-000000001e00}",
        "ProcessId":  "4816",
        "ParentProcessGuid":  null,
        "Image":  "C:\\Windows\\SysWOW64\\WerFault.exe",
        "CommandLine":  null,
        "User":  "DESKTOP-KVSEOF0\\Stage.Ali",
        "TargetFilename":  null,
        "DestinationIp":  null,
        "DestinationPort":  null,
        "SourceIp":  null,
        "SourcePort":  null,
        "Protocol":  null,
        "QueryName":  null,
        "Details":  {
                        "Description":  "Win32u",
                        "SignatureStatus":  "Valid",
                        "Signature":  "Microsoft Windows",
                        "Hashes":  "MD5=AC7C42DCA44900B55D55FA8D93DD9191,SHA256=8EFA2A2F1C0125F85B42D08F54C0CF15AF3EEF9655A61436C80E381259E4DBDB",
                        "Image":  "C:\\Windows\\SysWOW64\\WerFault.exe",
                        "UtcTime":  "2025-09-03 15:38:56.788",
                        "ProcessGuid":  "{f1988ae2-6110-68b8-7a00-000000001e00}",
                        "Company":  "Microsoft Corporation",
                        "ImageLoaded":  "C:\\Windows\\SysWOW64\\win32u.dll",
                        "FileVersion":  "10.0.19041.2006 (WinBuild.160101.0800)",
                        "User":  "DESKTOP-KVSEOF0\\Stage.Ali",
                        "RuleName":  "-",
                        "Product":  "Microsoft® Windows® Operating System",
                        "ProcessId":  "4816",
                        "OriginalFileName":  "Win32u.DLL",
                        "Signed":  "true"
                    }
    },
    {
        "EventId":  7,
        "TimeCreated":  "\/Date(1756913936790)\/",
        "ProcessGuid":  "{f1988ae2-6110-68b8-7a00-000000001e00}",
        "ProcessId":  "4816",
        "ParentProcessGuid":  null,
        "Image":  "C:\\Windows\\SysWOW64\\WerFault.exe",
        "CommandLine":  null,
        "User":  "DESKTOP-KVSEOF0\\Stage.Ali",
        "TargetFilename":  null,
        "DestinationIp":  null,
        "DestinationPort":  null,
        "SourceIp":  null,
        "SourcePort":  null,
        "Protocol":  null,
        "QueryName":  null,
        "Details":  {
                        "Description":  "GDI Client DLL",
                        "SignatureStatus":  "Valid",
                        "Signature":  "Microsoft Windows",
                        "Hashes":  "MD5=873692EF0C70675F179C190CDC45CB09,SHA256=552750680F4748906D37A0CF0A9F33E6E5C20DF24245A7AD7E752F87830E3E2B",
                        "Image":  "C:\\Windows\\SysWOW64\\WerFault.exe",
                        "UtcTime":  "2025-09-03 15:38:56.788",
                        "ProcessGuid":  "{f1988ae2-6110-68b8-7a00-000000001e00}",
                        "Company":  "Microsoft Corporation",
                        "ImageLoaded":  "C:\\Windows\\SysWOW64\\gdi32.dll",
                        "FileVersion":  "10.0.19041.1620 (WinBuild.160101.0800)",
                        "User":  "DESKTOP-KVSEOF0\\Stage.Ali",
                        "RuleName":  "-",
                        "Product":  "Microsoft® Windows® Operating System",
                        "ProcessId":  "4816",
                        "OriginalFileName":  "gdi32",
                        "Signed":  "true"
                    }
    },
    {
        "EventId":  7,
        "TimeCreated":  "\/Date(1756913936790)\/",
        "ProcessGuid":  "{f1988ae2-6110-68b8-7a00-000000001e00}",
        "ProcessId":  "4816",
        "ParentProcessGuid":  null,
        "Image":  "C:\\Windows\\SysWOW64\\WerFault.exe",
        "CommandLine":  null,
        "User":  "DESKTOP-KVSEOF0\\Stage.Ali",
        "TargetFilename":  null,
        "DestinationIp":  null,
        "DestinationPort":  null,
        "SourceIp":  null,
        "SourcePort":  null,
        "Protocol":  null,
        "QueryName":  null,
        "Details":  {
                        "Description":  "User Experience Controls Library",
                        "SignatureStatus":  "Valid",
                        "Signature":  "Microsoft Windows",
                        "Hashes":  "MD5=3F33B448843A277B83C4594FF7AD31F0,SHA256=95B59116EC6BED596A27991CA44E4DD2CE02B0B0436187956A093D502F8C3790",
                        "Image":  "C:\\Windows\\SysWOW64\\WerFault.exe",
                        "UtcTime":  "2025-09-03 15:38:56.788",
                        "ProcessGuid":  "{f1988ae2-6110-68b8-7a00-000000001e00}",
                        "Company":  "Microsoft Corporation",
                        "ImageLoaded":  "C:\\Windows\\WinSxS\\x86_microsoft.windows.common-controls_6595b64144ccf1df_6.0.19041.1110_none_a8625c1886757984\\comctl32.dll",
                        "FileVersion":  "6.10 (WinBuild.160101.0800)",
                        "User":  "DESKTOP-KVSEOF0\\Stage.Ali",
                        "RuleName":  "-",
                        "Product":  "Microsoft® Windows® Operating System",
                        "ProcessId":  "4816",
                        "OriginalFileName":  "comctl32.DLL",
                        "Signed":  "true"
                    }
    },
    {
        "EventId":  7,
        "TimeCreated":  "\/Date(1756913936787)\/",
        "ProcessGuid":  "{f1988ae2-6110-68b8-7a00-000000001e00}",
        "ProcessId":  "4816",
        "ParentProcessGuid":  null,
        "Image":  "C:\\Windows\\SysWOW64\\WerFault.exe",
        "CommandLine":  null,
        "User":  "DESKTOP-KVSEOF0\\Stage.Ali",
        "TargetFilename":  null,
        "DestinationIp":  null,
        "DestinationPort":  null,
        "SourceIp":  null,
        "SourcePort":  null,
        "Protocol":  null,
        "QueryName":  null,
        "Details":  {
                        "Description":  "-",
                        "SignatureStatus":  "Valid",
                        "Signature":  "Microsoft Windows",
                        "Hashes":  "MD5=7E0273A51BDD51DFB58F905C8F501061,SHA256=5127A202347A389284B94F1048444645A20C7247845307DD6F4C703859E9D359",
                        "Image":  "C:\\Windows\\SysWOW64\\WerFault.exe",
                        "UtcTime":  "2025-09-03 15:38:56.773",
                        "ProcessGuid":  "{f1988ae2-6110-68b8-7a00-000000001e00}",
                        "Company":  "-",
                        "ImageLoaded":  "C:\\Windows\\SysWOW64\\umpdc.dll",
                        "FileVersion":  "-",
                        "User":  "DESKTOP-KVSEOF0\\Stage.Ali",
                        "RuleName":  "-",
                        "Product":  "-",
                        "ProcessId":  "4816",
                        "OriginalFileName":  "-",
                        "Signed":  "true"
                    }
    },
    {
        "EventId":  7,
        "TimeCreated":  "\/Date(1756913936783)\/",
        "ProcessGuid":  "{f1988ae2-6110-68b8-7a00-000000001e00}",
        "ProcessId":  "4816",
        "ParentProcessGuid":  null,
        "Image":  "C:\\Windows\\SysWOW64\\WerFault.exe",
        "CommandLine":  null,
        "User":  "DESKTOP-KVSEOF0\\Stage.Ali",
        "TargetFilename":  null,
        "DestinationIp":  null,
        "DestinationPort":  null,
        "SourceIp":  null,
        "SourcePort":  null,
        "Protocol":  null,
        "QueryName":  null,
        "Details":  {
                        "Description":  "Windows Core Debugging Helpers",
                        "SignatureStatus":  "Valid",
                        "Signature":  "Microsoft Windows",
                        "Hashes":  "MD5=AB4FDD66A6219B252300C0D86D230106,SHA256=1F5C93FCF94392F5C84725958F1B0DC30E0B0DD22CB2BA258F55C84D2D9A9E01",
                        "Image":  "C:\\Windows\\SysWOW64\\WerFault.exe",
                        "UtcTime":  "2025-09-03 15:38:56.773",
                        "ProcessGuid":  "{f1988ae2-6110-68b8-7a00-000000001e00}",
                        "Company":  "Microsoft Corporation",
                        "ImageLoaded":  "C:\\Windows\\SysWOW64\\dbgcore.dll",
                        "FileVersion":  "10.0.19041.546 (WinBuild.160101.0800)",
                        "User":  "DESKTOP-KVSEOF0\\Stage.Ali",
                        "RuleName":  "-",
                        "Product":  "Microsoft® Windows® Operating System",
                        "ProcessId":  "4816",
                        "OriginalFileName":  "DBGCORE.DLL",
                        "Signed":  "true"
                    }
    },
    {
        "EventId":  7,
        "TimeCreated":  "\/Date(1756913936782)\/",
        "ProcessGuid":  "{f1988ae2-6110-68b8-7a00-000000001e00}",
        "ProcessId":  "4816",
        "ParentProcessGuid":  null,
        "Image":  "C:\\Windows\\SysWOW64\\WerFault.exe",
        "CommandLine":  null,
        "User":  "DESKTOP-KVSEOF0\\Stage.Ali",
        "TargetFilename":  null,
        "DestinationIp":  null,
        "DestinationPort":  null,
        "SourceIp":  null,
        "SourcePort":  null,
        "Protocol":  null,
        "QueryName":  null,
        "Details":  {
                        "Description":  "Windows User Mode Crash Reporting DLL",
                        "SignatureStatus":  "Valid",
                        "Signature":  "Microsoft Windows",
                        "Hashes":  "MD5=A3FB8D656E59BDB934D4C73DEDB3E6A8,SHA256=6C0F48F9237966DBC8BCF1CC8C71FDC48845CF83F52C04997B08D2E58425B693",
                        "Image":  "C:\\Windows\\SysWOW64\\WerFault.exe",
                        "UtcTime":  "2025-09-03 15:38:56.773",
                        "ProcessGuid":  "{f1988ae2-6110-68b8-7a00-000000001e00}",
                        "Company":  "Microsoft Corporation",
                        "ImageLoaded":  "C:\\Windows\\SysWOW64\\Faultrep.dll",
                        "FileVersion":  "10.0.19041.1949 (WinBuild.160101.0800)",
                        "User":  "DESKTOP-KVSEOF0\\Stage.Ali",
                        "RuleName":  "-",
                        "Product":  "Microsoft® Windows® Operating System",
                        "ProcessId":  "4816",
                        "OriginalFileName":  "faultrep.dll",
                        "Signed":  "true"
                    }
    },
    {
        "EventId":  7,
        "TimeCreated":  "\/Date(1756913936782)\/",
        "ProcessGuid":  "{f1988ae2-6110-68b8-7a00-000000001e00}",
        "ProcessId":  "4816",
        "ParentProcessGuid":  null,
        "Image":  "C:\\Windows\\SysWOW64\\WerFault.exe",
        "CommandLine":  null,
        "User":  "DESKTOP-KVSEOF0\\Stage.Ali",
        "TargetFilename":  null,
        "DestinationIp":  null,
        "DestinationPort":  null,
        "SourceIp":  null,
        "SourcePort":  null,
        "Protocol":  null,
        "QueryName":  null,
        "Details":  {
                        "Description":  "Power Profile Helper DLL",
                        "SignatureStatus":  "Valid",
                        "Signature":  "Microsoft Windows",
                        "Hashes":  "MD5=8B4837FD49BAB1605A4BE474580985FA,SHA256=E6DAE173568EC83D1DD18853824AFD1F29C761F3F1C9EF1EE482AA6F8F07E674",
                        "Image":  "C:\\Windows\\SysWOW64\\WerFault.exe",
                        "UtcTime":  "2025-09-03 15:38:56.773",
                        "ProcessGuid":  "{f1988ae2-6110-68b8-7a00-000000001e00}",
                        "Company":  "Microsoft Corporation",
                        "ImageLoaded":  "C:\\Windows\\SysWOW64\\powrprof.dll",
                        "FileVersion":  "10.0.19041.546 (WinBuild.160101.0800)",
                        "User":  "DESKTOP-KVSEOF0\\Stage.Ali",
                        "RuleName":  "-",
                        "Product":  "Microsoft® Windows® Operating System",
                        "ProcessId":  "4816",
                        "OriginalFileName":  "POWRPROF.DLL",
                        "Signed":  "true"
                    }
    },
    {
        "EventId":  7,
        "TimeCreated":  "\/Date(1756913936781)\/",
        "ProcessGuid":  "{f1988ae2-6110-68b8-7a00-000000001e00}",
        "ProcessId":  "4816",
        "ParentProcessGuid":  null,
        "Image":  "C:\\Windows\\SysWOW64\\WerFault.exe",
        "CommandLine":  null,
        "User":  "DESKTOP-KVSEOF0\\Stage.Ali",
        "TargetFilename":  null,
        "DestinationIp":  null,
        "DestinationPort":  null,
        "SourceIp":  null,
        "SourcePort":  null,
        "Protocol":  null,
        "QueryName":  null,
        "Details":  {
                        "Description":  "Windows Error Reporting DLL",
                        "SignatureStatus":  "Valid",
                        "Signature":  "Microsoft Windows",
                        "Hashes":  "MD5=2C3866D0CE2873720BED79C504F7BFA8,SHA256=F17FCC4D11879FF9F18A5F68E4038545B1A985E902069F04669FFF9022B278A7",
                        "Image":  "C:\\Windows\\SysWOW64\\WerFault.exe",
                        "UtcTime":  "2025-09-03 15:38:56.773",
                        "ProcessGuid":  "{f1988ae2-6110-68b8-7a00-000000001e00}",
                        "Company":  "Microsoft Corporation",
                        "ImageLoaded":  "C:\\Windows\\SysWOW64\\wer.dll",
                        "FileVersion":  "10.0.19041.1949 (WinBuild.160101.0800)",
                        "User":  "DESKTOP-KVSEOF0\\Stage.Ali",
                        "RuleName":  "-",
                        "Product":  "Microsoft® Windows® Operating System",
                        "ProcessId":  "4816",
                        "OriginalFileName":  "wer.dll",
                        "Signed":  "true"
                    }
    },
    {
        "EventId":  7,
        "TimeCreated":  "\/Date(1756913936781)\/",
        "ProcessGuid":  "{f1988ae2-6110-68b8-7a00-000000001e00}",
        "ProcessId":  "4816",
        "ParentProcessGuid":  null,
        "Image":  "C:\\Windows\\SysWOW64\\WerFault.exe",
        "CommandLine":  null,
        "User":  "DESKTOP-KVSEOF0\\Stage.Ali",
        "TargetFilename":  null,
        "DestinationIp":  null,
        "DestinationPort":  null,
        "SourceIp":  null,
        "SourcePort":  null,
        "Protocol":  null,
        "QueryName":  null,
        "Details":  {
                        "Description":  "Windows Image Helper",
                        "SignatureStatus":  "Valid",
                        "Signature":  "Microsoft Windows",
                        "Hashes":  "MD5=BC0797C4DB726E104D698B0EC02E124F,SHA256=0D2DE444C48C3696D968E4E8607E77A7AB8B50286189CDD0867C8E61C5CC1AC3",
                        "Image":  "C:\\Windows\\SysWOW64\\WerFault.exe",
                        "UtcTime":  "2025-09-03 15:38:56.773",
                        "ProcessGuid":  "{f1988ae2-6110-68b8-7a00-000000001e00}",
                        "Company":  "Microsoft Corporation",
                        "ImageLoaded":  "C:\\Windows\\SysWOW64\\dbghelp.dll",
                        "FileVersion":  "10.0.19041.1052 (WinBuild.160101.0800)",
                        "User":  "DESKTOP-KVSEOF0\\Stage.Ali",
                        "RuleName":  "-",
                        "Product":  "Microsoft® Windows® Operating System",
                        "ProcessId":  "4816",
                        "OriginalFileName":  "DBGHELP.DLL",
                        "Signed":  "true"
                    }
    },
    {
        "EventId":  7,
        "TimeCreated":  "\/Date(1756913936780)\/",
        "ProcessGuid":  "{f1988ae2-6110-68b8-7a00-000000001e00}",
        "ProcessId":  "4816",
        "ParentProcessGuid":  null,
        "Image":  "C:\\Windows\\SysWOW64\\WerFault.exe",
        "CommandLine":  null,
        "User":  "DESKTOP-KVSEOF0\\Stage.Ali",
        "TargetFilename":  null,
        "DestinationIp":  null,
        "DestinationPort":  null,
        "SourceIp":  null,
        "SourcePort":  null,
        "Protocol":  null,
        "QueryName":  null,
        "Details":  {
                        "Description":  "Windows NT MARTA provider",
                        "SignatureStatus":  "Valid",
                        "Signature":  "Microsoft Windows",
                        "Hashes":  "MD5=561C94B404A32DF9F41B7A9500855BFF,SHA256=9E6B8D53EA68A6199E30F85BE720BAB7C31C9B1DFB451E2D280D8033B50D0085",
                        "Image":  "C:\\Windows\\SysWOW64\\WerFault.exe",
                        "UtcTime":  "2025-09-03 15:38:56.773",
                        "ProcessGuid":  "{f1988ae2-6110-68b8-7a00-000000001e00}",
                        "Company":  "Microsoft Corporation",
                        "ImageLoaded":  "C:\\Windows\\SysWOW64\\ntmarta.dll",
                        "FileVersion":  "10.0.19041.546 (WinBuild.160101.0800)",
                        "User":  "DESKTOP-KVSEOF0\\Stage.Ali",
                        "RuleName":  "-",
                        "Product":  "Microsoft® Windows® Operating System",
                        "ProcessId":  "4816",
                        "OriginalFileName":  "ntmarta.dll",
                        "Signed":  "true"
                    }
    },
    {
        "EventId":  7,
        "TimeCreated":  "\/Date(1756913936779)\/",
        "ProcessGuid":  "{f1988ae2-6110-68b8-7a00-000000001e00}",
        "ProcessId":  "4816",
        "ParentProcessGuid":  null,
        "Image":  "C:\\Windows\\SysWOW64\\WerFault.exe",
        "CommandLine":  null,
        "User":  "DESKTOP-KVSEOF0\\Stage.Ali",
        "TargetFilename":  null,
        "DestinationIp":  null,
        "DestinationPort":  null,
        "SourceIp":  null,
        "SourcePort":  null,
        "Protocol":  null,
        "QueryName":  null,
        "Details":  {
                        "Description":  "Windows Cryptographic Primitives Library (Wow64)",
                        "SignatureStatus":  "Valid",
                        "Signature":  "Microsoft Windows",
                        "Hashes":  "MD5=704E865CF8CD2D0234B784B4D1260633,SHA256=F92D89DA938D029971562F507E5D04D5A8C72C2FFE24226FD01405495110A944",
                        "Image":  "C:\\Windows\\SysWOW64\\WerFault.exe",
                        "UtcTime":  "2025-09-03 15:38:56.773",
                        "ProcessGuid":  "{f1988ae2-6110-68b8-7a00-000000001e00}",
                        "Company":  "Microsoft Corporation",
                        "ImageLoaded":  "C:\\Windows\\SysWOW64\\bcrypt.dll",
                        "FileVersion":  "10.0.19041.1023 (WinBuild.160101.0800)",
                        "User":  "DESKTOP-KVSEOF0\\Stage.Ali",
                        "RuleName":  "-",
                        "Product":  "Microsoft® Windows® Operating System",
                        "ProcessId":  "4816",
                        "OriginalFileName":  "bcrypt.dll",
                        "Signed":  "true"
                    }
    },
    {
        "EventId":  7,
        "TimeCreated":  "\/Date(1756913936779)\/",
        "ProcessGuid":  "{f1988ae2-6110-68b8-7a00-000000001e00}",
        "ProcessId":  "4816",
        "ParentProcessGuid":  null,
        "Image":  "C:\\Windows\\SysWOW64\\WerFault.exe",
        "CommandLine":  null,
        "User":  "DESKTOP-KVSEOF0\\Stage.Ali",
        "TargetFilename":  null,
        "DestinationIp":  null,
        "DestinationPort":  null,
        "SourceIp":  null,
        "SourcePort":  null,
        "Protocol":  null,
        "QueryName":  null,
        "Details":  {
                        "Description":  "SHCORE",
                        "SignatureStatus":  "Valid",
                        "Signature":  "Microsoft Windows",
                        "Hashes":  "MD5=2CE82BD239A502E5317D78978FCE3671,SHA256=66B6F29A092AB5B20DB60BD19F27816022F1775526B8E8848A4033DB80CA316A",
                        "Image":  "C:\\Windows\\SysWOW64\\WerFault.exe",
                        "UtcTime":  "2025-09-03 15:38:56.773",
                        "ProcessGuid":  "{f1988ae2-6110-68b8-7a00-000000001e00}",
                        "Company":  "Microsoft Corporation",
                        "ImageLoaded":  "C:\\Windows\\SysWOW64\\SHCore.dll",
                        "FileVersion":  "10.0.19041.1645 (WinBuild.160101.0800)",
                        "User":  "DESKTOP-KVSEOF0\\Stage.Ali",
                        "RuleName":  "-",
                        "Product":  "Microsoft® Windows® Operating System",
                        "ProcessId":  "4816",
                        "OriginalFileName":  "SHCORE.dll",
                        "Signed":  "true"
                    }
    },
    {
        "EventId":  7,
        "TimeCreated":  "\/Date(1756913936778)\/",
        "ProcessGuid":  "{f1988ae2-6110-68b8-7a00-000000001e00}",
        "ProcessId":  "4816",
        "ParentProcessGuid":  null,
        "Image":  "C:\\Windows\\SysWOW64\\WerFault.exe",
        "CommandLine":  null,
        "User":  "DESKTOP-KVSEOF0\\Stage.Ali",
        "TargetFilename":  null,
        "DestinationIp":  null,
        "DestinationPort":  null,
        "SourceIp":  null,
        "SourcePort":  null,
        "Protocol":  null,
        "QueryName":  null,
        "Details":  {
                        "Description":  "Advanced Windows 32 Base API",
                        "SignatureStatus":  "Valid",
                        "Signature":  "Microsoft Windows",
                        "Hashes":  "MD5=DDE0A7C9AC38A37EB4E50E0EE631007B,SHA256=32356584FF057C325D6CDDF04870476A6D850B7AE811A84A964F6023522BB383",
                        "Image":  "C:\\Windows\\SysWOW64\\WerFault.exe",
                        "UtcTime":  "2025-09-03 15:38:56.773",
                        "ProcessGuid":  "{f1988ae2-6110-68b8-7a00-000000001e00}",
                        "Company":  "Microsoft Corporation",
                        "ImageLoaded":  "C:\\Windows\\SysWOW64\\advapi32.dll",
                        "FileVersion":  "10.0.19041.1682 (WinBuild.160101.0800)",
                        "User":  "DESKTOP-KVSEOF0\\Stage.Ali",
                        "RuleName":  "-",
                        "Product":  "Microsoft® Windows® Operating System",
                        "ProcessId":  "4816",
                        "OriginalFileName":  "advapi32.dll",
                        "Signed":  "true"
                    }
    },
    {
        "EventId":  7,
        "TimeCreated":  "\/Date(1756913936777)\/",
        "ProcessGuid":  "{f1988ae2-6110-68b8-7a00-000000001e00}",
        "ProcessId":  "4816",
        "ParentProcessGuid":  null,
        "Image":  "C:\\Windows\\SysWOW64\\WerFault.exe",
        "CommandLine":  null,
        "User":  "DESKTOP-KVSEOF0\\Stage.Ali",
        "TargetFilename":  null,
        "DestinationIp":  null,
        "DestinationPort":  null,
        "SourceIp":  null,
        "SourcePort":  null,
        "Protocol":  null,
        "QueryName":  null,
        "Details":  {
                        "Description":  "Host for SCM/SDDL/LSA Lookup APIs",
                        "SignatureStatus":  "Valid",
                        "Signature":  "Microsoft Windows",
                        "Hashes":  "MD5=B68B7D84B8A216E6219A65F7961FA219,SHA256=7F8E64B01C2E2012BF63B25EFA6FCBEBE6CF027A3322901E28185314AF39A86E",
                        "Image":  "C:\\Windows\\SysWOW64\\WerFault.exe",
                        "UtcTime":  "2025-09-03 15:38:56.773",
                        "ProcessGuid":  "{f1988ae2-6110-68b8-7a00-000000001e00}",
                        "Company":  "Microsoft Corporation",
                        "ImageLoaded":  "C:\\Windows\\SysWOW64\\sechost.dll",
                        "FileVersion":  "10.0.19041.1865 (WinBuild.160101.0800)",
                        "User":  "DESKTOP-KVSEOF0\\Stage.Ali",
                        "RuleName":  "-",
                        "Product":  "Microsoft® Windows® Operating System",
                        "ProcessId":  "4816",
                        "OriginalFileName":  "sechost.dll",
                        "Signed":  "true"
                    }
    },
    {
        "EventId":  7,
        "TimeCreated":  "\/Date(1756913936777)\/",
        "ProcessGuid":  "{f1988ae2-6110-68b8-7a00-000000001e00}",
        "ProcessId":  "4816",
        "ParentProcessGuid":  null,
        "Image":  "C:\\Windows\\SysWOW64\\WerFault.exe",
        "CommandLine":  null,
        "User":  "DESKTOP-KVSEOF0\\Stage.Ali",
        "TargetFilename":  null,
        "DestinationIp":  null,
        "DestinationPort":  null,
        "SourceIp":  null,
        "SourcePort":  null,
        "Protocol":  null,
        "QueryName":  null,
        "Details":  {
                        "Description":  "Microsoft® C Runtime Library",
                        "SignatureStatus":  "Valid",
                        "Signature":  "Microsoft Windows",
                        "Hashes":  "MD5=F9E704B67ECCD77A18965E9CFA128461,SHA256=F7AC4CEB149EAE5184B957D90EBEDD9BC916CD1BA3053548B637B4E32A7F8A07",
                        "Image":  "C:\\Windows\\SysWOW64\\WerFault.exe",
                        "UtcTime":  "2025-09-03 15:38:56.773",
                        "ProcessGuid":  "{f1988ae2-6110-68b8-7a00-000000001e00}",
                        "Company":  "Microsoft Corporation",
                        "ImageLoaded":  "C:\\Windows\\SysWOW64\\msvcp_win.dll",
                        "FileVersion":  "10.0.19041.789 (WinBuild.160101.0800)",
                        "User":  "DESKTOP-KVSEOF0\\Stage.Ali",
                        "RuleName":  "-",
                        "Product":  "Microsoft® Windows® Operating System",
                        "ProcessId":  "4816",
                        "OriginalFileName":  "msvcp_win.dll",
                        "Signed":  "true"
                    }
    },
    {
        "EventId":  7,
        "TimeCreated":  "\/Date(1756913936775)\/",
        "ProcessGuid":  "{f1988ae2-6110-68b8-7a00-000000001e00}",
        "ProcessId":  "4816",
        "ParentProcessGuid":  null,
        "Image":  "C:\\Windows\\SysWOW64\\WerFault.exe",
        "CommandLine":  null,
        "User":  "DESKTOP-KVSEOF0\\Stage.Ali",
        "TargetFilename":  null,
        "DestinationIp":  null,
        "DestinationPort":  null,
        "SourceIp":  null,
        "SourcePort":  null,
        "Protocol":  null,
        "QueryName":  null,
        "Details":  {
                        "Description":  "OLEAUT32.DLL",
                        "SignatureStatus":  "Valid",
                        "Signature":  "Microsoft Windows",
                        "Hashes":  "MD5=C9BC0A91ED487783B2E0E98599F8FE73,SHA256=955F57E114F0D82CA227554DE2AAFB025A73229DE49C2D74B0688799C3D1C3EF",
                        "Image":  "C:\\Windows\\SysWOW64\\WerFault.exe",
                        "UtcTime":  "2025-09-03 15:38:56.773",
                        "ProcessGuid":  "{f1988ae2-6110-68b8-7a00-000000001e00}",
                        "Company":  "Microsoft Corporation",
                        "ImageLoaded":  "C:\\Windows\\SysWOW64\\oleaut32.dll",
                        "FileVersion":  "10.0.19041.985 (WinBuild.160101.0800)",
                        "User":  "DESKTOP-KVSEOF0\\Stage.Ali",
                        "RuleName":  "-",
                        "Product":  "Microsoft® Windows® Operating System",
                        "ProcessId":  "4816",
                        "OriginalFileName":  "OLEAUT32.DLL",
                        "Signed":  "true"
                    }
    },
    {
        "EventId":  7,
        "TimeCreated":  "\/Date(1756913936774)\/",
        "ProcessGuid":  "{f1988ae2-6110-68b8-7a00-000000001e00}",
        "ProcessId":  "4816",
        "ParentProcessGuid":  null,
        "Image":  "C:\\Windows\\SysWOW64\\WerFault.exe",
        "CommandLine":  null,
        "User":  "DESKTOP-KVSEOF0\\Stage.Ali",
        "TargetFilename":  null,
        "DestinationIp":  null,
        "DestinationPort":  null,
        "SourceIp":  null,
        "SourcePort":  null,
        "Protocol":  null,
        "QueryName":  null,
        "Details":  {
                        "Description":  "Remote Procedure Call Runtime",
                        "SignatureStatus":  "Valid",
                        "Signature":  "Microsoft Windows",
                        "Hashes":  "MD5=0BAD28A4D78585E109D907B498EA05E3,SHA256=1EB14005EAE67C2D5E84A35335C80E7D88DD6226AC4D5CF7827C697FF2473FA8",
                        "Image":  "C:\\Windows\\SysWOW64\\WerFault.exe",
                        "UtcTime":  "2025-09-03 15:38:56.773",
                        "ProcessGuid":  "{f1988ae2-6110-68b8-7a00-000000001e00}",
                        "Company":  "Microsoft Corporation",
                        "ImageLoaded":  "C:\\Windows\\SysWOW64\\rpcrt4.dll",
                        "FileVersion":  "10.0.19041.1806 (WinBuild.160101.0800)",
                        "User":  "DESKTOP-KVSEOF0\\Stage.Ali",
                        "RuleName":  "-",
                        "Product":  "Microsoft® Windows® Operating System",
                        "ProcessId":  "4816",
                        "OriginalFileName":  "rpcrt4.dll",
                        "Signed":  "true"
                    }
    },
    {
        "EventId":  7,
        "TimeCreated":  "\/Date(1756913936774)\/",
        "ProcessGuid":  "{f1988ae2-6110-68b8-7a00-000000001e00}",
        "ProcessId":  "4816",
        "ParentProcessGuid":  null,
        "Image":  "C:\\Windows\\SysWOW64\\WerFault.exe",
        "CommandLine":  null,
        "User":  "DESKTOP-KVSEOF0\\Stage.Ali",
        "TargetFilename":  null,
        "DestinationIp":  null,
        "DestinationPort":  null,
        "SourceIp":  null,
        "SourcePort":  null,
        "Protocol":  null,
        "QueryName":  null,
        "Details":  {
                        "Description":  "Cryptographic Service Provider API",
                        "SignatureStatus":  "Valid",
                        "Signature":  "Microsoft Windows",
                        "Hashes":  "MD5=72B414320CAC426949ACC3E721ECFE81,SHA256=BB80A6FB355CF176C3253F3662DC7D0B2FBC3B4F842A53109A777973194B5CDB",
                        "Image":  "C:\\Windows\\SysWOW64\\WerFault.exe",
                        "UtcTime":  "2025-09-03 15:38:56.773",
                        "ProcessGuid":  "{f1988ae2-6110-68b8-7a00-000000001e00}",
                        "Company":  "Microsoft Corporation",
                        "ImageLoaded":  "C:\\Windows\\SysWOW64\\cryptsp.dll",
                        "FileVersion":  "10.0.19041.546 (WinBuild.160101.0800)",
                        "User":  "DESKTOP-KVSEOF0\\Stage.Ali",
                        "RuleName":  "-",
                        "Product":  "Microsoft® Windows® Operating System",
                        "ProcessId":  "4816",
                        "OriginalFileName":  "cryptsp.dll",
                        "Signed":  "true"
                    }
    },
    {
        "EventId":  7,
        "TimeCreated":  "\/Date(1756913936773)\/",
        "ProcessGuid":  "{f1988ae2-6110-68b8-7a00-000000001e00}",
        "ProcessId":  "4816",
        "ParentProcessGuid":  null,
        "Image":  "C:\\Windows\\SysWOW64\\WerFault.exe",
        "CommandLine":  null,
        "User":  "DESKTOP-KVSEOF0\\Stage.Ali",
        "TargetFilename":  null,
        "DestinationIp":  null,
        "DestinationPort":  null,
        "SourceIp":  null,
        "SourcePort":  null,
        "Protocol":  null,
        "QueryName":  null,
        "Details":  {
                        "Description":  "Microsoft® C Runtime Library",
                        "SignatureStatus":  "Valid",
                        "Signature":  "Microsoft Windows",
                        "Hashes":  "MD5=DF160B9471E9CE9AA4EFCFE625673310,SHA256=C8DBD811BB85D7E17D457C7938C15EF39DBDE395F82E967387E082F2C9860748",
                        "Image":  "C:\\Windows\\SysWOW64\\WerFault.exe",
                        "UtcTime":  "2025-09-03 15:38:56.772",
                        "ProcessGuid":  "{f1988ae2-6110-68b8-7a00-000000001e00}",
                        "Company":  "Microsoft Corporation",
                        "ImageLoaded":  "C:\\Windows\\SysWOW64\\ucrtbase.dll",
                        "FileVersion":  "10.0.19041.789 (WinBuild.160101.0800)",
                        "User":  "DESKTOP-KVSEOF0\\Stage.Ali",
                        "RuleName":  "-",
                        "Product":  "Microsoft® Windows® Operating System",
                        "ProcessId":  "4816",
                        "OriginalFileName":  "ucrtbase.dll",
                        "Signed":  "true"
                    }
    },
    {
        "EventId":  7,
        "TimeCreated":  "\/Date(1756913936772)\/",
        "ProcessGuid":  "{f1988ae2-6110-68b8-7a00-000000001e00}",
        "ProcessId":  "4816",
        "ParentProcessGuid":  null,
        "Image":  "C:\\Windows\\SysWOW64\\WerFault.exe",
        "CommandLine":  null,
        "User":  "DESKTOP-KVSEOF0\\Stage.Ali",
        "TargetFilename":  null,
        "DestinationIp":  null,
        "DestinationPort":  null,
        "SourceIp":  null,
        "SourcePort":  null,
        "Protocol":  null,
        "QueryName":  null,
        "Details":  {
                        "Description":  "Microsoft COM for Windows",
                        "SignatureStatus":  "Valid",
                        "Signature":  "Microsoft Windows",
                        "Hashes":  "MD5=03EC170067BB2A92AA1FD4C07D76E01C,SHA256=BEBDA725771D1427749443777879B83AA8043AA4C90AFDA7381C939CC89CC80F",
                        "Image":  "C:\\Windows\\SysWOW64\\WerFault.exe",
                        "UtcTime":  "2025-09-03 15:38:56.762",
                        "ProcessGuid":  "{f1988ae2-6110-68b8-7a00-000000001e00}",
                        "Company":  "Microsoft Corporation",
                        "ImageLoaded":  "C:\\Windows\\SysWOW64\\combase.dll",
                        "FileVersion":  "10.0.19041.1949 (WinBuild.160101.0800)",
                        "User":  "DESKTOP-KVSEOF0\\Stage.Ali",
                        "RuleName":  "-",
                        "Product":  "Microsoft® Windows® Operating System",
                        "ProcessId":  "4816",
                        "OriginalFileName":  "COMBASE.DLL",
                        "Signed":  "true"
                    }
    },
