    {
        "EventId":  7,
        "TimeCreated":  "\/Date(1756913934814)\/",
        "ProcessGuid":  "{f1988ae2-610e-68b8-7600-000000001e00}",
        "ProcessId":  "4436",
        "ParentProcessGuid":  null,
        "Image":  "C:\\Users\\Stage.Ali\\Desktop\\Malware\\09197780e4de9aa1abaa44d580b3102138c6d3a03ab46b518f88f8c40dc882df.exe",
        "CommandLine":  null,
        "User":  "DESKTOP-KVSEOF0\\Stage.Ali",
        "TargetFilename":  null,
        "DestinationIp":  null,
        "DestinationPort":  null,
        "SourceIp":  null,
        "SourcePort":  null,
        "Protocol":  null,
        "QueryName":  null,
        "Details":  {
                        "Description":  "Microsoft® C Runtime Library",
                        "SignatureStatus":  "Valid",
                        "Signature":  "Microsoft Corporation",
                        "Hashes":  "MD5=BFE20E1D9BEBE61CD8898663FDACB74E,SHA256=AA416A9E707BE8475051FF502D20077A687D14CF3ABABF4959F489A3B5BFBF8B",
                        "Image":  "C:\\Users\\Stage.Ali\\Desktop\\Malware\\09197780e4de9aa1abaa44d580b3102138c6d3a03ab46b518f88f8c40dc882df.exe",
                        "UtcTime":  "2025-09-03 15:38:54.811",
                        "ProcessGuid":  "{f1988ae2-610e-68b8-7600-000000001e00}",
                        "Company":  "Microsoft Corporation",
                        "ImageLoaded":  "C:\\Windows\\SysWOW64\\ucrtbase_clr0400.dll",
                        "FileVersion":  "14.10.25028.0 built by: VCTOOLSD15RTM",
                        "User":  "DESKTOP-KVSEOF0\\Stage.Ali",
                        "RuleName":  "-",
                        "Product":  "Microsoft® Visual Studio® 2017",
                        "ProcessId":  "4436",
                        "OriginalFileName":  "ucrtbase_clr0400.dll",
                        "Signed":  "true"
                    }
    },
    {
        "EventId":  7,
        "TimeCreated":  "\/Date(1756913934814)\/",
        "ProcessGuid":  "{f1988ae2-610e-68b8-7600-000000001e00}",
        "ProcessId":  "4436",
        "ParentProcessGuid":  null,
        "Image":  "C:\\Users\\Stage.Ali\\Desktop\\Malware\\09197780e4de9aa1abaa44d580b3102138c6d3a03ab46b518f88f8c40dc882df.exe",
        "CommandLine":  null,
        "User":  "DESKTOP-KVSEOF0\\Stage.Ali",
        "TargetFilename":  null,
        "DestinationIp":  null,
        "DestinationPort":  null,
        "SourceIp":  null,
        "SourcePort":  null,
        "Protocol":  null,
        "QueryName":  null,
        "Details":  {
                        "Description":  "Microsoft® C Runtime Library",
                        "SignatureStatus":  "Valid",
                        "Signature":  "Microsoft Corporation",
                        "Hashes":  "MD5=071309BE821483287A0FE982AEF005C1,SHA256=932920FE06897C0B2ADAF7FA855E3B45498D213994E81AB8694D9EE5CA53AC0A",
                        "Image":  "C:\\Users\\Stage.Ali\\Desktop\\Malware\\09197780e4de9aa1abaa44d580b3102138c6d3a03ab46b518f88f8c40dc882df.exe",
                        "UtcTime":  "2025-09-03 15:38:54.811",
                        "ProcessGuid":  "{f1988ae2-610e-68b8-7600-000000001e00}",
                        "Company":  "Microsoft Corporation",
                        "ImageLoaded":  "C:\\Windows\\SysWOW64\\vcruntime140_clr0400.dll",
                        "FileVersion":  "14.10.25028.0 built by: VCTOOLSD15RTM",
                        "User":  "DESKTOP-KVSEOF0\\Stage.Ali",
                        "RuleName":  "-",
                        "Product":  "Microsoft® Visual Studio® 2017",
                        "ProcessId":  "4436",
                        "OriginalFileName":  "vcruntime140_clr0400.dll",
                        "Signed":  "true"
                    }
    },
    {
        "EventId":  7,
        "TimeCreated":  "\/Date(1756913934814)\/",
        "ProcessGuid":  "{f1988ae2-610e-68b8-7600-000000001e00}",
        "ProcessId":  "4436",
        "ParentProcessGuid":  null,
        "Image":  "C:\\Users\\Stage.Ali\\Desktop\\Malware\\09197780e4de9aa1abaa44d580b3102138c6d3a03ab46b518f88f8c40dc882df.exe",
        "CommandLine":  null,
        "User":  "DESKTOP-KVSEOF0\\Stage.Ali",
        "TargetFilename":  null,
        "DestinationIp":  null,
        "DestinationPort":  null,
        "SourceIp":  null,
        "SourcePort":  null,
        "Protocol":  null,
        "QueryName":  null,
        "Details":  {
                        "Description":  "Microsoft® C Runtime Library",
                        "SignatureStatus":  "Valid",
                        "Signature":  "Microsoft Windows",
                        "Hashes":  "MD5=DF160B9471E9CE9AA4EFCFE625673310,SHA256=C8DBD811BB85D7E17D457C7938C15EF39DBDE395F82E967387E082F2C9860748",
                        "Image":  "C:\\Users\\Stage.Ali\\Desktop\\Malware\\09197780e4de9aa1abaa44d580b3102138c6d3a03ab46b518f88f8c40dc882df.exe",
                        "UtcTime":  "2025-09-03 15:38:54.811",
                        "ProcessGuid":  "{f1988ae2-610e-68b8-7600-000000001e00}",
                        "Company":  "Microsoft Corporation",
                        "ImageLoaded":  "C:\\Windows\\SysWOW64\\ucrtbase.dll",
                        "FileVersion":  "10.0.19041.789 (WinBuild.160101.0800)",
                        "User":  "DESKTOP-KVSEOF0\\Stage.Ali",
                        "RuleName":  "-",
                        "Product":  "Microsoft® Windows® Operating System",
                        "ProcessId":  "4436",
                        "OriginalFileName":  "ucrtbase.dll",
                        "Signed":  "true"
                    }
    },
    {
        "EventId":  7,
        "TimeCreated":  "\/Date(1756913934813)\/",
        "ProcessGuid":  "{f1988ae2-610e-68b8-7600-000000001e00}",
        "ProcessId":  "4436",
        "ParentProcessGuid":  null,
        "Image":  "C:\\Users\\Stage.Ali\\Desktop\\Malware\\09197780e4de9aa1abaa44d580b3102138c6d3a03ab46b518f88f8c40dc882df.exe",
        "CommandLine":  null,
        "User":  "DESKTOP-KVSEOF0\\Stage.Ali",
        "TargetFilename":  null,
        "DestinationIp":  null,
        "DestinationPort":  null,
        "SourceIp":  null,
        "SourcePort":  null,
        "Protocol":  null,
        "QueryName":  null,
        "Details":  {
                        "Description":  "Microsoft® C Runtime Library",
                        "SignatureStatus":  "Valid",
                        "Signature":  "Microsoft Windows",
                        "Hashes":  "MD5=F9E704B67ECCD77A18965E9CFA128461,SHA256=F7AC4CEB149EAE5184B957D90EBEDD9BC916CD1BA3053548B637B4E32A7F8A07",
                        "Image":  "C:\\Users\\Stage.Ali\\Desktop\\Malware\\09197780e4de9aa1abaa44d580b3102138c6d3a03ab46b518f88f8c40dc882df.exe",
                        "UtcTime":  "2025-09-03 15:38:54.808",
                        "ProcessGuid":  "{f1988ae2-610e-68b8-7600-000000001e00}",
                        "Company":  "Microsoft Corporation",
                        "ImageLoaded":  "C:\\Windows\\SysWOW64\\msvcp_win.dll",
                        "FileVersion":  "10.0.19041.789 (WinBuild.160101.0800)",
                        "User":  "DESKTOP-KVSEOF0\\Stage.Ali",
                        "RuleName":  "-",
                        "Product":  "Microsoft® Windows® Operating System",
                        "ProcessId":  "4436",
                        "OriginalFileName":  "msvcp_win.dll",
                        "Signed":  "true"
                    }
    },
    {
        "EventId":  7,
        "TimeCreated":  "\/Date(1756913934813)\/",
        "ProcessGuid":  "{f1988ae2-610e-68b8-7600-000000001e00}",
        "ProcessId":  "4436",
        "ParentProcessGuid":  null,
        "Image":  "C:\\Users\\Stage.Ali\\Desktop\\Malware\\09197780e4de9aa1abaa44d580b3102138c6d3a03ab46b518f88f8c40dc882df.exe",
        "CommandLine":  null,
        "User":  "DESKTOP-KVSEOF0\\Stage.Ali",
        "TargetFilename":  null,
        "DestinationIp":  null,
        "DestinationPort":  null,
        "SourceIp":  null,
        "SourcePort":  null,
        "Protocol":  null,
        "QueryName":  null,
        "Details":  {
                        "Description":  "GDI Client DLL",
                        "SignatureStatus":  "Valid",
                        "Signature":  "Microsoft Windows",
                        "Hashes":  "MD5=1B2216331F50811FD4BC435A0B7B7AFA,SHA256=AF2EE2EEB5303BA2993D513135D59E9C7CD2C845E5819BC96EAB1DE7BC60068A",
                        "Image":  "C:\\Users\\Stage.Ali\\Desktop\\Malware\\09197780e4de9aa1abaa44d580b3102138c6d3a03ab46b518f88f8c40dc882df.exe",
                        "UtcTime":  "2025-09-03 15:38:54.808",
                        "ProcessGuid":  "{f1988ae2-610e-68b8-7600-000000001e00}",
                        "Company":  "Microsoft Corporation",
                        "ImageLoaded":  "C:\\Windows\\SysWOW64\\gdi32full.dll",
                        "FileVersion":  "10.0.19041.2006 (WinBuild.160101.0800)",
                        "User":  "DESKTOP-KVSEOF0\\Stage.Ali",
                        "RuleName":  "-",
                        "Product":  "Microsoft® Windows® Operating System",
                        "ProcessId":  "4436",
                        "OriginalFileName":  "gdi32",
                        "Signed":  "true"
                    }
    },
    {
        "EventId":  7,
        "TimeCreated":  "\/Date(1756913934812)\/",
        "ProcessGuid":  "{f1988ae2-610e-68b8-7600-000000001e00}",
        "ProcessId":  "4436",
        "ParentProcessGuid":  null,
        "Image":  "C:\\Users\\Stage.Ali\\Desktop\\Malware\\09197780e4de9aa1abaa44d580b3102138c6d3a03ab46b518f88f8c40dc882df.exe",
        "CommandLine":  null,
        "User":  "DESKTOP-KVSEOF0\\Stage.Ali",
        "TargetFilename":  null,
        "DestinationIp":  null,
        "DestinationPort":  null,
        "SourceIp":  null,
        "SourcePort":  null,
        "Protocol":  null,
        "QueryName":  null,
        "Details":  {
                        "Description":  "GDI Client DLL",
                        "SignatureStatus":  "Valid",
                        "Signature":  "Microsoft Windows",
                        "Hashes":  "MD5=873692EF0C70675F179C190CDC45CB09,SHA256=552750680F4748906D37A0CF0A9F33E6E5C20DF24245A7AD7E752F87830E3E2B",
                        "Image":  "C:\\Users\\Stage.Ali\\Desktop\\Malware\\09197780e4de9aa1abaa44d580b3102138c6d3a03ab46b518f88f8c40dc882df.exe",
                        "UtcTime":  "2025-09-03 15:38:54.798",
                        "ProcessGuid":  "{f1988ae2-610e-68b8-7600-000000001e00}",
                        "Company":  "Microsoft Corporation",
                        "ImageLoaded":  "C:\\Windows\\SysWOW64\\gdi32.dll",
                        "FileVersion":  "10.0.19041.1620 (WinBuild.160101.0800)",
                        "User":  "DESKTOP-KVSEOF0\\Stage.Ali",
                        "RuleName":  "-",
                        "Product":  "Microsoft® Windows® Operating System",
                        "ProcessId":  "4436",
                        "OriginalFileName":  "gdi32",
                        "Signed":  "true"
                    }
    },
    {
        "EventId":  7,
        "TimeCreated":  "\/Date(1756913934807)\/",
        "ProcessGuid":  "{f1988ae2-610e-68b8-7600-000000001e00}",
        "ProcessId":  "4436",
        "ParentProcessGuid":  null,
        "Image":  "C:\\Users\\Stage.Ali\\Desktop\\Malware\\09197780e4de9aa1abaa44d580b3102138c6d3a03ab46b518f88f8c40dc882df.exe",
        "CommandLine":  null,
        "User":  "DESKTOP-KVSEOF0\\Stage.Ali",
        "TargetFilename":  null,
        "DestinationIp":  null,
        "DestinationPort":  null,
        "SourceIp":  null,
        "SourcePort":  null,
        "Protocol":  null,
        "QueryName":  null,
        "Details":  {
                        "Description":  "Win32u",
                        "SignatureStatus":  "Valid",
                        "Signature":  "Microsoft Windows",
                        "Hashes":  "MD5=AC7C42DCA44900B55D55FA8D93DD9191,SHA256=8EFA2A2F1C0125F85B42D08F54C0CF15AF3EEF9655A61436C80E381259E4DBDB",
                        "Image":  "C:\\Users\\Stage.Ali\\Desktop\\Malware\\09197780e4de9aa1abaa44d580b3102138c6d3a03ab46b518f88f8c40dc882df.exe",
                        "UtcTime":  "2025-09-03 15:38:54.798",
                        "ProcessGuid":  "{f1988ae2-610e-68b8-7600-000000001e00}",
                        "Company":  "Microsoft Corporation",
                        "ImageLoaded":  "C:\\Windows\\SysWOW64\\win32u.dll",
                        "FileVersion":  "10.0.19041.2006 (WinBuild.160101.0800)",
                        "User":  "DESKTOP-KVSEOF0\\Stage.Ali",
                        "RuleName":  "-",
                        "Product":  "Microsoft® Windows® Operating System",
                        "ProcessId":  "4436",
                        "OriginalFileName":  "Win32u.DLL",
                        "Signed":  "true"
                    }
    },
    {
        "EventId":  7,
        "TimeCreated":  "\/Date(1756913934807)\/",
        "ProcessGuid":  "{f1988ae2-610e-68b8-7600-000000001e00}",
        "ProcessId":  "4436",
        "ParentProcessGuid":  null,
        "Image":  "C:\\Users\\Stage.Ali\\Desktop\\Malware\\09197780e4de9aa1abaa44d580b3102138c6d3a03ab46b518f88f8c40dc882df.exe",
        "CommandLine":  null,
        "User":  "DESKTOP-KVSEOF0\\Stage.Ali",
        "TargetFilename":  null,
        "DestinationIp":  null,
        "DestinationPort":  null,
        "SourceIp":  null,
        "SourcePort":  null,
        "Protocol":  null,
        "QueryName":  null,
        "Details":  {
                        "Description":  "Multi-User Windows USER API Client DLL",
                        "SignatureStatus":  "Valid",
                        "Signature":  "Microsoft Windows",
                        "Hashes":  "MD5=2E8AB67DC55089DFBCBFA7710BD15B07,SHA256=2BCC4FD8A4D3C4033A81702E1B685860BE78D6F1A7E980F2E7593C59656F2706",
                        "Image":  "C:\\Users\\Stage.Ali\\Desktop\\Malware\\09197780e4de9aa1abaa44d580b3102138c6d3a03ab46b518f88f8c40dc882df.exe",
                        "UtcTime":  "2025-09-03 15:38:54.798",
                        "ProcessGuid":  "{f1988ae2-610e-68b8-7600-000000001e00}",
                        "Company":  "Microsoft Corporation",
                        "ImageLoaded":  "C:\\Windows\\SysWOW64\\user32.dll",
                        "FileVersion":  "10.0.19041.2006 (WinBuild.160101.0800)",
                        "User":  "DESKTOP-KVSEOF0\\Stage.Ali",
                        "RuleName":  "-",
                        "Product":  "Microsoft® Windows® Operating System",
                        "ProcessId":  "4436",
                        "OriginalFileName":  "user32",
                        "Signed":  "true"
                    }
    },
    {
        "EventId":  7,
        "TimeCreated":  "\/Date(1756913934807)\/",
        "ProcessGuid":  "{f1988ae2-610e-68b8-7600-000000001e00}",
        "ProcessId":  "4436",
        "ParentProcessGuid":  null,
        "Image":  "C:\\Users\\Stage.Ali\\Desktop\\Malware\\09197780e4de9aa1abaa44d580b3102138c6d3a03ab46b518f88f8c40dc882df.exe",
        "CommandLine":  null,
        "User":  "DESKTOP-KVSEOF0\\Stage.Ali",
        "TargetFilename":  null,
        "DestinationIp":  null,
        "DestinationPort":  null,
        "SourceIp":  null,
        "SourcePort":  null,
        "Protocol":  null,
        "QueryName":  null,
        "Details":  {
                        "Description":  "Microsoft .NET Runtime Common Language Runtime - WorkStation",
                        "SignatureStatus":  "Valid",
                        "Signature":  "Microsoft Corporation",
                        "Hashes":  "MD5=3100C6DE1A1952BC9468B8E5AF89C0EF,SHA256=B27FB1D2F49C2061D6B4DB4070F0DDEF319D61FA45286DE97CB3158C77C8C147",
                        "Image":  "C:\\Users\\Stage.Ali\\Desktop\\Malware\\09197780e4de9aa1abaa44d580b3102138c6d3a03ab46b518f88f8c40dc882df.exe",
                        "UtcTime":  "2025-09-03 15:38:54.798",
                        "ProcessGuid":  "{f1988ae2-610e-68b8-7600-000000001e00}",
                        "Company":  "Microsoft Corporation",
                        "ImageLoaded":  "C:\\Windows\\Microsoft.NET\\Framework\\v4.0.30319\\clr.dll",
                        "FileVersion":  "4.8.4515.0 built by: NET48REL1LAST_C",
                        "User":  "DESKTOP-KVSEOF0\\Stage.Ali",
                        "RuleName":  "-",
                        "Product":  "Microsoft® .NET Framework",
                        "ProcessId":  "4436",
                        "OriginalFileName":  "clr.dll",
                        "Signed":  "true"
                    }
    },
    {
        "EventId":  7,
        "TimeCreated":  "\/Date(1756913934806)\/",
        "ProcessGuid":  "{f1988ae2-610e-68b8-7600-000000001e00}",
        "ProcessId":  "4436",
        "ParentProcessGuid":  null,
        "Image":  "C:\\Users\\Stage.Ali\\Desktop\\Malware\\09197780e4de9aa1abaa44d580b3102138c6d3a03ab46b518f88f8c40dc882df.exe",
        "CommandLine":  null,
        "User":  "DESKTOP-KVSEOF0\\Stage.Ali",
        "TargetFilename":  null,
        "DestinationIp":  null,
        "DestinationPort":  null,
        "SourceIp":  null,
        "SourcePort":  null,
        "Protocol":  null,
        "QueryName":  null,
        "Details":  {
                        "Description":  "Version Checking and File Installation Libraries",
                        "SignatureStatus":  "Valid",
                        "Signature":  "Microsoft Windows",
                        "Hashes":  "MD5=8EB300FCC7C8DAAD3716C6E53D4BE2FC,SHA256=747F954CFE4A42DE0683A6C74FE6CCE21EC67D72B681557C48ABE09A321CEA05",
                        "Image":  "C:\\Users\\Stage.Ali\\Desktop\\Malware\\09197780e4de9aa1abaa44d580b3102138c6d3a03ab46b518f88f8c40dc882df.exe",
                        "UtcTime":  "2025-09-03 15:38:54.798",
                        "ProcessGuid":  "{f1988ae2-610e-68b8-7600-000000001e00}",
                        "Company":  "Microsoft Corporation",
                        "ImageLoaded":  "C:\\Windows\\SysWOW64\\version.dll",
                        "FileVersion":  "10.0.19041.546 (WinBuild.160101.0800)",
                        "User":  "DESKTOP-KVSEOF0\\Stage.Ali",
                        "RuleName":  "-",
                        "Product":  "Microsoft® Windows® Operating System",
                        "ProcessId":  "4436",
                        "OriginalFileName":  "VERSION.DLL",
                        "Signed":  "true"
                    }
    },
    {
        "EventId":  7,
        "TimeCreated":  "\/Date(1756913934806)\/",
        "ProcessGuid":  "{f1988ae2-610e-68b8-7600-000000001e00}",
        "ProcessId":  "4436",
        "ParentProcessGuid":  null,
        "Image":  "C:\\Users\\Stage.Ali\\Desktop\\Malware\\09197780e4de9aa1abaa44d580b3102138c6d3a03ab46b518f88f8c40dc882df.exe",
        "CommandLine":  null,
        "User":  "DESKTOP-KVSEOF0\\Stage.Ali",
        "TargetFilename":  null,
        "DestinationIp":  null,
        "DestinationPort":  null,
        "SourceIp":  null,
        "SourcePort":  null,
        "Protocol":  null,
        "QueryName":  null,
        "Details":  {
                        "Description":  "AppModel API Host",
                        "SignatureStatus":  "Valid",
                        "Signature":  "Microsoft Windows",
                        "Hashes":  "MD5=537504FFB328C6AA752E1EAE14E93402,SHA256=8CECE4A563C2150B37B4AE402CFB9EB782DB14E03B260F4D13B88FB85BDFB31C",
                        "Image":  "C:\\Users\\Stage.Ali\\Desktop\\Malware\\09197780e4de9aa1abaa44d580b3102138c6d3a03ab46b518f88f8c40dc882df.exe",
                        "UtcTime":  "2025-09-03 15:38:54.798",
                        "ProcessGuid":  "{f1988ae2-610e-68b8-7600-000000001e00}",
                        "Company":  "Microsoft Corporation",
                        "ImageLoaded":  "C:\\Windows\\SysWOW64\\kernel.appcore.dll",
                        "FileVersion":  "10.0.19041.546 (WinBuild.160101.0800)",
                        "User":  "DESKTOP-KVSEOF0\\Stage.Ali",
                        "RuleName":  "-",
                        "Product":  "Microsoft® Windows® Operating System",
                        "ProcessId":  "4436",
                        "OriginalFileName":  "kernel.appcore.dll",
                        "Signed":  "true"
                    }
    },
    {
        "EventId":  7,
        "TimeCreated":  "\/Date(1756913934801)\/",
        "ProcessGuid":  "{f1988ae2-610e-68b8-7600-000000001e00}",
        "ProcessId":  "4436",
        "ParentProcessGuid":  null,
        "Image":  "C:\\Users\\Stage.Ali\\Desktop\\Malware\\09197780e4de9aa1abaa44d580b3102138c6d3a03ab46b518f88f8c40dc882df.exe",
        "CommandLine":  null,
        "User":  "DESKTOP-KVSEOF0\\Stage.Ali",
        "TargetFilename":  null,
        "DestinationIp":  null,
        "DestinationPort":  null,
        "SourceIp":  null,
        "SourcePort":  null,
        "Protocol":  null,
        "QueryName":  null,
        "Details":  {
                        "Description":  "Shell Light-weight Utility Library",
                        "SignatureStatus":  "Valid",
                        "Signature":  "Microsoft Windows",
                        "Hashes":  "MD5=9C1F7CB888C87EC00146BA0EAA6A9A1F,SHA256=0DD77EE683AFD8F3275651888790D58942C3B1D24F15E209D148786F3C25DB80",
                        "Image":  "C:\\Users\\Stage.Ali\\Desktop\\Malware\\09197780e4de9aa1abaa44d580b3102138c6d3a03ab46b518f88f8c40dc882df.exe",
                        "UtcTime":  "2025-09-03 15:38:54.798",
                        "ProcessGuid":  "{f1988ae2-610e-68b8-7600-000000001e00}",
                        "Company":  "Microsoft Corporation",
                        "ImageLoaded":  "C:\\Windows\\SysWOW64\\shlwapi.dll",
                        "FileVersion":  "10.0.19041.1706 (WinBuild.160101.0800)",
                        "User":  "DESKTOP-KVSEOF0\\Stage.Ali",
                        "RuleName":  "-",
                        "Product":  "Microsoft® Windows® Operating System",
                        "ProcessId":  "4436",
                        "OriginalFileName":  "SHLWAPI.DLL",
                        "Signed":  "true"
                    }
    },
    {
        "EventId":  7,
        "TimeCreated":  "\/Date(1756913934800)\/",
        "ProcessGuid":  "{f1988ae2-610e-68b8-7600-000000001e00}",
        "ProcessId":  "4436",
        "ParentProcessGuid":  null,
        "Image":  "C:\\Users\\Stage.Ali\\Desktop\\Malware\\09197780e4de9aa1abaa44d580b3102138c6d3a03ab46b518f88f8c40dc882df.exe",
        "CommandLine":  null,
        "User":  "DESKTOP-KVSEOF0\\Stage.Ali",
        "TargetFilename":  null,
        "DestinationIp":  null,
        "DestinationPort":  null,
        "SourceIp":  null,
        "SourcePort":  null,
        "Protocol":  null,
        "QueryName":  null,
        "Details":  {
                        "Description":  "Microsoft .NET Runtime Execution Engine",
                        "SignatureStatus":  "Valid",
                        "Signature":  "Microsoft Corporation",
                        "Hashes":  "MD5=606B77C072A964DA4E4710151CAC86EB,SHA256=C6C9E8D77B62C7A52E6E9EAC764C1E1345779FC17544B80730E507627A5D5120",
                        "Image":  "C:\\Users\\Stage.Ali\\Desktop\\Malware\\09197780e4de9aa1abaa44d580b3102138c6d3a03ab46b518f88f8c40dc882df.exe",
                        "UtcTime":  "2025-09-03 15:38:54.798",
                        "ProcessGuid":  "{f1988ae2-610e-68b8-7600-000000001e00}",
                        "Company":  "Microsoft Corporation",
                        "ImageLoaded":  "C:\\Windows\\Microsoft.NET\\Framework\\v4.0.30319\\mscoreei.dll",
                        "FileVersion":  "4.8.4180.0 built by: NET48REL1LAST_B",
                        "User":  "DESKTOP-KVSEOF0\\Stage.Ali",
                        "RuleName":  "-",
                        "Product":  "Microsoft® .NET Framework",
                        "ProcessId":  "4436",
                        "OriginalFileName":  "mscoreei.dll",
                        "Signed":  "true"
                    }
    },
    {
        "EventId":  7,
        "TimeCreated":  "\/Date(1756913934799)\/",
        "ProcessGuid":  "{f1988ae2-610e-68b8-7600-000000001e00}",
        "ProcessId":  "4436",
        "ParentProcessGuid":  null,
        "Image":  "C:\\Users\\Stage.Ali\\Desktop\\Malware\\09197780e4de9aa1abaa44d580b3102138c6d3a03ab46b518f88f8c40dc882df.exe",
        "CommandLine":  null,
        "User":  "DESKTOP-KVSEOF0\\Stage.Ali",
        "TargetFilename":  null,
        "DestinationIp":  null,
        "DestinationPort":  null,
        "SourceIp":  null,
        "SourcePort":  null,
        "Protocol":  null,
        "QueryName":  null,
        "Details":  {
                        "Description":  "Remote Procedure Call Runtime",
                        "SignatureStatus":  "Valid",
                        "Signature":  "Microsoft Windows",
                        "Hashes":  "MD5=0BAD28A4D78585E109D907B498EA05E3,SHA256=1EB14005EAE67C2D5E84A35335C80E7D88DD6226AC4D5CF7827C697FF2473FA8",
                        "Image":  "C:\\Users\\Stage.Ali\\Desktop\\Malware\\09197780e4de9aa1abaa44d580b3102138c6d3a03ab46b518f88f8c40dc882df.exe",
                        "UtcTime":  "2025-09-03 15:38:54.797",
                        "ProcessGuid":  "{f1988ae2-610e-68b8-7600-000000001e00}",
                        "Company":  "Microsoft Corporation",
                        "ImageLoaded":  "C:\\Windows\\SysWOW64\\rpcrt4.dll",
                        "FileVersion":  "10.0.19041.1806 (WinBuild.160101.0800)",
                        "User":  "DESKTOP-KVSEOF0\\Stage.Ali",
                        "RuleName":  "-",
                        "Product":  "Microsoft® Windows® Operating System",
                        "ProcessId":  "4436",
                        "OriginalFileName":  "rpcrt4.dll",
                        "Signed":  "true"
                    }
    },
    {
        "EventId":  7,
        "TimeCreated":  "\/Date(1756913934798)\/",
        "ProcessGuid":  "{f1988ae2-610e-68b8-7600-000000001e00}",
        "ProcessId":  "4436",
        "ParentProcessGuid":  null,
        "Image":  "C:\\Users\\Stage.Ali\\Desktop\\Malware\\09197780e4de9aa1abaa44d580b3102138c6d3a03ab46b518f88f8c40dc882df.exe",
        "CommandLine":  null,
        "User":  "DESKTOP-KVSEOF0\\Stage.Ali",
        "TargetFilename":  null,
        "DestinationIp":  null,
        "DestinationPort":  null,
        "SourceIp":  null,
        "SourcePort":  null,
        "Protocol":  null,
        "QueryName":  null,
        "Details":  {
                        "Description":  "Host for SCM/SDDL/LSA Lookup APIs",
                        "SignatureStatus":  "Valid",
                        "Signature":  "Microsoft Windows",
                        "Hashes":  "MD5=B68B7D84B8A216E6219A65F7961FA219,SHA256=7F8E64B01C2E2012BF63B25EFA6FCBEBE6CF027A3322901E28185314AF39A86E",
                        "Image":  "C:\\Users\\Stage.Ali\\Desktop\\Malware\\09197780e4de9aa1abaa44d580b3102138c6d3a03ab46b518f88f8c40dc882df.exe",
                        "UtcTime":  "2025-09-03 15:38:54.796",
                        "ProcessGuid":  "{f1988ae2-610e-68b8-7600-000000001e00}",
                        "Company":  "Microsoft Corporation",
                        "ImageLoaded":  "C:\\Windows\\SysWOW64\\sechost.dll",
                        "FileVersion":  "10.0.19041.1865 (WinBuild.160101.0800)",
                        "User":  "DESKTOP-KVSEOF0\\Stage.Ali",
                        "RuleName":  "-",
                        "Product":  "Microsoft® Windows® Operating System",
                        "ProcessId":  "4436",
                        "OriginalFileName":  "sechost.dll",
                        "Signed":  "true"
                    }
    },
    {
        "EventId":  7,
        "TimeCreated":  "\/Date(1756913934798)\/",
        "ProcessGuid":  "{f1988ae2-610e-68b8-7600-000000001e00}",
        "ProcessId":  "4436",
        "ParentProcessGuid":  null,
        "Image":  "C:\\Users\\Stage.Ali\\Desktop\\Malware\\09197780e4de9aa1abaa44d580b3102138c6d3a03ab46b518f88f8c40dc882df.exe",
        "CommandLine":  null,
        "User":  "DESKTOP-KVSEOF0\\Stage.Ali",
        "TargetFilename":  null,
        "DestinationIp":  null,
        "DestinationPort":  null,
        "SourceIp":  null,
        "SourcePort":  null,
        "Protocol":  null,
        "QueryName":  null,
        "Details":  {
                        "Description":  "Windows NT CRT DLL",
                        "SignatureStatus":  "Valid",
                        "Signature":  "Microsoft Windows",
                        "Hashes":  "MD5=0DAA0D9DC786F95C8DC2CCC0221B2863,SHA256=279A03ACC810C1FE613BE283EB24762F0451DA9A6142ED3DC996A1D10FE2F692",
                        "Image":  "C:\\Users\\Stage.Ali\\Desktop\\Malware\\09197780e4de9aa1abaa44d580b3102138c6d3a03ab46b518f88f8c40dc882df.exe",
                        "UtcTime":  "2025-09-03 15:38:54.794",
                        "ProcessGuid":  "{f1988ae2-610e-68b8-7600-000000001e00}",
                        "Company":  "Microsoft Corporation",
                        "ImageLoaded":  "C:\\Windows\\SysWOW64\\msvcrt.dll",
                        "FileVersion":  "7.0.19041.546 (WinBuild.160101.0800)",
                        "User":  "DESKTOP-KVSEOF0\\Stage.Ali",
                        "RuleName":  "-",
                        "Product":  "Microsoft® Windows® Operating System",
                        "ProcessId":  "4436",
                        "OriginalFileName":  "msvcrt.dll",
                        "Signed":  "true"
                    }
    },
    {
        "EventId":  7,
        "TimeCreated":  "\/Date(1756913934796)\/",
        "ProcessGuid":  "{f1988ae2-610e-68b8-7600-000000001e00}",
        "ProcessId":  "4436",
        "ParentProcessGuid":  null,
        "Image":  "C:\\Users\\Stage.Ali\\Desktop\\Malware\\09197780e4de9aa1abaa44d580b3102138c6d3a03ab46b518f88f8c40dc882df.exe",
        "CommandLine":  null,
        "User":  "DESKTOP-KVSEOF0\\Stage.Ali",
        "TargetFilename":  null,
        "DestinationIp":  null,
        "DestinationPort":  null,
        "SourceIp":  null,
        "SourcePort":  null,
        "Protocol":  null,
        "QueryName":  null,
        "Details":  {
                        "Description":  "Advanced Windows 32 Base API",
                        "SignatureStatus":  "Valid",
                        "Signature":  "Microsoft Windows",
                        "Hashes":  "MD5=DDE0A7C9AC38A37EB4E50E0EE631007B,SHA256=32356584FF057C325D6CDDF04870476A6D850B7AE811A84A964F6023522BB383",
                        "Image":  "C:\\Users\\Stage.Ali\\Desktop\\Malware\\09197780e4de9aa1abaa44d580b3102138c6d3a03ab46b518f88f8c40dc882df.exe",
                        "UtcTime":  "2025-09-03 15:38:54.794",
                        "ProcessGuid":  "{f1988ae2-610e-68b8-7600-000000001e00}",
                        "Company":  "Microsoft Corporation",
                        "ImageLoaded":  "C:\\Windows\\SysWOW64\\advapi32.dll",
                        "FileVersion":  "10.0.19041.1682 (WinBuild.160101.0800)",
                        "User":  "DESKTOP-KVSEOF0\\Stage.Ali",
                        "RuleName":  "-",
                        "Product":  "Microsoft® Windows® Operating System",
                        "ProcessId":  "4436",
                        "OriginalFileName":  "advapi32.dll",
                        "Signed":  "true"
                    }
    },
    {
        "EventId":  7,
        "TimeCreated":  "\/Date(1756913934789)\/",
        "ProcessGuid":  "{f1988ae2-610e-68b8-7600-000000001e00}",
        "ProcessId":  "4436",
        "ParentProcessGuid":  null,
        "Image":  "C:\\Users\\Stage.Ali\\Desktop\\Malware\\09197780e4de9aa1abaa44d580b3102138c6d3a03ab46b518f88f8c40dc882df.exe",
        "CommandLine":  null,
        "User":  "DESKTOP-KVSEOF0\\Stage.Ali",
        "TargetFilename":  null,
        "DestinationIp":  null,
        "DestinationPort":  null,
        "SourceIp":  null,
        "SourcePort":  null,
        "Protocol":  null,
        "QueryName":  null,
        "Details":  {
                        "Description":  "Windows NT BASE API Client DLL",
                        "SignatureStatus":  "Valid",
                        "Signature":  "Microsoft Windows",
                        "Hashes":  "MD5=29280E079C66BB6F9A157D55AF6EBA80,SHA256=233C329FFBD3EA703A394008AAA04C54B8AB4139AA6C00F657EBEA8906417C37",
                        "Image":  "C:\\Users\\Stage.Ali\\Desktop\\Malware\\09197780e4de9aa1abaa44d580b3102138c6d3a03ab46b518f88f8c40dc882df.exe",
                        "UtcTime":  "2025-09-03 15:38:54.786",
                        "ProcessGuid":  "{f1988ae2-610e-68b8-7600-000000001e00}",
                        "Company":  "Microsoft Corporation",
                        "ImageLoaded":  "C:\\Windows\\SysWOW64\\KernelBase.dll",
                        "FileVersion":  "10.0.19041.2006 (WinBuild.160101.0800)",
                        "User":  "DESKTOP-KVSEOF0\\Stage.Ali",
                        "RuleName":  "-",
                        "Product":  "Microsoft® Windows® Operating System",
                        "ProcessId":  "4436",
                        "OriginalFileName":  "Kernelbase.dll",
                        "Signed":  "true"
                    }
    },
    {
        "EventId":  11,
        "TimeCreated":  "\/Date(1756913934789)\/",
        "ProcessGuid":  "{f1988ae2-60fb-68b8-7300-000000001e00}",
        "ProcessId":  "2872",
        "ParentProcessGuid":  null,
        "Image":  "C:\\Users\\Stage.Ali\\Desktop\\Malware\\09197780e4de9aa1abaa44d580b3102138c6d3a03ab46b518f88f8c40dc882df.exe",
        "CommandLine":  null,
        "User":  "DESKTOP-KVSEOF0\\Stage.Ali",
        "TargetFilename":  "C:\\Users\\Stage.Ali\\AppData\\Local\\Microsoft\\CLR_v4.0_32\\UsageLogs\\09197780e4de9aa1abaa44d580b3102138c6d3a03ab46b518f88f8c40dc882df.exe.log",
        "DestinationIp":  null,
        "DestinationPort":  null,
        "SourceIp":  null,
        "SourcePort":  null,
        "Protocol":  null,
        "QueryName":  null,
        "Details":  {
                        "Image":  "C:\\Users\\Stage.Ali\\Desktop\\Malware\\09197780e4de9aa1abaa44d580b3102138c6d3a03ab46b518f88f8c40dc882df.exe",
                        "ProcessGuid":  "{f1988ae2-60fb-68b8-7300-000000001e00}",
                        "TargetFilename":  "C:\\Users\\Stage.Ali\\AppData\\Local\\Microsoft\\CLR_v4.0_32\\UsageLogs\\09197780e4de9aa1abaa44d580b3102138c6d3a03ab46b518f88f8c40dc882df.exe.log",
                        "ProcessId":  "2872",
                        "UtcTime":  "2025-09-03 15:38:54.785",
                        "RuleName":  "-",
                        "CreationUtcTime":  "2025-09-03 15:38:54.781",
                        "User":  "DESKTOP-KVSEOF0\\Stage.Ali"
                    }
    },
    {
        "EventId":  11,
        "TimeCreated":  "\/Date(1756913934789)\/",
        "ProcessGuid":  "{f1988ae2-60fb-68b8-7300-000000001e00}",
        "ProcessId":  "2872",
        "ParentProcessGuid":  null,
        "Image":  "C:\\Users\\Stage.Ali\\Desktop\\Malware\\09197780e4de9aa1abaa44d580b3102138c6d3a03ab46b518f88f8c40dc882df.exe",
        "CommandLine":  null,
        "User":  "DESKTOP-KVSEOF0\\Stage.Ali",
        "TargetFilename":  "C:\\Users\\Stage.Ali\\AppData\\Local\\Microsoft\\CLR_v4.0_32\\UsageLogs",
        "DestinationIp":  null,
        "DestinationPort":  null,
        "SourceIp":  null,
        "SourcePort":  null,
        "Protocol":  null,
        "QueryName":  null,
        "Details":  {
                        "Image":  "C:\\Users\\Stage.Ali\\Desktop\\Malware\\09197780e4de9aa1abaa44d580b3102138c6d3a03ab46b518f88f8c40dc882df.exe",
                        "ProcessGuid":  "{f1988ae2-60fb-68b8-7300-000000001e00}",
                        "TargetFilename":  "C:\\Users\\Stage.Ali\\AppData\\Local\\Microsoft\\CLR_v4.0_32\\UsageLogs",
                        "ProcessId":  "2872",
                        "UtcTime":  "2025-09-03 15:38:54.781",
                        "RuleName":  "-",
                        "CreationUtcTime":  "2025-09-03 15:38:54.781",
                        "User":  "DESKTOP-KVSEOF0\\Stage.Ali"
                    }
    },
    {
        "EventId":  7,
        "TimeCreated":  "\/Date(1756913934789)\/",
        "ProcessGuid":  "{f1988ae2-610e-68b8-7600-000000001e00}",
        "ProcessId":  "4436",
        "ParentProcessGuid":  null,
        "Image":  "C:\\Users\\Stage.Ali\\Desktop\\Malware\\09197780e4de9aa1abaa44d580b3102138c6d3a03ab46b518f88f8c40dc882df.exe",
        "CommandLine":  null,
        "User":  "DESKTOP-KVSEOF0\\Stage.Ali",
        "TargetFilename":  null,
        "DestinationIp":  null,
        "DestinationPort":  null,
        "SourceIp":  null,
        "SourcePort":  null,
        "Protocol":  null,
        "QueryName":  null,
        "Details":  {
                        "Description":  "Windows NT BASE API Client DLL",
                        "SignatureStatus":  "Valid",
                        "Signature":  "Microsoft Windows",
                        "Hashes":  "MD5=C9FDF863B56CCA2A80726CEEC54F7D7F,SHA256=49B8BCEBBF2CE150D050BC8403F10C3A64730F0A6EB4FA1843717CEB8A0C5D86",
                        "Image":  "C:\\Users\\Stage.Ali\\Desktop\\Malware\\09197780e4de9aa1abaa44d580b3102138c6d3a03ab46b518f88f8c40dc882df.exe",
                        "UtcTime":  "2025-09-03 15:38:54.781",
                        "ProcessGuid":  "{f1988ae2-610e-68b8-7600-000000001e00}",
                        "Company":  "Microsoft Corporation",
                        "ImageLoaded":  "C:\\Windows\\SysWOW64\\kernel32.dll",
                        "FileVersion":  "10.0.19041.1889 (WinBuild.160101.0800)",
                        "User":  "DESKTOP-KVSEOF0\\Stage.Ali",
                        "RuleName":  "-",
                        "Product":  "Microsoft® Windows® Operating System",
                        "ProcessId":  "4436",
                        "OriginalFileName":  "kernel32",
                        "Signed":  "true"
                    }
    },
    {
        "EventId":  7,
        "TimeCreated":  "\/Date(1756913934789)\/",
        "ProcessGuid":  "{f1988ae2-610e-68b8-7600-000000001e00}",
        "ProcessId":  "4436",
        "ParentProcessGuid":  null,
        "Image":  "C:\\Users\\Stage.Ali\\Desktop\\Malware\\09197780e4de9aa1abaa44d580b3102138c6d3a03ab46b518f88f8c40dc882df.exe",
        "CommandLine":  null,
        "User":  "DESKTOP-KVSEOF0\\Stage.Ali",
        "TargetFilename":  null,
        "DestinationIp":  null,
        "DestinationPort":  null,
        "SourceIp":  null,
        "SourcePort":  null,
        "Protocol":  null,
        "QueryName":  null,
        "Details":  {
                        "Description":  "Microsoft .NET Runtime Execution Engine",
                        "SignatureStatus":  "Valid",
                        "Signature":  "Microsoft Windows",
                        "Hashes":  "MD5=3398E4051E8F4E2FF3CF0F365FA9238D,SHA256=57EFA31B9F0116E46AB5E46C2E1764A79C507F751995DB2E1C8727BDCEB0C576",
                        "Image":  "C:\\Users\\Stage.Ali\\Desktop\\Malware\\09197780e4de9aa1abaa44d580b3102138c6d3a03ab46b518f88f8c40dc882df.exe",
                        "UtcTime":  "2025-09-03 15:38:54.781",
                        "ProcessGuid":  "{f1988ae2-610e-68b8-7600-000000001e00}",
                        "Company":  "Microsoft Corporation",
                        "ImageLoaded":  "C:\\Windows\\SysWOW64\\mscoree.dll",
                        "FileVersion":  "10.0.19041.1 (WinBuild.160101.0800)",
                        "User":  "DESKTOP-KVSEOF0\\Stage.Ali",
                        "RuleName":  "-",
                        "Product":  "Microsoft® Windows® Operating System",
                        "ProcessId":  "4436",
                        "OriginalFileName":  "mscoree.dll",
                        "Signed":  "true"
                    }
    },
    {
        "EventId":  11,
        "TimeCreated":  "\/Date(1756913934786)\/",
        "ProcessGuid":  "{f1988ae2-60fb-68b8-7300-000000001e00}",
        "ProcessId":  "2872",
        "ParentProcessGuid":  null,
        "Image":  "C:\\Users\\Stage.Ali\\Desktop\\Malware\\09197780e4de9aa1abaa44d580b3102138c6d3a03ab46b518f88f8c40dc882df.exe",
        "CommandLine":  null,
        "User":  "DESKTOP-KVSEOF0\\Stage.Ali",
        "TargetFilename":  "C:\\Users\\Stage.Ali\\AppData\\Local\\Microsoft\\CLR_v4.0_32",
        "DestinationIp":  null,
        "DestinationPort":  null,
        "SourceIp":  null,
        "SourcePort":  null,
        "Protocol":  null,
        "QueryName":  null,
        "Details":  {
                        "Image":  "C:\\Users\\Stage.Ali\\Desktop\\Malware\\09197780e4de9aa1abaa44d580b3102138c6d3a03ab46b518f88f8c40dc882df.exe",
                        "ProcessGuid":  "{f1988ae2-60fb-68b8-7300-000000001e00}",
                        "TargetFilename":  "C:\\Users\\Stage.Ali\\AppData\\Local\\Microsoft\\CLR_v4.0_32",
                        "ProcessId":  "2872",
                        "UtcTime":  "2025-09-03 15:38:54.781",
                        "RuleName":  "-",
                        "CreationUtcTime":  "2025-09-03 15:38:54.781",
                        "User":  "DESKTOP-KVSEOF0\\Stage.Ali"
                    }
    },
    {
        "EventId":  7,
        "TimeCreated":  "\/Date(1756913934786)\/",
        "ProcessGuid":  "{f1988ae2-610e-68b8-7600-000000001e00}",
        "ProcessId":  "4436",
        "ParentProcessGuid":  null,
        "Image":  "C:\\Users\\Stage.Ali\\Desktop\\Malware\\09197780e4de9aa1abaa44d580b3102138c6d3a03ab46b518f88f8c40dc882df.exe",
        "CommandLine":  null,
        "User":  "DESKTOP-KVSEOF0\\Stage.Ali",
        "TargetFilename":  null,
        "DestinationIp":  null,
        "DestinationPort":  null,
        "SourceIp":  null,
        "SourcePort":  null,
        "Protocol":  null,
        "QueryName":  null,
        "Details":  {
                        "Description":  "AMD64 Wow64 CPU ",
                        "SignatureStatus":  "Valid",
                        "Signature":  "Microsoft Windows",
                        "Hashes":  "MD5=5184B7FD218777571ABCB3E0319F48C6,SHA256=730AC79CC90B35EA9153EAE399313F10FC55B6DEBED7E93D429FBC9D7DE5EF19",
                        "Image":  "C:\\Users\\Stage.Ali\\Desktop\\Malware\\09197780e4de9aa1abaa44d580b3102138c6d3a03ab46b518f88f8c40dc882df.exe",
                        "UtcTime":  "2025-09-03 15:38:54.781",
                        "ProcessGuid":  "{f1988ae2-610e-68b8-7600-000000001e00}",
                        "Company":  "Microsoft Corporation",
                        "ImageLoaded":  "C:\\Windows\\System32\\wow64cpu.dll",
                        "FileVersion":  "10.0.19041.662 (WinBuild.160101.0800)",
                        "User":  "DESKTOP-KVSEOF0\\Stage.Ali",
                        "RuleName":  "-",
                        "Product":  "Microsoft® Windows® Operating System",
                        "ProcessId":  "4436",
                        "OriginalFileName":  "wow64cpu.dll",
                        "Signed":  "true"
                    }
    },
    {
        "EventId":  7,
        "TimeCreated":  "\/Date(1756913934786)\/",
        "ProcessGuid":  "{f1988ae2-610e-68b8-7600-000000001e00}",
        "ProcessId":  "4436",
        "ParentProcessGuid":  null,
        "Image":  "C:\\Users\\Stage.Ali\\Desktop\\Malware\\09197780e4de9aa1abaa44d580b3102138c6d3a03ab46b518f88f8c40dc882df.exe",
        "CommandLine":  null,
        "User":  "DESKTOP-KVSEOF0\\Stage.Ali",
        "TargetFilename":  null,
        "DestinationIp":  null,
        "DestinationPort":  null,
        "SourceIp":  null,
        "SourcePort":  null,
        "Protocol":  null,
        "QueryName":  null,
        "Details":  {
                        "Description":  "Wow64 Console and Win32 API Logging",
                        "SignatureStatus":  "Valid",
                        "Signature":  "Microsoft Windows",
                        "Hashes":  "MD5=76484565D718864AD45D07B02DD2C880,SHA256=7D4A077775AADDC597159E5D727BFDD0B65CE880716B3E0029CAAC7A8C9E4154",
                        "Image":  "C:\\Users\\Stage.Ali\\Desktop\\Malware\\09197780e4de9aa1abaa44d580b3102138c6d3a03ab46b518f88f8c40dc882df.exe",
                        "UtcTime":  "2025-09-03 15:38:54.781",
                        "ProcessGuid":  "{f1988ae2-610e-68b8-7600-000000001e00}",
                        "Company":  "Microsoft Corporation",
                        "ImageLoaded":  "C:\\Windows\\System32\\wow64win.dll",
                        "FileVersion":  "10.0.19041.844 (WinBuild.160101.0800)",
                        "User":  "DESKTOP-KVSEOF0\\Stage.Ali",
                        "RuleName":  "-",
                        "Product":  "Microsoft® Windows® Operating System",
                        "ProcessId":  "4436",
                        "OriginalFileName":  "wow64lg2.dll",
                        "Signed":  "true"
                    }
    },
    {
        "EventId":  7,
        "TimeCreated":  "\/Date(1756913934784)\/",
        "ProcessGuid":  "{f1988ae2-610e-68b8-7600-000000001e00}",
        "ProcessId":  "4436",
        "ParentProcessGuid":  null,
        "Image":  "C:\\Users\\Stage.Ali\\Desktop\\Malware\\09197780e4de9aa1abaa44d580b3102138c6d3a03ab46b518f88f8c40dc882df.exe",
        "CommandLine":  null,
        "User":  "DESKTOP-KVSEOF0\\Stage.Ali",
        "TargetFilename":  null,
        "DestinationIp":  null,
        "DestinationPort":  null,
        "SourceIp":  null,
        "SourcePort":  null,
        "Protocol":  null,
        "QueryName":  null,
        "Details":  {
                        "Description":  "Win32 Emulation on NT64",
                        "SignatureStatus":  "Valid",
                        "Signature":  "Microsoft Windows",
                        "Hashes":  "MD5=C20A26CB64B2CCC677E738893A0F1F64,SHA256=C7D6BF0F1AA458AFA7A88BCA003170821832DEECFF729AAD5F622BBFABBC1FA9",
                        "Image":  "C:\\Users\\Stage.Ali\\Desktop\\Malware\\09197780e4de9aa1abaa44d580b3102138c6d3a03ab46b518f88f8c40dc882df.exe",
                        "UtcTime":  "2025-09-03 15:38:54.773",
                        "ProcessGuid":  "{f1988ae2-610e-68b8-7600-000000001e00}",
                        "Company":  "Microsoft Corporation",
                        "ImageLoaded":  "C:\\Windows\\System32\\wow64.dll",
                        "FileVersion":  "10.0.19041.964 (WinBuild.160101.0800)",
                        "User":  "DESKTOP-KVSEOF0\\Stage.Ali",
                        "RuleName":  "-",
                        "Product":  "Microsoft® Windows® Operating System",
                        "ProcessId":  "4436",
                        "OriginalFileName":  "wow64.dll",
                        "Signed":  "true"
                    }
    },
    {
        "EventId":  7,
        "TimeCreated":  "\/Date(1756913934783)\/",
        "ProcessGuid":  "{f1988ae2-610e-68b8-7600-000000001e00}",
        "ProcessId":  "4436",
        "ParentProcessGuid":  null,
        "Image":  "C:\\Users\\Stage.Ali\\Desktop\\Malware\\09197780e4de9aa1abaa44d580b3102138c6d3a03ab46b518f88f8c40dc882df.exe",
        "CommandLine":  null,
        "User":  "DESKTOP-KVSEOF0\\Stage.Ali",
        "TargetFilename":  null,
        "DestinationIp":  null,
        "DestinationPort":  null,
        "SourceIp":  null,
        "SourcePort":  null,
        "Protocol":  null,
        "QueryName":  null,
        "Details":  {
                        "Description":  "NT Layer DLL",
                        "SignatureStatus":  "Valid",
                        "Signature":  "Microsoft Windows",
                        "Hashes":  "MD5=5564A98A4692BA8B2D25770FB834D5F6,SHA256=28AB9A0F5F50FD5398324B5EC099F5C53C6FAA701C3F6D8B0B3DA47A76C56230",
                        "Image":  "C:\\Users\\Stage.Ali\\Desktop\\Malware\\09197780e4de9aa1abaa44d580b3102138c6d3a03ab46b518f88f8c40dc882df.exe",
                        "UtcTime":  "2025-09-03 15:38:54.773",
                        "ProcessGuid":  "{f1988ae2-610e-68b8-7600-000000001e00}",
                        "Company":  "Microsoft Corporation",
                        "ImageLoaded":  "C:\\Windows\\SysWOW64\\ntdll.dll",
                        "FileVersion":  "10.0.19041.1949 (WinBuild.160101.0800)",
                        "User":  "DESKTOP-KVSEOF0\\Stage.Ali",
                        "RuleName":  "-",
                        "Product":  "Microsoft® Windows® Operating System",
                        "ProcessId":  "4436",
                        "OriginalFileName":  "ntdll.dll",
                        "Signed":  "true"
                    }
    },
