    {
        "EventId":  12,
        "TimeCreated":  "\/Date(1756913918290)\/",
        "ProcessGuid":  "{f1988ae2-60fb-68b8-7300-000000001e00}",
        "ProcessId":  "2872",
        "ParentProcessGuid":  null,
        "Image":  "C:\\Users\\Stage.Ali\\Desktop\\Malware\\09197780e4de9aa1abaa44d580b3102138c6d3a03ab46b518f88f8c40dc882df.exe",
        "CommandLine":  null,
        "User":  "DESKTOP-KVSEOF0\\Stage.Ali",
        "TargetFilename":  null,
        "DestinationIp":  null,
        "DestinationPort":  null,
        "SourceIp":  null,
        "SourcePort":  null,
        "Protocol":  null,
        "QueryName":  null,
        "Details":  {
                        "Image":  "C:\\Users\\Stage.Ali\\Desktop\\Malware\\09197780e4de9aa1abaa44d580b3102138c6d3a03ab46b518f88f8c40dc882df.exe",
                        "ProcessGuid":  "{f1988ae2-60fb-68b8-7300-000000001e00}",
                        "TargetObject":  "HKCR",
                        "ProcessId":  "2872",
                        "UtcTime":  "2025-09-03 15:38:38.259",
                        "RuleName":  "-",
                        "EventType":  "CreateKey",
                        "User":  "DESKTOP-KVSEOF0\\Stage.Ali"
                    }
    },
    {
        "EventId":  7,
        "TimeCreated":  "\/Date(1756913918290)\/",
        "ProcessGuid":  "{f1988ae2-60fb-68b8-7300-000000001e00}",
        "ProcessId":  "2872",
        "ParentProcessGuid":  null,
        "Image":  "C:\\Users\\Stage.Ali\\Desktop\\Malware\\09197780e4de9aa1abaa44d580b3102138c6d3a03ab46b518f88f8c40dc882df.exe",
        "CommandLine":  null,
        "User":  "DESKTOP-KVSEOF0\\Stage.Ali",
        "TargetFilename":  null,
        "DestinationIp":  null,
        "DestinationPort":  null,
        "SourceIp":  null,
        "SourcePort":  null,
        "Protocol":  null,
        "QueryName":  null,
        "Details":  {
                        "Description":  "Microsoft Windows Codecs Library",
                        "SignatureStatus":  "Valid",
                        "Signature":  "Microsoft Windows",
                        "Hashes":  "MD5=763E01B81AA83CF7EE34F25E3F3DF4B3,SHA256=75FB0ADC5C87F2AD56E239BB1C5871825F6C6BEC32A99CBF6F277D7E10D90B05",
                        "Image":  "C:\\Users\\Stage.Ali\\Desktop\\Malware\\09197780e4de9aa1abaa44d580b3102138c6d3a03ab46b518f88f8c40dc882df.exe",
                        "UtcTime":  "2025-09-03 15:38:38.259",
                        "ProcessGuid":  "{f1988ae2-60fb-68b8-7300-000000001e00}",
                        "Company":  "Microsoft Corporation",
                        "ImageLoaded":  "C:\\Windows\\SysWOW64\\WindowsCodecs.dll",
                        "FileVersion":  "10.0.19041.1706 (WinBuild.160101.0800)",
                        "User":  "DESKTOP-KVSEOF0\\Stage.Ali",
                        "RuleName":  "-",
                        "Product":  "Microsoft® Windows® Operating System",
                        "ProcessId":  "2872",
                        "OriginalFileName":  "WindowsCodecs",
                        "Signed":  "true"
                    }
    },
    {
        "EventId":  7,
        "TimeCreated":  "\/Date(1756913918235)\/",
        "ProcessGuid":  "{f1988ae2-60fb-68b8-7300-000000001e00}",
        "ProcessId":  "2872",
        "ParentProcessGuid":  null,
        "Image":  "C:\\Users\\Stage.Ali\\Desktop\\Malware\\09197780e4de9aa1abaa44d580b3102138c6d3a03ab46b518f88f8c40dc882df.exe",
        "CommandLine":  null,
        "User":  "DESKTOP-KVSEOF0\\Stage.Ali",
        "TargetFilename":  null,
        "DestinationIp":  null,
        "DestinationPort":  null,
        "SourceIp":  null,
        "SourcePort":  null,
        "Protocol":  null,
        "QueryName":  null,
        "Details":  {
                        "Description":  "-",
                        "SignatureStatus":  "Valid",
                        "Signature":  "Microsoft Windows",
                        "Hashes":  "MD5=4C58C812BB19C065CB0ED7FC8FBBAC12,SHA256=6F69A3E12B09081EE1122CF44A272C6FE2C62CEEC1B35952742F0918CF078634",
                        "Image":  "C:\\Users\\Stage.Ali\\Desktop\\Malware\\09197780e4de9aa1abaa44d580b3102138c6d3a03ab46b518f88f8c40dc882df.exe",
                        "UtcTime":  "2025-09-03 15:38:38.228",
                        "ProcessGuid":  "{f1988ae2-60fb-68b8-7300-000000001e00}",
                        "Company":  "-",
                        "ImageLoaded":  "C:\\Windows\\SysWOW64\\TextShaping.dll",
                        "FileVersion":  "-",
                        "User":  "DESKTOP-KVSEOF0\\Stage.Ali",
                        "RuleName":  "-",
                        "Product":  "-",
                        "ProcessId":  "2872",
                        "OriginalFileName":  "-",
                        "Signed":  "true"
                    }
    },
    {
        "EventId":  7,
        "TimeCreated":  "\/Date(1756913917845)\/",
        "ProcessGuid":  "{f1988ae2-60fb-68b8-7300-000000001e00}",
        "ProcessId":  "2872",
        "ParentProcessGuid":  null,
        "Image":  "C:\\Users\\Stage.Ali\\Desktop\\Malware\\09197780e4de9aa1abaa44d580b3102138c6d3a03ab46b518f88f8c40dc882df.exe",
        "CommandLine":  null,
        "User":  "DESKTOP-KVSEOF0\\Stage.Ali",
        "TargetFilename":  null,
        "DestinationIp":  null,
        "DestinationPort":  null,
        "SourceIp":  null,
        "SourcePort":  null,
        "Protocol":  null,
        "QueryName":  null,
        "Details":  {
                        "Description":  "Microsoft DirectX Typography Services",
                        "SignatureStatus":  "Valid",
                        "Signature":  "Microsoft Windows",
                        "Hashes":  "MD5=44B76E057AD71E56071CADDB95FE2DA4,SHA256=4490846DC009473935C2A5395FB875C49B716B6304EBA4F39BABF1D7D5D12EE6",
                        "Image":  "C:\\Users\\Stage.Ali\\Desktop\\Malware\\09197780e4de9aa1abaa44d580b3102138c6d3a03ab46b518f88f8c40dc882df.exe",
                        "UtcTime":  "2025-09-03 15:38:37.791",
                        "ProcessGuid":  "{f1988ae2-60fb-68b8-7300-000000001e00}",
                        "Company":  "Microsoft Corporation",
                        "ImageLoaded":  "C:\\Windows\\SysWOW64\\DWrite.dll",
                        "FileVersion":  "10.0.19041.1566 (WinBuild.160101.0800)",
                        "User":  "DESKTOP-KVSEOF0\\Stage.Ali",
                        "RuleName":  "-",
                        "Product":  "Microsoft® Windows® Operating System",
                        "ProcessId":  "2872",
                        "OriginalFileName":  "DWrite",
                        "Signed":  "true"
                    }
    },
    {
        "EventId":  7,
        "TimeCreated":  "\/Date(1756913917821)\/",
        "ProcessGuid":  "{f1988ae2-60fb-68b8-7300-000000001e00}",
        "ProcessId":  "2872",
        "ParentProcessGuid":  null,
        "Image":  "C:\\Users\\Stage.Ali\\Desktop\\Malware\\09197780e4de9aa1abaa44d580b3102138c6d3a03ab46b518f88f8c40dc882df.exe",
        "CommandLine":  null,
        "User":  "DESKTOP-KVSEOF0\\Stage.Ali",
        "TargetFilename":  null,
        "DestinationIp":  null,
        "DestinationPort":  null,
        "SourceIp":  null,
        "SourcePort":  null,
        "Protocol":  null,
        "QueryName":  null,
        "Details":  {
                        "Description":  "Microsoft GDI+",
                        "SignatureStatus":  "Valid",
                        "Signature":  "Microsoft Windows",
                        "Hashes":  "MD5=605F5F1BFA20DDAE08669E875758B1BA,SHA256=F1BE8DA9C9AA7C81F83DC6030A4D1E8B755DF2DB90C1B1D0A48B63339FF88637",
                        "Image":  "C:\\Users\\Stage.Ali\\Desktop\\Malware\\09197780e4de9aa1abaa44d580b3102138c6d3a03ab46b518f88f8c40dc882df.exe",
                        "UtcTime":  "2025-09-03 15:38:37.759",
                        "ProcessGuid":  "{f1988ae2-60fb-68b8-7300-000000001e00}",
                        "Company":  "Microsoft Corporation",
                        "ImageLoaded":  "C:\\Windows\\WinSxS\\x86_microsoft.windows.gdiplus_6595b64144ccf1df_1.1.19041.2006_none_d94bc80de1097097\\GdiPlus.dll",
                        "FileVersion":  "10.0.19041.2006 (WinBuild.160101.0800)",
                        "User":  "DESKTOP-KVSEOF0\\Stage.Ali",
                        "RuleName":  "-",
                        "Product":  "Microsoft® Windows® Operating System",
                        "ProcessId":  "2872",
                        "OriginalFileName":  "gdiplus",
                        "Signed":  "true"
                    }
    },
    {
        "EventId":  7,
        "TimeCreated":  "\/Date(1756913917731)\/",
        "ProcessGuid":  "{f1988ae2-60fb-68b8-7300-000000001e00}",
        "ProcessId":  "2872",
        "ParentProcessGuid":  null,
        "Image":  "C:\\Users\\Stage.Ali\\Desktop\\Malware\\09197780e4de9aa1abaa44d580b3102138c6d3a03ab46b518f88f8c40dc882df.exe",
        "CommandLine":  null,
        "User":  "DESKTOP-KVSEOF0\\Stage.Ali",
        "TargetFilename":  null,
        "DestinationIp":  null,
        "DestinationPort":  null,
        "SourceIp":  null,
        "SourcePort":  null,
        "Protocol":  null,
        "QueryName":  null,
        "Details":  {
                        "Description":  "Visual Basic Runtime Library",
                        "SignatureStatus":  "Valid",
                        "Signature":  "Microsoft Corporation",
                        "Hashes":  "MD5=F14DD2091154CDB52E3D5923D645C1BF,SHA256=331D92C3B63CFD12729869ECF4C2C05C09CF5D9A73842BE74E73CCFB3030AF91",
                        "Image":  "C:\\Users\\Stage.Ali\\Desktop\\Malware\\09197780e4de9aa1abaa44d580b3102138c6d3a03ab46b518f88f8c40dc882df.exe",
                        "UtcTime":  "2025-09-03 15:38:37.712",
                        "ProcessGuid":  "{f1988ae2-60fb-68b8-7300-000000001e00}",
                        "Company":  "Microsoft Corporation",
                        "ImageLoaded":  "C:\\Windows\\Microsoft.NET\\assembly\\GAC_MSIL\\Microsoft.VisualBasic\\v4.0_10.0.0.0__b03f5f7f11d50a3a\\Microsoft.VisualBasic.dll",
                        "FileVersion":  "14.8.4084.0 built by: NET48REL1",
                        "User":  "DESKTOP-KVSEOF0\\Stage.Ali",
                        "RuleName":  "-",
                        "Product":  "Microsoft® .NET Framework",
                        "ProcessId":  "2872",
                        "OriginalFileName":  "Microsoft.VisualBasic.DLL",
                        "Signed":  "true"
                    }
    },
    {
        "EventId":  7,
        "TimeCreated":  "\/Date(1756913917731)\/",
        "ProcessGuid":  "{f1988ae2-60fb-68b8-7300-000000001e00}",
        "ProcessId":  "2872",
        "ParentProcessGuid":  null,
        "Image":  "C:\\Users\\Stage.Ali\\Desktop\\Malware\\09197780e4de9aa1abaa44d580b3102138c6d3a03ab46b518f88f8c40dc882df.exe",
        "CommandLine":  null,
        "User":  "DESKTOP-KVSEOF0\\Stage.Ali",
        "TargetFilename":  null,
        "DestinationIp":  null,
        "DestinationPort":  null,
        "SourceIp":  null,
        "SourcePort":  null,
        "Protocol":  null,
        "QueryName":  null,
        "Details":  {
                        "Description":  "Visual Basic Runtime Library",
                        "SignatureStatus":  "Valid",
                        "Signature":  "Microsoft Corporation",
                        "Hashes":  "MD5=F14DD2091154CDB52E3D5923D645C1BF,SHA256=331D92C3B63CFD12729869ECF4C2C05C09CF5D9A73842BE74E73CCFB3030AF91",
                        "Image":  "C:\\Users\\Stage.Ali\\Desktop\\Malware\\09197780e4de9aa1abaa44d580b3102138c6d3a03ab46b518f88f8c40dc882df.exe",
                        "UtcTime":  "2025-09-03 15:38:37.712",
                        "ProcessGuid":  "{f1988ae2-60fb-68b8-7300-000000001e00}",
                        "Company":  "Microsoft Corporation",
                        "ImageLoaded":  "C:\\Windows\\Microsoft.NET\\assembly\\GAC_MSIL\\Microsoft.VisualBasic\\v4.0_10.0.0.0__b03f5f7f11d50a3a\\Microsoft.VisualBasic.dll",
                        "FileVersion":  "14.8.4084.0 built by: NET48REL1",
                        "User":  "DESKTOP-KVSEOF0\\Stage.Ali",
                        "RuleName":  "-",
                        "Product":  "Microsoft® .NET Framework",
                        "ProcessId":  "2872",
                        "OriginalFileName":  "Microsoft.VisualBasic.DLL",
                        "Signed":  "true"
                    }
    },
    {
        "EventId":  7,
        "TimeCreated":  "\/Date(1756913917699)\/",
        "ProcessGuid":  "{f1988ae2-60fb-68b8-7300-000000001e00}",
        "ProcessId":  "2872",
        "ParentProcessGuid":  null,
        "Image":  "C:\\Users\\Stage.Ali\\Desktop\\Malware\\09197780e4de9aa1abaa44d580b3102138c6d3a03ab46b518f88f8c40dc882df.exe",
        "CommandLine":  null,
        "User":  "DESKTOP-KVSEOF0\\Stage.Ali",
        "TargetFilename":  null,
        "DestinationIp":  null,
        "DestinationPort":  null,
        "SourceIp":  null,
        "SourcePort":  null,
        "Protocol":  null,
        "QueryName":  null,
        "Details":  {
                        "Description":  ".NET Framework",
                        "SignatureStatus":  "Valid",
                        "Signature":  "Microsoft Corporation",
                        "Hashes":  "MD5=8ED04CEFB29261ABC3210B537B1DCCFB,SHA256=9BDBCFDA66EAE9B4DF07ACC67E3E2370C4749288262224A002ECE6610C2D7E79",
                        "Image":  "C:\\Users\\Stage.Ali\\Desktop\\Malware\\09197780e4de9aa1abaa44d580b3102138c6d3a03ab46b518f88f8c40dc882df.exe",
                        "UtcTime":  "2025-09-03 15:38:37.681",
                        "ProcessGuid":  "{f1988ae2-60fb-68b8-7300-000000001e00}",
                        "Company":  "Microsoft Corporation",
                        "ImageLoaded":  "C:\\Windows\\Microsoft.NET\\assembly\\GAC_MSIL\\Accessibility\\v4.0_4.0.0.0__b03f5f7f11d50a3a\\Accessibility.dll",
                        "FileVersion":  "4.8.4084.0 built by: NET48REL1",
                        "User":  "DESKTOP-KVSEOF0\\Stage.Ali",
                        "RuleName":  "-",
                        "Product":  "Microsoft® .NET Framework",
                        "ProcessId":  "2872",
                        "OriginalFileName":  "UNKNOWN_FILE",
                        "Signed":  "true"
                    }
    },
    {
        "EventId":  7,
        "TimeCreated":  "\/Date(1756913917699)\/",
        "ProcessGuid":  "{f1988ae2-60fb-68b8-7300-000000001e00}",
        "ProcessId":  "2872",
        "ParentProcessGuid":  null,
        "Image":  "C:\\Users\\Stage.Ali\\Desktop\\Malware\\09197780e4de9aa1abaa44d580b3102138c6d3a03ab46b518f88f8c40dc882df.exe",
        "CommandLine":  null,
        "User":  "DESKTOP-KVSEOF0\\Stage.Ali",
        "TargetFilename":  null,
        "DestinationIp":  null,
        "DestinationPort":  null,
        "SourceIp":  null,
        "SourcePort":  null,
        "Protocol":  null,
        "QueryName":  null,
        "Details":  {
                        "Description":  ".NET Framework",
                        "SignatureStatus":  "Valid",
                        "Signature":  "Microsoft Corporation",
                        "Hashes":  "MD5=8ED04CEFB29261ABC3210B537B1DCCFB,SHA256=9BDBCFDA66EAE9B4DF07ACC67E3E2370C4749288262224A002ECE6610C2D7E79",
                        "Image":  "C:\\Users\\Stage.Ali\\Desktop\\Malware\\09197780e4de9aa1abaa44d580b3102138c6d3a03ab46b518f88f8c40dc882df.exe",
                        "UtcTime":  "2025-09-03 15:38:37.681",
                        "ProcessGuid":  "{f1988ae2-60fb-68b8-7300-000000001e00}",
                        "Company":  "Microsoft Corporation",
                        "ImageLoaded":  "C:\\Windows\\Microsoft.NET\\assembly\\GAC_MSIL\\Accessibility\\v4.0_4.0.0.0__b03f5f7f11d50a3a\\Accessibility.dll",
                        "FileVersion":  "4.8.4084.0 built by: NET48REL1",
                        "User":  "DESKTOP-KVSEOF0\\Stage.Ali",
                        "RuleName":  "-",
                        "Product":  "Microsoft® .NET Framework",
                        "ProcessId":  "2872",
                        "OriginalFileName":  "UNKNOWN_FILE",
                        "Signed":  "true"
                    }
    },
    {
        "EventId":  7,
        "TimeCreated":  "\/Date(1756913917671)\/",
        "ProcessGuid":  "{f1988ae2-60fb-68b8-7300-000000001e00}",
        "ProcessId":  "2872",
        "ParentProcessGuid":  null,
        "Image":  "C:\\Users\\Stage.Ali\\Desktop\\Malware\\09197780e4de9aa1abaa44d580b3102138c6d3a03ab46b518f88f8c40dc882df.exe",
        "CommandLine":  null,
        "User":  "DESKTOP-KVSEOF0\\Stage.Ali",
        "TargetFilename":  null,
        "DestinationIp":  null,
        "DestinationPort":  null,
        "SourceIp":  null,
        "SourcePort":  null,
        "Protocol":  null,
        "QueryName":  null,
        "Details":  {
                        "Description":  "Common Controls Library",
                        "SignatureStatus":  "Valid",
                        "Signature":  "Microsoft Windows",
                        "Hashes":  "MD5=0B594D32C2425A1E8DA1AB8323888DF0,SHA256=A8E85A572DDE1DEB73E3D4ABDAA735E3BCEADFEB94C5ABE30445AD8461FA5870",
                        "Image":  "C:\\Users\\Stage.Ali\\Desktop\\Malware\\09197780e4de9aa1abaa44d580b3102138c6d3a03ab46b518f88f8c40dc882df.exe",
                        "UtcTime":  "2025-09-03 15:38:37.643",
                        "ProcessGuid":  "{f1988ae2-60fb-68b8-7300-000000001e00}",
                        "Company":  "Microsoft Corporation",
                        "ImageLoaded":  "C:\\Windows\\WinSxS\\x86_microsoft.windows.common-controls_6595b64144ccf1df_5.82.19041.1110_none_c0da534e38c01f4d\\comctl32.dll",
                        "FileVersion":  "5.82 (WinBuild.160101.0800)",
                        "User":  "DESKTOP-KVSEOF0\\Stage.Ali",
                        "RuleName":  "-",
                        "Product":  "Microsoft® Windows® Operating System",
                        "ProcessId":  "2872",
                        "OriginalFileName":  "COMCTL32.DLL",
                        "Signed":  "true"
                    }
    },
    {
        "EventId":  7,
        "TimeCreated":  "\/Date(1756913917667)\/",
        "ProcessGuid":  "{f1988ae2-60fb-68b8-7300-000000001e00}",
        "ProcessId":  "2872",
        "ParentProcessGuid":  null,
        "Image":  "C:\\Users\\Stage.Ali\\Desktop\\Malware\\09197780e4de9aa1abaa44d580b3102138c6d3a03ab46b518f88f8c40dc882df.exe",
        "CommandLine":  null,
        "User":  "DESKTOP-KVSEOF0\\Stage.Ali",
        "TargetFilename":  null,
        "DestinationIp":  null,
        "DestinationPort":  null,
        "SourceIp":  null,
        "SourcePort":  null,
        "Protocol":  null,
        "QueryName":  null,
        "Details":  {
                        "Description":  "Base cryptographic API DLL",
                        "SignatureStatus":  "Valid",
                        "Signature":  "Microsoft Windows",
                        "Hashes":  "MD5=9E1D8E1E7E3BFDF4779366BF1460D004,SHA256=6464346BC05B9A43FCE7B3E8BFD5DC5213275E639A1D2D078108D8D64FF7B746",
                        "Image":  "C:\\Users\\Stage.Ali\\Desktop\\Malware\\09197780e4de9aa1abaa44d580b3102138c6d3a03ab46b518f88f8c40dc882df.exe",
                        "UtcTime":  "2025-09-03 15:38:37.621",
                        "ProcessGuid":  "{f1988ae2-60fb-68b8-7300-000000001e00}",
                        "Company":  "Microsoft Corporation",
                        "ImageLoaded":  "C:\\Windows\\SysWOW64\\cryptbase.dll",
                        "FileVersion":  "10.0.19041.546 (WinBuild.160101.0800)",
                        "User":  "DESKTOP-KVSEOF0\\Stage.Ali",
                        "RuleName":  "-",
                        "Product":  "Microsoft® Windows® Operating System",
                        "ProcessId":  "2872",
                        "OriginalFileName":  "cryptbase.dll",
                        "Signed":  "true"
                    }
    },
    {
        "EventId":  7,
        "TimeCreated":  "\/Date(1756913917664)\/",
        "ProcessGuid":  "{f1988ae2-60fb-68b8-7300-000000001e00}",
        "ProcessId":  "2872",
        "ParentProcessGuid":  null,
        "Image":  "C:\\Users\\Stage.Ali\\Desktop\\Malware\\09197780e4de9aa1abaa44d580b3102138c6d3a03ab46b518f88f8c40dc882df.exe",
        "CommandLine":  null,
        "User":  "DESKTOP-KVSEOF0\\Stage.Ali",
        "TargetFilename":  null,
        "DestinationIp":  null,
        "DestinationPort":  null,
        "SourceIp":  null,
        "SourcePort":  null,
        "Protocol":  null,
        "QueryName":  null,
        "Details":  {
                        "Description":  "Microsoft Enhanced Cryptographic Provider",
                        "SignatureStatus":  "Valid",
                        "Signature":  "Microsoft Windows",
                        "Hashes":  "MD5=78BE124BE88BC7CE603DAC531BFAF4C1,SHA256=66D0C8619A0F8DC10B375B0546CA4B4E7726185A3D0EF656EDA9FB0F7C81E4BE",
                        "Image":  "C:\\Users\\Stage.Ali\\Desktop\\Malware\\09197780e4de9aa1abaa44d580b3102138c6d3a03ab46b518f88f8c40dc882df.exe",
                        "UtcTime":  "2025-09-03 15:38:37.621",
                        "ProcessGuid":  "{f1988ae2-60fb-68b8-7300-000000001e00}",
                        "Company":  "Microsoft Corporation",
                        "ImageLoaded":  "C:\\Windows\\SysWOW64\\rsaenh.dll",
                        "FileVersion":  "10.0.19041.1052 (WinBuild.160101.0800)",
                        "User":  "DESKTOP-KVSEOF0\\Stage.Ali",
                        "RuleName":  "-",
                        "Product":  "Microsoft® Windows® Operating System",
                        "ProcessId":  "2872",
                        "OriginalFileName":  "rsaenh.dll",
                        "Signed":  "true"
                    }
    },
    {
        "EventId":  7,
        "TimeCreated":  "\/Date(1756913917659)\/",
        "ProcessGuid":  "{f1988ae2-60fb-68b8-7300-000000001e00}",
        "ProcessId":  "2872",
        "ParentProcessGuid":  null,
        "Image":  "C:\\Users\\Stage.Ali\\Desktop\\Malware\\09197780e4de9aa1abaa44d580b3102138c6d3a03ab46b518f88f8c40dc882df.exe",
        "CommandLine":  null,
        "User":  "DESKTOP-KVSEOF0\\Stage.Ali",
        "TargetFilename":  null,
        "DestinationIp":  null,
        "DestinationPort":  null,
        "SourceIp":  null,
        "SourcePort":  null,
        "Protocol":  null,
        "QueryName":  null,
        "Details":  {
                        "Description":  "Cryptographic Service Provider API",
                        "SignatureStatus":  "Valid",
                        "Signature":  "Microsoft Windows",
                        "Hashes":  "MD5=72B414320CAC426949ACC3E721ECFE81,SHA256=BB80A6FB355CF176C3253F3662DC7D0B2FBC3B4F842A53109A777973194B5CDB",
                        "Image":  "C:\\Users\\Stage.Ali\\Desktop\\Malware\\09197780e4de9aa1abaa44d580b3102138c6d3a03ab46b518f88f8c40dc882df.exe",
                        "UtcTime":  "2025-09-03 15:38:37.610",
                        "ProcessGuid":  "{f1988ae2-60fb-68b8-7300-000000001e00}",
                        "Company":  "Microsoft Corporation",
                        "ImageLoaded":  "C:\\Windows\\SysWOW64\\cryptsp.dll",
                        "FileVersion":  "10.0.19041.546 (WinBuild.160101.0800)",
                        "User":  "DESKTOP-KVSEOF0\\Stage.Ali",
                        "RuleName":  "-",
                        "Product":  "Microsoft® Windows® Operating System",
                        "ProcessId":  "2872",
                        "OriginalFileName":  "cryptsp.dll",
                        "Signed":  "true"
                    }
    },
    {
        "EventId":  7,
        "TimeCreated":  "\/Date(1756913917656)\/",
        "ProcessGuid":  "{f1988ae2-60fb-68b8-7300-000000001e00}",
        "ProcessId":  "2872",
        "ParentProcessGuid":  null,
        "Image":  "C:\\Users\\Stage.Ali\\Desktop\\Malware\\09197780e4de9aa1abaa44d580b3102138c6d3a03ab46b518f88f8c40dc882df.exe",
        "CommandLine":  null,
        "User":  "DESKTOP-KVSEOF0\\Stage.Ali",
        "TargetFilename":  null,
        "DestinationIp":  null,
        "DestinationPort":  null,
        "SourceIp":  null,
        "SourcePort":  null,
        "Protocol":  null,
        "QueryName":  null,
        "Details":  {
                        "Description":  "Windows Cryptographic Primitives Library (Wow64)",
                        "SignatureStatus":  "Valid",
                        "Signature":  "Microsoft Windows",
                        "Hashes":  "MD5=704E865CF8CD2D0234B784B4D1260633,SHA256=F92D89DA938D029971562F507E5D04D5A8C72C2FFE24226FD01405495110A944",
                        "Image":  "C:\\Users\\Stage.Ali\\Desktop\\Malware\\09197780e4de9aa1abaa44d580b3102138c6d3a03ab46b518f88f8c40dc882df.exe",
                        "UtcTime":  "2025-09-03 15:38:37.610",
                        "ProcessGuid":  "{f1988ae2-60fb-68b8-7300-000000001e00}",
                        "Company":  "Microsoft Corporation",
                        "ImageLoaded":  "C:\\Windows\\SysWOW64\\bcrypt.dll",
                        "FileVersion":  "10.0.19041.1023 (WinBuild.160101.0800)",
                        "User":  "DESKTOP-KVSEOF0\\Stage.Ali",
                        "RuleName":  "-",
                        "Product":  "Microsoft® Windows® Operating System",
                        "ProcessId":  "2872",
                        "OriginalFileName":  "bcrypt.dll",
                        "Signed":  "true"
                    }
    },
    {
        "EventId":  7,
        "TimeCreated":  "\/Date(1756913917652)\/",
        "ProcessGuid":  "{f1988ae2-60fb-68b8-7300-000000001e00}",
        "ProcessId":  "2872",
        "ParentProcessGuid":  null,
        "Image":  "C:\\Users\\Stage.Ali\\Desktop\\Malware\\09197780e4de9aa1abaa44d580b3102138c6d3a03ab46b518f88f8c40dc882df.exe",
        "CommandLine":  null,
        "User":  "DESKTOP-KVSEOF0\\Stage.Ali",
        "TargetFilename":  null,
        "DestinationIp":  null,
        "DestinationPort":  null,
        "SourceIp":  null,
        "SourcePort":  null,
        "Protocol":  null,
        "QueryName":  null,
        "Details":  {
                        "Description":  "User Profile Basic API",
                        "SignatureStatus":  "Valid",
                        "Signature":  "Microsoft Windows",
                        "Hashes":  "MD5=2952019A3E3739F1D17F59128F489B63,SHA256=7B86FA00478776A4FADCAD44592AF88BD7F0B63E0B39C76FD3E6D8DDCC32C76D",
                        "Image":  "C:\\Users\\Stage.Ali\\Desktop\\Malware\\09197780e4de9aa1abaa44d580b3102138c6d3a03ab46b518f88f8c40dc882df.exe",
                        "UtcTime":  "2025-09-03 15:38:37.593",
                        "ProcessGuid":  "{f1988ae2-60fb-68b8-7300-000000001e00}",
                        "Company":  "Microsoft Corporation",
                        "ImageLoaded":  "C:\\Windows\\SysWOW64\\profapi.dll",
                        "FileVersion":  "10.0.19041.844 (WinBuild.160101.0800)",
                        "User":  "DESKTOP-KVSEOF0\\Stage.Ali",
                        "RuleName":  "-",
                        "Product":  "Microsoft® Windows® Operating System",
                        "ProcessId":  "2872",
                        "OriginalFileName":  "PROFAPI.DLL",
                        "Signed":  "true"
                    }
    },
    {
        "EventId":  7,
        "TimeCreated":  "\/Date(1756913917648)\/",
        "ProcessGuid":  "{f1988ae2-60fb-68b8-7300-000000001e00}",
        "ProcessId":  "2872",
        "ParentProcessGuid":  null,
        "Image":  "C:\\Users\\Stage.Ali\\Desktop\\Malware\\09197780e4de9aa1abaa44d580b3102138c6d3a03ab46b518f88f8c40dc882df.exe",
        "CommandLine":  null,
        "User":  "DESKTOP-KVSEOF0\\Stage.Ali",
        "TargetFilename":  null,
        "DestinationIp":  null,
        "DestinationPort":  null,
        "SourceIp":  null,
        "SourcePort":  null,
        "Protocol":  null,
        "QueryName":  null,
        "Details":  {
                        "Description":  "SHCORE",
                        "SignatureStatus":  "Valid",
                        "Signature":  "Microsoft Windows",
                        "Hashes":  "MD5=2CE82BD239A502E5317D78978FCE3671,SHA256=66B6F29A092AB5B20DB60BD19F27816022F1775526B8E8848A4033DB80CA316A",
                        "Image":  "C:\\Users\\Stage.Ali\\Desktop\\Malware\\09197780e4de9aa1abaa44d580b3102138c6d3a03ab46b518f88f8c40dc882df.exe",
                        "UtcTime":  "2025-09-03 15:38:37.593",
                        "ProcessGuid":  "{f1988ae2-60fb-68b8-7300-000000001e00}",
                        "Company":  "Microsoft Corporation",
                        "ImageLoaded":  "C:\\Windows\\SysWOW64\\SHCore.dll",
                        "FileVersion":  "10.0.19041.1645 (WinBuild.160101.0800)",
                        "User":  "DESKTOP-KVSEOF0\\Stage.Ali",
                        "RuleName":  "-",
                        "Product":  "Microsoft® Windows® Operating System",
                        "ProcessId":  "2872",
                        "OriginalFileName":  "SHCORE.dll",
                        "Signed":  "true"
                    }
    },
    {
        "EventId":  7,
        "TimeCreated":  "\/Date(1756913917636)\/",
        "ProcessGuid":  "{f1988ae2-60fb-68b8-7300-000000001e00}",
        "ProcessId":  "2872",
        "ParentProcessGuid":  null,
        "Image":  "C:\\Users\\Stage.Ali\\Desktop\\Malware\\09197780e4de9aa1abaa44d580b3102138c6d3a03ab46b518f88f8c40dc882df.exe",
        "CommandLine":  null,
        "User":  "DESKTOP-KVSEOF0\\Stage.Ali",
        "TargetFilename":  null,
        "DestinationIp":  null,
        "DestinationPort":  null,
        "SourceIp":  null,
        "SourcePort":  null,
        "Protocol":  null,
        "QueryName":  null,
        "Details":  {
                        "Description":  "Windows Lockdown Policy",
                        "SignatureStatus":  "Valid",
                        "Signature":  "Microsoft Windows",
                        "Hashes":  "MD5=4B2A91690065EF49E347387AC94CA461,SHA256=45A62CFA448831E7F0C2F6DCCB710DD96DFA612F5F0B2787C827B689772E9CC1",
                        "Image":  "C:\\Users\\Stage.Ali\\Desktop\\Malware\\09197780e4de9aa1abaa44d580b3102138c6d3a03ab46b518f88f8c40dc882df.exe",
                        "UtcTime":  "2025-09-03 15:38:37.572",
                        "ProcessGuid":  "{f1988ae2-60fb-68b8-7300-000000001e00}",
                        "Company":  "Microsoft Corporation",
                        "ImageLoaded":  "C:\\Windows\\SysWOW64\\wldp.dll",
                        "FileVersion":  "10.0.19041.1949 (WinBuild.160101.0800)",
                        "User":  "DESKTOP-KVSEOF0\\Stage.Ali",
                        "RuleName":  "-",
                        "Product":  "Microsoft® Windows® Operating System",
                        "ProcessId":  "2872",
                        "OriginalFileName":  "wldp.dll",
                        "Signed":  "true"
                    }
    },
    {
        "EventId":  7,
        "TimeCreated":  "\/Date(1756913917632)\/",
        "ProcessGuid":  "{f1988ae2-60fb-68b8-7300-000000001e00}",
        "ProcessId":  "2872",
        "ParentProcessGuid":  null,
        "Image":  "C:\\Users\\Stage.Ali\\Desktop\\Malware\\09197780e4de9aa1abaa44d580b3102138c6d3a03ab46b518f88f8c40dc882df.exe",
        "CommandLine":  null,
        "User":  "DESKTOP-KVSEOF0\\Stage.Ali",
        "TargetFilename":  null,
        "DestinationIp":  null,
        "DestinationPort":  null,
        "SourceIp":  null,
        "SourcePort":  null,
        "Protocol":  null,
        "QueryName":  null,
        "Details":  {
                        "Description":  "Microsoft WinRT Storage API",
                        "SignatureStatus":  "Valid",
                        "Signature":  "Microsoft Windows",
                        "Hashes":  "MD5=EC0EA3DA3D38C8FC51B6C6B3FCBF8A75,SHA256=C68985EA4A71FA531741B6B434D5D8D0DC9AD8D32BCB0061D7D4CF5BAED765FD",
                        "Image":  "C:\\Users\\Stage.Ali\\Desktop\\Malware\\09197780e4de9aa1abaa44d580b3102138c6d3a03ab46b518f88f8c40dc882df.exe",
                        "UtcTime":  "2025-09-03 15:38:37.572",
                        "ProcessGuid":  "{f1988ae2-60fb-68b8-7300-000000001e00}",
                        "Company":  "Microsoft Corporation",
                        "ImageLoaded":  "C:\\Windows\\SysWOW64\\windows.storage.dll",
                        "FileVersion":  "10.0.19041.1949 (WinBuild.160101.0800)",
                        "User":  "DESKTOP-KVSEOF0\\Stage.Ali",
                        "RuleName":  "-",
                        "Product":  "Microsoft® Windows® Operating System",
                        "ProcessId":  "2872",
                        "OriginalFileName":  "Windows.Storage.dll",
                        "Signed":  "true"
                    }
    },
    {
        "EventId":  7,
        "TimeCreated":  "\/Date(1756913917557)\/",
        "ProcessGuid":  "{f1988ae2-60fb-68b8-7300-000000001e00}",
        "ProcessId":  "2872",
        "ParentProcessGuid":  null,
        "Image":  "C:\\Users\\Stage.Ali\\Desktop\\Malware\\09197780e4de9aa1abaa44d580b3102138c6d3a03ab46b518f88f8c40dc882df.exe",
        "CommandLine":  null,
        "User":  "DESKTOP-KVSEOF0\\Stage.Ali",
        "TargetFilename":  null,
        "DestinationIp":  null,
        "DestinationPort":  null,
        "SourceIp":  null,
        "SourcePort":  null,
        "Protocol":  null,
        "QueryName":  null,
        "Details":  {
                        "Description":  "Windows Shell Common Dll",
                        "SignatureStatus":  "Valid",
                        "Signature":  "Microsoft Windows",
                        "Hashes":  "MD5=6F62CC2C44A10DC6A09D24593D51644A,SHA256=907CAE9C96FD13DE4E0592BE9B25A214D22A4F452E8BAE80C860EF5418029D29",
                        "Image":  "C:\\Users\\Stage.Ali\\Desktop\\Malware\\09197780e4de9aa1abaa44d580b3102138c6d3a03ab46b518f88f8c40dc882df.exe",
                        "UtcTime":  "2025-09-03 15:38:37.468",
                        "ProcessGuid":  "{f1988ae2-60fb-68b8-7300-000000001e00}",
                        "Company":  "Microsoft Corporation",
                        "ImageLoaded":  "C:\\Windows\\SysWOW64\\shell32.dll",
                        "FileVersion":  "10.0.19041.1949 (WinBuild.160101.0800)",
                        "User":  "DESKTOP-KVSEOF0\\Stage.Ali",
                        "RuleName":  "-",
                        "Product":  "Microsoft® Windows® Operating System",
                        "ProcessId":  "2872",
                        "OriginalFileName":  "SHELL32.DLL",
                        "Signed":  "true"
                    }
    },
    {
        "EventId":  7,
        "TimeCreated":  "\/Date(1756913917520)\/",
        "ProcessGuid":  "{f1988ae2-60fb-68b8-7300-000000001e00}",
        "ProcessId":  "2872",
        "ParentProcessGuid":  null,
        "Image":  "C:\\Users\\Stage.Ali\\Desktop\\Malware\\09197780e4de9aa1abaa44d580b3102138c6d3a03ab46b518f88f8c40dc882df.exe",
        "CommandLine":  null,
        "User":  "DESKTOP-KVSEOF0\\Stage.Ali",
        "TargetFilename":  null,
        "DestinationIp":  null,
        "DestinationPort":  null,
        "SourceIp":  null,
        "SourcePort":  null,
        "Protocol":  null,
        "QueryName":  null,
        "Details":  {
                        "Description":  ".NET Framework",
                        "SignatureStatus":  "Unavailable",
                        "Signature":  "-",
                        "Hashes":  "MD5=EAD18F1E47BF9DD5F44FB332BA8C7D3D,SHA256=88F3581FEA711ADB90F64D7822A6043253CDC661DBE426D738588985A63268BE",
                        "Image":  "C:\\Users\\Stage.Ali\\Desktop\\Malware\\09197780e4de9aa1abaa44d580b3102138c6d3a03ab46b518f88f8c40dc882df.exe",
                        "UtcTime":  "2025-09-03 15:38:37.400",
                        "ProcessGuid":  "{f1988ae2-60fb-68b8-7300-000000001e00}",
                        "Company":  "Microsoft Corporation",
                        "ImageLoaded":  "C:\\Windows\\assembly\\NativeImages_v4.0.30319_32\\System.Xml\\2062ed810929ec0e33254c02b0c61bb4\\System.Xml.ni.dll",
                        "FileVersion":  "4.8.4084.0 built by: NET48REL1",
                        "User":  "DESKTOP-KVSEOF0\\Stage.Ali",
                        "RuleName":  "-",
                        "Product":  "Microsoft® .NET Framework",
                        "ProcessId":  "2872",
                        "OriginalFileName":  "System.Xml.dll",
                        "Signed":  "false"
                    }
    },
    {
        "EventId":  7,
        "TimeCreated":  "\/Date(1756913917390)\/",
        "ProcessGuid":  "{f1988ae2-60fb-68b8-7300-000000001e00}",
        "ProcessId":  "2872",
        "ParentProcessGuid":  null,
        "Image":  "C:\\Users\\Stage.Ali\\Desktop\\Malware\\09197780e4de9aa1abaa44d580b3102138c6d3a03ab46b518f88f8c40dc882df.exe",
        "CommandLine":  null,
        "User":  "DESKTOP-KVSEOF0\\Stage.Ali",
        "TargetFilename":  null,
        "DestinationIp":  null,
        "DestinationPort":  null,
        "SourceIp":  null,
        "SourcePort":  null,
        "Protocol":  null,
        "QueryName":  null,
        "Details":  {
                        "Description":  "System.Configuration.dll",
                        "SignatureStatus":  "Unavailable",
                        "Signature":  "-",
                        "Hashes":  "MD5=C7B0C0D9F8B278EE98062836A773E554,SHA256=2E3FAEC4A5102B54E4E614C56DB9D4078444D7C70DB23E3C0EF0DEBB422F56A0",
                        "Image":  "C:\\Users\\Stage.Ali\\Desktop\\Malware\\09197780e4de9aa1abaa44d580b3102138c6d3a03ab46b518f88f8c40dc882df.exe",
                        "UtcTime":  "2025-09-03 15:38:37.310",
                        "ProcessGuid":  "{f1988ae2-60fb-68b8-7300-000000001e00}",
                        "Company":  "Microsoft Corporation",
                        "ImageLoaded":  "C:\\Windows\\assembly\\NativeImages_v4.0.30319_32\\System.Configuration\\2192b0d5aa4aa14486ae08118d3b9fcc\\System.Configuration.ni.dll",
                        "FileVersion":  "4.8.4190.0 built by: NET48REL1LAST_B",
                        "User":  "DESKTOP-KVSEOF0\\Stage.Ali",
                        "RuleName":  "-",
                        "Product":  "Microsoft® .NET Framework",
                        "ProcessId":  "2872",
                        "OriginalFileName":  "System.Configuration.dll",
                        "Signed":  "false"
                    }
    },
    {
        "EventId":  7,
        "TimeCreated":  "\/Date(1756913917364)\/",
        "ProcessGuid":  "{f1988ae2-60fb-68b8-7300-000000001e00}",
        "ProcessId":  "2872",
        "ParentProcessGuid":  null,
        "Image":  "C:\\Users\\Stage.Ali\\Desktop\\Malware\\09197780e4de9aa1abaa44d580b3102138c6d3a03ab46b518f88f8c40dc882df.exe",
        "CommandLine":  null,
        "User":  "DESKTOP-KVSEOF0\\Stage.Ali",
        "TargetFilename":  null,
        "DestinationIp":  null,
        "DestinationPort":  null,
        "SourceIp":  null,
        "SourcePort":  null,
        "Protocol":  null,
        "QueryName":  null,
        "Details":  {
                        "Description":  ".NET Framework",
                        "SignatureStatus":  "Unavailable",
                        "Signature":  "-",
                        "Hashes":  "MD5=47B97FB4B6FE2FD7C030B73BD50E70EF,SHA256=62716495CF0E0FA11252F4A95B0672257AB1F55932E5C891FD65DF3FE17B7559",
                        "Image":  "C:\\Users\\Stage.Ali\\Desktop\\Malware\\09197780e4de9aa1abaa44d580b3102138c6d3a03ab46b518f88f8c40dc882df.exe",
                        "UtcTime":  "2025-09-03 15:38:37.259",
                        "ProcessGuid":  "{f1988ae2-60fb-68b8-7300-000000001e00}",
                        "Company":  "Microsoft Corporation",
                        "ImageLoaded":  "C:\\Windows\\assembly\\NativeImages_v4.0.30319_32\\System.Core\\8b2c1203fd20aea8260bfbc518004720\\System.Core.ni.dll",
                        "FileVersion":  "4.8.4536.0 built by: NET48REL1LAST_C",
                        "User":  "DESKTOP-KVSEOF0\\Stage.Ali",
                        "RuleName":  "-",
                        "Product":  "Microsoft® .NET Framework",
                        "ProcessId":  "2872",
                        "OriginalFileName":  "System.Core.dll",
                        "Signed":  "false"
                    }
    },
    {
        "EventId":  7,
        "TimeCreated":  "\/Date(1756913917216)\/",
        "ProcessGuid":  "{f1988ae2-60fb-68b8-7300-000000001e00}",
        "ProcessId":  "2872",
        "ParentProcessGuid":  null,
        "Image":  "C:\\Users\\Stage.Ali\\Desktop\\Malware\\09197780e4de9aa1abaa44d580b3102138c6d3a03ab46b518f88f8c40dc882df.exe",
        "CommandLine":  null,
        "User":  "DESKTOP-KVSEOF0\\Stage.Ali",
        "TargetFilename":  null,
        "DestinationIp":  null,
        "DestinationPort":  null,
        "SourceIp":  null,
        "SourcePort":  null,
        "Protocol":  null,
        "QueryName":  null,
        "Details":  {
                        "Description":  "Microsoft UxTheme Library",
                        "SignatureStatus":  "Valid",
                        "Signature":  "Microsoft Windows",
                        "Hashes":  "MD5=37F9D66D2B3491B9D8D0FD4B77760BAB,SHA256=1D9CE608D65BC82637FD998452B530125E6FB8B4B3341C67907E7FE09DAC7CFC",
                        "Image":  "C:\\Users\\Stage.Ali\\Desktop\\Malware\\09197780e4de9aa1abaa44d580b3102138c6d3a03ab46b518f88f8c40dc882df.exe",
                        "UtcTime":  "2025-09-03 15:38:37.072",
                        "ProcessGuid":  "{f1988ae2-60fb-68b8-7300-000000001e00}",
                        "Company":  "Microsoft Corporation",
                        "ImageLoaded":  "C:\\Windows\\SysWOW64\\uxtheme.dll",
                        "FileVersion":  "10.0.19041.1620 (WinBuild.160101.0800)",
                        "User":  "DESKTOP-KVSEOF0\\Stage.Ali",
                        "RuleName":  "-",
                        "Product":  "Microsoft® Windows® Operating System",
                        "ProcessId":  "2872",
                        "OriginalFileName":  "UxTheme.dll",
                        "Signed":  "true"
                    }
    },
    {
        "EventId":  7,
        "TimeCreated":  "\/Date(1756913917171)\/",
        "ProcessGuid":  "{f1988ae2-60fb-68b8-7300-000000001e00}",
        "ProcessId":  "2872",
        "ParentProcessGuid":  null,
        "Image":  "C:\\Users\\Stage.Ali\\Desktop\\Malware\\09197780e4de9aa1abaa44d580b3102138c6d3a03ab46b518f88f8c40dc882df.exe",
        "CommandLine":  null,
        "User":  "DESKTOP-KVSEOF0\\Stage.Ali",
        "TargetFilename":  null,
        "DestinationIp":  null,
        "DestinationPort":  null,
        "SourceIp":  null,
        "SourcePort":  null,
        "Protocol":  null,
        "QueryName":  null,
        "Details":  {
                        "Description":  ".NET Framework",
                        "SignatureStatus":  "Valid",
                        "Signature":  "Microsoft Corporation",
                        "Hashes":  "MD5=44EAE46CBCE7D080F7D21CDD27CD3DB0,SHA256=ED92BCEB3EBF90EAE1AF2A84279842562ED589E3616F4D5702361336CDF5ED2E",
                        "Image":  "C:\\Users\\Stage.Ali\\Desktop\\Malware\\09197780e4de9aa1abaa44d580b3102138c6d3a03ab46b518f88f8c40dc882df.exe",
                        "UtcTime":  "2025-09-03 15:38:37.072",
                        "ProcessGuid":  "{f1988ae2-60fb-68b8-7300-000000001e00}",
                        "Company":  "Microsoft Corporation",
                        "ImageLoaded":  "C:\\Windows\\Microsoft.NET\\assembly\\GAC_MSIL\\System.Drawing\\v4.0_4.0.0.0__b03f5f7f11d50a3a\\System.Drawing.dll",
                        "FileVersion":  "4.8.4390.0 built by: NET48REL1LAST_C",
                        "User":  "DESKTOP-KVSEOF0\\Stage.Ali",
                        "RuleName":  "-",
                        "Product":  "Microsoft® .NET Framework",
                        "ProcessId":  "2872",
                        "OriginalFileName":  "System.Drawing.dll",
                        "Signed":  "true"
                    }
    },
    {
        "EventId":  7,
        "TimeCreated":  "\/Date(1756913917171)\/",
        "ProcessGuid":  "{f1988ae2-60fb-68b8-7300-000000001e00}",
        "ProcessId":  "2872",
        "ParentProcessGuid":  null,
        "Image":  "C:\\Users\\Stage.Ali\\Desktop\\Malware\\09197780e4de9aa1abaa44d580b3102138c6d3a03ab46b518f88f8c40dc882df.exe",
        "CommandLine":  null,
        "User":  "DESKTOP-KVSEOF0\\Stage.Ali",
        "TargetFilename":  null,
        "DestinationIp":  null,
        "DestinationPort":  null,
        "SourceIp":  null,
        "SourcePort":  null,
        "Protocol":  null,
        "QueryName":  null,
        "Details":  {
                        "Description":  ".NET Framework",
                        "SignatureStatus":  "Valid",
                        "Signature":  "Microsoft Corporation",
                        "Hashes":  "MD5=44EAE46CBCE7D080F7D21CDD27CD3DB0,SHA256=ED92BCEB3EBF90EAE1AF2A84279842562ED589E3616F4D5702361336CDF5ED2E",
                        "Image":  "C:\\Users\\Stage.Ali\\Desktop\\Malware\\09197780e4de9aa1abaa44d580b3102138c6d3a03ab46b518f88f8c40dc882df.exe",
                        "UtcTime":  "2025-09-03 15:38:37.072",
                        "ProcessGuid":  "{f1988ae2-60fb-68b8-7300-000000001e00}",
                        "Company":  "Microsoft Corporation",
                        "ImageLoaded":  "C:\\Windows\\Microsoft.NET\\assembly\\GAC_MSIL\\System.Drawing\\v4.0_4.0.0.0__b03f5f7f11d50a3a\\System.Drawing.dll",
                        "FileVersion":  "4.8.4390.0 built by: NET48REL1LAST_C",
                        "User":  "DESKTOP-KVSEOF0\\Stage.Ali",
                        "RuleName":  "-",
                        "Product":  "Microsoft® .NET Framework",
                        "ProcessId":  "2872",
                        "OriginalFileName":  "System.Drawing.dll",
                        "Signed":  "true"
                    }
    },
    {
        "EventId":  7,
        "TimeCreated":  "\/Date(1756913917166)\/",
        "ProcessGuid":  "{f1988ae2-60fb-68b8-7300-000000001e00}",
        "ProcessId":  "2872",
        "ParentProcessGuid":  null,
        "Image":  "C:\\Users\\Stage.Ali\\Desktop\\Malware\\09197780e4de9aa1abaa44d580b3102138c6d3a03ab46b518f88f8c40dc882df.exe",
        "CommandLine":  null,
        "User":  "DESKTOP-KVSEOF0\\Stage.Ali",
        "TargetFilename":  null,
        "DestinationIp":  null,
        "DestinationPort":  null,
        "SourceIp":  null,
        "SourcePort":  null,
        "Protocol":  null,
        "QueryName":  null,
        "Details":  {
                        "Description":  ".NET Framework",
                        "SignatureStatus":  "Unavailable",
                        "Signature":  "-",
                        "Hashes":  "MD5=594BFE4D04BD2B4FDB815748A2B82A68,SHA256=A40BB46D7A8637F63E81F37AE1C4C72209E7E0B1D3248B0E6C72230B36F4795E",
                        "Image":  "C:\\Users\\Stage.Ali\\Desktop\\Malware\\09197780e4de9aa1abaa44d580b3102138c6d3a03ab46b518f88f8c40dc882df.exe",
                        "UtcTime":  "2025-09-03 15:38:37.010",
                        "ProcessGuid":  "{f1988ae2-60fb-68b8-7300-000000001e00}",
                        "Company":  "Microsoft Corporation",
                        "ImageLoaded":  "C:\\Windows\\assembly\\NativeImages_v4.0.30319_32\\System\\920e3d1d70447c3c10e69e6df0766568\\System.ni.dll",
                        "FileVersion":  "4.8.4536.0 built by: NET48REL1LAST_C",
                        "User":  "DESKTOP-KVSEOF0\\Stage.Ali",
                        "RuleName":  "-",
                        "Product":  "Microsoft® .NET Framework",
                        "ProcessId":  "2872",
                        "OriginalFileName":  "System.dll",
                        "Signed":  "false"
                    }
    },
