    {
        "EventId":  7,
        "TimeCreated":  "\/Date(1756913934546)\/",
        "ProcessGuid":  "{f1988ae2-610e-68b8-7500-000000001e00}",
        "ProcessId":  "5116",
        "ParentProcessGuid":  null,
        "Image":  "C:\\Windows\\System32\\conhost.exe",
        "CommandLine":  null,
        "User":  "DESKTOP-KVSEOF0\\Stage.Ali",
        "TargetFilename":  null,
        "DestinationIp":  null,
        "DestinationPort":  null,
        "SourceIp":  null,
        "SourcePort":  null,
        "Protocol":  null,
        "QueryName":  null,
        "Details":  {
                        "Description":  "Advanced Windows 32 Base API",
                        "SignatureStatus":  "Valid",
                        "Signature":  "Microsoft Windows",
                        "Hashes":  "MD5=7EBC4745686496918EF54660CB9640DE,SHA256=5B3ED19956537019C29AABC9DF6B8669C8EF725090BB76DAE46D5E093AB7ED09",
                        "Image":  "C:\\Windows\\System32\\conhost.exe",
                        "UtcTime":  "2025-09-03 15:38:54.540",
                        "ProcessGuid":  "{f1988ae2-610e-68b8-7500-000000001e00}",
                        "Company":  "Microsoft Corporation",
                        "ImageLoaded":  "C:\\Windows\\System32\\advapi32.dll",
                        "FileVersion":  "10.0.19041.1682 (WinBuild.160101.0800)",
                        "User":  "DESKTOP-KVSEOF0\\Stage.Ali",
                        "RuleName":  "-",
                        "Product":  "Microsoft® Windows® Operating System",
                        "ProcessId":  "5116",
                        "OriginalFileName":  "advapi32.dll",
                        "Signed":  "true"
                    }
    },
    {
        "EventId":  7,
        "TimeCreated":  "\/Date(1756913934546)\/",
        "ProcessGuid":  "{f1988ae2-610e-68b8-7500-000000001e00}",
        "ProcessId":  "5116",
        "ParentProcessGuid":  null,
        "Image":  "C:\\Windows\\System32\\conhost.exe",
        "CommandLine":  null,
        "User":  "DESKTOP-KVSEOF0\\Stage.Ali",
        "TargetFilename":  null,
        "DestinationIp":  null,
        "DestinationPort":  null,
        "SourceIp":  null,
        "SourcePort":  null,
        "Protocol":  null,
        "QueryName":  null,
        "Details":  {
                        "Description":  "Remote Procedure Call Runtime",
                        "SignatureStatus":  "Valid",
                        "Signature":  "Microsoft Windows",
                        "Hashes":  "MD5=7706E6B63269C9668FB714E5772AC10D,SHA256=29EF6D71E4385A4498B3F9AFD9713FF3C4BE4456CB117F6BB190169DFD063495",
                        "Image":  "C:\\Windows\\System32\\conhost.exe",
                        "UtcTime":  "2025-09-03 15:38:54.540",
                        "ProcessGuid":  "{f1988ae2-610e-68b8-7500-000000001e00}",
                        "Company":  "Microsoft Corporation",
                        "ImageLoaded":  "C:\\Windows\\System32\\rpcrt4.dll",
                        "FileVersion":  "10.0.19041.1806 (WinBuild.160101.0800)",
                        "User":  "DESKTOP-KVSEOF0\\Stage.Ali",
                        "RuleName":  "-",
                        "Product":  "Microsoft® Windows® Operating System",
                        "ProcessId":  "5116",
                        "OriginalFileName":  "rpcrt4.dll",
                        "Signed":  "true"
                    }
    },
    {
        "EventId":  7,
        "TimeCreated":  "\/Date(1756913934545)\/",
        "ProcessGuid":  "{f1988ae2-610e-68b8-7500-000000001e00}",
        "ProcessId":  "5116",
        "ParentProcessGuid":  null,
        "Image":  "C:\\Windows\\System32\\conhost.exe",
        "CommandLine":  null,
        "User":  "DESKTOP-KVSEOF0\\Stage.Ali",
        "TargetFilename":  null,
        "DestinationIp":  null,
        "DestinationPort":  null,
        "SourceIp":  null,
        "SourcePort":  null,
        "Protocol":  null,
        "QueryName":  null,
        "Details":  {
                        "Description":  "Microsoft COM for Windows",
                        "SignatureStatus":  "Valid",
                        "Signature":  "Microsoft Windows",
                        "Hashes":  "MD5=C63F947A6EE298E926EF78A975A17C47,SHA256=033DD53305AF33480D08657449FCE8711FE1CA49E42A4A1307354F17DD7BA8A3",
                        "Image":  "C:\\Windows\\System32\\conhost.exe",
                        "UtcTime":  "2025-09-03 15:38:54.540",
                        "ProcessGuid":  "{f1988ae2-610e-68b8-7500-000000001e00}",
                        "Company":  "Microsoft Corporation",
                        "ImageLoaded":  "C:\\Windows\\System32\\combase.dll",
                        "FileVersion":  "10.0.19041.1949 (WinBuild.160101.0800)",
                        "User":  "DESKTOP-KVSEOF0\\Stage.Ali",
                        "RuleName":  "-",
                        "Product":  "Microsoft® Windows® Operating System",
                        "ProcessId":  "5116",
                        "OriginalFileName":  "COMBASE.DLL",
                        "Signed":  "true"
                    }
    },
    {
        "EventId":  7,
        "TimeCreated":  "\/Date(1756913934545)\/",
        "ProcessGuid":  "{f1988ae2-610e-68b8-7500-000000001e00}",
        "ProcessId":  "5116",
        "ParentProcessGuid":  null,
        "Image":  "C:\\Windows\\System32\\conhost.exe",
        "CommandLine":  null,
        "User":  "DESKTOP-KVSEOF0\\Stage.Ali",
        "TargetFilename":  null,
        "DestinationIp":  null,
        "DestinationPort":  null,
        "SourceIp":  null,
        "SourcePort":  null,
        "Protocol":  null,
        "QueryName":  null,
        "Details":  {
                        "Description":  "Windows NT CRT DLL",
                        "SignatureStatus":  "Valid",
                        "Signature":  "Microsoft Windows",
                        "Hashes":  "MD5=A4F2D5942FB447CD48A5CEE414983E85,SHA256=DD7C8BC34CDBE30EF921395E874909BBF6BE53803822164F75F7207E9F085650",
                        "Image":  "C:\\Windows\\System32\\conhost.exe",
                        "UtcTime":  "2025-09-03 15:38:54.540",
                        "ProcessGuid":  "{f1988ae2-610e-68b8-7500-000000001e00}",
                        "Company":  "Microsoft Corporation",
                        "ImageLoaded":  "C:\\Windows\\System32\\msvcrt.dll",
                        "FileVersion":  "7.0.19041.546 (WinBuild.160101.0800)",
                        "User":  "DESKTOP-KVSEOF0\\Stage.Ali",
                        "RuleName":  "-",
                        "Product":  "Microsoft® Windows® Operating System",
                        "ProcessId":  "5116",
                        "OriginalFileName":  "msvcrt.dll",
                        "Signed":  "true"
                    }
    },
    {
        "EventId":  7,
        "TimeCreated":  "\/Date(1756913934545)\/",
        "ProcessGuid":  "{f1988ae2-610e-68b8-7500-000000001e00}",
        "ProcessId":  "5116",
        "ParentProcessGuid":  null,
        "Image":  "C:\\Windows\\System32\\conhost.exe",
        "CommandLine":  null,
        "User":  "DESKTOP-KVSEOF0\\Stage.Ali",
        "TargetFilename":  null,
        "DestinationIp":  null,
        "DestinationPort":  null,
        "SourceIp":  null,
        "SourcePort":  null,
        "Protocol":  null,
        "QueryName":  null,
        "Details":  {
                        "Description":  "SHCORE",
                        "SignatureStatus":  "Valid",
                        "Signature":  "Microsoft Windows",
                        "Hashes":  "MD5=230260C7B7C79E11EE1ED24C93AB5304,SHA256=030562A09391408D1A877951451A29A7BFFE3E88BF9DA9AF83E2ABC6A32B3EB2",
                        "Image":  "C:\\Windows\\System32\\conhost.exe",
                        "UtcTime":  "2025-09-03 15:38:54.532",
                        "ProcessGuid":  "{f1988ae2-610e-68b8-7500-000000001e00}",
                        "Company":  "Microsoft Corporation",
                        "ImageLoaded":  "C:\\Windows\\System32\\SHCore.dll",
                        "FileVersion":  "10.0.19041.1865 (WinBuild.160101.0800)",
                        "User":  "DESKTOP-KVSEOF0\\Stage.Ali",
                        "RuleName":  "-",
                        "Product":  "Microsoft® Windows® Operating System",
                        "ProcessId":  "5116",
                        "OriginalFileName":  "SHCORE.dll",
                        "Signed":  "true"
                    }
    },
    {
        "EventId":  7,
        "TimeCreated":  "\/Date(1756913934544)\/",
        "ProcessGuid":  "{f1988ae2-610e-68b8-7500-000000001e00}",
        "ProcessId":  "5116",
        "ParentProcessGuid":  null,
        "Image":  "C:\\Windows\\System32\\conhost.exe",
        "CommandLine":  null,
        "User":  "DESKTOP-KVSEOF0\\Stage.Ali",
        "TargetFilename":  null,
        "DestinationIp":  null,
        "DestinationPort":  null,
        "SourceIp":  null,
        "SourcePort":  null,
        "Protocol":  null,
        "QueryName":  null,
        "Details":  {
                        "Description":  "Microsoft® C Runtime Library",
                        "SignatureStatus":  "Valid",
                        "Signature":  "Microsoft Windows",
                        "Hashes":  "MD5=2C8FE06966D5085A595FFA3C98FE3098,SHA256=DE8D08D01291DF93821314176381F3D1AE863E6C5584A7F8EA42F0B94B15EF65",
                        "Image":  "C:\\Windows\\System32\\conhost.exe",
                        "UtcTime":  "2025-09-03 15:38:54.532",
                        "ProcessGuid":  "{f1988ae2-610e-68b8-7500-000000001e00}",
                        "Company":  "Microsoft Corporation",
                        "ImageLoaded":  "C:\\Windows\\System32\\ucrtbase.dll",
                        "FileVersion":  "10.0.19041.789 (WinBuild.160101.0800)",
                        "User":  "DESKTOP-KVSEOF0\\Stage.Ali",
                        "RuleName":  "-",
                        "Product":  "Microsoft® Windows® Operating System",
                        "ProcessId":  "5116",
                        "OriginalFileName":  "ucrtbase.dll",
                        "Signed":  "true"
                    }
    },
    {
        "EventId":  7,
        "TimeCreated":  "\/Date(1756913934538)\/",
        "ProcessGuid":  "{f1988ae2-610e-68b8-7500-000000001e00}",
        "ProcessId":  "5116",
        "ParentProcessGuid":  null,
        "Image":  "C:\\Windows\\System32\\conhost.exe",
        "CommandLine":  null,
        "User":  "DESKTOP-KVSEOF0\\Stage.Ali",
        "TargetFilename":  null,
        "DestinationIp":  null,
        "DestinationPort":  null,
        "SourceIp":  null,
        "SourcePort":  null,
        "Protocol":  null,
        "QueryName":  null,
        "Details":  {
                        "Description":  "Microsoft® C Runtime Library",
                        "SignatureStatus":  "Valid",
                        "Signature":  "Microsoft Windows",
                        "Hashes":  "MD5=34692D0BDE33641B576C32165FBAAF6D,SHA256=FD1D0CC8A5AC8BF20AF9E1A7EC360DD76DC022DFE992556948DF1C17F7A714D2",
                        "Image":  "C:\\Windows\\System32\\conhost.exe",
                        "UtcTime":  "2025-09-03 15:38:54.532",
                        "ProcessGuid":  "{f1988ae2-610e-68b8-7500-000000001e00}",
                        "Company":  "Microsoft Corporation",
                        "ImageLoaded":  "C:\\Windows\\System32\\msvcp_win.dll",
                        "FileVersion":  "10.0.19041.789 (WinBuild.160101.0800)",
                        "User":  "DESKTOP-KVSEOF0\\Stage.Ali",
                        "RuleName":  "-",
                        "Product":  "Microsoft® Windows® Operating System",
                        "ProcessId":  "5116",
                        "OriginalFileName":  "msvcp_win.dll",
                        "Signed":  "true"
                    }
    },
    {
        "EventId":  7,
        "TimeCreated":  "\/Date(1756913934535)\/",
        "ProcessGuid":  "{f1988ae2-610e-68b8-7500-000000001e00}",
        "ProcessId":  "5116",
        "ParentProcessGuid":  null,
        "Image":  "C:\\Windows\\System32\\conhost.exe",
        "CommandLine":  null,
        "User":  "DESKTOP-KVSEOF0\\Stage.Ali",
        "TargetFilename":  null,
        "DestinationIp":  null,
        "DestinationPort":  null,
        "SourceIp":  null,
        "SourcePort":  null,
        "Protocol":  null,
        "QueryName":  null,
        "Details":  {
                        "Description":  "Windows NT BASE API Client DLL",
                        "SignatureStatus":  "Valid",
                        "Signature":  "Microsoft Windows",
                        "Hashes":  "MD5=28D93A964448E1A2B9AD5FE42261CEFF,SHA256=69322712A09C847305323DAFD0F2C62DF6013EF6FB6F2D9220FA4ECD51A4F42D",
                        "Image":  "C:\\Windows\\System32\\conhost.exe",
                        "UtcTime":  "2025-09-03 15:38:54.532",
                        "ProcessGuid":  "{f1988ae2-610e-68b8-7500-000000001e00}",
                        "Company":  "Microsoft Corporation",
                        "ImageLoaded":  "C:\\Windows\\System32\\KernelBase.dll",
                        "FileVersion":  "10.0.19041.1949 (WinBuild.160101.0800)",
                        "User":  "DESKTOP-KVSEOF0\\Stage.Ali",
                        "RuleName":  "-",
                        "Product":  "Microsoft® Windows® Operating System",
                        "ProcessId":  "5116",
                        "OriginalFileName":  "Kernelbase.dll",
                        "Signed":  "true"
                    }
    },
    {
        "EventId":  7,
        "TimeCreated":  "\/Date(1756913934533)\/",
        "ProcessGuid":  "{f1988ae2-610e-68b8-7500-000000001e00}",
        "ProcessId":  "5116",
        "ParentProcessGuid":  null,
        "Image":  "C:\\Windows\\System32\\conhost.exe",
        "CommandLine":  null,
        "User":  "DESKTOP-KVSEOF0\\Stage.Ali",
        "TargetFilename":  null,
        "DestinationIp":  null,
        "DestinationPort":  null,
        "SourceIp":  null,
        "SourcePort":  null,
        "Protocol":  null,
        "QueryName":  null,
        "Details":  {
                        "Description":  "Windows NT BASE API Client DLL",
                        "SignatureStatus":  "Valid",
                        "Signature":  "Microsoft Windows",
                        "Hashes":  "MD5=F7110F4E43AF6DA3F8313467BF27B336,SHA256=B282D597CC4C16EB645CE29B900A5AEAFC5A647EC98ED32380656CA4348A6E78",
                        "Image":  "C:\\Windows\\System32\\conhost.exe",
                        "UtcTime":  "2025-09-03 15:38:54.532",
                        "ProcessGuid":  "{f1988ae2-610e-68b8-7500-000000001e00}",
                        "Company":  "Microsoft Corporation",
                        "ImageLoaded":  "C:\\Windows\\System32\\kernel32.dll",
                        "FileVersion":  "10.0.19041.1889 (WinBuild.160101.0800)",
                        "User":  "DESKTOP-KVSEOF0\\Stage.Ali",
                        "RuleName":  "-",
                        "Product":  "Microsoft® Windows® Operating System",
                        "ProcessId":  "5116",
                        "OriginalFileName":  "kernel32",
                        "Signed":  "true"
                    }
    },
    {
        "EventId":  7,
        "TimeCreated":  "\/Date(1756913934515)\/",
        "ProcessGuid":  "{f1988ae2-610e-68b8-7500-000000001e00}",
        "ProcessId":  "5116",
        "ParentProcessGuid":  null,
        "Image":  "C:\\Windows\\System32\\conhost.exe",
        "CommandLine":  null,
        "User":  "DESKTOP-KVSEOF0\\Stage.Ali",
        "TargetFilename":  null,
        "DestinationIp":  null,
        "DestinationPort":  null,
        "SourceIp":  null,
        "SourcePort":  null,
        "Protocol":  null,
        "QueryName":  null,
        "Details":  {
                        "Description":  "NT Layer DLL",
                        "SignatureStatus":  "Valid",
                        "Signature":  "Microsoft Windows",
                        "Hashes":  "MD5=FFC0099CC499ABF355130F6334313504,SHA256=FBDFC8183DF435C2E981F868CB578CCA3B86A1FA6E76D8F5775E2EF22944A370",
                        "Image":  "C:\\Windows\\System32\\conhost.exe",
                        "UtcTime":  "2025-09-03 15:38:54.507",
                        "ProcessGuid":  "{f1988ae2-610e-68b8-7500-000000001e00}",
                        "Company":  "Microsoft Corporation",
                        "ImageLoaded":  "C:\\Windows\\System32\\ntdll.dll",
                        "FileVersion":  "10.0.19041.1949 (WinBuild.160101.0800)",
                        "User":  "DESKTOP-KVSEOF0\\Stage.Ali",
                        "RuleName":  "-",
                        "Product":  "Microsoft® Windows® Operating System",
                        "ProcessId":  "5116",
                        "OriginalFileName":  "ntdll.dll",
                        "Signed":  "true"
                    }
    },
    {
        "EventId":  7,
        "TimeCreated":  "\/Date(1756913934514)\/",
        "ProcessGuid":  "{f1988ae2-610e-68b8-7500-000000001e00}",
        "ProcessId":  "5116",
        "ParentProcessGuid":  null,
        "Image":  "C:\\Windows\\System32\\conhost.exe",
        "CommandLine":  null,
        "User":  "DESKTOP-KVSEOF0\\Stage.Ali",
        "TargetFilename":  null,
        "DestinationIp":  null,
        "DestinationPort":  null,
        "SourceIp":  null,
        "SourcePort":  null,
        "Protocol":  null,
        "QueryName":  null,
        "Details":  {
                        "Description":  "Console Window Host",
                        "SignatureStatus":  "Valid",
                        "Signature":  "Microsoft Windows",
                        "Hashes":  "MD5=0D698AF330FD17BEE3BF90011D49251D,SHA256=3C1C6D813D2B031D988204155FC198FE4F32FF56C05DABBCFCD5486131F4FB9D",
                        "Image":  "C:\\Windows\\System32\\conhost.exe",
                        "UtcTime":  "2025-09-03 15:38:54.507",
                        "ProcessGuid":  "{f1988ae2-610e-68b8-7500-000000001e00}",
                        "Company":  "Microsoft Corporation",
                        "ImageLoaded":  "C:\\Windows\\System32\\conhost.exe",
                        "FileVersion":  "10.0.19041.1566 (WinBuild.160101.0800)",
                        "User":  "DESKTOP-KVSEOF0\\Stage.Ali",
                        "RuleName":  "-",
                        "Product":  "Microsoft® Windows® Operating System",
                        "ProcessId":  "5116",
                        "OriginalFileName":  "CONHOST.EXE",
                        "Signed":  "true"
                    }
    },
    {
        "EventId":  1,
        "TimeCreated":  "\/Date(1756913934506)\/",
        "ProcessGuid":  "{f1988ae2-610e-68b8-7500-000000001e00}",
        "ProcessId":  "5116",
        "ParentProcessGuid":  "{f1988ae2-610e-68b8-7400-000000001e00}",
        "Image":  "C:\\Windows\\System32\\conhost.exe",
        "CommandLine":  "\\??\\C:\\Windows\\system32\\conhost.exe 0xffffffff -ForceV1",
        "User":  "DESKTOP-KVSEOF0\\Stage.Ali",
        "TargetFilename":  null,
        "DestinationIp":  null,
        "DestinationPort":  null,
        "SourceIp":  null,
        "SourcePort":  null,
        "Protocol":  null,
        "QueryName":  null,
        "Details":  {
                        "ParentCommandLine":  "\"C:\\Windows\\System32\\schtasks.exe\" /Create /TN \"Updates\\GqwhEGLz\" /XML \"C:\\Users\\Stage.Ali\\AppData\\Local\\Temp\\tmp47A3.tmp\"",
                        "Description":  "Console Window Host",
                        "CommandLine":  "\\??\\C:\\Windows\\system32\\conhost.exe 0xffffffff -ForceV1",
                        "CurrentDirectory":  "C:\\Windows",
                        "Hashes":  "MD5=0D698AF330FD17BEE3BF90011D49251D,SHA256=3C1C6D813D2B031D988204155FC198FE4F32FF56C05DABBCFCD5486131F4FB9D",
                        "Image":  "C:\\Windows\\System32\\conhost.exe",
                        "UtcTime":  "2025-09-03 15:38:54.499",
                        "ProcessGuid":  "{f1988ae2-610e-68b8-7500-000000001e00}",
                        "ParentUser":  "DESKTOP-KVSEOF0\\Stage.Ali",
                        "Company":  "Microsoft Corporation",
                        "IntegrityLevel":  "Medium",
                        "FileVersion":  "10.0.19041.1566 (WinBuild.160101.0800)",
                        "User":  "DESKTOP-KVSEOF0\\Stage.Ali",
                        "RuleName":  "-",
                        "Product":  "Microsoft® Windows® Operating System",
                        "LogonId":  "0x9f6ed",
                        "ProcessId":  "5116",
                        "OriginalFileName":  "CONHOST.EXE",
                        "LogonGuid":  "{f1988ae2-60f4-68b8-edf6-090000000000}",
                        "TerminalSessionId":  "0",
                        "ParentProcessGuid":  "{f1988ae2-610e-68b8-7400-000000001e00}",
                        "ParentProcessId":  "5096",
                        "ParentImage":  "C:\\Windows\\SysWOW64\\schtasks.exe"
                    }
    },
    {
        "EventId":  7,
        "TimeCreated":  "\/Date(1756913934499)\/",
        "ProcessGuid":  "{f1988ae2-610e-68b8-7400-000000001e00}",
        "ProcessId":  "5096",
        "ParentProcessGuid":  null,
        "Image":  "C:\\Windows\\SysWOW64\\schtasks.exe",
        "CommandLine":  null,
        "User":  "DESKTOP-KVSEOF0\\Stage.Ali",
        "TargetFilename":  null,
        "DestinationIp":  null,
        "DestinationPort":  null,
        "SourceIp":  null,
        "SourcePort":  null,
        "Protocol":  null,
        "QueryName":  null,
        "Details":  {
                        "Description":  "Windows NT BASE API Client DLL",
                        "SignatureStatus":  "Valid",
                        "Signature":  "Microsoft Windows",
                        "Hashes":  "MD5=29280E079C66BB6F9A157D55AF6EBA80,SHA256=233C329FFBD3EA703A394008AAA04C54B8AB4139AA6C00F657EBEA8906417C37",
                        "Image":  "C:\\Windows\\SysWOW64\\schtasks.exe",
                        "UtcTime":  "2025-09-03 15:38:54.495",
                        "ProcessGuid":  "{f1988ae2-610e-68b8-7400-000000001e00}",
                        "Company":  "Microsoft Corporation",
                        "ImageLoaded":  "C:\\Windows\\SysWOW64\\KernelBase.dll",
                        "FileVersion":  "10.0.19041.2006 (WinBuild.160101.0800)",
                        "User":  "DESKTOP-KVSEOF0\\Stage.Ali",
                        "RuleName":  "-",
                        "Product":  "Microsoft® Windows® Operating System",
                        "ProcessId":  "5096",
                        "OriginalFileName":  "Kernelbase.dll",
                        "Signed":  "true"
                    }
    },
    {
        "EventId":  7,
        "TimeCreated":  "\/Date(1756913934499)\/",
        "ProcessGuid":  "{f1988ae2-610e-68b8-7400-000000001e00}",
        "ProcessId":  "5096",
        "ParentProcessGuid":  null,
        "Image":  "C:\\Windows\\SysWOW64\\schtasks.exe",
        "CommandLine":  null,
        "User":  "DESKTOP-KVSEOF0\\Stage.Ali",
        "TargetFilename":  null,
        "DestinationIp":  null,
        "DestinationPort":  null,
        "SourceIp":  null,
        "SourcePort":  null,
        "Protocol":  null,
        "QueryName":  null,
        "Details":  {
                        "Description":  "Windows NT BASE API Client DLL",
                        "SignatureStatus":  "Valid",
                        "Signature":  "Microsoft Windows",
                        "Hashes":  "MD5=C9FDF863B56CCA2A80726CEEC54F7D7F,SHA256=49B8BCEBBF2CE150D050BC8403F10C3A64730F0A6EB4FA1843717CEB8A0C5D86",
                        "Image":  "C:\\Windows\\SysWOW64\\schtasks.exe",
                        "UtcTime":  "2025-09-03 15:38:54.495",
                        "ProcessGuid":  "{f1988ae2-610e-68b8-7400-000000001e00}",
                        "Company":  "Microsoft Corporation",
                        "ImageLoaded":  "C:\\Windows\\SysWOW64\\kernel32.dll",
                        "FileVersion":  "10.0.19041.1889 (WinBuild.160101.0800)",
                        "User":  "DESKTOP-KVSEOF0\\Stage.Ali",
                        "RuleName":  "-",
                        "Product":  "Microsoft® Windows® Operating System",
                        "ProcessId":  "5096",
                        "OriginalFileName":  "kernel32",
                        "Signed":  "true"
                    }
    },
    {
        "EventId":  7,
        "TimeCreated":  "\/Date(1756913934498)\/",
        "ProcessGuid":  "{f1988ae2-610e-68b8-7400-000000001e00}",
        "ProcessId":  "5096",
        "ParentProcessGuid":  null,
        "Image":  "C:\\Windows\\SysWOW64\\schtasks.exe",
        "CommandLine":  null,
        "User":  "DESKTOP-KVSEOF0\\Stage.Ali",
        "TargetFilename":  null,
        "DestinationIp":  null,
        "DestinationPort":  null,
        "SourceIp":  null,
        "SourcePort":  null,
        "Protocol":  null,
        "QueryName":  null,
        "Details":  {
                        "Description":  "AMD64 Wow64 CPU ",
                        "SignatureStatus":  "Valid",
                        "Signature":  "Microsoft Windows",
                        "Hashes":  "MD5=5184B7FD218777571ABCB3E0319F48C6,SHA256=730AC79CC90B35EA9153EAE399313F10FC55B6DEBED7E93D429FBC9D7DE5EF19",
                        "Image":  "C:\\Windows\\SysWOW64\\schtasks.exe",
                        "UtcTime":  "2025-09-03 15:38:54.495",
                        "ProcessGuid":  "{f1988ae2-610e-68b8-7400-000000001e00}",
                        "Company":  "Microsoft Corporation",
                        "ImageLoaded":  "C:\\Windows\\System32\\wow64cpu.dll",
                        "FileVersion":  "10.0.19041.662 (WinBuild.160101.0800)",
                        "User":  "DESKTOP-KVSEOF0\\Stage.Ali",
                        "RuleName":  "-",
                        "Product":  "Microsoft® Windows® Operating System",
                        "ProcessId":  "5096",
                        "OriginalFileName":  "wow64cpu.dll",
                        "Signed":  "true"
                    }
    },
    {
        "EventId":  7,
        "TimeCreated":  "\/Date(1756913934496)\/",
        "ProcessGuid":  "{f1988ae2-610e-68b8-7400-000000001e00}",
        "ProcessId":  "5096",
        "ParentProcessGuid":  null,
        "Image":  "C:\\Windows\\SysWOW64\\schtasks.exe",
        "CommandLine":  null,
        "User":  "DESKTOP-KVSEOF0\\Stage.Ali",
        "TargetFilename":  null,
        "DestinationIp":  null,
        "DestinationPort":  null,
        "SourceIp":  null,
        "SourcePort":  null,
        "Protocol":  null,
        "QueryName":  null,
        "Details":  {
                        "Description":  "Wow64 Console and Win32 API Logging",
                        "SignatureStatus":  "Valid",
                        "Signature":  "Microsoft Windows",
                        "Hashes":  "MD5=76484565D718864AD45D07B02DD2C880,SHA256=7D4A077775AADDC597159E5D727BFDD0B65CE880716B3E0029CAAC7A8C9E4154",
                        "Image":  "C:\\Windows\\SysWOW64\\schtasks.exe",
                        "UtcTime":  "2025-09-03 15:38:54.485",
                        "ProcessGuid":  "{f1988ae2-610e-68b8-7400-000000001e00}",
                        "Company":  "Microsoft Corporation",
                        "ImageLoaded":  "C:\\Windows\\System32\\wow64win.dll",
                        "FileVersion":  "10.0.19041.844 (WinBuild.160101.0800)",
                        "User":  "DESKTOP-KVSEOF0\\Stage.Ali",
                        "RuleName":  "-",
                        "Product":  "Microsoft® Windows® Operating System",
                        "ProcessId":  "5096",
                        "OriginalFileName":  "wow64lg2.dll",
                        "Signed":  "true"
                    }
    },
    {
        "EventId":  7,
        "TimeCreated":  "\/Date(1756913934493)\/",
        "ProcessGuid":  "{f1988ae2-610e-68b8-7400-000000001e00}",
        "ProcessId":  "5096",
        "ParentProcessGuid":  null,
        "Image":  "C:\\Windows\\SysWOW64\\schtasks.exe",
        "CommandLine":  null,
        "User":  "DESKTOP-KVSEOF0\\Stage.Ali",
        "TargetFilename":  null,
        "DestinationIp":  null,
        "DestinationPort":  null,
        "SourceIp":  null,
        "SourcePort":  null,
        "Protocol":  null,
        "QueryName":  null,
        "Details":  {
                        "Description":  "Win32 Emulation on NT64",
                        "SignatureStatus":  "Valid",
                        "Signature":  "Microsoft Windows",
                        "Hashes":  "MD5=C20A26CB64B2CCC677E738893A0F1F64,SHA256=C7D6BF0F1AA458AFA7A88BCA003170821832DEECFF729AAD5F622BBFABBC1FA9",
                        "Image":  "C:\\Windows\\SysWOW64\\schtasks.exe",
                        "UtcTime":  "2025-09-03 15:38:54.485",
                        "ProcessGuid":  "{f1988ae2-610e-68b8-7400-000000001e00}",
                        "Company":  "Microsoft Corporation",
                        "ImageLoaded":  "C:\\Windows\\System32\\wow64.dll",
                        "FileVersion":  "10.0.19041.964 (WinBuild.160101.0800)",
                        "User":  "DESKTOP-KVSEOF0\\Stage.Ali",
                        "RuleName":  "-",
                        "Product":  "Microsoft® Windows® Operating System",
                        "ProcessId":  "5096",
                        "OriginalFileName":  "wow64.dll",
                        "Signed":  "true"
                    }
    },
    {
        "EventId":  7,
        "TimeCreated":  "\/Date(1756913934491)\/",
        "ProcessGuid":  "{f1988ae2-610e-68b8-7400-000000001e00}",
        "ProcessId":  "5096",
        "ParentProcessGuid":  null,
        "Image":  "C:\\Windows\\SysWOW64\\schtasks.exe",
        "CommandLine":  null,
        "User":  "DESKTOP-KVSEOF0\\Stage.Ali",
        "TargetFilename":  null,
        "DestinationIp":  null,
        "DestinationPort":  null,
        "SourceIp":  null,
        "SourcePort":  null,
        "Protocol":  null,
        "QueryName":  null,
        "Details":  {
                        "Description":  "NT Layer DLL",
                        "SignatureStatus":  "Valid",
                        "Signature":  "Microsoft Windows",
                        "Hashes":  "MD5=5564A98A4692BA8B2D25770FB834D5F6,SHA256=28AB9A0F5F50FD5398324B5EC099F5C53C6FAA701C3F6D8B0B3DA47A76C56230",
                        "Image":  "C:\\Windows\\SysWOW64\\schtasks.exe",
                        "UtcTime":  "2025-09-03 15:38:54.485",
                        "ProcessGuid":  "{f1988ae2-610e-68b8-7400-000000001e00}",
                        "Company":  "Microsoft Corporation",
                        "ImageLoaded":  "C:\\Windows\\SysWOW64\\ntdll.dll",
                        "FileVersion":  "10.0.19041.1949 (WinBuild.160101.0800)",
                        "User":  "DESKTOP-KVSEOF0\\Stage.Ali",
                        "RuleName":  "-",
                        "Product":  "Microsoft® Windows® Operating System",
                        "ProcessId":  "5096",
                        "OriginalFileName":  "ntdll.dll",
                        "Signed":  "true"
                    }
    },
    {
        "EventId":  7,
        "TimeCreated":  "\/Date(1756913934489)\/",
        "ProcessGuid":  "{f1988ae2-610e-68b8-7400-000000001e00}",
        "ProcessId":  "5096",
        "ParentProcessGuid":  null,
        "Image":  "C:\\Windows\\SysWOW64\\schtasks.exe",
        "CommandLine":  null,
        "User":  "DESKTOP-KVSEOF0\\Stage.Ali",
        "TargetFilename":  null,
        "DestinationIp":  null,
        "DestinationPort":  null,
        "SourceIp":  null,
        "SourcePort":  null,
        "Protocol":  null,
        "QueryName":  null,
        "Details":  {
                        "Description":  "Task Scheduler Configuration Tool",
                        "SignatureStatus":  "Valid",
                        "Signature":  "Microsoft Windows",
                        "Hashes":  "MD5=48C2FE20575769DE916F48EF0676A965,SHA256=ABCD98A854E034F464DB23A8954208B52A6FD15E6F94B8593004E7932E8F3CFC",
                        "Image":  "C:\\Windows\\SysWOW64\\schtasks.exe",
                        "UtcTime":  "2025-09-03 15:38:54.479",
                        "ProcessGuid":  "{f1988ae2-610e-68b8-7400-000000001e00}",
                        "Company":  "Microsoft Corporation",
                        "ImageLoaded":  "C:\\Windows\\SysWOW64\\schtasks.exe",
                        "FileVersion":  "10.0.19041.1503 (WinBuild.160101.0800)",
                        "User":  "DESKTOP-KVSEOF0\\Stage.Ali",
                        "RuleName":  "-",
                        "Product":  "Microsoft® Windows® Operating System",
                        "ProcessId":  "5096",
                        "OriginalFileName":  "schtasks.exe",
                        "Signed":  "true"
                    }
    },
    {
        "EventId":  7,
        "TimeCreated":  "\/Date(1756913934486)\/",
        "ProcessGuid":  "{f1988ae2-610e-68b8-7400-000000001e00}",
        "ProcessId":  "5096",
        "ParentProcessGuid":  null,
        "Image":  "C:\\Windows\\SysWOW64\\schtasks.exe",
        "CommandLine":  null,
        "User":  "DESKTOP-KVSEOF0\\Stage.Ali",
        "TargetFilename":  null,
        "DestinationIp":  null,
        "DestinationPort":  null,
        "SourceIp":  null,
        "SourcePort":  null,
        "Protocol":  null,
        "QueryName":  null,
        "Details":  {
                        "Description":  "NT Layer DLL",
                        "SignatureStatus":  "Valid",
                        "Signature":  "Microsoft Windows",
                        "Hashes":  "MD5=FFC0099CC499ABF355130F6334313504,SHA256=FBDFC8183DF435C2E981F868CB578CCA3B86A1FA6E76D8F5775E2EF22944A370",
                        "Image":  "C:\\Windows\\SysWOW64\\schtasks.exe",
                        "UtcTime":  "2025-09-03 15:38:54.485",
                        "ProcessGuid":  "{f1988ae2-610e-68b8-7400-000000001e00}",
                        "Company":  "Microsoft Corporation",
                        "ImageLoaded":  "C:\\Windows\\System32\\ntdll.dll",
                        "FileVersion":  "10.0.19041.1949 (WinBuild.160101.0800)",
                        "User":  "DESKTOP-KVSEOF0\\Stage.Ali",
                        "RuleName":  "-",
                        "Product":  "Microsoft® Windows® Operating System",
                        "ProcessId":  "5096",
                        "OriginalFileName":  "ntdll.dll",
                        "Signed":  "true"
                    }
    },
    {
        "EventId":  1,
        "TimeCreated":  "\/Date(1756913934481)\/",
        "ProcessGuid":  "{f1988ae2-610e-68b8-7400-000000001e00}",
        "ProcessId":  "5096",
        "ParentProcessGuid":  "{f1988ae2-60fb-68b8-7300-000000001e00}",
        "Image":  "C:\\Windows\\SysWOW64\\schtasks.exe",
        "CommandLine":  "\"C:\\Windows\\System32\\schtasks.exe\" /Create /TN \"Updates\\GqwhEGLz\" /XML \"C:\\Users\\Stage.Ali\\AppData\\Local\\Temp\\tmp47A3.tmp\"",
        "User":  "DESKTOP-KVSEOF0\\Stage.Ali",
        "TargetFilename":  null,
        "DestinationIp":  null,
        "DestinationPort":  null,
        "SourceIp":  null,
        "SourcePort":  null,
        "Protocol":  null,
        "QueryName":  null,
        "Details":  {
                        "ParentCommandLine":  "\"C:\\Users\\Stage.Ali\\Desktop\\Malware\\09197780e4de9aa1abaa44d580b3102138c6d3a03ab46b518f88f8c40dc882df.exe\" ",
                        "Description":  "Task Scheduler Configuration Tool",
                        "CommandLine":  "\"C:\\Windows\\System32\\schtasks.exe\" /Create /TN \"Updates\\GqwhEGLz\" /XML \"C:\\Users\\Stage.Ali\\AppData\\Local\\Temp\\tmp47A3.tmp\"",
                        "CurrentDirectory":  "C:\\Windows\\system32\\",
                        "Hashes":  "MD5=48C2FE20575769DE916F48EF0676A965,SHA256=ABCD98A854E034F464DB23A8954208B52A6FD15E6F94B8593004E7932E8F3CFC",
                        "Image":  "C:\\Windows\\SysWOW64\\schtasks.exe",
                        "UtcTime":  "2025-09-03 15:38:54.468",
                        "ProcessGuid":  "{f1988ae2-610e-68b8-7400-000000001e00}",
                        "ParentUser":  "DESKTOP-KVSEOF0\\Stage.Ali",
                        "Company":  "Microsoft Corporation",
                        "IntegrityLevel":  "Medium",
                        "FileVersion":  "10.0.19041.1503 (WinBuild.160101.0800)",
                        "User":  "DESKTOP-KVSEOF0\\Stage.Ali",
                        "RuleName":  "-",
                        "Product":  "Microsoft® Windows® Operating System",
                        "LogonId":  "0x9f6ed",
                        "ProcessId":  "5096",
                        "OriginalFileName":  "schtasks.exe",
                        "LogonGuid":  "{f1988ae2-60f4-68b8-edf6-090000000000}",
                        "TerminalSessionId":  "0",
                        "ParentProcessGuid":  "{f1988ae2-60fb-68b8-7300-000000001e00}",
                        "ParentProcessId":  "2872",
                        "ParentImage":  "C:\\Users\\Stage.Ali\\Desktop\\Malware\\09197780e4de9aa1abaa44d580b3102138c6d3a03ab46b518f88f8c40dc882df.exe"
                    }
    },
    {
        "EventId":  7,
        "TimeCreated":  "\/Date(1756913934474)\/",
        "ProcessGuid":  "{f1988ae2-60fb-68b8-7300-000000001e00}",
        "ProcessId":  "2872",
        "ParentProcessGuid":  null,
        "Image":  "C:\\Users\\Stage.Ali\\Desktop\\Malware\\09197780e4de9aa1abaa44d580b3102138c6d3a03ab46b518f88f8c40dc882df.exe",
        "CommandLine":  null,
        "User":  "DESKTOP-KVSEOF0\\Stage.Ali",
        "TargetFilename":  null,
        "DestinationIp":  null,
        "DestinationPort":  null,
        "SourceIp":  null,
        "SourcePort":  null,
        "Protocol":  null,
        "QueryName":  null,
        "Details":  {
                        "Description":  "Software Licensing Client Dll",
                        "SignatureStatus":  "Valid",
                        "Signature":  "Microsoft Windows",
                        "Hashes":  "MD5=A464BF8D0ECE8433AD40B8C5C7813D27,SHA256=A6C5063F085BC2B9205969A7885580DB787311522C47F57C0C12A1D7BB283428",
                        "Image":  "C:\\Users\\Stage.Ali\\Desktop\\Malware\\09197780e4de9aa1abaa44d580b3102138c6d3a03ab46b518f88f8c40dc882df.exe",
                        "UtcTime":  "2025-09-03 15:38:54.459",
                        "ProcessGuid":  "{f1988ae2-60fb-68b8-7300-000000001e00}",
                        "Company":  "Microsoft Corporation",
                        "ImageLoaded":  "C:\\Windows\\SysWOW64\\sppc.dll",
                        "FileVersion":  "10.0.19041.1682 (WinBuild.160101.0800)",
                        "User":  "DESKTOP-KVSEOF0\\Stage.Ali",
                        "RuleName":  "-",
                        "Product":  "Microsoft® Windows® Operating System",
                        "ProcessId":  "2872",
                        "OriginalFileName":  "sppc.dll",
                        "Signed":  "true"
                    }
    },
    {
        "EventId":  12,
        "TimeCreated":  "\/Date(1756913934467)\/",
        "ProcessGuid":  "{f1988ae2-60fb-68b8-7300-000000001e00}",
        "ProcessId":  "2872",
        "ParentProcessGuid":  null,
        "Image":  "C:\\Users\\Stage.Ali\\Desktop\\Malware\\09197780e4de9aa1abaa44d580b3102138c6d3a03ab46b518f88f8c40dc882df.exe",
        "CommandLine":  null,
        "User":  "DESKTOP-KVSEOF0\\Stage.Ali",
        "TargetFilename":  null,
        "DestinationIp":  null,
        "DestinationPort":  null,
        "SourceIp":  null,
        "SourcePort":  null,
        "Protocol":  null,
        "QueryName":  null,
        "Details":  {
                        "Image":  "C:\\Users\\Stage.Ali\\Desktop\\Malware\\09197780e4de9aa1abaa44d580b3102138c6d3a03ab46b518f88f8c40dc882df.exe",
                        "ProcessGuid":  "{f1988ae2-60fb-68b8-7300-000000001e00}",
                        "TargetObject":  "HKU\\.DEFAULT\\Software\\Microsoft\\Windows\\CurrentVersion\\Explorer",
                        "ProcessId":  "2872",
                        "UtcTime":  "2025-09-03 15:38:54.459",
                        "RuleName":  "-",
                        "EventType":  "CreateKey",
                        "User":  "DESKTOP-KVSEOF0\\Stage.Ali"
                    }
    },
    {
        "EventId":  12,
        "TimeCreated":  "\/Date(1756913934467)\/",
        "ProcessGuid":  "{f1988ae2-60fb-68b8-7300-000000001e00}",
        "ProcessId":  "2872",
        "ParentProcessGuid":  null,
        "Image":  "C:\\Users\\Stage.Ali\\Desktop\\Malware\\09197780e4de9aa1abaa44d580b3102138c6d3a03ab46b518f88f8c40dc882df.exe",
        "CommandLine":  null,
        "User":  "DESKTOP-KVSEOF0\\Stage.Ali",
        "TargetFilename":  null,
        "DestinationIp":  null,
        "DestinationPort":  null,
        "SourceIp":  null,
        "SourcePort":  null,
        "Protocol":  null,
        "QueryName":  null,
        "Details":  {
                        "Image":  "C:\\Users\\Stage.Ali\\Desktop\\Malware\\09197780e4de9aa1abaa44d580b3102138c6d3a03ab46b518f88f8c40dc882df.exe",
                        "ProcessGuid":  "{f1988ae2-60fb-68b8-7300-000000001e00}",
                        "TargetObject":  "HKU\\.DEFAULT\\Software\\Microsoft\\Windows\\CurrentVersion",
                        "ProcessId":  "2872",
                        "UtcTime":  "2025-09-03 15:38:54.459",
                        "RuleName":  "-",
                        "EventType":  "CreateKey",
                        "User":  "DESKTOP-KVSEOF0\\Stage.Ali"
                    }
    },
    {
        "EventId":  12,
        "TimeCreated":  "\/Date(1756913934467)\/",
        "ProcessGuid":  "{f1988ae2-60fb-68b8-7300-000000001e00}",
        "ProcessId":  "2872",
        "ParentProcessGuid":  null,
        "Image":  "C:\\Users\\Stage.Ali\\Desktop\\Malware\\09197780e4de9aa1abaa44d580b3102138c6d3a03ab46b518f88f8c40dc882df.exe",
        "CommandLine":  null,
        "User":  "DESKTOP-KVSEOF0\\Stage.Ali",
        "TargetFilename":  null,
        "DestinationIp":  null,
        "DestinationPort":  null,
        "SourceIp":  null,
        "SourcePort":  null,
        "Protocol":  null,
        "QueryName":  null,
        "Details":  {
                        "Image":  "C:\\Users\\Stage.Ali\\Desktop\\Malware\\09197780e4de9aa1abaa44d580b3102138c6d3a03ab46b518f88f8c40dc882df.exe",
                        "ProcessGuid":  "{f1988ae2-60fb-68b8-7300-000000001e00}",
                        "TargetObject":  "HKU\\.DEFAULT\\Software\\Microsoft\\Windows",
                        "ProcessId":  "2872",
                        "UtcTime":  "2025-09-03 15:38:54.459",
                        "RuleName":  "-",
                        "EventType":  "CreateKey",
                        "User":  "DESKTOP-KVSEOF0\\Stage.Ali"
                    }
    },
    {
        "EventId":  12,
        "TimeCreated":  "\/Date(1756913934467)\/",
        "ProcessGuid":  "{f1988ae2-60fb-68b8-7300-000000001e00}",
        "ProcessId":  "2872",
        "ParentProcessGuid":  null,
        "Image":  "C:\\Users\\Stage.Ali\\Desktop\\Malware\\09197780e4de9aa1abaa44d580b3102138c6d3a03ab46b518f88f8c40dc882df.exe",
        "CommandLine":  null,
        "User":  "DESKTOP-KVSEOF0\\Stage.Ali",
        "TargetFilename":  null,
        "DestinationIp":  null,
        "DestinationPort":  null,
        "SourceIp":  null,
        "SourcePort":  null,
        "Protocol":  null,
        "QueryName":  null,
        "Details":  {
                        "Image":  "C:\\Users\\Stage.Ali\\Desktop\\Malware\\09197780e4de9aa1abaa44d580b3102138c6d3a03ab46b518f88f8c40dc882df.exe",
                        "ProcessGuid":  "{f1988ae2-60fb-68b8-7300-000000001e00}",
                        "TargetObject":  "HKU\\.DEFAULT\\Software\\Microsoft",
                        "ProcessId":  "2872",
                        "UtcTime":  "2025-09-03 15:38:54.459",
                        "RuleName":  "-",
                        "EventType":  "CreateKey",
                        "User":  "DESKTOP-KVSEOF0\\Stage.Ali"
                    }
    },
    {
        "EventId":  12,
        "TimeCreated":  "\/Date(1756913934467)\/",
        "ProcessGuid":  "{f1988ae2-60fb-68b8-7300-000000001e00}",
        "ProcessId":  "2872",
        "ParentProcessGuid":  null,
        "Image":  "C:\\Users\\Stage.Ali\\Desktop\\Malware\\09197780e4de9aa1abaa44d580b3102138c6d3a03ab46b518f88f8c40dc882df.exe",
        "CommandLine":  null,
        "User":  "DESKTOP-KVSEOF0\\Stage.Ali",
        "TargetFilename":  null,
        "DestinationIp":  null,
        "DestinationPort":  null,
        "SourceIp":  null,
        "SourcePort":  null,
        "Protocol":  null,
        "QueryName":  null,
        "Details":  {
                        "Image":  "C:\\Users\\Stage.Ali\\Desktop\\Malware\\09197780e4de9aa1abaa44d580b3102138c6d3a03ab46b518f88f8c40dc882df.exe",
                        "ProcessGuid":  "{f1988ae2-60fb-68b8-7300-000000001e00}",
                        "TargetObject":  "HKU\\.DEFAULT\\Software",
                        "ProcessId":  "2872",
                        "UtcTime":  "2025-09-03 15:38:54.459",
                        "RuleName":  "-",
                        "EventType":  "CreateKey",
                        "User":  "DESKTOP-KVSEOF0\\Stage.Ali"
                    }
    },
    {
        "EventId":  7,
        "TimeCreated":  "\/Date(1756913934465)\/",
        "ProcessGuid":  "{f1988ae2-60fb-68b8-7300-000000001e00}",
        "ProcessId":  "2872",
        "ParentProcessGuid":  null,
        "Image":  "C:\\Users\\Stage.Ali\\Desktop\\Malware\\09197780e4de9aa1abaa44d580b3102138c6d3a03ab46b518f88f8c40dc882df.exe",
        "CommandLine":  null,
        "User":  "DESKTOP-KVSEOF0\\Stage.Ali",
        "TargetFilename":  null,
        "DestinationIp":  null,
        "DestinationPort":  null,
        "SourceIp":  null,
        "SourcePort":  null,
        "Protocol":  null,
        "QueryName":  null,
        "Details":  {
                        "Description":  "Software Licensing Client Dll",
                        "SignatureStatus":  "Valid",
                        "Signature":  "Microsoft Windows",
                        "Hashes":  "MD5=AA1C585C3059A69EADA53F6C7D38E55D,SHA256=948BD64A047A274C371E4330F1069FECF1D56C0842C0272A824B5B665D905F0E",
                        "Image":  "C:\\Users\\Stage.Ali\\Desktop\\Malware\\09197780e4de9aa1abaa44d580b3102138c6d3a03ab46b518f88f8c40dc882df.exe",
                        "UtcTime":  "2025-09-03 15:38:54.453",
                        "ProcessGuid":  "{f1988ae2-60fb-68b8-7300-000000001e00}",
                        "Company":  "Microsoft Corporation",
                        "ImageLoaded":  "C:\\Windows\\SysWOW64\\slc.dll",
                        "FileVersion":  "10.0.19041.1682 (WinBuild.160101.0800)",
                        "User":  "DESKTOP-KVSEOF0\\Stage.Ali",
                        "RuleName":  "-",
                        "Product":  "Microsoft® Windows® Operating System",
                        "ProcessId":  "2872",
                        "OriginalFileName":  "slc.dll",
                        "Signed":  "true"
                    }
    },
    {
        "EventId":  7,
        "TimeCreated":  "\/Date(1756913934457)\/",
        "ProcessGuid":  "{f1988ae2-60fb-68b8-7300-000000001e00}",
        "ProcessId":  "2872",
        "ParentProcessGuid":  null,
        "Image":  "C:\\Users\\Stage.Ali\\Desktop\\Malware\\09197780e4de9aa1abaa44d580b3102138c6d3a03ab46b518f88f8c40dc882df.exe",
        "CommandLine":  null,
        "User":  "DESKTOP-KVSEOF0\\Stage.Ali",
        "TargetFilename":  null,
        "DestinationIp":  null,
        "DestinationPort":  null,
        "SourceIp":  null,
        "SourcePort":  null,
        "Protocol":  null,
        "QueryName":  null,
        "Details":  {
                        "Description":  "BCP47 Language Classes",
                        "SignatureStatus":  "Valid",
                        "Signature":  "Microsoft Windows",
                        "Hashes":  "MD5=CDFD85CB84AA750708A52C1CE47C4D82,SHA256=8C6DB37DE3233DEADFDD8F424EE8ADA12AC18B1A4CE1A2E88A10E9E0A7C39537",
                        "Image":  "C:\\Users\\Stage.Ali\\Desktop\\Malware\\09197780e4de9aa1abaa44d580b3102138c6d3a03ab46b518f88f8c40dc882df.exe",
                        "UtcTime":  "2025-09-03 15:38:54.444",
                        "ProcessGuid":  "{f1988ae2-60fb-68b8-7300-000000001e00}",
                        "Company":  "Microsoft Corporation",
                        "ImageLoaded":  "C:\\Windows\\SysWOW64\\BCP47Langs.dll",
                        "FileVersion":  "10.0.19041.1566 (WinBuild.160101.0800)",
                        "User":  "DESKTOP-KVSEOF0\\Stage.Ali",
                        "RuleName":  "-",
                        "Product":  "Microsoft® Windows® Operating System",
                        "ProcessId":  "2872",
                        "OriginalFileName":  "BCP47Lang.dll",
                        "Signed":  "true"
                    }
    },
