    {
        "EventId":  7,
        "TimeCreated":  "\/Date(1756913937019)\/",
        "ProcessGuid":  "{f1988ae2-6110-68b8-7a00-000000001e00}",
        "ProcessId":  "4816",
        "ParentProcessGuid":  null,
        "Image":  "C:\\Windows\\SysWOW64\\WerFault.exe",
        "CommandLine":  null,
        "User":  "DESKTOP-KVSEOF0\\Stage.Ali",
        "TargetFilename":  null,
        "DestinationIp":  null,
        "DestinationPort":  null,
        "SourceIp":  null,
        "SourcePort":  null,
        "Protocol":  null,
        "QueryName":  null,
        "Details":  {
                        "Description":  "Policy Manager DLL",
                        "SignatureStatus":  "Valid",
                        "Signature":  "Microsoft Windows",
                        "Hashes":  "MD5=21F972585696C204A08ADC8CF269B05A,SHA256=C1EA524E8E48D2ACD92485AF2BD6DEA611299CF0E5A3971022817A92FA3C4DAE",
                        "Image":  "C:\\Windows\\SysWOW64\\WerFault.exe",
                        "UtcTime":  "2025-09-03 15:38:57.016",
                        "ProcessGuid":  "{f1988ae2-6110-68b8-7a00-000000001e00}",
                        "Company":  "Microsoft Corporation",
                        "ImageLoaded":  "C:\\Windows\\SysWOW64\\policymanager.dll",
                        "FileVersion":  "10.0.19041.1865 (WinBuild.160101.0800)",
                        "User":  "DESKTOP-KVSEOF0\\Stage.Ali",
                        "RuleName":  "-",
                        "Product":  "Microsoft® Windows® Operating System",
                        "ProcessId":  "4816",
                        "OriginalFileName":  "PolicyManager.dll",
                        "Signed":  "true"
                    }
    },
    {
        "EventId":  7,
        "TimeCreated":  "\/Date(1756913937018)\/",
        "ProcessGuid":  "{f1988ae2-6110-68b8-7a00-000000001e00}",
        "ProcessId":  "4816",
        "ParentProcessGuid":  null,
        "Image":  "C:\\Windows\\SysWOW64\\WerFault.exe",
        "CommandLine":  null,
        "User":  "DESKTOP-KVSEOF0\\Stage.Ali",
        "TargetFilename":  null,
        "DestinationIp":  null,
        "DestinationPort":  null,
        "SourceIp":  null,
        "SourcePort":  null,
        "Protocol":  null,
        "QueryName":  null,
        "Details":  {
                        "Description":  "Microsoft® STL110 C++ Runtime Library",
                        "SignatureStatus":  "Valid",
                        "Signature":  "Microsoft Windows",
                        "Hashes":  "MD5=76F66CCF0A9A24C43491E84AADBD2CB8,SHA256=87853397C7D6E33C0E4429F52E4884D5E7581E87E192CE58E646A7AFA1658CA3",
                        "Image":  "C:\\Windows\\SysWOW64\\WerFault.exe",
                        "UtcTime":  "2025-09-03 15:38:57.016",
                        "ProcessGuid":  "{f1988ae2-6110-68b8-7a00-000000001e00}",
                        "Company":  "Microsoft Corporation",
                        "ImageLoaded":  "C:\\Windows\\SysWOW64\\msvcp110_win.dll",
                        "FileVersion":  "10.0.19041.546 (WinBuild.160101.0800)",
                        "User":  "DESKTOP-KVSEOF0\\Stage.Ali",
                        "RuleName":  "-",
                        "Product":  "Microsoft® Windows® Operating System",
                        "ProcessId":  "4816",
                        "OriginalFileName":  "msvcp110_win.dll",
                        "Signed":  "true"
                    }
    },
    {
        "EventId":  7,
        "TimeCreated":  "\/Date(1756913937017)\/",
        "ProcessGuid":  "{f1988ae2-6110-68b8-7a00-000000001e00}",
        "ProcessId":  "4816",
        "ParentProcessGuid":  null,
        "Image":  "C:\\Windows\\SysWOW64\\WerFault.exe",
        "CommandLine":  null,
        "User":  "DESKTOP-KVSEOF0\\Stage.Ali",
        "TargetFilename":  null,
        "DestinationIp":  null,
        "DestinationPort":  null,
        "SourceIp":  null,
        "SourcePort":  null,
        "Protocol":  null,
        "QueryName":  null,
        "Details":  {
                        "Description":  "Policy Manager DLL",
                        "SignatureStatus":  "Valid",
                        "Signature":  "Microsoft Windows",
                        "Hashes":  "MD5=21F972585696C204A08ADC8CF269B05A,SHA256=C1EA524E8E48D2ACD92485AF2BD6DEA611299CF0E5A3971022817A92FA3C4DAE",
                        "Image":  "C:\\Windows\\SysWOW64\\WerFault.exe",
                        "UtcTime":  "2025-09-03 15:38:56.962",
                        "ProcessGuid":  "{f1988ae2-6110-68b8-7a00-000000001e00}",
                        "Company":  "Microsoft Corporation",
                        "ImageLoaded":  "C:\\Windows\\SysWOW64\\policymanager.dll",
                        "FileVersion":  "10.0.19041.1865 (WinBuild.160101.0800)",
                        "User":  "DESKTOP-KVSEOF0\\Stage.Ali",
                        "RuleName":  "-",
                        "Product":  "Microsoft® Windows® Operating System",
                        "ProcessId":  "4816",
                        "OriginalFileName":  "PolicyManager.dll",
                        "Signed":  "true"
                    }
    },
    {
        "EventId":  7,
        "TimeCreated":  "\/Date(1756913937013)\/",
        "ProcessGuid":  "{f1988ae2-6110-68b8-7a00-000000001e00}",
        "ProcessId":  "4816",
        "ParentProcessGuid":  null,
        "Image":  "C:\\Windows\\SysWOW64\\WerFault.exe",
        "CommandLine":  null,
        "User":  "DESKTOP-KVSEOF0\\Stage.Ali",
        "TargetFilename":  null,
        "DestinationIp":  null,
        "DestinationPort":  null,
        "SourceIp":  null,
        "SourcePort":  null,
        "Protocol":  null,
        "QueryName":  null,
        "Details":  {
                        "Description":  "Microsoft® STL110 C++ Runtime Library",
                        "SignatureStatus":  "Valid",
                        "Signature":  "Microsoft Windows",
                        "Hashes":  "MD5=76F66CCF0A9A24C43491E84AADBD2CB8,SHA256=87853397C7D6E33C0E4429F52E4884D5E7581E87E192CE58E646A7AFA1658CA3",
                        "Image":  "C:\\Windows\\SysWOW64\\WerFault.exe",
                        "UtcTime":  "2025-09-03 15:38:56.962",
                        "ProcessGuid":  "{f1988ae2-6110-68b8-7a00-000000001e00}",
                        "Company":  "Microsoft Corporation",
                        "ImageLoaded":  "C:\\Windows\\SysWOW64\\msvcp110_win.dll",
                        "FileVersion":  "10.0.19041.546 (WinBuild.160101.0800)",
                        "User":  "DESKTOP-KVSEOF0\\Stage.Ali",
                        "RuleName":  "-",
                        "Product":  "Microsoft® Windows® Operating System",
                        "ProcessId":  "4816",
                        "OriginalFileName":  "msvcp110_win.dll",
                        "Signed":  "true"
                    }
    },
    {
        "EventId":  7,
        "TimeCreated":  "\/Date(1756913937013)\/",
        "ProcessGuid":  "{f1988ae2-6110-68b8-7a00-000000001e00}",
        "ProcessId":  "4816",
        "ParentProcessGuid":  null,
        "Image":  "C:\\Windows\\SysWOW64\\WerFault.exe",
        "CommandLine":  null,
        "User":  "DESKTOP-KVSEOF0\\Stage.Ali",
        "TargetFilename":  null,
        "DestinationIp":  null,
        "DestinationPort":  null,
        "SourceIp":  null,
        "SourcePort":  null,
        "Protocol":  null,
        "QueryName":  null,
        "Details":  {
                        "Description":  "Policy Manager DLL",
                        "SignatureStatus":  "Valid",
                        "Signature":  "Microsoft Windows",
                        "Hashes":  "MD5=21F972585696C204A08ADC8CF269B05A,SHA256=C1EA524E8E48D2ACD92485AF2BD6DEA611299CF0E5A3971022817A92FA3C4DAE",
                        "Image":  "C:\\Windows\\SysWOW64\\WerFault.exe",
                        "UtcTime":  "2025-09-03 15:38:56.962",
                        "ProcessGuid":  "{f1988ae2-6110-68b8-7a00-000000001e00}",
                        "Company":  "Microsoft Corporation",
                        "ImageLoaded":  "C:\\Windows\\SysWOW64\\policymanager.dll",
                        "FileVersion":  "10.0.19041.1865 (WinBuild.160101.0800)",
                        "User":  "DESKTOP-KVSEOF0\\Stage.Ali",
                        "RuleName":  "-",
                        "Product":  "Microsoft® Windows® Operating System",
                        "ProcessId":  "4816",
                        "OriginalFileName":  "PolicyManager.dll",
                        "Signed":  "true"
                    }
    },
    {
        "EventId":  7,
        "TimeCreated":  "\/Date(1756913937011)\/",
        "ProcessGuid":  "{f1988ae2-6110-68b8-7a00-000000001e00}",
        "ProcessId":  "4816",
        "ParentProcessGuid":  null,
        "Image":  "C:\\Windows\\SysWOW64\\WerFault.exe",
        "CommandLine":  null,
        "User":  "DESKTOP-KVSEOF0\\Stage.Ali",
        "TargetFilename":  null,
        "DestinationIp":  null,
        "DestinationPort":  null,
        "SourceIp":  null,
        "SourcePort":  null,
        "Protocol":  null,
        "QueryName":  null,
        "Details":  {
                        "Description":  "Microsoft® STL110 C++ Runtime Library",
                        "SignatureStatus":  "Valid",
                        "Signature":  "Microsoft Windows",
                        "Hashes":  "MD5=76F66CCF0A9A24C43491E84AADBD2CB8,SHA256=87853397C7D6E33C0E4429F52E4884D5E7581E87E192CE58E646A7AFA1658CA3",
                        "Image":  "C:\\Windows\\SysWOW64\\WerFault.exe",
                        "UtcTime":  "2025-09-03 15:38:56.962",
                        "ProcessGuid":  "{f1988ae2-6110-68b8-7a00-000000001e00}",
                        "Company":  "Microsoft Corporation",
                        "ImageLoaded":  "C:\\Windows\\SysWOW64\\msvcp110_win.dll",
                        "FileVersion":  "10.0.19041.546 (WinBuild.160101.0800)",
                        "User":  "DESKTOP-KVSEOF0\\Stage.Ali",
                        "RuleName":  "-",
                        "Product":  "Microsoft® Windows® Operating System",
                        "ProcessId":  "4816",
                        "OriginalFileName":  "msvcp110_win.dll",
                        "Signed":  "true"
                    }
    },
    {
        "EventId":  7,
        "TimeCreated":  "\/Date(1756913937010)\/",
        "ProcessGuid":  "{f1988ae2-6110-68b8-7a00-000000001e00}",
        "ProcessId":  "4816",
        "ParentProcessGuid":  null,
        "Image":  "C:\\Windows\\SysWOW64\\WerFault.exe",
        "CommandLine":  null,
        "User":  "DESKTOP-KVSEOF0\\Stage.Ali",
        "TargetFilename":  null,
        "DestinationIp":  null,
        "DestinationPort":  null,
        "SourceIp":  null,
        "SourcePort":  null,
        "Protocol":  null,
        "QueryName":  null,
        "Details":  {
                        "Description":  "Policy Manager DLL",
                        "SignatureStatus":  "Valid",
                        "Signature":  "Microsoft Windows",
                        "Hashes":  "MD5=21F972585696C204A08ADC8CF269B05A,SHA256=C1EA524E8E48D2ACD92485AF2BD6DEA611299CF0E5A3971022817A92FA3C4DAE",
                        "Image":  "C:\\Windows\\SysWOW64\\WerFault.exe",
                        "UtcTime":  "2025-09-03 15:38:56.962",
                        "ProcessGuid":  "{f1988ae2-6110-68b8-7a00-000000001e00}",
                        "Company":  "Microsoft Corporation",
                        "ImageLoaded":  "C:\\Windows\\SysWOW64\\policymanager.dll",
                        "FileVersion":  "10.0.19041.1865 (WinBuild.160101.0800)",
                        "User":  "DESKTOP-KVSEOF0\\Stage.Ali",
                        "RuleName":  "-",
                        "Product":  "Microsoft® Windows® Operating System",
                        "ProcessId":  "4816",
                        "OriginalFileName":  "PolicyManager.dll",
                        "Signed":  "true"
                    }
    },
    {
        "EventId":  7,
        "TimeCreated":  "\/Date(1756913936977)\/",
        "ProcessGuid":  "{f1988ae2-6110-68b8-7a00-000000001e00}",
        "ProcessId":  "4816",
        "ParentProcessGuid":  null,
        "Image":  "C:\\Windows\\SysWOW64\\WerFault.exe",
        "CommandLine":  null,
        "User":  "DESKTOP-KVSEOF0\\Stage.Ali",
        "TargetFilename":  null,
        "DestinationIp":  null,
        "DestinationPort":  null,
        "SourceIp":  null,
        "SourcePort":  null,
        "Protocol":  null,
        "QueryName":  null,
        "Details":  {
                        "Description":  "Microsoft® STL110 C++ Runtime Library",
                        "SignatureStatus":  "Valid",
                        "Signature":  "Microsoft Windows",
                        "Hashes":  "MD5=76F66CCF0A9A24C43491E84AADBD2CB8,SHA256=87853397C7D6E33C0E4429F52E4884D5E7581E87E192CE58E646A7AFA1658CA3",
                        "Image":  "C:\\Windows\\SysWOW64\\WerFault.exe",
                        "UtcTime":  "2025-09-03 15:38:56.962",
                        "ProcessGuid":  "{f1988ae2-6110-68b8-7a00-000000001e00}",
                        "Company":  "Microsoft Corporation",
                        "ImageLoaded":  "C:\\Windows\\SysWOW64\\msvcp110_win.dll",
                        "FileVersion":  "10.0.19041.546 (WinBuild.160101.0800)",
                        "User":  "DESKTOP-KVSEOF0\\Stage.Ali",
                        "RuleName":  "-",
                        "Product":  "Microsoft® Windows® Operating System",
                        "ProcessId":  "4816",
                        "OriginalFileName":  "msvcp110_win.dll",
                        "Signed":  "true"
                    }
    },
    {
        "EventId":  7,
        "TimeCreated":  "\/Date(1756913936977)\/",
        "ProcessGuid":  "{f1988ae2-6110-68b8-7a00-000000001e00}",
        "ProcessId":  "4816",
        "ParentProcessGuid":  null,
        "Image":  "C:\\Windows\\SysWOW64\\WerFault.exe",
        "CommandLine":  null,
        "User":  "DESKTOP-KVSEOF0\\Stage.Ali",
        "TargetFilename":  null,
        "DestinationIp":  null,
        "DestinationPort":  null,
        "SourceIp":  null,
        "SourcePort":  null,
        "Protocol":  null,
        "QueryName":  null,
        "Details":  {
                        "Description":  "Policy Manager DLL",
                        "SignatureStatus":  "Valid",
                        "Signature":  "Microsoft Windows",
                        "Hashes":  "MD5=21F972585696C204A08ADC8CF269B05A,SHA256=C1EA524E8E48D2ACD92485AF2BD6DEA611299CF0E5A3971022817A92FA3C4DAE",
                        "Image":  "C:\\Windows\\SysWOW64\\WerFault.exe",
                        "UtcTime":  "2025-09-03 15:38:56.962",
                        "ProcessGuid":  "{f1988ae2-6110-68b8-7a00-000000001e00}",
                        "Company":  "Microsoft Corporation",
                        "ImageLoaded":  "C:\\Windows\\SysWOW64\\policymanager.dll",
                        "FileVersion":  "10.0.19041.1865 (WinBuild.160101.0800)",
                        "User":  "DESKTOP-KVSEOF0\\Stage.Ali",
                        "RuleName":  "-",
                        "Product":  "Microsoft® Windows® Operating System",
                        "ProcessId":  "4816",
                        "OriginalFileName":  "PolicyManager.dll",
                        "Signed":  "true"
                    }
    },
    {
        "EventId":  7,
        "TimeCreated":  "\/Date(1756913936976)\/",
        "ProcessGuid":  "{f1988ae2-6110-68b8-7a00-000000001e00}",
        "ProcessId":  "4816",
        "ParentProcessGuid":  null,
        "Image":  "C:\\Windows\\SysWOW64\\WerFault.exe",
        "CommandLine":  null,
        "User":  "DESKTOP-KVSEOF0\\Stage.Ali",
        "TargetFilename":  null,
        "DestinationIp":  null,
        "DestinationPort":  null,
        "SourceIp":  null,
        "SourcePort":  null,
        "Protocol":  null,
        "QueryName":  null,
        "Details":  {
                        "Description":  "Microsoft .NET External Data Access Support",
                        "SignatureStatus":  "Valid",
                        "Signature":  "Microsoft Corporation",
                        "Hashes":  "MD5=051E7C8E98E332A9CD641A23D2BF7FD9,SHA256=2A9642F972A4F7D3BD771ECF9A098BDEA242493EFC25245F93635FF8FE558B19",
                        "Image":  "C:\\Windows\\SysWOW64\\WerFault.exe",
                        "UtcTime":  "2025-09-03 15:38:56.962",
                        "ProcessGuid":  "{f1988ae2-6110-68b8-7a00-000000001e00}",
                        "Company":  "Microsoft Corporation",
                        "ImageLoaded":  "C:\\Windows\\Microsoft.NET\\Framework\\v4.0.30319\\mscordacwks.dll",
                        "FileVersion":  "4.8.4515.0 built by: NET48REL1LAST_C",
                        "User":  "DESKTOP-KVSEOF0\\Stage.Ali",
                        "RuleName":  "-",
                        "Product":  "Microsoft® .NET Framework",
                        "ProcessId":  "4816",
                        "OriginalFileName":  "mscordacwks.dll",
                        "Signed":  "true"
                    }
    },
    {
        "EventId":  7,
        "TimeCreated":  "\/Date(1756913936949)\/",
        "ProcessGuid":  "{f1988ae2-6110-68b8-7a00-000000001e00}",
        "ProcessId":  "4816",
        "ParentProcessGuid":  null,
        "Image":  "C:\\Windows\\SysWOW64\\WerFault.exe",
        "CommandLine":  null,
        "User":  "DESKTOP-KVSEOF0\\Stage.Ali",
        "TargetFilename":  null,
        "DestinationIp":  null,
        "DestinationPort":  null,
        "SourceIp":  null,
        "SourcePort":  null,
        "Protocol":  null,
        "QueryName":  null,
        "Details":  {
                        "Description":  "Windows Setup API",
                        "SignatureStatus":  "Valid",
                        "Signature":  "Microsoft Windows",
                        "Hashes":  "MD5=D751863E135606C079094CDCA4CB37CA,SHA256=C1D6E10D5781195C8D5B40B711E6767CEB78A7F20C7E0D88717DDA18384D6D80",
                        "Image":  "C:\\Windows\\SysWOW64\\WerFault.exe",
                        "UtcTime":  "2025-09-03 15:38:56.924",
                        "ProcessGuid":  "{f1988ae2-6110-68b8-7a00-000000001e00}",
                        "Company":  "Microsoft Corporation",
                        "ImageLoaded":  "C:\\Windows\\SysWOW64\\setupapi.dll",
                        "FileVersion":  "10.0.19041.1741 (WinBuild.160101.0800)",
                        "User":  "DESKTOP-KVSEOF0\\Stage.Ali",
                        "RuleName":  "-",
                        "Product":  "Microsoft® Windows® Operating System",
                        "ProcessId":  "4816",
                        "OriginalFileName":  "SETUPAPI.DLL",
                        "Signed":  "true"
                    }
    },
    {
        "EventId":  7,
        "TimeCreated":  "\/Date(1756913936939)\/",
        "ProcessGuid":  "{f1988ae2-6110-68b8-7a00-000000001e00}",
        "ProcessId":  "4816",
        "ParentProcessGuid":  null,
        "Image":  "C:\\Windows\\SysWOW64\\WerFault.exe",
        "CommandLine":  null,
        "User":  "DESKTOP-KVSEOF0\\Stage.Ali",
        "TargetFilename":  null,
        "DestinationIp":  null,
        "DestinationPort":  null,
        "SourceIp":  null,
        "SourcePort":  null,
        "Protocol":  null,
        "QueryName":  null,
        "Details":  {
                        "Description":  "Base cryptographic API DLL",
                        "SignatureStatus":  "Valid",
                        "Signature":  "Microsoft Windows",
                        "Hashes":  "MD5=9E1D8E1E7E3BFDF4779366BF1460D004,SHA256=6464346BC05B9A43FCE7B3E8BFD5DC5213275E639A1D2D078108D8D64FF7B746",
                        "Image":  "C:\\Windows\\SysWOW64\\WerFault.exe",
                        "UtcTime":  "2025-09-03 15:38:56.924",
                        "ProcessGuid":  "{f1988ae2-6110-68b8-7a00-000000001e00}",
                        "Company":  "Microsoft Corporation",
                        "ImageLoaded":  "C:\\Windows\\SysWOW64\\cryptbase.dll",
                        "FileVersion":  "10.0.19041.546 (WinBuild.160101.0800)",
                        "User":  "DESKTOP-KVSEOF0\\Stage.Ali",
                        "RuleName":  "-",
                        "Product":  "Microsoft® Windows® Operating System",
                        "ProcessId":  "4816",
                        "OriginalFileName":  "cryptbase.dll",
                        "Signed":  "true"
                    }
    },
    {
        "EventId":  7,
        "TimeCreated":  "\/Date(1756913936938)\/",
        "ProcessGuid":  "{f1988ae2-6110-68b8-7a00-000000001e00}",
        "ProcessId":  "4816",
        "ParentProcessGuid":  null,
        "Image":  "C:\\Windows\\SysWOW64\\WerFault.exe",
        "CommandLine":  null,
        "User":  "DESKTOP-KVSEOF0\\Stage.Ali",
        "TargetFilename":  null,
        "DestinationIp":  null,
        "DestinationPort":  null,
        "SourceIp":  null,
        "SourcePort":  null,
        "Protocol":  null,
        "QueryName":  null,
        "Details":  {
                        "Description":  "Microsoft Enhanced Cryptographic Provider",
                        "SignatureStatus":  "Valid",
                        "Signature":  "Microsoft Windows",
                        "Hashes":  "MD5=78BE124BE88BC7CE603DAC531BFAF4C1,SHA256=66D0C8619A0F8DC10B375B0546CA4B4E7726185A3D0EF656EDA9FB0F7C81E4BE",
                        "Image":  "C:\\Windows\\SysWOW64\\WerFault.exe",
                        "UtcTime":  "2025-09-03 15:38:56.924",
                        "ProcessGuid":  "{f1988ae2-6110-68b8-7a00-000000001e00}",
                        "Company":  "Microsoft Corporation",
                        "ImageLoaded":  "C:\\Windows\\SysWOW64\\rsaenh.dll",
                        "FileVersion":  "10.0.19041.1052 (WinBuild.160101.0800)",
                        "User":  "DESKTOP-KVSEOF0\\Stage.Ali",
                        "RuleName":  "-",
                        "Product":  "Microsoft® Windows® Operating System",
                        "ProcessId":  "4816",
                        "OriginalFileName":  "rsaenh.dll",
                        "Signed":  "true"
                    }
    },
    {
        "EventId":  7,
        "TimeCreated":  "\/Date(1756913936937)\/",
        "ProcessGuid":  "{f1988ae2-6110-68b8-7a00-000000001e00}",
        "ProcessId":  "4816",
        "ParentProcessGuid":  null,
        "Image":  "C:\\Windows\\SysWOW64\\WerFault.exe",
        "CommandLine":  null,
        "User":  "DESKTOP-KVSEOF0\\Stage.Ali",
        "TargetFilename":  null,
        "DestinationIp":  null,
        "DestinationPort":  null,
        "SourceIp":  null,
        "SourcePort":  null,
        "Protocol":  null,
        "QueryName":  null,
        "Details":  {
                        "Description":  "Configuration Manager DLL",
                        "SignatureStatus":  "Valid",
                        "Signature":  "Microsoft Windows",
                        "Hashes":  "MD5=497688495651F10C18B9E144BF77F263,SHA256=737016BF2B755DA9F65DCCDD5EDEF67D434968A5BE4A31BDDB140F663492E9F6",
                        "Image":  "C:\\Windows\\SysWOW64\\WerFault.exe",
                        "UtcTime":  "2025-09-03 15:38:56.924",
                        "ProcessGuid":  "{f1988ae2-6110-68b8-7a00-000000001e00}",
                        "Company":  "Microsoft Corporation",
                        "ImageLoaded":  "C:\\Windows\\SysWOW64\\cfgmgr32.dll",
                        "FileVersion":  "10.0.19041.1620 (WinBuild.160101.0800)",
                        "User":  "DESKTOP-KVSEOF0\\Stage.Ali",
                        "RuleName":  "-",
                        "Product":  "Microsoft® Windows® Operating System",
                        "ProcessId":  "4816",
                        "OriginalFileName":  "CFGMGR32.DLL",
                        "Signed":  "true"
                    }
    },
    {
        "EventId":  7,
        "TimeCreated":  "\/Date(1756913936897)\/",
        "ProcessGuid":  "{f1988ae2-6110-68b8-7a00-000000001e00}",
        "ProcessId":  "4816",
        "ParentProcessGuid":  null,
        "Image":  "C:\\Windows\\SysWOW64\\WerFault.exe",
        "CommandLine":  null,
        "User":  "DESKTOP-KVSEOF0\\Stage.Ali",
        "TargetFilename":  null,
        "DestinationIp":  null,
        "DestinationPort":  null,
        "SourceIp":  null,
        "SourcePort":  null,
        "Protocol":  null,
        "QueryName":  null,
        "Details":  {
                        "Description":  "Windows File Protection",
                        "SignatureStatus":  "Valid",
                        "Signature":  "Microsoft Windows",
                        "Hashes":  "MD5=F7C113A0453D9C8157BCCD52A722103C,SHA256=7EF5FABCB46114216396C25B9560E288C9181A4DE30B0BE80DF850E14DCA2D9B",
                        "Image":  "C:\\Windows\\SysWOW64\\WerFault.exe",
                        "UtcTime":  "2025-09-03 15:38:56.877",
                        "ProcessGuid":  "{f1988ae2-6110-68b8-7a00-000000001e00}",
                        "Company":  "Microsoft Corporation",
                        "ImageLoaded":  "C:\\Windows\\SysWOW64\\sfc_os.dll",
                        "FileVersion":  "10.0.19041.1741 (WinBuild.160101.0800)",
                        "User":  "DESKTOP-KVSEOF0\\Stage.Ali",
                        "RuleName":  "-",
                        "Product":  "Microsoft® Windows® Operating System",
                        "ProcessId":  "4816",
                        "OriginalFileName":  "sfc_os.dll",
                        "Signed":  "true"
                    }
    },
    {
        "EventId":  7,
        "TimeCreated":  "\/Date(1756913936889)\/",
        "ProcessGuid":  "{f1988ae2-6110-68b8-7a00-000000001e00}",
        "ProcessId":  "4816",
        "ParentProcessGuid":  null,
        "Image":  "C:\\Windows\\SysWOW64\\WerFault.exe",
        "CommandLine":  null,
        "User":  "DESKTOP-KVSEOF0\\Stage.Ali",
        "TargetFilename":  null,
        "DestinationIp":  null,
        "DestinationPort":  null,
        "SourceIp":  null,
        "SourcePort":  null,
        "Protocol":  null,
        "QueryName":  null,
        "Details":  {
                        "Description":  "Windows File Protection",
                        "SignatureStatus":  "Valid",
                        "Signature":  "Microsoft Windows",
                        "Hashes":  "MD5=AE3012342D5ED40A83916A69D760A1E8,SHA256=E0C14105221FB71F030098FFC0C4D2D1068886A9A1A45B367CE3DAB77CDDB4FB",
                        "Image":  "C:\\Windows\\SysWOW64\\WerFault.exe",
                        "UtcTime":  "2025-09-03 15:38:56.864",
                        "ProcessGuid":  "{f1988ae2-6110-68b8-7a00-000000001e00}",
                        "Company":  "Microsoft Corporation",
                        "ImageLoaded":  "C:\\Windows\\SysWOW64\\sfc.dll",
                        "FileVersion":  "10.0.19041.1741 (WinBuild.160101.0800)",
                        "User":  "DESKTOP-KVSEOF0\\Stage.Ali",
                        "RuleName":  "-",
                        "Product":  "Microsoft® Windows® Operating System",
                        "ProcessId":  "4816",
                        "OriginalFileName":  "sfc.dll",
                        "Signed":  "true"
                    }
    },
    {
        "EventId":  7,
        "TimeCreated":  "\/Date(1756913936889)\/",
        "ProcessGuid":  "{f1988ae2-6110-68b8-7a00-000000001e00}",
        "ProcessId":  "4816",
        "ParentProcessGuid":  null,
        "Image":  "C:\\Windows\\SysWOW64\\WerFault.exe",
        "CommandLine":  null,
        "User":  "DESKTOP-KVSEOF0\\Stage.Ali",
        "TargetFilename":  null,
        "DestinationIp":  null,
        "DestinationPort":  null,
        "SourceIp":  null,
        "SourcePort":  null,
        "Protocol":  null,
        "QueryName":  null,
        "Details":  {
                        "Description":  "Windows File Protection",
                        "SignatureStatus":  "Valid",
                        "Signature":  "Microsoft Windows",
                        "Hashes":  "MD5=AE3012342D5ED40A83916A69D760A1E8,SHA256=E0C14105221FB71F030098FFC0C4D2D1068886A9A1A45B367CE3DAB77CDDB4FB",
                        "Image":  "C:\\Windows\\SysWOW64\\WerFault.exe",
                        "UtcTime":  "2025-09-03 15:38:56.864",
                        "ProcessGuid":  "{f1988ae2-6110-68b8-7a00-000000001e00}",
                        "Company":  "Microsoft Corporation",
                        "ImageLoaded":  "C:\\Windows\\SysWOW64\\sfc.dll",
                        "FileVersion":  "10.0.19041.1741 (WinBuild.160101.0800)",
                        "User":  "DESKTOP-KVSEOF0\\Stage.Ali",
                        "RuleName":  "-",
                        "Product":  "Microsoft® Windows® Operating System",
                        "ProcessId":  "4816",
                        "OriginalFileName":  "sfc.dll",
                        "Signed":  "true"
                    }
    },
    {
        "EventId":  7,
        "TimeCreated":  "\/Date(1756913936878)\/",
        "ProcessGuid":  "{f1988ae2-6110-68b8-7a00-000000001e00}",
        "ProcessId":  "4816",
        "ParentProcessGuid":  null,
        "Image":  "C:\\Windows\\SysWOW64\\WerFault.exe",
        "CommandLine":  null,
        "User":  "DESKTOP-KVSEOF0\\Stage.Ali",
        "TargetFilename":  null,
        "DestinationIp":  null,
        "DestinationPort":  null,
        "SourceIp":  null,
        "SourcePort":  null,
        "Protocol":  null,
        "QueryName":  null,
        "Details":  {
                        "Description":  "Application Experience Program Cache",
                        "SignatureStatus":  "Valid",
                        "Signature":  "Microsoft Windows",
                        "Hashes":  "MD5=BE986DA67AC6EFD520FBE10F18663840,SHA256=93A82CA1845591EFFD9F17049FBEBCACA60DE8636677AB495170E1496973390D",
                        "Image":  "C:\\Windows\\SysWOW64\\WerFault.exe",
                        "UtcTime":  "2025-09-03 15:38:56.864",
                        "ProcessGuid":  "{f1988ae2-6110-68b8-7a00-000000001e00}",
                        "Company":  "Microsoft Corporation",
                        "ImageLoaded":  "C:\\Windows\\SysWOW64\\aepic.dll",
                        "FileVersion":  "10.0.19645.1046 (WinBuild.160101.0800)",
                        "User":  "DESKTOP-KVSEOF0\\Stage.Ali",
                        "RuleName":  "-",
                        "Product":  "Microsoft® Windows® Operating System",
                        "ProcessId":  "4816",
                        "OriginalFileName":  "aepic.dll",
                        "Signed":  "true"
                    }
    },
    {
        "EventId":  22,
        "TimeCreated":  "\/Date(1756913936865)\/",
        "ProcessGuid":  "{f1988ae2-610e-68b8-7600-000000001e00}",
        "ProcessId":  "4436",
        "ParentProcessGuid":  null,
        "Image":  "C:\\Users\\Stage.Ali\\Desktop\\Malware\\09197780e4de9aa1abaa44d580b3102138c6d3a03ab46b518f88f8c40dc882df.exe",
        "CommandLine":  null,
        "User":  "DESKTOP-KVSEOF0\\Stage.Ali",
        "TargetFilename":  null,
        "DestinationIp":  null,
        "DestinationPort":  null,
        "SourceIp":  null,
        "SourcePort":  null,
        "Protocol":  null,
        "QueryName":  "checkip.dyndns.org",
        "Details":  {
                        "Image":  "C:\\Users\\Stage.Ali\\Desktop\\Malware\\09197780e4de9aa1abaa44d580b3102138c6d3a03ab46b518f88f8c40dc882df.exe",
                        "ProcessGuid":  "{f1988ae2-610e-68b8-7600-000000001e00}",
                        "QueryResults":  "-",
                        "QueryName":  "checkip.dyndns.org",
                        "ProcessId":  "4436",
                        "UtcTime":  "2025-09-03 15:38:56.940",
                        "RuleName":  "-",
                        "QueryStatus":  "1460",
                        "User":  "DESKTOP-KVSEOF0\\Stage.Ali"
                    }
    },
    {
        "EventId":  7,
        "TimeCreated":  "\/Date(1756913936860)\/",
        "ProcessGuid":  "{f1988ae2-6110-68b8-7a00-000000001e00}",
        "ProcessId":  "4816",
        "ParentProcessGuid":  null,
        "Image":  "C:\\Windows\\SysWOW64\\WerFault.exe",
        "CommandLine":  null,
        "User":  "DESKTOP-KVSEOF0\\Stage.Ali",
        "TargetFilename":  null,
        "DestinationIp":  null,
        "DestinationPort":  null,
        "SourceIp":  null,
        "SourcePort":  null,
        "Protocol":  null,
        "QueryName":  null,
        "Details":  {
                        "Description":  "Multi-User Windows IMM32 API Client DLL",
                        "SignatureStatus":  "Valid",
                        "Signature":  "Microsoft Windows",
                        "Hashes":  "MD5=EA15C200B276280E45D06350D123C7D5,SHA256=1E497A15FB7248845370FC9A1AA848EC78727A257389D3315683697D8B61F26C",
                        "Image":  "C:\\Windows\\SysWOW64\\WerFault.exe",
                        "UtcTime":  "2025-09-03 15:38:56.849",
                        "ProcessGuid":  "{f1988ae2-6110-68b8-7a00-000000001e00}",
                        "Company":  "Microsoft Corporation",
                        "ImageLoaded":  "C:\\Windows\\SysWOW64\\imm32.dll",
                        "FileVersion":  "10.0.19041.546 (WinBuild.160101.0800)",
                        "User":  "DESKTOP-KVSEOF0\\Stage.Ali",
                        "RuleName":  "-",
                        "Product":  "Microsoft® Windows® Operating System",
                        "ProcessId":  "4816",
                        "OriginalFileName":  "imm32",
                        "Signed":  "true"
                    }
    },
    {
        "EventId":  7,
        "TimeCreated":  "\/Date(1756913936855)\/",
        "ProcessGuid":  "{f1988ae2-6110-68b8-7a00-000000001e00}",
        "ProcessId":  "4816",
        "ParentProcessGuid":  null,
        "Image":  "C:\\Windows\\SysWOW64\\WerFault.exe",
        "CommandLine":  null,
        "User":  "DESKTOP-KVSEOF0\\Stage.Ali",
        "TargetFilename":  null,
        "DestinationIp":  null,
        "DestinationPort":  null,
        "SourceIp":  null,
        "SourcePort":  null,
        "Protocol":  null,
        "QueryName":  null,
        "Details":  {
                        "Description":  "AppModel API Host",
                        "SignatureStatus":  "Valid",
                        "Signature":  "Microsoft Windows",
                        "Hashes":  "MD5=537504FFB328C6AA752E1EAE14E93402,SHA256=8CECE4A563C2150B37B4AE402CFB9EB782DB14E03B260F4D13B88FB85BDFB31C",
                        "Image":  "C:\\Windows\\SysWOW64\\WerFault.exe",
                        "UtcTime":  "2025-09-03 15:38:56.849",
                        "ProcessGuid":  "{f1988ae2-6110-68b8-7a00-000000001e00}",
                        "Company":  "Microsoft Corporation",
                        "ImageLoaded":  "C:\\Windows\\SysWOW64\\kernel.appcore.dll",
                        "FileVersion":  "10.0.19041.546 (WinBuild.160101.0800)",
                        "User":  "DESKTOP-KVSEOF0\\Stage.Ali",
                        "RuleName":  "-",
                        "Product":  "Microsoft® Windows® Operating System",
                        "ProcessId":  "4816",
                        "OriginalFileName":  "kernel.appcore.dll",
                        "Signed":  "true"
                    }
    },
    {
        "EventId":  11,
        "TimeCreated":  "\/Date(1756913936831)\/",
        "ProcessGuid":  "{f1988ae2-6110-68b8-7a00-000000001e00}",
        "ProcessId":  "4816",
        "ParentProcessGuid":  null,
        "Image":  "C:\\Windows\\SysWOW64\\WerFault.exe",
        "CommandLine":  null,
        "User":  "DESKTOP-KVSEOF0\\Stage.Ali",
        "TargetFilename":  "C:\\ProgramData\\Microsoft\\Windows\\WER\\Temp\\cc64cddd-d5fc-469c-8692-830cef1a525b",
        "DestinationIp":  null,
        "DestinationPort":  null,
        "SourceIp":  null,
        "SourcePort":  null,
        "Protocol":  null,
        "QueryName":  null,
        "Details":  {
                        "Image":  "C:\\Windows\\SysWOW64\\WerFault.exe",
                        "ProcessGuid":  "{f1988ae2-6110-68b8-7a00-000000001e00}",
                        "TargetFilename":  "C:\\ProgramData\\Microsoft\\Windows\\WER\\Temp\\cc64cddd-d5fc-469c-8692-830cef1a525b",
                        "ProcessId":  "4816",
                        "UtcTime":  "2025-09-03 15:38:56.824",
                        "RuleName":  "-",
                        "CreationUtcTime":  "2025-09-03 15:38:56.824",
                        "User":  "DESKTOP-KVSEOF0\\Stage.Ali"
                    }
    },
    {
        "EventId":  7,
        "TimeCreated":  "\/Date(1756913936830)\/",
        "ProcessGuid":  "{f1988ae2-6110-68b8-7a00-000000001e00}",
        "ProcessId":  "4816",
        "ParentProcessGuid":  null,
        "Image":  "C:\\Windows\\SysWOW64\\WerFault.exe",
        "CommandLine":  null,
        "User":  "DESKTOP-KVSEOF0\\Stage.Ali",
        "TargetFilename":  null,
        "DestinationIp":  null,
        "DestinationPort":  null,
        "SourceIp":  null,
        "SourcePort":  null,
        "Protocol":  null,
        "QueryName":  null,
        "Details":  {
                        "Description":  "Microsoft® STL110 C++ Runtime Library",
                        "SignatureStatus":  "Valid",
                        "Signature":  "Microsoft Windows",
                        "Hashes":  "MD5=76F66CCF0A9A24C43491E84AADBD2CB8,SHA256=87853397C7D6E33C0E4429F52E4884D5E7581E87E192CE58E646A7AFA1658CA3",
                        "Image":  "C:\\Windows\\SysWOW64\\WerFault.exe",
                        "UtcTime":  "2025-09-03 15:38:56.824",
                        "ProcessGuid":  "{f1988ae2-6110-68b8-7a00-000000001e00}",
                        "Company":  "Microsoft Corporation",
                        "ImageLoaded":  "C:\\Windows\\SysWOW64\\msvcp110_win.dll",
                        "FileVersion":  "10.0.19041.546 (WinBuild.160101.0800)",
                        "User":  "DESKTOP-KVSEOF0\\Stage.Ali",
                        "RuleName":  "-",
                        "Product":  "Microsoft® Windows® Operating System",
                        "ProcessId":  "4816",
                        "OriginalFileName":  "msvcp110_win.dll",
                        "Signed":  "true"
                    }
    },
    {
        "EventId":  7,
        "TimeCreated":  "\/Date(1756913936830)\/",
        "ProcessGuid":  "{f1988ae2-6110-68b8-7a00-000000001e00}",
        "ProcessId":  "4816",
        "ParentProcessGuid":  null,
        "Image":  "C:\\Windows\\SysWOW64\\WerFault.exe",
        "CommandLine":  null,
        "User":  "DESKTOP-KVSEOF0\\Stage.Ali",
        "TargetFilename":  null,
        "DestinationIp":  null,
        "DestinationPort":  null,
        "SourceIp":  null,
        "SourcePort":  null,
        "Protocol":  null,
        "QueryName":  null,
        "Details":  {
                        "Description":  "Policy Manager DLL",
                        "SignatureStatus":  "Valid",
                        "Signature":  "Microsoft Windows",
                        "Hashes":  "MD5=21F972585696C204A08ADC8CF269B05A,SHA256=C1EA524E8E48D2ACD92485AF2BD6DEA611299CF0E5A3971022817A92FA3C4DAE",
                        "Image":  "C:\\Windows\\SysWOW64\\WerFault.exe",
                        "UtcTime":  "2025-09-03 15:38:56.824",
                        "ProcessGuid":  "{f1988ae2-6110-68b8-7a00-000000001e00}",
                        "Company":  "Microsoft Corporation",
                        "ImageLoaded":  "C:\\Windows\\SysWOW64\\policymanager.dll",
                        "FileVersion":  "10.0.19041.1865 (WinBuild.160101.0800)",
                        "User":  "DESKTOP-KVSEOF0\\Stage.Ali",
                        "RuleName":  "-",
                        "Product":  "Microsoft® Windows® Operating System",
                        "ProcessId":  "4816",
                        "OriginalFileName":  "PolicyManager.dll",
                        "Signed":  "true"
                    }
    },
    {
        "EventId":  7,
        "TimeCreated":  "\/Date(1756913936828)\/",
        "ProcessGuid":  "{f1988ae2-6110-68b8-7a00-000000001e00}",
        "ProcessId":  "4816",
        "ParentProcessGuid":  null,
        "Image":  "C:\\Windows\\SysWOW64\\WerFault.exe",
        "CommandLine":  null,
        "User":  "DESKTOP-KVSEOF0\\Stage.Ali",
        "TargetFilename":  null,
        "DestinationIp":  null,
        "DestinationPort":  null,
        "SourceIp":  null,
        "SourcePort":  null,
        "Protocol":  null,
        "QueryName":  null,
        "Details":  {
                        "Description":  "Microsoft® STL110 C++ Runtime Library",
                        "SignatureStatus":  "Valid",
                        "Signature":  "Microsoft Windows",
                        "Hashes":  "MD5=76F66CCF0A9A24C43491E84AADBD2CB8,SHA256=87853397C7D6E33C0E4429F52E4884D5E7581E87E192CE58E646A7AFA1658CA3",
                        "Image":  "C:\\Windows\\SysWOW64\\WerFault.exe",
                        "UtcTime":  "2025-09-03 15:38:56.824",
                        "ProcessGuid":  "{f1988ae2-6110-68b8-7a00-000000001e00}",
                        "Company":  "Microsoft Corporation",
                        "ImageLoaded":  "C:\\Windows\\SysWOW64\\msvcp110_win.dll",
                        "FileVersion":  "10.0.19041.546 (WinBuild.160101.0800)",
                        "User":  "DESKTOP-KVSEOF0\\Stage.Ali",
                        "RuleName":  "-",
                        "Product":  "Microsoft® Windows® Operating System",
                        "ProcessId":  "4816",
                        "OriginalFileName":  "msvcp110_win.dll",
                        "Signed":  "true"
                    }
    },
    {
        "EventId":  7,
        "TimeCreated":  "\/Date(1756913936826)\/",
        "ProcessGuid":  "{f1988ae2-6110-68b8-7a00-000000001e00}",
        "ProcessId":  "4816",
        "ParentProcessGuid":  null,
        "Image":  "C:\\Windows\\SysWOW64\\WerFault.exe",
        "CommandLine":  null,
        "User":  "DESKTOP-KVSEOF0\\Stage.Ali",
        "TargetFilename":  null,
        "DestinationIp":  null,
        "DestinationPort":  null,
        "SourceIp":  null,
        "SourcePort":  null,
        "Protocol":  null,
        "QueryName":  null,
        "Details":  {
                        "Description":  "Policy Manager DLL",
                        "SignatureStatus":  "Valid",
                        "Signature":  "Microsoft Windows",
                        "Hashes":  "MD5=21F972585696C204A08ADC8CF269B05A,SHA256=C1EA524E8E48D2ACD92485AF2BD6DEA611299CF0E5A3971022817A92FA3C4DAE",
                        "Image":  "C:\\Windows\\SysWOW64\\WerFault.exe",
                        "UtcTime":  "2025-09-03 15:38:56.824",
                        "ProcessGuid":  "{f1988ae2-6110-68b8-7a00-000000001e00}",
                        "Company":  "Microsoft Corporation",
                        "ImageLoaded":  "C:\\Windows\\SysWOW64\\policymanager.dll",
                        "FileVersion":  "10.0.19041.1865 (WinBuild.160101.0800)",
                        "User":  "DESKTOP-KVSEOF0\\Stage.Ali",
                        "RuleName":  "-",
                        "Product":  "Microsoft® Windows® Operating System",
                        "ProcessId":  "4816",
                        "OriginalFileName":  "PolicyManager.dll",
                        "Signed":  "true"
                    }
    },
    {
        "EventId":  7,
        "TimeCreated":  "\/Date(1756913936824)\/",
        "ProcessGuid":  "{f1988ae2-6110-68b8-7a00-000000001e00}",
        "ProcessId":  "4816",
        "ParentProcessGuid":  null,
        "Image":  "C:\\Windows\\SysWOW64\\WerFault.exe",
        "CommandLine":  null,
        "User":  "DESKTOP-KVSEOF0\\Stage.Ali",
        "TargetFilename":  null,
        "DestinationIp":  null,
        "DestinationPort":  null,
        "SourceIp":  null,
        "SourcePort":  null,
        "Protocol":  null,
        "QueryName":  null,
        "Details":  {
                        "Description":  "Microsoft® STL110 C++ Runtime Library",
                        "SignatureStatus":  "Valid",
                        "Signature":  "Microsoft Windows",
                        "Hashes":  "MD5=76F66CCF0A9A24C43491E84AADBD2CB8,SHA256=87853397C7D6E33C0E4429F52E4884D5E7581E87E192CE58E646A7AFA1658CA3",
                        "Image":  "C:\\Windows\\SysWOW64\\WerFault.exe",
                        "UtcTime":  "2025-09-03 15:38:56.813",
                        "ProcessGuid":  "{f1988ae2-6110-68b8-7a00-000000001e00}",
                        "Company":  "Microsoft Corporation",
                        "ImageLoaded":  "C:\\Windows\\SysWOW64\\msvcp110_win.dll",
                        "FileVersion":  "10.0.19041.546 (WinBuild.160101.0800)",
                        "User":  "DESKTOP-KVSEOF0\\Stage.Ali",
                        "RuleName":  "-",
                        "Product":  "Microsoft® Windows® Operating System",
                        "ProcessId":  "4816",
                        "OriginalFileName":  "msvcp110_win.dll",
                        "Signed":  "true"
                    }
    },
    {
        "EventId":  7,
        "TimeCreated":  "\/Date(1756913936823)\/",
        "ProcessGuid":  "{f1988ae2-6110-68b8-7a00-000000001e00}",
        "ProcessId":  "4816",
        "ParentProcessGuid":  null,
        "Image":  "C:\\Windows\\SysWOW64\\WerFault.exe",
        "CommandLine":  null,
        "User":  "DESKTOP-KVSEOF0\\Stage.Ali",
        "TargetFilename":  null,
        "DestinationIp":  null,
        "DestinationPort":  null,
        "SourceIp":  null,
        "SourcePort":  null,
        "Protocol":  null,
        "QueryName":  null,
        "Details":  {
                        "Description":  "Policy Manager DLL",
                        "SignatureStatus":  "Valid",
                        "Signature":  "Microsoft Windows",
                        "Hashes":  "MD5=21F972585696C204A08ADC8CF269B05A,SHA256=C1EA524E8E48D2ACD92485AF2BD6DEA611299CF0E5A3971022817A92FA3C4DAE",
                        "Image":  "C:\\Windows\\SysWOW64\\WerFault.exe",
                        "UtcTime":  "2025-09-03 15:38:56.813",
                        "ProcessGuid":  "{f1988ae2-6110-68b8-7a00-000000001e00}",
                        "Company":  "Microsoft Corporation",
                        "ImageLoaded":  "C:\\Windows\\SysWOW64\\policymanager.dll",
                        "FileVersion":  "10.0.19041.1865 (WinBuild.160101.0800)",
                        "User":  "DESKTOP-KVSEOF0\\Stage.Ali",
                        "RuleName":  "-",
                        "Product":  "Microsoft® Windows® Operating System",
                        "ProcessId":  "4816",
                        "OriginalFileName":  "PolicyManager.dll",
                        "Signed":  "true"
                    }
    },
    {
        "EventId":  11,
        "TimeCreated":  "\/Date(1756913936804)\/",
        "ProcessGuid":  "{f1988ae2-6110-68b8-7a00-000000001e00}",
        "ProcessId":  "4816",
        "ParentProcessGuid":  null,
        "Image":  "C:\\Windows\\SysWOW64\\WerFault.exe",
        "CommandLine":  null,
        "User":  "DESKTOP-KVSEOF0\\Stage.Ali",
        "TargetFilename":  "C:\\ProgramData\\Microsoft\\Windows\\WER\\Temp\\29e73b3f-7427-46c1-9e71-4d67358b0001",
        "DestinationIp":  null,
        "DestinationPort":  null,
        "SourceIp":  null,
        "SourcePort":  null,
        "Protocol":  null,
        "QueryName":  null,
        "Details":  {
                        "Image":  "C:\\Windows\\SysWOW64\\WerFault.exe",
                        "ProcessGuid":  "{f1988ae2-6110-68b8-7a00-000000001e00}",
                        "TargetFilename":  "C:\\ProgramData\\Microsoft\\Windows\\WER\\Temp\\29e73b3f-7427-46c1-9e71-4d67358b0001",
                        "ProcessId":  "4816",
                        "UtcTime":  "2025-09-03 15:38:56.802",
                        "RuleName":  "-",
                        "CreationUtcTime":  "2025-09-03 15:38:56.802",
                        "User":  "DESKTOP-KVSEOF0\\Stage.Ali"
                    }
    },
