    {
        "EventId":  7,
        "TimeCreated":  "\/Date(1759704918330)\/",
        "ProcessGuid":  "{f1988ae2-f756-68e2-7a00-000000001e00}",
        "ProcessId":  "5044",
        "ParentProcessGuid":  null,
        "Image":  "C:\\Users\\Stage.Ali\\Desktop\\Malware\\a866ea54f436fbc64be8cf3d2941a9558151ee9ea1ca3fc28a8b48d512de8b83.exe",
        "CommandLine":  null,
        "User":  "DESKTOP-KVSEOF0\\Stage.Ali",
        "TargetFilename":  null,
        "DestinationIp":  null,
        "DestinationPort":  null,
        "SourceIp":  null,
        "SourcePort":  null,
        "Protocol":  null,
        "QueryName":  null,
        "Details":  {
                        "Description":  "Windows NT CRT DLL",
                        "SignatureStatus":  "Valid",
                        "Signature":  "Microsoft Windows",
                        "Hashes":  "MD5=0DAA0D9DC786F95C8DC2CCC0221B2863,SHA256=279A03ACC810C1FE613BE283EB24762F0451DA9A6142ED3DC996A1D10FE2F692",
                        "Image":  "C:\\Users\\Stage.Ali\\Desktop\\Malware\\a866ea54f436fbc64be8cf3d2941a9558151ee9ea1ca3fc28a8b48d512de8b83.exe",
                        "UtcTime":  "2025-10-05 22:55:18.278",
                        "ProcessGuid":  "{f1988ae2-f756-68e2-7a00-000000001e00}",
                        "Company":  "Microsoft Corporation",
                        "ImageLoaded":  "C:\\Windows\\SysWOW64\\msvcrt.dll",
                        "FileVersion":  "7.0.19041.546 (WinBuild.160101.0800)",
                        "User":  "DESKTOP-KVSEOF0\\Stage.Ali",
                        "RuleName":  "-",
                        "Product":  "Microsoft® Windows® Operating System",
                        "ProcessId":  "5044",
                        "OriginalFileName":  "msvcrt.dll",
                        "Signed":  "true"
                    }
    },
    {
        "EventId":  7,
        "TimeCreated":  "\/Date(1759704918322)\/",
        "ProcessGuid":  "{f1988ae2-f756-68e2-7a00-000000001e00}",
        "ProcessId":  "5044",
        "ParentProcessGuid":  null,
        "Image":  "C:\\Users\\Stage.Ali\\Desktop\\Malware\\a866ea54f436fbc64be8cf3d2941a9558151ee9ea1ca3fc28a8b48d512de8b83.exe",
        "CommandLine":  null,
        "User":  "DESKTOP-KVSEOF0\\Stage.Ali",
        "TargetFilename":  null,
        "DestinationIp":  null,
        "DestinationPort":  null,
        "SourceIp":  null,
        "SourcePort":  null,
        "Protocol":  null,
        "QueryName":  null,
        "Details":  {
                        "Description":  "Advanced Windows 32 Base API",
                        "SignatureStatus":  "Valid",
                        "Signature":  "Microsoft Windows",
                        "Hashes":  "MD5=DDE0A7C9AC38A37EB4E50E0EE631007B,SHA256=32356584FF057C325D6CDDF04870476A6D850B7AE811A84A964F6023522BB383",
                        "Image":  "C:\\Users\\Stage.Ali\\Desktop\\Malware\\a866ea54f436fbc64be8cf3d2941a9558151ee9ea1ca3fc28a8b48d512de8b83.exe",
                        "UtcTime":  "2025-10-05 22:55:18.248",
                        "ProcessGuid":  "{f1988ae2-f756-68e2-7a00-000000001e00}",
                        "Company":  "Microsoft Corporation",
                        "ImageLoaded":  "C:\\Windows\\SysWOW64\\advapi32.dll",
                        "FileVersion":  "10.0.19041.1682 (WinBuild.160101.0800)",
                        "User":  "DESKTOP-KVSEOF0\\Stage.Ali",
                        "RuleName":  "-",
                        "Product":  "Microsoft® Windows® Operating System",
                        "ProcessId":  "5044",
                        "OriginalFileName":  "advapi32.dll",
                        "Signed":  "true"
                    }
    },
    {
        "EventId":  7,
        "TimeCreated":  "\/Date(1759704918317)\/",
        "ProcessGuid":  "{f1988ae2-f756-68e2-7a00-000000001e00}",
        "ProcessId":  "5044",
        "ParentProcessGuid":  null,
        "Image":  "C:\\Users\\Stage.Ali\\Desktop\\Malware\\a866ea54f436fbc64be8cf3d2941a9558151ee9ea1ca3fc28a8b48d512de8b83.exe",
        "CommandLine":  null,
        "User":  "DESKTOP-KVSEOF0\\Stage.Ali",
        "TargetFilename":  null,
        "DestinationIp":  null,
        "DestinationPort":  null,
        "SourceIp":  null,
        "SourcePort":  null,
        "Protocol":  null,
        "QueryName":  null,
        "Details":  {
                        "Description":  "Application Compatibility Client Library",
                        "SignatureStatus":  "Valid",
                        "Signature":  "Microsoft Windows",
                        "Hashes":  "MD5=0A044F3B2538E48E4CCCA93F175A8BB2,SHA256=258DC55056413D6D2BE9DCDE5C8D9165A9E1471A8AFB4AC7A14A15DCAB77537D",
                        "Image":  "C:\\Users\\Stage.Ali\\Desktop\\Malware\\a866ea54f436fbc64be8cf3d2941a9558151ee9ea1ca3fc28a8b48d512de8b83.exe",
                        "UtcTime":  "2025-10-05 22:55:18.248",
                        "ProcessGuid":  "{f1988ae2-f756-68e2-7a00-000000001e00}",
                        "Company":  "Microsoft Corporation",
                        "ImageLoaded":  "C:\\Windows\\SysWOW64\\apphelp.dll",
                        "FileVersion":  "10.0.19041.1320 (WinBuild.160101.0800)",
                        "User":  "DESKTOP-KVSEOF0\\Stage.Ali",
                        "RuleName":  "-",
                        "Product":  "Microsoft® Windows® Operating System",
                        "ProcessId":  "5044",
                        "OriginalFileName":  "Apphelp",
                        "Signed":  "true"
                    }
    },
    {
        "EventId":  7,
        "TimeCreated":  "\/Date(1759704918260)\/",
        "ProcessGuid":  "{f1988ae2-f756-68e2-7a00-000000001e00}",
        "ProcessId":  "5044",
        "ParentProcessGuid":  null,
        "Image":  "C:\\Users\\Stage.Ali\\Desktop\\Malware\\a866ea54f436fbc64be8cf3d2941a9558151ee9ea1ca3fc28a8b48d512de8b83.exe",
        "CommandLine":  null,
        "User":  "DESKTOP-KVSEOF0\\Stage.Ali",
        "TargetFilename":  null,
        "DestinationIp":  null,
        "DestinationPort":  null,
        "SourceIp":  null,
        "SourcePort":  null,
        "Protocol":  null,
        "QueryName":  null,
        "Details":  {
                        "Description":  "Windows NT BASE API Client DLL",
                        "SignatureStatus":  "Valid",
                        "Signature":  "Microsoft Windows",
                        "Hashes":  "MD5=29280E079C66BB6F9A157D55AF6EBA80,SHA256=233C329FFBD3EA703A394008AAA04C54B8AB4139AA6C00F657EBEA8906417C37",
                        "Image":  "C:\\Users\\Stage.Ali\\Desktop\\Malware\\a866ea54f436fbc64be8cf3d2941a9558151ee9ea1ca3fc28a8b48d512de8b83.exe",
                        "UtcTime":  "2025-10-05 22:55:18.221",
                        "ProcessGuid":  "{f1988ae2-f756-68e2-7a00-000000001e00}",
                        "Company":  "Microsoft Corporation",
                        "ImageLoaded":  "C:\\Windows\\SysWOW64\\KernelBase.dll",
                        "FileVersion":  "10.0.19041.2006 (WinBuild.160101.0800)",
                        "User":  "DESKTOP-KVSEOF0\\Stage.Ali",
                        "RuleName":  "-",
                        "Product":  "Microsoft® Windows® Operating System",
                        "ProcessId":  "5044",
                        "OriginalFileName":  "Kernelbase.dll",
                        "Signed":  "true"
                    }
    },
    {
        "EventId":  7,
        "TimeCreated":  "\/Date(1759704918227)\/",
        "ProcessGuid":  "{f1988ae2-f756-68e2-7a00-000000001e00}",
        "ProcessId":  "5044",
        "ParentProcessGuid":  null,
        "Image":  "C:\\Users\\Stage.Ali\\Desktop\\Malware\\a866ea54f436fbc64be8cf3d2941a9558151ee9ea1ca3fc28a8b48d512de8b83.exe",
        "CommandLine":  null,
        "User":  "DESKTOP-KVSEOF0\\Stage.Ali",
        "TargetFilename":  null,
        "DestinationIp":  null,
        "DestinationPort":  null,
        "SourceIp":  null,
        "SourcePort":  null,
        "Protocol":  null,
        "QueryName":  null,
        "Details":  {
                        "Description":  "Windows NT BASE API Client DLL",
                        "SignatureStatus":  "Valid",
                        "Signature":  "Microsoft Windows",
                        "Hashes":  "MD5=C9FDF863B56CCA2A80726CEEC54F7D7F,SHA256=49B8BCEBBF2CE150D050BC8403F10C3A64730F0A6EB4FA1843717CEB8A0C5D86",
                        "Image":  "C:\\Users\\Stage.Ali\\Desktop\\Malware\\a866ea54f436fbc64be8cf3d2941a9558151ee9ea1ca3fc28a8b48d512de8b83.exe",
                        "UtcTime":  "2025-10-05 22:55:18.190",
                        "ProcessGuid":  "{f1988ae2-f756-68e2-7a00-000000001e00}",
                        "Company":  "Microsoft Corporation",
                        "ImageLoaded":  "C:\\Windows\\SysWOW64\\kernel32.dll",
                        "FileVersion":  "10.0.19041.1889 (WinBuild.160101.0800)",
                        "User":  "DESKTOP-KVSEOF0\\Stage.Ali",
                        "RuleName":  "-",
                        "Product":  "Microsoft® Windows® Operating System",
                        "ProcessId":  "5044",
                        "OriginalFileName":  "kernel32",
                        "Signed":  "true"
                    }
    },
    {
        "EventId":  7,
        "TimeCreated":  "\/Date(1759704918218)\/",
        "ProcessGuid":  "{f1988ae2-f756-68e2-7a00-000000001e00}",
        "ProcessId":  "5044",
        "ParentProcessGuid":  null,
        "Image":  "C:\\Users\\Stage.Ali\\Desktop\\Malware\\a866ea54f436fbc64be8cf3d2941a9558151ee9ea1ca3fc28a8b48d512de8b83.exe",
        "CommandLine":  null,
        "User":  "DESKTOP-KVSEOF0\\Stage.Ali",
        "TargetFilename":  null,
        "DestinationIp":  null,
        "DestinationPort":  null,
        "SourceIp":  null,
        "SourcePort":  null,
        "Protocol":  null,
        "QueryName":  null,
        "Details":  {
                        "Description":  "Microsoft .NET Runtime Execution Engine",
                        "SignatureStatus":  "Valid",
                        "Signature":  "Microsoft Windows",
                        "Hashes":  "MD5=3398E4051E8F4E2FF3CF0F365FA9238D,SHA256=57EFA31B9F0116E46AB5E46C2E1764A79C507F751995DB2E1C8727BDCEB0C576",
                        "Image":  "C:\\Users\\Stage.Ali\\Desktop\\Malware\\a866ea54f436fbc64be8cf3d2941a9558151ee9ea1ca3fc28a8b48d512de8b83.exe",
                        "UtcTime":  "2025-10-05 22:55:18.175",
                        "ProcessGuid":  "{f1988ae2-f756-68e2-7a00-000000001e00}",
                        "Company":  "Microsoft Corporation",
                        "ImageLoaded":  "C:\\Windows\\SysWOW64\\mscoree.dll",
                        "FileVersion":  "10.0.19041.1 (WinBuild.160101.0800)",
                        "User":  "DESKTOP-KVSEOF0\\Stage.Ali",
                        "RuleName":  "-",
                        "Product":  "Microsoft® Windows® Operating System",
                        "ProcessId":  "5044",
                        "OriginalFileName":  "mscoree.dll",
                        "Signed":  "true"
                    }
    },
    {
        "EventId":  7,
        "TimeCreated":  "\/Date(1759704918197)\/",
        "ProcessGuid":  "{f1988ae2-f756-68e2-7a00-000000001e00}",
        "ProcessId":  "5044",
        "ParentProcessGuid":  null,
        "Image":  "C:\\Users\\Stage.Ali\\Desktop\\Malware\\a866ea54f436fbc64be8cf3d2941a9558151ee9ea1ca3fc28a8b48d512de8b83.exe",
        "CommandLine":  null,
        "User":  "DESKTOP-KVSEOF0\\Stage.Ali",
        "TargetFilename":  null,
        "DestinationIp":  null,
        "DestinationPort":  null,
        "SourceIp":  null,
        "SourcePort":  null,
        "Protocol":  null,
        "QueryName":  null,
        "Details":  {
                        "Description":  "AMD64 Wow64 CPU ",
                        "SignatureStatus":  "Valid",
                        "Signature":  "Microsoft Windows",
                        "Hashes":  "MD5=5184B7FD218777571ABCB3E0319F48C6,SHA256=730AC79CC90B35EA9153EAE399313F10FC55B6DEBED7E93D429FBC9D7DE5EF19",
                        "Image":  "C:\\Users\\Stage.Ali\\Desktop\\Malware\\a866ea54f436fbc64be8cf3d2941a9558151ee9ea1ca3fc28a8b48d512de8b83.exe",
                        "UtcTime":  "2025-10-05 22:55:18.166",
                        "ProcessGuid":  "{f1988ae2-f756-68e2-7a00-000000001e00}",
                        "Company":  "Microsoft Corporation",
                        "ImageLoaded":  "C:\\Windows\\System32\\wow64cpu.dll",
                        "FileVersion":  "10.0.19041.662 (WinBuild.160101.0800)",
                        "User":  "DESKTOP-KVSEOF0\\Stage.Ali",
                        "RuleName":  "-",
                        "Product":  "Microsoft® Windows® Operating System",
                        "ProcessId":  "5044",
                        "OriginalFileName":  "wow64cpu.dll",
                        "Signed":  "true"
                    }
    },
    {
        "EventId":  7,
        "TimeCreated":  "\/Date(1759704918185)\/",
        "ProcessGuid":  "{f1988ae2-f756-68e2-7a00-000000001e00}",
        "ProcessId":  "5044",
        "ParentProcessGuid":  null,
        "Image":  "C:\\Users\\Stage.Ali\\Desktop\\Malware\\a866ea54f436fbc64be8cf3d2941a9558151ee9ea1ca3fc28a8b48d512de8b83.exe",
        "CommandLine":  null,
        "User":  "DESKTOP-KVSEOF0\\Stage.Ali",
        "TargetFilename":  null,
        "DestinationIp":  null,
        "DestinationPort":  null,
        "SourceIp":  null,
        "SourcePort":  null,
        "Protocol":  null,
        "QueryName":  null,
        "Details":  {
                        "Description":  "Wow64 Console and Win32 API Logging",
                        "SignatureStatus":  "Valid",
                        "Signature":  "Microsoft Windows",
                        "Hashes":  "MD5=76484565D718864AD45D07B02DD2C880,SHA256=7D4A077775AADDC597159E5D727BFDD0B65CE880716B3E0029CAAC7A8C9E4154",
                        "Image":  "C:\\Users\\Stage.Ali\\Desktop\\Malware\\a866ea54f436fbc64be8cf3d2941a9558151ee9ea1ca3fc28a8b48d512de8b83.exe",
                        "UtcTime":  "2025-10-05 22:55:18.140",
                        "ProcessGuid":  "{f1988ae2-f756-68e2-7a00-000000001e00}",
                        "Company":  "Microsoft Corporation",
                        "ImageLoaded":  "C:\\Windows\\System32\\wow64win.dll",
                        "FileVersion":  "10.0.19041.844 (WinBuild.160101.0800)",
                        "User":  "DESKTOP-KVSEOF0\\Stage.Ali",
                        "RuleName":  "-",
                        "Product":  "Microsoft® Windows® Operating System",
                        "ProcessId":  "5044",
                        "OriginalFileName":  "wow64lg2.dll",
                        "Signed":  "true"
                    }
    },
    {
        "EventId":  7,
        "TimeCreated":  "\/Date(1759704918175)\/",
        "ProcessGuid":  "{f1988ae2-f756-68e2-7a00-000000001e00}",
        "ProcessId":  "5044",
        "ParentProcessGuid":  null,
        "Image":  "C:\\Users\\Stage.Ali\\Desktop\\Malware\\a866ea54f436fbc64be8cf3d2941a9558151ee9ea1ca3fc28a8b48d512de8b83.exe",
        "CommandLine":  null,
        "User":  "DESKTOP-KVSEOF0\\Stage.Ali",
        "TargetFilename":  null,
        "DestinationIp":  null,
        "DestinationPort":  null,
        "SourceIp":  null,
        "SourcePort":  null,
        "Protocol":  null,
        "QueryName":  null,
        "Details":  {
                        "Description":  "Win32 Emulation on NT64",
                        "SignatureStatus":  "Valid",
                        "Signature":  "Microsoft Windows",
                        "Hashes":  "MD5=C20A26CB64B2CCC677E738893A0F1F64,SHA256=C7D6BF0F1AA458AFA7A88BCA003170821832DEECFF729AAD5F622BBFABBC1FA9",
                        "Image":  "C:\\Users\\Stage.Ali\\Desktop\\Malware\\a866ea54f436fbc64be8cf3d2941a9558151ee9ea1ca3fc28a8b48d512de8b83.exe",
                        "UtcTime":  "2025-10-05 22:55:18.140",
                        "ProcessGuid":  "{f1988ae2-f756-68e2-7a00-000000001e00}",
                        "Company":  "Microsoft Corporation",
                        "ImageLoaded":  "C:\\Windows\\System32\\wow64.dll",
                        "FileVersion":  "10.0.19041.964 (WinBuild.160101.0800)",
                        "User":  "DESKTOP-KVSEOF0\\Stage.Ali",
                        "RuleName":  "-",
                        "Product":  "Microsoft® Windows® Operating System",
                        "ProcessId":  "5044",
                        "OriginalFileName":  "wow64.dll",
                        "Signed":  "true"
                    }
    },
    {
        "EventId":  7,
        "TimeCreated":  "\/Date(1759704918169)\/",
        "ProcessGuid":  "{f1988ae2-f756-68e2-7a00-000000001e00}",
        "ProcessId":  "5044",
        "ParentProcessGuid":  null,
        "Image":  "C:\\Users\\Stage.Ali\\Desktop\\Malware\\a866ea54f436fbc64be8cf3d2941a9558151ee9ea1ca3fc28a8b48d512de8b83.exe",
        "CommandLine":  null,
        "User":  "DESKTOP-KVSEOF0\\Stage.Ali",
        "TargetFilename":  null,
        "DestinationIp":  null,
        "DestinationPort":  null,
        "SourceIp":  null,
        "SourcePort":  null,
        "Protocol":  null,
        "QueryName":  null,
        "Details":  {
                        "Description":  "NT Layer DLL",
                        "SignatureStatus":  "Valid",
                        "Signature":  "Microsoft Windows",
                        "Hashes":  "MD5=5564A98A4692BA8B2D25770FB834D5F6,SHA256=28AB9A0F5F50FD5398324B5EC099F5C53C6FAA701C3F6D8B0B3DA47A76C56230",
                        "Image":  "C:\\Users\\Stage.Ali\\Desktop\\Malware\\a866ea54f436fbc64be8cf3d2941a9558151ee9ea1ca3fc28a8b48d512de8b83.exe",
                        "UtcTime":  "2025-10-05 22:55:18.140",
                        "ProcessGuid":  "{f1988ae2-f756-68e2-7a00-000000001e00}",
                        "Company":  "Microsoft Corporation",
                        "ImageLoaded":  "C:\\Windows\\SysWOW64\\ntdll.dll",
                        "FileVersion":  "10.0.19041.1949 (WinBuild.160101.0800)",
                        "User":  "DESKTOP-KVSEOF0\\Stage.Ali",
                        "RuleName":  "-",
                        "Product":  "Microsoft® Windows® Operating System",
                        "ProcessId":  "5044",
                        "OriginalFileName":  "ntdll.dll",
                        "Signed":  "true"
                    }
    },
    {
        "EventId":  7,
        "TimeCreated":  "\/Date(1759704918135)\/",
        "ProcessGuid":  "{f1988ae2-f756-68e2-7a00-000000001e00}",
        "ProcessId":  "5044",
        "ParentProcessGuid":  null,
        "Image":  "C:\\Users\\Stage.Ali\\Desktop\\Malware\\a866ea54f436fbc64be8cf3d2941a9558151ee9ea1ca3fc28a8b48d512de8b83.exe",
        "CommandLine":  null,
        "User":  "DESKTOP-KVSEOF0\\Stage.Ali",
        "TargetFilename":  null,
        "DestinationIp":  null,
        "DestinationPort":  null,
        "SourceIp":  null,
        "SourcePort":  null,
        "Protocol":  null,
        "QueryName":  null,
        "Details":  {
                        "Description":  "KeyboardIndicator",
                        "SignatureStatus":  "Unavailable",
                        "Signature":  "-",
                        "Hashes":  "MD5=1D2356B62E1C5C503D3CEF4A3FB994FD,SHA256=A866EA54F436FBC64BE8CF3D2941A9558151EE9EA1CA3FC28A8B48D512DE8B83",
                        "Image":  "C:\\Users\\Stage.Ali\\Desktop\\Malware\\a866ea54f436fbc64be8cf3d2941a9558151ee9ea1ca3fc28a8b48d512de8b83.exe",
                        "UtcTime":  "2025-10-05 22:55:18.109",
                        "ProcessGuid":  "{f1988ae2-f756-68e2-7a00-000000001e00}",
                        "Company":  "-",
                        "ImageLoaded":  "C:\\Users\\Stage.Ali\\Desktop\\Malware\\a866ea54f436fbc64be8cf3d2941a9558151ee9ea1ca3fc28a8b48d512de8b83.exe",
                        "FileVersion":  "1.0.0.0",
                        "User":  "DESKTOP-KVSEOF0\\Stage.Ali",
                        "RuleName":  "-",
                        "Product":  "KeyboardIndicator",
                        "ProcessId":  "5044",
                        "OriginalFileName":  "eBke.exe",
                        "Signed":  "false"
                    }
    },
    {
        "EventId":  7,
        "TimeCreated":  "\/Date(1759704918129)\/",
        "ProcessGuid":  "{f1988ae2-f756-68e2-7a00-000000001e00}",
        "ProcessId":  "5044",
        "ParentProcessGuid":  null,
        "Image":  "C:\\Users\\Stage.Ali\\Desktop\\Malware\\a866ea54f436fbc64be8cf3d2941a9558151ee9ea1ca3fc28a8b48d512de8b83.exe",
        "CommandLine":  null,
        "User":  "DESKTOP-KVSEOF0\\Stage.Ali",
        "TargetFilename":  null,
        "DestinationIp":  null,
        "DestinationPort":  null,
        "SourceIp":  null,
        "SourcePort":  null,
        "Protocol":  null,
        "QueryName":  null,
        "Details":  {
                        "Description":  "NT Layer DLL",
                        "SignatureStatus":  "Valid",
                        "Signature":  "Microsoft Windows",
                        "Hashes":  "MD5=FFC0099CC499ABF355130F6334313504,SHA256=FBDFC8183DF435C2E981F868CB578CCA3B86A1FA6E76D8F5775E2EF22944A370",
                        "Image":  "C:\\Users\\Stage.Ali\\Desktop\\Malware\\a866ea54f436fbc64be8cf3d2941a9558151ee9ea1ca3fc28a8b48d512de8b83.exe",
                        "UtcTime":  "2025-10-05 22:55:18.109",
                        "ProcessGuid":  "{f1988ae2-f756-68e2-7a00-000000001e00}",
                        "Company":  "Microsoft Corporation",
                        "ImageLoaded":  "C:\\Windows\\System32\\ntdll.dll",
                        "FileVersion":  "10.0.19041.1949 (WinBuild.160101.0800)",
                        "User":  "DESKTOP-KVSEOF0\\Stage.Ali",
                        "RuleName":  "-",
                        "Product":  "Microsoft® Windows® Operating System",
                        "ProcessId":  "5044",
                        "OriginalFileName":  "ntdll.dll",
                        "Signed":  "true"
                    }
    }
]
