    {
        "EventId":  7,
        "TimeCreated":  "\/Date(1759704971867)\/",
        "ProcessGuid":  "{f1988ae2-f78a-68e2-8100-000000001e00}",
        "ProcessId":  "836",
        "ParentProcessGuid":  null,
        "Image":  "C:\\Windows\\SysWOW64\\WerFault.exe",
        "CommandLine":  null,
        "User":  "DESKTOP-KVSEOF0\\Stage.Ali",
        "TargetFilename":  null,
        "DestinationIp":  null,
        "DestinationPort":  null,
        "SourceIp":  null,
        "SourcePort":  null,
        "Protocol":  null,
        "QueryName":  null,
        "Details":  {
                        "Description":  "Resource Manager Client",
                        "SignatureStatus":  "Valid",
                        "Signature":  "Microsoft Windows",
                        "Hashes":  "MD5=A9E25A95A510B68E26BED4A0DC6F6FB0,SHA256=377F5248D9B3D30316575DD7EF9C29D72FC4462D86D01820AB7F4737AADA0EB7",
                        "Image":  "C:\\Windows\\SysWOW64\\WerFault.exe",
                        "UtcTime":  "2025-10-05 22:56:11.858",
                        "ProcessGuid":  "{f1988ae2-f78a-68e2-8100-000000001e00}",
                        "Company":  "Microsoft Corporation",
                        "ImageLoaded":  "C:\\Windows\\SysWOW64\\rmclient.dll",
                        "FileVersion":  "10.0.19041.746 (WinBuild.160101.0800)",
                        "User":  "DESKTOP-KVSEOF0\\Stage.Ali",
                        "RuleName":  "-",
                        "Product":  "Microsoft® Windows® Operating System",
                        "ProcessId":  "836",
                        "OriginalFileName":  "rmclient.dll",
                        "Signed":  "true"
                    }
    },
    {
        "EventId":  7,
        "TimeCreated":  "\/Date(1759704971849)\/",
        "ProcessGuid":  "{f1988ae2-f78a-68e2-8100-000000001e00}",
        "ProcessId":  "836",
        "ParentProcessGuid":  null,
        "Image":  "C:\\Windows\\SysWOW64\\WerFault.exe",
        "CommandLine":  null,
        "User":  "DESKTOP-KVSEOF0\\Stage.Ali",
        "TargetFilename":  null,
        "DestinationIp":  null,
        "DestinationPort":  null,
        "SourceIp":  null,
        "SourcePort":  null,
        "Protocol":  null,
        "QueryName":  null,
        "Details":  {
                        "Description":  "Network List Manager Proxy",
                        "SignatureStatus":  "Valid",
                        "Signature":  "Microsoft Windows",
                        "Hashes":  "MD5=833BC2682B72BC22BEBCF550A5FC1AA6,SHA256=6269160A74458CA166477ED7D2035C20BB4E0D528FB9C9D563B97FD75EA773B4",
                        "Image":  "C:\\Windows\\SysWOW64\\WerFault.exe",
                        "UtcTime":  "2025-10-05 22:56:11.839",
                        "ProcessGuid":  "{f1988ae2-f78a-68e2-8100-000000001e00}",
                        "Company":  "Microsoft Corporation",
                        "ImageLoaded":  "C:\\Windows\\SysWOW64\\npmproxy.dll",
                        "FileVersion":  "10.0.19041.546 (WinBuild.160101.0800)",
                        "User":  "DESKTOP-KVSEOF0\\Stage.Ali",
                        "RuleName":  "-",
                        "Product":  "Microsoft® Windows® Operating System",
                        "ProcessId":  "836",
                        "OriginalFileName":  "npfproxy.dll",
                        "Signed":  "true"
                    }
    },
    {
        "EventId":  7,
        "TimeCreated":  "\/Date(1759704971778)\/",
        "ProcessGuid":  "{f1988ae2-f78a-68e2-8100-000000001e00}",
        "ProcessId":  "836",
        "ParentProcessGuid":  null,
        "Image":  "C:\\Windows\\SysWOW64\\WerFault.exe",
        "CommandLine":  null,
        "User":  "DESKTOP-KVSEOF0\\Stage.Ali",
        "TargetFilename":  null,
        "DestinationIp":  null,
        "DestinationPort":  null,
        "SourceIp":  null,
        "SourcePort":  null,
        "Protocol":  null,
        "QueryName":  null,
        "Details":  {
                        "Description":  "Network List Manager",
                        "SignatureStatus":  "Valid",
                        "Signature":  "Microsoft Windows",
                        "Hashes":  "MD5=F7F7D21BCD4D12C770533EB31DAC6CD9,SHA256=31D9FC72DA71AFC848372FF7F33D8BD45538605C19FD5236E0AA9A2062C99C75",
                        "Image":  "C:\\Windows\\SysWOW64\\WerFault.exe",
                        "UtcTime":  "2025-10-05 22:56:11.765",
                        "ProcessGuid":  "{f1988ae2-f78a-68e2-8100-000000001e00}",
                        "Company":  "Microsoft Corporation",
                        "ImageLoaded":  "C:\\Windows\\SysWOW64\\netprofm.dll",
                        "FileVersion":  "10.0.19041.746 (WinBuild.160101.0800)",
                        "User":  "DESKTOP-KVSEOF0\\Stage.Ali",
                        "RuleName":  "-",
                        "Product":  "Microsoft® Windows® Operating System",
                        "ProcessId":  "836",
                        "OriginalFileName":  "netprofm.dll",
                        "Signed":  "true"
                    }
    },
    {
        "EventId":  7,
        "TimeCreated":  "\/Date(1759704971778)\/",
        "ProcessGuid":  "{f1988ae2-f78a-68e2-8100-000000001e00}",
        "ProcessId":  "836",
        "ParentProcessGuid":  null,
        "Image":  "C:\\Windows\\SysWOW64\\WerFault.exe",
        "CommandLine":  null,
        "User":  "DESKTOP-KVSEOF0\\Stage.Ali",
        "TargetFilename":  null,
        "DestinationIp":  null,
        "DestinationPort":  null,
        "SourceIp":  null,
        "SourcePort":  null,
        "Protocol":  null,
        "QueryName":  null,
        "Details":  {
                        "Description":  "Policy Manager DLL",
                        "SignatureStatus":  "Valid",
                        "Signature":  "Microsoft Windows",
                        "Hashes":  "MD5=21F972585696C204A08ADC8CF269B05A,SHA256=C1EA524E8E48D2ACD92485AF2BD6DEA611299CF0E5A3971022817A92FA3C4DAE",
                        "Image":  "C:\\Windows\\SysWOW64\\WerFault.exe",
                        "UtcTime":  "2025-10-05 22:56:11.761",
                        "ProcessGuid":  "{f1988ae2-f78a-68e2-8100-000000001e00}",
                        "Company":  "Microsoft Corporation",
                        "ImageLoaded":  "C:\\Windows\\SysWOW64\\policymanager.dll",
                        "FileVersion":  "10.0.19041.1865 (WinBuild.160101.0800)",
                        "User":  "DESKTOP-KVSEOF0\\Stage.Ali",
                        "RuleName":  "-",
                        "Product":  "Microsoft® Windows® Operating System",
                        "ProcessId":  "836",
                        "OriginalFileName":  "PolicyManager.dll",
                        "Signed":  "true"
                    }
    },
    {
        "EventId":  7,
        "TimeCreated":  "\/Date(1759704971778)\/",
        "ProcessGuid":  "{f1988ae2-f78a-68e2-8100-000000001e00}",
        "ProcessId":  "836",
        "ParentProcessGuid":  null,
        "Image":  "C:\\Windows\\SysWOW64\\WerFault.exe",
        "CommandLine":  null,
        "User":  "DESKTOP-KVSEOF0\\Stage.Ali",
        "TargetFilename":  null,
        "DestinationIp":  null,
        "DestinationPort":  null,
        "SourceIp":  null,
        "SourcePort":  null,
        "Protocol":  null,
        "QueryName":  null,
        "Details":  {
                        "Description":  "Policy Manager DLL",
                        "SignatureStatus":  "Valid",
                        "Signature":  "Microsoft Windows",
                        "Hashes":  "MD5=21F972585696C204A08ADC8CF269B05A,SHA256=C1EA524E8E48D2ACD92485AF2BD6DEA611299CF0E5A3971022817A92FA3C4DAE",
                        "Image":  "C:\\Windows\\SysWOW64\\WerFault.exe",
                        "UtcTime":  "2025-10-05 22:56:11.761",
                        "ProcessGuid":  "{f1988ae2-f78a-68e2-8100-000000001e00}",
                        "Company":  "Microsoft Corporation",
                        "ImageLoaded":  "C:\\Windows\\SysWOW64\\policymanager.dll",
                        "FileVersion":  "10.0.19041.1865 (WinBuild.160101.0800)",
                        "User":  "DESKTOP-KVSEOF0\\Stage.Ali",
                        "RuleName":  "-",
                        "Product":  "Microsoft® Windows® Operating System",
                        "ProcessId":  "836",
                        "OriginalFileName":  "PolicyManager.dll",
                        "Signed":  "true"
                    }
    },
    {
        "EventId":  7,
        "TimeCreated":  "\/Date(1759704971777)\/",
        "ProcessGuid":  "{f1988ae2-f78a-68e2-8100-000000001e00}",
        "ProcessId":  "836",
        "ParentProcessGuid":  null,
        "Image":  "C:\\Windows\\SysWOW64\\WerFault.exe",
        "CommandLine":  null,
        "User":  "DESKTOP-KVSEOF0\\Stage.Ali",
        "TargetFilename":  null,
        "DestinationIp":  null,
        "DestinationPort":  null,
        "SourceIp":  null,
        "SourcePort":  null,
        "Protocol":  null,
        "QueryName":  null,
        "Details":  {
                        "Description":  "Policy Manager DLL",
                        "SignatureStatus":  "Valid",
                        "Signature":  "Microsoft Windows",
                        "Hashes":  "MD5=21F972585696C204A08ADC8CF269B05A,SHA256=C1EA524E8E48D2ACD92485AF2BD6DEA611299CF0E5A3971022817A92FA3C4DAE",
                        "Image":  "C:\\Windows\\SysWOW64\\WerFault.exe",
                        "UtcTime":  "2025-10-05 22:56:11.761",
                        "ProcessGuid":  "{f1988ae2-f78a-68e2-8100-000000001e00}",
                        "Company":  "Microsoft Corporation",
                        "ImageLoaded":  "C:\\Windows\\SysWOW64\\policymanager.dll",
                        "FileVersion":  "10.0.19041.1865 (WinBuild.160101.0800)",
                        "User":  "DESKTOP-KVSEOF0\\Stage.Ali",
                        "RuleName":  "-",
                        "Product":  "Microsoft® Windows® Operating System",
                        "ProcessId":  "836",
                        "OriginalFileName":  "PolicyManager.dll",
                        "Signed":  "true"
                    }
    },
    {
        "EventId":  7,
        "TimeCreated":  "\/Date(1759704971759)\/",
        "ProcessGuid":  "{f1988ae2-f78a-68e2-8100-000000001e00}",
        "ProcessId":  "836",
        "ParentProcessGuid":  null,
        "Image":  "C:\\Windows\\SysWOW64\\WerFault.exe",
        "CommandLine":  null,
        "User":  "DESKTOP-KVSEOF0\\Stage.Ali",
        "TargetFilename":  null,
        "DestinationIp":  null,
        "DestinationPort":  null,
        "SourceIp":  null,
        "SourcePort":  null,
        "Protocol":  null,
        "QueryName":  null,
        "Details":  {
                        "Description":  "Network List Manager Proxy",
                        "SignatureStatus":  "Valid",
                        "Signature":  "Microsoft Windows",
                        "Hashes":  "MD5=833BC2682B72BC22BEBCF550A5FC1AA6,SHA256=6269160A74458CA166477ED7D2035C20BB4E0D528FB9C9D563B97FD75EA773B4",
                        "Image":  "C:\\Windows\\SysWOW64\\WerFault.exe",
                        "UtcTime":  "2025-10-05 22:56:11.743",
                        "ProcessGuid":  "{f1988ae2-f78a-68e2-8100-000000001e00}",
                        "Company":  "Microsoft Corporation",
                        "ImageLoaded":  "C:\\Windows\\SysWOW64\\npmproxy.dll",
                        "FileVersion":  "10.0.19041.546 (WinBuild.160101.0800)",
                        "User":  "DESKTOP-KVSEOF0\\Stage.Ali",
                        "RuleName":  "-",
                        "Product":  "Microsoft® Windows® Operating System",
                        "ProcessId":  "836",
                        "OriginalFileName":  "npfproxy.dll",
                        "Signed":  "true"
                    }
    },
    {
        "EventId":  7,
        "TimeCreated":  "\/Date(1759704971717)\/",
        "ProcessGuid":  "{f1988ae2-f78a-68e2-8100-000000001e00}",
        "ProcessId":  "836",
        "ParentProcessGuid":  null,
        "Image":  "C:\\Windows\\SysWOW64\\WerFault.exe",
        "CommandLine":  null,
        "User":  "DESKTOP-KVSEOF0\\Stage.Ali",
        "TargetFilename":  null,
        "DestinationIp":  null,
        "DestinationPort":  null,
        "SourceIp":  null,
        "SourcePort":  null,
        "Protocol":  null,
        "QueryName":  null,
        "Details":  {
                        "Description":  "Network List Manager",
                        "SignatureStatus":  "Valid",
                        "Signature":  "Microsoft Windows",
                        "Hashes":  "MD5=F7F7D21BCD4D12C770533EB31DAC6CD9,SHA256=31D9FC72DA71AFC848372FF7F33D8BD45538605C19FD5236E0AA9A2062C99C75",
                        "Image":  "C:\\Windows\\SysWOW64\\WerFault.exe",
                        "UtcTime":  "2025-10-05 22:56:11.678",
                        "ProcessGuid":  "{f1988ae2-f78a-68e2-8100-000000001e00}",
                        "Company":  "Microsoft Corporation",
                        "ImageLoaded":  "C:\\Windows\\SysWOW64\\netprofm.dll",
                        "FileVersion":  "10.0.19041.746 (WinBuild.160101.0800)",
                        "User":  "DESKTOP-KVSEOF0\\Stage.Ali",
                        "RuleName":  "-",
                        "Product":  "Microsoft® Windows® Operating System",
                        "ProcessId":  "836",
                        "OriginalFileName":  "netprofm.dll",
                        "Signed":  "true"
                    }
    },
    {
        "EventId":  7,
        "TimeCreated":  "\/Date(1759704971675)\/",
        "ProcessGuid":  "{f1988ae2-f78a-68e2-8100-000000001e00}",
        "ProcessId":  "836",
        "ParentProcessGuid":  null,
        "Image":  "C:\\Windows\\SysWOW64\\WerFault.exe",
        "CommandLine":  null,
        "User":  "DESKTOP-KVSEOF0\\Stage.Ali",
        "TargetFilename":  null,
        "DestinationIp":  null,
        "DestinationPort":  null,
        "SourceIp":  null,
        "SourcePort":  null,
        "Protocol":  null,
        "QueryName":  null,
        "Details":  {
                        "Description":  "Policy Manager DLL",
                        "SignatureStatus":  "Valid",
                        "Signature":  "Microsoft Windows",
                        "Hashes":  "MD5=21F972585696C204A08ADC8CF269B05A,SHA256=C1EA524E8E48D2ACD92485AF2BD6DEA611299CF0E5A3971022817A92FA3C4DAE",
                        "Image":  "C:\\Windows\\SysWOW64\\WerFault.exe",
                        "UtcTime":  "2025-10-05 22:56:11.664",
                        "ProcessGuid":  "{f1988ae2-f78a-68e2-8100-000000001e00}",
                        "Company":  "Microsoft Corporation",
                        "ImageLoaded":  "C:\\Windows\\SysWOW64\\policymanager.dll",
                        "FileVersion":  "10.0.19041.1865 (WinBuild.160101.0800)",
                        "User":  "DESKTOP-KVSEOF0\\Stage.Ali",
                        "RuleName":  "-",
                        "Product":  "Microsoft® Windows® Operating System",
                        "ProcessId":  "836",
                        "OriginalFileName":  "PolicyManager.dll",
                        "Signed":  "true"
                    }
    },
    {
        "EventId":  7,
        "TimeCreated":  "\/Date(1759704971669)\/",
        "ProcessGuid":  "{f1988ae2-f78a-68e2-8100-000000001e00}",
        "ProcessId":  "836",
        "ParentProcessGuid":  null,
        "Image":  "C:\\Windows\\SysWOW64\\WerFault.exe",
        "CommandLine":  null,
        "User":  "DESKTOP-KVSEOF0\\Stage.Ali",
        "TargetFilename":  null,
        "DestinationIp":  null,
        "DestinationPort":  null,
        "SourceIp":  null,
        "SourcePort":  null,
        "Protocol":  null,
        "QueryName":  null,
        "Details":  {
                        "Description":  "Policy Manager DLL",
                        "SignatureStatus":  "Valid",
                        "Signature":  "Microsoft Windows",
                        "Hashes":  "MD5=21F972585696C204A08ADC8CF269B05A,SHA256=C1EA524E8E48D2ACD92485AF2BD6DEA611299CF0E5A3971022817A92FA3C4DAE",
                        "Image":  "C:\\Windows\\SysWOW64\\WerFault.exe",
                        "UtcTime":  "2025-10-05 22:56:11.664",
                        "ProcessGuid":  "{f1988ae2-f78a-68e2-8100-000000001e00}",
                        "Company":  "Microsoft Corporation",
                        "ImageLoaded":  "C:\\Windows\\SysWOW64\\policymanager.dll",
                        "FileVersion":  "10.0.19041.1865 (WinBuild.160101.0800)",
                        "User":  "DESKTOP-KVSEOF0\\Stage.Ali",
                        "RuleName":  "-",
                        "Product":  "Microsoft® Windows® Operating System",
                        "ProcessId":  "836",
                        "OriginalFileName":  "PolicyManager.dll",
                        "Signed":  "true"
                    }
    },
    {
        "EventId":  7,
        "TimeCreated":  "\/Date(1759704971668)\/",
        "ProcessGuid":  "{f1988ae2-f78a-68e2-8100-000000001e00}",
        "ProcessId":  "836",
        "ParentProcessGuid":  null,
        "Image":  "C:\\Windows\\SysWOW64\\WerFault.exe",
        "CommandLine":  null,
        "User":  "DESKTOP-KVSEOF0\\Stage.Ali",
        "TargetFilename":  null,
        "DestinationIp":  null,
        "DestinationPort":  null,
        "SourceIp":  null,
        "SourcePort":  null,
        "Protocol":  null,
        "QueryName":  null,
        "Details":  {
                        "Description":  "Policy Manager DLL",
                        "SignatureStatus":  "Valid",
                        "Signature":  "Microsoft Windows",
                        "Hashes":  "MD5=21F972585696C204A08ADC8CF269B05A,SHA256=C1EA524E8E48D2ACD92485AF2BD6DEA611299CF0E5A3971022817A92FA3C4DAE",
                        "Image":  "C:\\Windows\\SysWOW64\\WerFault.exe",
                        "UtcTime":  "2025-10-05 22:56:11.664",
                        "ProcessGuid":  "{f1988ae2-f78a-68e2-8100-000000001e00}",
                        "Company":  "Microsoft Corporation",
                        "ImageLoaded":  "C:\\Windows\\SysWOW64\\policymanager.dll",
                        "FileVersion":  "10.0.19041.1865 (WinBuild.160101.0800)",
                        "User":  "DESKTOP-KVSEOF0\\Stage.Ali",
                        "RuleName":  "-",
                        "Product":  "Microsoft® Windows® Operating System",
                        "ProcessId":  "836",
                        "OriginalFileName":  "PolicyManager.dll",
                        "Signed":  "true"
                    }
    },
    {
        "EventId":  7,
        "TimeCreated":  "\/Date(1759704971668)\/",
        "ProcessGuid":  "{f1988ae2-f78a-68e2-8100-000000001e00}",
        "ProcessId":  "836",
        "ParentProcessGuid":  null,
        "Image":  "C:\\Windows\\SysWOW64\\WerFault.exe",
        "CommandLine":  null,
        "User":  "DESKTOP-KVSEOF0\\Stage.Ali",
        "TargetFilename":  null,
        "DestinationIp":  null,
        "DestinationPort":  null,
        "SourceIp":  null,
        "SourcePort":  null,
        "Protocol":  null,
        "QueryName":  null,
        "Details":  {
                        "Description":  "Policy Manager DLL",
                        "SignatureStatus":  "Valid",
                        "Signature":  "Microsoft Windows",
                        "Hashes":  "MD5=21F972585696C204A08ADC8CF269B05A,SHA256=C1EA524E8E48D2ACD92485AF2BD6DEA611299CF0E5A3971022817A92FA3C4DAE",
                        "Image":  "C:\\Windows\\SysWOW64\\WerFault.exe",
                        "UtcTime":  "2025-10-05 22:56:11.652",
                        "ProcessGuid":  "{f1988ae2-f78a-68e2-8100-000000001e00}",
                        "Company":  "Microsoft Corporation",
                        "ImageLoaded":  "C:\\Windows\\SysWOW64\\policymanager.dll",
                        "FileVersion":  "10.0.19041.1865 (WinBuild.160101.0800)",
                        "User":  "DESKTOP-KVSEOF0\\Stage.Ali",
                        "RuleName":  "-",
                        "Product":  "Microsoft® Windows® Operating System",
                        "ProcessId":  "836",
                        "OriginalFileName":  "PolicyManager.dll",
                        "Signed":  "true"
                    }
    },
    {
        "EventId":  7,
        "TimeCreated":  "\/Date(1759704971668)\/",
        "ProcessGuid":  "{f1988ae2-f78a-68e2-8100-000000001e00}",
        "ProcessId":  "836",
        "ParentProcessGuid":  null,
        "Image":  "C:\\Windows\\SysWOW64\\WerFault.exe",
        "CommandLine":  null,
        "User":  "DESKTOP-KVSEOF0\\Stage.Ali",
        "TargetFilename":  null,
        "DestinationIp":  null,
        "DestinationPort":  null,
        "SourceIp":  null,
        "SourcePort":  null,
        "Protocol":  null,
        "QueryName":  null,
        "Details":  {
                        "Description":  "Policy Manager DLL",
                        "SignatureStatus":  "Valid",
                        "Signature":  "Microsoft Windows",
                        "Hashes":  "MD5=21F972585696C204A08ADC8CF269B05A,SHA256=C1EA524E8E48D2ACD92485AF2BD6DEA611299CF0E5A3971022817A92FA3C4DAE",
                        "Image":  "C:\\Windows\\SysWOW64\\WerFault.exe",
                        "UtcTime":  "2025-10-05 22:56:11.652",
                        "ProcessGuid":  "{f1988ae2-f78a-68e2-8100-000000001e00}",
                        "Company":  "Microsoft Corporation",
                        "ImageLoaded":  "C:\\Windows\\SysWOW64\\policymanager.dll",
                        "FileVersion":  "10.0.19041.1865 (WinBuild.160101.0800)",
                        "User":  "DESKTOP-KVSEOF0\\Stage.Ali",
                        "RuleName":  "-",
                        "Product":  "Microsoft® Windows® Operating System",
                        "ProcessId":  "836",
                        "OriginalFileName":  "PolicyManager.dll",
                        "Signed":  "true"
                    }
    },
    {
        "EventId":  7,
        "TimeCreated":  "\/Date(1759704971590)\/",
        "ProcessGuid":  "{f1988ae2-f78a-68e2-8100-000000001e00}",
        "ProcessId":  "836",
        "ParentProcessGuid":  null,
        "Image":  "C:\\Windows\\SysWOW64\\WerFault.exe",
        "CommandLine":  null,
        "User":  "DESKTOP-KVSEOF0\\Stage.Ali",
        "TargetFilename":  null,
        "DestinationIp":  null,
        "DestinationPort":  null,
        "SourceIp":  null,
        "SourcePort":  null,
        "Protocol":  null,
        "QueryName":  null,
        "Details":  {
                        "Description":  "Policy Manager DLL",
                        "SignatureStatus":  "Valid",
                        "Signature":  "Microsoft Windows",
                        "Hashes":  "MD5=21F972585696C204A08ADC8CF269B05A,SHA256=C1EA524E8E48D2ACD92485AF2BD6DEA611299CF0E5A3971022817A92FA3C4DAE",
                        "Image":  "C:\\Windows\\SysWOW64\\WerFault.exe",
                        "UtcTime":  "2025-10-05 22:56:11.583",
                        "ProcessGuid":  "{f1988ae2-f78a-68e2-8100-000000001e00}",
                        "Company":  "Microsoft Corporation",
                        "ImageLoaded":  "C:\\Windows\\SysWOW64\\policymanager.dll",
                        "FileVersion":  "10.0.19041.1865 (WinBuild.160101.0800)",
                        "User":  "DESKTOP-KVSEOF0\\Stage.Ali",
                        "RuleName":  "-",
                        "Product":  "Microsoft® Windows® Operating System",
                        "ProcessId":  "836",
                        "OriginalFileName":  "PolicyManager.dll",
                        "Signed":  "true"
                    }
    },
    {
        "EventId":  7,
        "TimeCreated":  "\/Date(1759704971581)\/",
        "ProcessGuid":  "{f1988ae2-f78a-68e2-8100-000000001e00}",
        "ProcessId":  "836",
        "ParentProcessGuid":  null,
        "Image":  "C:\\Windows\\SysWOW64\\WerFault.exe",
        "CommandLine":  null,
        "User":  "DESKTOP-KVSEOF0\\Stage.Ali",
        "TargetFilename":  null,
        "DestinationIp":  null,
        "DestinationPort":  null,
        "SourceIp":  null,
        "SourcePort":  null,
        "Protocol":  null,
        "QueryName":  null,
        "Details":  {
                        "Description":  "Policy Manager DLL",
                        "SignatureStatus":  "Valid",
                        "Signature":  "Microsoft Windows",
                        "Hashes":  "MD5=21F972585696C204A08ADC8CF269B05A,SHA256=C1EA524E8E48D2ACD92485AF2BD6DEA611299CF0E5A3971022817A92FA3C4DAE",
                        "Image":  "C:\\Windows\\SysWOW64\\WerFault.exe",
                        "UtcTime":  "2025-10-05 22:56:11.570",
                        "ProcessGuid":  "{f1988ae2-f78a-68e2-8100-000000001e00}",
                        "Company":  "Microsoft Corporation",
                        "ImageLoaded":  "C:\\Windows\\SysWOW64\\policymanager.dll",
                        "FileVersion":  "10.0.19041.1865 (WinBuild.160101.0800)",
                        "User":  "DESKTOP-KVSEOF0\\Stage.Ali",
                        "RuleName":  "-",
                        "Product":  "Microsoft® Windows® Operating System",
                        "ProcessId":  "836",
                        "OriginalFileName":  "PolicyManager.dll",
                        "Signed":  "true"
                    }
    },
    {
        "EventId":  7,
        "TimeCreated":  "\/Date(1759704971581)\/",
        "ProcessGuid":  "{f1988ae2-f78a-68e2-8100-000000001e00}",
        "ProcessId":  "836",
        "ParentProcessGuid":  null,
        "Image":  "C:\\Windows\\SysWOW64\\WerFault.exe",
        "CommandLine":  null,
        "User":  "DESKTOP-KVSEOF0\\Stage.Ali",
        "TargetFilename":  null,
        "DestinationIp":  null,
        "DestinationPort":  null,
        "SourceIp":  null,
        "SourcePort":  null,
        "Protocol":  null,
        "QueryName":  null,
        "Details":  {
                        "Description":  "Policy Manager DLL",
                        "SignatureStatus":  "Valid",
                        "Signature":  "Microsoft Windows",
                        "Hashes":  "MD5=21F972585696C204A08ADC8CF269B05A,SHA256=C1EA524E8E48D2ACD92485AF2BD6DEA611299CF0E5A3971022817A92FA3C4DAE",
                        "Image":  "C:\\Windows\\SysWOW64\\WerFault.exe",
                        "UtcTime":  "2025-10-05 22:56:11.570",
                        "ProcessGuid":  "{f1988ae2-f78a-68e2-8100-000000001e00}",
                        "Company":  "Microsoft Corporation",
                        "ImageLoaded":  "C:\\Windows\\SysWOW64\\policymanager.dll",
                        "FileVersion":  "10.0.19041.1865 (WinBuild.160101.0800)",
                        "User":  "DESKTOP-KVSEOF0\\Stage.Ali",
                        "RuleName":  "-",
                        "Product":  "Microsoft® Windows® Operating System",
                        "ProcessId":  "836",
                        "OriginalFileName":  "PolicyManager.dll",
                        "Signed":  "true"
                    }
    },
    {
        "EventId":  7,
        "TimeCreated":  "\/Date(1759704971580)\/",
        "ProcessGuid":  "{f1988ae2-f78a-68e2-8100-000000001e00}",
        "ProcessId":  "836",
        "ParentProcessGuid":  null,
        "Image":  "C:\\Windows\\SysWOW64\\WerFault.exe",
        "CommandLine":  null,
        "User":  "DESKTOP-KVSEOF0\\Stage.Ali",
        "TargetFilename":  null,
        "DestinationIp":  null,
        "DestinationPort":  null,
        "SourceIp":  null,
        "SourcePort":  null,
        "Protocol":  null,
        "QueryName":  null,
        "Details":  {
                        "Description":  "Policy Manager DLL",
                        "SignatureStatus":  "Valid",
                        "Signature":  "Microsoft Windows",
                        "Hashes":  "MD5=21F972585696C204A08ADC8CF269B05A,SHA256=C1EA524E8E48D2ACD92485AF2BD6DEA611299CF0E5A3971022817A92FA3C4DAE",
                        "Image":  "C:\\Windows\\SysWOW64\\WerFault.exe",
                        "UtcTime":  "2025-10-05 22:56:11.570",
                        "ProcessGuid":  "{f1988ae2-f78a-68e2-8100-000000001e00}",
                        "Company":  "Microsoft Corporation",
                        "ImageLoaded":  "C:\\Windows\\SysWOW64\\policymanager.dll",
                        "FileVersion":  "10.0.19041.1865 (WinBuild.160101.0800)",
                        "User":  "DESKTOP-KVSEOF0\\Stage.Ali",
                        "RuleName":  "-",
                        "Product":  "Microsoft® Windows® Operating System",
                        "ProcessId":  "836",
                        "OriginalFileName":  "PolicyManager.dll",
                        "Signed":  "true"
                    }
    },
    {
        "EventId":  7,
        "TimeCreated":  "\/Date(1759704971579)\/",
        "ProcessGuid":  "{f1988ae2-f78a-68e2-8100-000000001e00}",
        "ProcessId":  "836",
        "ParentProcessGuid":  null,
        "Image":  "C:\\Windows\\SysWOW64\\WerFault.exe",
        "CommandLine":  null,
        "User":  "DESKTOP-KVSEOF0\\Stage.Ali",
        "TargetFilename":  null,
        "DestinationIp":  null,
        "DestinationPort":  null,
        "SourceIp":  null,
        "SourcePort":  null,
        "Protocol":  null,
        "QueryName":  null,
        "Details":  {
                        "Description":  "Policy Manager DLL",
                        "SignatureStatus":  "Valid",
                        "Signature":  "Microsoft Windows",
                        "Hashes":  "MD5=21F972585696C204A08ADC8CF269B05A,SHA256=C1EA524E8E48D2ACD92485AF2BD6DEA611299CF0E5A3971022817A92FA3C4DAE",
                        "Image":  "C:\\Windows\\SysWOW64\\WerFault.exe",
                        "UtcTime":  "2025-10-05 22:56:11.570",
                        "ProcessGuid":  "{f1988ae2-f78a-68e2-8100-000000001e00}",
                        "Company":  "Microsoft Corporation",
                        "ImageLoaded":  "C:\\Windows\\SysWOW64\\policymanager.dll",
                        "FileVersion":  "10.0.19041.1865 (WinBuild.160101.0800)",
                        "User":  "DESKTOP-KVSEOF0\\Stage.Ali",
                        "RuleName":  "-",
                        "Product":  "Microsoft® Windows® Operating System",
                        "ProcessId":  "836",
                        "OriginalFileName":  "PolicyManager.dll",
                        "Signed":  "true"
                    }
    },
    {
        "EventId":  7,
        "TimeCreated":  "\/Date(1759704971572)\/",
        "ProcessGuid":  "{f1988ae2-f78a-68e2-8100-000000001e00}",
        "ProcessId":  "836",
        "ParentProcessGuid":  null,
        "Image":  "C:\\Windows\\SysWOW64\\WerFault.exe",
        "CommandLine":  null,
        "User":  "DESKTOP-KVSEOF0\\Stage.Ali",
        "TargetFilename":  null,
        "DestinationIp":  null,
        "DestinationPort":  null,
        "SourceIp":  null,
        "SourcePort":  null,
        "Protocol":  null,
        "QueryName":  null,
        "Details":  {
                        "Description":  "Policy Manager DLL",
                        "SignatureStatus":  "Valid",
                        "Signature":  "Microsoft Windows",
                        "Hashes":  "MD5=21F972585696C204A08ADC8CF269B05A,SHA256=C1EA524E8E48D2ACD92485AF2BD6DEA611299CF0E5A3971022817A92FA3C4DAE",
                        "Image":  "C:\\Windows\\SysWOW64\\WerFault.exe",
                        "UtcTime":  "2025-10-05 22:56:11.567",
                        "ProcessGuid":  "{f1988ae2-f78a-68e2-8100-000000001e00}",
                        "Company":  "Microsoft Corporation",
                        "ImageLoaded":  "C:\\Windows\\SysWOW64\\policymanager.dll",
                        "FileVersion":  "10.0.19041.1865 (WinBuild.160101.0800)",
                        "User":  "DESKTOP-KVSEOF0\\Stage.Ali",
                        "RuleName":  "-",
                        "Product":  "Microsoft® Windows® Operating System",
                        "ProcessId":  "836",
                        "OriginalFileName":  "PolicyManager.dll",
                        "Signed":  "true"
                    }
    },
    {
        "EventId":  7,
        "TimeCreated":  "\/Date(1759704971572)\/",
        "ProcessGuid":  "{f1988ae2-f78a-68e2-8100-000000001e00}",
        "ProcessId":  "836",
        "ParentProcessGuid":  null,
        "Image":  "C:\\Windows\\SysWOW64\\WerFault.exe",
        "CommandLine":  null,
        "User":  "DESKTOP-KVSEOF0\\Stage.Ali",
        "TargetFilename":  null,
        "DestinationIp":  null,
        "DestinationPort":  null,
        "SourceIp":  null,
        "SourcePort":  null,
        "Protocol":  null,
        "QueryName":  null,
        "Details":  {
                        "Description":  "Policy Manager DLL",
                        "SignatureStatus":  "Valid",
                        "Signature":  "Microsoft Windows",
                        "Hashes":  "MD5=21F972585696C204A08ADC8CF269B05A,SHA256=C1EA524E8E48D2ACD92485AF2BD6DEA611299CF0E5A3971022817A92FA3C4DAE",
                        "Image":  "C:\\Windows\\SysWOW64\\WerFault.exe",
                        "UtcTime":  "2025-10-05 22:56:11.552",
                        "ProcessGuid":  "{f1988ae2-f78a-68e2-8100-000000001e00}",
                        "Company":  "Microsoft Corporation",
                        "ImageLoaded":  "C:\\Windows\\SysWOW64\\policymanager.dll",
                        "FileVersion":  "10.0.19041.1865 (WinBuild.160101.0800)",
                        "User":  "DESKTOP-KVSEOF0\\Stage.Ali",
                        "RuleName":  "-",
                        "Product":  "Microsoft® Windows® Operating System",
                        "ProcessId":  "836",
                        "OriginalFileName":  "PolicyManager.dll",
                        "Signed":  "true"
                    }
    },
    {
        "EventId":  7,
        "TimeCreated":  "\/Date(1759704971570)\/",
        "ProcessGuid":  "{f1988ae2-f78a-68e2-8100-000000001e00}",
        "ProcessId":  "836",
        "ParentProcessGuid":  null,
        "Image":  "C:\\Windows\\SysWOW64\\WerFault.exe",
        "CommandLine":  null,
        "User":  "DESKTOP-KVSEOF0\\Stage.Ali",
        "TargetFilename":  null,
        "DestinationIp":  null,
        "DestinationPort":  null,
        "SourceIp":  null,
        "SourcePort":  null,
        "Protocol":  null,
        "QueryName":  null,
        "Details":  {
                        "Description":  "Policy Manager DLL",
                        "SignatureStatus":  "Valid",
                        "Signature":  "Microsoft Windows",
                        "Hashes":  "MD5=21F972585696C204A08ADC8CF269B05A,SHA256=C1EA524E8E48D2ACD92485AF2BD6DEA611299CF0E5A3971022817A92FA3C4DAE",
                        "Image":  "C:\\Windows\\SysWOW64\\WerFault.exe",
                        "UtcTime":  "2025-10-05 22:56:11.552",
                        "ProcessGuid":  "{f1988ae2-f78a-68e2-8100-000000001e00}",
                        "Company":  "Microsoft Corporation",
                        "ImageLoaded":  "C:\\Windows\\SysWOW64\\policymanager.dll",
                        "FileVersion":  "10.0.19041.1865 (WinBuild.160101.0800)",
                        "User":  "DESKTOP-KVSEOF0\\Stage.Ali",
                        "RuleName":  "-",
                        "Product":  "Microsoft® Windows® Operating System",
                        "ProcessId":  "836",
                        "OriginalFileName":  "PolicyManager.dll",
                        "Signed":  "true"
                    }
    },
    {
        "EventId":  7,
        "TimeCreated":  "\/Date(1759704971561)\/",
        "ProcessGuid":  "{f1988ae2-f78a-68e2-8100-000000001e00}",
        "ProcessId":  "836",
        "ParentProcessGuid":  null,
        "Image":  "C:\\Windows\\SysWOW64\\WerFault.exe",
        "CommandLine":  null,
        "User":  "DESKTOP-KVSEOF0\\Stage.Ali",
        "TargetFilename":  null,
        "DestinationIp":  null,
        "DestinationPort":  null,
        "SourceIp":  null,
        "SourcePort":  null,
        "Protocol":  null,
        "QueryName":  null,
        "Details":  {
                        "Description":  "twinapi.appcore",
                        "SignatureStatus":  "Valid",
                        "Signature":  "Microsoft Windows",
                        "Hashes":  "MD5=CF6EEE0545C6E0CD0DCC1DBF5C5A7C16,SHA256=980EDAF1335CF9D47B58F77EB556E50EE13CA5D5B093B3B5A5DF1131492FF6CD",
                        "Image":  "C:\\Windows\\SysWOW64\\WerFault.exe",
                        "UtcTime":  "2025-10-05 22:56:11.541",
                        "ProcessGuid":  "{f1988ae2-f78a-68e2-8100-000000001e00}",
                        "Company":  "Microsoft Corporation",
                        "ImageLoaded":  "C:\\Windows\\SysWOW64\\twinapi.appcore.dll",
                        "FileVersion":  "10.0.19041.1865 (WinBuild.160101.0800)",
                        "User":  "DESKTOP-KVSEOF0\\Stage.Ali",
                        "RuleName":  "-",
                        "Product":  "Microsoft® Windows® Operating System",
                        "ProcessId":  "836",
                        "OriginalFileName":  "twinapi.appcore.dll",
                        "Signed":  "true"
                    }
    },
    {
        "EventId":  7,
        "TimeCreated":  "\/Date(1759704971521)\/",
        "ProcessGuid":  "{f1988ae2-f78a-68e2-8100-000000001e00}",
        "ProcessId":  "836",
        "ParentProcessGuid":  null,
        "Image":  "C:\\Windows\\SysWOW64\\WerFault.exe",
        "CommandLine":  null,
        "User":  "DESKTOP-KVSEOF0\\Stage.Ali",
        "TargetFilename":  null,
        "DestinationIp":  null,
        "DestinationPort":  null,
        "SourceIp":  null,
        "SourcePort":  null,
        "Protocol":  null,
        "QueryName":  null,
        "Details":  {
                        "Description":  "COM+ Configuration Catalog",
                        "SignatureStatus":  "Valid",
                        "Signature":  "Microsoft Windows",
                        "Hashes":  "MD5=DAA88213CBBABC1D7EDCD065E9C79E3B,SHA256=D6D2AA835B65982716CCA908B8676FF5635DA69988F400DAC0512A2FF0CE8A83",
                        "Image":  "C:\\Windows\\SysWOW64\\WerFault.exe",
                        "UtcTime":  "2025-10-05 22:56:11.498",
                        "ProcessGuid":  "{f1988ae2-f78a-68e2-8100-000000001e00}",
                        "Company":  "Microsoft Corporation",
                        "ImageLoaded":  "C:\\Windows\\SysWOW64\\clbcatq.dll",
                        "FileVersion":  "2001.12.10941.16384 (WinBuild.160101.0800)",
                        "User":  "DESKTOP-KVSEOF0\\Stage.Ali",
                        "RuleName":  "-",
                        "Product":  "Microsoft® Windows® Operating System",
                        "ProcessId":  "836",
                        "OriginalFileName":  "CLBCATQ.DLL",
                        "Signed":  "true"
                    }
    },
    {
        "EventId":  7,
        "TimeCreated":  "\/Date(1759704971507)\/",
        "ProcessGuid":  "{f1988ae2-f78a-68e2-8100-000000001e00}",
        "ProcessId":  "836",
        "ParentProcessGuid":  null,
        "Image":  "C:\\Windows\\SysWOW64\\WerFault.exe",
        "CommandLine":  null,
        "User":  "DESKTOP-KVSEOF0\\Stage.Ali",
        "TargetFilename":  null,
        "DestinationIp":  null,
        "DestinationPort":  null,
        "SourceIp":  null,
        "SourcePort":  null,
        "Protocol":  null,
        "QueryName":  null,
        "Details":  {
                        "Description":  "Microsoft XmlLite Library",
                        "SignatureStatus":  "Valid",
                        "Signature":  "Microsoft Windows",
                        "Hashes":  "MD5=A558090BEF3AF7E0A47B0ECE8F5D4A13,SHA256=E137D4DEEEBA83AD8245788CF118C73AB9071AB8EEFAB04DDE40C2C8DB28D4D2",
                        "Image":  "C:\\Windows\\SysWOW64\\WerFault.exe",
                        "UtcTime":  "2025-10-05 22:56:11.498",
                        "ProcessGuid":  "{f1988ae2-f78a-68e2-8100-000000001e00}",
                        "Company":  "Microsoft Corporation",
                        "ImageLoaded":  "C:\\Windows\\SysWOW64\\xmllite.dll",
                        "FileVersion":  "10.0.19041.546 (WinBuild.160101.0800)",
                        "User":  "DESKTOP-KVSEOF0\\Stage.Ali",
                        "RuleName":  "-",
                        "Product":  "Microsoft® Windows® Operating System",
                        "ProcessId":  "836",
                        "OriginalFileName":  "XmlLite.dll",
                        "Signed":  "true"
                    }
    },
    {
        "EventId":  7,
        "TimeCreated":  "\/Date(1759704971482)\/",
        "ProcessGuid":  "{f1988ae2-f78a-68e2-8100-000000001e00}",
        "ProcessId":  "836",
        "ParentProcessGuid":  null,
        "Image":  "C:\\Windows\\SysWOW64\\WerFault.exe",
        "CommandLine":  null,
        "User":  "DESKTOP-KVSEOF0\\Stage.Ali",
        "TargetFilename":  null,
        "DestinationIp":  null,
        "DestinationPort":  null,
        "SourceIp":  null,
        "SourcePort":  null,
        "Protocol":  null,
        "QueryName":  null,
        "Details":  {
                        "Description":  "User Profile Basic API",
                        "SignatureStatus":  "Valid",
                        "Signature":  "Microsoft Windows",
                        "Hashes":  "MD5=2952019A3E3739F1D17F59128F489B63,SHA256=7B86FA00478776A4FADCAD44592AF88BD7F0B63E0B39C76FD3E6D8DDCC32C76D",
                        "Image":  "C:\\Windows\\SysWOW64\\WerFault.exe",
                        "UtcTime":  "2025-10-05 22:56:11.477",
                        "ProcessGuid":  "{f1988ae2-f78a-68e2-8100-000000001e00}",
                        "Company":  "Microsoft Corporation",
                        "ImageLoaded":  "C:\\Windows\\SysWOW64\\profapi.dll",
                        "FileVersion":  "10.0.19041.844 (WinBuild.160101.0800)",
                        "User":  "DESKTOP-KVSEOF0\\Stage.Ali",
                        "RuleName":  "-",
                        "Product":  "Microsoft® Windows® Operating System",
                        "ProcessId":  "836",
                        "OriginalFileName":  "PROFAPI.DLL",
                        "Signed":  "true"
                    }
    },
    {
        "EventId":  7,
        "TimeCreated":  "\/Date(1759704971476)\/",
        "ProcessGuid":  "{f1988ae2-f78a-68e2-8100-000000001e00}",
        "ProcessId":  "836",
        "ParentProcessGuid":  null,
        "Image":  "C:\\Windows\\SysWOW64\\WerFault.exe",
        "CommandLine":  null,
        "User":  "DESKTOP-KVSEOF0\\Stage.Ali",
        "TargetFilename":  null,
        "DestinationIp":  null,
        "DestinationPort":  null,
        "SourceIp":  null,
        "SourcePort":  null,
        "Protocol":  null,
        "QueryName":  null,
        "Details":  {
                        "Description":  "Crypto API32",
                        "SignatureStatus":  "Valid",
                        "Signature":  "Microsoft Windows",
                        "Hashes":  "MD5=04FB2778AF4AEE7C07B22996C6BE650C,SHA256=726D58F705BE8709D93904E0B9CA41DDD4DCB419A6E45386C4F43DE9B4F0108F",
                        "Image":  "C:\\Windows\\SysWOW64\\WerFault.exe",
                        "UtcTime":  "2025-10-05 22:56:11.471",
                        "ProcessGuid":  "{f1988ae2-f78a-68e2-8100-000000001e00}",
                        "Company":  "Microsoft Corporation",
                        "ImageLoaded":  "C:\\Windows\\SysWOW64\\crypt32.dll",
                        "FileVersion":  "10.0.19041.1889 (WinBuild.160101.0800)",
                        "User":  "DESKTOP-KVSEOF0\\Stage.Ali",
                        "RuleName":  "-",
                        "Product":  "Microsoft® Windows® Operating System",
                        "ProcessId":  "836",
                        "OriginalFileName":  "CRYPT32.DLL",
                        "Signed":  "true"
                    }
    },
    {
        "EventId":  7,
        "TimeCreated":  "\/Date(1759704971472)\/",
        "ProcessGuid":  "{f1988ae2-f78a-68e2-8100-000000001e00}",
        "ProcessId":  "836",
        "ParentProcessGuid":  null,
        "Image":  "C:\\Windows\\SysWOW64\\WerFault.exe",
        "CommandLine":  null,
        "User":  "DESKTOP-KVSEOF0\\Stage.Ali",
        "TargetFilename":  null,
        "DestinationIp":  null,
        "DestinationPort":  null,
        "SourceIp":  null,
        "SourcePort":  null,
        "Protocol":  null,
        "QueryName":  null,
        "Details":  {
                        "Description":  "AD/AAD User Device Registration",
                        "SignatureStatus":  "Valid",
                        "Signature":  "Microsoft Windows",
                        "Hashes":  "MD5=83CCEEB07C033F965BE5E9822E233E33,SHA256=37F8225A13D77089E4298BBA0CFE4EA1A11792631D837372AA1F59C2B8EDAE80",
                        "Image":  "C:\\Windows\\SysWOW64\\WerFault.exe",
                        "UtcTime":  "2025-10-05 22:56:11.446",
                        "ProcessGuid":  "{f1988ae2-f78a-68e2-8100-000000001e00}",
                        "Company":  "Microsoft Corporation",
                        "ImageLoaded":  "C:\\Windows\\SysWOW64\\dsreg.dll",
                        "FileVersion":  "10.0.19041.1806 (WinBuild.160101.0800)",
                        "User":  "DESKTOP-KVSEOF0\\Stage.Ali",
                        "RuleName":  "-",
                        "Product":  "Microsoft® Windows® Operating System",
                        "ProcessId":  "836",
                        "OriginalFileName":  "dsreg.dll",
                        "Signed":  "true"
                    }
    },
    {
        "EventId":  7,
        "TimeCreated":  "\/Date(1759704971465)\/",
        "ProcessGuid":  "{f1988ae2-f78a-68e2-8100-000000001e00}",
        "ProcessId":  "836",
        "ParentProcessGuid":  null,
        "Image":  "C:\\Windows\\SysWOW64\\WerFault.exe",
        "CommandLine":  null,
        "User":  "DESKTOP-KVSEOF0\\Stage.Ali",
        "TargetFilename":  null,
        "DestinationIp":  null,
        "DestinationPort":  null,
        "SourceIp":  null,
        "SourcePort":  null,
        "Protocol":  null,
        "QueryName":  null,
        "Details":  {
                        "Description":  "Microsoft® STL110 C++ Runtime Library",
                        "SignatureStatus":  "Valid",
                        "Signature":  "Microsoft Windows",
                        "Hashes":  "MD5=76F66CCF0A9A24C43491E84AADBD2CB8,SHA256=87853397C7D6E33C0E4429F52E4884D5E7581E87E192CE58E646A7AFA1658CA3",
                        "Image":  "C:\\Windows\\SysWOW64\\WerFault.exe",
                        "UtcTime":  "2025-10-05 22:56:11.460",
                        "ProcessGuid":  "{f1988ae2-f78a-68e2-8100-000000001e00}",
                        "Company":  "Microsoft Corporation",
                        "ImageLoaded":  "C:\\Windows\\SysWOW64\\msvcp110_win.dll",
                        "FileVersion":  "10.0.19041.546 (WinBuild.160101.0800)",
                        "User":  "DESKTOP-KVSEOF0\\Stage.Ali",
                        "RuleName":  "-",
                        "Product":  "Microsoft® Windows® Operating System",
                        "ProcessId":  "836",
                        "OriginalFileName":  "msvcp110_win.dll",
                        "Signed":  "true"
                    }
    },
    {
        "EventId":  7,
        "TimeCreated":  "\/Date(1759704971453)\/",
        "ProcessGuid":  "{f1988ae2-f78a-68e2-8100-000000001e00}",
        "ProcessId":  "836",
        "ParentProcessGuid":  null,
        "Image":  "C:\\Windows\\SysWOW64\\WerFault.exe",
        "CommandLine":  null,
        "User":  "DESKTOP-KVSEOF0\\Stage.Ali",
        "TargetFilename":  null,
        "DestinationIp":  null,
        "DestinationPort":  null,
        "SourceIp":  null,
        "SourcePort":  null,
        "Protocol":  null,
        "QueryName":  null,
        "Details":  {
                        "Description":  "Net Win32 API DLL",
                        "SignatureStatus":  "Valid",
                        "Signature":  "Microsoft Windows",
                        "Hashes":  "MD5=990B11F768C015BEB57AAF64CBD70611,SHA256=BF0FECC86BAE2F9C8E71E5D07BF2B767041BD64A3D78C04421A3608409A672D5",
                        "Image":  "C:\\Windows\\SysWOW64\\WerFault.exe",
                        "UtcTime":  "2025-10-05 22:56:11.436",
                        "ProcessGuid":  "{f1988ae2-f78a-68e2-8100-000000001e00}",
                        "Company":  "Microsoft Corporation",
                        "ImageLoaded":  "C:\\Windows\\SysWOW64\\netapi32.dll",
                        "FileVersion":  "10.0.19041.1949 (WinBuild.160101.0800)",
                        "User":  "DESKTOP-KVSEOF0\\Stage.Ali",
                        "RuleName":  "-",
                        "Product":  "Microsoft® Windows® Operating System",
                        "ProcessId":  "836",
                        "OriginalFileName":  "NetApi32.DLL",
                        "Signed":  "true"
                    }
    },
