    {
        "EventId":  7,
        "TimeCreated":  "\/Date(1759704971423)\/",
        "ProcessGuid":  "{f1988ae2-f78a-68e2-8100-000000001e00}",
        "ProcessId":  "836",
        "ParentProcessGuid":  null,
        "Image":  "C:\\Windows\\SysWOW64\\WerFault.exe",
        "CommandLine":  null,
        "User":  "DESKTOP-KVSEOF0\\Stage.Ali",
        "TargetFilename":  null,
        "DestinationIp":  null,
        "DestinationPort":  null,
        "SourceIp":  null,
        "SourcePort":  null,
        "Protocol":  null,
        "QueryName":  null,
        "Details":  {
                        "Description":  "Shell Light-weight Utility Library",
                        "SignatureStatus":  "Valid",
                        "Signature":  "Microsoft Windows",
                        "Hashes":  "MD5=9C1F7CB888C87EC00146BA0EAA6A9A1F,SHA256=0DD77EE683AFD8F3275651888790D58942C3B1D24F15E209D148786F3C25DB80",
                        "Image":  "C:\\Windows\\SysWOW64\\WerFault.exe",
                        "UtcTime":  "2025-10-05 22:56:11.416",
                        "ProcessGuid":  "{f1988ae2-f78a-68e2-8100-000000001e00}",
                        "Company":  "Microsoft Corporation",
                        "ImageLoaded":  "C:\\Windows\\SysWOW64\\shlwapi.dll",
                        "FileVersion":  "10.0.19041.1706 (WinBuild.160101.0800)",
                        "User":  "DESKTOP-KVSEOF0\\Stage.Ali",
                        "RuleName":  "-",
                        "Product":  "Microsoft® Windows® Operating System",
                        "ProcessId":  "836",
                        "OriginalFileName":  "SHLWAPI.DLL",
                        "Signed":  "true"
                    }
    },
    {
        "EventId":  7,
        "TimeCreated":  "\/Date(1759704971419)\/",
        "ProcessGuid":  "{f1988ae2-f78a-68e2-8100-000000001e00}",
        "ProcessId":  "836",
        "ParentProcessGuid":  null,
        "Image":  "C:\\Windows\\SysWOW64\\WerFault.exe",
        "CommandLine":  null,
        "User":  "DESKTOP-KVSEOF0\\Stage.Ali",
        "TargetFilename":  null,
        "DestinationIp":  null,
        "DestinationPort":  null,
        "SourceIp":  null,
        "SourcePort":  null,
        "Protocol":  null,
        "QueryName":  null,
        "Details":  {
                        "Description":  "Windows Lockdown Policy",
                        "SignatureStatus":  "Valid",
                        "Signature":  "Microsoft Windows",
                        "Hashes":  "MD5=4B2A91690065EF49E347387AC94CA461,SHA256=45A62CFA448831E7F0C2F6DCCB710DD96DFA612F5F0B2787C827B689772E9CC1",
                        "Image":  "C:\\Windows\\SysWOW64\\WerFault.exe",
                        "UtcTime":  "2025-10-05 22:56:11.416",
                        "ProcessGuid":  "{f1988ae2-f78a-68e2-8100-000000001e00}",
                        "Company":  "Microsoft Corporation",
                        "ImageLoaded":  "C:\\Windows\\SysWOW64\\wldp.dll",
                        "FileVersion":  "10.0.19041.1949 (WinBuild.160101.0800)",
                        "User":  "DESKTOP-KVSEOF0\\Stage.Ali",
                        "RuleName":  "-",
                        "Product":  "Microsoft® Windows® Operating System",
                        "ProcessId":  "836",
                        "OriginalFileName":  "wldp.dll",
                        "Signed":  "true"
                    }
    },
    {
        "EventId":  7,
        "TimeCreated":  "\/Date(1759704971418)\/",
        "ProcessGuid":  "{f1988ae2-f78a-68e2-8100-000000001e00}",
        "ProcessId":  "836",
        "ParentProcessGuid":  null,
        "Image":  "C:\\Windows\\SysWOW64\\WerFault.exe",
        "CommandLine":  null,
        "User":  "DESKTOP-KVSEOF0\\Stage.Ali",
        "TargetFilename":  null,
        "DestinationIp":  null,
        "DestinationPort":  null,
        "SourceIp":  null,
        "SourcePort":  null,
        "Protocol":  null,
        "QueryName":  null,
        "Details":  {
                        "Description":  "Microsoft WinRT Storage API",
                        "SignatureStatus":  "Valid",
                        "Signature":  "Microsoft Windows",
                        "Hashes":  "MD5=EC0EA3DA3D38C8FC51B6C6B3FCBF8A75,SHA256=C68985EA4A71FA531741B6B434D5D8D0DC9AD8D32BCB0061D7D4CF5BAED765FD",
                        "Image":  "C:\\Windows\\SysWOW64\\WerFault.exe",
                        "UtcTime":  "2025-10-05 22:56:11.412",
                        "ProcessGuid":  "{f1988ae2-f78a-68e2-8100-000000001e00}",
                        "Company":  "Microsoft Corporation",
                        "ImageLoaded":  "C:\\Windows\\SysWOW64\\windows.storage.dll",
                        "FileVersion":  "10.0.19041.1949 (WinBuild.160101.0800)",
                        "User":  "DESKTOP-KVSEOF0\\Stage.Ali",
                        "RuleName":  "-",
                        "Product":  "Microsoft® Windows® Operating System",
                        "ProcessId":  "836",
                        "OriginalFileName":  "Windows.Storage.dll",
                        "Signed":  "true"
                    }
    },
    {
        "EventId":  7,
        "TimeCreated":  "\/Date(1759704971411)\/",
        "ProcessGuid":  "{f1988ae2-f78a-68e2-8100-000000001e00}",
        "ProcessId":  "836",
        "ParentProcessGuid":  null,
        "Image":  "C:\\Windows\\SysWOW64\\WerFault.exe",
        "CommandLine":  null,
        "User":  "DESKTOP-KVSEOF0\\Stage.Ali",
        "TargetFilename":  null,
        "DestinationIp":  null,
        "DestinationPort":  null,
        "SourceIp":  null,
        "SourcePort":  null,
        "Protocol":  null,
        "QueryName":  null,
        "Details":  {
                        "Description":  "Microsoft® STL110 C++ Runtime Library",
                        "SignatureStatus":  "Valid",
                        "Signature":  "Microsoft Windows",
                        "Hashes":  "MD5=76F66CCF0A9A24C43491E84AADBD2CB8,SHA256=87853397C7D6E33C0E4429F52E4884D5E7581E87E192CE58E646A7AFA1658CA3",
                        "Image":  "C:\\Windows\\SysWOW64\\WerFault.exe",
                        "UtcTime":  "2025-10-05 22:56:11.406",
                        "ProcessGuid":  "{f1988ae2-f78a-68e2-8100-000000001e00}",
                        "Company":  "Microsoft Corporation",
                        "ImageLoaded":  "C:\\Windows\\SysWOW64\\msvcp110_win.dll",
                        "FileVersion":  "10.0.19041.546 (WinBuild.160101.0800)",
                        "User":  "DESKTOP-KVSEOF0\\Stage.Ali",
                        "RuleName":  "-",
                        "Product":  "Microsoft® Windows® Operating System",
                        "ProcessId":  "836",
                        "OriginalFileName":  "msvcp110_win.dll",
                        "Signed":  "true"
                    }
    },
    {
        "EventId":  7,
        "TimeCreated":  "\/Date(1759704971409)\/",
        "ProcessGuid":  "{f1988ae2-f78a-68e2-8100-000000001e00}",
        "ProcessId":  "836",
        "ParentProcessGuid":  null,
        "Image":  "C:\\Windows\\SysWOW64\\WerFault.exe",
        "CommandLine":  null,
        "User":  "DESKTOP-KVSEOF0\\Stage.Ali",
        "TargetFilename":  null,
        "DestinationIp":  null,
        "DestinationPort":  null,
        "SourceIp":  null,
        "SourcePort":  null,
        "Protocol":  null,
        "QueryName":  null,
        "Details":  {
                        "Description":  "Policy Manager DLL",
                        "SignatureStatus":  "Valid",
                        "Signature":  "Microsoft Windows",
                        "Hashes":  "MD5=21F972585696C204A08ADC8CF269B05A,SHA256=C1EA524E8E48D2ACD92485AF2BD6DEA611299CF0E5A3971022817A92FA3C4DAE",
                        "Image":  "C:\\Windows\\SysWOW64\\WerFault.exe",
                        "UtcTime":  "2025-10-05 22:56:11.406",
                        "ProcessGuid":  "{f1988ae2-f78a-68e2-8100-000000001e00}",
                        "Company":  "Microsoft Corporation",
                        "ImageLoaded":  "C:\\Windows\\SysWOW64\\policymanager.dll",
                        "FileVersion":  "10.0.19041.1865 (WinBuild.160101.0800)",
                        "User":  "DESKTOP-KVSEOF0\\Stage.Ali",
                        "RuleName":  "-",
                        "Product":  "Microsoft® Windows® Operating System",
                        "ProcessId":  "836",
                        "OriginalFileName":  "PolicyManager.dll",
                        "Signed":  "true"
                    }
    },
    {
        "EventId":  7,
        "TimeCreated":  "\/Date(1759704971405)\/",
        "ProcessGuid":  "{f1988ae2-f78a-68e2-8100-000000001e00}",
        "ProcessId":  "836",
        "ParentProcessGuid":  null,
        "Image":  "C:\\Windows\\SysWOW64\\WerFault.exe",
        "CommandLine":  null,
        "User":  "DESKTOP-KVSEOF0\\Stage.Ali",
        "TargetFilename":  null,
        "DestinationIp":  null,
        "DestinationPort":  null,
        "SourceIp":  null,
        "SourcePort":  null,
        "Protocol":  null,
        "QueryName":  null,
        "Details":  {
                        "Description":  "Microsoft® STL110 C++ Runtime Library",
                        "SignatureStatus":  "Valid",
                        "Signature":  "Microsoft Windows",
                        "Hashes":  "MD5=76F66CCF0A9A24C43491E84AADBD2CB8,SHA256=87853397C7D6E33C0E4429F52E4884D5E7581E87E192CE58E646A7AFA1658CA3",
                        "Image":  "C:\\Windows\\SysWOW64\\WerFault.exe",
                        "UtcTime":  "2025-10-05 22:56:11.397",
                        "ProcessGuid":  "{f1988ae2-f78a-68e2-8100-000000001e00}",
                        "Company":  "Microsoft Corporation",
                        "ImageLoaded":  "C:\\Windows\\SysWOW64\\msvcp110_win.dll",
                        "FileVersion":  "10.0.19041.546 (WinBuild.160101.0800)",
                        "User":  "DESKTOP-KVSEOF0\\Stage.Ali",
                        "RuleName":  "-",
                        "Product":  "Microsoft® Windows® Operating System",
                        "ProcessId":  "836",
                        "OriginalFileName":  "msvcp110_win.dll",
                        "Signed":  "true"
                    }
    },
    {
        "EventId":  7,
        "TimeCreated":  "\/Date(1759704971404)\/",
        "ProcessGuid":  "{f1988ae2-f78a-68e2-8100-000000001e00}",
        "ProcessId":  "836",
        "ParentProcessGuid":  null,
        "Image":  "C:\\Windows\\SysWOW64\\WerFault.exe",
        "CommandLine":  null,
        "User":  "DESKTOP-KVSEOF0\\Stage.Ali",
        "TargetFilename":  null,
        "DestinationIp":  null,
        "DestinationPort":  null,
        "SourceIp":  null,
        "SourcePort":  null,
        "Protocol":  null,
        "QueryName":  null,
        "Details":  {
                        "Description":  "Policy Manager DLL",
                        "SignatureStatus":  "Valid",
                        "Signature":  "Microsoft Windows",
                        "Hashes":  "MD5=21F972585696C204A08ADC8CF269B05A,SHA256=C1EA524E8E48D2ACD92485AF2BD6DEA611299CF0E5A3971022817A92FA3C4DAE",
                        "Image":  "C:\\Windows\\SysWOW64\\WerFault.exe",
                        "UtcTime":  "2025-10-05 22:56:11.397",
                        "ProcessGuid":  "{f1988ae2-f78a-68e2-8100-000000001e00}",
                        "Company":  "Microsoft Corporation",
                        "ImageLoaded":  "C:\\Windows\\SysWOW64\\policymanager.dll",
                        "FileVersion":  "10.0.19041.1865 (WinBuild.160101.0800)",
                        "User":  "DESKTOP-KVSEOF0\\Stage.Ali",
                        "RuleName":  "-",
                        "Product":  "Microsoft® Windows® Operating System",
                        "ProcessId":  "836",
                        "OriginalFileName":  "PolicyManager.dll",
                        "Signed":  "true"
                    }
    },
    {
        "EventId":  7,
        "TimeCreated":  "\/Date(1759704971397)\/",
        "ProcessGuid":  "{f1988ae2-f78a-68e2-8100-000000001e00}",
        "ProcessId":  "836",
        "ParentProcessGuid":  null,
        "Image":  "C:\\Windows\\SysWOW64\\WerFault.exe",
        "CommandLine":  null,
        "User":  "DESKTOP-KVSEOF0\\Stage.Ali",
        "TargetFilename":  null,
        "DestinationIp":  null,
        "DestinationPort":  null,
        "SourceIp":  null,
        "SourcePort":  null,
        "Protocol":  null,
        "QueryName":  null,
        "Details":  {
                        "Description":  "Microsoft® STL110 C++ Runtime Library",
                        "SignatureStatus":  "Valid",
                        "Signature":  "Microsoft Windows",
                        "Hashes":  "MD5=76F66CCF0A9A24C43491E84AADBD2CB8,SHA256=87853397C7D6E33C0E4429F52E4884D5E7581E87E192CE58E646A7AFA1658CA3",
                        "Image":  "C:\\Windows\\SysWOW64\\WerFault.exe",
                        "UtcTime":  "2025-10-05 22:56:11.387",
                        "ProcessGuid":  "{f1988ae2-f78a-68e2-8100-000000001e00}",
                        "Company":  "Microsoft Corporation",
                        "ImageLoaded":  "C:\\Windows\\SysWOW64\\msvcp110_win.dll",
                        "FileVersion":  "10.0.19041.546 (WinBuild.160101.0800)",
                        "User":  "DESKTOP-KVSEOF0\\Stage.Ali",
                        "RuleName":  "-",
                        "Product":  "Microsoft® Windows® Operating System",
                        "ProcessId":  "836",
                        "OriginalFileName":  "msvcp110_win.dll",
                        "Signed":  "true"
                    }
    },
    {
        "EventId":  7,
        "TimeCreated":  "\/Date(1759704971394)\/",
        "ProcessGuid":  "{f1988ae2-f78a-68e2-8100-000000001e00}",
        "ProcessId":  "836",
        "ParentProcessGuid":  null,
        "Image":  "C:\\Windows\\SysWOW64\\WerFault.exe",
        "CommandLine":  null,
        "User":  "DESKTOP-KVSEOF0\\Stage.Ali",
        "TargetFilename":  null,
        "DestinationIp":  null,
        "DestinationPort":  null,
        "SourceIp":  null,
        "SourcePort":  null,
        "Protocol":  null,
        "QueryName":  null,
        "Details":  {
                        "Description":  "Policy Manager DLL",
                        "SignatureStatus":  "Valid",
                        "Signature":  "Microsoft Windows",
                        "Hashes":  "MD5=21F972585696C204A08ADC8CF269B05A,SHA256=C1EA524E8E48D2ACD92485AF2BD6DEA611299CF0E5A3971022817A92FA3C4DAE",
                        "Image":  "C:\\Windows\\SysWOW64\\WerFault.exe",
                        "UtcTime":  "2025-10-05 22:56:11.387",
                        "ProcessGuid":  "{f1988ae2-f78a-68e2-8100-000000001e00}",
                        "Company":  "Microsoft Corporation",
                        "ImageLoaded":  "C:\\Windows\\SysWOW64\\policymanager.dll",
                        "FileVersion":  "10.0.19041.1865 (WinBuild.160101.0800)",
                        "User":  "DESKTOP-KVSEOF0\\Stage.Ali",
                        "RuleName":  "-",
                        "Product":  "Microsoft® Windows® Operating System",
                        "ProcessId":  "836",
                        "OriginalFileName":  "PolicyManager.dll",
                        "Signed":  "true"
                    }
    },
    {
        "EventId":  7,
        "TimeCreated":  "\/Date(1759704971390)\/",
        "ProcessGuid":  "{f1988ae2-f78a-68e2-8100-000000001e00}",
        "ProcessId":  "836",
        "ParentProcessGuid":  null,
        "Image":  "C:\\Windows\\SysWOW64\\WerFault.exe",
        "CommandLine":  null,
        "User":  "DESKTOP-KVSEOF0\\Stage.Ali",
        "TargetFilename":  null,
        "DestinationIp":  null,
        "DestinationPort":  null,
        "SourceIp":  null,
        "SourcePort":  null,
        "Protocol":  null,
        "QueryName":  null,
        "Details":  {
                        "Description":  "Standard application verifier provider dll",
                        "SignatureStatus":  "Valid",
                        "Signature":  "Microsoft Windows",
                        "Hashes":  "MD5=B08196E5863137C12CA5BF166F16AAC7,SHA256=2379C89382789238DCAE1433C04EEB861A2AB72955EC67D7554F4889AF2788C3",
                        "Image":  "C:\\Windows\\SysWOW64\\WerFault.exe",
                        "UtcTime":  "2025-10-05 22:56:11.383",
                        "ProcessGuid":  "{f1988ae2-f78a-68e2-8100-000000001e00}",
                        "Company":  "Microsoft Corporation",
                        "ImageLoaded":  "C:\\Windows\\SysWOW64\\verifier.dll",
                        "FileVersion":  "10.0.19041.1 (WinBuild.160101.0800)",
                        "User":  "DESKTOP-KVSEOF0\\Stage.Ali",
                        "RuleName":  "-",
                        "Product":  "Microsoft® Windows® Operating System",
                        "ProcessId":  "836",
                        "OriginalFileName":  "verifier.dll",
                        "Signed":  "true"
                    }
    },
    {
        "EventId":  7,
        "TimeCreated":  "\/Date(1759704971288)\/",
        "ProcessGuid":  "{f1988ae2-f78a-68e2-8100-000000001e00}",
        "ProcessId":  "836",
        "ParentProcessGuid":  null,
        "Image":  "C:\\Windows\\SysWOW64\\WerFault.exe",
        "CommandLine":  null,
        "User":  "DESKTOP-KVSEOF0\\Stage.Ali",
        "TargetFilename":  null,
        "DestinationIp":  null,
        "DestinationPort":  null,
        "SourceIp":  null,
        "SourcePort":  null,
        "Protocol":  null,
        "QueryName":  null,
        "Details":  {
                        "Description":  "Microsoft .NET External Data Access Support",
                        "SignatureStatus":  "Valid",
                        "Signature":  "Microsoft Corporation",
                        "Hashes":  "MD5=051E7C8E98E332A9CD641A23D2BF7FD9,SHA256=2A9642F972A4F7D3BD771ECF9A098BDEA242493EFC25245F93635FF8FE558B19",
                        "Image":  "C:\\Windows\\SysWOW64\\WerFault.exe",
                        "UtcTime":  "2025-10-05 22:56:11.272",
                        "ProcessGuid":  "{f1988ae2-f78a-68e2-8100-000000001e00}",
                        "Company":  "Microsoft Corporation",
                        "ImageLoaded":  "C:\\Windows\\Microsoft.NET\\Framework\\v4.0.30319\\mscordacwks.dll",
                        "FileVersion":  "4.8.4515.0 built by: NET48REL1LAST_C",
                        "User":  "DESKTOP-KVSEOF0\\Stage.Ali",
                        "RuleName":  "-",
                        "Product":  "Microsoft® .NET Framework",
                        "ProcessId":  "836",
                        "OriginalFileName":  "mscordacwks.dll",
                        "Signed":  "true"
                    }
    },
    {
        "EventId":  7,
        "TimeCreated":  "\/Date(1759704971285)\/",
        "ProcessGuid":  "{f1988ae2-f78a-68e2-8100-000000001e00}",
        "ProcessId":  "836",
        "ParentProcessGuid":  null,
        "Image":  "C:\\Windows\\SysWOW64\\WerFault.exe",
        "CommandLine":  null,
        "User":  "DESKTOP-KVSEOF0\\Stage.Ali",
        "TargetFilename":  null,
        "DestinationIp":  null,
        "DestinationPort":  null,
        "SourceIp":  null,
        "SourcePort":  null,
        "Protocol":  null,
        "QueryName":  null,
        "Details":  {
                        "Description":  "Microsoft .NET External Data Access Support",
                        "SignatureStatus":  "Valid",
                        "Signature":  "Microsoft Corporation",
                        "Hashes":  "MD5=051E7C8E98E332A9CD641A23D2BF7FD9,SHA256=2A9642F972A4F7D3BD771ECF9A098BDEA242493EFC25245F93635FF8FE558B19",
                        "Image":  "C:\\Windows\\SysWOW64\\WerFault.exe",
                        "UtcTime":  "2025-10-05 22:56:11.272",
                        "ProcessGuid":  "{f1988ae2-f78a-68e2-8100-000000001e00}",
                        "Company":  "Microsoft Corporation",
                        "ImageLoaded":  "C:\\Windows\\Microsoft.NET\\Framework\\v4.0.30319\\mscordacwks.dll",
                        "FileVersion":  "4.8.4515.0 built by: NET48REL1LAST_C",
                        "User":  "DESKTOP-KVSEOF0\\Stage.Ali",
                        "RuleName":  "-",
                        "Product":  "Microsoft® .NET Framework",
                        "ProcessId":  "836",
                        "OriginalFileName":  "mscordacwks.dll",
                        "Signed":  "true"
                    }
    },
    {
        "EventId":  7,
        "TimeCreated":  "\/Date(1759704971142)\/",
        "ProcessGuid":  "{f1988ae2-f78a-68e2-8100-000000001e00}",
        "ProcessId":  "836",
        "ParentProcessGuid":  null,
        "Image":  "C:\\Windows\\SysWOW64\\WerFault.exe",
        "CommandLine":  null,
        "User":  "DESKTOP-KVSEOF0\\Stage.Ali",
        "TargetFilename":  null,
        "DestinationIp":  null,
        "DestinationPort":  null,
        "SourceIp":  null,
        "SourcePort":  null,
        "Protocol":  null,
        "QueryName":  null,
        "Details":  {
                        "Description":  "Version Checking and File Installation Libraries",
                        "SignatureStatus":  "Valid",
                        "Signature":  "Microsoft Windows",
                        "Hashes":  "MD5=8EB300FCC7C8DAAD3716C6E53D4BE2FC,SHA256=747F954CFE4A42DE0683A6C74FE6CCE21EC67D72B681557C48ABE09A321CEA05",
                        "Image":  "C:\\Windows\\SysWOW64\\WerFault.exe",
                        "UtcTime":  "2025-10-05 22:56:11.139",
                        "ProcessGuid":  "{f1988ae2-f78a-68e2-8100-000000001e00}",
                        "Company":  "Microsoft Corporation",
                        "ImageLoaded":  "C:\\Windows\\SysWOW64\\version.dll",
                        "FileVersion":  "10.0.19041.546 (WinBuild.160101.0800)",
                        "User":  "DESKTOP-KVSEOF0\\Stage.Ali",
                        "RuleName":  "-",
                        "Product":  "Microsoft® Windows® Operating System",
                        "ProcessId":  "836",
                        "OriginalFileName":  "VERSION.DLL",
                        "Signed":  "true"
                    }
    },
    {
        "EventId":  7,
        "TimeCreated":  "\/Date(1759704971139)\/",
        "ProcessGuid":  "{f1988ae2-f78a-68e2-8100-000000001e00}",
        "ProcessId":  "836",
        "ParentProcessGuid":  null,
        "Image":  "C:\\Windows\\SysWOW64\\WerFault.exe",
        "CommandLine":  null,
        "User":  "DESKTOP-KVSEOF0\\Stage.Ali",
        "TargetFilename":  null,
        "DestinationIp":  null,
        "DestinationPort":  null,
        "SourceIp":  null,
        "SourcePort":  null,
        "Protocol":  null,
        "QueryName":  null,
        "Details":  {
                        "Description":  "Process Status Helper",
                        "SignatureStatus":  "Valid",
                        "Signature":  "Microsoft Windows",
                        "Hashes":  "MD5=568355DCCCCE8141DCAAA5B222FA5ABF,SHA256=927183EE69F11D9B979C1DA51A3A973274EC684BB9361696C7423298A5055869",
                        "Image":  "C:\\Windows\\SysWOW64\\WerFault.exe",
                        "UtcTime":  "2025-10-05 22:56:11.138",
                        "ProcessGuid":  "{f1988ae2-f78a-68e2-8100-000000001e00}",
                        "Company":  "Microsoft Corporation",
                        "ImageLoaded":  "C:\\Windows\\SysWOW64\\psapi.dll",
                        "FileVersion":  "10.0.19041.546 (WinBuild.160101.0800)",
                        "User":  "DESKTOP-KVSEOF0\\Stage.Ali",
                        "RuleName":  "-",
                        "Product":  "Microsoft® Windows® Operating System",
                        "ProcessId":  "836",
                        "OriginalFileName":  "PSAPI",
                        "Signed":  "true"
                    }
    },
    {
        "EventId":  7,
        "TimeCreated":  "\/Date(1759704971125)\/",
        "ProcessGuid":  "{f1988ae2-f78a-68e2-8100-000000001e00}",
        "ProcessId":  "836",
        "ParentProcessGuid":  null,
        "Image":  "C:\\Windows\\SysWOW64\\WerFault.exe",
        "CommandLine":  null,
        "User":  "DESKTOP-KVSEOF0\\Stage.Ali",
        "TargetFilename":  null,
        "DestinationIp":  null,
        "DestinationPort":  null,
        "SourceIp":  null,
        "SourcePort":  null,
        "Protocol":  null,
        "QueryName":  null,
        "Details":  {
                        "Description":  "Microsoft® STL110 C++ Runtime Library",
                        "SignatureStatus":  "Valid",
                        "Signature":  "Microsoft Windows",
                        "Hashes":  "MD5=76F66CCF0A9A24C43491E84AADBD2CB8,SHA256=87853397C7D6E33C0E4429F52E4884D5E7581E87E192CE58E646A7AFA1658CA3",
                        "Image":  "C:\\Windows\\SysWOW64\\WerFault.exe",
                        "UtcTime":  "2025-10-05 22:56:11.118",
                        "ProcessGuid":  "{f1988ae2-f78a-68e2-8100-000000001e00}",
                        "Company":  "Microsoft Corporation",
                        "ImageLoaded":  "C:\\Windows\\SysWOW64\\msvcp110_win.dll",
                        "FileVersion":  "10.0.19041.546 (WinBuild.160101.0800)",
                        "User":  "DESKTOP-KVSEOF0\\Stage.Ali",
                        "RuleName":  "-",
                        "Product":  "Microsoft® Windows® Operating System",
                        "ProcessId":  "836",
                        "OriginalFileName":  "msvcp110_win.dll",
                        "Signed":  "true"
                    }
    },
    {
        "EventId":  7,
        "TimeCreated":  "\/Date(1759704971124)\/",
        "ProcessGuid":  "{f1988ae2-f78a-68e2-8100-000000001e00}",
        "ProcessId":  "836",
        "ParentProcessGuid":  null,
        "Image":  "C:\\Windows\\SysWOW64\\WerFault.exe",
        "CommandLine":  null,
        "User":  "DESKTOP-KVSEOF0\\Stage.Ali",
        "TargetFilename":  null,
        "DestinationIp":  null,
        "DestinationPort":  null,
        "SourceIp":  null,
        "SourcePort":  null,
        "Protocol":  null,
        "QueryName":  null,
        "Details":  {
                        "Description":  "Policy Manager DLL",
                        "SignatureStatus":  "Valid",
                        "Signature":  "Microsoft Windows",
                        "Hashes":  "MD5=21F972585696C204A08ADC8CF269B05A,SHA256=C1EA524E8E48D2ACD92485AF2BD6DEA611299CF0E5A3971022817A92FA3C4DAE",
                        "Image":  "C:\\Windows\\SysWOW64\\WerFault.exe",
                        "UtcTime":  "2025-10-05 22:56:11.118",
                        "ProcessGuid":  "{f1988ae2-f78a-68e2-8100-000000001e00}",
                        "Company":  "Microsoft Corporation",
                        "ImageLoaded":  "C:\\Windows\\SysWOW64\\policymanager.dll",
                        "FileVersion":  "10.0.19041.1865 (WinBuild.160101.0800)",
                        "User":  "DESKTOP-KVSEOF0\\Stage.Ali",
                        "RuleName":  "-",
                        "Product":  "Microsoft® Windows® Operating System",
                        "ProcessId":  "836",
                        "OriginalFileName":  "PolicyManager.dll",
                        "Signed":  "true"
                    }
    },
    {
        "EventId":  7,
        "TimeCreated":  "\/Date(1759704971122)\/",
        "ProcessGuid":  "{f1988ae2-f78a-68e2-8100-000000001e00}",
        "ProcessId":  "836",
        "ParentProcessGuid":  null,
        "Image":  "C:\\Windows\\SysWOW64\\WerFault.exe",
        "CommandLine":  null,
        "User":  "DESKTOP-KVSEOF0\\Stage.Ali",
        "TargetFilename":  null,
        "DestinationIp":  null,
        "DestinationPort":  null,
        "SourceIp":  null,
        "SourcePort":  null,
        "Protocol":  null,
        "QueryName":  null,
        "Details":  {
                        "Description":  "Microsoft® STL110 C++ Runtime Library",
                        "SignatureStatus":  "Valid",
                        "Signature":  "Microsoft Windows",
                        "Hashes":  "MD5=76F66CCF0A9A24C43491E84AADBD2CB8,SHA256=87853397C7D6E33C0E4429F52E4884D5E7581E87E192CE58E646A7AFA1658CA3",
                        "Image":  "C:\\Windows\\SysWOW64\\WerFault.exe",
                        "UtcTime":  "2025-10-05 22:56:11.118",
                        "ProcessGuid":  "{f1988ae2-f78a-68e2-8100-000000001e00}",
                        "Company":  "Microsoft Corporation",
                        "ImageLoaded":  "C:\\Windows\\SysWOW64\\msvcp110_win.dll",
                        "FileVersion":  "10.0.19041.546 (WinBuild.160101.0800)",
                        "User":  "DESKTOP-KVSEOF0\\Stage.Ali",
                        "RuleName":  "-",
                        "Product":  "Microsoft® Windows® Operating System",
                        "ProcessId":  "836",
                        "OriginalFileName":  "msvcp110_win.dll",
                        "Signed":  "true"
                    }
    },
    {
        "EventId":  7,
        "TimeCreated":  "\/Date(1759704971116)\/",
        "ProcessGuid":  "{f1988ae2-f78a-68e2-8100-000000001e00}",
        "ProcessId":  "836",
        "ParentProcessGuid":  null,
        "Image":  "C:\\Windows\\SysWOW64\\WerFault.exe",
        "CommandLine":  null,
        "User":  "DESKTOP-KVSEOF0\\Stage.Ali",
        "TargetFilename":  null,
        "DestinationIp":  null,
        "DestinationPort":  null,
        "SourceIp":  null,
        "SourcePort":  null,
        "Protocol":  null,
        "QueryName":  null,
        "Details":  {
                        "Description":  "Policy Manager DLL",
                        "SignatureStatus":  "Valid",
                        "Signature":  "Microsoft Windows",
                        "Hashes":  "MD5=21F972585696C204A08ADC8CF269B05A,SHA256=C1EA524E8E48D2ACD92485AF2BD6DEA611299CF0E5A3971022817A92FA3C4DAE",
                        "Image":  "C:\\Windows\\SysWOW64\\WerFault.exe",
                        "UtcTime":  "2025-10-05 22:56:11.108",
                        "ProcessGuid":  "{f1988ae2-f78a-68e2-8100-000000001e00}",
                        "Company":  "Microsoft Corporation",
                        "ImageLoaded":  "C:\\Windows\\SysWOW64\\policymanager.dll",
                        "FileVersion":  "10.0.19041.1865 (WinBuild.160101.0800)",
                        "User":  "DESKTOP-KVSEOF0\\Stage.Ali",
                        "RuleName":  "-",
                        "Product":  "Microsoft® Windows® Operating System",
                        "ProcessId":  "836",
                        "OriginalFileName":  "PolicyManager.dll",
                        "Signed":  "true"
                    }
    },
    {
        "EventId":  7,
        "TimeCreated":  "\/Date(1759704971111)\/",
        "ProcessGuid":  "{f1988ae2-f78a-68e2-8100-000000001e00}",
        "ProcessId":  "836",
        "ParentProcessGuid":  null,
        "Image":  "C:\\Windows\\SysWOW64\\WerFault.exe",
        "CommandLine":  null,
        "User":  "DESKTOP-KVSEOF0\\Stage.Ali",
        "TargetFilename":  null,
        "DestinationIp":  null,
        "DestinationPort":  null,
        "SourceIp":  null,
        "SourcePort":  null,
        "Protocol":  null,
        "QueryName":  null,
        "Details":  {
                        "Description":  "Microsoft® STL110 C++ Runtime Library",
                        "SignatureStatus":  "Valid",
                        "Signature":  "Microsoft Windows",
                        "Hashes":  "MD5=76F66CCF0A9A24C43491E84AADBD2CB8,SHA256=87853397C7D6E33C0E4429F52E4884D5E7581E87E192CE58E646A7AFA1658CA3",
                        "Image":  "C:\\Windows\\SysWOW64\\WerFault.exe",
                        "UtcTime":  "2025-10-05 22:56:11.108",
                        "ProcessGuid":  "{f1988ae2-f78a-68e2-8100-000000001e00}",
                        "Company":  "Microsoft Corporation",
                        "ImageLoaded":  "C:\\Windows\\SysWOW64\\msvcp110_win.dll",
                        "FileVersion":  "10.0.19041.546 (WinBuild.160101.0800)",
                        "User":  "DESKTOP-KVSEOF0\\Stage.Ali",
                        "RuleName":  "-",
                        "Product":  "Microsoft® Windows® Operating System",
                        "ProcessId":  "836",
                        "OriginalFileName":  "msvcp110_win.dll",
                        "Signed":  "true"
                    }
    },
    {
        "EventId":  7,
        "TimeCreated":  "\/Date(1759704971111)\/",
        "ProcessGuid":  "{f1988ae2-f78a-68e2-8100-000000001e00}",
        "ProcessId":  "836",
        "ParentProcessGuid":  null,
        "Image":  "C:\\Windows\\SysWOW64\\WerFault.exe",
        "CommandLine":  null,
        "User":  "DESKTOP-KVSEOF0\\Stage.Ali",
        "TargetFilename":  null,
        "DestinationIp":  null,
        "DestinationPort":  null,
        "SourceIp":  null,
        "SourcePort":  null,
        "Protocol":  null,
        "QueryName":  null,
        "Details":  {
                        "Description":  "Policy Manager DLL",
                        "SignatureStatus":  "Valid",
                        "Signature":  "Microsoft Windows",
                        "Hashes":  "MD5=21F972585696C204A08ADC8CF269B05A,SHA256=C1EA524E8E48D2ACD92485AF2BD6DEA611299CF0E5A3971022817A92FA3C4DAE",
                        "Image":  "C:\\Windows\\SysWOW64\\WerFault.exe",
                        "UtcTime":  "2025-10-05 22:56:11.108",
                        "ProcessGuid":  "{f1988ae2-f78a-68e2-8100-000000001e00}",
                        "Company":  "Microsoft Corporation",
                        "ImageLoaded":  "C:\\Windows\\SysWOW64\\policymanager.dll",
                        "FileVersion":  "10.0.19041.1865 (WinBuild.160101.0800)",
                        "User":  "DESKTOP-KVSEOF0\\Stage.Ali",
                        "RuleName":  "-",
                        "Product":  "Microsoft® Windows® Operating System",
                        "ProcessId":  "836",
                        "OriginalFileName":  "PolicyManager.dll",
                        "Signed":  "true"
                    }
    },
    {
        "EventId":  7,
        "TimeCreated":  "\/Date(1759704971066)\/",
        "ProcessGuid":  "{f1988ae2-f78a-68e2-8100-000000001e00}",
        "ProcessId":  "836",
        "ParentProcessGuid":  null,
        "Image":  "C:\\Windows\\SysWOW64\\WerFault.exe",
        "CommandLine":  null,
        "User":  "DESKTOP-KVSEOF0\\Stage.Ali",
        "TargetFilename":  null,
        "DestinationIp":  null,
        "DestinationPort":  null,
        "SourceIp":  null,
        "SourcePort":  null,
        "Protocol":  null,
        "QueryName":  null,
        "Details":  {
                        "Description":  "Microsoft® STL110 C++ Runtime Library",
                        "SignatureStatus":  "Valid",
                        "Signature":  "Microsoft Windows",
                        "Hashes":  "MD5=76F66CCF0A9A24C43491E84AADBD2CB8,SHA256=87853397C7D6E33C0E4429F52E4884D5E7581E87E192CE58E646A7AFA1658CA3",
                        "Image":  "C:\\Windows\\SysWOW64\\WerFault.exe",
                        "UtcTime":  "2025-10-05 22:56:11.050",
                        "ProcessGuid":  "{f1988ae2-f78a-68e2-8100-000000001e00}",
                        "Company":  "Microsoft Corporation",
                        "ImageLoaded":  "C:\\Windows\\SysWOW64\\msvcp110_win.dll",
                        "FileVersion":  "10.0.19041.546 (WinBuild.160101.0800)",
                        "User":  "DESKTOP-KVSEOF0\\Stage.Ali",
                        "RuleName":  "-",
                        "Product":  "Microsoft® Windows® Operating System",
                        "ProcessId":  "836",
                        "OriginalFileName":  "msvcp110_win.dll",
                        "Signed":  "true"
                    }
    },
    {
        "EventId":  7,
        "TimeCreated":  "\/Date(1759704971065)\/",
        "ProcessGuid":  "{f1988ae2-f78a-68e2-8100-000000001e00}",
        "ProcessId":  "836",
        "ParentProcessGuid":  null,
        "Image":  "C:\\Windows\\SysWOW64\\WerFault.exe",
        "CommandLine":  null,
        "User":  "DESKTOP-KVSEOF0\\Stage.Ali",
        "TargetFilename":  null,
        "DestinationIp":  null,
        "DestinationPort":  null,
        "SourceIp":  null,
        "SourcePort":  null,
        "Protocol":  null,
        "QueryName":  null,
        "Details":  {
                        "Description":  "Policy Manager DLL",
                        "SignatureStatus":  "Valid",
                        "Signature":  "Microsoft Windows",
                        "Hashes":  "MD5=21F972585696C204A08ADC8CF269B05A,SHA256=C1EA524E8E48D2ACD92485AF2BD6DEA611299CF0E5A3971022817A92FA3C4DAE",
                        "Image":  "C:\\Windows\\SysWOW64\\WerFault.exe",
                        "UtcTime":  "2025-10-05 22:56:11.050",
                        "ProcessGuid":  "{f1988ae2-f78a-68e2-8100-000000001e00}",
                        "Company":  "Microsoft Corporation",
                        "ImageLoaded":  "C:\\Windows\\SysWOW64\\policymanager.dll",
                        "FileVersion":  "10.0.19041.1865 (WinBuild.160101.0800)",
                        "User":  "DESKTOP-KVSEOF0\\Stage.Ali",
                        "RuleName":  "-",
                        "Product":  "Microsoft® Windows® Operating System",
                        "ProcessId":  "836",
                        "OriginalFileName":  "PolicyManager.dll",
                        "Signed":  "true"
                    }
    },
    {
        "EventId":  7,
        "TimeCreated":  "\/Date(1759704971065)\/",
        "ProcessGuid":  "{f1988ae2-f78a-68e2-8100-000000001e00}",
        "ProcessId":  "836",
        "ParentProcessGuid":  null,
        "Image":  "C:\\Windows\\SysWOW64\\WerFault.exe",
        "CommandLine":  null,
        "User":  "DESKTOP-KVSEOF0\\Stage.Ali",
        "TargetFilename":  null,
        "DestinationIp":  null,
        "DestinationPort":  null,
        "SourceIp":  null,
        "SourcePort":  null,
        "Protocol":  null,
        "QueryName":  null,
        "Details":  {
                        "Description":  "Microsoft® STL110 C++ Runtime Library",
                        "SignatureStatus":  "Valid",
                        "Signature":  "Microsoft Windows",
                        "Hashes":  "MD5=76F66CCF0A9A24C43491E84AADBD2CB8,SHA256=87853397C7D6E33C0E4429F52E4884D5E7581E87E192CE58E646A7AFA1658CA3",
                        "Image":  "C:\\Windows\\SysWOW64\\WerFault.exe",
                        "UtcTime":  "2025-10-05 22:56:11.050",
                        "ProcessGuid":  "{f1988ae2-f78a-68e2-8100-000000001e00}",
                        "Company":  "Microsoft Corporation",
                        "ImageLoaded":  "C:\\Windows\\SysWOW64\\msvcp110_win.dll",
                        "FileVersion":  "10.0.19041.546 (WinBuild.160101.0800)",
                        "User":  "DESKTOP-KVSEOF0\\Stage.Ali",
                        "RuleName":  "-",
                        "Product":  "Microsoft® Windows® Operating System",
                        "ProcessId":  "836",
                        "OriginalFileName":  "msvcp110_win.dll",
                        "Signed":  "true"
                    }
    },
    {
        "EventId":  7,
        "TimeCreated":  "\/Date(1759704971064)\/",
        "ProcessGuid":  "{f1988ae2-f78a-68e2-8100-000000001e00}",
        "ProcessId":  "836",
        "ParentProcessGuid":  null,
        "Image":  "C:\\Windows\\SysWOW64\\WerFault.exe",
        "CommandLine":  null,
        "User":  "DESKTOP-KVSEOF0\\Stage.Ali",
        "TargetFilename":  null,
        "DestinationIp":  null,
        "DestinationPort":  null,
        "SourceIp":  null,
        "SourcePort":  null,
        "Protocol":  null,
        "QueryName":  null,
        "Details":  {
                        "Description":  "Policy Manager DLL",
                        "SignatureStatus":  "Valid",
                        "Signature":  "Microsoft Windows",
                        "Hashes":  "MD5=21F972585696C204A08ADC8CF269B05A,SHA256=C1EA524E8E48D2ACD92485AF2BD6DEA611299CF0E5A3971022817A92FA3C4DAE",
                        "Image":  "C:\\Windows\\SysWOW64\\WerFault.exe",
                        "UtcTime":  "2025-10-05 22:56:11.050",
                        "ProcessGuid":  "{f1988ae2-f78a-68e2-8100-000000001e00}",
                        "Company":  "Microsoft Corporation",
                        "ImageLoaded":  "C:\\Windows\\SysWOW64\\policymanager.dll",
                        "FileVersion":  "10.0.19041.1865 (WinBuild.160101.0800)",
                        "User":  "DESKTOP-KVSEOF0\\Stage.Ali",
                        "RuleName":  "-",
                        "Product":  "Microsoft® Windows® Operating System",
                        "ProcessId":  "836",
                        "OriginalFileName":  "PolicyManager.dll",
                        "Signed":  "true"
                    }
    },
    {
        "EventId":  7,
        "TimeCreated":  "\/Date(1759704971063)\/",
        "ProcessGuid":  "{f1988ae2-f78a-68e2-8100-000000001e00}",
        "ProcessId":  "836",
        "ParentProcessGuid":  null,
        "Image":  "C:\\Windows\\SysWOW64\\WerFault.exe",
        "CommandLine":  null,
        "User":  "DESKTOP-KVSEOF0\\Stage.Ali",
        "TargetFilename":  null,
        "DestinationIp":  null,
        "DestinationPort":  null,
        "SourceIp":  null,
        "SourcePort":  null,
        "Protocol":  null,
        "QueryName":  null,
        "Details":  {
                        "Description":  "Microsoft® STL110 C++ Runtime Library",
                        "SignatureStatus":  "Valid",
                        "Signature":  "Microsoft Windows",
                        "Hashes":  "MD5=76F66CCF0A9A24C43491E84AADBD2CB8,SHA256=87853397C7D6E33C0E4429F52E4884D5E7581E87E192CE58E646A7AFA1658CA3",
                        "Image":  "C:\\Windows\\SysWOW64\\WerFault.exe",
                        "UtcTime":  "2025-10-05 22:56:11.050",
                        "ProcessGuid":  "{f1988ae2-f78a-68e2-8100-000000001e00}",
                        "Company":  "Microsoft Corporation",
                        "ImageLoaded":  "C:\\Windows\\SysWOW64\\msvcp110_win.dll",
                        "FileVersion":  "10.0.19041.546 (WinBuild.160101.0800)",
                        "User":  "DESKTOP-KVSEOF0\\Stage.Ali",
                        "RuleName":  "-",
                        "Product":  "Microsoft® Windows® Operating System",
                        "ProcessId":  "836",
                        "OriginalFileName":  "msvcp110_win.dll",
                        "Signed":  "true"
                    }
    },
    {
        "EventId":  7,
        "TimeCreated":  "\/Date(1759704971063)\/",
        "ProcessGuid":  "{f1988ae2-f78a-68e2-8100-000000001e00}",
        "ProcessId":  "836",
        "ParentProcessGuid":  null,
        "Image":  "C:\\Windows\\SysWOW64\\WerFault.exe",
        "CommandLine":  null,
        "User":  "DESKTOP-KVSEOF0\\Stage.Ali",
        "TargetFilename":  null,
        "DestinationIp":  null,
        "DestinationPort":  null,
        "SourceIp":  null,
        "SourcePort":  null,
        "Protocol":  null,
        "QueryName":  null,
        "Details":  {
                        "Description":  "Policy Manager DLL",
                        "SignatureStatus":  "Valid",
                        "Signature":  "Microsoft Windows",
                        "Hashes":  "MD5=21F972585696C204A08ADC8CF269B05A,SHA256=C1EA524E8E48D2ACD92485AF2BD6DEA611299CF0E5A3971022817A92FA3C4DAE",
                        "Image":  "C:\\Windows\\SysWOW64\\WerFault.exe",
                        "UtcTime":  "2025-10-05 22:56:11.037",
                        "ProcessGuid":  "{f1988ae2-f78a-68e2-8100-000000001e00}",
                        "Company":  "Microsoft Corporation",
                        "ImageLoaded":  "C:\\Windows\\SysWOW64\\policymanager.dll",
                        "FileVersion":  "10.0.19041.1865 (WinBuild.160101.0800)",
                        "User":  "DESKTOP-KVSEOF0\\Stage.Ali",
                        "RuleName":  "-",
                        "Product":  "Microsoft® Windows® Operating System",
                        "ProcessId":  "836",
                        "OriginalFileName":  "PolicyManager.dll",
                        "Signed":  "true"
                    }
    },
    {
        "EventId":  7,
        "TimeCreated":  "\/Date(1759704971019)\/",
        "ProcessGuid":  "{f1988ae2-f78a-68e2-8100-000000001e00}",
        "ProcessId":  "836",
        "ParentProcessGuid":  null,
        "Image":  "C:\\Windows\\SysWOW64\\WerFault.exe",
        "CommandLine":  null,
        "User":  "DESKTOP-KVSEOF0\\Stage.Ali",
        "TargetFilename":  null,
        "DestinationIp":  null,
        "DestinationPort":  null,
        "SourceIp":  null,
        "SourcePort":  null,
        "Protocol":  null,
        "QueryName":  null,
        "Details":  {
                        "Description":  "Microsoft® STL110 C++ Runtime Library",
                        "SignatureStatus":  "Valid",
                        "Signature":  "Microsoft Windows",
                        "Hashes":  "MD5=76F66CCF0A9A24C43491E84AADBD2CB8,SHA256=87853397C7D6E33C0E4429F52E4884D5E7581E87E192CE58E646A7AFA1658CA3",
                        "Image":  "C:\\Windows\\SysWOW64\\WerFault.exe",
                        "UtcTime":  "2025-10-05 22:56:11.016",
                        "ProcessGuid":  "{f1988ae2-f78a-68e2-8100-000000001e00}",
                        "Company":  "Microsoft Corporation",
                        "ImageLoaded":  "C:\\Windows\\SysWOW64\\msvcp110_win.dll",
                        "FileVersion":  "10.0.19041.546 (WinBuild.160101.0800)",
                        "User":  "DESKTOP-KVSEOF0\\Stage.Ali",
                        "RuleName":  "-",
                        "Product":  "Microsoft® Windows® Operating System",
                        "ProcessId":  "836",
                        "OriginalFileName":  "msvcp110_win.dll",
                        "Signed":  "true"
                    }
    },
    {
        "EventId":  7,
        "TimeCreated":  "\/Date(1759704971018)\/",
        "ProcessGuid":  "{f1988ae2-f78a-68e2-8100-000000001e00}",
        "ProcessId":  "836",
        "ParentProcessGuid":  null,
        "Image":  "C:\\Windows\\SysWOW64\\WerFault.exe",
        "CommandLine":  null,
        "User":  "DESKTOP-KVSEOF0\\Stage.Ali",
        "TargetFilename":  null,
        "DestinationIp":  null,
        "DestinationPort":  null,
        "SourceIp":  null,
        "SourcePort":  null,
        "Protocol":  null,
        "QueryName":  null,
        "Details":  {
                        "Description":  "Policy Manager DLL",
                        "SignatureStatus":  "Valid",
                        "Signature":  "Microsoft Windows",
                        "Hashes":  "MD5=21F972585696C204A08ADC8CF269B05A,SHA256=C1EA524E8E48D2ACD92485AF2BD6DEA611299CF0E5A3971022817A92FA3C4DAE",
                        "Image":  "C:\\Windows\\SysWOW64\\WerFault.exe",
                        "UtcTime":  "2025-10-05 22:56:11.015",
                        "ProcessGuid":  "{f1988ae2-f78a-68e2-8100-000000001e00}",
                        "Company":  "Microsoft Corporation",
                        "ImageLoaded":  "C:\\Windows\\SysWOW64\\policymanager.dll",
                        "FileVersion":  "10.0.19041.1865 (WinBuild.160101.0800)",
                        "User":  "DESKTOP-KVSEOF0\\Stage.Ali",
                        "RuleName":  "-",
                        "Product":  "Microsoft® Windows® Operating System",
                        "ProcessId":  "836",
                        "OriginalFileName":  "PolicyManager.dll",
                        "Signed":  "true"
                    }
    },
    {
        "EventId":  7,
        "TimeCreated":  "\/Date(1759704971001)\/",
        "ProcessGuid":  "{f1988ae2-f78a-68e2-8100-000000001e00}",
        "ProcessId":  "836",
        "ParentProcessGuid":  null,
        "Image":  "C:\\Windows\\SysWOW64\\WerFault.exe",
        "CommandLine":  null,
        "User":  "DESKTOP-KVSEOF0\\Stage.Ali",
        "TargetFilename":  null,
        "DestinationIp":  null,
        "DestinationPort":  null,
        "SourceIp":  null,
        "SourcePort":  null,
        "Protocol":  null,
        "QueryName":  null,
        "Details":  {
                        "Description":  "Microsoft® STL110 C++ Runtime Library",
                        "SignatureStatus":  "Valid",
                        "Signature":  "Microsoft Windows",
                        "Hashes":  "MD5=76F66CCF0A9A24C43491E84AADBD2CB8,SHA256=87853397C7D6E33C0E4429F52E4884D5E7581E87E192CE58E646A7AFA1658CA3",
                        "Image":  "C:\\Windows\\SysWOW64\\WerFault.exe",
                        "UtcTime":  "2025-10-05 22:56:10.995",
                        "ProcessGuid":  "{f1988ae2-f78a-68e2-8100-000000001e00}",
                        "Company":  "Microsoft Corporation",
                        "ImageLoaded":  "C:\\Windows\\SysWOW64\\msvcp110_win.dll",
                        "FileVersion":  "10.0.19041.546 (WinBuild.160101.0800)",
                        "User":  "DESKTOP-KVSEOF0\\Stage.Ali",
                        "RuleName":  "-",
                        "Product":  "Microsoft® Windows® Operating System",
                        "ProcessId":  "836",
                        "OriginalFileName":  "msvcp110_win.dll",
                        "Signed":  "true"
                    }
    },
