[
    {
        "EventId":  11,
        "TimeCreated":  "\/Date(1759704972341)\/",
        "ProcessGuid":  "{f1988ae2-f78a-68e2-8100-000000001e00}",
        "ProcessId":  "836",
        "ParentProcessGuid":  null,
        "Image":  "C:\\Windows\\SysWOW64\\WerFault.exe",
        "CommandLine":  null,
        "User":  "DESKTOP-KVSEOF0\\Stage.Ali",
        "TargetFilename":  "C:\\ProgramData\\Microsoft\\Windows\\WER\\ReportQueue\\AppCrash_MSBuild.exe_93edefeff92c362c7ba37a73ad274e2bdebf8fc_12b94be8_e446eb9b-4858-4e83-a2d7-9ac7d8b6fbc5\\Report.wer",
        "DestinationIp":  null,
        "DestinationPort":  null,
        "SourceIp":  null,
        "SourcePort":  null,
        "Protocol":  null,
        "QueryName":  null,
        "Details":  {
                        "Image":  "C:\\Windows\\SysWOW64\\WerFault.exe",
                        "ProcessGuid":  "{f1988ae2-f78a-68e2-8100-000000001e00}",
                        "TargetFilename":  "C:\\ProgramData\\Microsoft\\Windows\\WER\\ReportQueue\\AppCrash_MSBuild.exe_93edefeff92c362c7ba37a73ad274e2bdebf8fc_12b94be8_e446eb9b-4858-4e83-a2d7-9ac7d8b6fbc5\\Report.wer",
                        "ProcessId":  "836",
                        "UtcTime":  "2025-10-05 22:56:12.338",
                        "RuleName":  "-",
                        "CreationUtcTime":  "2025-10-05 22:56:12.335",
                        "User":  "DESKTOP-KVSEOF0\\Stage.Ali"
                    }
    },
    {
        "EventId":  11,
        "TimeCreated":  "\/Date(1759704972332)\/",
        "ProcessGuid":  "{f1988ae2-f78a-68e2-8100-000000001e00}",
        "ProcessId":  "836",
        "ParentProcessGuid":  null,
        "Image":  "C:\\Windows\\SysWOW64\\WerFault.exe",
        "CommandLine":  null,
        "User":  "DESKTOP-KVSEOF0\\Stage.Ali",
        "TargetFilename":  "C:\\ProgramData\\Microsoft\\Windows\\WER\\ReportQueue\\AppCrash_MSBuild.exe_93edefeff92c362c7ba37a73ad274e2bdebf8fc_12b94be8_e446eb9b-4858-4e83-a2d7-9ac7d8b6fbc5\\c864342a-b25c-4546-82cd-51250f36ffbd",
        "DestinationIp":  null,
        "DestinationPort":  null,
        "SourceIp":  null,
        "SourcePort":  null,
        "Protocol":  null,
        "QueryName":  null,
        "Details":  {
                        "Image":  "C:\\Windows\\SysWOW64\\WerFault.exe",
                        "ProcessGuid":  "{f1988ae2-f78a-68e2-8100-000000001e00}",
                        "TargetFilename":  "C:\\ProgramData\\Microsoft\\Windows\\WER\\ReportQueue\\AppCrash_MSBuild.exe_93edefeff92c362c7ba37a73ad274e2bdebf8fc_12b94be8_e446eb9b-4858-4e83-a2d7-9ac7d8b6fbc5\\c864342a-b25c-4546-82cd-51250f36ffbd",
                        "ProcessId":  "836",
                        "UtcTime":  "2025-10-05 22:56:12.318",
                        "RuleName":  "-",
                        "CreationUtcTime":  "2025-10-05 22:56:12.318",
                        "User":  "DESKTOP-KVSEOF0\\Stage.Ali"
                    }
    },
    {
        "EventId":  11,
        "TimeCreated":  "\/Date(1759704972332)\/",
        "ProcessGuid":  "{f1988ae2-f78a-68e2-8100-000000001e00}",
        "ProcessId":  "836",
        "ParentProcessGuid":  null,
        "Image":  "C:\\Windows\\SysWOW64\\WerFault.exe",
        "CommandLine":  null,
        "User":  "DESKTOP-KVSEOF0\\Stage.Ali",
        "TargetFilename":  "C:\\ProgramData\\Microsoft\\Windows\\WER\\ReportQueue\\AppCrash_MSBuild.exe_93edefeff92c362c7ba37a73ad274e2bdebf8fc_12b94be8_e446eb9b-4858-4e83-a2d7-9ac7d8b6fbc5",
        "DestinationIp":  null,
        "DestinationPort":  null,
        "SourceIp":  null,
        "SourcePort":  null,
        "Protocol":  null,
        "QueryName":  null,
        "Details":  {
                        "Image":  "C:\\Windows\\SysWOW64\\WerFault.exe",
                        "ProcessGuid":  "{f1988ae2-f78a-68e2-8100-000000001e00}",
                        "TargetFilename":  "C:\\ProgramData\\Microsoft\\Windows\\WER\\ReportQueue\\AppCrash_MSBuild.exe_93edefeff92c362c7ba37a73ad274e2bdebf8fc_12b94be8_e446eb9b-4858-4e83-a2d7-9ac7d8b6fbc5",
                        "ProcessId":  "836",
                        "UtcTime":  "2025-10-05 22:56:12.318",
                        "RuleName":  "-",
                        "CreationUtcTime":  "2025-10-05 22:56:12.318",
                        "User":  "DESKTOP-KVSEOF0\\Stage.Ali"
                    }
    },
    {
        "EventId":  11,
        "TimeCreated":  "\/Date(1759704972186)\/",
        "ProcessGuid":  "{f1988ae2-f78a-68e2-8100-000000001e00}",
        "ProcessId":  "836",
        "ParentProcessGuid":  null,
        "Image":  "C:\\Windows\\SysWOW64\\WerFault.exe",
        "CommandLine":  null,
        "User":  "DESKTOP-KVSEOF0\\Stage.Ali",
        "TargetFilename":  "C:\\ProgramData\\Microsoft\\Windows\\WER\\Temp\\d3af4cf9-d31a-4723-ae42-10b4c80dc7b9",
        "DestinationIp":  null,
        "DestinationPort":  null,
        "SourceIp":  null,
        "SourcePort":  null,
        "Protocol":  null,
        "QueryName":  null,
        "Details":  {
                        "Image":  "C:\\Windows\\SysWOW64\\WerFault.exe",
                        "ProcessGuid":  "{f1988ae2-f78a-68e2-8100-000000001e00}",
                        "TargetFilename":  "C:\\ProgramData\\Microsoft\\Windows\\WER\\Temp\\d3af4cf9-d31a-4723-ae42-10b4c80dc7b9",
                        "ProcessId":  "836",
                        "UtcTime":  "2025-10-05 22:56:12.181",
                        "RuleName":  "-",
                        "CreationUtcTime":  "2025-10-05 22:56:12.181",
                        "User":  "DESKTOP-KVSEOF0\\Stage.Ali"
                    }
    },
    {
        "EventId":  11,
        "TimeCreated":  "\/Date(1759704971581)\/",
        "ProcessGuid":  "{f1988ae2-f78a-68e2-8100-000000001e00}",
        "ProcessId":  "836",
        "ParentProcessGuid":  null,
        "Image":  "C:\\Windows\\SysWOW64\\WerFault.exe",
        "CommandLine":  null,
        "User":  "DESKTOP-KVSEOF0\\Stage.Ali",
        "TargetFilename":  "C:\\ProgramData\\Microsoft\\Windows\\WER\\Temp\\WEREFFA.tmp.xml",
        "DestinationIp":  null,
        "DestinationPort":  null,
        "SourceIp":  null,
        "SourcePort":  null,
        "Protocol":  null,
        "QueryName":  null,
        "Details":  {
                        "Image":  "C:\\Windows\\SysWOW64\\WerFault.exe",
                        "ProcessGuid":  "{f1988ae2-f78a-68e2-8100-000000001e00}",
                        "TargetFilename":  "C:\\ProgramData\\Microsoft\\Windows\\WER\\Temp\\WEREFFA.tmp.xml",
                        "ProcessId":  "836",
                        "UtcTime":  "2025-10-05 22:56:11.570",
                        "RuleName":  "-",
                        "CreationUtcTime":  "2025-10-05 22:56:11.570",
                        "User":  "DESKTOP-KVSEOF0\\Stage.Ali"
                    }
    },
    {
        "EventId":  11,
        "TimeCreated":  "\/Date(1759704971581)\/",
        "ProcessGuid":  "{f1988ae2-f78a-68e2-8100-000000001e00}",
        "ProcessId":  "836",
        "ParentProcessGuid":  null,
        "Image":  "C:\\Windows\\SysWOW64\\WerFault.exe",
        "CommandLine":  null,
        "User":  "DESKTOP-KVSEOF0\\Stage.Ali",
        "TargetFilename":  "C:\\ProgramData\\Microsoft\\Windows\\WER\\Temp\\WEREFFA.tmp",
        "DestinationIp":  null,
        "DestinationPort":  null,
        "SourceIp":  null,
        "SourcePort":  null,
        "Protocol":  null,
        "QueryName":  null,
        "Details":  {
                        "Image":  "C:\\Windows\\SysWOW64\\WerFault.exe",
                        "ProcessGuid":  "{f1988ae2-f78a-68e2-8100-000000001e00}",
                        "TargetFilename":  "C:\\ProgramData\\Microsoft\\Windows\\WER\\Temp\\WEREFFA.tmp",
                        "ProcessId":  "836",
                        "UtcTime":  "2025-10-05 22:56:11.570",
                        "RuleName":  "-",
                        "CreationUtcTime":  "2025-10-05 22:56:11.570",
                        "User":  "DESKTOP-KVSEOF0\\Stage.Ali"
                    }
    },
    {
        "EventId":  11,
        "TimeCreated":  "\/Date(1759704971414)\/",
        "ProcessGuid":  "{f1988ae2-f78a-68e2-8100-000000001e00}",
        "ProcessId":  "836",
        "ParentProcessGuid":  null,
        "Image":  "C:\\Windows\\SysWOW64\\WerFault.exe",
        "CommandLine":  null,
        "User":  "DESKTOP-KVSEOF0\\Stage.Ali",
        "TargetFilename":  "C:\\ProgramData\\Microsoft\\Windows\\WER\\Temp\\WEREEFF.tmp.WERInternalMetadata.xml",
        "DestinationIp":  null,
        "DestinationPort":  null,
        "SourceIp":  null,
        "SourcePort":  null,
        "Protocol":  null,
        "QueryName":  null,
        "Details":  {
                        "Image":  "C:\\Windows\\SysWOW64\\WerFault.exe",
                        "ProcessGuid":  "{f1988ae2-f78a-68e2-8100-000000001e00}",
                        "TargetFilename":  "C:\\ProgramData\\Microsoft\\Windows\\WER\\Temp\\WEREEFF.tmp.WERInternalMetadata.xml",
                        "ProcessId":  "836",
                        "UtcTime":  "2025-10-05 22:56:11.412",
                        "RuleName":  "-",
                        "CreationUtcTime":  "2025-10-05 22:56:11.412",
                        "User":  "DESKTOP-KVSEOF0\\Stage.Ali"
                    }
    },
    {
        "EventId":  11,
        "TimeCreated":  "\/Date(1759704971412)\/",
        "ProcessGuid":  "{f1988ae2-f78a-68e2-8100-000000001e00}",
        "ProcessId":  "836",
        "ParentProcessGuid":  null,
        "Image":  "C:\\Windows\\SysWOW64\\WerFault.exe",
        "CommandLine":  null,
        "User":  "DESKTOP-KVSEOF0\\Stage.Ali",
        "TargetFilename":  "C:\\ProgramData\\Microsoft\\Windows\\WER\\Temp\\WEREEFF.tmp",
        "DestinationIp":  null,
        "DestinationPort":  null,
        "SourceIp":  null,
        "SourcePort":  null,
        "Protocol":  null,
        "QueryName":  null,
        "Details":  {
                        "Image":  "C:\\Windows\\SysWOW64\\WerFault.exe",
                        "ProcessGuid":  "{f1988ae2-f78a-68e2-8100-000000001e00}",
                        "TargetFilename":  "C:\\ProgramData\\Microsoft\\Windows\\WER\\Temp\\WEREEFF.tmp",
                        "ProcessId":  "836",
                        "UtcTime":  "2025-10-05 22:56:11.406",
                        "RuleName":  "-",
                        "CreationUtcTime":  "2025-10-05 22:56:11.406",
                        "User":  "DESKTOP-KVSEOF0\\Stage.Ali"
                    }
    },
    {
        "EventId":  11,
        "TimeCreated":  "\/Date(1759704971128)\/",
        "ProcessGuid":  "{f1988ae2-f78a-68e2-8100-000000001e00}",
        "ProcessId":  "836",
        "ParentProcessGuid":  null,
        "Image":  "C:\\Windows\\SysWOW64\\WerFault.exe",
        "CommandLine":  null,
        "User":  "DESKTOP-KVSEOF0\\Stage.Ali",
        "TargetFilename":  "C:\\ProgramData\\Microsoft\\Windows\\WER\\Temp\\WERED58.tmp.dmp",
        "DestinationIp":  null,
        "DestinationPort":  null,
        "SourceIp":  null,
        "SourcePort":  null,
        "Protocol":  null,
        "QueryName":  null,
        "Details":  {
                        "Image":  "C:\\Windows\\SysWOW64\\WerFault.exe",
                        "ProcessGuid":  "{f1988ae2-f78a-68e2-8100-000000001e00}",
                        "TargetFilename":  "C:\\ProgramData\\Microsoft\\Windows\\WER\\Temp\\WERED58.tmp.dmp",
                        "ProcessId":  "836",
                        "UtcTime":  "2025-10-05 22:56:11.126",
                        "RuleName":  "-",
                        "CreationUtcTime":  "2025-10-05 22:56:11.126",
                        "User":  "DESKTOP-KVSEOF0\\Stage.Ali"
                    }
    },
    {
        "EventId":  11,
        "TimeCreated":  "\/Date(1759704971127)\/",
        "ProcessGuid":  "{f1988ae2-f78a-68e2-8100-000000001e00}",
        "ProcessId":  "836",
        "ParentProcessGuid":  null,
        "Image":  "C:\\Windows\\SysWOW64\\WerFault.exe",
        "CommandLine":  null,
        "User":  "DESKTOP-KVSEOF0\\Stage.Ali",
        "TargetFilename":  "C:\\ProgramData\\Microsoft\\Windows\\WER\\Temp\\WERED58.tmp",
        "DestinationIp":  null,
        "DestinationPort":  null,
        "SourceIp":  null,
        "SourcePort":  null,
        "Protocol":  null,
        "QueryName":  null,
        "Details":  {
                        "Image":  "C:\\Windows\\SysWOW64\\WerFault.exe",
                        "ProcessGuid":  "{f1988ae2-f78a-68e2-8100-000000001e00}",
                        "TargetFilename":  "C:\\ProgramData\\Microsoft\\Windows\\WER\\Temp\\WERED58.tmp",
                        "ProcessId":  "836",
                        "UtcTime":  "2025-10-05 22:56:11.126",
                        "RuleName":  "-",
                        "CreationUtcTime":  "2025-10-05 22:56:11.126",
                        "User":  "DESKTOP-KVSEOF0\\Stage.Ali"
                    }
    },
    {
        "EventId":  11,
        "TimeCreated":  "\/Date(1759704971109)\/",
        "ProcessGuid":  "{f1988ae2-f78a-68e2-8100-000000001e00}",
        "ProcessId":  "836",
        "ParentProcessGuid":  null,
        "Image":  "C:\\Windows\\SysWOW64\\WerFault.exe",
        "CommandLine":  null,
        "User":  "DESKTOP-KVSEOF0\\Stage.Ali",
        "TargetFilename":  "C:\\ProgramData\\Microsoft\\Windows\\WER\\ReportQueue\\9f15570a-387c-4e66-a123-a4f42d7d076e",
        "DestinationIp":  null,
        "DestinationPort":  null,
        "SourceIp":  null,
        "SourcePort":  null,
        "Protocol":  null,
        "QueryName":  null,
        "Details":  {
                        "Image":  "C:\\Windows\\SysWOW64\\WerFault.exe",
                        "ProcessGuid":  "{f1988ae2-f78a-68e2-8100-000000001e00}",
                        "TargetFilename":  "C:\\ProgramData\\Microsoft\\Windows\\WER\\ReportQueue\\9f15570a-387c-4e66-a123-a4f42d7d076e",
                        "ProcessId":  "836",
                        "UtcTime":  "2025-10-05 22:56:11.108",
                        "RuleName":  "-",
                        "CreationUtcTime":  "2025-10-05 22:56:11.108",
                        "User":  "DESKTOP-KVSEOF0\\Stage.Ali"
                    }
    },
    {
        "EventId":  11,
        "TimeCreated":  "\/Date(1759704971107)\/",
        "ProcessGuid":  "{f1988ae2-f78a-68e2-8100-000000001e00}",
        "ProcessId":  "836",
        "ParentProcessGuid":  null,
        "Image":  "C:\\Windows\\SysWOW64\\WerFault.exe",
        "CommandLine":  null,
        "User":  "DESKTOP-KVSEOF0\\Stage.Ali",
        "TargetFilename":  "C:\\ProgramData\\Microsoft\\Windows\\WER\\ReportArchive\\af1896b2-8b87-4420-aa69-719eb61e3285",
        "DestinationIp":  null,
        "DestinationPort":  null,
        "SourceIp":  null,
        "SourcePort":  null,
        "Protocol":  null,
        "QueryName":  null,
        "Details":  {
                        "Image":  "C:\\Windows\\SysWOW64\\WerFault.exe",
                        "ProcessGuid":  "{f1988ae2-f78a-68e2-8100-000000001e00}",
                        "TargetFilename":  "C:\\ProgramData\\Microsoft\\Windows\\WER\\ReportArchive\\af1896b2-8b87-4420-aa69-719eb61e3285",
                        "ProcessId":  "836",
                        "UtcTime":  "2025-10-05 22:56:11.106",
                        "RuleName":  "-",
                        "CreationUtcTime":  "2025-10-05 22:56:11.106",
                        "User":  "DESKTOP-KVSEOF0\\Stage.Ali"
                    }
    },
    {
        "EventId":  11,
        "TimeCreated":  "\/Date(1759704971066)\/",
        "ProcessGuid":  "{f1988ae2-f78a-68e2-8100-000000001e00}",
        "ProcessId":  "836",
        "ParentProcessGuid":  null,
        "Image":  "C:\\Windows\\SysWOW64\\WerFault.exe",
        "CommandLine":  null,
        "User":  "DESKTOP-KVSEOF0\\Stage.Ali",
        "TargetFilename":  "C:\\ProgramData\\Microsoft\\Windows\\WER\\Temp\\a44efbf1-884f-4c81-b448-5937ce85bdef",
        "DestinationIp":  null,
        "DestinationPort":  null,
        "SourceIp":  null,
        "SourcePort":  null,
        "Protocol":  null,
        "QueryName":  null,
        "Details":  {
                        "Image":  "C:\\Windows\\SysWOW64\\WerFault.exe",
                        "ProcessGuid":  "{f1988ae2-f78a-68e2-8100-000000001e00}",
                        "TargetFilename":  "C:\\ProgramData\\Microsoft\\Windows\\WER\\Temp\\a44efbf1-884f-4c81-b448-5937ce85bdef",
                        "ProcessId":  "836",
                        "UtcTime":  "2025-10-05 22:56:11.050",
                        "RuleName":  "-",
                        "CreationUtcTime":  "2025-10-05 22:56:11.050",
                        "User":  "DESKTOP-KVSEOF0\\Stage.Ali"
                    }
    },
    {
        "EventId":  11,
        "TimeCreated":  "\/Date(1759704971019)\/",
        "ProcessGuid":  "{f1988ae2-f78a-68e2-8100-000000001e00}",
        "ProcessId":  "836",
        "ParentProcessGuid":  null,
        "Image":  "C:\\Windows\\SysWOW64\\WerFault.exe",
        "CommandLine":  null,
        "User":  "DESKTOP-KVSEOF0\\Stage.Ali",
        "TargetFilename":  "C:\\ProgramData\\Microsoft\\Windows\\WER\\Temp\\44cb48be-1de6-47bc-9267-92a80dcf4e6f",
        "DestinationIp":  null,
        "DestinationPort":  null,
        "SourceIp":  null,
        "SourcePort":  null,
        "Protocol":  null,
        "QueryName":  null,
        "Details":  {
                        "Image":  "C:\\Windows\\SysWOW64\\WerFault.exe",
                        "ProcessGuid":  "{f1988ae2-f78a-68e2-8100-000000001e00}",
                        "TargetFilename":  "C:\\ProgramData\\Microsoft\\Windows\\WER\\Temp\\44cb48be-1de6-47bc-9267-92a80dcf4e6f",
                        "ProcessId":  "836",
                        "UtcTime":  "2025-10-05 22:56:11.016",
                        "RuleName":  "-",
                        "CreationUtcTime":  "2025-10-05 22:56:11.016",
                        "User":  "DESKTOP-KVSEOF0\\Stage.Ali"
                    }
    },
    {
        "EventId":  11,
        "TimeCreated":  "\/Date(1759704970606)\/",
        "ProcessGuid":  "{f1988ae2-f78a-68e2-8100-000000001e00}",
        "ProcessId":  "836",
        "ParentProcessGuid":  null,
        "Image":  "C:\\Windows\\SysWOW64\\WerFault.exe",
        "CommandLine":  null,
        "User":  "DESKTOP-KVSEOF0\\Stage.Ali",
        "TargetFilename":  "C:\\ProgramData\\Microsoft\\Windows\\WER\\Temp\\57ec9680-1510-4b1e-ad98-63feabf61b7e",
        "DestinationIp":  null,
        "DestinationPort":  null,
        "SourceIp":  null,
        "SourcePort":  null,
        "Protocol":  null,
        "QueryName":  null,
        "Details":  {
                        "Image":  "C:\\Windows\\SysWOW64\\WerFault.exe",
                        "ProcessGuid":  "{f1988ae2-f78a-68e2-8100-000000001e00}",
                        "TargetFilename":  "C:\\ProgramData\\Microsoft\\Windows\\WER\\Temp\\57ec9680-1510-4b1e-ad98-63feabf61b7e",
                        "ProcessId":  "836",
                        "UtcTime":  "2025-10-05 22:56:10.601",
                        "RuleName":  "-",
                        "CreationUtcTime":  "2025-10-05 22:56:10.601",
                        "User":  "DESKTOP-KVSEOF0\\Stage.Ali"
                    }
    },
    {
        "EventId":  11,
        "TimeCreated":  "\/Date(1759704970547)\/",
        "ProcessGuid":  "{f1988ae2-f78a-68e2-8100-000000001e00}",
        "ProcessId":  "836",
        "ParentProcessGuid":  null,
        "Image":  "C:\\Windows\\SysWOW64\\WerFault.exe",
        "CommandLine":  null,
        "User":  "DESKTOP-KVSEOF0\\Stage.Ali",
        "TargetFilename":  "C:\\ProgramData\\Microsoft\\Windows\\WER\\Temp\\e4af0899-2c3d-409b-892f-78ff4acaec92",
        "DestinationIp":  null,
        "DestinationPort":  null,
        "SourceIp":  null,
        "SourcePort":  null,
        "Protocol":  null,
        "QueryName":  null,
        "Details":  {
                        "Image":  "C:\\Windows\\SysWOW64\\WerFault.exe",
                        "ProcessGuid":  "{f1988ae2-f78a-68e2-8100-000000001e00}",
                        "TargetFilename":  "C:\\ProgramData\\Microsoft\\Windows\\WER\\Temp\\e4af0899-2c3d-409b-892f-78ff4acaec92",
                        "ProcessId":  "836",
                        "UtcTime":  "2025-10-05 22:56:10.543",
                        "RuleName":  "-",
                        "CreationUtcTime":  "2025-10-05 22:56:10.541",
                        "User":  "DESKTOP-KVSEOF0\\Stage.Ali"
                    }
    },
    {
        "EventId":  11,
        "TimeCreated":  "\/Date(1759704968570)\/",
        "ProcessGuid":  "{f1988ae2-f756-68e2-7a00-000000001e00}",
        "ProcessId":  "5044",
        "ParentProcessGuid":  null,
        "Image":  "C:\\Users\\Stage.Ali\\Desktop\\Malware\\a866ea54f436fbc64be8cf3d2941a9558151ee9ea1ca3fc28a8b48d512de8b83.exe",
        "CommandLine":  null,
        "User":  "DESKTOP-KVSEOF0\\Stage.Ali",
        "TargetFilename":  "C:\\Users\\Stage.Ali\\AppData\\Local\\Microsoft\\CLR_v4.0_32\\UsageLogs\\a866ea54f436fbc64be8cf3d2941a9558151ee9ea1ca3fc28a8b48d512de8b83.exe.log",
        "DestinationIp":  null,
        "DestinationPort":  null,
        "SourceIp":  null,
        "SourcePort":  null,
        "Protocol":  null,
        "QueryName":  null,
        "Details":  {
                        "Image":  "C:\\Users\\Stage.Ali\\Desktop\\Malware\\a866ea54f436fbc64be8cf3d2941a9558151ee9ea1ca3fc28a8b48d512de8b83.exe",
                        "ProcessGuid":  "{f1988ae2-f756-68e2-7a00-000000001e00}",
                        "TargetFilename":  "C:\\Users\\Stage.Ali\\AppData\\Local\\Microsoft\\CLR_v4.0_32\\UsageLogs\\a866ea54f436fbc64be8cf3d2941a9558151ee9ea1ca3fc28a8b48d512de8b83.exe.log",
                        "ProcessId":  "5044",
                        "UtcTime":  "2025-10-05 22:56:08.562",
                        "RuleName":  "-",
                        "CreationUtcTime":  "2025-10-05 22:56:08.562",
                        "User":  "DESKTOP-KVSEOF0\\Stage.Ali"
                    }
    },
    {
        "EventId":  11,
        "TimeCreated":  "\/Date(1759704968570)\/",
        "ProcessGuid":  "{f1988ae2-f756-68e2-7a00-000000001e00}",
        "ProcessId":  "5044",
        "ParentProcessGuid":  null,
        "Image":  "C:\\Users\\Stage.Ali\\Desktop\\Malware\\a866ea54f436fbc64be8cf3d2941a9558151ee9ea1ca3fc28a8b48d512de8b83.exe",
        "CommandLine":  null,
        "User":  "DESKTOP-KVSEOF0\\Stage.Ali",
        "TargetFilename":  "C:\\Users\\Stage.Ali\\AppData\\Local\\Microsoft\\CLR_v4.0_32\\UsageLogs",
        "DestinationIp":  null,
        "DestinationPort":  null,
        "SourceIp":  null,
        "SourcePort":  null,
        "Protocol":  null,
        "QueryName":  null,
        "Details":  {
                        "Image":  "C:\\Users\\Stage.Ali\\Desktop\\Malware\\a866ea54f436fbc64be8cf3d2941a9558151ee9ea1ca3fc28a8b48d512de8b83.exe",
                        "ProcessGuid":  "{f1988ae2-f756-68e2-7a00-000000001e00}",
                        "TargetFilename":  "C:\\Users\\Stage.Ali\\AppData\\Local\\Microsoft\\CLR_v4.0_32\\UsageLogs",
                        "ProcessId":  "5044",
                        "UtcTime":  "2025-10-05 22:56:08.562",
                        "RuleName":  "-",
                        "CreationUtcTime":  "2025-10-05 22:56:08.562",
                        "User":  "DESKTOP-KVSEOF0\\Stage.Ali"
                    }
    },
    {
        "EventId":  11,
        "TimeCreated":  "\/Date(1759704968570)\/",
        "ProcessGuid":  "{f1988ae2-f756-68e2-7a00-000000001e00}",
        "ProcessId":  "5044",
        "ParentProcessGuid":  null,
        "Image":  "C:\\Users\\Stage.Ali\\Desktop\\Malware\\a866ea54f436fbc64be8cf3d2941a9558151ee9ea1ca3fc28a8b48d512de8b83.exe",
        "CommandLine":  null,
        "User":  "DESKTOP-KVSEOF0\\Stage.Ali",
        "TargetFilename":  "C:\\Users\\Stage.Ali\\AppData\\Local\\Microsoft\\CLR_v4.0_32",
        "DestinationIp":  null,
        "DestinationPort":  null,
        "SourceIp":  null,
        "SourcePort":  null,
        "Protocol":  null,
        "QueryName":  null,
        "Details":  {
                        "Image":  "C:\\Users\\Stage.Ali\\Desktop\\Malware\\a866ea54f436fbc64be8cf3d2941a9558151ee9ea1ca3fc28a8b48d512de8b83.exe",
                        "ProcessGuid":  "{f1988ae2-f756-68e2-7a00-000000001e00}",
                        "TargetFilename":  "C:\\Users\\Stage.Ali\\AppData\\Local\\Microsoft\\CLR_v4.0_32",
                        "ProcessId":  "5044",
                        "UtcTime":  "2025-10-05 22:56:08.562",
                        "RuleName":  "-",
                        "CreationUtcTime":  "2025-10-05 22:56:08.562",
                        "User":  "DESKTOP-KVSEOF0\\Stage.Ali"
                    }
    }
]
