[
    {
        "EventId":  1,
        "TimeCreated":  "\/Date(1759704970478)\/",
        "ProcessGuid":  "{f1988ae2-f78a-68e2-8100-000000001e00}",
        "ProcessId":  "836",
        "ParentProcessGuid":  "{f1988ae2-f788-68e2-7c00-000000001e00}",
        "Image":  "C:\\Windows\\SysWOW64\\WerFault.exe",
        "CommandLine":  "C:\\Windows\\SysWOW64\\WerFault.exe -u -p 4116 -s 1424",
        "User":  "DESKTOP-KVSEOF0\\Stage.Ali",
        "TargetFilename":  null,
        "DestinationIp":  null,
        "DestinationPort":  null,
        "SourceIp":  null,
        "SourcePort":  null,
        "Protocol":  null,
        "QueryName":  null,
        "Details":  {
                        "ParentCommandLine":  "\"C:\\Windows\\Microsoft.NET\\Framework\\v4.0.30319\\MSBuild.exe\"",
                        "Description":  "Windows Problem Reporting",
                        "CommandLine":  "C:\\Windows\\SysWOW64\\WerFault.exe -u -p 4116 -s 1424",
                        "CurrentDirectory":  "C:\\Windows\\system32\\",
                        "Hashes":  "MD5=C31336C1EFC2CCB44B4326EA793040F2,SHA256=CF361CB7148DB9FBC6F6A2D5AE97CCADB2C3B1F57E61C50B8CB59681D0AFE420",
                        "Image":  "C:\\Windows\\SysWOW64\\WerFault.exe",
                        "UtcTime":  "2025-10-05 22:56:10.456",
                        "ProcessGuid":  "{f1988ae2-f78a-68e2-8100-000000001e00}",
                        "ParentUser":  "DESKTOP-KVSEOF0\\Stage.Ali",
                        "Company":  "Microsoft Corporation",
                        "IntegrityLevel":  "Medium",
                        "FileVersion":  "10.0.19041.1949 (WinBuild.160101.0800)",
                        "User":  "DESKTOP-KVSEOF0\\Stage.Ali",
                        "RuleName":  "-",
                        "Product":  "Microsoft® Windows® Operating System",
                        "LogonId":  "0xaa28f",
                        "ProcessId":  "836",
                        "OriginalFileName":  "WerFault.exe",
                        "LogonGuid":  "{f1988ae2-f74b-68e2-8fa2-0a0000000000}",
                        "TerminalSessionId":  "0",
                        "ParentProcessGuid":  "{f1988ae2-f788-68e2-7c00-000000001e00}",
                        "ParentProcessId":  "4116",
                        "ParentImage":  "C:\\Windows\\Microsoft.NET\\Framework\\v4.0.30319\\MSBuild.exe"
                    }
    },
    {
        "EventId":  1,
        "TimeCreated":  "\/Date(1759704968519)\/",
        "ProcessGuid":  "{f1988ae2-f788-68e2-7c00-000000001e00}",
        "ProcessId":  "4116",
        "ParentProcessGuid":  "{f1988ae2-f756-68e2-7a00-000000001e00}",
        "Image":  "C:\\Windows\\Microsoft.NET\\Framework\\v4.0.30319\\MSBuild.exe",
        "CommandLine":  "\"C:\\Windows\\Microsoft.NET\\Framework\\v4.0.30319\\MSBuild.exe\"",
        "User":  "DESKTOP-KVSEOF0\\Stage.Ali",
        "TargetFilename":  null,
        "DestinationIp":  null,
        "DestinationPort":  null,
        "SourceIp":  null,
        "SourcePort":  null,
        "Protocol":  null,
        "QueryName":  null,
        "Details":  {
                        "ParentCommandLine":  "\"C:\\Users\\Stage.Ali\\Desktop\\Malware\\a866ea54f436fbc64be8cf3d2941a9558151ee9ea1ca3fc28a8b48d512de8b83.exe\" ",
                        "Description":  "MSBuild.exe",
                        "CommandLine":  "\"C:\\Windows\\Microsoft.NET\\Framework\\v4.0.30319\\MSBuild.exe\"",
                        "CurrentDirectory":  "C:\\Windows\\system32\\",
                        "Hashes":  "MD5=8FDF47E0FF70C40ED3A17014AEEA4232,SHA256=ED9884BAC608C06B7057037CC91D90E4AE5F74DD2DBCE2AF476699C6D4492D82",
                        "Image":  "C:\\Windows\\Microsoft.NET\\Framework\\v4.0.30319\\MSBuild.exe",
                        "UtcTime":  "2025-10-05 22:56:08.492",
                        "ProcessGuid":  "{f1988ae2-f788-68e2-7c00-000000001e00}",
                        "ParentUser":  "DESKTOP-KVSEOF0\\Stage.Ali",
                        "Company":  "Microsoft Corporation",
                        "IntegrityLevel":  "Medium",
                        "FileVersion":  "4.8.4084.0 built by: NET48REL1",
                        "User":  "DESKTOP-KVSEOF0\\Stage.Ali",
                        "RuleName":  "-",
                        "Product":  "Microsoft® .NET Framework",
                        "LogonId":  "0xaa28f",
                        "ProcessId":  "4116",
                        "OriginalFileName":  "MSBuild.exe",
                        "LogonGuid":  "{f1988ae2-f74b-68e2-8fa2-0a0000000000}",
                        "TerminalSessionId":  "0",
                        "ParentProcessGuid":  "{f1988ae2-f756-68e2-7a00-000000001e00}",
                        "ParentProcessId":  "5044",
                        "ParentImage":  "C:\\Users\\Stage.Ali\\Desktop\\Malware\\a866ea54f436fbc64be8cf3d2941a9558151ee9ea1ca3fc28a8b48d512de8b83.exe"
                    }
    },
    {
        "EventId":  1,
        "TimeCreated":  "\/Date(1759704918078)\/",
        "ProcessGuid":  "{f1988ae2-f756-68e2-7a00-000000001e00}",
        "ProcessId":  "5044",
        "ParentProcessGuid":  "{f1988ae2-f750-68e2-7900-000000001e00}",
        "Image":  "C:\\Users\\Stage.Ali\\Desktop\\Malware\\a866ea54f436fbc64be8cf3d2941a9558151ee9ea1ca3fc28a8b48d512de8b83.exe",
        "CommandLine":  "\"C:\\Users\\Stage.Ali\\Desktop\\Malware\\a866ea54f436fbc64be8cf3d2941a9558151ee9ea1ca3fc28a8b48d512de8b83.exe\" ",
        "User":  "DESKTOP-KVSEOF0\\Stage.Ali",
        "TargetFilename":  null,
        "DestinationIp":  null,
        "DestinationPort":  null,
        "SourceIp":  null,
        "SourcePort":  null,
        "Protocol":  null,
        "QueryName":  null,
        "Details":  {
                        "ParentCommandLine":  "\"C:\\Windows\\System32\\WindowsPowerShell\\v1.0\\powershell.exe\" -ExecutionPolicy Bypass -File C:\\Detonation\\run.ps1 -ExePath C:\\Users\\Stage.Ali\\Desktop\\Malware\\a866ea54f436fbc64be8cf3d2941a9558151ee9ea1ca3fc28a8b48d512de8b83.exe -TimeoutSec 120",
                        "Description":  "KeyboardIndicator",
                        "CommandLine":  "\"C:\\Users\\Stage.Ali\\Desktop\\Malware\\a866ea54f436fbc64be8cf3d2941a9558151ee9ea1ca3fc28a8b48d512de8b83.exe\" ",
                        "CurrentDirectory":  "C:\\Windows\\system32\\",
                        "Hashes":  "MD5=1D2356B62E1C5C503D3CEF4A3FB994FD,SHA256=A866EA54F436FBC64BE8CF3D2941A9558151EE9EA1CA3FC28A8B48D512DE8B83",
                        "Image":  "C:\\Users\\Stage.Ali\\Desktop\\Malware\\a866ea54f436fbc64be8cf3d2941a9558151ee9ea1ca3fc28a8b48d512de8b83.exe",
                        "UtcTime":  "2025-10-05 22:55:18.056",
                        "ProcessGuid":  "{f1988ae2-f756-68e2-7a00-000000001e00}",
                        "ParentUser":  "DESKTOP-KVSEOF0\\Stage.Ali",
                        "Company":  "-",
                        "IntegrityLevel":  "Medium",
                        "FileVersion":  "1.0.0.0",
                        "User":  "DESKTOP-KVSEOF0\\Stage.Ali",
                        "RuleName":  "-",
                        "Product":  "KeyboardIndicator",
                        "LogonId":  "0xaa28f",
                        "ProcessId":  "5044",
                        "OriginalFileName":  "eBke.exe",
                        "LogonGuid":  "{f1988ae2-f74b-68e2-8fa2-0a0000000000}",
                        "TerminalSessionId":  "0",
                        "ParentProcessGuid":  "{f1988ae2-f750-68e2-7900-000000001e00}",
                        "ParentProcessId":  "4844",
                        "ParentImage":  "C:\\Windows\\System32\\WindowsPowerShell\\v1.0\\powershell.exe"
                    }
    }
]
