    {
        "EventId":  7,
        "TimeCreated":  "\/Date(1757685470641)\/",
        "ProcessGuid":  "{f1988ae2-26de-68c4-8400-000000001e00}",
        "ProcessId":  "5164",
        "ParentProcessGuid":  null,
        "Image":  "C:\\Users\\Stage.Ali\\Desktop\\Malware\\003b3e35b5af284d9087f9eaa3d2fda77887fc727212bb3f0e98bed9c3765903.exe",
        "CommandLine":  null,
        "User":  "DESKTOP-KVSEOF0\\Stage.Ali",
        "TargetFilename":  null,
        "DestinationIp":  null,
        "DestinationPort":  null,
        "SourceIp":  null,
        "SourcePort":  null,
        "Protocol":  null,
        "QueryName":  null,
        "Details":  {
                        "Description":  "-",
                        "SignatureStatus":  "Unavailable",
                        "Signature":  "-",
                        "Hashes":  "MD5=8FF0351BB0CFB212096D43E9750A4E30,SHA256=003B3E35B5AF284D9087F9EAA3D2FDA77887FC727212BB3F0E98BED9C3765903",
                        "Image":  "C:\\Users\\Stage.Ali\\Desktop\\Malware\\003b3e35b5af284d9087f9eaa3d2fda77887fc727212bb3f0e98bed9c3765903.exe",
                        "UtcTime":  "2025-09-12 13:57:50.637",
                        "ProcessGuid":  "{f1988ae2-26de-68c4-8400-000000001e00}",
                        "Company":  "-",
                        "ImageLoaded":  "C:\\Users\\Stage.Ali\\Desktop\\Malware\\003b3e35b5af284d9087f9eaa3d2fda77887fc727212bb3f0e98bed9c3765903.exe",
                        "FileVersion":  "-",
                        "User":  "DESKTOP-KVSEOF0\\Stage.Ali",
                        "RuleName":  "-",
                        "Product":  "-",
                        "ProcessId":  "5164",
                        "OriginalFileName":  "-",
                        "Signed":  "false"
                    }
    },
    {
        "EventId":  7,
        "TimeCreated":  "\/Date(1757685470483)\/",
        "ProcessGuid":  "{f1988ae2-26de-68c4-8300-000000001e00}",
        "ProcessId":  "5152",
        "ParentProcessGuid":  null,
        "Image":  "C:\\Users\\Stage.Ali\\Desktop\\Malware\\003b3e35b5af284d9087f9eaa3d2fda77887fc727212bb3f0e98bed9c3765903.exe",
        "CommandLine":  null,
        "User":  "DESKTOP-KVSEOF0\\Stage.Ali",
        "TargetFilename":  null,
        "DestinationIp":  null,
        "DestinationPort":  null,
        "SourceIp":  null,
        "SourcePort":  null,
        "Protocol":  null,
        "QueryName":  null,
        "Details":  {
                        "Description":  "Remote Procedure Call Runtime",
                        "SignatureStatus":  "Valid",
                        "Signature":  "Microsoft Windows",
                        "Hashes":  "MD5=7706E6B63269C9668FB714E5772AC10D,SHA256=29EF6D71E4385A4498B3F9AFD9713FF3C4BE4456CB117F6BB190169DFD063495",
                        "Image":  "C:\\Users\\Stage.Ali\\Desktop\\Malware\\003b3e35b5af284d9087f9eaa3d2fda77887fc727212bb3f0e98bed9c3765903.exe",
                        "UtcTime":  "2025-09-12 13:57:50.321",
                        "ProcessGuid":  "{f1988ae2-26de-68c4-8300-000000001e00}",
                        "Company":  "Microsoft Corporation",
                        "ImageLoaded":  "C:\\Windows\\System32\\rpcrt4.dll",
                        "FileVersion":  "10.0.19041.1806 (WinBuild.160101.0800)",
                        "User":  "DESKTOP-KVSEOF0\\Stage.Ali",
                        "RuleName":  "-",
                        "Product":  "Microsoft® Windows® Operating System",
                        "ProcessId":  "5152",
                        "OriginalFileName":  "rpcrt4.dll",
                        "Signed":  "true"
                    }
    },
    {
        "EventId":  7,
        "TimeCreated":  "\/Date(1757685470480)\/",
        "ProcessGuid":  "{f1988ae2-26de-68c4-8300-000000001e00}",
        "ProcessId":  "5152",
        "ParentProcessGuid":  null,
        "Image":  "C:\\Users\\Stage.Ali\\Desktop\\Malware\\003b3e35b5af284d9087f9eaa3d2fda77887fc727212bb3f0e98bed9c3765903.exe",
        "CommandLine":  null,
        "User":  "DESKTOP-KVSEOF0\\Stage.Ali",
        "TargetFilename":  null,
        "DestinationIp":  null,
        "DestinationPort":  null,
        "SourceIp":  null,
        "SourcePort":  null,
        "Protocol":  null,
        "QueryName":  null,
        "Details":  {
                        "Description":  "Host for SCM/SDDL/LSA Lookup APIs",
                        "SignatureStatus":  "Valid",
                        "Signature":  "Microsoft Windows",
                        "Hashes":  "MD5=38FE2E2B7171FBDEA5A166FAA0F5D8C8,SHA256=3787035268930B726D0D2F3F209C667C7A3664AA6F597CD08447514DCDE01965",
                        "Image":  "C:\\Users\\Stage.Ali\\Desktop\\Malware\\003b3e35b5af284d9087f9eaa3d2fda77887fc727212bb3f0e98bed9c3765903.exe",
                        "UtcTime":  "2025-09-12 13:57:50.321",
                        "ProcessGuid":  "{f1988ae2-26de-68c4-8300-000000001e00}",
                        "Company":  "Microsoft Corporation",
                        "ImageLoaded":  "C:\\Windows\\System32\\sechost.dll",
                        "FileVersion":  "10.0.19041.1865 (WinBuild.160101.0800)",
                        "User":  "DESKTOP-KVSEOF0\\Stage.Ali",
                        "RuleName":  "-",
                        "Product":  "Microsoft® Windows® Operating System",
                        "ProcessId":  "5152",
                        "OriginalFileName":  "sechost.dll",
                        "Signed":  "true"
                    }
    },
    {
        "EventId":  7,
        "TimeCreated":  "\/Date(1757685470350)\/",
        "ProcessGuid":  "{f1988ae2-26de-68c4-8300-000000001e00}",
        "ProcessId":  "5152",
        "ParentProcessGuid":  null,
        "Image":  "C:\\Users\\Stage.Ali\\Desktop\\Malware\\003b3e35b5af284d9087f9eaa3d2fda77887fc727212bb3f0e98bed9c3765903.exe",
        "CommandLine":  null,
        "User":  "DESKTOP-KVSEOF0\\Stage.Ali",
        "TargetFilename":  null,
        "DestinationIp":  null,
        "DestinationPort":  null,
        "SourceIp":  null,
        "SourcePort":  null,
        "Protocol":  null,
        "QueryName":  null,
        "Details":  {
                        "Description":  "-",
                        "SignatureStatus":  "Unavailable",
                        "Signature":  "-",
                        "Hashes":  "MD5=8FF0351BB0CFB212096D43E9750A4E30,SHA256=003B3E35B5AF284D9087F9EAA3D2FDA77887FC727212BB3F0E98BED9C3765903",
                        "Image":  "C:\\Users\\Stage.Ali\\Desktop\\Malware\\003b3e35b5af284d9087f9eaa3d2fda77887fc727212bb3f0e98bed9c3765903.exe",
                        "UtcTime":  "2025-09-12 13:57:50.321",
                        "ProcessGuid":  "{f1988ae2-26de-68c4-8300-000000001e00}",
                        "Company":  "-",
                        "ImageLoaded":  "C:\\Users\\Stage.Ali\\Desktop\\Malware\\003b3e35b5af284d9087f9eaa3d2fda77887fc727212bb3f0e98bed9c3765903.exe",
                        "FileVersion":  "-",
                        "User":  "DESKTOP-KVSEOF0\\Stage.Ali",
                        "RuleName":  "-",
                        "Product":  "-",
                        "ProcessId":  "5152",
                        "OriginalFileName":  "-",
                        "Signed":  "false"
                    }
    },
    {
        "EventId":  7,
        "TimeCreated":  "\/Date(1757685470347)\/",
        "ProcessGuid":  "{f1988ae2-26de-68c4-8300-000000001e00}",
        "ProcessId":  "5152",
        "ParentProcessGuid":  null,
        "Image":  "C:\\Users\\Stage.Ali\\Desktop\\Malware\\003b3e35b5af284d9087f9eaa3d2fda77887fc727212bb3f0e98bed9c3765903.exe",
        "CommandLine":  null,
        "User":  "DESKTOP-KVSEOF0\\Stage.Ali",
        "TargetFilename":  null,
        "DestinationIp":  null,
        "DestinationPort":  null,
        "SourceIp":  null,
        "SourcePort":  null,
        "Protocol":  null,
        "QueryName":  null,
        "Details":  {
                        "Description":  "Application Compatibility Client Library",
                        "SignatureStatus":  "Valid",
                        "Signature":  "Microsoft Windows",
                        "Hashes":  "MD5=20001393B469DFFA4349E76E787ED83A,SHA256=2236A6C3DDDE48543D50826FFF355AD7BBACF9BD1424A24C10647326F0B8D7EE",
                        "Image":  "C:\\Users\\Stage.Ali\\Desktop\\Malware\\003b3e35b5af284d9087f9eaa3d2fda77887fc727212bb3f0e98bed9c3765903.exe",
                        "UtcTime":  "2025-09-12 13:57:50.321",
                        "ProcessGuid":  "{f1988ae2-26de-68c4-8300-000000001e00}",
                        "Company":  "Microsoft Corporation",
                        "ImageLoaded":  "C:\\Windows\\System32\\apphelp.dll",
                        "FileVersion":  "10.0.19041.1320 (WinBuild.160101.0800)",
                        "User":  "DESKTOP-KVSEOF0\\Stage.Ali",
                        "RuleName":  "-",
                        "Product":  "Microsoft® Windows® Operating System",
                        "ProcessId":  "5152",
                        "OriginalFileName":  "Apphelp",
                        "Signed":  "true"
                    }
    },
    {
        "EventId":  7,
        "TimeCreated":  "\/Date(1757685470347)\/",
        "ProcessGuid":  "{f1988ae2-26de-68c4-8300-000000001e00}",
        "ProcessId":  "5152",
        "ParentProcessGuid":  null,
        "Image":  "C:\\Users\\Stage.Ali\\Desktop\\Malware\\003b3e35b5af284d9087f9eaa3d2fda77887fc727212bb3f0e98bed9c3765903.exe",
        "CommandLine":  null,
        "User":  "DESKTOP-KVSEOF0\\Stage.Ali",
        "TargetFilename":  null,
        "DestinationIp":  null,
        "DestinationPort":  null,
        "SourceIp":  null,
        "SourcePort":  null,
        "Protocol":  null,
        "QueryName":  null,
        "Details":  {
                        "Description":  "Windows NT BASE API Client DLL",
                        "SignatureStatus":  "Valid",
                        "Signature":  "Microsoft Windows",
                        "Hashes":  "MD5=28D93A964448E1A2B9AD5FE42261CEFF,SHA256=69322712A09C847305323DAFD0F2C62DF6013EF6FB6F2D9220FA4ECD51A4F42D",
                        "Image":  "C:\\Users\\Stage.Ali\\Desktop\\Malware\\003b3e35b5af284d9087f9eaa3d2fda77887fc727212bb3f0e98bed9c3765903.exe",
                        "UtcTime":  "2025-09-12 13:57:50.321",
                        "ProcessGuid":  "{f1988ae2-26de-68c4-8300-000000001e00}",
                        "Company":  "Microsoft Corporation",
                        "ImageLoaded":  "C:\\Windows\\System32\\KernelBase.dll",
                        "FileVersion":  "10.0.19041.1949 (WinBuild.160101.0800)",
                        "User":  "DESKTOP-KVSEOF0\\Stage.Ali",
                        "RuleName":  "-",
                        "Product":  "Microsoft® Windows® Operating System",
                        "ProcessId":  "5152",
                        "OriginalFileName":  "Kernelbase.dll",
                        "Signed":  "true"
                    }
    },
    {
        "EventId":  7,
        "TimeCreated":  "\/Date(1757685470346)\/",
        "ProcessGuid":  "{f1988ae2-26de-68c4-8300-000000001e00}",
        "ProcessId":  "5152",
        "ParentProcessGuid":  null,
        "Image":  "C:\\Users\\Stage.Ali\\Desktop\\Malware\\003b3e35b5af284d9087f9eaa3d2fda77887fc727212bb3f0e98bed9c3765903.exe",
        "CommandLine":  null,
        "User":  "DESKTOP-KVSEOF0\\Stage.Ali",
        "TargetFilename":  null,
        "DestinationIp":  null,
        "DestinationPort":  null,
        "SourceIp":  null,
        "SourcePort":  null,
        "Protocol":  null,
        "QueryName":  null,
        "Details":  {
                        "Description":  "Windows NT BASE API Client DLL",
                        "SignatureStatus":  "Valid",
                        "Signature":  "Microsoft Windows",
                        "Hashes":  "MD5=F7110F4E43AF6DA3F8313467BF27B336,SHA256=B282D597CC4C16EB645CE29B900A5AEAFC5A647EC98ED32380656CA4348A6E78",
                        "Image":  "C:\\Users\\Stage.Ali\\Desktop\\Malware\\003b3e35b5af284d9087f9eaa3d2fda77887fc727212bb3f0e98bed9c3765903.exe",
                        "UtcTime":  "2025-09-12 13:57:50.321",
                        "ProcessGuid":  "{f1988ae2-26de-68c4-8300-000000001e00}",
                        "Company":  "Microsoft Corporation",
                        "ImageLoaded":  "C:\\Windows\\System32\\kernel32.dll",
                        "FileVersion":  "10.0.19041.1889 (WinBuild.160101.0800)",
                        "User":  "DESKTOP-KVSEOF0\\Stage.Ali",
                        "RuleName":  "-",
                        "Product":  "Microsoft® Windows® Operating System",
                        "ProcessId":  "5152",
                        "OriginalFileName":  "kernel32",
                        "Signed":  "true"
                    }
    },
    {
        "EventId":  7,
        "TimeCreated":  "\/Date(1757685470346)\/",
        "ProcessGuid":  "{f1988ae2-26de-68c4-8300-000000001e00}",
        "ProcessId":  "5152",
        "ParentProcessGuid":  null,
        "Image":  "C:\\Users\\Stage.Ali\\Desktop\\Malware\\003b3e35b5af284d9087f9eaa3d2fda77887fc727212bb3f0e98bed9c3765903.exe",
        "CommandLine":  null,
        "User":  "DESKTOP-KVSEOF0\\Stage.Ali",
        "TargetFilename":  null,
        "DestinationIp":  null,
        "DestinationPort":  null,
        "SourceIp":  null,
        "SourcePort":  null,
        "Protocol":  null,
        "QueryName":  null,
        "Details":  {
                        "Description":  "NT Layer DLL",
                        "SignatureStatus":  "Valid",
                        "Signature":  "Microsoft Windows",
                        "Hashes":  "MD5=FFC0099CC499ABF355130F6334313504,SHA256=FBDFC8183DF435C2E981F868CB578CCA3B86A1FA6E76D8F5775E2EF22944A370",
                        "Image":  "C:\\Users\\Stage.Ali\\Desktop\\Malware\\003b3e35b5af284d9087f9eaa3d2fda77887fc727212bb3f0e98bed9c3765903.exe",
                        "UtcTime":  "2025-09-12 13:57:50.321",
                        "ProcessGuid":  "{f1988ae2-26de-68c4-8300-000000001e00}",
                        "Company":  "Microsoft Corporation",
                        "ImageLoaded":  "C:\\Windows\\System32\\ntdll.dll",
                        "FileVersion":  "10.0.19041.1949 (WinBuild.160101.0800)",
                        "User":  "DESKTOP-KVSEOF0\\Stage.Ali",
                        "RuleName":  "-",
                        "Product":  "Microsoft® Windows® Operating System",
                        "ProcessId":  "5152",
                        "OriginalFileName":  "ntdll.dll",
                        "Signed":  "true"
                    }
    }
]
