[
    {
        "EventId":  7,
        "TimeCreated":  "\/Date(1757685470728)\/",
        "ProcessGuid":  "{f1988ae2-26de-68c4-8400-000000001e00}",
        "ProcessId":  "5164",
        "ParentProcessGuid":  null,
        "Image":  "C:\\Users\\Stage.Ali\\Desktop\\Malware\\003b3e35b5af284d9087f9eaa3d2fda77887fc727212bb3f0e98bed9c3765903.exe",
        "CommandLine":  null,
        "User":  "DESKTOP-KVSEOF0\\Stage.Ali",
        "TargetFilename":  null,
        "DestinationIp":  null,
        "DestinationPort":  null,
        "SourceIp":  null,
        "SourcePort":  null,
        "Protocol":  null,
        "QueryName":  null,
        "Details":  {
                        "Description":  "Remote Access AutoDial Helper",
                        "SignatureStatus":  "Valid",
                        "Signature":  "Microsoft Windows",
                        "Hashes":  "MD5=1FA4C02BE0E529389C1C7243C3A23B34,SHA256=09C0AE0B24ECD58687CF629AE25348EECEEA7347E7D425F0ECCC74B808A5D1F3",
                        "Image":  "C:\\Users\\Stage.Ali\\Desktop\\Malware\\003b3e35b5af284d9087f9eaa3d2fda77887fc727212bb3f0e98bed9c3765903.exe",
                        "UtcTime":  "2025-09-12 13:57:50.712",
                        "ProcessGuid":  "{f1988ae2-26de-68c4-8400-000000001e00}",
                        "Company":  "Microsoft Corporation",
                        "ImageLoaded":  "C:\\Windows\\System32\\rasadhlp.dll",
                        "FileVersion":  "10.0.19041.546 (WinBuild.160101.0800)",
                        "User":  "DESKTOP-KVSEOF0\\Stage.Ali",
                        "RuleName":  "-",
                        "Product":  "Microsoft® Windows® Operating System",
                        "ProcessId":  "5164",
                        "OriginalFileName":  "rasadhlp.dll",
                        "Signed":  "true"
                    }
    },
    {
        "EventId":  7,
        "TimeCreated":  "\/Date(1757685470728)\/",
        "ProcessGuid":  "{f1988ae2-26de-68c4-8400-000000001e00}",
        "ProcessId":  "5164",
        "ParentProcessGuid":  null,
        "Image":  "C:\\Users\\Stage.Ali\\Desktop\\Malware\\003b3e35b5af284d9087f9eaa3d2fda77887fc727212bb3f0e98bed9c3765903.exe",
        "CommandLine":  null,
        "User":  "DESKTOP-KVSEOF0\\Stage.Ali",
        "TargetFilename":  null,
        "DestinationIp":  null,
        "DestinationPort":  null,
        "SourceIp":  null,
        "SourcePort":  null,
        "Protocol":  null,
        "QueryName":  null,
        "Details":  {
                        "Description":  "DNS Client API DLL",
                        "SignatureStatus":  "Valid",
                        "Signature":  "Microsoft Windows",
                        "Hashes":  "MD5=C34BA7E91B599463DA4E7B6FA5207BE7,SHA256=BCA211583CFF649E8743F71680C29F2E129BBCC18CCEE4DBB60FD3FA5B896433",
                        "Image":  "C:\\Users\\Stage.Ali\\Desktop\\Malware\\003b3e35b5af284d9087f9eaa3d2fda77887fc727212bb3f0e98bed9c3765903.exe",
                        "UtcTime":  "2025-09-12 13:57:50.712",
                        "ProcessGuid":  "{f1988ae2-26de-68c4-8400-000000001e00}",
                        "Company":  "Microsoft Corporation",
                        "ImageLoaded":  "C:\\Windows\\System32\\dnsapi.dll",
                        "FileVersion":  "10.0.19041.1865 (WinBuild.160101.0800)",
                        "User":  "DESKTOP-KVSEOF0\\Stage.Ali",
                        "RuleName":  "-",
                        "Product":  "Microsoft® Windows® Operating System",
                        "ProcessId":  "5164",
                        "OriginalFileName":  "dnsapi",
                        "Signed":  "true"
                    }
    },
    {
        "EventId":  7,
        "TimeCreated":  "\/Date(1757685470721)\/",
        "ProcessGuid":  "{f1988ae2-26de-68c4-8400-000000001e00}",
        "ProcessId":  "5164",
        "ParentProcessGuid":  null,
        "Image":  "C:\\Users\\Stage.Ali\\Desktop\\Malware\\003b3e35b5af284d9087f9eaa3d2fda77887fc727212bb3f0e98bed9c3765903.exe",
        "CommandLine":  null,
        "User":  "DESKTOP-KVSEOF0\\Stage.Ali",
        "TargetFilename":  null,
        "DestinationIp":  null,
        "DestinationPort":  null,
        "SourceIp":  null,
        "SourcePort":  null,
        "Protocol":  null,
        "QueryName":  null,
        "Details":  {
                        "Description":  "Security Support Provider Interface",
                        "SignatureStatus":  "Valid",
                        "Signature":  "Microsoft Windows",
                        "Hashes":  "MD5=869BBCC3D381349C64B34BC03325E338,SHA256=8950C1EB84C1B11D58759AD091E6A1B4FCDB50209AEA28EA48CD3E640D4C4FD3",
                        "Image":  "C:\\Users\\Stage.Ali\\Desktop\\Malware\\003b3e35b5af284d9087f9eaa3d2fda77887fc727212bb3f0e98bed9c3765903.exe",
                        "UtcTime":  "2025-09-12 13:57:50.712",
                        "ProcessGuid":  "{f1988ae2-26de-68c4-8400-000000001e00}",
                        "Company":  "Microsoft Corporation",
                        "ImageLoaded":  "C:\\Windows\\System32\\sspicli.dll",
                        "FileVersion":  "10.0.19041.1586 (WinBuild.160101.0800)",
                        "User":  "DESKTOP-KVSEOF0\\Stage.Ali",
                        "RuleName":  "-",
                        "Product":  "Microsoft® Windows® Operating System",
                        "ProcessId":  "5164",
                        "OriginalFileName":  "sspicli.dll",
                        "Signed":  "true"
                    }
    },
    {
        "EventId":  7,
        "TimeCreated":  "\/Date(1757685470677)\/",
        "ProcessGuid":  "{f1988ae2-26de-68c4-8400-000000001e00}",
        "ProcessId":  "5164",
        "ParentProcessGuid":  null,
        "Image":  "C:\\Users\\Stage.Ali\\Desktop\\Malware\\003b3e35b5af284d9087f9eaa3d2fda77887fc727212bb3f0e98bed9c3765903.exe",
        "CommandLine":  null,
        "User":  "DESKTOP-KVSEOF0\\Stage.Ali",
        "TargetFilename":  null,
        "DestinationIp":  null,
        "DestinationPort":  null,
        "SourceIp":  null,
        "SourcePort":  null,
        "Protocol":  null,
        "QueryName":  null,
        "Details":  {
                        "Description":  "NSI User-mode interface DLL",
                        "SignatureStatus":  "Valid",
                        "Signature":  "Microsoft Windows",
                        "Hashes":  "MD5=3BACC52F844EA1B30B8EF8BA0D08BF0D,SHA256=21293C3D3BA83CCC45135F33D2C70BFFAE7A347E9F0B9FD556622CEF99291923",
                        "Image":  "C:\\Users\\Stage.Ali\\Desktop\\Malware\\003b3e35b5af284d9087f9eaa3d2fda77887fc727212bb3f0e98bed9c3765903.exe",
                        "UtcTime":  "2025-09-12 13:57:50.650",
                        "ProcessGuid":  "{f1988ae2-26de-68c4-8400-000000001e00}",
                        "Company":  "Microsoft Corporation",
                        "ImageLoaded":  "C:\\Windows\\System32\\nsi.dll",
                        "FileVersion":  "10.0.19041.610 (WinBuild.160101.0800)",
                        "User":  "DESKTOP-KVSEOF0\\Stage.Ali",
                        "RuleName":  "-",
                        "Product":  "Microsoft® Windows® Operating System",
                        "ProcessId":  "5164",
                        "OriginalFileName":  "nsi.dll",
                        "Signed":  "true"
                    }
    },
    {
        "EventId":  7,
        "TimeCreated":  "\/Date(1757685470677)\/",
        "ProcessGuid":  "{f1988ae2-26de-68c4-8400-000000001e00}",
        "ProcessId":  "5164",
        "ParentProcessGuid":  null,
        "Image":  "C:\\Users\\Stage.Ali\\Desktop\\Malware\\003b3e35b5af284d9087f9eaa3d2fda77887fc727212bb3f0e98bed9c3765903.exe",
        "CommandLine":  null,
        "User":  "DESKTOP-KVSEOF0\\Stage.Ali",
        "TargetFilename":  null,
        "DestinationIp":  null,
        "DestinationPort":  null,
        "SourceIp":  null,
        "SourcePort":  null,
        "Protocol":  null,
        "QueryName":  null,
        "Details":  {
                        "Description":  "Network Store Information RPC interface",
                        "SignatureStatus":  "Valid",
                        "Signature":  "Microsoft Windows",
                        "Hashes":  "MD5=C552B64BAD90764055C33E68EC8250F9,SHA256=4824FCE965B9DEC8D78842CDC3EBCDF8D2D2ED15DE05D5007FB18C1B2DE79E11",
                        "Image":  "C:\\Users\\Stage.Ali\\Desktop\\Malware\\003b3e35b5af284d9087f9eaa3d2fda77887fc727212bb3f0e98bed9c3765903.exe",
                        "UtcTime":  "2025-09-12 13:57:50.650",
                        "ProcessGuid":  "{f1988ae2-26de-68c4-8400-000000001e00}",
                        "Company":  "Microsoft Corporation",
                        "ImageLoaded":  "C:\\Windows\\System32\\winnsi.dll",
                        "FileVersion":  "10.0.19041.546 (WinBuild.160101.0800)",
                        "User":  "DESKTOP-KVSEOF0\\Stage.Ali",
                        "RuleName":  "-",
                        "Product":  "Microsoft® Windows® Operating System",
                        "ProcessId":  "5164",
                        "OriginalFileName":  "winnsi.dll",
                        "Signed":  "true"
                    }
    },
    {
        "EventId":  7,
        "TimeCreated":  "\/Date(1757685470677)\/",
        "ProcessGuid":  "{f1988ae2-26de-68c4-8400-000000001e00}",
        "ProcessId":  "5164",
        "ParentProcessGuid":  null,
        "Image":  "C:\\Users\\Stage.Ali\\Desktop\\Malware\\003b3e35b5af284d9087f9eaa3d2fda77887fc727212bb3f0e98bed9c3765903.exe",
        "CommandLine":  null,
        "User":  "DESKTOP-KVSEOF0\\Stage.Ali",
        "TargetFilename":  null,
        "DestinationIp":  null,
        "DestinationPort":  null,
        "SourceIp":  null,
        "SourcePort":  null,
        "Protocol":  null,
        "QueryName":  null,
        "Details":  {
                        "Description":  "IP Helper API",
                        "SignatureStatus":  "Valid",
                        "Signature":  "Microsoft Windows",
                        "Hashes":  "MD5=86018413EDD46079D6FF4763B52185FC,SHA256=74B5CFB52EAC2B768BD75A2F96AE5A353ADA2F7EF76283BE4F0A2416ABC9A8BE",
                        "Image":  "C:\\Users\\Stage.Ali\\Desktop\\Malware\\003b3e35b5af284d9087f9eaa3d2fda77887fc727212bb3f0e98bed9c3765903.exe",
                        "UtcTime":  "2025-09-12 13:57:50.650",
                        "ProcessGuid":  "{f1988ae2-26de-68c4-8400-000000001e00}",
                        "Company":  "Microsoft Corporation",
                        "ImageLoaded":  "C:\\Windows\\System32\\IPHLPAPI.DLL",
                        "FileVersion":  "10.0.19041.1865 (WinBuild.160101.0800)",
                        "User":  "DESKTOP-KVSEOF0\\Stage.Ali",
                        "RuleName":  "-",
                        "Product":  "Microsoft® Windows® Operating System",
                        "ProcessId":  "5164",
                        "OriginalFileName":  "iphlpapi.dll",
                        "Signed":  "true"
                    }
    },
    {
        "EventId":  7,
        "TimeCreated":  "\/Date(1757685470677)\/",
        "ProcessGuid":  "{f1988ae2-26de-68c4-8400-000000001e00}",
        "ProcessId":  "5164",
        "ParentProcessGuid":  null,
        "Image":  "C:\\Users\\Stage.Ali\\Desktop\\Malware\\003b3e35b5af284d9087f9eaa3d2fda77887fc727212bb3f0e98bed9c3765903.exe",
        "CommandLine":  null,
        "User":  "DESKTOP-KVSEOF0\\Stage.Ali",
        "TargetFilename":  null,
        "DestinationIp":  null,
        "DestinationPort":  null,
        "SourceIp":  null,
        "SourcePort":  null,
        "Protocol":  null,
        "QueryName":  null,
        "Details":  {
                        "Description":  "Microsoft Windows Sockets 2.0 Service Provider",
                        "SignatureStatus":  "Valid",
                        "Signature":  "Microsoft Windows",
                        "Hashes":  "MD5=89CA286E36756DD0DDE53ACD953F44DC,SHA256=055F34466511DBEBA4F082B110216CE9C1C7F056D4F1440D62D5442971A7B1CC",
                        "Image":  "C:\\Users\\Stage.Ali\\Desktop\\Malware\\003b3e35b5af284d9087f9eaa3d2fda77887fc727212bb3f0e98bed9c3765903.exe",
                        "UtcTime":  "2025-09-12 13:57:50.650",
                        "ProcessGuid":  "{f1988ae2-26de-68c4-8400-000000001e00}",
                        "Company":  "Microsoft Corporation",
                        "ImageLoaded":  "C:\\Windows\\System32\\mswsock.dll",
                        "FileVersion":  "10.0.19041.546 (WinBuild.160101.0800)",
                        "User":  "DESKTOP-KVSEOF0\\Stage.Ali",
                        "RuleName":  "-",
                        "Product":  "Microsoft® Windows® Operating System",
                        "ProcessId":  "5164",
                        "OriginalFileName":  "mswsock.dll",
                        "Signed":  "true"
                    }
    },
    {
        "EventId":  7,
        "TimeCreated":  "\/Date(1757685470677)\/",
        "ProcessGuid":  "{f1988ae2-26de-68c4-8400-000000001e00}",
        "ProcessId":  "5164",
        "ParentProcessGuid":  null,
        "Image":  "C:\\Users\\Stage.Ali\\Desktop\\Malware\\003b3e35b5af284d9087f9eaa3d2fda77887fc727212bb3f0e98bed9c3765903.exe",
        "CommandLine":  null,
        "User":  "DESKTOP-KVSEOF0\\Stage.Ali",
        "TargetFilename":  null,
        "DestinationIp":  null,
        "DestinationPort":  null,
        "SourceIp":  null,
        "SourcePort":  null,
        "Protocol":  null,
        "QueryName":  null,
        "Details":  {
                        "Description":  "Web Transfer Protocols API",
                        "SignatureStatus":  "Valid",
                        "Signature":  "Microsoft Windows",
                        "Hashes":  "MD5=1EFFEEFBFCFF001DA791ED4CC90F0AB8,SHA256=228B57B4267EEB161B15406D29338A30C8403DA6CDB654DA3F570070BB4F930E",
                        "Image":  "C:\\Users\\Stage.Ali\\Desktop\\Malware\\003b3e35b5af284d9087f9eaa3d2fda77887fc727212bb3f0e98bed9c3765903.exe",
                        "UtcTime":  "2025-09-12 13:57:50.650",
                        "ProcessGuid":  "{f1988ae2-26de-68c4-8400-000000001e00}",
                        "Company":  "Microsoft Corporation",
                        "ImageLoaded":  "C:\\Windows\\System32\\webio.dll",
                        "FileVersion":  "10.0.19041.1620 (WinBuild.160101.0800)",
                        "User":  "DESKTOP-KVSEOF0\\Stage.Ali",
                        "RuleName":  "-",
                        "Product":  "Microsoft® Windows® Operating System",
                        "ProcessId":  "5164",
                        "OriginalFileName":  "webio.dll",
                        "Signed":  "true"
                    }
    },
    {
        "EventId":  7,
        "TimeCreated":  "\/Date(1757685470660)\/",
        "ProcessGuid":  "{f1988ae2-26de-68c4-8400-000000001e00}",
        "ProcessId":  "5164",
        "ParentProcessGuid":  null,
        "Image":  "C:\\Users\\Stage.Ali\\Desktop\\Malware\\003b3e35b5af284d9087f9eaa3d2fda77887fc727212bb3f0e98bed9c3765903.exe",
        "CommandLine":  null,
        "User":  "DESKTOP-KVSEOF0\\Stage.Ali",
        "TargetFilename":  null,
        "DestinationIp":  null,
        "DestinationPort":  null,
        "SourceIp":  null,
        "SourcePort":  null,
        "Protocol":  null,
        "QueryName":  null,
        "Details":  {
                        "Description":  "Microsoft COM for Windows",
                        "SignatureStatus":  "Valid",
                        "Signature":  "Microsoft Windows",
                        "Hashes":  "MD5=C63F947A6EE298E926EF78A975A17C47,SHA256=033DD53305AF33480D08657449FCE8711FE1CA49E42A4A1307354F17DD7BA8A3",
                        "Image":  "C:\\Users\\Stage.Ali\\Desktop\\Malware\\003b3e35b5af284d9087f9eaa3d2fda77887fc727212bb3f0e98bed9c3765903.exe",
                        "UtcTime":  "2025-09-12 13:57:50.650",
                        "ProcessGuid":  "{f1988ae2-26de-68c4-8400-000000001e00}",
                        "Company":  "Microsoft Corporation",
                        "ImageLoaded":  "C:\\Windows\\System32\\combase.dll",
                        "FileVersion":  "10.0.19041.1949 (WinBuild.160101.0800)",
                        "User":  "DESKTOP-KVSEOF0\\Stage.Ali",
                        "RuleName":  "-",
                        "Product":  "Microsoft® Windows® Operating System",
                        "ProcessId":  "5164",
                        "OriginalFileName":  "COMBASE.DLL",
                        "Signed":  "true"
                    }
    },
    {
        "EventId":  7,
        "TimeCreated":  "\/Date(1757685470660)\/",
        "ProcessGuid":  "{f1988ae2-26de-68c4-8400-000000001e00}",
        "ProcessId":  "5164",
        "ParentProcessGuid":  null,
        "Image":  "C:\\Users\\Stage.Ali\\Desktop\\Malware\\003b3e35b5af284d9087f9eaa3d2fda77887fc727212bb3f0e98bed9c3765903.exe",
        "CommandLine":  null,
        "User":  "DESKTOP-KVSEOF0\\Stage.Ali",
        "TargetFilename":  null,
        "DestinationIp":  null,
        "DestinationPort":  null,
        "SourceIp":  null,
        "SourcePort":  null,
        "Protocol":  null,
        "QueryName":  null,
        "Details":  {
                        "Description":  "Microsoft COM for Windows",
                        "SignatureStatus":  "Valid",
                        "Signature":  "Microsoft Windows",
                        "Hashes":  "MD5=C63F947A6EE298E926EF78A975A17C47,SHA256=033DD53305AF33480D08657449FCE8711FE1CA49E42A4A1307354F17DD7BA8A3",
                        "Image":  "C:\\Users\\Stage.Ali\\Desktop\\Malware\\003b3e35b5af284d9087f9eaa3d2fda77887fc727212bb3f0e98bed9c3765903.exe",
                        "UtcTime":  "2025-09-12 13:57:50.650",
                        "ProcessGuid":  "{f1988ae2-26de-68c4-8400-000000001e00}",
                        "Company":  "Microsoft Corporation",
                        "ImageLoaded":  "C:\\Windows\\System32\\combase.dll",
                        "FileVersion":  "10.0.19041.1949 (WinBuild.160101.0800)",
                        "User":  "DESKTOP-KVSEOF0\\Stage.Ali",
                        "RuleName":  "-",
                        "Product":  "Microsoft® Windows® Operating System",
                        "ProcessId":  "5164",
                        "OriginalFileName":  "COMBASE.DLL",
                        "Signed":  "true"
                    }
    },
    {
        "EventId":  7,
        "TimeCreated":  "\/Date(1757685470660)\/",
        "ProcessGuid":  "{f1988ae2-26de-68c4-8400-000000001e00}",
        "ProcessId":  "5164",
        "ParentProcessGuid":  null,
        "Image":  "C:\\Users\\Stage.Ali\\Desktop\\Malware\\003b3e35b5af284d9087f9eaa3d2fda77887fc727212bb3f0e98bed9c3765903.exe",
        "CommandLine":  null,
        "User":  "DESKTOP-KVSEOF0\\Stage.Ali",
        "TargetFilename":  null,
        "DestinationIp":  null,
        "DestinationPort":  null,
        "SourceIp":  null,
        "SourcePort":  null,
        "Protocol":  null,
        "QueryName":  null,
        "Details":  {
                        "Description":  "On Demand Connctiond Route Helper",
                        "SignatureStatus":  "Valid",
                        "Signature":  "Microsoft Windows",
                        "Hashes":  "MD5=1F009DE6A013A282D07436241512C056,SHA256=C897C345C3BCF3E96589A0FEEEA8B6D26CF33C091AC3EE2162DD27F8A79C3FF5",
                        "Image":  "C:\\Users\\Stage.Ali\\Desktop\\Malware\\003b3e35b5af284d9087f9eaa3d2fda77887fc727212bb3f0e98bed9c3765903.exe",
                        "UtcTime":  "2025-09-12 13:57:50.650",
                        "ProcessGuid":  "{f1988ae2-26de-68c4-8400-000000001e00}",
                        "Company":  "Microsoft Corporation",
                        "ImageLoaded":  "C:\\Windows\\System32\\OnDemandConnRouteHelper.dll",
                        "FileVersion":  "10.0.19041.546 (WinBuild.160101.0800)",
                        "User":  "DESKTOP-KVSEOF0\\Stage.Ali",
                        "RuleName":  "-",
                        "Product":  "Microsoft® Windows® Operating System",
                        "ProcessId":  "5164",
                        "OriginalFileName":  "OnDemandConnRouteHelper.dll",
                        "Signed":  "true"
                    }
    },
    {
        "EventId":  7,
        "TimeCreated":  "\/Date(1757685470658)\/",
        "ProcessGuid":  "{f1988ae2-26de-68c4-8400-000000001e00}",
        "ProcessId":  "5164",
        "ParentProcessGuid":  null,
        "Image":  "C:\\Users\\Stage.Ali\\Desktop\\Malware\\003b3e35b5af284d9087f9eaa3d2fda77887fc727212bb3f0e98bed9c3765903.exe",
        "CommandLine":  null,
        "User":  "DESKTOP-KVSEOF0\\Stage.Ali",
        "TargetFilename":  null,
        "DestinationIp":  null,
        "DestinationPort":  null,
        "SourceIp":  null,
        "SourcePort":  null,
        "Protocol":  null,
        "QueryName":  null,
        "Details":  {
                        "Description":  "Windows Socket 2.0 32-Bit DLL",
                        "SignatureStatus":  "Valid",
                        "Signature":  "Microsoft Windows",
                        "Hashes":  "MD5=6EED88C1206032A2797ABF131C6242CF,SHA256=1F996574F38219CDD848375F517F8D86E17542BC84D64CCE63AA0C64CC15F22D",
                        "Image":  "C:\\Users\\Stage.Ali\\Desktop\\Malware\\003b3e35b5af284d9087f9eaa3d2fda77887fc727212bb3f0e98bed9c3765903.exe",
                        "UtcTime":  "2025-09-12 13:57:50.650",
                        "ProcessGuid":  "{f1988ae2-26de-68c4-8400-000000001e00}",
                        "Company":  "Microsoft Corporation",
                        "ImageLoaded":  "C:\\Windows\\System32\\ws2_32.dll",
                        "FileVersion":  "10.0.19041.546 (WinBuild.160101.0800)",
                        "User":  "DESKTOP-KVSEOF0\\Stage.Ali",
                        "RuleName":  "-",
                        "Product":  "Microsoft® Windows® Operating System",
                        "ProcessId":  "5164",
                        "OriginalFileName":  "ws2_32.dll",
                        "Signed":  "true"
                    }
    },
    {
        "EventId":  7,
        "TimeCreated":  "\/Date(1757685470658)\/",
        "ProcessGuid":  "{f1988ae2-26de-68c4-8400-000000001e00}",
        "ProcessId":  "5164",
        "ParentProcessGuid":  null,
        "Image":  "C:\\Users\\Stage.Ali\\Desktop\\Malware\\003b3e35b5af284d9087f9eaa3d2fda77887fc727212bb3f0e98bed9c3765903.exe",
        "CommandLine":  null,
        "User":  "DESKTOP-KVSEOF0\\Stage.Ali",
        "TargetFilename":  null,
        "DestinationIp":  null,
        "DestinationPort":  null,
        "SourceIp":  null,
        "SourcePort":  null,
        "Protocol":  null,
        "QueryName":  null,
        "Details":  {
                        "Description":  "Crypto API32",
                        "SignatureStatus":  "Valid",
                        "Signature":  "Microsoft Windows",
                        "Hashes":  "MD5=207B60E9E5D5B34EA08FDFF19C05D987,SHA256=187ADE052D40B95760DCF855B3D0FE57FDD6029143B9F6197B189C090A63FEA4",
                        "Image":  "C:\\Users\\Stage.Ali\\Desktop\\Malware\\003b3e35b5af284d9087f9eaa3d2fda77887fc727212bb3f0e98bed9c3765903.exe",
                        "UtcTime":  "2025-09-12 13:57:50.650",
                        "ProcessGuid":  "{f1988ae2-26de-68c4-8400-000000001e00}",
                        "Company":  "Microsoft Corporation",
                        "ImageLoaded":  "C:\\Windows\\System32\\crypt32.dll",
                        "FileVersion":  "10.0.19041.1889 (WinBuild.160101.0800)",
                        "User":  "DESKTOP-KVSEOF0\\Stage.Ali",
                        "RuleName":  "-",
                        "Product":  "Microsoft® Windows® Operating System",
                        "ProcessId":  "5164",
                        "OriginalFileName":  "CRYPT32.DLL",
                        "Signed":  "true"
                    }
    },
    {
        "EventId":  7,
        "TimeCreated":  "\/Date(1757685470658)\/",
        "ProcessGuid":  "{f1988ae2-26de-68c4-8400-000000001e00}",
        "ProcessId":  "5164",
        "ParentProcessGuid":  null,
        "Image":  "C:\\Users\\Stage.Ali\\Desktop\\Malware\\003b3e35b5af284d9087f9eaa3d2fda77887fc727212bb3f0e98bed9c3765903.exe",
        "CommandLine":  null,
        "User":  "DESKTOP-KVSEOF0\\Stage.Ali",
        "TargetFilename":  null,
        "DestinationIp":  null,
        "DestinationPort":  null,
        "SourceIp":  null,
        "SourcePort":  null,
        "Protocol":  null,
        "QueryName":  null,
        "Details":  {
                        "Description":  "Windows HTTP Services",
                        "SignatureStatus":  "Valid",
                        "Signature":  "Microsoft Windows",
                        "Hashes":  "MD5=9CB035E4505B5B69EF0D91F8F8F9773C,SHA256=B88B89F8786DF4FE0E495674974F9CC7ABB71CE59151D01BEF893F0B625B03FA",
                        "Image":  "C:\\Users\\Stage.Ali\\Desktop\\Malware\\003b3e35b5af284d9087f9eaa3d2fda77887fc727212bb3f0e98bed9c3765903.exe",
                        "UtcTime":  "2025-09-12 13:57:50.650",
                        "ProcessGuid":  "{f1988ae2-26de-68c4-8400-000000001e00}",
                        "Company":  "Microsoft Corporation",
                        "ImageLoaded":  "C:\\Windows\\System32\\winhttp.dll",
                        "FileVersion":  "10.0.19041.1682 (WinBuild.160101.0800)",
                        "User":  "DESKTOP-KVSEOF0\\Stage.Ali",
                        "RuleName":  "-",
                        "Product":  "Microsoft® Windows® Operating System",
                        "ProcessId":  "5164",
                        "OriginalFileName":  "winhttp.dll",
                        "Signed":  "true"
                    }
    },
    {
        "EventId":  7,
        "TimeCreated":  "\/Date(1757685470658)\/",
        "ProcessGuid":  "{f1988ae2-26de-68c4-8400-000000001e00}",
        "ProcessId":  "5164",
        "ParentProcessGuid":  null,
        "Image":  "C:\\Users\\Stage.Ali\\Desktop\\Malware\\003b3e35b5af284d9087f9eaa3d2fda77887fc727212bb3f0e98bed9c3765903.exe",
        "CommandLine":  null,
        "User":  "DESKTOP-KVSEOF0\\Stage.Ali",
        "TargetFilename":  null,
        "DestinationIp":  null,
        "DestinationPort":  null,
        "SourceIp":  null,
        "SourcePort":  null,
        "Protocol":  null,
        "QueryName":  null,
        "Details":  {
                        "Description":  "Microsoft® C Runtime Library",
                        "SignatureStatus":  "Valid",
                        "Signature":  "Microsoft Windows",
                        "Hashes":  "MD5=2C8FE06966D5085A595FFA3C98FE3098,SHA256=DE8D08D01291DF93821314176381F3D1AE863E6C5584A7F8EA42F0B94B15EF65",
                        "Image":  "C:\\Users\\Stage.Ali\\Desktop\\Malware\\003b3e35b5af284d9087f9eaa3d2fda77887fc727212bb3f0e98bed9c3765903.exe",
                        "UtcTime":  "2025-09-12 13:57:50.648",
                        "ProcessGuid":  "{f1988ae2-26de-68c4-8400-000000001e00}",
                        "Company":  "Microsoft Corporation",
                        "ImageLoaded":  "C:\\Windows\\System32\\ucrtbase.dll",
                        "FileVersion":  "10.0.19041.789 (WinBuild.160101.0800)",
                        "User":  "DESKTOP-KVSEOF0\\Stage.Ali",
                        "RuleName":  "-",
                        "Product":  "Microsoft® Windows® Operating System",
                        "ProcessId":  "5164",
                        "OriginalFileName":  "ucrtbase.dll",
                        "Signed":  "true"
                    }
    },
    {
        "EventId":  7,
        "TimeCreated":  "\/Date(1757685470658)\/",
        "ProcessGuid":  "{f1988ae2-26de-68c4-8400-000000001e00}",
        "ProcessId":  "5164",
        "ParentProcessGuid":  null,
        "Image":  "C:\\Users\\Stage.Ali\\Desktop\\Malware\\003b3e35b5af284d9087f9eaa3d2fda77887fc727212bb3f0e98bed9c3765903.exe",
        "CommandLine":  null,
        "User":  "DESKTOP-KVSEOF0\\Stage.Ali",
        "TargetFilename":  null,
        "DestinationIp":  null,
        "DestinationPort":  null,
        "SourceIp":  null,
        "SourcePort":  null,
        "Protocol":  null,
        "QueryName":  null,
        "Details":  {
                        "Description":  "Microsoft® C Runtime Library",
                        "SignatureStatus":  "Valid",
                        "Signature":  "Microsoft Windows",
                        "Hashes":  "MD5=34692D0BDE33641B576C32165FBAAF6D,SHA256=FD1D0CC8A5AC8BF20AF9E1A7EC360DD76DC022DFE992556948DF1C17F7A714D2",
                        "Image":  "C:\\Users\\Stage.Ali\\Desktop\\Malware\\003b3e35b5af284d9087f9eaa3d2fda77887fc727212bb3f0e98bed9c3765903.exe",
                        "UtcTime":  "2025-09-12 13:57:50.637",
                        "ProcessGuid":  "{f1988ae2-26de-68c4-8400-000000001e00}",
                        "Company":  "Microsoft Corporation",
                        "ImageLoaded":  "C:\\Windows\\System32\\msvcp_win.dll",
                        "FileVersion":  "10.0.19041.789 (WinBuild.160101.0800)",
                        "User":  "DESKTOP-KVSEOF0\\Stage.Ali",
                        "RuleName":  "-",
                        "Product":  "Microsoft® Windows® Operating System",
                        "ProcessId":  "5164",
                        "OriginalFileName":  "msvcp_win.dll",
                        "Signed":  "true"
                    }
    },
    {
        "EventId":  7,
        "TimeCreated":  "\/Date(1757685470658)\/",
        "ProcessGuid":  "{f1988ae2-26de-68c4-8400-000000001e00}",
        "ProcessId":  "5164",
        "ParentProcessGuid":  null,
        "Image":  "C:\\Users\\Stage.Ali\\Desktop\\Malware\\003b3e35b5af284d9087f9eaa3d2fda77887fc727212bb3f0e98bed9c3765903.exe",
        "CommandLine":  null,
        "User":  "DESKTOP-KVSEOF0\\Stage.Ali",
        "TargetFilename":  null,
        "DestinationIp":  null,
        "DestinationPort":  null,
        "SourceIp":  null,
        "SourcePort":  null,
        "Protocol":  null,
        "QueryName":  null,
        "Details":  {
                        "Description":  "GDI Client DLL",
                        "SignatureStatus":  "Valid",
                        "Signature":  "Microsoft Windows",
                        "Hashes":  "MD5=5AFAF519DF51A2E14E1C1CCE05F9EBB4,SHA256=321A364EA6ED078FE669149AC9A1D5A0DC83C5F628AB23BCC050A0463D1B00EA",
                        "Image":  "C:\\Users\\Stage.Ali\\Desktop\\Malware\\003b3e35b5af284d9087f9eaa3d2fda77887fc727212bb3f0e98bed9c3765903.exe",
                        "UtcTime":  "2025-09-12 13:57:50.637",
                        "ProcessGuid":  "{f1988ae2-26de-68c4-8400-000000001e00}",
                        "Company":  "Microsoft Corporation",
                        "ImageLoaded":  "C:\\Windows\\System32\\gdi32full.dll",
                        "FileVersion":  "10.0.19041.2006 (WinBuild.160101.0800)",
                        "User":  "DESKTOP-KVSEOF0\\Stage.Ali",
                        "RuleName":  "-",
                        "Product":  "Microsoft® Windows® Operating System",
                        "ProcessId":  "5164",
                        "OriginalFileName":  "gdi32",
                        "Signed":  "true"
                    }
    },
    {
        "EventId":  7,
        "TimeCreated":  "\/Date(1757685470658)\/",
        "ProcessGuid":  "{f1988ae2-26de-68c4-8400-000000001e00}",
        "ProcessId":  "5164",
        "ParentProcessGuid":  null,
        "Image":  "C:\\Users\\Stage.Ali\\Desktop\\Malware\\003b3e35b5af284d9087f9eaa3d2fda77887fc727212bb3f0e98bed9c3765903.exe",
        "CommandLine":  null,
        "User":  "DESKTOP-KVSEOF0\\Stage.Ali",
        "TargetFilename":  null,
        "DestinationIp":  null,
        "DestinationPort":  null,
        "SourceIp":  null,
        "SourcePort":  null,
        "Protocol":  null,
        "QueryName":  null,
        "Details":  {
                        "Description":  "GDI Client DLL",
                        "SignatureStatus":  "Valid",
                        "Signature":  "Microsoft Windows",
                        "Hashes":  "MD5=9AADC5F610CD646176451D8EE2473090,SHA256=D8E4E66600A8D6EC0DFD1E213BD644178B3143E64C5EF0DCA898F8197E467D1D",
                        "Image":  "C:\\Users\\Stage.Ali\\Desktop\\Malware\\003b3e35b5af284d9087f9eaa3d2fda77887fc727212bb3f0e98bed9c3765903.exe",
                        "UtcTime":  "2025-09-12 13:57:50.637",
                        "ProcessGuid":  "{f1988ae2-26de-68c4-8400-000000001e00}",
                        "Company":  "Microsoft Corporation",
                        "ImageLoaded":  "C:\\Windows\\System32\\gdi32.dll",
                        "FileVersion":  "10.0.19041.1620 (WinBuild.160101.0800)",
                        "User":  "DESKTOP-KVSEOF0\\Stage.Ali",
                        "RuleName":  "-",
                        "Product":  "Microsoft® Windows® Operating System",
                        "ProcessId":  "5164",
                        "OriginalFileName":  "gdi32",
                        "Signed":  "true"
                    }
    },
    {
        "EventId":  7,
        "TimeCreated":  "\/Date(1757685470657)\/",
        "ProcessGuid":  "{f1988ae2-26de-68c4-8400-000000001e00}",
        "ProcessId":  "5164",
        "ParentProcessGuid":  null,
        "Image":  "C:\\Users\\Stage.Ali\\Desktop\\Malware\\003b3e35b5af284d9087f9eaa3d2fda77887fc727212bb3f0e98bed9c3765903.exe",
        "CommandLine":  null,
        "User":  "DESKTOP-KVSEOF0\\Stage.Ali",
        "TargetFilename":  null,
        "DestinationIp":  null,
        "DestinationPort":  null,
        "SourceIp":  null,
        "SourcePort":  null,
        "Protocol":  null,
        "QueryName":  null,
        "Details":  {
                        "Description":  "Win32u",
                        "SignatureStatus":  "Valid",
                        "Signature":  "Microsoft Windows",
                        "Hashes":  "MD5=4445DA64D295A18FD1E25C305CFE15BA,SHA256=9687B03D65D44C6EC1BAE230DD3BC834A7BF255D6B30F94C9F4E71F6EFA95D37",
                        "Image":  "C:\\Users\\Stage.Ali\\Desktop\\Malware\\003b3e35b5af284d9087f9eaa3d2fda77887fc727212bb3f0e98bed9c3765903.exe",
                        "UtcTime":  "2025-09-12 13:57:50.637",
                        "ProcessGuid":  "{f1988ae2-26de-68c4-8400-000000001e00}",
                        "Company":  "Microsoft Corporation",
                        "ImageLoaded":  "C:\\Windows\\System32\\win32u.dll",
                        "FileVersion":  "10.0.19041.2006 (WinBuild.160101.0800)",
                        "User":  "DESKTOP-KVSEOF0\\Stage.Ali",
                        "RuleName":  "-",
                        "Product":  "Microsoft® Windows® Operating System",
                        "ProcessId":  "5164",
                        "OriginalFileName":  "Win32u.DLL",
                        "Signed":  "true"
                    }
    },
    {
        "EventId":  7,
        "TimeCreated":  "\/Date(1757685470657)\/",
        "ProcessGuid":  "{f1988ae2-26de-68c4-8400-000000001e00}",
        "ProcessId":  "5164",
        "ParentProcessGuid":  null,
        "Image":  "C:\\Users\\Stage.Ali\\Desktop\\Malware\\003b3e35b5af284d9087f9eaa3d2fda77887fc727212bb3f0e98bed9c3765903.exe",
        "CommandLine":  null,
        "User":  "DESKTOP-KVSEOF0\\Stage.Ali",
        "TargetFilename":  null,
        "DestinationIp":  null,
        "DestinationPort":  null,
        "SourceIp":  null,
        "SourcePort":  null,
        "Protocol":  null,
        "QueryName":  null,
        "Details":  {
                        "Description":  "Multi-User Windows USER API Client DLL",
                        "SignatureStatus":  "Valid",
                        "Signature":  "Microsoft Windows",
                        "Hashes":  "MD5=3D2A6411D06E658A2AB3C893CA691EA3,SHA256=0178536E572F7443CE276C92EC19A2265CEBF223BE3B535423E537F8F8A14080",
                        "Image":  "C:\\Users\\Stage.Ali\\Desktop\\Malware\\003b3e35b5af284d9087f9eaa3d2fda77887fc727212bb3f0e98bed9c3765903.exe",
                        "UtcTime":  "2025-09-12 13:57:50.637",
                        "ProcessGuid":  "{f1988ae2-26de-68c4-8400-000000001e00}",
                        "Company":  "Microsoft Corporation",
                        "ImageLoaded":  "C:\\Windows\\System32\\user32.dll",
                        "FileVersion":  "10.0.19041.1503 (WinBuild.160101.0800)",
                        "User":  "DESKTOP-KVSEOF0\\Stage.Ali",
                        "RuleName":  "-",
                        "Product":  "Microsoft® Windows® Operating System",
                        "ProcessId":  "5164",
                        "OriginalFileName":  "user32",
                        "Signed":  "true"
                    }
    },
    {
        "EventId":  7,
        "TimeCreated":  "\/Date(1757685470657)\/",
        "ProcessGuid":  "{f1988ae2-26de-68c4-8400-000000001e00}",
        "ProcessId":  "5164",
        "ParentProcessGuid":  null,
        "Image":  "C:\\Users\\Stage.Ali\\Desktop\\Malware\\003b3e35b5af284d9087f9eaa3d2fda77887fc727212bb3f0e98bed9c3765903.exe",
        "CommandLine":  null,
        "User":  "DESKTOP-KVSEOF0\\Stage.Ali",
        "TargetFilename":  null,
        "DestinationIp":  null,
        "DestinationPort":  null,
        "SourceIp":  null,
        "SourcePort":  null,
        "Protocol":  null,
        "QueryName":  null,
        "Details":  {
                        "Description":  "Remote Procedure Call Runtime",
                        "SignatureStatus":  "Valid",
                        "Signature":  "Microsoft Windows",
                        "Hashes":  "MD5=7706E6B63269C9668FB714E5772AC10D,SHA256=29EF6D71E4385A4498B3F9AFD9713FF3C4BE4456CB117F6BB190169DFD063495",
                        "Image":  "C:\\Users\\Stage.Ali\\Desktop\\Malware\\003b3e35b5af284d9087f9eaa3d2fda77887fc727212bb3f0e98bed9c3765903.exe",
                        "UtcTime":  "2025-09-12 13:57:50.637",
                        "ProcessGuid":  "{f1988ae2-26de-68c4-8400-000000001e00}",
                        "Company":  "Microsoft Corporation",
                        "ImageLoaded":  "C:\\Windows\\System32\\rpcrt4.dll",
                        "FileVersion":  "10.0.19041.1806 (WinBuild.160101.0800)",
                        "User":  "DESKTOP-KVSEOF0\\Stage.Ali",
                        "RuleName":  "-",
                        "Product":  "Microsoft® Windows® Operating System",
                        "ProcessId":  "5164",
                        "OriginalFileName":  "rpcrt4.dll",
                        "Signed":  "true"
                    }
    },
    {
        "EventId":  7,
        "TimeCreated":  "\/Date(1757685470657)\/",
        "ProcessGuid":  "{f1988ae2-26de-68c4-8400-000000001e00}",
        "ProcessId":  "5164",
        "ParentProcessGuid":  null,
        "Image":  "C:\\Users\\Stage.Ali\\Desktop\\Malware\\003b3e35b5af284d9087f9eaa3d2fda77887fc727212bb3f0e98bed9c3765903.exe",
        "CommandLine":  null,
        "User":  "DESKTOP-KVSEOF0\\Stage.Ali",
        "TargetFilename":  null,
        "DestinationIp":  null,
        "DestinationPort":  null,
        "SourceIp":  null,
        "SourcePort":  null,
        "Protocol":  null,
        "QueryName":  null,
        "Details":  {
                        "Description":  "Host for SCM/SDDL/LSA Lookup APIs",
                        "SignatureStatus":  "Valid",
                        "Signature":  "Microsoft Windows",
                        "Hashes":  "MD5=38FE2E2B7171FBDEA5A166FAA0F5D8C8,SHA256=3787035268930B726D0D2F3F209C667C7A3664AA6F597CD08447514DCDE01965",
                        "Image":  "C:\\Users\\Stage.Ali\\Desktop\\Malware\\003b3e35b5af284d9087f9eaa3d2fda77887fc727212bb3f0e98bed9c3765903.exe",
                        "UtcTime":  "2025-09-12 13:57:50.637",
                        "ProcessGuid":  "{f1988ae2-26de-68c4-8400-000000001e00}",
                        "Company":  "Microsoft Corporation",
                        "ImageLoaded":  "C:\\Windows\\System32\\sechost.dll",
                        "FileVersion":  "10.0.19041.1865 (WinBuild.160101.0800)",
                        "User":  "DESKTOP-KVSEOF0\\Stage.Ali",
                        "RuleName":  "-",
                        "Product":  "Microsoft® Windows® Operating System",
                        "ProcessId":  "5164",
                        "OriginalFileName":  "sechost.dll",
                        "Signed":  "true"
                    }
    },
    {
        "EventId":  7,
        "TimeCreated":  "\/Date(1757685470657)\/",
        "ProcessGuid":  "{f1988ae2-26de-68c4-8400-000000001e00}",
        "ProcessId":  "5164",
        "ParentProcessGuid":  null,
        "Image":  "C:\\Users\\Stage.Ali\\Desktop\\Malware\\003b3e35b5af284d9087f9eaa3d2fda77887fc727212bb3f0e98bed9c3765903.exe",
        "CommandLine":  null,
        "User":  "DESKTOP-KVSEOF0\\Stage.Ali",
        "TargetFilename":  null,
        "DestinationIp":  null,
        "DestinationPort":  null,
        "SourceIp":  null,
        "SourcePort":  null,
        "Protocol":  null,
        "QueryName":  null,
        "Details":  {
                        "Description":  "Windows NT CRT DLL",
                        "SignatureStatus":  "Valid",
                        "Signature":  "Microsoft Windows",
                        "Hashes":  "MD5=A4F2D5942FB447CD48A5CEE414983E85,SHA256=DD7C8BC34CDBE30EF921395E874909BBF6BE53803822164F75F7207E9F085650",
                        "Image":  "C:\\Users\\Stage.Ali\\Desktop\\Malware\\003b3e35b5af284d9087f9eaa3d2fda77887fc727212bb3f0e98bed9c3765903.exe",
                        "UtcTime":  "2025-09-12 13:57:50.637",
                        "ProcessGuid":  "{f1988ae2-26de-68c4-8400-000000001e00}",
                        "Company":  "Microsoft Corporation",
                        "ImageLoaded":  "C:\\Windows\\System32\\msvcrt.dll",
                        "FileVersion":  "7.0.19041.546 (WinBuild.160101.0800)",
                        "User":  "DESKTOP-KVSEOF0\\Stage.Ali",
                        "RuleName":  "-",
                        "Product":  "Microsoft® Windows® Operating System",
                        "ProcessId":  "5164",
                        "OriginalFileName":  "msvcrt.dll",
                        "Signed":  "true"
                    }
    },
    {
        "EventId":  7,
        "TimeCreated":  "\/Date(1757685470656)\/",
        "ProcessGuid":  "{f1988ae2-26de-68c4-8400-000000001e00}",
        "ProcessId":  "5164",
        "ParentProcessGuid":  null,
        "Image":  "C:\\Users\\Stage.Ali\\Desktop\\Malware\\003b3e35b5af284d9087f9eaa3d2fda77887fc727212bb3f0e98bed9c3765903.exe",
        "CommandLine":  null,
        "User":  "DESKTOP-KVSEOF0\\Stage.Ali",
        "TargetFilename":  null,
        "DestinationIp":  null,
        "DestinationPort":  null,
        "SourceIp":  null,
        "SourcePort":  null,
        "Protocol":  null,
        "QueryName":  null,
        "Details":  {
                        "Description":  "Advanced Windows 32 Base API",
                        "SignatureStatus":  "Valid",
                        "Signature":  "Microsoft Windows",
                        "Hashes":  "MD5=7EBC4745686496918EF54660CB9640DE,SHA256=5B3ED19956537019C29AABC9DF6B8669C8EF725090BB76DAE46D5E093AB7ED09",
                        "Image":  "C:\\Users\\Stage.Ali\\Desktop\\Malware\\003b3e35b5af284d9087f9eaa3d2fda77887fc727212bb3f0e98bed9c3765903.exe",
                        "UtcTime":  "2025-09-12 13:57:50.637",
                        "ProcessGuid":  "{f1988ae2-26de-68c4-8400-000000001e00}",
                        "Company":  "Microsoft Corporation",
                        "ImageLoaded":  "C:\\Windows\\System32\\advapi32.dll",
                        "FileVersion":  "10.0.19041.1682 (WinBuild.160101.0800)",
                        "User":  "DESKTOP-KVSEOF0\\Stage.Ali",
                        "RuleName":  "-",
                        "Product":  "Microsoft® Windows® Operating System",
                        "ProcessId":  "5164",
                        "OriginalFileName":  "advapi32.dll",
                        "Signed":  "true"
                    }
    },
    {
        "EventId":  7,
        "TimeCreated":  "\/Date(1757685470655)\/",
        "ProcessGuid":  "{f1988ae2-26de-68c4-8400-000000001e00}",
        "ProcessId":  "5164",
        "ParentProcessGuid":  null,
        "Image":  "C:\\Users\\Stage.Ali\\Desktop\\Malware\\003b3e35b5af284d9087f9eaa3d2fda77887fc727212bb3f0e98bed9c3765903.exe",
        "CommandLine":  null,
        "User":  "DESKTOP-KVSEOF0\\Stage.Ali",
        "TargetFilename":  null,
        "DestinationIp":  null,
        "DestinationPort":  null,
        "SourceIp":  null,
        "SourcePort":  null,
        "Protocol":  null,
        "QueryName":  null,
        "Details":  {
                        "Description":  "Windows NT BASE API Client DLL",
                        "SignatureStatus":  "Valid",
                        "Signature":  "Microsoft Windows",
                        "Hashes":  "MD5=28D93A964448E1A2B9AD5FE42261CEFF,SHA256=69322712A09C847305323DAFD0F2C62DF6013EF6FB6F2D9220FA4ECD51A4F42D",
                        "Image":  "C:\\Users\\Stage.Ali\\Desktop\\Malware\\003b3e35b5af284d9087f9eaa3d2fda77887fc727212bb3f0e98bed9c3765903.exe",
                        "UtcTime":  "2025-09-12 13:57:50.637",
                        "ProcessGuid":  "{f1988ae2-26de-68c4-8400-000000001e00}",
                        "Company":  "Microsoft Corporation",
                        "ImageLoaded":  "C:\\Windows\\System32\\KernelBase.dll",
                        "FileVersion":  "10.0.19041.1949 (WinBuild.160101.0800)",
                        "User":  "DESKTOP-KVSEOF0\\Stage.Ali",
                        "RuleName":  "-",
                        "Product":  "Microsoft® Windows® Operating System",
                        "ProcessId":  "5164",
                        "OriginalFileName":  "Kernelbase.dll",
                        "Signed":  "true"
                    }
    },
    {
        "EventId":  7,
        "TimeCreated":  "\/Date(1757685470655)\/",
        "ProcessGuid":  "{f1988ae2-26de-68c4-8400-000000001e00}",
        "ProcessId":  "5164",
        "ParentProcessGuid":  null,
        "Image":  "C:\\Users\\Stage.Ali\\Desktop\\Malware\\003b3e35b5af284d9087f9eaa3d2fda77887fc727212bb3f0e98bed9c3765903.exe",
        "CommandLine":  null,
        "User":  "DESKTOP-KVSEOF0\\Stage.Ali",
        "TargetFilename":  null,
        "DestinationIp":  null,
        "DestinationPort":  null,
        "SourceIp":  null,
        "SourcePort":  null,
        "Protocol":  null,
        "QueryName":  null,
        "Details":  {
                        "Description":  "Windows NT BASE API Client DLL",
                        "SignatureStatus":  "Valid",
                        "Signature":  "Microsoft Windows",
                        "Hashes":  "MD5=F7110F4E43AF6DA3F8313467BF27B336,SHA256=B282D597CC4C16EB645CE29B900A5AEAFC5A647EC98ED32380656CA4348A6E78",
                        "Image":  "C:\\Users\\Stage.Ali\\Desktop\\Malware\\003b3e35b5af284d9087f9eaa3d2fda77887fc727212bb3f0e98bed9c3765903.exe",
                        "UtcTime":  "2025-09-12 13:57:50.637",
                        "ProcessGuid":  "{f1988ae2-26de-68c4-8400-000000001e00}",
                        "Company":  "Microsoft Corporation",
                        "ImageLoaded":  "C:\\Windows\\System32\\kernel32.dll",
                        "FileVersion":  "10.0.19041.1889 (WinBuild.160101.0800)",
                        "User":  "DESKTOP-KVSEOF0\\Stage.Ali",
                        "RuleName":  "-",
                        "Product":  "Microsoft® Windows® Operating System",
                        "ProcessId":  "5164",
                        "OriginalFileName":  "kernel32",
                        "Signed":  "true"
                    }
    },
    {
        "EventId":  7,
        "TimeCreated":  "\/Date(1757685470641)\/",
        "ProcessGuid":  "{f1988ae2-26de-68c4-8400-000000001e00}",
        "ProcessId":  "5164",
        "ParentProcessGuid":  null,
        "Image":  "C:\\Users\\Stage.Ali\\Desktop\\Malware\\003b3e35b5af284d9087f9eaa3d2fda77887fc727212bb3f0e98bed9c3765903.exe",
        "CommandLine":  null,
        "User":  "DESKTOP-KVSEOF0\\Stage.Ali",
        "TargetFilename":  null,
        "DestinationIp":  null,
        "DestinationPort":  null,
        "SourceIp":  null,
        "SourcePort":  null,
        "Protocol":  null,
        "QueryName":  null,
        "Details":  {
                        "Description":  "NT Layer DLL",
                        "SignatureStatus":  "Valid",
                        "Signature":  "Microsoft Windows",
                        "Hashes":  "MD5=FFC0099CC499ABF355130F6334313504,SHA256=FBDFC8183DF435C2E981F868CB578CCA3B86A1FA6E76D8F5775E2EF22944A370",
                        "Image":  "C:\\Users\\Stage.Ali\\Desktop\\Malware\\003b3e35b5af284d9087f9eaa3d2fda77887fc727212bb3f0e98bed9c3765903.exe",
                        "UtcTime":  "2025-09-12 13:57:50.637",
                        "ProcessGuid":  "{f1988ae2-26de-68c4-8400-000000001e00}",
                        "Company":  "Microsoft Corporation",
                        "ImageLoaded":  "C:\\Windows\\System32\\ntdll.dll",
                        "FileVersion":  "10.0.19041.1949 (WinBuild.160101.0800)",
                        "User":  "DESKTOP-KVSEOF0\\Stage.Ali",
                        "RuleName":  "-",
                        "Product":  "Microsoft® Windows® Operating System",
                        "ProcessId":  "5164",
                        "OriginalFileName":  "ntdll.dll",
                        "Signed":  "true"
                    }
    },
