[
    {
        "EventId":  22,
        "TimeCreated":  "\/Date(1757685471578)\/",
        "ProcessGuid":  "{f1988ae2-26de-68c4-8400-000000001e00}",
        "ProcessId":  "5164",
        "ParentProcessGuid":  null,
        "Image":  "C:\\Users\\Stage.Ali\\Desktop\\Malware\\003b3e35b5af284d9087f9eaa3d2fda77887fc727212bb3f0e98bed9c3765903.exe",
        "CommandLine":  null,
        "User":  "DESKTOP-KVSEOF0\\Stage.Ali",
        "TargetFilename":  null,
        "DestinationIp":  null,
        "DestinationPort":  null,
        "SourceIp":  null,
        "SourcePort":  null,
        "Protocol":  null,
        "QueryName":  "9924910skcatsdss.cfd",
        "Details":  {
                        "Image":  "C:\\Users\\Stage.Ali\\Desktop\\Malware\\003b3e35b5af284d9087f9eaa3d2fda77887fc727212bb3f0e98bed9c3765903.exe",
                        "ProcessGuid":  "{f1988ae2-26de-68c4-8400-000000001e00}",
                        "QueryResults":  "-",
                        "QueryName":  "9924910skcatsdss.cfd",
                        "ProcessId":  "5164",
                        "UtcTime":  "2025-09-12 13:57:50.758",
                        "RuleName":  "-",
                        "QueryStatus":  "1460",
                        "User":  "DESKTOP-KVSEOF0\\Stage.Ali"
                    }
    },
    {
        "EventId":  22,
        "TimeCreated":  "\/Date(1757685471578)\/",
        "ProcessGuid":  "{f1988ae2-26de-68c4-8400-000000001e00}",
        "ProcessId":  "5164",
        "ParentProcessGuid":  null,
        "Image":  "C:\\Users\\Stage.Ali\\Desktop\\Malware\\003b3e35b5af284d9087f9eaa3d2fda77887fc727212bb3f0e98bed9c3765903.exe",
        "CommandLine":  null,
        "User":  "DESKTOP-KVSEOF0\\Stage.Ali",
        "TargetFilename":  null,
        "DestinationIp":  null,
        "DestinationPort":  null,
        "SourceIp":  null,
        "SourcePort":  null,
        "Protocol":  null,
        "QueryName":  "open.spotify.com",
        "Details":  {
                        "Image":  "C:\\Users\\Stage.Ali\\Desktop\\Malware\\003b3e35b5af284d9087f9eaa3d2fda77887fc727212bb3f0e98bed9c3765903.exe",
                        "ProcessGuid":  "{f1988ae2-26de-68c4-8400-000000001e00}",
                        "QueryResults":  "-",
                        "QueryName":  "open.spotify.com",
                        "ProcessId":  "5164",
                        "UtcTime":  "2025-09-12 13:57:50.730",
                        "RuleName":  "-",
                        "QueryStatus":  "1460",
                        "User":  "DESKTOP-KVSEOF0\\Stage.Ali"
                    }
    },
    {
        "EventId":  22,
        "TimeCreated":  "\/Date(1757685471578)\/",
        "ProcessGuid":  "{f1988ae2-26de-68c4-8400-000000001e00}",
        "ProcessId":  "5164",
        "ParentProcessGuid":  null,
        "Image":  "C:\\Users\\Stage.Ali\\Desktop\\Malware\\003b3e35b5af284d9087f9eaa3d2fda77887fc727212bb3f0e98bed9c3765903.exe",
        "CommandLine":  null,
        "User":  "DESKTOP-KVSEOF0\\Stage.Ali",
        "TargetFilename":  null,
        "DestinationIp":  null,
        "DestinationPort":  null,
        "SourceIp":  null,
        "SourcePort":  null,
        "Protocol":  null,
        "QueryName":  "t.me",
        "Details":  {
                        "Image":  "C:\\Users\\Stage.Ali\\Desktop\\Malware\\003b3e35b5af284d9087f9eaa3d2fda77887fc727212bb3f0e98bed9c3765903.exe",
                        "ProcessGuid":  "{f1988ae2-26de-68c4-8400-000000001e00}",
                        "QueryResults":  "-",
                        "QueryName":  "t.me",
                        "ProcessId":  "5164",
                        "UtcTime":  "2025-09-12 13:57:50.727",
                        "RuleName":  "-",
                        "QueryStatus":  "1460",
                        "User":  "DESKTOP-KVSEOF0\\Stage.Ali"
                    }
    }
]
