[
    {
        "EventId":  1,
        "TimeCreated":  "\/Date(1757685470489)\/",
        "ProcessGuid":  "{f1988ae2-26de-68c4-8400-000000001e00}",
        "ProcessId":  "5164",
        "ParentProcessGuid":  "{f1988ae2-26de-68c4-8300-000000001e00}",
        "Image":  "C:\\Users\\Stage.Ali\\Desktop\\Malware\\003b3e35b5af284d9087f9eaa3d2fda77887fc727212bb3f0e98bed9c3765903.exe",
        "CommandLine":  "\"C:\\Users\\Stage.Ali\\Desktop\\Malware\\003b3e35b5af284d9087f9eaa3d2fda77887fc727212bb3f0e98bed9c3765903.exe\"",
        "User":  "DESKTOP-KVSEOF0\\Stage.Ali",
        "TargetFilename":  null,
        "DestinationIp":  null,
        "DestinationPort":  null,
        "SourceIp":  null,
        "SourcePort":  null,
        "Protocol":  null,
        "QueryName":  null,
        "Details":  {
                        "ParentCommandLine":  "\"C:\\Users\\Stage.Ali\\Desktop\\Malware\\003b3e35b5af284d9087f9eaa3d2fda77887fc727212bb3f0e98bed9c3765903.exe\" ",
                        "Description":  "-",
                        "CommandLine":  "\"C:\\Users\\Stage.Ali\\Desktop\\Malware\\003b3e35b5af284d9087f9eaa3d2fda77887fc727212bb3f0e98bed9c3765903.exe\"",
                        "CurrentDirectory":  "C:\\Windows\\system32\\",
                        "Hashes":  "MD5=8FF0351BB0CFB212096D43E9750A4E30,SHA256=003B3E35B5AF284D9087F9EAA3D2FDA77887FC727212BB3F0E98BED9C3765903",
                        "Image":  "C:\\Users\\Stage.Ali\\Desktop\\Malware\\003b3e35b5af284d9087f9eaa3d2fda77887fc727212bb3f0e98bed9c3765903.exe",
                        "UtcTime":  "2025-09-12 13:57:50.482",
                        "ProcessGuid":  "{f1988ae2-26de-68c4-8400-000000001e00}",
                        "ParentUser":  "DESKTOP-KVSEOF0\\Stage.Ali",
                        "Company":  "-",
                        "IntegrityLevel":  "Medium",
                        "FileVersion":  "-",
                        "User":  "DESKTOP-KVSEOF0\\Stage.Ali",
                        "RuleName":  "-",
                        "Product":  "-",
                        "LogonId":  "0xd75c2",
                        "ProcessId":  "5164",
                        "OriginalFileName":  "-",
                        "LogonGuid":  "{f1988ae2-26d6-68c4-c275-0d0000000000}",
                        "TerminalSessionId":  "0",
                        "ParentProcessGuid":  "{f1988ae2-26de-68c4-8300-000000001e00}",
                        "ParentProcessId":  "5152",
                        "ParentImage":  "C:\\Users\\Stage.Ali\\Desktop\\Malware\\003b3e35b5af284d9087f9eaa3d2fda77887fc727212bb3f0e98bed9c3765903.exe"
                    }
    },
    {
        "EventId":  1,
        "TimeCreated":  "\/Date(1757685470331)\/",
        "ProcessGuid":  "{f1988ae2-26de-68c4-8300-000000001e00}",
        "ProcessId":  "5152",
        "ParentProcessGuid":  "{f1988ae2-26da-68c4-8200-000000001e00}",
        "Image":  "C:\\Users\\Stage.Ali\\Desktop\\Malware\\003b3e35b5af284d9087f9eaa3d2fda77887fc727212bb3f0e98bed9c3765903.exe",
        "CommandLine":  "\"C:\\Users\\Stage.Ali\\Desktop\\Malware\\003b3e35b5af284d9087f9eaa3d2fda77887fc727212bb3f0e98bed9c3765903.exe\" ",
        "User":  "DESKTOP-KVSEOF0\\Stage.Ali",
        "TargetFilename":  null,
        "DestinationIp":  null,
        "DestinationPort":  null,
        "SourceIp":  null,
        "SourcePort":  null,
        "Protocol":  null,
        "QueryName":  null,
        "Details":  {
                        "ParentCommandLine":  "\"C:\\Windows\\System32\\WindowsPowerShell\\v1.0\\powershell.exe\" -ExecutionPolicy Bypass -File C:\\Detonation\\run.ps1 -ExePath C:\\Users\\Stage.Ali\\Desktop\\Malware\\003b3e35b5af284d9087f9eaa3d2fda77887fc727212bb3f0e98bed9c3765903.exe -TimeoutSec 120",
                        "Description":  "-",
                        "CommandLine":  "\"C:\\Users\\Stage.Ali\\Desktop\\Malware\\003b3e35b5af284d9087f9eaa3d2fda77887fc727212bb3f0e98bed9c3765903.exe\" ",
                        "CurrentDirectory":  "C:\\Windows\\system32\\",
                        "Hashes":  "MD5=8FF0351BB0CFB212096D43E9750A4E30,SHA256=003B3E35B5AF284D9087F9EAA3D2FDA77887FC727212BB3F0E98BED9C3765903",
                        "Image":  "C:\\Users\\Stage.Ali\\Desktop\\Malware\\003b3e35b5af284d9087f9eaa3d2fda77887fc727212bb3f0e98bed9c3765903.exe",
                        "UtcTime":  "2025-09-12 13:57:50.312",
                        "ProcessGuid":  "{f1988ae2-26de-68c4-8300-000000001e00}",
                        "ParentUser":  "DESKTOP-KVSEOF0\\Stage.Ali",
                        "Company":  "-",
                        "IntegrityLevel":  "Medium",
                        "FileVersion":  "-",
                        "User":  "DESKTOP-KVSEOF0\\Stage.Ali",
                        "RuleName":  "-",
                        "Product":  "-",
                        "LogonId":  "0xd75c2",
                        "ProcessId":  "5152",
                        "OriginalFileName":  "-",
                        "LogonGuid":  "{f1988ae2-26d6-68c4-c275-0d0000000000}",
                        "TerminalSessionId":  "0",
                        "ParentProcessGuid":  "{f1988ae2-26da-68c4-8200-000000001e00}",
                        "ParentProcessId":  "1752",
                        "ParentImage":  "C:\\Windows\\System32\\WindowsPowerShell\\v1.0\\powershell.exe"
                    }
    }
]
