    {
        "EventId":  7,
        "TimeCreated":  "\/Date(1758991536833)\/",
        "ProcessGuid":  "{f1988ae2-14b0-68d8-7b00-000000001e00}",
        "ProcessId":  "4360",
        "ParentProcessGuid":  null,
        "Image":  "C:\\Windows\\Microsoft.NET\\Framework\\v4.0.30319\\InstallUtil.exe",
        "CommandLine":  null,
        "User":  "DESKTOP-KVSEOF0\\Stage.Ali",
        "TargetFilename":  null,
        "DestinationIp":  null,
        "DestinationPort":  null,
        "SourceIp":  null,
        "SourcePort":  null,
        "Protocol":  null,
        "QueryName":  null,
        "Details":  {
                        "Description":  "Shell Light-weight Utility Library",
                        "SignatureStatus":  "Valid",
                        "Signature":  "Microsoft Windows",
                        "Hashes":  "MD5=9C1F7CB888C87EC00146BA0EAA6A9A1F,SHA256=0DD77EE683AFD8F3275651888790D58942C3B1D24F15E209D148786F3C25DB80",
                        "Image":  "C:\\Windows\\Microsoft.NET\\Framework\\v4.0.30319\\InstallUtil.exe",
                        "UtcTime":  "2025-09-27 16:45:36.824",
                        "ProcessGuid":  "{f1988ae2-14b0-68d8-7b00-000000001e00}",
                        "Company":  "Microsoft Corporation",
                        "ImageLoaded":  "C:\\Windows\\SysWOW64\\shlwapi.dll",
                        "FileVersion":  "10.0.19041.1706 (WinBuild.160101.0800)",
                        "User":  "DESKTOP-KVSEOF0\\Stage.Ali",
                        "RuleName":  "-",
                        "Product":  "Microsoft® Windows® Operating System",
                        "ProcessId":  "4360",
                        "OriginalFileName":  "SHLWAPI.DLL",
                        "Signed":  "true"
                    }
    },
    {
        "EventId":  7,
        "TimeCreated":  "\/Date(1758991536831)\/",
        "ProcessGuid":  "{f1988ae2-14b0-68d8-7b00-000000001e00}",
        "ProcessId":  "4360",
        "ParentProcessGuid":  null,
        "Image":  "C:\\Windows\\Microsoft.NET\\Framework\\v4.0.30319\\InstallUtil.exe",
        "CommandLine":  null,
        "User":  "DESKTOP-KVSEOF0\\Stage.Ali",
        "TargetFilename":  null,
        "DestinationIp":  null,
        "DestinationPort":  null,
        "SourceIp":  null,
        "SourcePort":  null,
        "Protocol":  null,
        "QueryName":  null,
        "Details":  {
                        "Description":  "Microsoft .NET Runtime Execution Engine",
                        "SignatureStatus":  "Valid",
                        "Signature":  "Microsoft Corporation",
                        "Hashes":  "MD5=606B77C072A964DA4E4710151CAC86EB,SHA256=C6C9E8D77B62C7A52E6E9EAC764C1E1345779FC17544B80730E507627A5D5120",
                        "Image":  "C:\\Windows\\Microsoft.NET\\Framework\\v4.0.30319\\InstallUtil.exe",
                        "UtcTime":  "2025-09-27 16:45:36.824",
                        "ProcessGuid":  "{f1988ae2-14b0-68d8-7b00-000000001e00}",
                        "Company":  "Microsoft Corporation",
                        "ImageLoaded":  "C:\\Windows\\Microsoft.NET\\Framework\\v4.0.30319\\mscoreei.dll",
                        "FileVersion":  "4.8.4180.0 built by: NET48REL1LAST_B",
                        "User":  "DESKTOP-KVSEOF0\\Stage.Ali",
                        "RuleName":  "-",
                        "Product":  "Microsoft® .NET Framework",
                        "ProcessId":  "4360",
                        "OriginalFileName":  "mscoreei.dll",
                        "Signed":  "true"
                    }
    },
    {
        "EventId":  7,
        "TimeCreated":  "\/Date(1758991536829)\/",
        "ProcessGuid":  "{f1988ae2-14b0-68d8-7b00-000000001e00}",
        "ProcessId":  "4360",
        "ParentProcessGuid":  null,
        "Image":  "C:\\Windows\\Microsoft.NET\\Framework\\v4.0.30319\\InstallUtil.exe",
        "CommandLine":  null,
        "User":  "DESKTOP-KVSEOF0\\Stage.Ali",
        "TargetFilename":  null,
        "DestinationIp":  null,
        "DestinationPort":  null,
        "SourceIp":  null,
        "SourcePort":  null,
        "Protocol":  null,
        "QueryName":  null,
        "Details":  {
                        "Description":  "Remote Procedure Call Runtime",
                        "SignatureStatus":  "Valid",
                        "Signature":  "Microsoft Windows",
                        "Hashes":  "MD5=0BAD28A4D78585E109D907B498EA05E3,SHA256=1EB14005EAE67C2D5E84A35335C80E7D88DD6226AC4D5CF7827C697FF2473FA8",
                        "Image":  "C:\\Windows\\Microsoft.NET\\Framework\\v4.0.30319\\InstallUtil.exe",
                        "UtcTime":  "2025-09-27 16:45:36.824",
                        "ProcessGuid":  "{f1988ae2-14b0-68d8-7b00-000000001e00}",
                        "Company":  "Microsoft Corporation",
                        "ImageLoaded":  "C:\\Windows\\SysWOW64\\rpcrt4.dll",
                        "FileVersion":  "10.0.19041.1806 (WinBuild.160101.0800)",
                        "User":  "DESKTOP-KVSEOF0\\Stage.Ali",
                        "RuleName":  "-",
                        "Product":  "Microsoft® Windows® Operating System",
                        "ProcessId":  "4360",
                        "OriginalFileName":  "rpcrt4.dll",
                        "Signed":  "true"
                    }
    },
    {
        "EventId":  7,
        "TimeCreated":  "\/Date(1758991536829)\/",
        "ProcessGuid":  "{f1988ae2-14b0-68d8-7b00-000000001e00}",
        "ProcessId":  "4360",
        "ParentProcessGuid":  null,
        "Image":  "C:\\Windows\\Microsoft.NET\\Framework\\v4.0.30319\\InstallUtil.exe",
        "CommandLine":  null,
        "User":  "DESKTOP-KVSEOF0\\Stage.Ali",
        "TargetFilename":  null,
        "DestinationIp":  null,
        "DestinationPort":  null,
        "SourceIp":  null,
        "SourcePort":  null,
        "Protocol":  null,
        "QueryName":  null,
        "Details":  {
                        "Description":  "Host for SCM/SDDL/LSA Lookup APIs",
                        "SignatureStatus":  "Valid",
                        "Signature":  "Microsoft Windows",
                        "Hashes":  "MD5=B68B7D84B8A216E6219A65F7961FA219,SHA256=7F8E64B01C2E2012BF63B25EFA6FCBEBE6CF027A3322901E28185314AF39A86E",
                        "Image":  "C:\\Windows\\Microsoft.NET\\Framework\\v4.0.30319\\InstallUtil.exe",
                        "UtcTime":  "2025-09-27 16:45:36.822",
                        "ProcessGuid":  "{f1988ae2-14b0-68d8-7b00-000000001e00}",
                        "Company":  "Microsoft Corporation",
                        "ImageLoaded":  "C:\\Windows\\SysWOW64\\sechost.dll",
                        "FileVersion":  "10.0.19041.1865 (WinBuild.160101.0800)",
                        "User":  "DESKTOP-KVSEOF0\\Stage.Ali",
                        "RuleName":  "-",
                        "Product":  "Microsoft® Windows® Operating System",
                        "ProcessId":  "4360",
                        "OriginalFileName":  "sechost.dll",
                        "Signed":  "true"
                    }
    },
    {
        "EventId":  7,
        "TimeCreated":  "\/Date(1758991536828)\/",
        "ProcessGuid":  "{f1988ae2-14b0-68d8-7b00-000000001e00}",
        "ProcessId":  "4360",
        "ParentProcessGuid":  null,
        "Image":  "C:\\Windows\\Microsoft.NET\\Framework\\v4.0.30319\\InstallUtil.exe",
        "CommandLine":  null,
        "User":  "DESKTOP-KVSEOF0\\Stage.Ali",
        "TargetFilename":  null,
        "DestinationIp":  null,
        "DestinationPort":  null,
        "SourceIp":  null,
        "SourcePort":  null,
        "Protocol":  null,
        "QueryName":  null,
        "Details":  {
                        "Description":  "Windows NT CRT DLL",
                        "SignatureStatus":  "Valid",
                        "Signature":  "Microsoft Windows",
                        "Hashes":  "MD5=0DAA0D9DC786F95C8DC2CCC0221B2863,SHA256=279A03ACC810C1FE613BE283EB24762F0451DA9A6142ED3DC996A1D10FE2F692",
                        "Image":  "C:\\Windows\\Microsoft.NET\\Framework\\v4.0.30319\\InstallUtil.exe",
                        "UtcTime":  "2025-09-27 16:45:36.792",
                        "ProcessGuid":  "{f1988ae2-14b0-68d8-7b00-000000001e00}",
                        "Company":  "Microsoft Corporation",
                        "ImageLoaded":  "C:\\Windows\\SysWOW64\\msvcrt.dll",
                        "FileVersion":  "7.0.19041.546 (WinBuild.160101.0800)",
                        "User":  "DESKTOP-KVSEOF0\\Stage.Ali",
                        "RuleName":  "-",
                        "Product":  "Microsoft® Windows® Operating System",
                        "ProcessId":  "4360",
                        "OriginalFileName":  "msvcrt.dll",
                        "Signed":  "true"
                    }
    },
    {
        "EventId":  7,
        "TimeCreated":  "\/Date(1758991536827)\/",
        "ProcessGuid":  "{f1988ae2-14b0-68d8-7b00-000000001e00}",
        "ProcessId":  "4360",
        "ParentProcessGuid":  null,
        "Image":  "C:\\Windows\\Microsoft.NET\\Framework\\v4.0.30319\\InstallUtil.exe",
        "CommandLine":  null,
        "User":  "DESKTOP-KVSEOF0\\Stage.Ali",
        "TargetFilename":  null,
        "DestinationIp":  null,
        "DestinationPort":  null,
        "SourceIp":  null,
        "SourcePort":  null,
        "Protocol":  null,
        "QueryName":  null,
        "Details":  {
                        "Description":  "Advanced Windows 32 Base API",
                        "SignatureStatus":  "Valid",
                        "Signature":  "Microsoft Windows",
                        "Hashes":  "MD5=DDE0A7C9AC38A37EB4E50E0EE631007B,SHA256=32356584FF057C325D6CDDF04870476A6D850B7AE811A84A964F6023522BB383",
                        "Image":  "C:\\Windows\\Microsoft.NET\\Framework\\v4.0.30319\\InstallUtil.exe",
                        "UtcTime":  "2025-09-27 16:45:36.792",
                        "ProcessGuid":  "{f1988ae2-14b0-68d8-7b00-000000001e00}",
                        "Company":  "Microsoft Corporation",
                        "ImageLoaded":  "C:\\Windows\\SysWOW64\\advapi32.dll",
                        "FileVersion":  "10.0.19041.1682 (WinBuild.160101.0800)",
                        "User":  "DESKTOP-KVSEOF0\\Stage.Ali",
                        "RuleName":  "-",
                        "Product":  "Microsoft® Windows® Operating System",
                        "ProcessId":  "4360",
                        "OriginalFileName":  "advapi32.dll",
                        "Signed":  "true"
                    }
    },
    {
        "EventId":  7,
        "TimeCreated":  "\/Date(1758991536826)\/",
        "ProcessGuid":  "{f1988ae2-14b0-68d8-7b00-000000001e00}",
        "ProcessId":  "4360",
        "ParentProcessGuid":  null,
        "Image":  "C:\\Windows\\Microsoft.NET\\Framework\\v4.0.30319\\InstallUtil.exe",
        "CommandLine":  null,
        "User":  "DESKTOP-KVSEOF0\\Stage.Ali",
        "TargetFilename":  null,
        "DestinationIp":  null,
        "DestinationPort":  null,
        "SourceIp":  null,
        "SourcePort":  null,
        "Protocol":  null,
        "QueryName":  null,
        "Details":  {
                        "Description":  "Windows NT BASE API Client DLL",
                        "SignatureStatus":  "Valid",
                        "Signature":  "Microsoft Windows",
                        "Hashes":  "MD5=29280E079C66BB6F9A157D55AF6EBA80,SHA256=233C329FFBD3EA703A394008AAA04C54B8AB4139AA6C00F657EBEA8906417C37",
                        "Image":  "C:\\Windows\\Microsoft.NET\\Framework\\v4.0.30319\\InstallUtil.exe",
                        "UtcTime":  "2025-09-27 16:45:36.792",
                        "ProcessGuid":  "{f1988ae2-14b0-68d8-7b00-000000001e00}",
                        "Company":  "Microsoft Corporation",
                        "ImageLoaded":  "C:\\Windows\\SysWOW64\\KernelBase.dll",
                        "FileVersion":  "10.0.19041.2006 (WinBuild.160101.0800)",
                        "User":  "DESKTOP-KVSEOF0\\Stage.Ali",
                        "RuleName":  "-",
                        "Product":  "Microsoft® Windows® Operating System",
                        "ProcessId":  "4360",
                        "OriginalFileName":  "Kernelbase.dll",
                        "Signed":  "true"
                    }
    },
    {
        "EventId":  7,
        "TimeCreated":  "\/Date(1758991536826)\/",
        "ProcessGuid":  "{f1988ae2-14b0-68d8-7b00-000000001e00}",
        "ProcessId":  "4360",
        "ParentProcessGuid":  null,
        "Image":  "C:\\Windows\\Microsoft.NET\\Framework\\v4.0.30319\\InstallUtil.exe",
        "CommandLine":  null,
        "User":  "DESKTOP-KVSEOF0\\Stage.Ali",
        "TargetFilename":  null,
        "DestinationIp":  null,
        "DestinationPort":  null,
        "SourceIp":  null,
        "SourcePort":  null,
        "Protocol":  null,
        "QueryName":  null,
        "Details":  {
                        "Description":  "Windows NT BASE API Client DLL",
                        "SignatureStatus":  "Valid",
                        "Signature":  "Microsoft Windows",
                        "Hashes":  "MD5=C9FDF863B56CCA2A80726CEEC54F7D7F,SHA256=49B8BCEBBF2CE150D050BC8403F10C3A64730F0A6EB4FA1843717CEB8A0C5D86",
                        "Image":  "C:\\Windows\\Microsoft.NET\\Framework\\v4.0.30319\\InstallUtil.exe",
                        "UtcTime":  "2025-09-27 16:45:36.792",
                        "ProcessGuid":  "{f1988ae2-14b0-68d8-7b00-000000001e00}",
                        "Company":  "Microsoft Corporation",
                        "ImageLoaded":  "C:\\Windows\\SysWOW64\\kernel32.dll",
                        "FileVersion":  "10.0.19041.1889 (WinBuild.160101.0800)",
                        "User":  "DESKTOP-KVSEOF0\\Stage.Ali",
                        "RuleName":  "-",
                        "Product":  "Microsoft® Windows® Operating System",
                        "ProcessId":  "4360",
                        "OriginalFileName":  "kernel32",
                        "Signed":  "true"
                    }
    },
    {
        "EventId":  7,
        "TimeCreated":  "\/Date(1758991536825)\/",
        "ProcessGuid":  "{f1988ae2-14b0-68d8-7b00-000000001e00}",
        "ProcessId":  "4360",
        "ParentProcessGuid":  null,
        "Image":  "C:\\Windows\\Microsoft.NET\\Framework\\v4.0.30319\\InstallUtil.exe",
        "CommandLine":  null,
        "User":  "DESKTOP-KVSEOF0\\Stage.Ali",
        "TargetFilename":  null,
        "DestinationIp":  null,
        "DestinationPort":  null,
        "SourceIp":  null,
        "SourcePort":  null,
        "Protocol":  null,
        "QueryName":  null,
        "Details":  {
                        "Description":  "Microsoft .NET Runtime Execution Engine",
                        "SignatureStatus":  "Valid",
                        "Signature":  "Microsoft Windows",
                        "Hashes":  "MD5=3398E4051E8F4E2FF3CF0F365FA9238D,SHA256=57EFA31B9F0116E46AB5E46C2E1764A79C507F751995DB2E1C8727BDCEB0C576",
                        "Image":  "C:\\Windows\\Microsoft.NET\\Framework\\v4.0.30319\\InstallUtil.exe",
                        "UtcTime":  "2025-09-27 16:45:36.792",
                        "ProcessGuid":  "{f1988ae2-14b0-68d8-7b00-000000001e00}",
                        "Company":  "Microsoft Corporation",
                        "ImageLoaded":  "C:\\Windows\\SysWOW64\\mscoree.dll",
                        "FileVersion":  "10.0.19041.1 (WinBuild.160101.0800)",
                        "User":  "DESKTOP-KVSEOF0\\Stage.Ali",
                        "RuleName":  "-",
                        "Product":  "Microsoft® Windows® Operating System",
                        "ProcessId":  "4360",
                        "OriginalFileName":  "mscoree.dll",
                        "Signed":  "true"
                    }
    },
    {
        "EventId":  7,
        "TimeCreated":  "\/Date(1758991536821)\/",
        "ProcessGuid":  "{f1988ae2-14b0-68d8-7b00-000000001e00}",
        "ProcessId":  "4360",
        "ParentProcessGuid":  null,
        "Image":  "C:\\Windows\\Microsoft.NET\\Framework\\v4.0.30319\\InstallUtil.exe",
        "CommandLine":  null,
        "User":  "DESKTOP-KVSEOF0\\Stage.Ali",
        "TargetFilename":  null,
        "DestinationIp":  null,
        "DestinationPort":  null,
        "SourceIp":  null,
        "SourcePort":  null,
        "Protocol":  null,
        "QueryName":  null,
        "Details":  {
                        "Description":  "AMD64 Wow64 CPU ",
                        "SignatureStatus":  "Valid",
                        "Signature":  "Microsoft Windows",
                        "Hashes":  "MD5=5184B7FD218777571ABCB3E0319F48C6,SHA256=730AC79CC90B35EA9153EAE399313F10FC55B6DEBED7E93D429FBC9D7DE5EF19",
                        "Image":  "C:\\Windows\\Microsoft.NET\\Framework\\v4.0.30319\\InstallUtil.exe",
                        "UtcTime":  "2025-09-27 16:45:36.792",
                        "ProcessGuid":  "{f1988ae2-14b0-68d8-7b00-000000001e00}",
                        "Company":  "Microsoft Corporation",
                        "ImageLoaded":  "C:\\Windows\\System32\\wow64cpu.dll",
                        "FileVersion":  "10.0.19041.662 (WinBuild.160101.0800)",
                        "User":  "DESKTOP-KVSEOF0\\Stage.Ali",
                        "RuleName":  "-",
                        "Product":  "Microsoft® Windows® Operating System",
                        "ProcessId":  "4360",
                        "OriginalFileName":  "wow64cpu.dll",
                        "Signed":  "true"
                    }
    },
    {
        "EventId":  7,
        "TimeCreated":  "\/Date(1758991536820)\/",
        "ProcessGuid":  "{f1988ae2-14b0-68d8-7b00-000000001e00}",
        "ProcessId":  "4360",
        "ParentProcessGuid":  null,
        "Image":  "C:\\Windows\\Microsoft.NET\\Framework\\v4.0.30319\\InstallUtil.exe",
        "CommandLine":  null,
        "User":  "DESKTOP-KVSEOF0\\Stage.Ali",
        "TargetFilename":  null,
        "DestinationIp":  null,
        "DestinationPort":  null,
        "SourceIp":  null,
        "SourcePort":  null,
        "Protocol":  null,
        "QueryName":  null,
        "Details":  {
                        "Description":  "Wow64 Console and Win32 API Logging",
                        "SignatureStatus":  "Valid",
                        "Signature":  "Microsoft Windows",
                        "Hashes":  "MD5=76484565D718864AD45D07B02DD2C880,SHA256=7D4A077775AADDC597159E5D727BFDD0B65CE880716B3E0029CAAC7A8C9E4154",
                        "Image":  "C:\\Windows\\Microsoft.NET\\Framework\\v4.0.30319\\InstallUtil.exe",
                        "UtcTime":  "2025-09-27 16:45:36.792",
                        "ProcessGuid":  "{f1988ae2-14b0-68d8-7b00-000000001e00}",
                        "Company":  "Microsoft Corporation",
                        "ImageLoaded":  "C:\\Windows\\System32\\wow64win.dll",
                        "FileVersion":  "10.0.19041.844 (WinBuild.160101.0800)",
                        "User":  "DESKTOP-KVSEOF0\\Stage.Ali",
                        "RuleName":  "-",
                        "Product":  "Microsoft® Windows® Operating System",
                        "ProcessId":  "4360",
                        "OriginalFileName":  "wow64lg2.dll",
                        "Signed":  "true"
                    }
    },
    {
        "EventId":  7,
        "TimeCreated":  "\/Date(1758991536819)\/",
        "ProcessGuid":  "{f1988ae2-14b0-68d8-7b00-000000001e00}",
        "ProcessId":  "4360",
        "ParentProcessGuid":  null,
        "Image":  "C:\\Windows\\Microsoft.NET\\Framework\\v4.0.30319\\InstallUtil.exe",
        "CommandLine":  null,
        "User":  "DESKTOP-KVSEOF0\\Stage.Ali",
        "TargetFilename":  null,
        "DestinationIp":  null,
        "DestinationPort":  null,
        "SourceIp":  null,
        "SourcePort":  null,
        "Protocol":  null,
        "QueryName":  null,
        "Details":  {
                        "Description":  "Win32 Emulation on NT64",
                        "SignatureStatus":  "Valid",
                        "Signature":  "Microsoft Windows",
                        "Hashes":  "MD5=C20A26CB64B2CCC677E738893A0F1F64,SHA256=C7D6BF0F1AA458AFA7A88BCA003170821832DEECFF729AAD5F622BBFABBC1FA9",
                        "Image":  "C:\\Windows\\Microsoft.NET\\Framework\\v4.0.30319\\InstallUtil.exe",
                        "UtcTime":  "2025-09-27 16:45:36.792",
                        "ProcessGuid":  "{f1988ae2-14b0-68d8-7b00-000000001e00}",
                        "Company":  "Microsoft Corporation",
                        "ImageLoaded":  "C:\\Windows\\System32\\wow64.dll",
                        "FileVersion":  "10.0.19041.964 (WinBuild.160101.0800)",
                        "User":  "DESKTOP-KVSEOF0\\Stage.Ali",
                        "RuleName":  "-",
                        "Product":  "Microsoft® Windows® Operating System",
                        "ProcessId":  "4360",
                        "OriginalFileName":  "wow64.dll",
                        "Signed":  "true"
                    }
    },
    {
        "EventId":  7,
        "TimeCreated":  "\/Date(1758991536819)\/",
        "ProcessGuid":  "{f1988ae2-14b0-68d8-7b00-000000001e00}",
        "ProcessId":  "4360",
        "ParentProcessGuid":  null,
        "Image":  "C:\\Windows\\Microsoft.NET\\Framework\\v4.0.30319\\InstallUtil.exe",
        "CommandLine":  null,
        "User":  "DESKTOP-KVSEOF0\\Stage.Ali",
        "TargetFilename":  null,
        "DestinationIp":  null,
        "DestinationPort":  null,
        "SourceIp":  null,
        "SourcePort":  null,
        "Protocol":  null,
        "QueryName":  null,
        "Details":  {
                        "Description":  "NT Layer DLL",
                        "SignatureStatus":  "Valid",
                        "Signature":  "Microsoft Windows",
                        "Hashes":  "MD5=5564A98A4692BA8B2D25770FB834D5F6,SHA256=28AB9A0F5F50FD5398324B5EC099F5C53C6FAA701C3F6D8B0B3DA47A76C56230",
                        "Image":  "C:\\Windows\\Microsoft.NET\\Framework\\v4.0.30319\\InstallUtil.exe",
                        "UtcTime":  "2025-09-27 16:45:36.792",
                        "ProcessGuid":  "{f1988ae2-14b0-68d8-7b00-000000001e00}",
                        "Company":  "Microsoft Corporation",
                        "ImageLoaded":  "C:\\Windows\\SysWOW64\\ntdll.dll",
                        "FileVersion":  "10.0.19041.1949 (WinBuild.160101.0800)",
                        "User":  "DESKTOP-KVSEOF0\\Stage.Ali",
                        "RuleName":  "-",
                        "Product":  "Microsoft® Windows® Operating System",
                        "ProcessId":  "4360",
                        "OriginalFileName":  "ntdll.dll",
                        "Signed":  "true"
                    }
    },
    {
        "EventId":  7,
        "TimeCreated":  "\/Date(1758991536818)\/",
        "ProcessGuid":  "{f1988ae2-14b0-68d8-7b00-000000001e00}",
        "ProcessId":  "4360",
        "ParentProcessGuid":  null,
        "Image":  "C:\\Windows\\Microsoft.NET\\Framework\\v4.0.30319\\InstallUtil.exe",
        "CommandLine":  null,
        "User":  "DESKTOP-KVSEOF0\\Stage.Ali",
        "TargetFilename":  null,
        "DestinationIp":  null,
        "DestinationPort":  null,
        "SourceIp":  null,
        "SourcePort":  null,
        "Protocol":  null,
        "QueryName":  null,
        "Details":  {
                        "Description":  "NT Layer DLL",
                        "SignatureStatus":  "Valid",
                        "Signature":  "Microsoft Windows",
                        "Hashes":  "MD5=FFC0099CC499ABF355130F6334313504,SHA256=FBDFC8183DF435C2E981F868CB578CCA3B86A1FA6E76D8F5775E2EF22944A370",
                        "Image":  "C:\\Windows\\Microsoft.NET\\Framework\\v4.0.30319\\InstallUtil.exe",
                        "UtcTime":  "2025-09-27 16:45:36.792",
                        "ProcessGuid":  "{f1988ae2-14b0-68d8-7b00-000000001e00}",
                        "Company":  "Microsoft Corporation",
                        "ImageLoaded":  "C:\\Windows\\System32\\ntdll.dll",
                        "FileVersion":  "10.0.19041.1949 (WinBuild.160101.0800)",
                        "User":  "DESKTOP-KVSEOF0\\Stage.Ali",
                        "RuleName":  "-",
                        "Product":  "Microsoft® Windows® Operating System",
                        "ProcessId":  "4360",
                        "OriginalFileName":  "ntdll.dll",
                        "Signed":  "true"
                    }
    },
    {
        "EventId":  7,
        "TimeCreated":  "\/Date(1758991536680)\/",
        "ProcessGuid":  "{f1988ae2-14ac-68d8-7a00-000000001e00}",
        "ProcessId":  "5096",
        "ParentProcessGuid":  null,
        "Image":  "C:\\Users\\Stage.Ali\\Desktop\\Malware\\901d6191e8bf99cf1a2a6b770519d18b82875294e95a55d1e87e42ef8bad213a.exe",
        "CommandLine":  null,
        "User":  "DESKTOP-KVSEOF0\\Stage.Ali",
        "TargetFilename":  null,
        "DestinationIp":  null,
        "DestinationPort":  null,
        "SourceIp":  null,
        "SourcePort":  null,
        "Protocol":  null,
        "QueryName":  null,
        "Details":  {
                        "Description":  "Windows NT MARTA provider",
                        "SignatureStatus":  "Valid",
                        "Signature":  "Microsoft Windows",
                        "Hashes":  "MD5=561C94B404A32DF9F41B7A9500855BFF,SHA256=9E6B8D53EA68A6199E30F85BE720BAB7C31C9B1DFB451E2D280D8033B50D0085",
                        "Image":  "C:\\Users\\Stage.Ali\\Desktop\\Malware\\901d6191e8bf99cf1a2a6b770519d18b82875294e95a55d1e87e42ef8bad213a.exe",
                        "UtcTime":  "2025-09-27 16:45:36.652",
                        "ProcessGuid":  "{f1988ae2-14ac-68d8-7a00-000000001e00}",
                        "Company":  "Microsoft Corporation",
                        "ImageLoaded":  "C:\\Windows\\SysWOW64\\ntmarta.dll",
                        "FileVersion":  "10.0.19041.546 (WinBuild.160101.0800)",
                        "User":  "DESKTOP-KVSEOF0\\Stage.Ali",
                        "RuleName":  "-",
                        "Product":  "Microsoft® Windows® Operating System",
                        "ProcessId":  "5096",
                        "OriginalFileName":  "ntmarta.dll",
                        "Signed":  "true"
                    }
    },
    {
        "EventId":  7,
        "TimeCreated":  "\/Date(1758991536627)\/",
        "ProcessGuid":  "{f1988ae2-14ac-68d8-7a00-000000001e00}",
        "ProcessId":  "5096",
        "ParentProcessGuid":  null,
        "Image":  "C:\\Users\\Stage.Ali\\Desktop\\Malware\\901d6191e8bf99cf1a2a6b770519d18b82875294e95a55d1e87e42ef8bad213a.exe",
        "CommandLine":  null,
        "User":  "DESKTOP-KVSEOF0\\Stage.Ali",
        "TargetFilename":  null,
        "DestinationIp":  null,
        "DestinationPort":  null,
        "SourceIp":  null,
        "SourcePort":  null,
        "Protocol":  null,
        "QueryName":  null,
        "Details":  {
                        "Description":  ".NET Framework",
                        "SignatureStatus":  "Unavailable",
                        "Signature":  "-",
                        "Hashes":  "MD5=5DE5DDF17AEDC7D4115AAF60D209A8E5,SHA256=399EA7E7D3E5FED0B905F110424EB0BDF030A1139CDDDBA1F32A56F2900AEBD3",
                        "Image":  "C:\\Users\\Stage.Ali\\Desktop\\Malware\\901d6191e8bf99cf1a2a6b770519d18b82875294e95a55d1e87e42ef8bad213a.exe",
                        "UtcTime":  "2025-09-27 16:45:36.605",
                        "ProcessGuid":  "{f1988ae2-14ac-68d8-7a00-000000001e00}",
                        "Company":  "Microsoft Corporation",
                        "ImageLoaded":  "C:\\Windows\\assembly\\NativeImages_v4.0.30319_32\\System.Xml.Linq\\7303aa806c500e4fa37f223dafb1ddcc\\System.Xml.Linq.ni.dll",
                        "FileVersion":  "4.8.4084.0 built by: NET48REL1",
                        "User":  "DESKTOP-KVSEOF0\\Stage.Ali",
                        "RuleName":  "-",
                        "Product":  "Microsoft® .NET Framework",
                        "ProcessId":  "5096",
                        "OriginalFileName":  "System.Xml.Linq.dll",
                        "Signed":  "false"
                    }
    },
    {
        "EventId":  7,
        "TimeCreated":  "\/Date(1758991536542)\/",
        "ProcessGuid":  "{f1988ae2-14ac-68d8-7a00-000000001e00}",
        "ProcessId":  "5096",
        "ParentProcessGuid":  null,
        "Image":  "C:\\Users\\Stage.Ali\\Desktop\\Malware\\901d6191e8bf99cf1a2a6b770519d18b82875294e95a55d1e87e42ef8bad213a.exe",
        "CommandLine":  null,
        "User":  "DESKTOP-KVSEOF0\\Stage.Ali",
        "TargetFilename":  null,
        "DestinationIp":  null,
        "DestinationPort":  null,
        "SourceIp":  null,
        "SourcePort":  null,
        "Protocol":  null,
        "QueryName":  null,
        "Details":  {
                        "Description":  "NT Layer DLL",
                        "SignatureStatus":  "Valid",
                        "Signature":  "Microsoft Windows",
                        "Hashes":  "MD5=5564A98A4692BA8B2D25770FB834D5F6,SHA256=28AB9A0F5F50FD5398324B5EC099F5C53C6FAA701C3F6D8B0B3DA47A76C56230",
                        "Image":  "C:\\Users\\Stage.Ali\\Desktop\\Malware\\901d6191e8bf99cf1a2a6b770519d18b82875294e95a55d1e87e42ef8bad213a.exe",
                        "UtcTime":  "2025-09-27 16:45:36.513",
                        "ProcessGuid":  "{f1988ae2-14ac-68d8-7a00-000000001e00}",
                        "Company":  "Microsoft Corporation",
                        "ImageLoaded":  "C:\\Windows\\SysWOW64\\ntdll.dll",
                        "FileVersion":  "10.0.19041.1949 (WinBuild.160101.0800)",
                        "User":  "DESKTOP-KVSEOF0\\Stage.Ali",
                        "RuleName":  "-",
                        "Product":  "Microsoft® Windows® Operating System",
                        "ProcessId":  "5096",
                        "OriginalFileName":  "ntdll.dll",
                        "Signed":  "true"
                    }
    },
    {
        "EventId":  7,
        "TimeCreated":  "\/Date(1758991536367)\/",
        "ProcessGuid":  "{f1988ae2-14ac-68d8-7a00-000000001e00}",
        "ProcessId":  "5096",
        "ParentProcessGuid":  null,
        "Image":  "C:\\Users\\Stage.Ali\\Desktop\\Malware\\901d6191e8bf99cf1a2a6b770519d18b82875294e95a55d1e87e42ef8bad213a.exe",
        "CommandLine":  null,
        "User":  "DESKTOP-KVSEOF0\\Stage.Ali",
        "TargetFilename":  null,
        "DestinationIp":  null,
        "DestinationPort":  null,
        "SourceIp":  null,
        "SourcePort":  null,
        "Protocol":  null,
        "QueryName":  null,
        "Details":  {
                        "Description":  ".NET Framework",
                        "SignatureStatus":  "Unavailable",
                        "Signature":  "-",
                        "Hashes":  "MD5=EAD18F1E47BF9DD5F44FB332BA8C7D3D,SHA256=88F3581FEA711ADB90F64D7822A6043253CDC661DBE426D738588985A63268BE",
                        "Image":  "C:\\Users\\Stage.Ali\\Desktop\\Malware\\901d6191e8bf99cf1a2a6b770519d18b82875294e95a55d1e87e42ef8bad213a.exe",
                        "UtcTime":  "2025-09-27 16:45:36.262",
                        "ProcessGuid":  "{f1988ae2-14ac-68d8-7a00-000000001e00}",
                        "Company":  "Microsoft Corporation",
                        "ImageLoaded":  "C:\\Windows\\assembly\\NativeImages_v4.0.30319_32\\System.Xml\\2062ed810929ec0e33254c02b0c61bb4\\System.Xml.ni.dll",
                        "FileVersion":  "4.8.4084.0 built by: NET48REL1",
                        "User":  "DESKTOP-KVSEOF0\\Stage.Ali",
                        "RuleName":  "-",
                        "Product":  "Microsoft® .NET Framework",
                        "ProcessId":  "5096",
                        "OriginalFileName":  "System.Xml.dll",
                        "Signed":  "false"
                    }
    },
    {
        "EventId":  7,
        "TimeCreated":  "\/Date(1758991535843)\/",
        "ProcessGuid":  "{f1988ae2-14ac-68d8-7a00-000000001e00}",
        "ProcessId":  "5096",
        "ParentProcessGuid":  null,
        "Image":  "C:\\Users\\Stage.Ali\\Desktop\\Malware\\901d6191e8bf99cf1a2a6b770519d18b82875294e95a55d1e87e42ef8bad213a.exe",
        "CommandLine":  null,
        "User":  "DESKTOP-KVSEOF0\\Stage.Ali",
        "TargetFilename":  null,
        "DestinationIp":  null,
        "DestinationPort":  null,
        "SourceIp":  null,
        "SourcePort":  null,
        "Protocol":  null,
        "QueryName":  null,
        "Details":  {
                        "Description":  "Process Status Helper",
                        "SignatureStatus":  "Valid",
                        "Signature":  "Microsoft Windows",
                        "Hashes":  "MD5=568355DCCCCE8141DCAAA5B222FA5ABF,SHA256=927183EE69F11D9B979C1DA51A3A973274EC684BB9361696C7423298A5055869",
                        "Image":  "C:\\Users\\Stage.Ali\\Desktop\\Malware\\901d6191e8bf99cf1a2a6b770519d18b82875294e95a55d1e87e42ef8bad213a.exe",
                        "UtcTime":  "2025-09-27 16:45:35.823",
                        "ProcessGuid":  "{f1988ae2-14ac-68d8-7a00-000000001e00}",
                        "Company":  "Microsoft Corporation",
                        "ImageLoaded":  "C:\\Windows\\SysWOW64\\psapi.dll",
                        "FileVersion":  "10.0.19041.546 (WinBuild.160101.0800)",
                        "User":  "DESKTOP-KVSEOF0\\Stage.Ali",
                        "RuleName":  "-",
                        "Product":  "Microsoft® Windows® Operating System",
                        "ProcessId":  "5096",
                        "OriginalFileName":  "PSAPI",
                        "Signed":  "true"
                    }
    },
    {
        "EventId":  7,
        "TimeCreated":  "\/Date(1758991535786)\/",
        "ProcessGuid":  "{f1988ae2-14ac-68d8-7a00-000000001e00}",
        "ProcessId":  "5096",
        "ParentProcessGuid":  null,
        "Image":  "C:\\Users\\Stage.Ali\\Desktop\\Malware\\901d6191e8bf99cf1a2a6b770519d18b82875294e95a55d1e87e42ef8bad213a.exe",
        "CommandLine":  null,
        "User":  "DESKTOP-KVSEOF0\\Stage.Ali",
        "TargetFilename":  null,
        "DestinationIp":  null,
        "DestinationPort":  null,
        "SourceIp":  null,
        "SourcePort":  null,
        "Protocol":  null,
        "QueryName":  null,
        "Details":  {
                        "Description":  ".NET Framework",
                        "SignatureStatus":  "Valid",
                        "Signature":  "Microsoft Corporation",
                        "Hashes":  "MD5=44EAE46CBCE7D080F7D21CDD27CD3DB0,SHA256=ED92BCEB3EBF90EAE1AF2A84279842562ED589E3616F4D5702361336CDF5ED2E",
                        "Image":  "C:\\Users\\Stage.Ali\\Desktop\\Malware\\901d6191e8bf99cf1a2a6b770519d18b82875294e95a55d1e87e42ef8bad213a.exe",
                        "UtcTime":  "2025-09-27 16:45:35.766",
                        "ProcessGuid":  "{f1988ae2-14ac-68d8-7a00-000000001e00}",
                        "Company":  "Microsoft Corporation",
                        "ImageLoaded":  "C:\\Windows\\Microsoft.NET\\assembly\\GAC_MSIL\\System.Drawing\\v4.0_4.0.0.0__b03f5f7f11d50a3a\\System.Drawing.dll",
                        "FileVersion":  "4.8.4390.0 built by: NET48REL1LAST_C",
                        "User":  "DESKTOP-KVSEOF0\\Stage.Ali",
                        "RuleName":  "-",
                        "Product":  "Microsoft® .NET Framework",
                        "ProcessId":  "5096",
                        "OriginalFileName":  "System.Drawing.dll",
                        "Signed":  "true"
                    }
    },
    {
        "EventId":  7,
        "TimeCreated":  "\/Date(1758991535786)\/",
        "ProcessGuid":  "{f1988ae2-14ac-68d8-7a00-000000001e00}",
        "ProcessId":  "5096",
        "ParentProcessGuid":  null,
        "Image":  "C:\\Users\\Stage.Ali\\Desktop\\Malware\\901d6191e8bf99cf1a2a6b770519d18b82875294e95a55d1e87e42ef8bad213a.exe",
        "CommandLine":  null,
        "User":  "DESKTOP-KVSEOF0\\Stage.Ali",
        "TargetFilename":  null,
        "DestinationIp":  null,
        "DestinationPort":  null,
        "SourceIp":  null,
        "SourcePort":  null,
        "Protocol":  null,
        "QueryName":  null,
        "Details":  {
                        "Description":  ".NET Framework",
                        "SignatureStatus":  "Valid",
                        "Signature":  "Microsoft Corporation",
                        "Hashes":  "MD5=44EAE46CBCE7D080F7D21CDD27CD3DB0,SHA256=ED92BCEB3EBF90EAE1AF2A84279842562ED589E3616F4D5702361336CDF5ED2E",
                        "Image":  "C:\\Users\\Stage.Ali\\Desktop\\Malware\\901d6191e8bf99cf1a2a6b770519d18b82875294e95a55d1e87e42ef8bad213a.exe",
                        "UtcTime":  "2025-09-27 16:45:35.766",
                        "ProcessGuid":  "{f1988ae2-14ac-68d8-7a00-000000001e00}",
                        "Company":  "Microsoft Corporation",
                        "ImageLoaded":  "C:\\Windows\\Microsoft.NET\\assembly\\GAC_MSIL\\System.Drawing\\v4.0_4.0.0.0__b03f5f7f11d50a3a\\System.Drawing.dll",
                        "FileVersion":  "4.8.4390.0 built by: NET48REL1LAST_C",
                        "User":  "DESKTOP-KVSEOF0\\Stage.Ali",
                        "RuleName":  "-",
                        "Product":  "Microsoft® .NET Framework",
                        "ProcessId":  "5096",
                        "OriginalFileName":  "System.Drawing.dll",
                        "Signed":  "true"
                    }
    },
    {
        "EventId":  7,
        "TimeCreated":  "\/Date(1758991535774)\/",
        "ProcessGuid":  "{f1988ae2-14ac-68d8-7a00-000000001e00}",
        "ProcessId":  "5096",
        "ParentProcessGuid":  null,
        "Image":  "C:\\Users\\Stage.Ali\\Desktop\\Malware\\901d6191e8bf99cf1a2a6b770519d18b82875294e95a55d1e87e42ef8bad213a.exe",
        "CommandLine":  null,
        "User":  "DESKTOP-KVSEOF0\\Stage.Ali",
        "TargetFilename":  null,
        "DestinationIp":  null,
        "DestinationPort":  null,
        "SourceIp":  null,
        "SourcePort":  null,
        "Protocol":  null,
        "QueryName":  null,
        "Details":  {
                        "Description":  ".NET Framework",
                        "SignatureStatus":  "Valid",
                        "Signature":  "Microsoft Corporation",
                        "Hashes":  "MD5=549DC4948D587BF43AD9CB395B6B02FB,SHA256=E1454146B355178DDF7CA2288CB348BF96F220829DBA69AAB72ACCA2787975B3",
                        "Image":  "C:\\Users\\Stage.Ali\\Desktop\\Malware\\901d6191e8bf99cf1a2a6b770519d18b82875294e95a55d1e87e42ef8bad213a.exe",
                        "UtcTime":  "2025-09-27 16:45:35.704",
                        "ProcessGuid":  "{f1988ae2-14ac-68d8-7a00-000000001e00}",
                        "Company":  "Microsoft Corporation",
                        "ImageLoaded":  "C:\\Windows\\Microsoft.NET\\assembly\\GAC_MSIL\\System.Windows.Forms\\v4.0_4.0.0.0__b77a5c561934e089\\System.Windows.Forms.dll",
                        "FileVersion":  "4.8.4550.0 built by: NET48REL1LAST_C",
                        "User":  "DESKTOP-KVSEOF0\\Stage.Ali",
                        "RuleName":  "-",
                        "Product":  "Microsoft® .NET Framework",
                        "ProcessId":  "5096",
                        "OriginalFileName":  "System.Windows.Forms.dll",
                        "Signed":  "true"
                    }
    },
    {
        "EventId":  7,
        "TimeCreated":  "\/Date(1758991535774)\/",
        "ProcessGuid":  "{f1988ae2-14ac-68d8-7a00-000000001e00}",
        "ProcessId":  "5096",
        "ParentProcessGuid":  null,
        "Image":  "C:\\Users\\Stage.Ali\\Desktop\\Malware\\901d6191e8bf99cf1a2a6b770519d18b82875294e95a55d1e87e42ef8bad213a.exe",
        "CommandLine":  null,
        "User":  "DESKTOP-KVSEOF0\\Stage.Ali",
        "TargetFilename":  null,
        "DestinationIp":  null,
        "DestinationPort":  null,
        "SourceIp":  null,
        "SourcePort":  null,
        "Protocol":  null,
        "QueryName":  null,
        "Details":  {
                        "Description":  ".NET Framework",
                        "SignatureStatus":  "Valid",
                        "Signature":  "Microsoft Corporation",
                        "Hashes":  "MD5=549DC4948D587BF43AD9CB395B6B02FB,SHA256=E1454146B355178DDF7CA2288CB348BF96F220829DBA69AAB72ACCA2787975B3",
                        "Image":  "C:\\Users\\Stage.Ali\\Desktop\\Malware\\901d6191e8bf99cf1a2a6b770519d18b82875294e95a55d1e87e42ef8bad213a.exe",
                        "UtcTime":  "2025-09-27 16:45:35.704",
                        "ProcessGuid":  "{f1988ae2-14ac-68d8-7a00-000000001e00}",
                        "Company":  "Microsoft Corporation",
                        "ImageLoaded":  "C:\\Windows\\Microsoft.NET\\assembly\\GAC_MSIL\\System.Windows.Forms\\v4.0_4.0.0.0__b77a5c561934e089\\System.Windows.Forms.dll",
                        "FileVersion":  "4.8.4550.0 built by: NET48REL1LAST_C",
                        "User":  "DESKTOP-KVSEOF0\\Stage.Ali",
                        "RuleName":  "-",
                        "Product":  "Microsoft® .NET Framework",
                        "ProcessId":  "5096",
                        "OriginalFileName":  "System.Windows.Forms.dll",
                        "Signed":  "true"
                    }
    },
    {
        "EventId":  7,
        "TimeCreated":  "\/Date(1758991535613)\/",
        "ProcessGuid":  "{f1988ae2-14ac-68d8-7a00-000000001e00}",
        "ProcessId":  "5096",
        "ParentProcessGuid":  null,
        "Image":  "C:\\Users\\Stage.Ali\\Desktop\\Malware\\901d6191e8bf99cf1a2a6b770519d18b82875294e95a55d1e87e42ef8bad213a.exe",
        "CommandLine":  null,
        "User":  "DESKTOP-KVSEOF0\\Stage.Ali",
        "TargetFilename":  null,
        "DestinationIp":  null,
        "DestinationPort":  null,
        "SourceIp":  null,
        "SourcePort":  null,
        "Protocol":  null,
        "QueryName":  null,
        "Details":  {
                        "Description":  "Group Policy Client API",
                        "SignatureStatus":  "Valid",
                        "Signature":  "Microsoft Windows",
                        "Hashes":  "MD5=E01A04096FD81A2A333CAC176C9C99F1,SHA256=7291DE97B9DAFA7D54DE33FA40FB2F2E2C8277847B4BA2B8686519699B3CD9D3",
                        "Image":  "C:\\Users\\Stage.Ali\\Desktop\\Malware\\901d6191e8bf99cf1a2a6b770519d18b82875294e95a55d1e87e42ef8bad213a.exe",
                        "UtcTime":  "2025-09-27 16:45:35.387",
                        "ProcessGuid":  "{f1988ae2-14ac-68d8-7a00-000000001e00}",
                        "Company":  "Microsoft Corporation",
                        "ImageLoaded":  "C:\\Windows\\SysWOW64\\gpapi.dll",
                        "FileVersion":  "10.0.19041.572 (WinBuild.160101.0800)",
                        "User":  "DESKTOP-KVSEOF0\\Stage.Ali",
                        "RuleName":  "-",
                        "Product":  "Microsoft® Windows® Operating System",
                        "ProcessId":  "5096",
                        "OriginalFileName":  "gpapi.dll",
                        "Signed":  "true"
                    }
    },
    {
        "EventId":  7,
        "TimeCreated":  "\/Date(1758991535606)\/",
        "ProcessGuid":  "{f1988ae2-14ac-68d8-7a00-000000001e00}",
        "ProcessId":  "5096",
        "ParentProcessGuid":  null,
        "Image":  "C:\\Users\\Stage.Ali\\Desktop\\Malware\\901d6191e8bf99cf1a2a6b770519d18b82875294e95a55d1e87e42ef8bad213a.exe",
        "CommandLine":  null,
        "User":  "DESKTOP-KVSEOF0\\Stage.Ali",
        "TargetFilename":  null,
        "DestinationIp":  null,
        "DestinationPort":  null,
        "SourceIp":  null,
        "SourcePort":  null,
        "Protocol":  null,
        "QueryName":  null,
        "Details":  {
                        "Description":  "Crypto API32",
                        "SignatureStatus":  "Valid",
                        "Signature":  "Microsoft Windows",
                        "Hashes":  "MD5=04FB2778AF4AEE7C07B22996C6BE650C,SHA256=726D58F705BE8709D93904E0B9CA41DDD4DCB419A6E45386C4F43DE9B4F0108F",
                        "Image":  "C:\\Users\\Stage.Ali\\Desktop\\Malware\\901d6191e8bf99cf1a2a6b770519d18b82875294e95a55d1e87e42ef8bad213a.exe",
                        "UtcTime":  "2025-09-27 16:45:35.364",
                        "ProcessGuid":  "{f1988ae2-14ac-68d8-7a00-000000001e00}",
                        "Company":  "Microsoft Corporation",
                        "ImageLoaded":  "C:\\Windows\\SysWOW64\\crypt32.dll",
                        "FileVersion":  "10.0.19041.1889 (WinBuild.160101.0800)",
                        "User":  "DESKTOP-KVSEOF0\\Stage.Ali",
                        "RuleName":  "-",
                        "Product":  "Microsoft® Windows® Operating System",
                        "ProcessId":  "5096",
                        "OriginalFileName":  "CRYPT32.DLL",
                        "Signed":  "true"
                    }
    },
    {
        "EventId":  7,
        "TimeCreated":  "\/Date(1758991535530)\/",
        "ProcessGuid":  "{f1988ae2-14ac-68d8-7a00-000000001e00}",
        "ProcessId":  "5096",
        "ParentProcessGuid":  null,
        "Image":  "C:\\Users\\Stage.Ali\\Desktop\\Malware\\901d6191e8bf99cf1a2a6b770519d18b82875294e95a55d1e87e42ef8bad213a.exe",
        "CommandLine":  null,
        "User":  "DESKTOP-KVSEOF0\\Stage.Ali",
        "TargetFilename":  null,
        "DestinationIp":  null,
        "DestinationPort":  null,
        "SourceIp":  null,
        "SourcePort":  null,
        "Protocol":  null,
        "QueryName":  null,
        "Details":  {
                        "Description":  "Client Interface",
                        "SignatureStatus":  "Valid",
                        "Signature":  "Microsoft Windows",
                        "Hashes":  "MD5=DA39834E043BD8371F4719978D6BA26E,SHA256=AC1A2FC2506F04F4D67A55ADF6BD9B41E423F233972E0D82BD220468072D153D",
                        "Image":  "C:\\Users\\Stage.Ali\\Desktop\\Malware\\901d6191e8bf99cf1a2a6b770519d18b82875294e95a55d1e87e42ef8bad213a.exe",
                        "UtcTime":  "2025-09-27 16:45:35.341",
                        "ProcessGuid":  "{f1988ae2-14ac-68d8-7a00-000000001e00}",
                        "Company":  "Microsoft Corporation",
                        "ImageLoaded":  "C:\\Program Files (x86)\\Windows Defender\\MpClient.dll",
                        "FileVersion":  "4.18.1909.6 (WinBuild.160101.0800)",
                        "User":  "DESKTOP-KVSEOF0\\Stage.Ali",
                        "RuleName":  "-",
                        "Product":  "Microsoft® Windows® Operating System",
                        "ProcessId":  "5096",
                        "OriginalFileName":  "mpclient.dll",
                        "Signed":  "true"
                    }
    },
    {
        "EventId":  7,
        "TimeCreated":  "\/Date(1758991535520)\/",
        "ProcessGuid":  "{f1988ae2-14ac-68d8-7a00-000000001e00}",
        "ProcessId":  "5096",
        "ParentProcessGuid":  null,
        "Image":  "C:\\Users\\Stage.Ali\\Desktop\\Malware\\901d6191e8bf99cf1a2a6b770519d18b82875294e95a55d1e87e42ef8bad213a.exe",
        "CommandLine":  null,
        "User":  "DESKTOP-KVSEOF0\\Stage.Ali",
        "TargetFilename":  null,
        "DestinationIp":  null,
        "DestinationPort":  null,
        "SourceIp":  null,
        "SourcePort":  null,
        "Protocol":  null,
        "QueryName":  null,
        "Details":  {
                        "Description":  "IOfficeAntiVirus Module",
                        "SignatureStatus":  "Valid",
                        "Signature":  "Microsoft Windows",
                        "Hashes":  "MD5=F15594CFDF962582D6265CAA8C7FB73D,SHA256=98DE88CF9688BE36BAC221B8BDEA6E974C2CABBC3112E171FEF5B2F0989E54FC",
                        "Image":  "C:\\Users\\Stage.Ali\\Desktop\\Malware\\901d6191e8bf99cf1a2a6b770519d18b82875294e95a55d1e87e42ef8bad213a.exe",
                        "UtcTime":  "2025-09-27 16:45:35.326",
                        "ProcessGuid":  "{f1988ae2-14ac-68d8-7a00-000000001e00}",
                        "Company":  "Microsoft Corporation",
                        "ImageLoaded":  "C:\\Program Files (x86)\\Windows Defender\\MpOAV.dll",
                        "FileVersion":  "4.18.1909.6 (WinBuild.160101.0800)",
                        "User":  "DESKTOP-KVSEOF0\\Stage.Ali",
                        "RuleName":  "-",
                        "Product":  "Microsoft® Windows® Operating System",
                        "ProcessId":  "5096",
                        "OriginalFileName":  "MpOAV.dll",
                        "Signed":  "true"
                    }
    },
