    {
        "EventId":  7,
        "TimeCreated":  "\/Date(1758991536969)\/",
        "ProcessGuid":  "{f1988ae2-14b0-68d8-7b00-000000001e00}",
        "ProcessId":  "4360",
        "ParentProcessGuid":  null,
        "Image":  "C:\\Windows\\Microsoft.NET\\Framework\\v4.0.30319\\InstallUtil.exe",
        "CommandLine":  null,
        "User":  "DESKTOP-KVSEOF0\\Stage.Ali",
        "TargetFilename":  null,
        "DestinationIp":  null,
        "DestinationPort":  null,
        "SourceIp":  null,
        "SourcePort":  null,
        "Protocol":  null,
        "QueryName":  null,
        "Details":  {
                        "Description":  "Group Policy Client API",
                        "SignatureStatus":  "Valid",
                        "Signature":  "Microsoft Windows",
                        "Hashes":  "MD5=E01A04096FD81A2A333CAC176C9C99F1,SHA256=7291DE97B9DAFA7D54DE33FA40FB2F2E2C8277847B4BA2B8686519699B3CD9D3",
                        "Image":  "C:\\Windows\\Microsoft.NET\\Framework\\v4.0.30319\\InstallUtil.exe",
                        "UtcTime":  "2025-09-27 16:45:36.907",
                        "ProcessGuid":  "{f1988ae2-14b0-68d8-7b00-000000001e00}",
                        "Company":  "Microsoft Corporation",
                        "ImageLoaded":  "C:\\Windows\\SysWOW64\\gpapi.dll",
                        "FileVersion":  "10.0.19041.572 (WinBuild.160101.0800)",
                        "User":  "DESKTOP-KVSEOF0\\Stage.Ali",
                        "RuleName":  "-",
                        "Product":  "Microsoft® Windows® Operating System",
                        "ProcessId":  "4360",
                        "OriginalFileName":  "gpapi.dll",
                        "Signed":  "true"
                    }
    },
    {
        "EventId":  7,
        "TimeCreated":  "\/Date(1758991536969)\/",
        "ProcessGuid":  "{f1988ae2-14b0-68d8-7b00-000000001e00}",
        "ProcessId":  "4360",
        "ParentProcessGuid":  null,
        "Image":  "C:\\Windows\\Microsoft.NET\\Framework\\v4.0.30319\\InstallUtil.exe",
        "CommandLine":  null,
        "User":  "DESKTOP-KVSEOF0\\Stage.Ali",
        "TargetFilename":  null,
        "DestinationIp":  null,
        "DestinationPort":  null,
        "SourceIp":  null,
        "SourcePort":  null,
        "Protocol":  null,
        "QueryName":  null,
        "Details":  {
                        "Description":  "Crypto API32",
                        "SignatureStatus":  "Valid",
                        "Signature":  "Microsoft Windows",
                        "Hashes":  "MD5=04FB2778AF4AEE7C07B22996C6BE650C,SHA256=726D58F705BE8709D93904E0B9CA41DDD4DCB419A6E45386C4F43DE9B4F0108F",
                        "Image":  "C:\\Windows\\Microsoft.NET\\Framework\\v4.0.30319\\InstallUtil.exe",
                        "UtcTime":  "2025-09-27 16:45:36.907",
                        "ProcessGuid":  "{f1988ae2-14b0-68d8-7b00-000000001e00}",
                        "Company":  "Microsoft Corporation",
                        "ImageLoaded":  "C:\\Windows\\SysWOW64\\crypt32.dll",
                        "FileVersion":  "10.0.19041.1889 (WinBuild.160101.0800)",
                        "User":  "DESKTOP-KVSEOF0\\Stage.Ali",
                        "RuleName":  "-",
                        "Product":  "Microsoft® Windows® Operating System",
                        "ProcessId":  "4360",
                        "OriginalFileName":  "CRYPT32.DLL",
                        "Signed":  "true"
                    }
    },
    {
        "EventId":  7,
        "TimeCreated":  "\/Date(1758991536969)\/",
        "ProcessGuid":  "{f1988ae2-14b0-68d8-7b00-000000001e00}",
        "ProcessId":  "4360",
        "ParentProcessGuid":  null,
        "Image":  "C:\\Windows\\Microsoft.NET\\Framework\\v4.0.30319\\InstallUtil.exe",
        "CommandLine":  null,
        "User":  "DESKTOP-KVSEOF0\\Stage.Ali",
        "TargetFilename":  null,
        "DestinationIp":  null,
        "DestinationPort":  null,
        "SourceIp":  null,
        "SourcePort":  null,
        "Protocol":  null,
        "QueryName":  null,
        "Details":  {
                        "Description":  "Client Interface",
                        "SignatureStatus":  "Valid",
                        "Signature":  "Microsoft Windows",
                        "Hashes":  "MD5=DA39834E043BD8371F4719978D6BA26E,SHA256=AC1A2FC2506F04F4D67A55ADF6BD9B41E423F233972E0D82BD220468072D153D",
                        "Image":  "C:\\Windows\\Microsoft.NET\\Framework\\v4.0.30319\\InstallUtil.exe",
                        "UtcTime":  "2025-09-27 16:45:36.907",
                        "ProcessGuid":  "{f1988ae2-14b0-68d8-7b00-000000001e00}",
                        "Company":  "Microsoft Corporation",
                        "ImageLoaded":  "C:\\Program Files (x86)\\Windows Defender\\MpClient.dll",
                        "FileVersion":  "4.18.1909.6 (WinBuild.160101.0800)",
                        "User":  "DESKTOP-KVSEOF0\\Stage.Ali",
                        "RuleName":  "-",
                        "Product":  "Microsoft® Windows® Operating System",
                        "ProcessId":  "4360",
                        "OriginalFileName":  "mpclient.dll",
                        "Signed":  "true"
                    }
    },
    {
        "EventId":  7,
        "TimeCreated":  "\/Date(1758991536969)\/",
        "ProcessGuid":  "{f1988ae2-14b0-68d8-7b00-000000001e00}",
        "ProcessId":  "4360",
        "ParentProcessGuid":  null,
        "Image":  "C:\\Windows\\Microsoft.NET\\Framework\\v4.0.30319\\InstallUtil.exe",
        "CommandLine":  null,
        "User":  "DESKTOP-KVSEOF0\\Stage.Ali",
        "TargetFilename":  null,
        "DestinationIp":  null,
        "DestinationPort":  null,
        "SourceIp":  null,
        "SourcePort":  null,
        "Protocol":  null,
        "QueryName":  null,
        "Details":  {
                        "Description":  "IOfficeAntiVirus Module",
                        "SignatureStatus":  "Valid",
                        "Signature":  "Microsoft Windows",
                        "Hashes":  "MD5=F15594CFDF962582D6265CAA8C7FB73D,SHA256=98DE88CF9688BE36BAC221B8BDEA6E974C2CABBC3112E171FEF5B2F0989E54FC",
                        "Image":  "C:\\Windows\\Microsoft.NET\\Framework\\v4.0.30319\\InstallUtil.exe",
                        "UtcTime":  "2025-09-27 16:45:36.907",
                        "ProcessGuid":  "{f1988ae2-14b0-68d8-7b00-000000001e00}",
                        "Company":  "Microsoft Corporation",
                        "ImageLoaded":  "C:\\Program Files (x86)\\Windows Defender\\MpOAV.dll",
                        "FileVersion":  "4.18.1909.6 (WinBuild.160101.0800)",
                        "User":  "DESKTOP-KVSEOF0\\Stage.Ali",
                        "RuleName":  "-",
                        "Product":  "Microsoft® Windows® Operating System",
                        "ProcessId":  "4360",
                        "OriginalFileName":  "MpOAV.dll",
                        "Signed":  "true"
                    }
    },
    {
        "EventId":  7,
        "TimeCreated":  "\/Date(1758991536968)\/",
        "ProcessGuid":  "{f1988ae2-14b0-68d8-7b00-000000001e00}",
        "ProcessId":  "4360",
        "ParentProcessGuid":  null,
        "Image":  "C:\\Windows\\Microsoft.NET\\Framework\\v4.0.30319\\InstallUtil.exe",
        "CommandLine":  null,
        "User":  "DESKTOP-KVSEOF0\\Stage.Ali",
        "TargetFilename":  null,
        "DestinationIp":  null,
        "DestinationPort":  null,
        "SourceIp":  null,
        "SourcePort":  null,
        "Protocol":  null,
        "QueryName":  null,
        "Details":  {
                        "Description":  "User Profile Basic API",
                        "SignatureStatus":  "Valid",
                        "Signature":  "Microsoft Windows",
                        "Hashes":  "MD5=2952019A3E3739F1D17F59128F489B63,SHA256=7B86FA00478776A4FADCAD44592AF88BD7F0B63E0B39C76FD3E6D8DDCC32C76D",
                        "Image":  "C:\\Windows\\Microsoft.NET\\Framework\\v4.0.30319\\InstallUtil.exe",
                        "UtcTime":  "2025-09-27 16:45:36.907",
                        "ProcessGuid":  "{f1988ae2-14b0-68d8-7b00-000000001e00}",
                        "Company":  "Microsoft Corporation",
                        "ImageLoaded":  "C:\\Windows\\SysWOW64\\profapi.dll",
                        "FileVersion":  "10.0.19041.844 (WinBuild.160101.0800)",
                        "User":  "DESKTOP-KVSEOF0\\Stage.Ali",
                        "RuleName":  "-",
                        "Product":  "Microsoft® Windows® Operating System",
                        "ProcessId":  "4360",
                        "OriginalFileName":  "PROFAPI.DLL",
                        "Signed":  "true"
                    }
    },
    {
        "EventId":  7,
        "TimeCreated":  "\/Date(1758991536968)\/",
        "ProcessGuid":  "{f1988ae2-14b0-68d8-7b00-000000001e00}",
        "ProcessId":  "4360",
        "ParentProcessGuid":  null,
        "Image":  "C:\\Windows\\Microsoft.NET\\Framework\\v4.0.30319\\InstallUtil.exe",
        "CommandLine":  null,
        "User":  "DESKTOP-KVSEOF0\\Stage.Ali",
        "TargetFilename":  null,
        "DestinationIp":  null,
        "DestinationPort":  null,
        "SourceIp":  null,
        "SourcePort":  null,
        "Protocol":  null,
        "QueryName":  null,
        "Details":  {
                        "Description":  "Userenv",
                        "SignatureStatus":  "Valid",
                        "Signature":  "Microsoft Windows",
                        "Hashes":  "MD5=42B03D8E041CD983A8D8FEFFBADBDEA2,SHA256=E1D79C98FE3EDADA322398F3AFB9BE7D06AD51412E741781C6B0B17E15378A8F",
                        "Image":  "C:\\Windows\\Microsoft.NET\\Framework\\v4.0.30319\\InstallUtil.exe",
                        "UtcTime":  "2025-09-27 16:45:36.907",
                        "ProcessGuid":  "{f1988ae2-14b0-68d8-7b00-000000001e00}",
                        "Company":  "Microsoft Corporation",
                        "ImageLoaded":  "C:\\Windows\\SysWOW64\\userenv.dll",
                        "FileVersion":  "10.0.19041.572 (WinBuild.160101.0800)",
                        "User":  "DESKTOP-KVSEOF0\\Stage.Ali",
                        "RuleName":  "-",
                        "Product":  "Microsoft® Windows® Operating System",
                        "ProcessId":  "4360",
                        "OriginalFileName":  "userenv.dll",
                        "Signed":  "true"
                    }
    },
    {
        "EventId":  7,
        "TimeCreated":  "\/Date(1758991536967)\/",
        "ProcessGuid":  "{f1988ae2-14b0-68d8-7b00-000000001e00}",
        "ProcessId":  "4360",
        "ParentProcessGuid":  null,
        "Image":  "C:\\Windows\\Microsoft.NET\\Framework\\v4.0.30319\\InstallUtil.exe",
        "CommandLine":  null,
        "User":  "DESKTOP-KVSEOF0\\Stage.Ali",
        "TargetFilename":  null,
        "DestinationIp":  null,
        "DestinationPort":  null,
        "SourceIp":  null,
        "SourcePort":  null,
        "Protocol":  null,
        "QueryName":  null,
        "Details":  {
                        "Description":  "Anti-Malware Scan Interface",
                        "SignatureStatus":  "Valid",
                        "Signature":  "Microsoft Windows",
                        "Hashes":  "MD5=3F5A9AB40BCB48FE75AD52BDF8D4A49F,SHA256=73618405E088D714258AEAEE5A41DEE8269D465BBD30C5ACF8E7A94C133CC1B4",
                        "Image":  "C:\\Windows\\Microsoft.NET\\Framework\\v4.0.30319\\InstallUtil.exe",
                        "UtcTime":  "2025-09-27 16:45:36.907",
                        "ProcessGuid":  "{f1988ae2-14b0-68d8-7b00-000000001e00}",
                        "Company":  "Microsoft Corporation",
                        "ImageLoaded":  "C:\\Windows\\SysWOW64\\amsi.dll",
                        "FileVersion":  "10.0.19041.1620 (WinBuild.160101.0800)",
                        "User":  "DESKTOP-KVSEOF0\\Stage.Ali",
                        "RuleName":  "-",
                        "Product":  "Microsoft® Windows® Operating System",
                        "ProcessId":  "4360",
                        "OriginalFileName":  "amsi.dll",
                        "Signed":  "true"
                    }
    },
    {
        "EventId":  7,
        "TimeCreated":  "\/Date(1758991536954)\/",
        "ProcessGuid":  "{f1988ae2-14b0-68d8-7b00-000000001e00}",
        "ProcessId":  "4360",
        "ParentProcessGuid":  null,
        "Image":  "C:\\Windows\\Microsoft.NET\\Framework\\v4.0.30319\\InstallUtil.exe",
        "CommandLine":  null,
        "User":  "DESKTOP-KVSEOF0\\Stage.Ali",
        "TargetFilename":  null,
        "DestinationIp":  null,
        "DestinationPort":  null,
        "SourceIp":  null,
        "SourcePort":  null,
        "Protocol":  null,
        "QueryName":  null,
        "Details":  {
                        "Description":  "Windows Lockdown Policy",
                        "SignatureStatus":  "Valid",
                        "Signature":  "Microsoft Windows",
                        "Hashes":  "MD5=4B2A91690065EF49E347387AC94CA461,SHA256=45A62CFA448831E7F0C2F6DCCB710DD96DFA612F5F0B2787C827B689772E9CC1",
                        "Image":  "C:\\Windows\\Microsoft.NET\\Framework\\v4.0.30319\\InstallUtil.exe",
                        "UtcTime":  "2025-09-27 16:45:36.907",
                        "ProcessGuid":  "{f1988ae2-14b0-68d8-7b00-000000001e00}",
                        "Company":  "Microsoft Corporation",
                        "ImageLoaded":  "C:\\Windows\\SysWOW64\\wldp.dll",
                        "FileVersion":  "10.0.19041.1949 (WinBuild.160101.0800)",
                        "User":  "DESKTOP-KVSEOF0\\Stage.Ali",
                        "RuleName":  "-",
                        "Product":  "Microsoft® Windows® Operating System",
                        "ProcessId":  "4360",
                        "OriginalFileName":  "wldp.dll",
                        "Signed":  "true"
                    }
    },
    {
        "EventId":  7,
        "TimeCreated":  "\/Date(1758991536923)\/",
        "ProcessGuid":  "{f1988ae2-14b0-68d8-7b00-000000001e00}",
        "ProcessId":  "4360",
        "ParentProcessGuid":  null,
        "Image":  "C:\\Windows\\Microsoft.NET\\Framework\\v4.0.30319\\InstallUtil.exe",
        "CommandLine":  null,
        "User":  "DESKTOP-KVSEOF0\\Stage.Ali",
        "TargetFilename":  null,
        "DestinationIp":  null,
        "DestinationPort":  null,
        "SourceIp":  null,
        "SourcePort":  null,
        "Protocol":  null,
        "QueryName":  null,
        "Details":  {
                        "Description":  ".NET Framework",
                        "SignatureStatus":  "Unavailable",
                        "Signature":  "-",
                        "Hashes":  "MD5=594BFE4D04BD2B4FDB815748A2B82A68,SHA256=A40BB46D7A8637F63E81F37AE1C4C72209E7E0B1D3248B0E6C72230B36F4795E",
                        "Image":  "C:\\Windows\\Microsoft.NET\\Framework\\v4.0.30319\\InstallUtil.exe",
                        "UtcTime":  "2025-09-27 16:45:36.907",
                        "ProcessGuid":  "{f1988ae2-14b0-68d8-7b00-000000001e00}",
                        "Company":  "Microsoft Corporation",
                        "ImageLoaded":  "C:\\Windows\\assembly\\NativeImages_v4.0.30319_32\\System\\920e3d1d70447c3c10e69e6df0766568\\System.ni.dll",
                        "FileVersion":  "4.8.4536.0 built by: NET48REL1LAST_C",
                        "User":  "DESKTOP-KVSEOF0\\Stage.Ali",
                        "RuleName":  "-",
                        "Product":  "Microsoft® .NET Framework",
                        "ProcessId":  "4360",
                        "OriginalFileName":  "System.dll",
                        "Signed":  "false"
                    }
    },
    {
        "EventId":  7,
        "TimeCreated":  "\/Date(1758991536922)\/",
        "ProcessGuid":  "{f1988ae2-14b0-68d8-7b00-000000001e00}",
        "ProcessId":  "4360",
        "ParentProcessGuid":  null,
        "Image":  "C:\\Windows\\Microsoft.NET\\Framework\\v4.0.30319\\InstallUtil.exe",
        "CommandLine":  null,
        "User":  "DESKTOP-KVSEOF0\\Stage.Ali",
        "TargetFilename":  null,
        "DestinationIp":  null,
        "DestinationPort":  null,
        "SourceIp":  null,
        "SourcePort":  null,
        "Protocol":  null,
        "QueryName":  null,
        "Details":  {
                        "Description":  "OLEAUT32.DLL",
                        "SignatureStatus":  "Valid",
                        "Signature":  "Microsoft Windows",
                        "Hashes":  "MD5=C9BC0A91ED487783B2E0E98599F8FE73,SHA256=955F57E114F0D82CA227554DE2AAFB025A73229DE49C2D74B0688799C3D1C3EF",
                        "Image":  "C:\\Windows\\Microsoft.NET\\Framework\\v4.0.30319\\InstallUtil.exe",
                        "UtcTime":  "2025-09-27 16:45:36.855",
                        "ProcessGuid":  "{f1988ae2-14b0-68d8-7b00-000000001e00}",
                        "Company":  "Microsoft Corporation",
                        "ImageLoaded":  "C:\\Windows\\SysWOW64\\oleaut32.dll",
                        "FileVersion":  "10.0.19041.985 (WinBuild.160101.0800)",
                        "User":  "DESKTOP-KVSEOF0\\Stage.Ali",
                        "RuleName":  "-",
                        "Product":  "Microsoft® Windows® Operating System",
                        "ProcessId":  "4360",
                        "OriginalFileName":  "OLEAUT32.DLL",
                        "Signed":  "true"
                    }
    },
    {
        "EventId":  7,
        "TimeCreated":  "\/Date(1758991536922)\/",
        "ProcessGuid":  "{f1988ae2-14b0-68d8-7b00-000000001e00}",
        "ProcessId":  "4360",
        "ParentProcessGuid":  null,
        "Image":  "C:\\Windows\\Microsoft.NET\\Framework\\v4.0.30319\\InstallUtil.exe",
        "CommandLine":  null,
        "User":  "DESKTOP-KVSEOF0\\Stage.Ali",
        "TargetFilename":  null,
        "DestinationIp":  null,
        "DestinationPort":  null,
        "SourceIp":  null,
        "SourcePort":  null,
        "Protocol":  null,
        "QueryName":  null,
        "Details":  {
                        "Description":  "Microsoft .NET Runtime Just-In-Time Compiler",
                        "SignatureStatus":  "Valid",
                        "Signature":  "Microsoft Corporation",
                        "Hashes":  "MD5=BDB529351EF19A7FC0E57E6BD4B9F916,SHA256=D7A45BE4E90F90DB31F5DC1AA0F658DCE4B2A6D84518A064ABC767756E5B8506",
                        "Image":  "C:\\Windows\\Microsoft.NET\\Framework\\v4.0.30319\\InstallUtil.exe",
                        "UtcTime":  "2025-09-27 16:45:36.855",
                        "ProcessGuid":  "{f1988ae2-14b0-68d8-7b00-000000001e00}",
                        "Company":  "Microsoft Corporation",
                        "ImageLoaded":  "C:\\Windows\\Microsoft.NET\\Framework\\v4.0.30319\\clrjit.dll",
                        "FileVersion":  "4.8.4515.0 built by: NET48REL1LAST_C",
                        "User":  "DESKTOP-KVSEOF0\\Stage.Ali",
                        "RuleName":  "-",
                        "Product":  "Microsoft® .NET Framework",
                        "ProcessId":  "4360",
                        "OriginalFileName":  "clrjit.dll",
                        "Signed":  "true"
                    }
    },
    {
        "EventId":  7,
        "TimeCreated":  "\/Date(1758991536922)\/",
        "ProcessGuid":  "{f1988ae2-14b0-68d8-7b00-000000001e00}",
        "ProcessId":  "4360",
        "ParentProcessGuid":  null,
        "Image":  "C:\\Windows\\Microsoft.NET\\Framework\\v4.0.30319\\InstallUtil.exe",
        "CommandLine":  null,
        "User":  "DESKTOP-KVSEOF0\\Stage.Ali",
        "TargetFilename":  null,
        "DestinationIp":  null,
        "DestinationPort":  null,
        "SourceIp":  null,
        "SourcePort":  null,
        "Protocol":  null,
        "QueryName":  null,
        "Details":  {
                        "Description":  "Windows Cryptographic Primitives Library",
                        "SignatureStatus":  "Valid",
                        "Signature":  "Microsoft Windows",
                        "Hashes":  "MD5=D3836E31C326513F7C034987A5F3854E,SHA256=70862E0761DF117A149D536FB333356902B6DEA0CE68E2E6FC061E22DF748A51",
                        "Image":  "C:\\Windows\\Microsoft.NET\\Framework\\v4.0.30319\\InstallUtil.exe",
                        "UtcTime":  "2025-09-27 16:45:36.855",
                        "ProcessGuid":  "{f1988ae2-14b0-68d8-7b00-000000001e00}",
                        "Company":  "Microsoft Corporation",
                        "ImageLoaded":  "C:\\Windows\\SysWOW64\\bcryptprimitives.dll",
                        "FileVersion":  "10.0.19041.1415 (WinBuild.160101.0800)",
                        "User":  "DESKTOP-KVSEOF0\\Stage.Ali",
                        "RuleName":  "-",
                        "Product":  "Microsoft® Windows® Operating System",
                        "ProcessId":  "4360",
                        "OriginalFileName":  "bcryptprimitives.dll",
                        "Signed":  "true"
                    }
    },
    {
        "EventId":  7,
        "TimeCreated":  "\/Date(1758991536921)\/",
        "ProcessGuid":  "{f1988ae2-14b0-68d8-7b00-000000001e00}",
        "ProcessId":  "4360",
        "ParentProcessGuid":  null,
        "Image":  "C:\\Windows\\Microsoft.NET\\Framework\\v4.0.30319\\InstallUtil.exe",
        "CommandLine":  null,
        "User":  "DESKTOP-KVSEOF0\\Stage.Ali",
        "TargetFilename":  null,
        "DestinationIp":  null,
        "DestinationPort":  null,
        "SourceIp":  null,
        "SourcePort":  null,
        "Protocol":  null,
        "QueryName":  null,
        "Details":  {
                        "Description":  "Microsoft COM for Windows",
                        "SignatureStatus":  "Valid",
                        "Signature":  "Microsoft Windows",
                        "Hashes":  "MD5=03EC170067BB2A92AA1FD4C07D76E01C,SHA256=BEBDA725771D1427749443777879B83AA8043AA4C90AFDA7381C939CC89CC80F",
                        "Image":  "C:\\Windows\\Microsoft.NET\\Framework\\v4.0.30319\\InstallUtil.exe",
                        "UtcTime":  "2025-09-27 16:45:36.855",
                        "ProcessGuid":  "{f1988ae2-14b0-68d8-7b00-000000001e00}",
                        "Company":  "Microsoft Corporation",
                        "ImageLoaded":  "C:\\Windows\\SysWOW64\\combase.dll",
                        "FileVersion":  "10.0.19041.1949 (WinBuild.160101.0800)",
                        "User":  "DESKTOP-KVSEOF0\\Stage.Ali",
                        "RuleName":  "-",
                        "Product":  "Microsoft® Windows® Operating System",
                        "ProcessId":  "4360",
                        "OriginalFileName":  "COMBASE.DLL",
                        "Signed":  "true"
                    }
    },
    {
        "EventId":  7,
        "TimeCreated":  "\/Date(1758991536921)\/",
        "ProcessGuid":  "{f1988ae2-14b0-68d8-7b00-000000001e00}",
        "ProcessId":  "4360",
        "ParentProcessGuid":  null,
        "Image":  "C:\\Windows\\Microsoft.NET\\Framework\\v4.0.30319\\InstallUtil.exe",
        "CommandLine":  null,
        "User":  "DESKTOP-KVSEOF0\\Stage.Ali",
        "TargetFilename":  null,
        "DestinationIp":  null,
        "DestinationPort":  null,
        "SourceIp":  null,
        "SourcePort":  null,
        "Protocol":  null,
        "QueryName":  null,
        "Details":  {
                        "Description":  "Microsoft OLE for Windows",
                        "SignatureStatus":  "Valid",
                        "Signature":  "Microsoft Windows",
                        "Hashes":  "MD5=1A66350961455C2D9A83440D69F8F20A,SHA256=E278DD069155F90724457D9F5A6D2C1870D766310D026B0D18748C7CB879DF54",
                        "Image":  "C:\\Windows\\Microsoft.NET\\Framework\\v4.0.30319\\InstallUtil.exe",
                        "UtcTime":  "2025-09-27 16:45:36.855",
                        "ProcessGuid":  "{f1988ae2-14b0-68d8-7b00-000000001e00}",
                        "Company":  "Microsoft Corporation",
                        "ImageLoaded":  "C:\\Windows\\SysWOW64\\ole32.dll",
                        "FileVersion":  "10.0.19041.1202 (WinBuild.160101.0800)",
                        "User":  "DESKTOP-KVSEOF0\\Stage.Ali",
                        "RuleName":  "-",
                        "Product":  "Microsoft® Windows® Operating System",
                        "ProcessId":  "4360",
                        "OriginalFileName":  "OLE32.DLL",
                        "Signed":  "true"
                    }
    },
    {
        "EventId":  7,
        "TimeCreated":  "\/Date(1758991536920)\/",
        "ProcessGuid":  "{f1988ae2-14b0-68d8-7b00-000000001e00}",
        "ProcessId":  "4360",
        "ParentProcessGuid":  null,
        "Image":  "C:\\Windows\\Microsoft.NET\\Framework\\v4.0.30319\\InstallUtil.exe",
        "CommandLine":  null,
        "User":  "DESKTOP-KVSEOF0\\Stage.Ali",
        "TargetFilename":  null,
        "DestinationIp":  null,
        "DestinationPort":  null,
        "SourceIp":  null,
        "SourcePort":  null,
        "Protocol":  null,
        "QueryName":  null,
        "Details":  {
                        "Description":  "Microsoft Common Language Runtime Class Library",
                        "SignatureStatus":  "Valid",
                        "Signature":  "Microsoft Corporation",
                        "Hashes":  "MD5=6C3C5F2D3E00223FAA75D1DB018EF89A,SHA256=4863E7E44FB672CA38639AB9043C2048BC830D8B2633542FD4619E8A0B3FD1D3",
                        "Image":  "C:\\Windows\\Microsoft.NET\\Framework\\v4.0.30319\\InstallUtil.exe",
                        "UtcTime":  "2025-09-27 16:45:36.855",
                        "ProcessGuid":  "{f1988ae2-14b0-68d8-7b00-000000001e00}",
                        "Company":  "Microsoft Corporation",
                        "ImageLoaded":  "C:\\Windows\\assembly\\NativeImages_v4.0.30319_32\\mscorlib\\a403a0b75e95c07da2caa7f780446a62\\mscorlib.ni.dll",
                        "FileVersion":  "4.8.4515.0 built by: NET48REL1LAST_C",
                        "User":  "DESKTOP-KVSEOF0\\Stage.Ali",
                        "RuleName":  "-",
                        "Product":  "Microsoft® .NET Framework",
                        "ProcessId":  "4360",
                        "OriginalFileName":  "mscorlib.dll",
                        "Signed":  "true"
                    }
    },
    {
        "EventId":  7,
        "TimeCreated":  "\/Date(1758991536881)\/",
        "ProcessGuid":  "{f1988ae2-14b0-68d8-7b00-000000001e00}",
        "ProcessId":  "4360",
        "ParentProcessGuid":  null,
        "Image":  "C:\\Windows\\Microsoft.NET\\Framework\\v4.0.30319\\InstallUtil.exe",
        "CommandLine":  null,
        "User":  "DESKTOP-KVSEOF0\\Stage.Ali",
        "TargetFilename":  null,
        "DestinationIp":  null,
        "DestinationPort":  null,
        "SourceIp":  null,
        "SourcePort":  null,
        "Protocol":  null,
        "QueryName":  null,
        "Details":  {
                        "Description":  "Microsoft COM for Windows",
                        "SignatureStatus":  "Valid",
                        "Signature":  "Microsoft Windows",
                        "Hashes":  "MD5=03EC170067BB2A92AA1FD4C07D76E01C,SHA256=BEBDA725771D1427749443777879B83AA8043AA4C90AFDA7381C939CC89CC80F",
                        "Image":  "C:\\Windows\\Microsoft.NET\\Framework\\v4.0.30319\\InstallUtil.exe",
                        "UtcTime":  "2025-09-27 16:45:36.855",
                        "ProcessGuid":  "{f1988ae2-14b0-68d8-7b00-000000001e00}",
                        "Company":  "Microsoft Corporation",
                        "ImageLoaded":  "C:\\Windows\\SysWOW64\\combase.dll",
                        "FileVersion":  "10.0.19041.1949 (WinBuild.160101.0800)",
                        "User":  "DESKTOP-KVSEOF0\\Stage.Ali",
                        "RuleName":  "-",
                        "Product":  "Microsoft® Windows® Operating System",
                        "ProcessId":  "4360",
                        "OriginalFileName":  "COMBASE.DLL",
                        "Signed":  "true"
                    }
    },
    {
        "EventId":  7,
        "TimeCreated":  "\/Date(1758991536861)\/",
        "ProcessGuid":  "{f1988ae2-14b0-68d8-7b00-000000001e00}",
        "ProcessId":  "4360",
        "ParentProcessGuid":  null,
        "Image":  "C:\\Windows\\Microsoft.NET\\Framework\\v4.0.30319\\InstallUtil.exe",
        "CommandLine":  null,
        "User":  "DESKTOP-KVSEOF0\\Stage.Ali",
        "TargetFilename":  null,
        "DestinationIp":  null,
        "DestinationPort":  null,
        "SourceIp":  null,
        "SourcePort":  null,
        "Protocol":  null,
        "QueryName":  null,
        "Details":  {
                        "Description":  "Microsoft® C Runtime Library",
                        "SignatureStatus":  "Valid",
                        "Signature":  "Microsoft Corporation",
                        "Hashes":  "MD5=BFE20E1D9BEBE61CD8898663FDACB74E,SHA256=AA416A9E707BE8475051FF502D20077A687D14CF3ABABF4959F489A3B5BFBF8B",
                        "Image":  "C:\\Windows\\Microsoft.NET\\Framework\\v4.0.30319\\InstallUtil.exe",
                        "UtcTime":  "2025-09-27 16:45:36.855",
                        "ProcessGuid":  "{f1988ae2-14b0-68d8-7b00-000000001e00}",
                        "Company":  "Microsoft Corporation",
                        "ImageLoaded":  "C:\\Windows\\SysWOW64\\ucrtbase_clr0400.dll",
                        "FileVersion":  "14.10.25028.0 built by: VCTOOLSD15RTM",
                        "User":  "DESKTOP-KVSEOF0\\Stage.Ali",
                        "RuleName":  "-",
                        "Product":  "Microsoft® Visual Studio® 2017",
                        "ProcessId":  "4360",
                        "OriginalFileName":  "ucrtbase_clr0400.dll",
                        "Signed":  "true"
                    }
    },
    {
        "EventId":  7,
        "TimeCreated":  "\/Date(1758991536860)\/",
        "ProcessGuid":  "{f1988ae2-14b0-68d8-7b00-000000001e00}",
        "ProcessId":  "4360",
        "ParentProcessGuid":  null,
        "Image":  "C:\\Windows\\Microsoft.NET\\Framework\\v4.0.30319\\InstallUtil.exe",
        "CommandLine":  null,
        "User":  "DESKTOP-KVSEOF0\\Stage.Ali",
        "TargetFilename":  null,
        "DestinationIp":  null,
        "DestinationPort":  null,
        "SourceIp":  null,
        "SourcePort":  null,
        "Protocol":  null,
        "QueryName":  null,
        "Details":  {
                        "Description":  "Microsoft® C Runtime Library",
                        "SignatureStatus":  "Valid",
                        "Signature":  "Microsoft Corporation",
                        "Hashes":  "MD5=071309BE821483287A0FE982AEF005C1,SHA256=932920FE06897C0B2ADAF7FA855E3B45498D213994E81AB8694D9EE5CA53AC0A",
                        "Image":  "C:\\Windows\\Microsoft.NET\\Framework\\v4.0.30319\\InstallUtil.exe",
                        "UtcTime":  "2025-09-27 16:45:36.852",
                        "ProcessGuid":  "{f1988ae2-14b0-68d8-7b00-000000001e00}",
                        "Company":  "Microsoft Corporation",
                        "ImageLoaded":  "C:\\Windows\\SysWOW64\\vcruntime140_clr0400.dll",
                        "FileVersion":  "14.10.25028.0 built by: VCTOOLSD15RTM",
                        "User":  "DESKTOP-KVSEOF0\\Stage.Ali",
                        "RuleName":  "-",
                        "Product":  "Microsoft® Visual Studio® 2017",
                        "ProcessId":  "4360",
                        "OriginalFileName":  "vcruntime140_clr0400.dll",
                        "Signed":  "true"
                    }
    },
    {
        "EventId":  7,
        "TimeCreated":  "\/Date(1758991536860)\/",
        "ProcessGuid":  "{f1988ae2-14b0-68d8-7b00-000000001e00}",
        "ProcessId":  "4360",
        "ParentProcessGuid":  null,
        "Image":  "C:\\Windows\\Microsoft.NET\\Framework\\v4.0.30319\\InstallUtil.exe",
        "CommandLine":  null,
        "User":  "DESKTOP-KVSEOF0\\Stage.Ali",
        "TargetFilename":  null,
        "DestinationIp":  null,
        "DestinationPort":  null,
        "SourceIp":  null,
        "SourcePort":  null,
        "Protocol":  null,
        "QueryName":  null,
        "Details":  {
                        "Description":  "Microsoft® C Runtime Library",
                        "SignatureStatus":  "Valid",
                        "Signature":  "Microsoft Windows",
                        "Hashes":  "MD5=DF160B9471E9CE9AA4EFCFE625673310,SHA256=C8DBD811BB85D7E17D457C7938C15EF39DBDE395F82E967387E082F2C9860748",
                        "Image":  "C:\\Windows\\Microsoft.NET\\Framework\\v4.0.30319\\InstallUtil.exe",
                        "UtcTime":  "2025-09-27 16:45:36.852",
                        "ProcessGuid":  "{f1988ae2-14b0-68d8-7b00-000000001e00}",
                        "Company":  "Microsoft Corporation",
                        "ImageLoaded":  "C:\\Windows\\SysWOW64\\ucrtbase.dll",
                        "FileVersion":  "10.0.19041.789 (WinBuild.160101.0800)",
                        "User":  "DESKTOP-KVSEOF0\\Stage.Ali",
                        "RuleName":  "-",
                        "Product":  "Microsoft® Windows® Operating System",
                        "ProcessId":  "4360",
                        "OriginalFileName":  "ucrtbase.dll",
                        "Signed":  "true"
                    }
    },
    {
        "EventId":  7,
        "TimeCreated":  "\/Date(1758991536859)\/",
        "ProcessGuid":  "{f1988ae2-14b0-68d8-7b00-000000001e00}",
        "ProcessId":  "4360",
        "ParentProcessGuid":  null,
        "Image":  "C:\\Windows\\Microsoft.NET\\Framework\\v4.0.30319\\InstallUtil.exe",
        "CommandLine":  null,
        "User":  "DESKTOP-KVSEOF0\\Stage.Ali",
        "TargetFilename":  null,
        "DestinationIp":  null,
        "DestinationPort":  null,
        "SourceIp":  null,
        "SourcePort":  null,
        "Protocol":  null,
        "QueryName":  null,
        "Details":  {
                        "Description":  "Microsoft® C Runtime Library",
                        "SignatureStatus":  "Valid",
                        "Signature":  "Microsoft Windows",
                        "Hashes":  "MD5=F9E704B67ECCD77A18965E9CFA128461,SHA256=F7AC4CEB149EAE5184B957D90EBEDD9BC916CD1BA3053548B637B4E32A7F8A07",
                        "Image":  "C:\\Windows\\Microsoft.NET\\Framework\\v4.0.30319\\InstallUtil.exe",
                        "UtcTime":  "2025-09-27 16:45:36.824",
                        "ProcessGuid":  "{f1988ae2-14b0-68d8-7b00-000000001e00}",
                        "Company":  "Microsoft Corporation",
                        "ImageLoaded":  "C:\\Windows\\SysWOW64\\msvcp_win.dll",
                        "FileVersion":  "10.0.19041.789 (WinBuild.160101.0800)",
                        "User":  "DESKTOP-KVSEOF0\\Stage.Ali",
                        "RuleName":  "-",
                        "Product":  "Microsoft® Windows® Operating System",
                        "ProcessId":  "4360",
                        "OriginalFileName":  "msvcp_win.dll",
                        "Signed":  "true"
                    }
    },
    {
        "EventId":  7,
        "TimeCreated":  "\/Date(1758991536859)\/",
        "ProcessGuid":  "{f1988ae2-14b0-68d8-7b00-000000001e00}",
        "ProcessId":  "4360",
        "ParentProcessGuid":  null,
        "Image":  "C:\\Windows\\Microsoft.NET\\Framework\\v4.0.30319\\InstallUtil.exe",
        "CommandLine":  null,
        "User":  "DESKTOP-KVSEOF0\\Stage.Ali",
        "TargetFilename":  null,
        "DestinationIp":  null,
        "DestinationPort":  null,
        "SourceIp":  null,
        "SourcePort":  null,
        "Protocol":  null,
        "QueryName":  null,
        "Details":  {
                        "Description":  "GDI Client DLL",
                        "SignatureStatus":  "Valid",
                        "Signature":  "Microsoft Windows",
                        "Hashes":  "MD5=1B2216331F50811FD4BC435A0B7B7AFA,SHA256=AF2EE2EEB5303BA2993D513135D59E9C7CD2C845E5819BC96EAB1DE7BC60068A",
                        "Image":  "C:\\Windows\\Microsoft.NET\\Framework\\v4.0.30319\\InstallUtil.exe",
                        "UtcTime":  "2025-09-27 16:45:36.824",
                        "ProcessGuid":  "{f1988ae2-14b0-68d8-7b00-000000001e00}",
                        "Company":  "Microsoft Corporation",
                        "ImageLoaded":  "C:\\Windows\\SysWOW64\\gdi32full.dll",
                        "FileVersion":  "10.0.19041.2006 (WinBuild.160101.0800)",
                        "User":  "DESKTOP-KVSEOF0\\Stage.Ali",
                        "RuleName":  "-",
                        "Product":  "Microsoft® Windows® Operating System",
                        "ProcessId":  "4360",
                        "OriginalFileName":  "gdi32",
                        "Signed":  "true"
                    }
    },
    {
        "EventId":  7,
        "TimeCreated":  "\/Date(1758991536858)\/",
        "ProcessGuid":  "{f1988ae2-14b0-68d8-7b00-000000001e00}",
        "ProcessId":  "4360",
        "ParentProcessGuid":  null,
        "Image":  "C:\\Windows\\Microsoft.NET\\Framework\\v4.0.30319\\InstallUtil.exe",
        "CommandLine":  null,
        "User":  "DESKTOP-KVSEOF0\\Stage.Ali",
        "TargetFilename":  null,
        "DestinationIp":  null,
        "DestinationPort":  null,
        "SourceIp":  null,
        "SourcePort":  null,
        "Protocol":  null,
        "QueryName":  null,
        "Details":  {
                        "Description":  "GDI Client DLL",
                        "SignatureStatus":  "Valid",
                        "Signature":  "Microsoft Windows",
                        "Hashes":  "MD5=873692EF0C70675F179C190CDC45CB09,SHA256=552750680F4748906D37A0CF0A9F33E6E5C20DF24245A7AD7E752F87830E3E2B",
                        "Image":  "C:\\Windows\\Microsoft.NET\\Framework\\v4.0.30319\\InstallUtil.exe",
                        "UtcTime":  "2025-09-27 16:45:36.824",
                        "ProcessGuid":  "{f1988ae2-14b0-68d8-7b00-000000001e00}",
                        "Company":  "Microsoft Corporation",
                        "ImageLoaded":  "C:\\Windows\\SysWOW64\\gdi32.dll",
                        "FileVersion":  "10.0.19041.1620 (WinBuild.160101.0800)",
                        "User":  "DESKTOP-KVSEOF0\\Stage.Ali",
                        "RuleName":  "-",
                        "Product":  "Microsoft® Windows® Operating System",
                        "ProcessId":  "4360",
                        "OriginalFileName":  "gdi32",
                        "Signed":  "true"
                    }
    },
    {
        "EventId":  7,
        "TimeCreated":  "\/Date(1758991536858)\/",
        "ProcessGuid":  "{f1988ae2-14b0-68d8-7b00-000000001e00}",
        "ProcessId":  "4360",
        "ParentProcessGuid":  null,
        "Image":  "C:\\Windows\\Microsoft.NET\\Framework\\v4.0.30319\\InstallUtil.exe",
        "CommandLine":  null,
        "User":  "DESKTOP-KVSEOF0\\Stage.Ali",
        "TargetFilename":  null,
        "DestinationIp":  null,
        "DestinationPort":  null,
        "SourceIp":  null,
        "SourcePort":  null,
        "Protocol":  null,
        "QueryName":  null,
        "Details":  {
                        "Description":  "Win32u",
                        "SignatureStatus":  "Valid",
                        "Signature":  "Microsoft Windows",
                        "Hashes":  "MD5=AC7C42DCA44900B55D55FA8D93DD9191,SHA256=8EFA2A2F1C0125F85B42D08F54C0CF15AF3EEF9655A61436C80E381259E4DBDB",
                        "Image":  "C:\\Windows\\Microsoft.NET\\Framework\\v4.0.30319\\InstallUtil.exe",
                        "UtcTime":  "2025-09-27 16:45:36.824",
                        "ProcessGuid":  "{f1988ae2-14b0-68d8-7b00-000000001e00}",
                        "Company":  "Microsoft Corporation",
                        "ImageLoaded":  "C:\\Windows\\SysWOW64\\win32u.dll",
                        "FileVersion":  "10.0.19041.2006 (WinBuild.160101.0800)",
                        "User":  "DESKTOP-KVSEOF0\\Stage.Ali",
                        "RuleName":  "-",
                        "Product":  "Microsoft® Windows® Operating System",
                        "ProcessId":  "4360",
                        "OriginalFileName":  "Win32u.DLL",
                        "Signed":  "true"
                    }
    },
    {
        "EventId":  7,
        "TimeCreated":  "\/Date(1758991536856)\/",
        "ProcessGuid":  "{f1988ae2-14b0-68d8-7b00-000000001e00}",
        "ProcessId":  "4360",
        "ParentProcessGuid":  null,
        "Image":  "C:\\Windows\\Microsoft.NET\\Framework\\v4.0.30319\\InstallUtil.exe",
        "CommandLine":  null,
        "User":  "DESKTOP-KVSEOF0\\Stage.Ali",
        "TargetFilename":  null,
        "DestinationIp":  null,
        "DestinationPort":  null,
        "SourceIp":  null,
        "SourcePort":  null,
        "Protocol":  null,
        "QueryName":  null,
        "Details":  {
                        "Description":  "Multi-User Windows USER API Client DLL",
                        "SignatureStatus":  "Valid",
                        "Signature":  "Microsoft Windows",
                        "Hashes":  "MD5=2E8AB67DC55089DFBCBFA7710BD15B07,SHA256=2BCC4FD8A4D3C4033A81702E1B685860BE78D6F1A7E980F2E7593C59656F2706",
                        "Image":  "C:\\Windows\\Microsoft.NET\\Framework\\v4.0.30319\\InstallUtil.exe",
                        "UtcTime":  "2025-09-27 16:45:36.824",
                        "ProcessGuid":  "{f1988ae2-14b0-68d8-7b00-000000001e00}",
                        "Company":  "Microsoft Corporation",
                        "ImageLoaded":  "C:\\Windows\\SysWOW64\\user32.dll",
                        "FileVersion":  "10.0.19041.2006 (WinBuild.160101.0800)",
                        "User":  "DESKTOP-KVSEOF0\\Stage.Ali",
                        "RuleName":  "-",
                        "Product":  "Microsoft® Windows® Operating System",
                        "ProcessId":  "4360",
                        "OriginalFileName":  "user32",
                        "Signed":  "true"
                    }
    },
    {
        "EventId":  7,
        "TimeCreated":  "\/Date(1758991536854)\/",
        "ProcessGuid":  "{f1988ae2-14b0-68d8-7b00-000000001e00}",
        "ProcessId":  "4360",
        "ParentProcessGuid":  null,
        "Image":  "C:\\Windows\\Microsoft.NET\\Framework\\v4.0.30319\\InstallUtil.exe",
        "CommandLine":  null,
        "User":  "DESKTOP-KVSEOF0\\Stage.Ali",
        "TargetFilename":  null,
        "DestinationIp":  null,
        "DestinationPort":  null,
        "SourceIp":  null,
        "SourcePort":  null,
        "Protocol":  null,
        "QueryName":  null,
        "Details":  {
                        "Description":  "Microsoft .NET Runtime Common Language Runtime - WorkStation",
                        "SignatureStatus":  "Valid",
                        "Signature":  "Microsoft Corporation",
                        "Hashes":  "MD5=3100C6DE1A1952BC9468B8E5AF89C0EF,SHA256=B27FB1D2F49C2061D6B4DB4070F0DDEF319D61FA45286DE97CB3158C77C8C147",
                        "Image":  "C:\\Windows\\Microsoft.NET\\Framework\\v4.0.30319\\InstallUtil.exe",
                        "UtcTime":  "2025-09-27 16:45:36.824",
                        "ProcessGuid":  "{f1988ae2-14b0-68d8-7b00-000000001e00}",
                        "Company":  "Microsoft Corporation",
                        "ImageLoaded":  "C:\\Windows\\Microsoft.NET\\Framework\\v4.0.30319\\clr.dll",
                        "FileVersion":  "4.8.4515.0 built by: NET48REL1LAST_C",
                        "User":  "DESKTOP-KVSEOF0\\Stage.Ali",
                        "RuleName":  "-",
                        "Product":  "Microsoft® .NET Framework",
                        "ProcessId":  "4360",
                        "OriginalFileName":  "clr.dll",
                        "Signed":  "true"
                    }
    },
    {
        "EventId":  7,
        "TimeCreated":  "\/Date(1758991536854)\/",
        "ProcessGuid":  "{f1988ae2-14b0-68d8-7b00-000000001e00}",
        "ProcessId":  "4360",
        "ParentProcessGuid":  null,
        "Image":  "C:\\Windows\\Microsoft.NET\\Framework\\v4.0.30319\\InstallUtil.exe",
        "CommandLine":  null,
        "User":  "DESKTOP-KVSEOF0\\Stage.Ali",
        "TargetFilename":  null,
        "DestinationIp":  null,
        "DestinationPort":  null,
        "SourceIp":  null,
        "SourcePort":  null,
        "Protocol":  null,
        "QueryName":  null,
        "Details":  {
                        "Description":  "Version Checking and File Installation Libraries",
                        "SignatureStatus":  "Valid",
                        "Signature":  "Microsoft Windows",
                        "Hashes":  "MD5=8EB300FCC7C8DAAD3716C6E53D4BE2FC,SHA256=747F954CFE4A42DE0683A6C74FE6CCE21EC67D72B681557C48ABE09A321CEA05",
                        "Image":  "C:\\Windows\\Microsoft.NET\\Framework\\v4.0.30319\\InstallUtil.exe",
                        "UtcTime":  "2025-09-27 16:45:36.824",
                        "ProcessGuid":  "{f1988ae2-14b0-68d8-7b00-000000001e00}",
                        "Company":  "Microsoft Corporation",
                        "ImageLoaded":  "C:\\Windows\\SysWOW64\\version.dll",
                        "FileVersion":  "10.0.19041.546 (WinBuild.160101.0800)",
                        "User":  "DESKTOP-KVSEOF0\\Stage.Ali",
                        "RuleName":  "-",
                        "Product":  "Microsoft® Windows® Operating System",
                        "ProcessId":  "4360",
                        "OriginalFileName":  "VERSION.DLL",
                        "Signed":  "true"
                    }
    },
    {
        "EventId":  7,
        "TimeCreated":  "\/Date(1758991536853)\/",
        "ProcessGuid":  "{f1988ae2-14b0-68d8-7b00-000000001e00}",
        "ProcessId":  "4360",
        "ParentProcessGuid":  null,
        "Image":  "C:\\Windows\\Microsoft.NET\\Framework\\v4.0.30319\\InstallUtil.exe",
        "CommandLine":  null,
        "User":  "DESKTOP-KVSEOF0\\Stage.Ali",
        "TargetFilename":  null,
        "DestinationIp":  null,
        "DestinationPort":  null,
        "SourceIp":  null,
        "SourcePort":  null,
        "Protocol":  null,
        "QueryName":  null,
        "Details":  {
                        "Description":  "AppModel API Host",
                        "SignatureStatus":  "Valid",
                        "Signature":  "Microsoft Windows",
                        "Hashes":  "MD5=537504FFB328C6AA752E1EAE14E93402,SHA256=8CECE4A563C2150B37B4AE402CFB9EB782DB14E03B260F4D13B88FB85BDFB31C",
                        "Image":  "C:\\Windows\\Microsoft.NET\\Framework\\v4.0.30319\\InstallUtil.exe",
                        "UtcTime":  "2025-09-27 16:45:36.824",
                        "ProcessGuid":  "{f1988ae2-14b0-68d8-7b00-000000001e00}",
                        "Company":  "Microsoft Corporation",
                        "ImageLoaded":  "C:\\Windows\\SysWOW64\\kernel.appcore.dll",
                        "FileVersion":  "10.0.19041.546 (WinBuild.160101.0800)",
                        "User":  "DESKTOP-KVSEOF0\\Stage.Ali",
                        "RuleName":  "-",
                        "Product":  "Microsoft® Windows® Operating System",
                        "ProcessId":  "4360",
                        "OriginalFileName":  "kernel.appcore.dll",
                        "Signed":  "true"
                    }
    },
    {
        "EventId":  7,
        "TimeCreated":  "\/Date(1758991536834)\/",
        "ProcessGuid":  "{f1988ae2-14b0-68d8-7b00-000000001e00}",
        "ProcessId":  "4360",
        "ParentProcessGuid":  null,
        "Image":  "C:\\Windows\\Microsoft.NET\\Framework\\v4.0.30319\\InstallUtil.exe",
        "CommandLine":  null,
        "User":  "DESKTOP-KVSEOF0\\Stage.Ali",
        "TargetFilename":  null,
        "DestinationIp":  null,
        "DestinationPort":  null,
        "SourceIp":  null,
        "SourcePort":  null,
        "Protocol":  null,
        "QueryName":  null,
        "Details":  {
                        "Description":  ".NET Framework installation utility",
                        "SignatureStatus":  "Valid",
                        "Signature":  "Microsoft Corporation",
                        "Hashes":  "MD5=5D4073B2EB6D217C19F2B22F21BF8D57,SHA256=AC1A3F21FCC88F9CEE7BF51581EAFBA24CC76C924F0821DEB2AFDF1080DDF3D3",
                        "Image":  "C:\\Windows\\Microsoft.NET\\Framework\\v4.0.30319\\InstallUtil.exe",
                        "UtcTime":  "2025-09-27 16:45:36.792",
                        "ProcessGuid":  "{f1988ae2-14b0-68d8-7b00-000000001e00}",
                        "Company":  "Microsoft Corporation",
                        "ImageLoaded":  "C:\\Windows\\Microsoft.NET\\Framework\\v4.0.30319\\InstallUtil.exe",
                        "FileVersion":  "4.8.4084.0 built by: NET48REL1",
                        "User":  "DESKTOP-KVSEOF0\\Stage.Ali",
                        "RuleName":  "-",
                        "Product":  "Microsoft® .NET Framework",
                        "ProcessId":  "4360",
                        "OriginalFileName":  "InstallUtil.exe",
                        "Signed":  "true"
                    }
    },
