    {
        "EventId":  7,
        "TimeCreated":  "\/Date(1758991535514)\/",
        "ProcessGuid":  "{f1988ae2-14ac-68d8-7a00-000000001e00}",
        "ProcessId":  "5096",
        "ParentProcessGuid":  null,
        "Image":  "C:\\Users\\Stage.Ali\\Desktop\\Malware\\901d6191e8bf99cf1a2a6b770519d18b82875294e95a55d1e87e42ef8bad213a.exe",
        "CommandLine":  null,
        "User":  "DESKTOP-KVSEOF0\\Stage.Ali",
        "TargetFilename":  null,
        "DestinationIp":  null,
        "DestinationPort":  null,
        "SourceIp":  null,
        "SourcePort":  null,
        "Protocol":  null,
        "QueryName":  null,
        "Details":  {
                        "Description":  "Userenv",
                        "SignatureStatus":  "Valid",
                        "Signature":  "Microsoft Windows",
                        "Hashes":  "MD5=42B03D8E041CD983A8D8FEFFBADBDEA2,SHA256=E1D79C98FE3EDADA322398F3AFB9BE7D06AD51412E741781C6B0B17E15378A8F",
                        "Image":  "C:\\Users\\Stage.Ali\\Desktop\\Malware\\901d6191e8bf99cf1a2a6b770519d18b82875294e95a55d1e87e42ef8bad213a.exe",
                        "UtcTime":  "2025-09-27 16:45:35.293",
                        "ProcessGuid":  "{f1988ae2-14ac-68d8-7a00-000000001e00}",
                        "Company":  "Microsoft Corporation",
                        "ImageLoaded":  "C:\\Windows\\SysWOW64\\userenv.dll",
                        "FileVersion":  "10.0.19041.572 (WinBuild.160101.0800)",
                        "User":  "DESKTOP-KVSEOF0\\Stage.Ali",
                        "RuleName":  "-",
                        "Product":  "Microsoft® Windows® Operating System",
                        "ProcessId":  "5096",
                        "OriginalFileName":  "userenv.dll",
                        "Signed":  "true"
                    }
    },
    {
        "EventId":  7,
        "TimeCreated":  "\/Date(1758991535507)\/",
        "ProcessGuid":  "{f1988ae2-14ac-68d8-7a00-000000001e00}",
        "ProcessId":  "5096",
        "ParentProcessGuid":  null,
        "Image":  "C:\\Users\\Stage.Ali\\Desktop\\Malware\\901d6191e8bf99cf1a2a6b770519d18b82875294e95a55d1e87e42ef8bad213a.exe",
        "CommandLine":  null,
        "User":  "DESKTOP-KVSEOF0\\Stage.Ali",
        "TargetFilename":  null,
        "DestinationIp":  null,
        "DestinationPort":  null,
        "SourceIp":  null,
        "SourcePort":  null,
        "Protocol":  null,
        "QueryName":  null,
        "Details":  {
                        "Description":  "Anti-Malware Scan Interface",
                        "SignatureStatus":  "Valid",
                        "Signature":  "Microsoft Windows",
                        "Hashes":  "MD5=3F5A9AB40BCB48FE75AD52BDF8D4A49F,SHA256=73618405E088D714258AEAEE5A41DEE8269D465BBD30C5ACF8E7A94C133CC1B4",
                        "Image":  "C:\\Users\\Stage.Ali\\Desktop\\Malware\\901d6191e8bf99cf1a2a6b770519d18b82875294e95a55d1e87e42ef8bad213a.exe",
                        "UtcTime":  "2025-09-27 16:45:35.293",
                        "ProcessGuid":  "{f1988ae2-14ac-68d8-7a00-000000001e00}",
                        "Company":  "Microsoft Corporation",
                        "ImageLoaded":  "C:\\Windows\\SysWOW64\\amsi.dll",
                        "FileVersion":  "10.0.19041.1620 (WinBuild.160101.0800)",
                        "User":  "DESKTOP-KVSEOF0\\Stage.Ali",
                        "RuleName":  "-",
                        "Product":  "Microsoft® Windows® Operating System",
                        "ProcessId":  "5096",
                        "OriginalFileName":  "amsi.dll",
                        "Signed":  "true"
                    }
    },
    {
        "EventId":  7,
        "TimeCreated":  "\/Date(1758991535404)\/",
        "ProcessGuid":  "{f1988ae2-14ac-68d8-7a00-000000001e00}",
        "ProcessId":  "5096",
        "ParentProcessGuid":  null,
        "Image":  "C:\\Users\\Stage.Ali\\Desktop\\Malware\\901d6191e8bf99cf1a2a6b770519d18b82875294e95a55d1e87e42ef8bad213a.exe",
        "CommandLine":  null,
        "User":  "DESKTOP-KVSEOF0\\Stage.Ali",
        "TargetFilename":  null,
        "DestinationIp":  null,
        "DestinationPort":  null,
        "SourceIp":  null,
        "SourcePort":  null,
        "Protocol":  null,
        "QueryName":  null,
        "Details":  {
                        "Description":  ".NET Framework",
                        "SignatureStatus":  "Unavailable",
                        "Signature":  "-",
                        "Hashes":  "MD5=47B97FB4B6FE2FD7C030B73BD50E70EF,SHA256=62716495CF0E0FA11252F4A95B0672257AB1F55932E5C891FD65DF3FE17B7559",
                        "Image":  "C:\\Users\\Stage.Ali\\Desktop\\Malware\\901d6191e8bf99cf1a2a6b770519d18b82875294e95a55d1e87e42ef8bad213a.exe",
                        "UtcTime":  "2025-09-27 16:45:35.278",
                        "ProcessGuid":  "{f1988ae2-14ac-68d8-7a00-000000001e00}",
                        "Company":  "Microsoft Corporation",
                        "ImageLoaded":  "C:\\Windows\\assembly\\NativeImages_v4.0.30319_32\\System.Core\\8b2c1203fd20aea8260bfbc518004720\\System.Core.ni.dll",
                        "FileVersion":  "4.8.4536.0 built by: NET48REL1LAST_C",
                        "User":  "DESKTOP-KVSEOF0\\Stage.Ali",
                        "RuleName":  "-",
                        "Product":  "Microsoft® .NET Framework",
                        "ProcessId":  "5096",
                        "OriginalFileName":  "System.Core.dll",
                        "Signed":  "false"
                    }
    },
    {
        "EventId":  7,
        "TimeCreated":  "\/Date(1758991535197)\/",
        "ProcessGuid":  "{f1988ae2-14ac-68d8-7a00-000000001e00}",
        "ProcessId":  "5096",
        "ParentProcessGuid":  null,
        "Image":  "C:\\Users\\Stage.Ali\\Desktop\\Malware\\901d6191e8bf99cf1a2a6b770519d18b82875294e95a55d1e87e42ef8bad213a.exe",
        "CommandLine":  null,
        "User":  "DESKTOP-KVSEOF0\\Stage.Ali",
        "TargetFilename":  null,
        "DestinationIp":  null,
        "DestinationPort":  null,
        "SourceIp":  null,
        "SourcePort":  null,
        "Protocol":  null,
        "QueryName":  null,
        "Details":  {
                        "Description":  ".NET Framework",
                        "SignatureStatus":  "Unavailable",
                        "Signature":  "-",
                        "Hashes":  "MD5=594BFE4D04BD2B4FDB815748A2B82A68,SHA256=A40BB46D7A8637F63E81F37AE1C4C72209E7E0B1D3248B0E6C72230B36F4795E",
                        "Image":  "C:\\Users\\Stage.Ali\\Desktop\\Malware\\901d6191e8bf99cf1a2a6b770519d18b82875294e95a55d1e87e42ef8bad213a.exe",
                        "UtcTime":  "2025-09-27 16:45:35.059",
                        "ProcessGuid":  "{f1988ae2-14ac-68d8-7a00-000000001e00}",
                        "Company":  "Microsoft Corporation",
                        "ImageLoaded":  "C:\\Windows\\assembly\\NativeImages_v4.0.30319_32\\System\\920e3d1d70447c3c10e69e6df0766568\\System.ni.dll",
                        "FileVersion":  "4.8.4536.0 built by: NET48REL1LAST_C",
                        "User":  "DESKTOP-KVSEOF0\\Stage.Ali",
                        "RuleName":  "-",
                        "Product":  "Microsoft® .NET Framework",
                        "ProcessId":  "5096",
                        "OriginalFileName":  "System.dll",
                        "Signed":  "false"
                    }
    },
    {
        "EventId":  7,
        "TimeCreated":  "\/Date(1758991534729)\/",
        "ProcessGuid":  "{f1988ae2-14ac-68d8-7a00-000000001e00}",
        "ProcessId":  "5096",
        "ParentProcessGuid":  null,
        "Image":  "C:\\Users\\Stage.Ali\\Desktop\\Malware\\901d6191e8bf99cf1a2a6b770519d18b82875294e95a55d1e87e42ef8bad213a.exe",
        "CommandLine":  null,
        "User":  "DESKTOP-KVSEOF0\\Stage.Ali",
        "TargetFilename":  null,
        "DestinationIp":  null,
        "DestinationPort":  null,
        "SourceIp":  null,
        "SourcePort":  null,
        "Protocol":  null,
        "QueryName":  null,
        "Details":  {
                        "Description":  "Base cryptographic API DLL",
                        "SignatureStatus":  "Valid",
                        "Signature":  "Microsoft Windows",
                        "Hashes":  "MD5=9E1D8E1E7E3BFDF4779366BF1460D004,SHA256=6464346BC05B9A43FCE7B3E8BFD5DC5213275E639A1D2D078108D8D64FF7B746",
                        "Image":  "C:\\Users\\Stage.Ali\\Desktop\\Malware\\901d6191e8bf99cf1a2a6b770519d18b82875294e95a55d1e87e42ef8bad213a.exe",
                        "UtcTime":  "2025-09-27 16:45:34.685",
                        "ProcessGuid":  "{f1988ae2-14ac-68d8-7a00-000000001e00}",
                        "Company":  "Microsoft Corporation",
                        "ImageLoaded":  "C:\\Windows\\SysWOW64\\cryptbase.dll",
                        "FileVersion":  "10.0.19041.546 (WinBuild.160101.0800)",
                        "User":  "DESKTOP-KVSEOF0\\Stage.Ali",
                        "RuleName":  "-",
                        "Product":  "Microsoft® Windows® Operating System",
                        "ProcessId":  "5096",
                        "OriginalFileName":  "cryptbase.dll",
                        "Signed":  "true"
                    }
    },
    {
        "EventId":  7,
        "TimeCreated":  "\/Date(1758991534719)\/",
        "ProcessGuid":  "{f1988ae2-14ac-68d8-7a00-000000001e00}",
        "ProcessId":  "5096",
        "ParentProcessGuid":  null,
        "Image":  "C:\\Users\\Stage.Ali\\Desktop\\Malware\\901d6191e8bf99cf1a2a6b770519d18b82875294e95a55d1e87e42ef8bad213a.exe",
        "CommandLine":  null,
        "User":  "DESKTOP-KVSEOF0\\Stage.Ali",
        "TargetFilename":  null,
        "DestinationIp":  null,
        "DestinationPort":  null,
        "SourceIp":  null,
        "SourcePort":  null,
        "Protocol":  null,
        "QueryName":  null,
        "Details":  {
                        "Description":  "Microsoft Enhanced Cryptographic Provider",
                        "SignatureStatus":  "Valid",
                        "Signature":  "Microsoft Windows",
                        "Hashes":  "MD5=78BE124BE88BC7CE603DAC531BFAF4C1,SHA256=66D0C8619A0F8DC10B375B0546CA4B4E7726185A3D0EF656EDA9FB0F7C81E4BE",
                        "Image":  "C:\\Users\\Stage.Ali\\Desktop\\Malware\\901d6191e8bf99cf1a2a6b770519d18b82875294e95a55d1e87e42ef8bad213a.exe",
                        "UtcTime":  "2025-09-27 16:45:34.669",
                        "ProcessGuid":  "{f1988ae2-14ac-68d8-7a00-000000001e00}",
                        "Company":  "Microsoft Corporation",
                        "ImageLoaded":  "C:\\Windows\\SysWOW64\\rsaenh.dll",
                        "FileVersion":  "10.0.19041.1052 (WinBuild.160101.0800)",
                        "User":  "DESKTOP-KVSEOF0\\Stage.Ali",
                        "RuleName":  "-",
                        "Product":  "Microsoft® Windows® Operating System",
                        "ProcessId":  "5096",
                        "OriginalFileName":  "rsaenh.dll",
                        "Signed":  "true"
                    }
    },
    {
        "EventId":  7,
        "TimeCreated":  "\/Date(1758991534711)\/",
        "ProcessGuid":  "{f1988ae2-14ac-68d8-7a00-000000001e00}",
        "ProcessId":  "5096",
        "ParentProcessGuid":  null,
        "Image":  "C:\\Users\\Stage.Ali\\Desktop\\Malware\\901d6191e8bf99cf1a2a6b770519d18b82875294e95a55d1e87e42ef8bad213a.exe",
        "CommandLine":  null,
        "User":  "DESKTOP-KVSEOF0\\Stage.Ali",
        "TargetFilename":  null,
        "DestinationIp":  null,
        "DestinationPort":  null,
        "SourceIp":  null,
        "SourcePort":  null,
        "Protocol":  null,
        "QueryName":  null,
        "Details":  {
                        "Description":  "Cryptographic Service Provider API",
                        "SignatureStatus":  "Valid",
                        "Signature":  "Microsoft Windows",
                        "Hashes":  "MD5=72B414320CAC426949ACC3E721ECFE81,SHA256=BB80A6FB355CF176C3253F3662DC7D0B2FBC3B4F842A53109A777973194B5CDB",
                        "Image":  "C:\\Users\\Stage.Ali\\Desktop\\Malware\\901d6191e8bf99cf1a2a6b770519d18b82875294e95a55d1e87e42ef8bad213a.exe",
                        "UtcTime":  "2025-09-27 16:45:34.652",
                        "ProcessGuid":  "{f1988ae2-14ac-68d8-7a00-000000001e00}",
                        "Company":  "Microsoft Corporation",
                        "ImageLoaded":  "C:\\Windows\\SysWOW64\\cryptsp.dll",
                        "FileVersion":  "10.0.19041.546 (WinBuild.160101.0800)",
                        "User":  "DESKTOP-KVSEOF0\\Stage.Ali",
                        "RuleName":  "-",
                        "Product":  "Microsoft® Windows® Operating System",
                        "ProcessId":  "5096",
                        "OriginalFileName":  "cryptsp.dll",
                        "Signed":  "true"
                    }
    },
    {
        "EventId":  7,
        "TimeCreated":  "\/Date(1758991534704)\/",
        "ProcessGuid":  "{f1988ae2-14ac-68d8-7a00-000000001e00}",
        "ProcessId":  "5096",
        "ParentProcessGuid":  null,
        "Image":  "C:\\Users\\Stage.Ali\\Desktop\\Malware\\901d6191e8bf99cf1a2a6b770519d18b82875294e95a55d1e87e42ef8bad213a.exe",
        "CommandLine":  null,
        "User":  "DESKTOP-KVSEOF0\\Stage.Ali",
        "TargetFilename":  null,
        "DestinationIp":  null,
        "DestinationPort":  null,
        "SourceIp":  null,
        "SourcePort":  null,
        "Protocol":  null,
        "QueryName":  null,
        "Details":  {
                        "Description":  "Windows Cryptographic Primitives Library (Wow64)",
                        "SignatureStatus":  "Valid",
                        "Signature":  "Microsoft Windows",
                        "Hashes":  "MD5=704E865CF8CD2D0234B784B4D1260633,SHA256=F92D89DA938D029971562F507E5D04D5A8C72C2FFE24226FD01405495110A944",
                        "Image":  "C:\\Users\\Stage.Ali\\Desktop\\Malware\\901d6191e8bf99cf1a2a6b770519d18b82875294e95a55d1e87e42ef8bad213a.exe",
                        "UtcTime":  "2025-09-27 16:45:34.649",
                        "ProcessGuid":  "{f1988ae2-14ac-68d8-7a00-000000001e00}",
                        "Company":  "Microsoft Corporation",
                        "ImageLoaded":  "C:\\Windows\\SysWOW64\\bcrypt.dll",
                        "FileVersion":  "10.0.19041.1023 (WinBuild.160101.0800)",
                        "User":  "DESKTOP-KVSEOF0\\Stage.Ali",
                        "RuleName":  "-",
                        "Product":  "Microsoft® Windows® Operating System",
                        "ProcessId":  "5096",
                        "OriginalFileName":  "bcrypt.dll",
                        "Signed":  "true"
                    }
    },
    {
        "EventId":  7,
        "TimeCreated":  "\/Date(1758991534699)\/",
        "ProcessGuid":  "{f1988ae2-14ac-68d8-7a00-000000001e00}",
        "ProcessId":  "5096",
        "ParentProcessGuid":  null,
        "Image":  "C:\\Users\\Stage.Ali\\Desktop\\Malware\\901d6191e8bf99cf1a2a6b770519d18b82875294e95a55d1e87e42ef8bad213a.exe",
        "CommandLine":  null,
        "User":  "DESKTOP-KVSEOF0\\Stage.Ali",
        "TargetFilename":  null,
        "DestinationIp":  null,
        "DestinationPort":  null,
        "SourceIp":  null,
        "SourcePort":  null,
        "Protocol":  null,
        "QueryName":  null,
        "Details":  {
                        "Description":  "User Profile Basic API",
                        "SignatureStatus":  "Valid",
                        "Signature":  "Microsoft Windows",
                        "Hashes":  "MD5=2952019A3E3739F1D17F59128F489B63,SHA256=7B86FA00478776A4FADCAD44592AF88BD7F0B63E0B39C76FD3E6D8DDCC32C76D",
                        "Image":  "C:\\Users\\Stage.Ali\\Desktop\\Malware\\901d6191e8bf99cf1a2a6b770519d18b82875294e95a55d1e87e42ef8bad213a.exe",
                        "UtcTime":  "2025-09-27 16:45:34.621",
                        "ProcessGuid":  "{f1988ae2-14ac-68d8-7a00-000000001e00}",
                        "Company":  "Microsoft Corporation",
                        "ImageLoaded":  "C:\\Windows\\SysWOW64\\profapi.dll",
                        "FileVersion":  "10.0.19041.844 (WinBuild.160101.0800)",
                        "User":  "DESKTOP-KVSEOF0\\Stage.Ali",
                        "RuleName":  "-",
                        "Product":  "Microsoft® Windows® Operating System",
                        "ProcessId":  "5096",
                        "OriginalFileName":  "PROFAPI.DLL",
                        "Signed":  "true"
                    }
    },
    {
        "EventId":  7,
        "TimeCreated":  "\/Date(1758991534692)\/",
        "ProcessGuid":  "{f1988ae2-14ac-68d8-7a00-000000001e00}",
        "ProcessId":  "5096",
        "ParentProcessGuid":  null,
        "Image":  "C:\\Users\\Stage.Ali\\Desktop\\Malware\\901d6191e8bf99cf1a2a6b770519d18b82875294e95a55d1e87e42ef8bad213a.exe",
        "CommandLine":  null,
        "User":  "DESKTOP-KVSEOF0\\Stage.Ali",
        "TargetFilename":  null,
        "DestinationIp":  null,
        "DestinationPort":  null,
        "SourceIp":  null,
        "SourcePort":  null,
        "Protocol":  null,
        "QueryName":  null,
        "Details":  {
                        "Description":  "SHCORE",
                        "SignatureStatus":  "Valid",
                        "Signature":  "Microsoft Windows",
                        "Hashes":  "MD5=2CE82BD239A502E5317D78978FCE3671,SHA256=66B6F29A092AB5B20DB60BD19F27816022F1775526B8E8848A4033DB80CA316A",
                        "Image":  "C:\\Users\\Stage.Ali\\Desktop\\Malware\\901d6191e8bf99cf1a2a6b770519d18b82875294e95a55d1e87e42ef8bad213a.exe",
                        "UtcTime":  "2025-09-27 16:45:34.621",
                        "ProcessGuid":  "{f1988ae2-14ac-68d8-7a00-000000001e00}",
                        "Company":  "Microsoft Corporation",
                        "ImageLoaded":  "C:\\Windows\\SysWOW64\\SHCore.dll",
                        "FileVersion":  "10.0.19041.1645 (WinBuild.160101.0800)",
                        "User":  "DESKTOP-KVSEOF0\\Stage.Ali",
                        "RuleName":  "-",
                        "Product":  "Microsoft® Windows® Operating System",
                        "ProcessId":  "5096",
                        "OriginalFileName":  "SHCORE.dll",
                        "Signed":  "true"
                    }
    },
    {
        "EventId":  7,
        "TimeCreated":  "\/Date(1758991534680)\/",
        "ProcessGuid":  "{f1988ae2-14ac-68d8-7a00-000000001e00}",
        "ProcessId":  "5096",
        "ParentProcessGuid":  null,
        "Image":  "C:\\Users\\Stage.Ali\\Desktop\\Malware\\901d6191e8bf99cf1a2a6b770519d18b82875294e95a55d1e87e42ef8bad213a.exe",
        "CommandLine":  null,
        "User":  "DESKTOP-KVSEOF0\\Stage.Ali",
        "TargetFilename":  null,
        "DestinationIp":  null,
        "DestinationPort":  null,
        "SourceIp":  null,
        "SourcePort":  null,
        "Protocol":  null,
        "QueryName":  null,
        "Details":  {
                        "Description":  "Windows Lockdown Policy",
                        "SignatureStatus":  "Valid",
                        "Signature":  "Microsoft Windows",
                        "Hashes":  "MD5=4B2A91690065EF49E347387AC94CA461,SHA256=45A62CFA448831E7F0C2F6DCCB710DD96DFA612F5F0B2787C827B689772E9CC1",
                        "Image":  "C:\\Users\\Stage.Ali\\Desktop\\Malware\\901d6191e8bf99cf1a2a6b770519d18b82875294e95a55d1e87e42ef8bad213a.exe",
                        "UtcTime":  "2025-09-27 16:45:34.621",
                        "ProcessGuid":  "{f1988ae2-14ac-68d8-7a00-000000001e00}",
                        "Company":  "Microsoft Corporation",
                        "ImageLoaded":  "C:\\Windows\\SysWOW64\\wldp.dll",
                        "FileVersion":  "10.0.19041.1949 (WinBuild.160101.0800)",
                        "User":  "DESKTOP-KVSEOF0\\Stage.Ali",
                        "RuleName":  "-",
                        "Product":  "Microsoft® Windows® Operating System",
                        "ProcessId":  "5096",
                        "OriginalFileName":  "wldp.dll",
                        "Signed":  "true"
                    }
    },
    {
        "EventId":  7,
        "TimeCreated":  "\/Date(1758991534661)\/",
        "ProcessGuid":  "{f1988ae2-14ac-68d8-7a00-000000001e00}",
        "ProcessId":  "5096",
        "ParentProcessGuid":  null,
        "Image":  "C:\\Users\\Stage.Ali\\Desktop\\Malware\\901d6191e8bf99cf1a2a6b770519d18b82875294e95a55d1e87e42ef8bad213a.exe",
        "CommandLine":  null,
        "User":  "DESKTOP-KVSEOF0\\Stage.Ali",
        "TargetFilename":  null,
        "DestinationIp":  null,
        "DestinationPort":  null,
        "SourceIp":  null,
        "SourcePort":  null,
        "Protocol":  null,
        "QueryName":  null,
        "Details":  {
                        "Description":  "Microsoft WinRT Storage API",
                        "SignatureStatus":  "Valid",
                        "Signature":  "Microsoft Windows",
                        "Hashes":  "MD5=EC0EA3DA3D38C8FC51B6C6B3FCBF8A75,SHA256=C68985EA4A71FA531741B6B434D5D8D0DC9AD8D32BCB0061D7D4CF5BAED765FD",
                        "Image":  "C:\\Users\\Stage.Ali\\Desktop\\Malware\\901d6191e8bf99cf1a2a6b770519d18b82875294e95a55d1e87e42ef8bad213a.exe",
                        "UtcTime":  "2025-09-27 16:45:34.573",
                        "ProcessGuid":  "{f1988ae2-14ac-68d8-7a00-000000001e00}",
                        "Company":  "Microsoft Corporation",
                        "ImageLoaded":  "C:\\Windows\\SysWOW64\\windows.storage.dll",
                        "FileVersion":  "10.0.19041.1949 (WinBuild.160101.0800)",
                        "User":  "DESKTOP-KVSEOF0\\Stage.Ali",
                        "RuleName":  "-",
                        "Product":  "Microsoft® Windows® Operating System",
                        "ProcessId":  "5096",
                        "OriginalFileName":  "Windows.Storage.dll",
                        "Signed":  "true"
                    }
    },
    {
        "EventId":  7,
        "TimeCreated":  "\/Date(1758991534535)\/",
        "ProcessGuid":  "{f1988ae2-14ac-68d8-7a00-000000001e00}",
        "ProcessId":  "5096",
        "ParentProcessGuid":  null,
        "Image":  "C:\\Users\\Stage.Ali\\Desktop\\Malware\\901d6191e8bf99cf1a2a6b770519d18b82875294e95a55d1e87e42ef8bad213a.exe",
        "CommandLine":  null,
        "User":  "DESKTOP-KVSEOF0\\Stage.Ali",
        "TargetFilename":  null,
        "DestinationIp":  null,
        "DestinationPort":  null,
        "SourceIp":  null,
        "SourcePort":  null,
        "Protocol":  null,
        "QueryName":  null,
        "Details":  {
                        "Description":  "Windows Shell Common Dll",
                        "SignatureStatus":  "Valid",
                        "Signature":  "Microsoft Windows",
                        "Hashes":  "MD5=6F62CC2C44A10DC6A09D24593D51644A,SHA256=907CAE9C96FD13DE4E0592BE9B25A214D22A4F452E8BAE80C860EF5418029D29",
                        "Image":  "C:\\Users\\Stage.Ali\\Desktop\\Malware\\901d6191e8bf99cf1a2a6b770519d18b82875294e95a55d1e87e42ef8bad213a.exe",
                        "UtcTime":  "2025-09-27 16:45:34.426",
                        "ProcessGuid":  "{f1988ae2-14ac-68d8-7a00-000000001e00}",
                        "Company":  "Microsoft Corporation",
                        "ImageLoaded":  "C:\\Windows\\SysWOW64\\shell32.dll",
                        "FileVersion":  "10.0.19041.1949 (WinBuild.160101.0800)",
                        "User":  "DESKTOP-KVSEOF0\\Stage.Ali",
                        "RuleName":  "-",
                        "Product":  "Microsoft® Windows® Operating System",
                        "ProcessId":  "5096",
                        "OriginalFileName":  "SHELL32.DLL",
                        "Signed":  "true"
                    }
    },
    {
        "EventId":  7,
        "TimeCreated":  "\/Date(1758991534418)\/",
        "ProcessGuid":  "{f1988ae2-14ac-68d8-7a00-000000001e00}",
        "ProcessId":  "5096",
        "ParentProcessGuid":  null,
        "Image":  "C:\\Users\\Stage.Ali\\Desktop\\Malware\\901d6191e8bf99cf1a2a6b770519d18b82875294e95a55d1e87e42ef8bad213a.exe",
        "CommandLine":  null,
        "User":  "DESKTOP-KVSEOF0\\Stage.Ali",
        "TargetFilename":  null,
        "DestinationIp":  null,
        "DestinationPort":  null,
        "SourceIp":  null,
        "SourcePort":  null,
        "Protocol":  null,
        "QueryName":  null,
        "Details":  {
                        "Description":  "OLEAUT32.DLL",
                        "SignatureStatus":  "Valid",
                        "Signature":  "Microsoft Windows",
                        "Hashes":  "MD5=C9BC0A91ED487783B2E0E98599F8FE73,SHA256=955F57E114F0D82CA227554DE2AAFB025A73229DE49C2D74B0688799C3D1C3EF",
                        "Image":  "C:\\Users\\Stage.Ali\\Desktop\\Malware\\901d6191e8bf99cf1a2a6b770519d18b82875294e95a55d1e87e42ef8bad213a.exe",
                        "UtcTime":  "2025-09-27 16:45:34.230",
                        "ProcessGuid":  "{f1988ae2-14ac-68d8-7a00-000000001e00}",
                        "Company":  "Microsoft Corporation",
                        "ImageLoaded":  "C:\\Windows\\SysWOW64\\oleaut32.dll",
                        "FileVersion":  "10.0.19041.985 (WinBuild.160101.0800)",
                        "User":  "DESKTOP-KVSEOF0\\Stage.Ali",
                        "RuleName":  "-",
                        "Product":  "Microsoft® Windows® Operating System",
                        "ProcessId":  "5096",
                        "OriginalFileName":  "OLEAUT32.DLL",
                        "Signed":  "true"
                    }
    },
    {
        "EventId":  7,
        "TimeCreated":  "\/Date(1758991534400)\/",
        "ProcessGuid":  "{f1988ae2-14ac-68d8-7a00-000000001e00}",
        "ProcessId":  "5096",
        "ParentProcessGuid":  null,
        "Image":  "C:\\Users\\Stage.Ali\\Desktop\\Malware\\901d6191e8bf99cf1a2a6b770519d18b82875294e95a55d1e87e42ef8bad213a.exe",
        "CommandLine":  null,
        "User":  "DESKTOP-KVSEOF0\\Stage.Ali",
        "TargetFilename":  null,
        "DestinationIp":  null,
        "DestinationPort":  null,
        "SourceIp":  null,
        "SourcePort":  null,
        "Protocol":  null,
        "QueryName":  null,
        "Details":  {
                        "Description":  "Microsoft .NET Runtime Just-In-Time Compiler",
                        "SignatureStatus":  "Valid",
                        "Signature":  "Microsoft Corporation",
                        "Hashes":  "MD5=BDB529351EF19A7FC0E57E6BD4B9F916,SHA256=D7A45BE4E90F90DB31F5DC1AA0F658DCE4B2A6D84518A064ABC767756E5B8506",
                        "Image":  "C:\\Users\\Stage.Ali\\Desktop\\Malware\\901d6191e8bf99cf1a2a6b770519d18b82875294e95a55d1e87e42ef8bad213a.exe",
                        "UtcTime":  "2025-09-27 16:45:34.230",
                        "ProcessGuid":  "{f1988ae2-14ac-68d8-7a00-000000001e00}",
                        "Company":  "Microsoft Corporation",
                        "ImageLoaded":  "C:\\Windows\\Microsoft.NET\\Framework\\v4.0.30319\\clrjit.dll",
                        "FileVersion":  "4.8.4515.0 built by: NET48REL1LAST_C",
                        "User":  "DESKTOP-KVSEOF0\\Stage.Ali",
                        "RuleName":  "-",
                        "Product":  "Microsoft® .NET Framework",
                        "ProcessId":  "5096",
                        "OriginalFileName":  "clrjit.dll",
                        "Signed":  "true"
                    }
    },
    {
        "EventId":  7,
        "TimeCreated":  "\/Date(1758991534386)\/",
        "ProcessGuid":  "{f1988ae2-14ac-68d8-7a00-000000001e00}",
        "ProcessId":  "5096",
        "ParentProcessGuid":  null,
        "Image":  "C:\\Users\\Stage.Ali\\Desktop\\Malware\\901d6191e8bf99cf1a2a6b770519d18b82875294e95a55d1e87e42ef8bad213a.exe",
        "CommandLine":  null,
        "User":  "DESKTOP-KVSEOF0\\Stage.Ali",
        "TargetFilename":  null,
        "DestinationIp":  null,
        "DestinationPort":  null,
        "SourceIp":  null,
        "SourcePort":  null,
        "Protocol":  null,
        "QueryName":  null,
        "Details":  {
                        "Description":  "Windows Cryptographic Primitives Library",
                        "SignatureStatus":  "Valid",
                        "Signature":  "Microsoft Windows",
                        "Hashes":  "MD5=D3836E31C326513F7C034987A5F3854E,SHA256=70862E0761DF117A149D536FB333356902B6DEA0CE68E2E6FC061E22DF748A51",
                        "Image":  "C:\\Users\\Stage.Ali\\Desktop\\Malware\\901d6191e8bf99cf1a2a6b770519d18b82875294e95a55d1e87e42ef8bad213a.exe",
                        "UtcTime":  "2025-09-27 16:45:34.185",
                        "ProcessGuid":  "{f1988ae2-14ac-68d8-7a00-000000001e00}",
                        "Company":  "Microsoft Corporation",
                        "ImageLoaded":  "C:\\Windows\\SysWOW64\\bcryptprimitives.dll",
                        "FileVersion":  "10.0.19041.1415 (WinBuild.160101.0800)",
                        "User":  "DESKTOP-KVSEOF0\\Stage.Ali",
                        "RuleName":  "-",
                        "Product":  "Microsoft® Windows® Operating System",
                        "ProcessId":  "5096",
                        "OriginalFileName":  "bcryptprimitives.dll",
                        "Signed":  "true"
                    }
    },
    {
        "EventId":  7,
        "TimeCreated":  "\/Date(1758991534351)\/",
        "ProcessGuid":  "{f1988ae2-14ac-68d8-7a00-000000001e00}",
        "ProcessId":  "5096",
        "ParentProcessGuid":  null,
        "Image":  "C:\\Users\\Stage.Ali\\Desktop\\Malware\\901d6191e8bf99cf1a2a6b770519d18b82875294e95a55d1e87e42ef8bad213a.exe",
        "CommandLine":  null,
        "User":  "DESKTOP-KVSEOF0\\Stage.Ali",
        "TargetFilename":  null,
        "DestinationIp":  null,
        "DestinationPort":  null,
        "SourceIp":  null,
        "SourcePort":  null,
        "Protocol":  null,
        "QueryName":  null,
        "Details":  {
                        "Description":  "Microsoft OLE for Windows",
                        "SignatureStatus":  "Valid",
                        "Signature":  "Microsoft Windows",
                        "Hashes":  "MD5=1A66350961455C2D9A83440D69F8F20A,SHA256=E278DD069155F90724457D9F5A6D2C1870D766310D026B0D18748C7CB879DF54",
                        "Image":  "C:\\Users\\Stage.Ali\\Desktop\\Malware\\901d6191e8bf99cf1a2a6b770519d18b82875294e95a55d1e87e42ef8bad213a.exe",
                        "UtcTime":  "2025-09-27 16:45:34.138",
                        "ProcessGuid":  "{f1988ae2-14ac-68d8-7a00-000000001e00}",
                        "Company":  "Microsoft Corporation",
                        "ImageLoaded":  "C:\\Windows\\SysWOW64\\ole32.dll",
                        "FileVersion":  "10.0.19041.1202 (WinBuild.160101.0800)",
                        "User":  "DESKTOP-KVSEOF0\\Stage.Ali",
                        "RuleName":  "-",
                        "Product":  "Microsoft® Windows® Operating System",
                        "ProcessId":  "5096",
                        "OriginalFileName":  "OLE32.DLL",
                        "Signed":  "true"
                    }
    },
    {
        "EventId":  7,
        "TimeCreated":  "\/Date(1758991534320)\/",
        "ProcessGuid":  "{f1988ae2-14ac-68d8-7a00-000000001e00}",
        "ProcessId":  "5096",
        "ParentProcessGuid":  null,
        "Image":  "C:\\Users\\Stage.Ali\\Desktop\\Malware\\901d6191e8bf99cf1a2a6b770519d18b82875294e95a55d1e87e42ef8bad213a.exe",
        "CommandLine":  null,
        "User":  "DESKTOP-KVSEOF0\\Stage.Ali",
        "TargetFilename":  null,
        "DestinationIp":  null,
        "DestinationPort":  null,
        "SourceIp":  null,
        "SourcePort":  null,
        "Protocol":  null,
        "QueryName":  null,
        "Details":  {
                        "Description":  "Microsoft Common Language Runtime Class Library",
                        "SignatureStatus":  "Valid",
                        "Signature":  "Microsoft Corporation",
                        "Hashes":  "MD5=6C3C5F2D3E00223FAA75D1DB018EF89A,SHA256=4863E7E44FB672CA38639AB9043C2048BC830D8B2633542FD4619E8A0B3FD1D3",
                        "Image":  "C:\\Users\\Stage.Ali\\Desktop\\Malware\\901d6191e8bf99cf1a2a6b770519d18b82875294e95a55d1e87e42ef8bad213a.exe",
                        "UtcTime":  "2025-09-27 16:45:33.996",
                        "ProcessGuid":  "{f1988ae2-14ac-68d8-7a00-000000001e00}",
                        "Company":  "Microsoft Corporation",
                        "ImageLoaded":  "C:\\Windows\\assembly\\NativeImages_v4.0.30319_32\\mscorlib\\a403a0b75e95c07da2caa7f780446a62\\mscorlib.ni.dll",
                        "FileVersion":  "4.8.4515.0 built by: NET48REL1LAST_C",
                        "User":  "DESKTOP-KVSEOF0\\Stage.Ali",
                        "RuleName":  "-",
                        "Product":  "Microsoft® .NET Framework",
                        "ProcessId":  "5096",
                        "OriginalFileName":  "mscorlib.dll",
                        "Signed":  "true"
                    }
    },
    {
        "EventId":  7,
        "TimeCreated":  "\/Date(1758991534183)\/",
        "ProcessGuid":  "{f1988ae2-14ac-68d8-7a00-000000001e00}",
        "ProcessId":  "5096",
        "ParentProcessGuid":  null,
        "Image":  "C:\\Users\\Stage.Ali\\Desktop\\Malware\\901d6191e8bf99cf1a2a6b770519d18b82875294e95a55d1e87e42ef8bad213a.exe",
        "CommandLine":  null,
        "User":  "DESKTOP-KVSEOF0\\Stage.Ali",
        "TargetFilename":  null,
        "DestinationIp":  null,
        "DestinationPort":  null,
        "SourceIp":  null,
        "SourcePort":  null,
        "Protocol":  null,
        "QueryName":  null,
        "Details":  {
                        "Description":  "Microsoft COM for Windows",
                        "SignatureStatus":  "Valid",
                        "Signature":  "Microsoft Windows",
                        "Hashes":  "MD5=03EC170067BB2A92AA1FD4C07D76E01C,SHA256=BEBDA725771D1427749443777879B83AA8043AA4C90AFDA7381C939CC89CC80F",
                        "Image":  "C:\\Users\\Stage.Ali\\Desktop\\Malware\\901d6191e8bf99cf1a2a6b770519d18b82875294e95a55d1e87e42ef8bad213a.exe",
                        "UtcTime":  "2025-09-27 16:45:34.151",
                        "ProcessGuid":  "{f1988ae2-14ac-68d8-7a00-000000001e00}",
                        "Company":  "Microsoft Corporation",
                        "ImageLoaded":  "C:\\Windows\\SysWOW64\\combase.dll",
                        "FileVersion":  "10.0.19041.1949 (WinBuild.160101.0800)",
                        "User":  "DESKTOP-KVSEOF0\\Stage.Ali",
                        "RuleName":  "-",
                        "Product":  "Microsoft® Windows® Operating System",
                        "ProcessId":  "5096",
                        "OriginalFileName":  "COMBASE.DLL",
                        "Signed":  "true"
                    }
    },
    {
        "EventId":  7,
        "TimeCreated":  "\/Date(1758991533621)\/",
        "ProcessGuid":  "{f1988ae2-14ac-68d8-7a00-000000001e00}",
        "ProcessId":  "5096",
        "ParentProcessGuid":  null,
        "Image":  "C:\\Users\\Stage.Ali\\Desktop\\Malware\\901d6191e8bf99cf1a2a6b770519d18b82875294e95a55d1e87e42ef8bad213a.exe",
        "CommandLine":  null,
        "User":  "DESKTOP-KVSEOF0\\Stage.Ali",
        "TargetFilename":  null,
        "DestinationIp":  null,
        "DestinationPort":  null,
        "SourceIp":  null,
        "SourcePort":  null,
        "Protocol":  null,
        "QueryName":  null,
        "Details":  {
                        "Description":  "Microsoft COM for Windows",
                        "SignatureStatus":  "Valid",
                        "Signature":  "Microsoft Windows",
                        "Hashes":  "MD5=03EC170067BB2A92AA1FD4C07D76E01C,SHA256=BEBDA725771D1427749443777879B83AA8043AA4C90AFDA7381C939CC89CC80F",
                        "Image":  "C:\\Users\\Stage.Ali\\Desktop\\Malware\\901d6191e8bf99cf1a2a6b770519d18b82875294e95a55d1e87e42ef8bad213a.exe",
                        "UtcTime":  "2025-09-27 16:45:33.592",
                        "ProcessGuid":  "{f1988ae2-14ac-68d8-7a00-000000001e00}",
                        "Company":  "Microsoft Corporation",
                        "ImageLoaded":  "C:\\Windows\\SysWOW64\\combase.dll",
                        "FileVersion":  "10.0.19041.1949 (WinBuild.160101.0800)",
                        "User":  "DESKTOP-KVSEOF0\\Stage.Ali",
                        "RuleName":  "-",
                        "Product":  "Microsoft® Windows® Operating System",
                        "ProcessId":  "5096",
                        "OriginalFileName":  "COMBASE.DLL",
                        "Signed":  "true"
                    }
    },
    {
        "EventId":  7,
        "TimeCreated":  "\/Date(1758991533531)\/",
        "ProcessGuid":  "{f1988ae2-14ac-68d8-7a00-000000001e00}",
        "ProcessId":  "5096",
        "ParentProcessGuid":  null,
        "Image":  "C:\\Users\\Stage.Ali\\Desktop\\Malware\\901d6191e8bf99cf1a2a6b770519d18b82875294e95a55d1e87e42ef8bad213a.exe",
        "CommandLine":  null,
        "User":  "DESKTOP-KVSEOF0\\Stage.Ali",
        "TargetFilename":  null,
        "DestinationIp":  null,
        "DestinationPort":  null,
        "SourceIp":  null,
        "SourcePort":  null,
        "Protocol":  null,
        "QueryName":  null,
        "Details":  {
                        "Description":  "Microsoft® C Runtime Library",
                        "SignatureStatus":  "Valid",
                        "Signature":  "Microsoft Windows",
                        "Hashes":  "MD5=DF160B9471E9CE9AA4EFCFE625673310,SHA256=C8DBD811BB85D7E17D457C7938C15EF39DBDE395F82E967387E082F2C9860748",
                        "Image":  "C:\\Users\\Stage.Ali\\Desktop\\Malware\\901d6191e8bf99cf1a2a6b770519d18b82875294e95a55d1e87e42ef8bad213a.exe",
                        "UtcTime":  "2025-09-27 16:45:33.504",
                        "ProcessGuid":  "{f1988ae2-14ac-68d8-7a00-000000001e00}",
                        "Company":  "Microsoft Corporation",
                        "ImageLoaded":  "C:\\Windows\\SysWOW64\\ucrtbase.dll",
                        "FileVersion":  "10.0.19041.789 (WinBuild.160101.0800)",
                        "User":  "DESKTOP-KVSEOF0\\Stage.Ali",
                        "RuleName":  "-",
                        "Product":  "Microsoft® Windows® Operating System",
                        "ProcessId":  "5096",
                        "OriginalFileName":  "ucrtbase.dll",
                        "Signed":  "true"
                    }
    },
    {
        "EventId":  7,
        "TimeCreated":  "\/Date(1758991533511)\/",
        "ProcessGuid":  "{f1988ae2-14ac-68d8-7a00-000000001e00}",
        "ProcessId":  "5096",
        "ParentProcessGuid":  null,
        "Image":  "C:\\Users\\Stage.Ali\\Desktop\\Malware\\901d6191e8bf99cf1a2a6b770519d18b82875294e95a55d1e87e42ef8bad213a.exe",
        "CommandLine":  null,
        "User":  "DESKTOP-KVSEOF0\\Stage.Ali",
        "TargetFilename":  null,
        "DestinationIp":  null,
        "DestinationPort":  null,
        "SourceIp":  null,
        "SourcePort":  null,
        "Protocol":  null,
        "QueryName":  null,
        "Details":  {
                        "Description":  "Microsoft® C Runtime Library",
                        "SignatureStatus":  "Valid",
                        "Signature":  "Microsoft Windows",
                        "Hashes":  "MD5=F9E704B67ECCD77A18965E9CFA128461,SHA256=F7AC4CEB149EAE5184B957D90EBEDD9BC916CD1BA3053548B637B4E32A7F8A07",
                        "Image":  "C:\\Users\\Stage.Ali\\Desktop\\Malware\\901d6191e8bf99cf1a2a6b770519d18b82875294e95a55d1e87e42ef8bad213a.exe",
                        "UtcTime":  "2025-09-27 16:45:33.464",
                        "ProcessGuid":  "{f1988ae2-14ac-68d8-7a00-000000001e00}",
                        "Company":  "Microsoft Corporation",
                        "ImageLoaded":  "C:\\Windows\\SysWOW64\\msvcp_win.dll",
                        "FileVersion":  "10.0.19041.789 (WinBuild.160101.0800)",
                        "User":  "DESKTOP-KVSEOF0\\Stage.Ali",
                        "RuleName":  "-",
                        "Product":  "Microsoft® Windows® Operating System",
                        "ProcessId":  "5096",
                        "OriginalFileName":  "msvcp_win.dll",
                        "Signed":  "true"
                    }
    },
    {
        "EventId":  7,
        "TimeCreated":  "\/Date(1758991533497)\/",
        "ProcessGuid":  "{f1988ae2-14ac-68d8-7a00-000000001e00}",
        "ProcessId":  "5096",
        "ParentProcessGuid":  null,
        "Image":  "C:\\Users\\Stage.Ali\\Desktop\\Malware\\901d6191e8bf99cf1a2a6b770519d18b82875294e95a55d1e87e42ef8bad213a.exe",
        "CommandLine":  null,
        "User":  "DESKTOP-KVSEOF0\\Stage.Ali",
        "TargetFilename":  null,
        "DestinationIp":  null,
        "DestinationPort":  null,
        "SourceIp":  null,
        "SourcePort":  null,
        "Protocol":  null,
        "QueryName":  null,
        "Details":  {
                        "Description":  "GDI Client DLL",
                        "SignatureStatus":  "Valid",
                        "Signature":  "Microsoft Windows",
                        "Hashes":  "MD5=1B2216331F50811FD4BC435A0B7B7AFA,SHA256=AF2EE2EEB5303BA2993D513135D59E9C7CD2C845E5819BC96EAB1DE7BC60068A",
                        "Image":  "C:\\Users\\Stage.Ali\\Desktop\\Malware\\901d6191e8bf99cf1a2a6b770519d18b82875294e95a55d1e87e42ef8bad213a.exe",
                        "UtcTime":  "2025-09-27 16:45:33.435",
                        "ProcessGuid":  "{f1988ae2-14ac-68d8-7a00-000000001e00}",
                        "Company":  "Microsoft Corporation",
                        "ImageLoaded":  "C:\\Windows\\SysWOW64\\gdi32full.dll",
                        "FileVersion":  "10.0.19041.2006 (WinBuild.160101.0800)",
                        "User":  "DESKTOP-KVSEOF0\\Stage.Ali",
                        "RuleName":  "-",
                        "Product":  "Microsoft® Windows® Operating System",
                        "ProcessId":  "5096",
                        "OriginalFileName":  "gdi32",
                        "Signed":  "true"
                    }
    },
    {
        "EventId":  7,
        "TimeCreated":  "\/Date(1758991533486)\/",
        "ProcessGuid":  "{f1988ae2-14ac-68d8-7a00-000000001e00}",
        "ProcessId":  "5096",
        "ParentProcessGuid":  null,
        "Image":  "C:\\Users\\Stage.Ali\\Desktop\\Malware\\901d6191e8bf99cf1a2a6b770519d18b82875294e95a55d1e87e42ef8bad213a.exe",
        "CommandLine":  null,
        "User":  "DESKTOP-KVSEOF0\\Stage.Ali",
        "TargetFilename":  null,
        "DestinationIp":  null,
        "DestinationPort":  null,
        "SourceIp":  null,
        "SourcePort":  null,
        "Protocol":  null,
        "QueryName":  null,
        "Details":  {
                        "Description":  "GDI Client DLL",
                        "SignatureStatus":  "Valid",
                        "Signature":  "Microsoft Windows",
                        "Hashes":  "MD5=873692EF0C70675F179C190CDC45CB09,SHA256=552750680F4748906D37A0CF0A9F33E6E5C20DF24245A7AD7E752F87830E3E2B",
                        "Image":  "C:\\Users\\Stage.Ali\\Desktop\\Malware\\901d6191e8bf99cf1a2a6b770519d18b82875294e95a55d1e87e42ef8bad213a.exe",
                        "UtcTime":  "2025-09-27 16:45:33.435",
                        "ProcessGuid":  "{f1988ae2-14ac-68d8-7a00-000000001e00}",
                        "Company":  "Microsoft Corporation",
                        "ImageLoaded":  "C:\\Windows\\SysWOW64\\gdi32.dll",
                        "FileVersion":  "10.0.19041.1620 (WinBuild.160101.0800)",
                        "User":  "DESKTOP-KVSEOF0\\Stage.Ali",
                        "RuleName":  "-",
                        "Product":  "Microsoft® Windows® Operating System",
                        "ProcessId":  "5096",
                        "OriginalFileName":  "gdi32",
                        "Signed":  "true"
                    }
    },
    {
        "EventId":  7,
        "TimeCreated":  "\/Date(1758991533481)\/",
        "ProcessGuid":  "{f1988ae2-14ac-68d8-7a00-000000001e00}",
        "ProcessId":  "5096",
        "ParentProcessGuid":  null,
        "Image":  "C:\\Users\\Stage.Ali\\Desktop\\Malware\\901d6191e8bf99cf1a2a6b770519d18b82875294e95a55d1e87e42ef8bad213a.exe",
        "CommandLine":  null,
        "User":  "DESKTOP-KVSEOF0\\Stage.Ali",
        "TargetFilename":  null,
        "DestinationIp":  null,
        "DestinationPort":  null,
        "SourceIp":  null,
        "SourcePort":  null,
        "Protocol":  null,
        "QueryName":  null,
        "Details":  {
                        "Description":  "Win32u",
                        "SignatureStatus":  "Valid",
                        "Signature":  "Microsoft Windows",
                        "Hashes":  "MD5=AC7C42DCA44900B55D55FA8D93DD9191,SHA256=8EFA2A2F1C0125F85B42D08F54C0CF15AF3EEF9655A61436C80E381259E4DBDB",
                        "Image":  "C:\\Users\\Stage.Ali\\Desktop\\Malware\\901d6191e8bf99cf1a2a6b770519d18b82875294e95a55d1e87e42ef8bad213a.exe",
                        "UtcTime":  "2025-09-27 16:45:33.403",
                        "ProcessGuid":  "{f1988ae2-14ac-68d8-7a00-000000001e00}",
                        "Company":  "Microsoft Corporation",
                        "ImageLoaded":  "C:\\Windows\\SysWOW64\\win32u.dll",
                        "FileVersion":  "10.0.19041.2006 (WinBuild.160101.0800)",
                        "User":  "DESKTOP-KVSEOF0\\Stage.Ali",
                        "RuleName":  "-",
                        "Product":  "Microsoft® Windows® Operating System",
                        "ProcessId":  "5096",
                        "OriginalFileName":  "Win32u.DLL",
                        "Signed":  "true"
                    }
    },
    {
        "EventId":  7,
        "TimeCreated":  "\/Date(1758991533477)\/",
        "ProcessGuid":  "{f1988ae2-14ac-68d8-7a00-000000001e00}",
        "ProcessId":  "5096",
        "ParentProcessGuid":  null,
        "Image":  "C:\\Users\\Stage.Ali\\Desktop\\Malware\\901d6191e8bf99cf1a2a6b770519d18b82875294e95a55d1e87e42ef8bad213a.exe",
        "CommandLine":  null,
        "User":  "DESKTOP-KVSEOF0\\Stage.Ali",
        "TargetFilename":  null,
        "DestinationIp":  null,
        "DestinationPort":  null,
        "SourceIp":  null,
        "SourcePort":  null,
        "Protocol":  null,
        "QueryName":  null,
        "Details":  {
                        "Description":  "Multi-User Windows USER API Client DLL",
                        "SignatureStatus":  "Valid",
                        "Signature":  "Microsoft Windows",
                        "Hashes":  "MD5=2E8AB67DC55089DFBCBFA7710BD15B07,SHA256=2BCC4FD8A4D3C4033A81702E1B685860BE78D6F1A7E980F2E7593C59656F2706",
                        "Image":  "C:\\Users\\Stage.Ali\\Desktop\\Malware\\901d6191e8bf99cf1a2a6b770519d18b82875294e95a55d1e87e42ef8bad213a.exe",
                        "UtcTime":  "2025-09-27 16:45:33.403",
                        "ProcessGuid":  "{f1988ae2-14ac-68d8-7a00-000000001e00}",
                        "Company":  "Microsoft Corporation",
                        "ImageLoaded":  "C:\\Windows\\SysWOW64\\user32.dll",
                        "FileVersion":  "10.0.19041.2006 (WinBuild.160101.0800)",
                        "User":  "DESKTOP-KVSEOF0\\Stage.Ali",
                        "RuleName":  "-",
                        "Product":  "Microsoft® Windows® Operating System",
                        "ProcessId":  "5096",
                        "OriginalFileName":  "user32",
                        "Signed":  "true"
                    }
    },
