[
    {
        "EventId":  22,
        "TimeCreated":  "\/Date(1758991554127)\/",
        "ProcessGuid":  "{f1988ae2-14b0-68d8-7b00-000000001e00}",
        "ProcessId":  "4360",
        "ParentProcessGuid":  null,
        "Image":  "C:\\Windows\\Microsoft.NET\\Framework\\v4.0.30319\\InstallUtil.exe",
        "CommandLine":  null,
        "User":  "DESKTOP-KVSEOF0\\Stage.Ali",
        "TargetFilename":  null,
        "DestinationIp":  null,
        "DestinationPort":  null,
        "SourceIp":  null,
        "SourcePort":  null,
        "Protocol":  null,
        "QueryName":  "ejrgjeorgheruerer.com",
        "Details":  {
                        "Image":  "C:\\Windows\\Microsoft.NET\\Framework\\v4.0.30319\\InstallUtil.exe",
                        "ProcessGuid":  "{f1988ae2-14b0-68d8-7b00-000000001e00}",
                        "QueryResults":  "-",
                        "QueryName":  "ejrgjeorgheruerer.com",
                        "ProcessId":  "4360",
                        "UtcTime":  "2025-09-27 16:45:53.337",
                        "RuleName":  "-",
                        "QueryStatus":  "1460",
                        "User":  "DESKTOP-KVSEOF0\\Stage.Ali"
                    }
    },
    {
        "EventId":  22,
        "TimeCreated":  "\/Date(1758991554127)\/",
        "ProcessGuid":  "{f1988ae2-14b0-68d8-7b00-000000001e00}",
        "ProcessId":  "4360",
        "ParentProcessGuid":  null,
        "Image":  "C:\\Windows\\Microsoft.NET\\Framework\\v4.0.30319\\InstallUtil.exe",
        "CommandLine":  null,
        "User":  "DESKTOP-KVSEOF0\\Stage.Ali",
        "TargetFilename":  null,
        "DestinationIp":  null,
        "DestinationPort":  null,
        "SourceIp":  null,
        "SourcePort":  null,
        "Protocol":  null,
        "QueryName":  "hlpflynneed.com",
        "Details":  {
                        "Image":  "C:\\Windows\\Microsoft.NET\\Framework\\v4.0.30319\\InstallUtil.exe",
                        "ProcessGuid":  "{f1988ae2-14b0-68d8-7b00-000000001e00}",
                        "QueryResults":  "-",
                        "QueryName":  "hlpflynneed.com",
                        "ProcessId":  "4360",
                        "UtcTime":  "2025-09-27 16:45:53.333",
                        "RuleName":  "-",
                        "QueryStatus":  "1460",
                        "User":  "DESKTOP-KVSEOF0\\Stage.Ali"
                    }
    }
]
