[
    {
        "EventId":  1,
        "TimeCreated":  "\/Date(1758991536752)\/",
        "ProcessGuid":  "{f1988ae2-14b0-68d8-7b00-000000001e00}",
        "ProcessId":  "4360",
        "ParentProcessGuid":  "{f1988ae2-14ac-68d8-7a00-000000001e00}",
        "Image":  "C:\\Windows\\Microsoft.NET\\Framework\\v4.0.30319\\InstallUtil.exe",
        "CommandLine":  "\"C:\\Windows\\Microsoft.NET\\Framework\\v4.0.30319\\InstallUtil.exe\"",
        "User":  "DESKTOP-KVSEOF0\\Stage.Ali",
        "TargetFilename":  null,
        "DestinationIp":  null,
        "DestinationPort":  null,
        "SourceIp":  null,
        "SourcePort":  null,
        "Protocol":  null,
        "QueryName":  null,
        "Details":  {
                        "ParentCommandLine":  "\"C:\\Users\\Stage.Ali\\Desktop\\Malware\\901d6191e8bf99cf1a2a6b770519d18b82875294e95a55d1e87e42ef8bad213a.exe\" ",
                        "Description":  ".NET Framework installation utility",
                        "CommandLine":  "\"C:\\Windows\\Microsoft.NET\\Framework\\v4.0.30319\\InstallUtil.exe\"",
                        "CurrentDirectory":  "C:\\Windows\\Microsoft.NET\\Framework\\v4.0.30319\\",
                        "Hashes":  "MD5=5D4073B2EB6D217C19F2B22F21BF8D57,SHA256=AC1A3F21FCC88F9CEE7BF51581EAFBA24CC76C924F0821DEB2AFDF1080DDF3D3",
                        "Image":  "C:\\Windows\\Microsoft.NET\\Framework\\v4.0.30319\\InstallUtil.exe",
                        "UtcTime":  "2025-09-27 16:45:36.721",
                        "ProcessGuid":  "{f1988ae2-14b0-68d8-7b00-000000001e00}",
                        "ParentUser":  "DESKTOP-KVSEOF0\\Stage.Ali",
                        "Company":  "Microsoft Corporation",
                        "IntegrityLevel":  "Medium",
                        "FileVersion":  "4.8.4084.0 built by: NET48REL1",
                        "User":  "DESKTOP-KVSEOF0\\Stage.Ali",
                        "RuleName":  "-",
                        "Product":  "Microsoft® .NET Framework",
                        "LogonId":  "0xaa48f",
                        "ProcessId":  "4360",
                        "OriginalFileName":  "InstallUtil.exe",
                        "LogonGuid":  "{f1988ae2-14a3-68d8-8fa4-0a0000000000}",
                        "TerminalSessionId":  "0",
                        "ParentProcessGuid":  "{f1988ae2-14ac-68d8-7a00-000000001e00}",
                        "ParentProcessId":  "5096",
                        "ParentImage":  "C:\\Users\\Stage.Ali\\Desktop\\Malware\\901d6191e8bf99cf1a2a6b770519d18b82875294e95a55d1e87e42ef8bad213a.exe"
                    }
    },
    {
        "EventId":  1,
        "TimeCreated":  "\/Date(1758991532804)\/",
        "ProcessGuid":  "{f1988ae2-14ac-68d8-7a00-000000001e00}",
        "ProcessId":  "5096",
        "ParentProcessGuid":  "{f1988ae2-14a7-68d8-7900-000000001e00}",
        "Image":  "C:\\Users\\Stage.Ali\\Desktop\\Malware\\901d6191e8bf99cf1a2a6b770519d18b82875294e95a55d1e87e42ef8bad213a.exe",
        "CommandLine":  "\"C:\\Users\\Stage.Ali\\Desktop\\Malware\\901d6191e8bf99cf1a2a6b770519d18b82875294e95a55d1e87e42ef8bad213a.exe\" ",
        "User":  "DESKTOP-KVSEOF0\\Stage.Ali",
        "TargetFilename":  null,
        "DestinationIp":  null,
        "DestinationPort":  null,
        "SourceIp":  null,
        "SourcePort":  null,
        "Protocol":  null,
        "QueryName":  null,
        "Details":  {
                        "ParentCommandLine":  "\"C:\\Windows\\System32\\WindowsPowerShell\\v1.0\\powershell.exe\" -ExecutionPolicy Bypass -File C:\\Detonation\\run.ps1 -ExePath C:\\Users\\Stage.Ali\\Desktop\\Malware\\901d6191e8bf99cf1a2a6b770519d18b82875294e95a55d1e87e42ef8bad213a.exe -TimeoutSec 120",
                        "Description":  "crpted1337",
                        "CommandLine":  "\"C:\\Users\\Stage.Ali\\Desktop\\Malware\\901d6191e8bf99cf1a2a6b770519d18b82875294e95a55d1e87e42ef8bad213a.exe\" ",
                        "CurrentDirectory":  "C:\\Windows\\system32\\",
                        "Hashes":  "MD5=D341C9133059F8B44DAA6B886B412F2F,SHA256=901D6191E8BF99CF1A2A6B770519D18B82875294E95A55D1E87E42EF8BAD213A",
                        "Image":  "C:\\Users\\Stage.Ali\\Desktop\\Malware\\901d6191e8bf99cf1a2a6b770519d18b82875294e95a55d1e87e42ef8bad213a.exe",
                        "UtcTime":  "2025-09-27 16:45:32.750",
                        "ProcessGuid":  "{f1988ae2-14ac-68d8-7a00-000000001e00}",
                        "ParentUser":  "DESKTOP-KVSEOF0\\Stage.Ali",
                        "Company":  "-",
                        "IntegrityLevel":  "Medium",
                        "FileVersion":  "1.0.7916.2494",
                        "User":  "DESKTOP-KVSEOF0\\Stage.Ali",
                        "RuleName":  "-",
                        "Product":  "crpted1337",
                        "LogonId":  "0xaa48f",
                        "ProcessId":  "5096",
                        "OriginalFileName":  "crpted1337.exe",
                        "LogonGuid":  "{f1988ae2-14a3-68d8-8fa4-0a0000000000}",
                        "TerminalSessionId":  "0",
                        "ParentProcessGuid":  "{f1988ae2-14a7-68d8-7900-000000001e00}",
                        "ParentProcessId":  "4952",
                        "ParentImage":  "C:\\Windows\\System32\\WindowsPowerShell\\v1.0\\powershell.exe"
                    }
    }
]
