[
    {
        "EventId":  7,
        "TimeCreated":  "\/Date(1758909020096)\/",
        "ProcessGuid":  "{f1988ae2-d258-68d6-7a00-000000001e00}",
        "ProcessId":  "4112",
        "ParentProcessGuid":  null,
        "Image":  "C:\\Users\\Stage.Ali\\Desktop\\Malware\\31ad3cdc1ccc501f7d7ac1d15c4092e834fe9dd9f62d26c076cd4bf86ceeb444.exe",
        "CommandLine":  null,
        "User":  "DESKTOP-KVSEOF0\\Stage.Ali",
        "TargetFilename":  null,
        "DestinationIp":  null,
        "DestinationPort":  null,
        "SourceIp":  null,
        "SourcePort":  null,
        "Protocol":  null,
        "QueryName":  null,
        "Details":  {
                        "Description":  "-",
                        "SignatureStatus":  "Unavailable",
                        "Signature":  "-",
                        "Hashes":  "MD5=A1DA6788AEAF78CA4AE1DECE8019E49D,SHA256=B7823A15E7B1866BA3D77248F750B66505859D264CFC39D8C8C5E812F8AE4A81",
                        "Image":  "C:\\Users\\Stage.Ali\\Desktop\\Malware\\31ad3cdc1ccc501f7d7ac1d15c4092e834fe9dd9f62d26c076cd4bf86ceeb444.exe",
                        "UtcTime":  "2025-09-26 17:50:20.086",
                        "ProcessGuid":  "{f1988ae2-d258-68d6-7a00-000000001e00}",
                        "Company":  "-",
                        "ImageLoaded":  "C:\\Users\\Stage.Ali\\AppData\\Local\\Temp\\nsv3E7D.tmp\\System.dll",
                        "FileVersion":  "-",
                        "User":  "DESKTOP-KVSEOF0\\Stage.Ali",
                        "RuleName":  "-",
                        "Product":  "-",
                        "ProcessId":  "4112",
                        "OriginalFileName":  "-",
                        "Signed":  "false"
                    }
    },
    {
        "EventId":  7,
        "TimeCreated":  "\/Date(1758909020095)\/",
        "ProcessGuid":  "{f1988ae2-d258-68d6-7a00-000000001e00}",
        "ProcessId":  "4112",
        "ParentProcessGuid":  null,
        "Image":  "C:\\Users\\Stage.Ali\\Desktop\\Malware\\31ad3cdc1ccc501f7d7ac1d15c4092e834fe9dd9f62d26c076cd4bf86ceeb444.exe",
        "CommandLine":  null,
        "User":  "DESKTOP-KVSEOF0\\Stage.Ali",
        "TargetFilename":  null,
        "DestinationIp":  null,
        "DestinationPort":  null,
        "SourceIp":  null,
        "SourcePort":  null,
        "Protocol":  null,
        "QueryName":  null,
        "Details":  {
                        "Description":  "-",
                        "SignatureStatus":  "Unavailable",
                        "Signature":  "-",
                        "Hashes":  "MD5=A1DA6788AEAF78CA4AE1DECE8019E49D,SHA256=B7823A15E7B1866BA3D77248F750B66505859D264CFC39D8C8C5E812F8AE4A81",
                        "Image":  "C:\\Users\\Stage.Ali\\Desktop\\Malware\\31ad3cdc1ccc501f7d7ac1d15c4092e834fe9dd9f62d26c076cd4bf86ceeb444.exe",
                        "UtcTime":  "2025-09-26 17:50:20.074",
                        "ProcessGuid":  "{f1988ae2-d258-68d6-7a00-000000001e00}",
                        "Company":  "-",
                        "ImageLoaded":  "C:\\Users\\Stage.Ali\\AppData\\Local\\Temp\\nsv3E7D.tmp\\System.dll",
                        "FileVersion":  "-",
                        "User":  "DESKTOP-KVSEOF0\\Stage.Ali",
                        "RuleName":  "-",
                        "Product":  "-",
                        "ProcessId":  "4112",
                        "OriginalFileName":  "-",
                        "Signed":  "false"
                    }
    },
    {
        "EventId":  7,
        "TimeCreated":  "\/Date(1758909017392)\/",
        "ProcessGuid":  "{f1988ae2-d258-68d6-7a00-000000001e00}",
        "ProcessId":  "4112",
        "ParentProcessGuid":  null,
        "Image":  "C:\\Users\\Stage.Ali\\Desktop\\Malware\\31ad3cdc1ccc501f7d7ac1d15c4092e834fe9dd9f62d26c076cd4bf86ceeb444.exe",
        "CommandLine":  null,
        "User":  "DESKTOP-KVSEOF0\\Stage.Ali",
        "TargetFilename":  null,
        "DestinationIp":  null,
        "DestinationPort":  null,
        "SourceIp":  null,
        "SourcePort":  null,
        "Protocol":  null,
        "QueryName":  null,
        "Details":  {
                        "Description":  "Microsoft Line Services library file",
                        "SignatureStatus":  "Valid",
                        "Signature":  "Microsoft Windows",
                        "Hashes":  "MD5=775FE58727BA170FDEAFAC870ED6A56D,SHA256=3ED04E60EC1859086A633C98448306DEB95FE5DFB8DA511C91E3D2C1B1F38DFB",
                        "Image":  "C:\\Users\\Stage.Ali\\Desktop\\Malware\\31ad3cdc1ccc501f7d7ac1d15c4092e834fe9dd9f62d26c076cd4bf86ceeb444.exe",
                        "UtcTime":  "2025-09-26 17:50:17.320",
                        "ProcessGuid":  "{f1988ae2-d258-68d6-7a00-000000001e00}",
                        "Company":  "Microsoft Corporation",
                        "ImageLoaded":  "C:\\Windows\\SysWOW64\\msls31.dll",
                        "FileVersion":  "3.10.349.0",
                        "User":  "DESKTOP-KVSEOF0\\Stage.Ali",
                        "RuleName":  "-",
                        "Product":  "Microsoft® Line Services",
                        "ProcessId":  "4112",
                        "OriginalFileName":  "MSLS31.DLL",
                        "Signed":  "true"
                    }
    },
    {
        "EventId":  7,
        "TimeCreated":  "\/Date(1758909017381)\/",
        "ProcessGuid":  "{f1988ae2-d258-68d6-7a00-000000001e00}",
        "ProcessId":  "4112",
        "ParentProcessGuid":  null,
        "Image":  "C:\\Users\\Stage.Ali\\Desktop\\Malware\\31ad3cdc1ccc501f7d7ac1d15c4092e834fe9dd9f62d26c076cd4bf86ceeb444.exe",
        "CommandLine":  null,
        "User":  "DESKTOP-KVSEOF0\\Stage.Ali",
        "TargetFilename":  null,
        "DestinationIp":  null,
        "DestinationPort":  null,
        "SourceIp":  null,
        "SourcePort":  null,
        "Protocol":  null,
        "QueryName":  null,
        "Details":  {
                        "Description":  "Uniscribe Unicode script processor",
                        "SignatureStatus":  "Valid",
                        "Signature":  "Microsoft Windows",
                        "Hashes":  "MD5=A7209ABD666D34E18CD5FC85D2435A03,SHA256=B11EDB8F9B5D238DFBBAE316D0DA72E1006B6B24DD57C8B879428F5ADACFA0DF",
                        "Image":  "C:\\Users\\Stage.Ali\\Desktop\\Malware\\31ad3cdc1ccc501f7d7ac1d15c4092e834fe9dd9f62d26c076cd4bf86ceeb444.exe",
                        "UtcTime":  "2025-09-26 17:50:17.320",
                        "ProcessGuid":  "{f1988ae2-d258-68d6-7a00-000000001e00}",
                        "Company":  "Microsoft Corporation",
                        "ImageLoaded":  "C:\\Windows\\SysWOW64\\usp10.dll",
                        "FileVersion":  "10.0.19041.546 (WinBuild.160101.0800)",
                        "User":  "DESKTOP-KVSEOF0\\Stage.Ali",
                        "RuleName":  "-",
                        "Product":  "Microsoft® Windows® Operating System",
                        "ProcessId":  "4112",
                        "OriginalFileName":  "USP10.DLL",
                        "Signed":  "true"
                    }
    },
    {
        "EventId":  7,
        "TimeCreated":  "\/Date(1758909017341)\/",
        "ProcessGuid":  "{f1988ae2-d258-68d6-7a00-000000001e00}",
        "ProcessId":  "4112",
        "ParentProcessGuid":  null,
        "Image":  "C:\\Users\\Stage.Ali\\Desktop\\Malware\\31ad3cdc1ccc501f7d7ac1d15c4092e834fe9dd9f62d26c076cd4bf86ceeb444.exe",
        "CommandLine":  null,
        "User":  "DESKTOP-KVSEOF0\\Stage.Ali",
        "TargetFilename":  null,
        "DestinationIp":  null,
        "DestinationPort":  null,
        "SourceIp":  null,
        "SourcePort":  null,
        "Protocol":  null,
        "QueryName":  null,
        "Details":  {
                        "Description":  "Rich Text Edit Control, v3.1",
                        "SignatureStatus":  "Valid",
                        "Signature":  "Microsoft Windows",
                        "Hashes":  "MD5=EDB1973E067EE192A8B4200A80E15731,SHA256=AEE7EBF38BE4C4ECAA858C8E201C27628E3B5BAE80B820F5DC984173FDF2CDAB",
                        "Image":  "C:\\Users\\Stage.Ali\\Desktop\\Malware\\31ad3cdc1ccc501f7d7ac1d15c4092e834fe9dd9f62d26c076cd4bf86ceeb444.exe",
                        "UtcTime":  "2025-09-26 17:50:17.316",
                        "ProcessGuid":  "{f1988ae2-d258-68d6-7a00-000000001e00}",
                        "Company":  "Microsoft Corporation",
                        "ImageLoaded":  "C:\\Windows\\SysWOW64\\riched20.dll",
                        "FileVersion":  "5.31.23.1231",
                        "User":  "DESKTOP-KVSEOF0\\Stage.Ali",
                        "RuleName":  "-",
                        "Product":  "Microsoft RichEdit Control, version 3.1",
                        "ProcessId":  "4112",
                        "OriginalFileName":  "riched20.dll",
                        "Signed":  "true"
                    }
    },
    {
        "EventId":  7,
        "TimeCreated":  "\/Date(1758909017310)\/",
        "ProcessGuid":  "{f1988ae2-d258-68d6-7a00-000000001e00}",
        "ProcessId":  "4112",
        "ParentProcessGuid":  null,
        "Image":  "C:\\Users\\Stage.Ali\\Desktop\\Malware\\31ad3cdc1ccc501f7d7ac1d15c4092e834fe9dd9f62d26c076cd4bf86ceeb444.exe",
        "CommandLine":  null,
        "User":  "DESKTOP-KVSEOF0\\Stage.Ali",
        "TargetFilename":  null,
        "DestinationIp":  null,
        "DestinationPort":  null,
        "SourceIp":  null,
        "SourcePort":  null,
        "Protocol":  null,
        "QueryName":  null,
        "Details":  {
                        "Description":  "User Profile Basic API",
                        "SignatureStatus":  "Valid",
                        "Signature":  "Microsoft Windows",
                        "Hashes":  "MD5=2952019A3E3739F1D17F59128F489B63,SHA256=7B86FA00478776A4FADCAD44592AF88BD7F0B63E0B39C76FD3E6D8DDCC32C76D",
                        "Image":  "C:\\Users\\Stage.Ali\\Desktop\\Malware\\31ad3cdc1ccc501f7d7ac1d15c4092e834fe9dd9f62d26c076cd4bf86ceeb444.exe",
                        "UtcTime":  "2025-09-26 17:50:17.259",
                        "ProcessGuid":  "{f1988ae2-d258-68d6-7a00-000000001e00}",
                        "Company":  "Microsoft Corporation",
                        "ImageLoaded":  "C:\\Windows\\SysWOW64\\profapi.dll",
                        "FileVersion":  "10.0.19041.844 (WinBuild.160101.0800)",
                        "User":  "DESKTOP-KVSEOF0\\Stage.Ali",
                        "RuleName":  "-",
                        "Product":  "Microsoft® Windows® Operating System",
                        "ProcessId":  "4112",
                        "OriginalFileName":  "PROFAPI.DLL",
                        "Signed":  "true"
                    }
    },
    {
        "EventId":  7,
        "TimeCreated":  "\/Date(1758909017305)\/",
        "ProcessGuid":  "{f1988ae2-d258-68d6-7a00-000000001e00}",
        "ProcessId":  "4112",
        "ParentProcessGuid":  null,
        "Image":  "C:\\Users\\Stage.Ali\\Desktop\\Malware\\31ad3cdc1ccc501f7d7ac1d15c4092e834fe9dd9f62d26c076cd4bf86ceeb444.exe",
        "CommandLine":  null,
        "User":  "DESKTOP-KVSEOF0\\Stage.Ali",
        "TargetFilename":  null,
        "DestinationIp":  null,
        "DestinationPort":  null,
        "SourceIp":  null,
        "SourcePort":  null,
        "Protocol":  null,
        "QueryName":  null,
        "Details":  {
                        "Description":  "OLEAUT32.DLL",
                        "SignatureStatus":  "Valid",
                        "Signature":  "Microsoft Windows",
                        "Hashes":  "MD5=C9BC0A91ED487783B2E0E98599F8FE73,SHA256=955F57E114F0D82CA227554DE2AAFB025A73229DE49C2D74B0688799C3D1C3EF",
                        "Image":  "C:\\Users\\Stage.Ali\\Desktop\\Malware\\31ad3cdc1ccc501f7d7ac1d15c4092e834fe9dd9f62d26c076cd4bf86ceeb444.exe",
                        "UtcTime":  "2025-09-26 17:50:17.259",
                        "ProcessGuid":  "{f1988ae2-d258-68d6-7a00-000000001e00}",
                        "Company":  "Microsoft Corporation",
                        "ImageLoaded":  "C:\\Windows\\SysWOW64\\oleaut32.dll",
                        "FileVersion":  "10.0.19041.985 (WinBuild.160101.0800)",
                        "User":  "DESKTOP-KVSEOF0\\Stage.Ali",
                        "RuleName":  "-",
                        "Product":  "Microsoft® Windows® Operating System",
                        "ProcessId":  "4112",
                        "OriginalFileName":  "OLEAUT32.DLL",
                        "Signed":  "true"
                    }
    },
    {
        "EventId":  7,
        "TimeCreated":  "\/Date(1758909017296)\/",
        "ProcessGuid":  "{f1988ae2-d258-68d6-7a00-000000001e00}",
        "ProcessId":  "4112",
        "ParentProcessGuid":  null,
        "Image":  "C:\\Users\\Stage.Ali\\Desktop\\Malware\\31ad3cdc1ccc501f7d7ac1d15c4092e834fe9dd9f62d26c076cd4bf86ceeb444.exe",
        "CommandLine":  null,
        "User":  "DESKTOP-KVSEOF0\\Stage.Ali",
        "TargetFilename":  null,
        "DestinationIp":  null,
        "DestinationPort":  null,
        "SourceIp":  null,
        "SourcePort":  null,
        "Protocol":  null,
        "QueryName":  null,
        "Details":  {
                        "Description":  "Windows Lockdown Policy",
                        "SignatureStatus":  "Valid",
                        "Signature":  "Microsoft Windows",
                        "Hashes":  "MD5=4B2A91690065EF49E347387AC94CA461,SHA256=45A62CFA448831E7F0C2F6DCCB710DD96DFA612F5F0B2787C827B689772E9CC1",
                        "Image":  "C:\\Users\\Stage.Ali\\Desktop\\Malware\\31ad3cdc1ccc501f7d7ac1d15c4092e834fe9dd9f62d26c076cd4bf86ceeb444.exe",
                        "UtcTime":  "2025-09-26 17:50:17.242",
                        "ProcessGuid":  "{f1988ae2-d258-68d6-7a00-000000001e00}",
                        "Company":  "Microsoft Corporation",
                        "ImageLoaded":  "C:\\Windows\\SysWOW64\\wldp.dll",
                        "FileVersion":  "10.0.19041.1949 (WinBuild.160101.0800)",
                        "User":  "DESKTOP-KVSEOF0\\Stage.Ali",
                        "RuleName":  "-",
                        "Product":  "Microsoft® Windows® Operating System",
                        "ProcessId":  "4112",
                        "OriginalFileName":  "wldp.dll",
                        "Signed":  "true"
                    }
    },
    {
        "EventId":  7,
        "TimeCreated":  "\/Date(1758909017290)\/",
        "ProcessGuid":  "{f1988ae2-d258-68d6-7a00-000000001e00}",
        "ProcessId":  "4112",
        "ParentProcessGuid":  null,
        "Image":  "C:\\Users\\Stage.Ali\\Desktop\\Malware\\31ad3cdc1ccc501f7d7ac1d15c4092e834fe9dd9f62d26c076cd4bf86ceeb444.exe",
        "CommandLine":  null,
        "User":  "DESKTOP-KVSEOF0\\Stage.Ali",
        "TargetFilename":  null,
        "DestinationIp":  null,
        "DestinationPort":  null,
        "SourceIp":  null,
        "SourcePort":  null,
        "Protocol":  null,
        "QueryName":  null,
        "Details":  {
                        "Description":  "Microsoft WinRT Storage API",
                        "SignatureStatus":  "Valid",
                        "Signature":  "Microsoft Windows",
                        "Hashes":  "MD5=EC0EA3DA3D38C8FC51B6C6B3FCBF8A75,SHA256=C68985EA4A71FA531741B6B434D5D8D0DC9AD8D32BCB0061D7D4CF5BAED765FD",
                        "Image":  "C:\\Users\\Stage.Ali\\Desktop\\Malware\\31ad3cdc1ccc501f7d7ac1d15c4092e834fe9dd9f62d26c076cd4bf86ceeb444.exe",
                        "UtcTime":  "2025-09-26 17:50:17.242",
                        "ProcessGuid":  "{f1988ae2-d258-68d6-7a00-000000001e00}",
                        "Company":  "Microsoft Corporation",
                        "ImageLoaded":  "C:\\Windows\\SysWOW64\\windows.storage.dll",
                        "FileVersion":  "10.0.19041.1949 (WinBuild.160101.0800)",
                        "User":  "DESKTOP-KVSEOF0\\Stage.Ali",
                        "RuleName":  "-",
                        "Product":  "Microsoft® Windows® Operating System",
                        "ProcessId":  "4112",
                        "OriginalFileName":  "Windows.Storage.dll",
                        "Signed":  "true"
                    }
    },
    {
        "EventId":  7,
        "TimeCreated":  "\/Date(1758909017222)\/",
        "ProcessGuid":  "{f1988ae2-d258-68d6-7a00-000000001e00}",
        "ProcessId":  "4112",
        "ParentProcessGuid":  null,
        "Image":  "C:\\Users\\Stage.Ali\\Desktop\\Malware\\31ad3cdc1ccc501f7d7ac1d15c4092e834fe9dd9f62d26c076cd4bf86ceeb444.exe",
        "CommandLine":  null,
        "User":  "DESKTOP-KVSEOF0\\Stage.Ali",
        "TargetFilename":  null,
        "DestinationIp":  null,
        "DestinationPort":  null,
        "SourceIp":  null,
        "SourcePort":  null,
        "Protocol":  null,
        "QueryName":  null,
        "Details":  {
                        "Description":  "Windows Cryptographic Primitives Library",
                        "SignatureStatus":  "Valid",
                        "Signature":  "Microsoft Windows",
                        "Hashes":  "MD5=D3836E31C326513F7C034987A5F3854E,SHA256=70862E0761DF117A149D536FB333356902B6DEA0CE68E2E6FC061E22DF748A51",
                        "Image":  "C:\\Users\\Stage.Ali\\Desktop\\Malware\\31ad3cdc1ccc501f7d7ac1d15c4092e834fe9dd9f62d26c076cd4bf86ceeb444.exe",
                        "UtcTime":  "2025-09-26 17:50:17.149",
                        "ProcessGuid":  "{f1988ae2-d258-68d6-7a00-000000001e00}",
                        "Company":  "Microsoft Corporation",
                        "ImageLoaded":  "C:\\Windows\\SysWOW64\\bcryptprimitives.dll",
                        "FileVersion":  "10.0.19041.1415 (WinBuild.160101.0800)",
                        "User":  "DESKTOP-KVSEOF0\\Stage.Ali",
                        "RuleName":  "-",
                        "Product":  "Microsoft® Windows® Operating System",
                        "ProcessId":  "4112",
                        "OriginalFileName":  "bcryptprimitives.dll",
                        "Signed":  "true"
                    }
    },
    {
        "EventId":  7,
        "TimeCreated":  "\/Date(1758909017217)\/",
        "ProcessGuid":  "{f1988ae2-d258-68d6-7a00-000000001e00}",
        "ProcessId":  "4112",
        "ParentProcessGuid":  null,
        "Image":  "C:\\Users\\Stage.Ali\\Desktop\\Malware\\31ad3cdc1ccc501f7d7ac1d15c4092e834fe9dd9f62d26c076cd4bf86ceeb444.exe",
        "CommandLine":  null,
        "User":  "DESKTOP-KVSEOF0\\Stage.Ali",
        "TargetFilename":  null,
        "DestinationIp":  null,
        "DestinationPort":  null,
        "SourceIp":  null,
        "SourcePort":  null,
        "Protocol":  null,
        "QueryName":  null,
        "Details":  {
                        "Description":  "AppModel API Host",
                        "SignatureStatus":  "Valid",
                        "Signature":  "Microsoft Windows",
                        "Hashes":  "MD5=537504FFB328C6AA752E1EAE14E93402,SHA256=8CECE4A563C2150B37B4AE402CFB9EB782DB14E03B260F4D13B88FB85BDFB31C",
                        "Image":  "C:\\Users\\Stage.Ali\\Desktop\\Malware\\31ad3cdc1ccc501f7d7ac1d15c4092e834fe9dd9f62d26c076cd4bf86ceeb444.exe",
                        "UtcTime":  "2025-09-26 17:50:17.149",
                        "ProcessGuid":  "{f1988ae2-d258-68d6-7a00-000000001e00}",
                        "Company":  "Microsoft Corporation",
                        "ImageLoaded":  "C:\\Windows\\SysWOW64\\kernel.appcore.dll",
                        "FileVersion":  "10.0.19041.546 (WinBuild.160101.0800)",
                        "User":  "DESKTOP-KVSEOF0\\Stage.Ali",
                        "RuleName":  "-",
                        "Product":  "Microsoft® Windows® Operating System",
                        "ProcessId":  "4112",
                        "OriginalFileName":  "kernel.appcore.dll",
                        "Signed":  "true"
                    }
    },
    {
        "EventId":  7,
        "TimeCreated":  "\/Date(1758909017214)\/",
        "ProcessGuid":  "{f1988ae2-d258-68d6-7a00-000000001e00}",
        "ProcessId":  "4112",
        "ParentProcessGuid":  null,
        "Image":  "C:\\Users\\Stage.Ali\\Desktop\\Malware\\31ad3cdc1ccc501f7d7ac1d15c4092e834fe9dd9f62d26c076cd4bf86ceeb444.exe",
        "CommandLine":  null,
        "User":  "DESKTOP-KVSEOF0\\Stage.Ali",
        "TargetFilename":  null,
        "DestinationIp":  null,
        "DestinationPort":  null,
        "SourceIp":  null,
        "SourcePort":  null,
        "Protocol":  null,
        "QueryName":  null,
        "Details":  {
                        "Description":  "SHCORE",
                        "SignatureStatus":  "Valid",
                        "Signature":  "Microsoft Windows",
                        "Hashes":  "MD5=2CE82BD239A502E5317D78978FCE3671,SHA256=66B6F29A092AB5B20DB60BD19F27816022F1775526B8E8848A4033DB80CA316A",
                        "Image":  "C:\\Users\\Stage.Ali\\Desktop\\Malware\\31ad3cdc1ccc501f7d7ac1d15c4092e834fe9dd9f62d26c076cd4bf86ceeb444.exe",
                        "UtcTime":  "2025-09-26 17:50:17.149",
                        "ProcessGuid":  "{f1988ae2-d258-68d6-7a00-000000001e00}",
                        "Company":  "Microsoft Corporation",
                        "ImageLoaded":  "C:\\Windows\\SysWOW64\\SHCore.dll",
                        "FileVersion":  "10.0.19041.1645 (WinBuild.160101.0800)",
                        "User":  "DESKTOP-KVSEOF0\\Stage.Ali",
                        "RuleName":  "-",
                        "Product":  "Microsoft® Windows® Operating System",
                        "ProcessId":  "4112",
                        "OriginalFileName":  "SHCORE.dll",
                        "Signed":  "true"
                    }
    },
    {
        "EventId":  7,
        "TimeCreated":  "\/Date(1758909017204)\/",
        "ProcessGuid":  "{f1988ae2-d258-68d6-7a00-000000001e00}",
        "ProcessId":  "4112",
        "ParentProcessGuid":  null,
        "Image":  "C:\\Users\\Stage.Ali\\Desktop\\Malware\\31ad3cdc1ccc501f7d7ac1d15c4092e834fe9dd9f62d26c076cd4bf86ceeb444.exe",
        "CommandLine":  null,
        "User":  "DESKTOP-KVSEOF0\\Stage.Ali",
        "TargetFilename":  null,
        "DestinationIp":  null,
        "DestinationPort":  null,
        "SourceIp":  null,
        "SourcePort":  null,
        "Protocol":  null,
        "QueryName":  null,
        "Details":  {
                        "Description":  "Shell Light-weight Utility Library",
                        "SignatureStatus":  "Valid",
                        "Signature":  "Microsoft Windows",
                        "Hashes":  "MD5=9C1F7CB888C87EC00146BA0EAA6A9A1F,SHA256=0DD77EE683AFD8F3275651888790D58942C3B1D24F15E209D148786F3C25DB80",
                        "Image":  "C:\\Users\\Stage.Ali\\Desktop\\Malware\\31ad3cdc1ccc501f7d7ac1d15c4092e834fe9dd9f62d26c076cd4bf86ceeb444.exe",
                        "UtcTime":  "2025-09-26 17:50:17.136",
                        "ProcessGuid":  "{f1988ae2-d258-68d6-7a00-000000001e00}",
                        "Company":  "Microsoft Corporation",
                        "ImageLoaded":  "C:\\Windows\\SysWOW64\\shlwapi.dll",
                        "FileVersion":  "10.0.19041.1706 (WinBuild.160101.0800)",
                        "User":  "DESKTOP-KVSEOF0\\Stage.Ali",
                        "RuleName":  "-",
                        "Product":  "Microsoft® Windows® Operating System",
                        "ProcessId":  "4112",
                        "OriginalFileName":  "SHLWAPI.DLL",
                        "Signed":  "true"
                    }
    },
    {
        "EventId":  7,
        "TimeCreated":  "\/Date(1758909017197)\/",
        "ProcessGuid":  "{f1988ae2-d258-68d6-7a00-000000001e00}",
        "ProcessId":  "4112",
        "ParentProcessGuid":  null,
        "Image":  "C:\\Users\\Stage.Ali\\Desktop\\Malware\\31ad3cdc1ccc501f7d7ac1d15c4092e834fe9dd9f62d26c076cd4bf86ceeb444.exe",
        "CommandLine":  null,
        "User":  "DESKTOP-KVSEOF0\\Stage.Ali",
        "TargetFilename":  null,
        "DestinationIp":  null,
        "DestinationPort":  null,
        "SourceIp":  null,
        "SourcePort":  null,
        "Protocol":  null,
        "QueryName":  null,
        "Details":  {
                        "Description":  "Shell Folder Service",
                        "SignatureStatus":  "Valid",
                        "Signature":  "Microsoft Windows",
                        "Hashes":  "MD5=230D5268A66542B740F84DA3063C58DA,SHA256=B6B87740891507997EBF4784F122EBD8433495AD2601356BCC03756DE9FD715B",
                        "Image":  "C:\\Users\\Stage.Ali\\Desktop\\Malware\\31ad3cdc1ccc501f7d7ac1d15c4092e834fe9dd9f62d26c076cd4bf86ceeb444.exe",
                        "UtcTime":  "2025-09-26 17:50:17.123",
                        "ProcessGuid":  "{f1988ae2-d258-68d6-7a00-000000001e00}",
                        "Company":  "Microsoft Corporation",
                        "ImageLoaded":  "C:\\Windows\\SysWOW64\\shfolder.dll",
                        "FileVersion":  "10.0.19041.1 (WinBuild.160101.0800)",
                        "User":  "DESKTOP-KVSEOF0\\Stage.Ali",
                        "RuleName":  "-",
                        "Product":  "Microsoft® Windows® Operating System",
                        "ProcessId":  "4112",
                        "OriginalFileName":  "shfolder.dll",
                        "Signed":  "true"
                    }
    },
    {
        "EventId":  7,
        "TimeCreated":  "\/Date(1758909017176)\/",
        "ProcessGuid":  "{f1988ae2-d258-68d6-7a00-000000001e00}",
        "ProcessId":  "4112",
        "ParentProcessGuid":  null,
        "Image":  "C:\\Users\\Stage.Ali\\Desktop\\Malware\\31ad3cdc1ccc501f7d7ac1d15c4092e834fe9dd9f62d26c076cd4bf86ceeb444.exe",
        "CommandLine":  null,
        "User":  "DESKTOP-KVSEOF0\\Stage.Ali",
        "TargetFilename":  null,
        "DestinationIp":  null,
        "DestinationPort":  null,
        "SourceIp":  null,
        "SourcePort":  null,
        "Protocol":  null,
        "QueryName":  null,
        "Details":  {
                        "Description":  "Version Checking and File Installation Libraries",
                        "SignatureStatus":  "Valid",
                        "Signature":  "Microsoft Windows",
                        "Hashes":  "MD5=8EB300FCC7C8DAAD3716C6E53D4BE2FC,SHA256=747F954CFE4A42DE0683A6C74FE6CCE21EC67D72B681557C48ABE09A321CEA05",
                        "Image":  "C:\\Users\\Stage.Ali\\Desktop\\Malware\\31ad3cdc1ccc501f7d7ac1d15c4092e834fe9dd9f62d26c076cd4bf86ceeb444.exe",
                        "UtcTime":  "2025-09-26 17:50:17.123",
                        "ProcessGuid":  "{f1988ae2-d258-68d6-7a00-000000001e00}",
                        "Company":  "Microsoft Corporation",
                        "ImageLoaded":  "C:\\Windows\\SysWOW64\\version.dll",
                        "FileVersion":  "10.0.19041.546 (WinBuild.160101.0800)",
                        "User":  "DESKTOP-KVSEOF0\\Stage.Ali",
                        "RuleName":  "-",
                        "Product":  "Microsoft® Windows® Operating System",
                        "ProcessId":  "4112",
                        "OriginalFileName":  "VERSION.DLL",
                        "Signed":  "true"
                    }
    },
    {
        "EventId":  7,
        "TimeCreated":  "\/Date(1758909017173)\/",
        "ProcessGuid":  "{f1988ae2-d258-68d6-7a00-000000001e00}",
        "ProcessId":  "4112",
        "ParentProcessGuid":  null,
        "Image":  "C:\\Users\\Stage.Ali\\Desktop\\Malware\\31ad3cdc1ccc501f7d7ac1d15c4092e834fe9dd9f62d26c076cd4bf86ceeb444.exe",
        "CommandLine":  null,
        "User":  "DESKTOP-KVSEOF0\\Stage.Ali",
        "TargetFilename":  null,
        "DestinationIp":  null,
        "DestinationPort":  null,
        "SourceIp":  null,
        "SourcePort":  null,
        "Protocol":  null,
        "QueryName":  null,
        "Details":  {
                        "Description":  "Windows NT MARTA provider",
                        "SignatureStatus":  "Valid",
                        "Signature":  "Microsoft Windows",
                        "Hashes":  "MD5=561C94B404A32DF9F41B7A9500855BFF,SHA256=9E6B8D53EA68A6199E30F85BE720BAB7C31C9B1DFB451E2D280D8033B50D0085",
                        "Image":  "C:\\Users\\Stage.Ali\\Desktop\\Malware\\31ad3cdc1ccc501f7d7ac1d15c4092e834fe9dd9f62d26c076cd4bf86ceeb444.exe",
                        "UtcTime":  "2025-09-26 17:50:17.109",
                        "ProcessGuid":  "{f1988ae2-d258-68d6-7a00-000000001e00}",
                        "Company":  "Microsoft Corporation",
                        "ImageLoaded":  "C:\\Windows\\SysWOW64\\ntmarta.dll",
                        "FileVersion":  "10.0.19041.546 (WinBuild.160101.0800)",
                        "User":  "DESKTOP-KVSEOF0\\Stage.Ali",
                        "RuleName":  "-",
                        "Product":  "Microsoft® Windows® Operating System",
                        "ProcessId":  "4112",
                        "OriginalFileName":  "ntmarta.dll",
                        "Signed":  "true"
                    }
    },
    {
        "EventId":  7,
        "TimeCreated":  "\/Date(1758909017169)\/",
        "ProcessGuid":  "{f1988ae2-d258-68d6-7a00-000000001e00}",
        "ProcessId":  "4112",
        "ParentProcessGuid":  null,
        "Image":  "C:\\Users\\Stage.Ali\\Desktop\\Malware\\31ad3cdc1ccc501f7d7ac1d15c4092e834fe9dd9f62d26c076cd4bf86ceeb444.exe",
        "CommandLine":  null,
        "User":  "DESKTOP-KVSEOF0\\Stage.Ali",
        "TargetFilename":  null,
        "DestinationIp":  null,
        "DestinationPort":  null,
        "SourceIp":  null,
        "SourcePort":  null,
        "Protocol":  null,
        "QueryName":  null,
        "Details":  {
                        "Description":  "COM+ Configuration Catalog",
                        "SignatureStatus":  "Valid",
                        "Signature":  "Microsoft Windows",
                        "Hashes":  "MD5=DAA88213CBBABC1D7EDCD065E9C79E3B,SHA256=D6D2AA835B65982716CCA908B8676FF5635DA69988F400DAC0512A2FF0CE8A83",
                        "Image":  "C:\\Users\\Stage.Ali\\Desktop\\Malware\\31ad3cdc1ccc501f7d7ac1d15c4092e834fe9dd9f62d26c076cd4bf86ceeb444.exe",
                        "UtcTime":  "2025-09-26 17:50:17.087",
                        "ProcessGuid":  "{f1988ae2-d258-68d6-7a00-000000001e00}",
                        "Company":  "Microsoft Corporation",
                        "ImageLoaded":  "C:\\Windows\\SysWOW64\\clbcatq.dll",
                        "FileVersion":  "2001.12.10941.16384 (WinBuild.160101.0800)",
                        "User":  "DESKTOP-KVSEOF0\\Stage.Ali",
                        "RuleName":  "-",
                        "Product":  "Microsoft® Windows® Operating System",
                        "ProcessId":  "4112",
                        "OriginalFileName":  "CLBCATQ.DLL",
                        "Signed":  "true"
                    }
    },
    {
        "EventId":  7,
        "TimeCreated":  "\/Date(1758909017163)\/",
        "ProcessGuid":  "{f1988ae2-d258-68d6-7a00-000000001e00}",
        "ProcessId":  "4112",
        "ParentProcessGuid":  null,
        "Image":  "C:\\Users\\Stage.Ali\\Desktop\\Malware\\31ad3cdc1ccc501f7d7ac1d15c4092e834fe9dd9f62d26c076cd4bf86ceeb444.exe",
        "CommandLine":  null,
        "User":  "DESKTOP-KVSEOF0\\Stage.Ali",
        "TargetFilename":  null,
        "DestinationIp":  null,
        "DestinationPort":  null,
        "SourceIp":  null,
        "SourcePort":  null,
        "Protocol":  null,
        "QueryName":  null,
        "Details":  {
                        "Description":  "Active Accessibility Core Component",
                        "SignatureStatus":  "Valid",
                        "Signature":  "Microsoft Windows",
                        "Hashes":  "MD5=8049D3171E6FB1596E238BFD68B3C3E5,SHA256=D834C62B7F9E4E7404D369986F4903DC73D1D6D3BE2F6766FA7CDFA856244BD0",
                        "Image":  "C:\\Users\\Stage.Ali\\Desktop\\Malware\\31ad3cdc1ccc501f7d7ac1d15c4092e834fe9dd9f62d26c076cd4bf86ceeb444.exe",
                        "UtcTime":  "2025-09-26 17:50:17.087",
                        "ProcessGuid":  "{f1988ae2-d258-68d6-7a00-000000001e00}",
                        "Company":  "Microsoft Corporation",
                        "ImageLoaded":  "C:\\Windows\\SysWOW64\\oleacc.dll",
                        "FileVersion":  "7.2.19041.746 (WinBuild.160101.0800)",
                        "User":  "DESKTOP-KVSEOF0\\Stage.Ali",
                        "RuleName":  "-",
                        "Product":  "Microsoft® Windows® Operating System",
                        "ProcessId":  "4112",
                        "OriginalFileName":  "OLEACC.DLL",
                        "Signed":  "true"
                    }
    },
    {
        "EventId":  7,
        "TimeCreated":  "\/Date(1758909017124)\/",
        "ProcessGuid":  "{f1988ae2-d258-68d6-7a00-000000001e00}",
        "ProcessId":  "4112",
        "ParentProcessGuid":  null,
        "Image":  "C:\\Users\\Stage.Ali\\Desktop\\Malware\\31ad3cdc1ccc501f7d7ac1d15c4092e834fe9dd9f62d26c076cd4bf86ceeb444.exe",
        "CommandLine":  null,
        "User":  "DESKTOP-KVSEOF0\\Stage.Ali",
        "TargetFilename":  null,
        "DestinationIp":  null,
        "DestinationPort":  null,
        "SourceIp":  null,
        "SourcePort":  null,
        "Protocol":  null,
        "QueryName":  null,
        "Details":  {
                        "Description":  "Base cryptographic API DLL",
                        "SignatureStatus":  "Valid",
                        "Signature":  "Microsoft Windows",
                        "Hashes":  "MD5=9E1D8E1E7E3BFDF4779366BF1460D004,SHA256=6464346BC05B9A43FCE7B3E8BFD5DC5213275E639A1D2D078108D8D64FF7B746",
                        "Image":  "C:\\Users\\Stage.Ali\\Desktop\\Malware\\31ad3cdc1ccc501f7d7ac1d15c4092e834fe9dd9f62d26c076cd4bf86ceeb444.exe",
                        "UtcTime":  "2025-09-26 17:50:17.070",
                        "ProcessGuid":  "{f1988ae2-d258-68d6-7a00-000000001e00}",
                        "Company":  "Microsoft Corporation",
                        "ImageLoaded":  "C:\\Windows\\SysWOW64\\cryptbase.dll",
                        "FileVersion":  "10.0.19041.546 (WinBuild.160101.0800)",
                        "User":  "DESKTOP-KVSEOF0\\Stage.Ali",
                        "RuleName":  "-",
                        "Product":  "Microsoft® Windows® Operating System",
                        "ProcessId":  "4112",
                        "OriginalFileName":  "cryptbase.dll",
                        "Signed":  "true"
                    }
    },
    {
        "EventId":  7,
        "TimeCreated":  "\/Date(1758909017119)\/",
        "ProcessGuid":  "{f1988ae2-d258-68d6-7a00-000000001e00}",
        "ProcessId":  "4112",
        "ParentProcessGuid":  null,
        "Image":  "C:\\Users\\Stage.Ali\\Desktop\\Malware\\31ad3cdc1ccc501f7d7ac1d15c4092e834fe9dd9f62d26c076cd4bf86ceeb444.exe",
        "CommandLine":  null,
        "User":  "DESKTOP-KVSEOF0\\Stage.Ali",
        "TargetFilename":  null,
        "DestinationIp":  null,
        "DestinationPort":  null,
        "SourceIp":  null,
        "SourcePort":  null,
        "Protocol":  null,
        "QueryName":  null,
        "Details":  {
                        "Description":  "Microsoft Desktop Window Manager API",
                        "SignatureStatus":  "Valid",
                        "Signature":  "Microsoft Windows",
                        "Hashes":  "MD5=2EA2FB17FF5F21A5ACE23B879B3FE935,SHA256=2EB5B324F4137A0AE20B32A8E5717BD87EE9B695D37A72F0642ACDA9E1BE6E2A",
                        "Image":  "C:\\Users\\Stage.Ali\\Desktop\\Malware\\31ad3cdc1ccc501f7d7ac1d15c4092e834fe9dd9f62d26c076cd4bf86ceeb444.exe",
                        "UtcTime":  "2025-09-26 17:50:17.039",
                        "ProcessGuid":  "{f1988ae2-d258-68d6-7a00-000000001e00}",
                        "Company":  "Microsoft Corporation",
                        "ImageLoaded":  "C:\\Windows\\SysWOW64\\dwmapi.dll",
                        "FileVersion":  "10.0.19041.746 (WinBuild.160101.0800)",
                        "User":  "DESKTOP-KVSEOF0\\Stage.Ali",
                        "RuleName":  "-",
                        "Product":  "Microsoft® Windows® Operating System",
                        "ProcessId":  "4112",
                        "OriginalFileName":  "dwmapi.dll",
                        "Signed":  "true"
                    }
    },
    {
        "EventId":  7,
        "TimeCreated":  "\/Date(1758909017115)\/",
        "ProcessGuid":  "{f1988ae2-d258-68d6-7a00-000000001e00}",
        "ProcessId":  "4112",
        "ParentProcessGuid":  null,
        "Image":  "C:\\Users\\Stage.Ali\\Desktop\\Malware\\31ad3cdc1ccc501f7d7ac1d15c4092e834fe9dd9f62d26c076cd4bf86ceeb444.exe",
        "CommandLine":  null,
        "User":  "DESKTOP-KVSEOF0\\Stage.Ali",
        "TargetFilename":  null,
        "DestinationIp":  null,
        "DestinationPort":  null,
        "SourceIp":  null,
        "SourcePort":  null,
        "Protocol":  null,
        "QueryName":  null,
        "Details":  {
                        "Description":  "Microsoft Property System",
                        "SignatureStatus":  "Valid",
                        "Signature":  "Microsoft Windows",
                        "Hashes":  "MD5=D0BE9998E409F4A9F626B32C920F7D0E,SHA256=E6C98E01CFAA30E063691A5A5ED1726B26E885DDB6DCE3ABED909C6DE893D20E",
                        "Image":  "C:\\Users\\Stage.Ali\\Desktop\\Malware\\31ad3cdc1ccc501f7d7ac1d15c4092e834fe9dd9f62d26c076cd4bf86ceeb444.exe",
                        "UtcTime":  "2025-09-26 17:50:17.039",
                        "ProcessGuid":  "{f1988ae2-d258-68d6-7a00-000000001e00}",
                        "Company":  "Microsoft Corporation",
                        "ImageLoaded":  "C:\\Windows\\SysWOW64\\propsys.dll",
                        "FileVersion":  "7.0.19041.1741 (WinBuild.160101.0800)",
                        "User":  "DESKTOP-KVSEOF0\\Stage.Ali",
                        "RuleName":  "-",
                        "Product":  "Windows® Search",
                        "ProcessId":  "4112",
                        "OriginalFileName":  "propsys.dll",
                        "Signed":  "true"
                    }
    },
    {
        "EventId":  7,
        "TimeCreated":  "\/Date(1758909017105)\/",
        "ProcessGuid":  "{f1988ae2-d258-68d6-7a00-000000001e00}",
        "ProcessId":  "4112",
        "ParentProcessGuid":  null,
        "Image":  "C:\\Users\\Stage.Ali\\Desktop\\Malware\\31ad3cdc1ccc501f7d7ac1d15c4092e834fe9dd9f62d26c076cd4bf86ceeb444.exe",
        "CommandLine":  null,
        "User":  "DESKTOP-KVSEOF0\\Stage.Ali",
        "TargetFilename":  null,
        "DestinationIp":  null,
        "DestinationPort":  null,
        "SourceIp":  null,
        "SourcePort":  null,
        "Protocol":  null,
        "QueryName":  null,
        "Details":  {
                        "Description":  "Application Compatibility Client Library",
                        "SignatureStatus":  "Valid",
                        "Signature":  "Microsoft Windows",
                        "Hashes":  "MD5=0A044F3B2538E48E4CCCA93F175A8BB2,SHA256=258DC55056413D6D2BE9DCDE5C8D9165A9E1471A8AFB4AC7A14A15DCAB77537D",
                        "Image":  "C:\\Users\\Stage.Ali\\Desktop\\Malware\\31ad3cdc1ccc501f7d7ac1d15c4092e834fe9dd9f62d26c076cd4bf86ceeb444.exe",
                        "UtcTime":  "2025-09-26 17:50:17.012",
                        "ProcessGuid":  "{f1988ae2-d258-68d6-7a00-000000001e00}",
                        "Company":  "Microsoft Corporation",
                        "ImageLoaded":  "C:\\Windows\\SysWOW64\\apphelp.dll",
                        "FileVersion":  "10.0.19041.1320 (WinBuild.160101.0800)",
                        "User":  "DESKTOP-KVSEOF0\\Stage.Ali",
                        "RuleName":  "-",
                        "Product":  "Microsoft® Windows® Operating System",
                        "ProcessId":  "4112",
                        "OriginalFileName":  "Apphelp",
                        "Signed":  "true"
                    }
    },
    {
        "EventId":  7,
        "TimeCreated":  "\/Date(1758909017062)\/",
        "ProcessGuid":  "{f1988ae2-d258-68d6-7a00-000000001e00}",
        "ProcessId":  "4112",
        "ParentProcessGuid":  null,
        "Image":  "C:\\Users\\Stage.Ali\\Desktop\\Malware\\31ad3cdc1ccc501f7d7ac1d15c4092e834fe9dd9f62d26c076cd4bf86ceeb444.exe",
        "CommandLine":  null,
        "User":  "DESKTOP-KVSEOF0\\Stage.Ali",
        "TargetFilename":  null,
        "DestinationIp":  null,
        "DestinationPort":  null,
        "SourceIp":  null,
        "SourcePort":  null,
        "Protocol":  null,
        "QueryName":  null,
        "Details":  {
                        "Description":  "Windows Cryptographic Primitives Library (Wow64)",
                        "SignatureStatus":  "Valid",
                        "Signature":  "Microsoft Windows",
                        "Hashes":  "MD5=704E865CF8CD2D0234B784B4D1260633,SHA256=F92D89DA938D029971562F507E5D04D5A8C72C2FFE24226FD01405495110A944",
                        "Image":  "C:\\Users\\Stage.Ali\\Desktop\\Malware\\31ad3cdc1ccc501f7d7ac1d15c4092e834fe9dd9f62d26c076cd4bf86ceeb444.exe",
                        "UtcTime":  "2025-09-26 17:50:17.012",
                        "ProcessGuid":  "{f1988ae2-d258-68d6-7a00-000000001e00}",
                        "Company":  "Microsoft Corporation",
                        "ImageLoaded":  "C:\\Windows\\SysWOW64\\bcrypt.dll",
                        "FileVersion":  "10.0.19041.1023 (WinBuild.160101.0800)",
                        "User":  "DESKTOP-KVSEOF0\\Stage.Ali",
                        "RuleName":  "-",
                        "Product":  "Microsoft® Windows® Operating System",
                        "ProcessId":  "4112",
                        "OriginalFileName":  "bcrypt.dll",
                        "Signed":  "true"
                    }
    },
    {
        "EventId":  7,
        "TimeCreated":  "\/Date(1758909017054)\/",
        "ProcessGuid":  "{f1988ae2-d258-68d6-7a00-000000001e00}",
        "ProcessId":  "4112",
        "ParentProcessGuid":  null,
        "Image":  "C:\\Users\\Stage.Ali\\Desktop\\Malware\\31ad3cdc1ccc501f7d7ac1d15c4092e834fe9dd9f62d26c076cd4bf86ceeb444.exe",
        "CommandLine":  null,
        "User":  "DESKTOP-KVSEOF0\\Stage.Ali",
        "TargetFilename":  null,
        "DestinationIp":  null,
        "DestinationPort":  null,
        "SourceIp":  null,
        "SourcePort":  null,
        "Protocol":  null,
        "QueryName":  null,
        "Details":  {
                        "Description":  "Configuration Manager DLL",
                        "SignatureStatus":  "Valid",
                        "Signature":  "Microsoft Windows",
                        "Hashes":  "MD5=497688495651F10C18B9E144BF77F263,SHA256=737016BF2B755DA9F65DCCDD5EDEF67D434968A5BE4A31BDDB140F663492E9F6",
                        "Image":  "C:\\Users\\Stage.Ali\\Desktop\\Malware\\31ad3cdc1ccc501f7d7ac1d15c4092e834fe9dd9f62d26c076cd4bf86ceeb444.exe",
                        "UtcTime":  "2025-09-26 17:50:17.012",
                        "ProcessGuid":  "{f1988ae2-d258-68d6-7a00-000000001e00}",
                        "Company":  "Microsoft Corporation",
                        "ImageLoaded":  "C:\\Windows\\SysWOW64\\cfgmgr32.dll",
                        "FileVersion":  "10.0.19041.1620 (WinBuild.160101.0800)",
                        "User":  "DESKTOP-KVSEOF0\\Stage.Ali",
                        "RuleName":  "-",
                        "Product":  "Microsoft® Windows® Operating System",
                        "ProcessId":  "4112",
                        "OriginalFileName":  "CFGMGR32.DLL",
                        "Signed":  "true"
                    }
    },
    {
        "EventId":  7,
        "TimeCreated":  "\/Date(1758909017048)\/",
        "ProcessGuid":  "{f1988ae2-d258-68d6-7a00-000000001e00}",
        "ProcessId":  "4112",
        "ParentProcessGuid":  null,
        "Image":  "C:\\Users\\Stage.Ali\\Desktop\\Malware\\31ad3cdc1ccc501f7d7ac1d15c4092e834fe9dd9f62d26c076cd4bf86ceeb444.exe",
        "CommandLine":  null,
        "User":  "DESKTOP-KVSEOF0\\Stage.Ali",
        "TargetFilename":  null,
        "DestinationIp":  null,
        "DestinationPort":  null,
        "SourceIp":  null,
        "SourcePort":  null,
        "Protocol":  null,
        "QueryName":  null,
        "Details":  {
                        "Description":  "Windows Setup API",
                        "SignatureStatus":  "Valid",
                        "Signature":  "Microsoft Windows",
                        "Hashes":  "MD5=D751863E135606C079094CDCA4CB37CA,SHA256=C1D6E10D5781195C8D5B40B711E6767CEB78A7F20C7E0D88717DDA18384D6D80",
                        "Image":  "C:\\Users\\Stage.Ali\\Desktop\\Malware\\31ad3cdc1ccc501f7d7ac1d15c4092e834fe9dd9f62d26c076cd4bf86ceeb444.exe",
                        "UtcTime":  "2025-09-26 17:50:16.976",
                        "ProcessGuid":  "{f1988ae2-d258-68d6-7a00-000000001e00}",
                        "Company":  "Microsoft Corporation",
                        "ImageLoaded":  "C:\\Windows\\SysWOW64\\setupapi.dll",
                        "FileVersion":  "10.0.19041.1741 (WinBuild.160101.0800)",
                        "User":  "DESKTOP-KVSEOF0\\Stage.Ali",
                        "RuleName":  "-",
                        "Product":  "Microsoft® Windows® Operating System",
                        "ProcessId":  "4112",
                        "OriginalFileName":  "SETUPAPI.DLL",
                        "Signed":  "true"
                    }
    },
    {
        "EventId":  7,
        "TimeCreated":  "\/Date(1758909016999)\/",
        "ProcessGuid":  "{f1988ae2-d258-68d6-7a00-000000001e00}",
        "ProcessId":  "4112",
        "ParentProcessGuid":  null,
        "Image":  "C:\\Users\\Stage.Ali\\Desktop\\Malware\\31ad3cdc1ccc501f7d7ac1d15c4092e834fe9dd9f62d26c076cd4bf86ceeb444.exe",
        "CommandLine":  null,
        "User":  "DESKTOP-KVSEOF0\\Stage.Ali",
        "TargetFilename":  null,
        "DestinationIp":  null,
        "DestinationPort":  null,
        "SourceIp":  null,
        "SourcePort":  null,
        "Protocol":  null,
        "QueryName":  null,
        "Details":  {
                        "Description":  "Userenv",
                        "SignatureStatus":  "Valid",
                        "Signature":  "Microsoft Windows",
                        "Hashes":  "MD5=42B03D8E041CD983A8D8FEFFBADBDEA2,SHA256=E1D79C98FE3EDADA322398F3AFB9BE7D06AD51412E741781C6B0B17E15378A8F",
                        "Image":  "C:\\Users\\Stage.Ali\\Desktop\\Malware\\31ad3cdc1ccc501f7d7ac1d15c4092e834fe9dd9f62d26c076cd4bf86ceeb444.exe",
                        "UtcTime":  "2025-09-26 17:50:16.949",
                        "ProcessGuid":  "{f1988ae2-d258-68d6-7a00-000000001e00}",
                        "Company":  "Microsoft Corporation",
                        "ImageLoaded":  "C:\\Windows\\SysWOW64\\userenv.dll",
                        "FileVersion":  "10.0.19041.572 (WinBuild.160101.0800)",
                        "User":  "DESKTOP-KVSEOF0\\Stage.Ali",
                        "RuleName":  "-",
                        "Product":  "Microsoft® Windows® Operating System",
                        "ProcessId":  "4112",
                        "OriginalFileName":  "userenv.dll",
                        "Signed":  "true"
                    }
    },
    {
        "EventId":  7,
        "TimeCreated":  "\/Date(1758909016994)\/",
        "ProcessGuid":  "{f1988ae2-d258-68d6-7a00-000000001e00}",
        "ProcessId":  "4112",
        "ParentProcessGuid":  null,
        "Image":  "C:\\Users\\Stage.Ali\\Desktop\\Malware\\31ad3cdc1ccc501f7d7ac1d15c4092e834fe9dd9f62d26c076cd4bf86ceeb444.exe",
        "CommandLine":  null,
        "User":  "DESKTOP-KVSEOF0\\Stage.Ali",
        "TargetFilename":  null,
        "DestinationIp":  null,
        "DestinationPort":  null,
        "SourceIp":  null,
        "SourcePort":  null,
        "Protocol":  null,
        "QueryName":  null,
        "Details":  {
                        "Description":  "Microsoft UxTheme Library",
                        "SignatureStatus":  "Valid",
                        "Signature":  "Microsoft Windows",
                        "Hashes":  "MD5=37F9D66D2B3491B9D8D0FD4B77760BAB,SHA256=1D9CE608D65BC82637FD998452B530125E6FB8B4B3341C67907E7FE09DAC7CFC",
                        "Image":  "C:\\Users\\Stage.Ali\\Desktop\\Malware\\31ad3cdc1ccc501f7d7ac1d15c4092e834fe9dd9f62d26c076cd4bf86ceeb444.exe",
                        "UtcTime":  "2025-09-26 17:50:16.949",
                        "ProcessGuid":  "{f1988ae2-d258-68d6-7a00-000000001e00}",
                        "Company":  "Microsoft Corporation",
                        "ImageLoaded":  "C:\\Windows\\SysWOW64\\uxtheme.dll",
                        "FileVersion":  "10.0.19041.1620 (WinBuild.160101.0800)",
                        "User":  "DESKTOP-KVSEOF0\\Stage.Ali",
                        "RuleName":  "-",
                        "Product":  "Microsoft® Windows® Operating System",
                        "ProcessId":  "4112",
                        "OriginalFileName":  "UxTheme.dll",
                        "Signed":  "true"
                    }
    },
