    {
        "EventId":  7,
        "TimeCreated":  "\/Date(1758909016949)\/",
        "ProcessGuid":  "{f1988ae2-d258-68d6-7a00-000000001e00}",
        "ProcessId":  "4112",
        "ParentProcessGuid":  null,
        "Image":  "C:\\Users\\Stage.Ali\\Desktop\\Malware\\31ad3cdc1ccc501f7d7ac1d15c4092e834fe9dd9f62d26c076cd4bf86ceeb444.exe",
        "CommandLine":  null,
        "User":  "DESKTOP-KVSEOF0\\Stage.Ali",
        "TargetFilename":  null,
        "DestinationIp":  null,
        "DestinationPort":  null,
        "SourceIp":  null,
        "SourcePort":  null,
        "Protocol":  null,
        "QueryName":  null,
        "Details":  {
                        "Description":  "User Experience Controls Library",
                        "SignatureStatus":  "Valid",
                        "Signature":  "Microsoft Windows",
                        "Hashes":  "MD5=3F33B448843A277B83C4594FF7AD31F0,SHA256=95B59116EC6BED596A27991CA44E4DD2CE02B0B0436187956A093D502F8C3790",
                        "Image":  "C:\\Users\\Stage.Ali\\Desktop\\Malware\\31ad3cdc1ccc501f7d7ac1d15c4092e834fe9dd9f62d26c076cd4bf86ceeb444.exe",
                        "UtcTime":  "2025-09-26 17:50:16.917",
                        "ProcessGuid":  "{f1988ae2-d258-68d6-7a00-000000001e00}",
                        "Company":  "Microsoft Corporation",
                        "ImageLoaded":  "C:\\Windows\\WinSxS\\x86_microsoft.windows.common-controls_6595b64144ccf1df_6.0.19041.1110_none_a8625c1886757984\\comctl32.dll",
                        "FileVersion":  "6.10 (WinBuild.160101.0800)",
                        "User":  "DESKTOP-KVSEOF0\\Stage.Ali",
                        "RuleName":  "-",
                        "Product":  "Microsoft® Windows® Operating System",
                        "ProcessId":  "4112",
                        "OriginalFileName":  "comctl32.DLL",
                        "Signed":  "true"
                    }
    },
    {
        "EventId":  7,
        "TimeCreated":  "\/Date(1758909016910)\/",
        "ProcessGuid":  "{f1988ae2-d258-68d6-7a00-000000001e00}",
        "ProcessId":  "4112",
        "ParentProcessGuid":  null,
        "Image":  "C:\\Users\\Stage.Ali\\Desktop\\Malware\\31ad3cdc1ccc501f7d7ac1d15c4092e834fe9dd9f62d26c076cd4bf86ceeb444.exe",
        "CommandLine":  null,
        "User":  "DESKTOP-KVSEOF0\\Stage.Ali",
        "TargetFilename":  null,
        "DestinationIp":  null,
        "DestinationPort":  null,
        "SourceIp":  null,
        "SourcePort":  null,
        "Protocol":  null,
        "QueryName":  null,
        "Details":  {
                        "Description":  "Microsoft COM for Windows",
                        "SignatureStatus":  "Valid",
                        "Signature":  "Microsoft Windows",
                        "Hashes":  "MD5=03EC170067BB2A92AA1FD4C07D76E01C,SHA256=BEBDA725771D1427749443777879B83AA8043AA4C90AFDA7381C939CC89CC80F",
                        "Image":  "C:\\Users\\Stage.Ali\\Desktop\\Malware\\31ad3cdc1ccc501f7d7ac1d15c4092e834fe9dd9f62d26c076cd4bf86ceeb444.exe",
                        "UtcTime":  "2025-09-26 17:50:16.875",
                        "ProcessGuid":  "{f1988ae2-d258-68d6-7a00-000000001e00}",
                        "Company":  "Microsoft Corporation",
                        "ImageLoaded":  "C:\\Windows\\SysWOW64\\combase.dll",
                        "FileVersion":  "10.0.19041.1949 (WinBuild.160101.0800)",
                        "User":  "DESKTOP-KVSEOF0\\Stage.Ali",
                        "RuleName":  "-",
                        "Product":  "Microsoft® Windows® Operating System",
                        "ProcessId":  "4112",
                        "OriginalFileName":  "COMBASE.DLL",
                        "Signed":  "true"
                    }
    },
    {
        "EventId":  7,
        "TimeCreated":  "\/Date(1758909016886)\/",
        "ProcessGuid":  "{f1988ae2-d258-68d6-7a00-000000001e00}",
        "ProcessId":  "4112",
        "ParentProcessGuid":  null,
        "Image":  "C:\\Users\\Stage.Ali\\Desktop\\Malware\\31ad3cdc1ccc501f7d7ac1d15c4092e834fe9dd9f62d26c076cd4bf86ceeb444.exe",
        "CommandLine":  null,
        "User":  "DESKTOP-KVSEOF0\\Stage.Ali",
        "TargetFilename":  null,
        "DestinationIp":  null,
        "DestinationPort":  null,
        "SourceIp":  null,
        "SourcePort":  null,
        "Protocol":  null,
        "QueryName":  null,
        "Details":  {
                        "Description":  "Microsoft OLE for Windows",
                        "SignatureStatus":  "Valid",
                        "Signature":  "Microsoft Windows",
                        "Hashes":  "MD5=1A66350961455C2D9A83440D69F8F20A,SHA256=E278DD069155F90724457D9F5A6D2C1870D766310D026B0D18748C7CB879DF54",
                        "Image":  "C:\\Users\\Stage.Ali\\Desktop\\Malware\\31ad3cdc1ccc501f7d7ac1d15c4092e834fe9dd9f62d26c076cd4bf86ceeb444.exe",
                        "UtcTime":  "2025-09-26 17:50:16.856",
                        "ProcessGuid":  "{f1988ae2-d258-68d6-7a00-000000001e00}",
                        "Company":  "Microsoft Corporation",
                        "ImageLoaded":  "C:\\Windows\\SysWOW64\\ole32.dll",
                        "FileVersion":  "10.0.19041.1202 (WinBuild.160101.0800)",
                        "User":  "DESKTOP-KVSEOF0\\Stage.Ali",
                        "RuleName":  "-",
                        "Product":  "Microsoft® Windows® Operating System",
                        "ProcessId":  "4112",
                        "OriginalFileName":  "OLE32.DLL",
                        "Signed":  "true"
                    }
    },
    {
        "EventId":  7,
        "TimeCreated":  "\/Date(1758909016878)\/",
        "ProcessGuid":  "{f1988ae2-d258-68d6-7a00-000000001e00}",
        "ProcessId":  "4112",
        "ParentProcessGuid":  null,
        "Image":  "C:\\Users\\Stage.Ali\\Desktop\\Malware\\31ad3cdc1ccc501f7d7ac1d15c4092e834fe9dd9f62d26c076cd4bf86ceeb444.exe",
        "CommandLine":  null,
        "User":  "DESKTOP-KVSEOF0\\Stage.Ali",
        "TargetFilename":  null,
        "DestinationIp":  null,
        "DestinationPort":  null,
        "SourceIp":  null,
        "SourcePort":  null,
        "Protocol":  null,
        "QueryName":  null,
        "Details":  {
                        "Description":  "GDI Client DLL",
                        "SignatureStatus":  "Valid",
                        "Signature":  "Microsoft Windows",
                        "Hashes":  "MD5=1B2216331F50811FD4BC435A0B7B7AFA,SHA256=AF2EE2EEB5303BA2993D513135D59E9C7CD2C845E5819BC96EAB1DE7BC60068A",
                        "Image":  "C:\\Users\\Stage.Ali\\Desktop\\Malware\\31ad3cdc1ccc501f7d7ac1d15c4092e834fe9dd9f62d26c076cd4bf86ceeb444.exe",
                        "UtcTime":  "2025-09-26 17:50:16.846",
                        "ProcessGuid":  "{f1988ae2-d258-68d6-7a00-000000001e00}",
                        "Company":  "Microsoft Corporation",
                        "ImageLoaded":  "C:\\Windows\\SysWOW64\\gdi32full.dll",
                        "FileVersion":  "10.0.19041.2006 (WinBuild.160101.0800)",
                        "User":  "DESKTOP-KVSEOF0\\Stage.Ali",
                        "RuleName":  "-",
                        "Product":  "Microsoft® Windows® Operating System",
                        "ProcessId":  "4112",
                        "OriginalFileName":  "gdi32",
                        "Signed":  "true"
                    }
    },
    {
        "EventId":  7,
        "TimeCreated":  "\/Date(1758909016865)\/",
        "ProcessGuid":  "{f1988ae2-d258-68d6-7a00-000000001e00}",
        "ProcessId":  "4112",
        "ParentProcessGuid":  null,
        "Image":  "C:\\Users\\Stage.Ali\\Desktop\\Malware\\31ad3cdc1ccc501f7d7ac1d15c4092e834fe9dd9f62d26c076cd4bf86ceeb444.exe",
        "CommandLine":  null,
        "User":  "DESKTOP-KVSEOF0\\Stage.Ali",
        "TargetFilename":  null,
        "DestinationIp":  null,
        "DestinationPort":  null,
        "SourceIp":  null,
        "SourcePort":  null,
        "Protocol":  null,
        "QueryName":  null,
        "Details":  {
                        "Description":  "GDI Client DLL",
                        "SignatureStatus":  "Valid",
                        "Signature":  "Microsoft Windows",
                        "Hashes":  "MD5=873692EF0C70675F179C190CDC45CB09,SHA256=552750680F4748906D37A0CF0A9F33E6E5C20DF24245A7AD7E752F87830E3E2B",
                        "Image":  "C:\\Users\\Stage.Ali\\Desktop\\Malware\\31ad3cdc1ccc501f7d7ac1d15c4092e834fe9dd9f62d26c076cd4bf86ceeb444.exe",
                        "UtcTime":  "2025-09-26 17:50:16.821",
                        "ProcessGuid":  "{f1988ae2-d258-68d6-7a00-000000001e00}",
                        "Company":  "Microsoft Corporation",
                        "ImageLoaded":  "C:\\Windows\\SysWOW64\\gdi32.dll",
                        "FileVersion":  "10.0.19041.1620 (WinBuild.160101.0800)",
                        "User":  "DESKTOP-KVSEOF0\\Stage.Ali",
                        "RuleName":  "-",
                        "Product":  "Microsoft® Windows® Operating System",
                        "ProcessId":  "4112",
                        "OriginalFileName":  "gdi32",
                        "Signed":  "true"
                    }
    },
    {
        "EventId":  7,
        "TimeCreated":  "\/Date(1758909016851)\/",
        "ProcessGuid":  "{f1988ae2-d258-68d6-7a00-000000001e00}",
        "ProcessId":  "4112",
        "ParentProcessGuid":  null,
        "Image":  "C:\\Users\\Stage.Ali\\Desktop\\Malware\\31ad3cdc1ccc501f7d7ac1d15c4092e834fe9dd9f62d26c076cd4bf86ceeb444.exe",
        "CommandLine":  null,
        "User":  "DESKTOP-KVSEOF0\\Stage.Ali",
        "TargetFilename":  null,
        "DestinationIp":  null,
        "DestinationPort":  null,
        "SourceIp":  null,
        "SourcePort":  null,
        "Protocol":  null,
        "QueryName":  null,
        "Details":  {
                        "Description":  "Win32u",
                        "SignatureStatus":  "Valid",
                        "Signature":  "Microsoft Windows",
                        "Hashes":  "MD5=AC7C42DCA44900B55D55FA8D93DD9191,SHA256=8EFA2A2F1C0125F85B42D08F54C0CF15AF3EEF9655A61436C80E381259E4DBDB",
                        "Image":  "C:\\Users\\Stage.Ali\\Desktop\\Malware\\31ad3cdc1ccc501f7d7ac1d15c4092e834fe9dd9f62d26c076cd4bf86ceeb444.exe",
                        "UtcTime":  "2025-09-26 17:50:16.821",
                        "ProcessGuid":  "{f1988ae2-d258-68d6-7a00-000000001e00}",
                        "Company":  "Microsoft Corporation",
                        "ImageLoaded":  "C:\\Windows\\SysWOW64\\win32u.dll",
                        "FileVersion":  "10.0.19041.2006 (WinBuild.160101.0800)",
                        "User":  "DESKTOP-KVSEOF0\\Stage.Ali",
                        "RuleName":  "-",
                        "Product":  "Microsoft® Windows® Operating System",
                        "ProcessId":  "4112",
                        "OriginalFileName":  "Win32u.DLL",
                        "Signed":  "true"
                    }
    },
    {
        "EventId":  7,
        "TimeCreated":  "\/Date(1758909016848)\/",
        "ProcessGuid":  "{f1988ae2-d258-68d6-7a00-000000001e00}",
        "ProcessId":  "4112",
        "ParentProcessGuid":  null,
        "Image":  "C:\\Users\\Stage.Ali\\Desktop\\Malware\\31ad3cdc1ccc501f7d7ac1d15c4092e834fe9dd9f62d26c076cd4bf86ceeb444.exe",
        "CommandLine":  null,
        "User":  "DESKTOP-KVSEOF0\\Stage.Ali",
        "TargetFilename":  null,
        "DestinationIp":  null,
        "DestinationPort":  null,
        "SourceIp":  null,
        "SourcePort":  null,
        "Protocol":  null,
        "QueryName":  null,
        "Details":  {
                        "Description":  "Multi-User Windows USER API Client DLL",
                        "SignatureStatus":  "Valid",
                        "Signature":  "Microsoft Windows",
                        "Hashes":  "MD5=2E8AB67DC55089DFBCBFA7710BD15B07,SHA256=2BCC4FD8A4D3C4033A81702E1B685860BE78D6F1A7E980F2E7593C59656F2706",
                        "Image":  "C:\\Users\\Stage.Ali\\Desktop\\Malware\\31ad3cdc1ccc501f7d7ac1d15c4092e834fe9dd9f62d26c076cd4bf86ceeb444.exe",
                        "UtcTime":  "2025-09-26 17:50:16.821",
                        "ProcessGuid":  "{f1988ae2-d258-68d6-7a00-000000001e00}",
                        "Company":  "Microsoft Corporation",
                        "ImageLoaded":  "C:\\Windows\\SysWOW64\\user32.dll",
                        "FileVersion":  "10.0.19041.2006 (WinBuild.160101.0800)",
                        "User":  "DESKTOP-KVSEOF0\\Stage.Ali",
                        "RuleName":  "-",
                        "Product":  "Microsoft® Windows® Operating System",
                        "ProcessId":  "4112",
                        "OriginalFileName":  "user32",
                        "Signed":  "true"
                    }
    },
    {
        "EventId":  7,
        "TimeCreated":  "\/Date(1758909016828)\/",
        "ProcessGuid":  "{f1988ae2-d258-68d6-7a00-000000001e00}",
        "ProcessId":  "4112",
        "ParentProcessGuid":  null,
        "Image":  "C:\\Users\\Stage.Ali\\Desktop\\Malware\\31ad3cdc1ccc501f7d7ac1d15c4092e834fe9dd9f62d26c076cd4bf86ceeb444.exe",
        "CommandLine":  null,
        "User":  "DESKTOP-KVSEOF0\\Stage.Ali",
        "TargetFilename":  null,
        "DestinationIp":  null,
        "DestinationPort":  null,
        "SourceIp":  null,
        "SourcePort":  null,
        "Protocol":  null,
        "QueryName":  null,
        "Details":  {
                        "Description":  "Microsoft® C Runtime Library",
                        "SignatureStatus":  "Valid",
                        "Signature":  "Microsoft Windows",
                        "Hashes":  "MD5=DF160B9471E9CE9AA4EFCFE625673310,SHA256=C8DBD811BB85D7E17D457C7938C15EF39DBDE395F82E967387E082F2C9860748",
                        "Image":  "C:\\Users\\Stage.Ali\\Desktop\\Malware\\31ad3cdc1ccc501f7d7ac1d15c4092e834fe9dd9f62d26c076cd4bf86ceeb444.exe",
                        "UtcTime":  "2025-09-26 17:50:16.761",
                        "ProcessGuid":  "{f1988ae2-d258-68d6-7a00-000000001e00}",
                        "Company":  "Microsoft Corporation",
                        "ImageLoaded":  "C:\\Windows\\SysWOW64\\ucrtbase.dll",
                        "FileVersion":  "10.0.19041.789 (WinBuild.160101.0800)",
                        "User":  "DESKTOP-KVSEOF0\\Stage.Ali",
                        "RuleName":  "-",
                        "Product":  "Microsoft® Windows® Operating System",
                        "ProcessId":  "4112",
                        "OriginalFileName":  "ucrtbase.dll",
                        "Signed":  "true"
                    }
    },
    {
        "EventId":  7,
        "TimeCreated":  "\/Date(1758909016816)\/",
        "ProcessGuid":  "{f1988ae2-d258-68d6-7a00-000000001e00}",
        "ProcessId":  "4112",
        "ParentProcessGuid":  null,
        "Image":  "C:\\Users\\Stage.Ali\\Desktop\\Malware\\31ad3cdc1ccc501f7d7ac1d15c4092e834fe9dd9f62d26c076cd4bf86ceeb444.exe",
        "CommandLine":  null,
        "User":  "DESKTOP-KVSEOF0\\Stage.Ali",
        "TargetFilename":  null,
        "DestinationIp":  null,
        "DestinationPort":  null,
        "SourceIp":  null,
        "SourcePort":  null,
        "Protocol":  null,
        "QueryName":  null,
        "Details":  {
                        "Description":  "Microsoft® C Runtime Library",
                        "SignatureStatus":  "Valid",
                        "Signature":  "Microsoft Windows",
                        "Hashes":  "MD5=F9E704B67ECCD77A18965E9CFA128461,SHA256=F7AC4CEB149EAE5184B957D90EBEDD9BC916CD1BA3053548B637B4E32A7F8A07",
                        "Image":  "C:\\Users\\Stage.Ali\\Desktop\\Malware\\31ad3cdc1ccc501f7d7ac1d15c4092e834fe9dd9f62d26c076cd4bf86ceeb444.exe",
                        "UtcTime":  "2025-09-26 17:50:16.749",
                        "ProcessGuid":  "{f1988ae2-d258-68d6-7a00-000000001e00}",
                        "Company":  "Microsoft Corporation",
                        "ImageLoaded":  "C:\\Windows\\SysWOW64\\msvcp_win.dll",
                        "FileVersion":  "10.0.19041.789 (WinBuild.160101.0800)",
                        "User":  "DESKTOP-KVSEOF0\\Stage.Ali",
                        "RuleName":  "-",
                        "Product":  "Microsoft® Windows® Operating System",
                        "ProcessId":  "4112",
                        "OriginalFileName":  "msvcp_win.dll",
                        "Signed":  "true"
                    }
    },
    {
        "EventId":  7,
        "TimeCreated":  "\/Date(1758909016800)\/",
        "ProcessGuid":  "{f1988ae2-d258-68d6-7a00-000000001e00}",
        "ProcessId":  "4112",
        "ParentProcessGuid":  null,
        "Image":  "C:\\Users\\Stage.Ali\\Desktop\\Malware\\31ad3cdc1ccc501f7d7ac1d15c4092e834fe9dd9f62d26c076cd4bf86ceeb444.exe",
        "CommandLine":  null,
        "User":  "DESKTOP-KVSEOF0\\Stage.Ali",
        "TargetFilename":  null,
        "DestinationIp":  null,
        "DestinationPort":  null,
        "SourceIp":  null,
        "SourcePort":  null,
        "Protocol":  null,
        "QueryName":  null,
        "Details":  {
                        "Description":  "Windows Shell Common Dll",
                        "SignatureStatus":  "Valid",
                        "Signature":  "Microsoft Windows",
                        "Hashes":  "MD5=6F62CC2C44A10DC6A09D24593D51644A,SHA256=907CAE9C96FD13DE4E0592BE9B25A214D22A4F452E8BAE80C860EF5418029D29",
                        "Image":  "C:\\Users\\Stage.Ali\\Desktop\\Malware\\31ad3cdc1ccc501f7d7ac1d15c4092e834fe9dd9f62d26c076cd4bf86ceeb444.exe",
                        "UtcTime":  "2025-09-26 17:50:16.730",
                        "ProcessGuid":  "{f1988ae2-d258-68d6-7a00-000000001e00}",
                        "Company":  "Microsoft Corporation",
                        "ImageLoaded":  "C:\\Windows\\SysWOW64\\shell32.dll",
                        "FileVersion":  "10.0.19041.1949 (WinBuild.160101.0800)",
                        "User":  "DESKTOP-KVSEOF0\\Stage.Ali",
                        "RuleName":  "-",
                        "Product":  "Microsoft® Windows® Operating System",
                        "ProcessId":  "4112",
                        "OriginalFileName":  "SHELL32.DLL",
                        "Signed":  "true"
                    }
    },
    {
        "EventId":  7,
        "TimeCreated":  "\/Date(1758909016721)\/",
        "ProcessGuid":  "{f1988ae2-d258-68d6-7a00-000000001e00}",
        "ProcessId":  "4112",
        "ParentProcessGuid":  null,
        "Image":  "C:\\Users\\Stage.Ali\\Desktop\\Malware\\31ad3cdc1ccc501f7d7ac1d15c4092e834fe9dd9f62d26c076cd4bf86ceeb444.exe",
        "CommandLine":  null,
        "User":  "DESKTOP-KVSEOF0\\Stage.Ali",
        "TargetFilename":  null,
        "DestinationIp":  null,
        "DestinationPort":  null,
        "SourceIp":  null,
        "SourcePort":  null,
        "Protocol":  null,
        "QueryName":  null,
        "Details":  {
                        "Description":  "Remote Procedure Call Runtime",
                        "SignatureStatus":  "Valid",
                        "Signature":  "Microsoft Windows",
                        "Hashes":  "MD5=0BAD28A4D78585E109D907B498EA05E3,SHA256=1EB14005EAE67C2D5E84A35335C80E7D88DD6226AC4D5CF7827C697FF2473FA8",
                        "Image":  "C:\\Users\\Stage.Ali\\Desktop\\Malware\\31ad3cdc1ccc501f7d7ac1d15c4092e834fe9dd9f62d26c076cd4bf86ceeb444.exe",
                        "UtcTime":  "2025-09-26 17:50:16.680",
                        "ProcessGuid":  "{f1988ae2-d258-68d6-7a00-000000001e00}",
                        "Company":  "Microsoft Corporation",
                        "ImageLoaded":  "C:\\Windows\\SysWOW64\\rpcrt4.dll",
                        "FileVersion":  "10.0.19041.1806 (WinBuild.160101.0800)",
                        "User":  "DESKTOP-KVSEOF0\\Stage.Ali",
                        "RuleName":  "-",
                        "Product":  "Microsoft® Windows® Operating System",
                        "ProcessId":  "4112",
                        "OriginalFileName":  "rpcrt4.dll",
                        "Signed":  "true"
                    }
    },
    {
        "EventId":  7,
        "TimeCreated":  "\/Date(1758909016714)\/",
        "ProcessGuid":  "{f1988ae2-d258-68d6-7a00-000000001e00}",
        "ProcessId":  "4112",
        "ParentProcessGuid":  null,
        "Image":  "C:\\Users\\Stage.Ali\\Desktop\\Malware\\31ad3cdc1ccc501f7d7ac1d15c4092e834fe9dd9f62d26c076cd4bf86ceeb444.exe",
        "CommandLine":  null,
        "User":  "DESKTOP-KVSEOF0\\Stage.Ali",
        "TargetFilename":  null,
        "DestinationIp":  null,
        "DestinationPort":  null,
        "SourceIp":  null,
        "SourcePort":  null,
        "Protocol":  null,
        "QueryName":  null,
        "Details":  {
                        "Description":  "Host for SCM/SDDL/LSA Lookup APIs",
                        "SignatureStatus":  "Valid",
                        "Signature":  "Microsoft Windows",
                        "Hashes":  "MD5=B68B7D84B8A216E6219A65F7961FA219,SHA256=7F8E64B01C2E2012BF63B25EFA6FCBEBE6CF027A3322901E28185314AF39A86E",
                        "Image":  "C:\\Users\\Stage.Ali\\Desktop\\Malware\\31ad3cdc1ccc501f7d7ac1d15c4092e834fe9dd9f62d26c076cd4bf86ceeb444.exe",
                        "UtcTime":  "2025-09-26 17:50:16.649",
                        "ProcessGuid":  "{f1988ae2-d258-68d6-7a00-000000001e00}",
                        "Company":  "Microsoft Corporation",
                        "ImageLoaded":  "C:\\Windows\\SysWOW64\\sechost.dll",
                        "FileVersion":  "10.0.19041.1865 (WinBuild.160101.0800)",
                        "User":  "DESKTOP-KVSEOF0\\Stage.Ali",
                        "RuleName":  "-",
                        "Product":  "Microsoft® Windows® Operating System",
                        "ProcessId":  "4112",
                        "OriginalFileName":  "sechost.dll",
                        "Signed":  "true"
                    }
    },
    {
        "EventId":  7,
        "TimeCreated":  "\/Date(1758909016702)\/",
        "ProcessGuid":  "{f1988ae2-d258-68d6-7a00-000000001e00}",
        "ProcessId":  "4112",
        "ParentProcessGuid":  null,
        "Image":  "C:\\Users\\Stage.Ali\\Desktop\\Malware\\31ad3cdc1ccc501f7d7ac1d15c4092e834fe9dd9f62d26c076cd4bf86ceeb444.exe",
        "CommandLine":  null,
        "User":  "DESKTOP-KVSEOF0\\Stage.Ali",
        "TargetFilename":  null,
        "DestinationIp":  null,
        "DestinationPort":  null,
        "SourceIp":  null,
        "SourcePort":  null,
        "Protocol":  null,
        "QueryName":  null,
        "Details":  {
                        "Description":  "Windows NT CRT DLL",
                        "SignatureStatus":  "Valid",
                        "Signature":  "Microsoft Windows",
                        "Hashes":  "MD5=0DAA0D9DC786F95C8DC2CCC0221B2863,SHA256=279A03ACC810C1FE613BE283EB24762F0451DA9A6142ED3DC996A1D10FE2F692",
                        "Image":  "C:\\Users\\Stage.Ali\\Desktop\\Malware\\31ad3cdc1ccc501f7d7ac1d15c4092e834fe9dd9f62d26c076cd4bf86ceeb444.exe",
                        "UtcTime":  "2025-09-26 17:50:16.649",
                        "ProcessGuid":  "{f1988ae2-d258-68d6-7a00-000000001e00}",
                        "Company":  "Microsoft Corporation",
                        "ImageLoaded":  "C:\\Windows\\SysWOW64\\msvcrt.dll",
                        "FileVersion":  "7.0.19041.546 (WinBuild.160101.0800)",
                        "User":  "DESKTOP-KVSEOF0\\Stage.Ali",
                        "RuleName":  "-",
                        "Product":  "Microsoft® Windows® Operating System",
                        "ProcessId":  "4112",
                        "OriginalFileName":  "msvcrt.dll",
                        "Signed":  "true"
                    }
    },
    {
        "EventId":  7,
        "TimeCreated":  "\/Date(1758909016690)\/",
        "ProcessGuid":  "{f1988ae2-d258-68d6-7a00-000000001e00}",
        "ProcessId":  "4112",
        "ParentProcessGuid":  null,
        "Image":  "C:\\Users\\Stage.Ali\\Desktop\\Malware\\31ad3cdc1ccc501f7d7ac1d15c4092e834fe9dd9f62d26c076cd4bf86ceeb444.exe",
        "CommandLine":  null,
        "User":  "DESKTOP-KVSEOF0\\Stage.Ali",
        "TargetFilename":  null,
        "DestinationIp":  null,
        "DestinationPort":  null,
        "SourceIp":  null,
        "SourcePort":  null,
        "Protocol":  null,
        "QueryName":  null,
        "Details":  {
                        "Description":  "Advanced Windows 32 Base API",
                        "SignatureStatus":  "Valid",
                        "Signature":  "Microsoft Windows",
                        "Hashes":  "MD5=DDE0A7C9AC38A37EB4E50E0EE631007B,SHA256=32356584FF057C325D6CDDF04870476A6D850B7AE811A84A964F6023522BB383",
                        "Image":  "C:\\Users\\Stage.Ali\\Desktop\\Malware\\31ad3cdc1ccc501f7d7ac1d15c4092e834fe9dd9f62d26c076cd4bf86ceeb444.exe",
                        "UtcTime":  "2025-09-26 17:50:16.639",
                        "ProcessGuid":  "{f1988ae2-d258-68d6-7a00-000000001e00}",
                        "Company":  "Microsoft Corporation",
                        "ImageLoaded":  "C:\\Windows\\SysWOW64\\advapi32.dll",
                        "FileVersion":  "10.0.19041.1682 (WinBuild.160101.0800)",
                        "User":  "DESKTOP-KVSEOF0\\Stage.Ali",
                        "RuleName":  "-",
                        "Product":  "Microsoft® Windows® Operating System",
                        "ProcessId":  "4112",
                        "OriginalFileName":  "advapi32.dll",
                        "Signed":  "true"
                    }
    },
    {
        "EventId":  7,
        "TimeCreated":  "\/Date(1758909016671)\/",
        "ProcessGuid":  "{f1988ae2-d258-68d6-7a00-000000001e00}",
        "ProcessId":  "4112",
        "ParentProcessGuid":  null,
        "Image":  "C:\\Users\\Stage.Ali\\Desktop\\Malware\\31ad3cdc1ccc501f7d7ac1d15c4092e834fe9dd9f62d26c076cd4bf86ceeb444.exe",
        "CommandLine":  null,
        "User":  "DESKTOP-KVSEOF0\\Stage.Ali",
        "TargetFilename":  null,
        "DestinationIp":  null,
        "DestinationPort":  null,
        "SourceIp":  null,
        "SourcePort":  null,
        "Protocol":  null,
        "QueryName":  null,
        "Details":  {
                        "Description":  "Windows NT BASE API Client DLL",
                        "SignatureStatus":  "Valid",
                        "Signature":  "Microsoft Windows",
                        "Hashes":  "MD5=29280E079C66BB6F9A157D55AF6EBA80,SHA256=233C329FFBD3EA703A394008AAA04C54B8AB4139AA6C00F657EBEA8906417C37",
                        "Image":  "C:\\Users\\Stage.Ali\\Desktop\\Malware\\31ad3cdc1ccc501f7d7ac1d15c4092e834fe9dd9f62d26c076cd4bf86ceeb444.exe",
                        "UtcTime":  "2025-09-26 17:50:16.627",
                        "ProcessGuid":  "{f1988ae2-d258-68d6-7a00-000000001e00}",
                        "Company":  "Microsoft Corporation",
                        "ImageLoaded":  "C:\\Windows\\SysWOW64\\KernelBase.dll",
                        "FileVersion":  "10.0.19041.2006 (WinBuild.160101.0800)",
                        "User":  "DESKTOP-KVSEOF0\\Stage.Ali",
                        "RuleName":  "-",
                        "Product":  "Microsoft® Windows® Operating System",
                        "ProcessId":  "4112",
                        "OriginalFileName":  "Kernelbase.dll",
                        "Signed":  "true"
                    }
    },
    {
        "EventId":  7,
        "TimeCreated":  "\/Date(1758909016652)\/",
        "ProcessGuid":  "{f1988ae2-d258-68d6-7a00-000000001e00}",
        "ProcessId":  "4112",
        "ParentProcessGuid":  null,
        "Image":  "C:\\Users\\Stage.Ali\\Desktop\\Malware\\31ad3cdc1ccc501f7d7ac1d15c4092e834fe9dd9f62d26c076cd4bf86ceeb444.exe",
        "CommandLine":  null,
        "User":  "DESKTOP-KVSEOF0\\Stage.Ali",
        "TargetFilename":  null,
        "DestinationIp":  null,
        "DestinationPort":  null,
        "SourceIp":  null,
        "SourcePort":  null,
        "Protocol":  null,
        "QueryName":  null,
        "Details":  {
                        "Description":  "Windows NT BASE API Client DLL",
                        "SignatureStatus":  "Valid",
                        "Signature":  "Microsoft Windows",
                        "Hashes":  "MD5=C9FDF863B56CCA2A80726CEEC54F7D7F,SHA256=49B8BCEBBF2CE150D050BC8403F10C3A64730F0A6EB4FA1843717CEB8A0C5D86",
                        "Image":  "C:\\Users\\Stage.Ali\\Desktop\\Malware\\31ad3cdc1ccc501f7d7ac1d15c4092e834fe9dd9f62d26c076cd4bf86ceeb444.exe",
                        "UtcTime":  "2025-09-26 17:50:16.588",
                        "ProcessGuid":  "{f1988ae2-d258-68d6-7a00-000000001e00}",
                        "Company":  "Microsoft Corporation",
                        "ImageLoaded":  "C:\\Windows\\SysWOW64\\kernel32.dll",
                        "FileVersion":  "10.0.19041.1889 (WinBuild.160101.0800)",
                        "User":  "DESKTOP-KVSEOF0\\Stage.Ali",
                        "RuleName":  "-",
                        "Product":  "Microsoft® Windows® Operating System",
                        "ProcessId":  "4112",
                        "OriginalFileName":  "kernel32",
                        "Signed":  "true"
                    }
    },
    {
        "EventId":  7,
        "TimeCreated":  "\/Date(1758909016633)\/",
        "ProcessGuid":  "{f1988ae2-d258-68d6-7a00-000000001e00}",
        "ProcessId":  "4112",
        "ParentProcessGuid":  null,
        "Image":  "C:\\Users\\Stage.Ali\\Desktop\\Malware\\31ad3cdc1ccc501f7d7ac1d15c4092e834fe9dd9f62d26c076cd4bf86ceeb444.exe",
        "CommandLine":  null,
        "User":  "DESKTOP-KVSEOF0\\Stage.Ali",
        "TargetFilename":  null,
        "DestinationIp":  null,
        "DestinationPort":  null,
        "SourceIp":  null,
        "SourcePort":  null,
        "Protocol":  null,
        "QueryName":  null,
        "Details":  {
                        "Description":  "AMD64 Wow64 CPU ",
                        "SignatureStatus":  "Valid",
                        "Signature":  "Microsoft Windows",
                        "Hashes":  "MD5=5184B7FD218777571ABCB3E0319F48C6,SHA256=730AC79CC90B35EA9153EAE399313F10FC55B6DEBED7E93D429FBC9D7DE5EF19",
                        "Image":  "C:\\Users\\Stage.Ali\\Desktop\\Malware\\31ad3cdc1ccc501f7d7ac1d15c4092e834fe9dd9f62d26c076cd4bf86ceeb444.exe",
                        "UtcTime":  "2025-09-26 17:50:16.588",
                        "ProcessGuid":  "{f1988ae2-d258-68d6-7a00-000000001e00}",
                        "Company":  "Microsoft Corporation",
                        "ImageLoaded":  "C:\\Windows\\System32\\wow64cpu.dll",
                        "FileVersion":  "10.0.19041.662 (WinBuild.160101.0800)",
                        "User":  "DESKTOP-KVSEOF0\\Stage.Ali",
                        "RuleName":  "-",
                        "Product":  "Microsoft® Windows® Operating System",
                        "ProcessId":  "4112",
                        "OriginalFileName":  "wow64cpu.dll",
                        "Signed":  "true"
                    }
    },
    {
        "EventId":  7,
        "TimeCreated":  "\/Date(1758909016630)\/",
        "ProcessGuid":  "{f1988ae2-d258-68d6-7a00-000000001e00}",
        "ProcessId":  "4112",
        "ParentProcessGuid":  null,
        "Image":  "C:\\Users\\Stage.Ali\\Desktop\\Malware\\31ad3cdc1ccc501f7d7ac1d15c4092e834fe9dd9f62d26c076cd4bf86ceeb444.exe",
        "CommandLine":  null,
        "User":  "DESKTOP-KVSEOF0\\Stage.Ali",
        "TargetFilename":  null,
        "DestinationIp":  null,
        "DestinationPort":  null,
        "SourceIp":  null,
        "SourcePort":  null,
        "Protocol":  null,
        "QueryName":  null,
        "Details":  {
                        "Description":  "Wow64 Console and Win32 API Logging",
                        "SignatureStatus":  "Valid",
                        "Signature":  "Microsoft Windows",
                        "Hashes":  "MD5=76484565D718864AD45D07B02DD2C880,SHA256=7D4A077775AADDC597159E5D727BFDD0B65CE880716B3E0029CAAC7A8C9E4154",
                        "Image":  "C:\\Users\\Stage.Ali\\Desktop\\Malware\\31ad3cdc1ccc501f7d7ac1d15c4092e834fe9dd9f62d26c076cd4bf86ceeb444.exe",
                        "UtcTime":  "2025-09-26 17:50:16.588",
                        "ProcessGuid":  "{f1988ae2-d258-68d6-7a00-000000001e00}",
                        "Company":  "Microsoft Corporation",
                        "ImageLoaded":  "C:\\Windows\\System32\\wow64win.dll",
                        "FileVersion":  "10.0.19041.844 (WinBuild.160101.0800)",
                        "User":  "DESKTOP-KVSEOF0\\Stage.Ali",
                        "RuleName":  "-",
                        "Product":  "Microsoft® Windows® Operating System",
                        "ProcessId":  "4112",
                        "OriginalFileName":  "wow64lg2.dll",
                        "Signed":  "true"
                    }
    },
    {
        "EventId":  7,
        "TimeCreated":  "\/Date(1758909016623)\/",
        "ProcessGuid":  "{f1988ae2-d258-68d6-7a00-000000001e00}",
        "ProcessId":  "4112",
        "ParentProcessGuid":  null,
        "Image":  "C:\\Users\\Stage.Ali\\Desktop\\Malware\\31ad3cdc1ccc501f7d7ac1d15c4092e834fe9dd9f62d26c076cd4bf86ceeb444.exe",
        "CommandLine":  null,
        "User":  "DESKTOP-KVSEOF0\\Stage.Ali",
        "TargetFilename":  null,
        "DestinationIp":  null,
        "DestinationPort":  null,
        "SourceIp":  null,
        "SourcePort":  null,
        "Protocol":  null,
        "QueryName":  null,
        "Details":  {
                        "Description":  "Win32 Emulation on NT64",
                        "SignatureStatus":  "Valid",
                        "Signature":  "Microsoft Windows",
                        "Hashes":  "MD5=C20A26CB64B2CCC677E738893A0F1F64,SHA256=C7D6BF0F1AA458AFA7A88BCA003170821832DEECFF729AAD5F622BBFABBC1FA9",
                        "Image":  "C:\\Users\\Stage.Ali\\Desktop\\Malware\\31ad3cdc1ccc501f7d7ac1d15c4092e834fe9dd9f62d26c076cd4bf86ceeb444.exe",
                        "UtcTime":  "2025-09-26 17:50:16.579",
                        "ProcessGuid":  "{f1988ae2-d258-68d6-7a00-000000001e00}",
                        "Company":  "Microsoft Corporation",
                        "ImageLoaded":  "C:\\Windows\\System32\\wow64.dll",
                        "FileVersion":  "10.0.19041.964 (WinBuild.160101.0800)",
                        "User":  "DESKTOP-KVSEOF0\\Stage.Ali",
                        "RuleName":  "-",
                        "Product":  "Microsoft® Windows® Operating System",
                        "ProcessId":  "4112",
                        "OriginalFileName":  "wow64.dll",
                        "Signed":  "true"
                    }
    },
    {
        "EventId":  7,
        "TimeCreated":  "\/Date(1758909016616)\/",
        "ProcessGuid":  "{f1988ae2-d258-68d6-7a00-000000001e00}",
        "ProcessId":  "4112",
        "ParentProcessGuid":  null,
        "Image":  "C:\\Users\\Stage.Ali\\Desktop\\Malware\\31ad3cdc1ccc501f7d7ac1d15c4092e834fe9dd9f62d26c076cd4bf86ceeb444.exe",
        "CommandLine":  null,
        "User":  "DESKTOP-KVSEOF0\\Stage.Ali",
        "TargetFilename":  null,
        "DestinationIp":  null,
        "DestinationPort":  null,
        "SourceIp":  null,
        "SourcePort":  null,
        "Protocol":  null,
        "QueryName":  null,
        "Details":  {
                        "Description":  "NT Layer DLL",
                        "SignatureStatus":  "Valid",
                        "Signature":  "Microsoft Windows",
                        "Hashes":  "MD5=5564A98A4692BA8B2D25770FB834D5F6,SHA256=28AB9A0F5F50FD5398324B5EC099F5C53C6FAA701C3F6D8B0B3DA47A76C56230",
                        "Image":  "C:\\Users\\Stage.Ali\\Desktop\\Malware\\31ad3cdc1ccc501f7d7ac1d15c4092e834fe9dd9f62d26c076cd4bf86ceeb444.exe",
                        "UtcTime":  "2025-09-26 17:50:16.559",
                        "ProcessGuid":  "{f1988ae2-d258-68d6-7a00-000000001e00}",
                        "Company":  "Microsoft Corporation",
                        "ImageLoaded":  "C:\\Windows\\SysWOW64\\ntdll.dll",
                        "FileVersion":  "10.0.19041.1949 (WinBuild.160101.0800)",
                        "User":  "DESKTOP-KVSEOF0\\Stage.Ali",
                        "RuleName":  "-",
                        "Product":  "Microsoft® Windows® Operating System",
                        "ProcessId":  "4112",
                        "OriginalFileName":  "ntdll.dll",
                        "Signed":  "true"
                    }
    },
    {
        "EventId":  7,
        "TimeCreated":  "\/Date(1758909016597)\/",
        "ProcessGuid":  "{f1988ae2-d258-68d6-7a00-000000001e00}",
        "ProcessId":  "4112",
        "ParentProcessGuid":  null,
        "Image":  "C:\\Users\\Stage.Ali\\Desktop\\Malware\\31ad3cdc1ccc501f7d7ac1d15c4092e834fe9dd9f62d26c076cd4bf86ceeb444.exe",
        "CommandLine":  null,
        "User":  "DESKTOP-KVSEOF0\\Stage.Ali",
        "TargetFilename":  null,
        "DestinationIp":  null,
        "DestinationPort":  null,
        "SourceIp":  null,
        "SourcePort":  null,
        "Protocol":  null,
        "QueryName":  null,
        "Details":  {
                        "Description":  "morskabslsning ordstreng california",
                        "SignatureStatus":  "Unavailable",
                        "Signature":  "-",
                        "Hashes":  "MD5=E88E85A581EDEAD861FCC4971768572D,SHA256=31AD3CDC1CCC501F7D7AC1D15C4092E834FE9DD9F62D26C076CD4BF86CEEB444",
                        "Image":  "C:\\Users\\Stage.Ali\\Desktop\\Malware\\31ad3cdc1ccc501f7d7ac1d15c4092e834fe9dd9f62d26c076cd4bf86ceeb444.exe",
                        "UtcTime":  "2025-09-26 17:50:16.540",
                        "ProcessGuid":  "{f1988ae2-d258-68d6-7a00-000000001e00}",
                        "Company":  "obadias ovn costermonger",
                        "ImageLoaded":  "C:\\Users\\Stage.Ali\\Desktop\\Malware\\31ad3cdc1ccc501f7d7ac1d15c4092e834fe9dd9f62d26c076cd4bf86ceeb444.exe",
                        "FileVersion":  "3.4.0.0",
                        "User":  "DESKTOP-KVSEOF0\\Stage.Ali",
                        "RuleName":  "-",
                        "Product":  "afladningen fertiliserer",
                        "ProcessId":  "4112",
                        "OriginalFileName":  "caliber.exe",
                        "Signed":  "false"
                    }
    },
    {
        "EventId":  7,
        "TimeCreated":  "\/Date(1758909016559)\/",
        "ProcessGuid":  "{f1988ae2-d258-68d6-7a00-000000001e00}",
        "ProcessId":  "4112",
        "ParentProcessGuid":  null,
        "Image":  "C:\\Users\\Stage.Ali\\Desktop\\Malware\\31ad3cdc1ccc501f7d7ac1d15c4092e834fe9dd9f62d26c076cd4bf86ceeb444.exe",
        "CommandLine":  null,
        "User":  "DESKTOP-KVSEOF0\\Stage.Ali",
        "TargetFilename":  null,
        "DestinationIp":  null,
        "DestinationPort":  null,
        "SourceIp":  null,
        "SourcePort":  null,
        "Protocol":  null,
        "QueryName":  null,
        "Details":  {
                        "Description":  "NT Layer DLL",
                        "SignatureStatus":  "Valid",
                        "Signature":  "Microsoft Windows",
                        "Hashes":  "MD5=FFC0099CC499ABF355130F6334313504,SHA256=FBDFC8183DF435C2E981F868CB578CCA3B86A1FA6E76D8F5775E2EF22944A370",
                        "Image":  "C:\\Users\\Stage.Ali\\Desktop\\Malware\\31ad3cdc1ccc501f7d7ac1d15c4092e834fe9dd9f62d26c076cd4bf86ceeb444.exe",
                        "UtcTime":  "2025-09-26 17:50:16.540",
                        "ProcessGuid":  "{f1988ae2-d258-68d6-7a00-000000001e00}",
                        "Company":  "Microsoft Corporation",
                        "ImageLoaded":  "C:\\Windows\\System32\\ntdll.dll",
                        "FileVersion":  "10.0.19041.1949 (WinBuild.160101.0800)",
                        "User":  "DESKTOP-KVSEOF0\\Stage.Ali",
                        "RuleName":  "-",
                        "Product":  "Microsoft® Windows® Operating System",
                        "ProcessId":  "4112",
                        "OriginalFileName":  "ntdll.dll",
                        "Signed":  "true"
                    }
    }
]
