    {
        "EventId":  11,
        "TimeCreated":  "\/Date(1758909018670)\/",
        "ProcessGuid":  "{f1988ae2-d258-68d6-7a00-000000001e00}",
        "ProcessId":  "4112",
        "ParentProcessGuid":  null,
        "Image":  "C:\\Users\\Stage.Ali\\Desktop\\Malware\\31ad3cdc1ccc501f7d7ac1d15c4092e834fe9dd9f62d26c076cd4bf86ceeb444.exe",
        "CommandLine":  null,
        "User":  "DESKTOP-KVSEOF0\\Stage.Ali",
        "TargetFilename":  "C:\\Users\\Stage.Ali\\AppData\\Roaming\\Microsoft\\Windows\\Templates\\Somniloquy158\\Dromedarerne39\\skidesurt",
        "DestinationIp":  null,
        "DestinationPort":  null,
        "SourceIp":  null,
        "SourcePort":  null,
        "Protocol":  null,
        "QueryName":  null,
        "Details":  {
                        "Image":  "C:\\Users\\Stage.Ali\\Desktop\\Malware\\31ad3cdc1ccc501f7d7ac1d15c4092e834fe9dd9f62d26c076cd4bf86ceeb444.exe",
                        "ProcessGuid":  "{f1988ae2-d258-68d6-7a00-000000001e00}",
                        "TargetFilename":  "C:\\Users\\Stage.Ali\\AppData\\Roaming\\Microsoft\\Windows\\Templates\\Somniloquy158\\Dromedarerne39\\skidesurt",
                        "ProcessId":  "4112",
                        "UtcTime":  "2025-09-26 17:50:18.667",
                        "RuleName":  "-",
                        "CreationUtcTime":  "2025-09-26 17:50:18.667",
                        "User":  "DESKTOP-KVSEOF0\\Stage.Ali"
                    }
    },
    {
        "EventId":  11,
        "TimeCreated":  "\/Date(1758909018669)\/",
        "ProcessGuid":  "{f1988ae2-d258-68d6-7a00-000000001e00}",
        "ProcessId":  "4112",
        "ParentProcessGuid":  null,
        "Image":  "C:\\Users\\Stage.Ali\\Desktop\\Malware\\31ad3cdc1ccc501f7d7ac1d15c4092e834fe9dd9f62d26c076cd4bf86ceeb444.exe",
        "CommandLine":  null,
        "User":  "DESKTOP-KVSEOF0\\Stage.Ali",
        "TargetFilename":  "C:\\Users\\Stage.Ali\\AppData\\Roaming\\Microsoft\\Windows\\Templates\\Somniloquy158\\Dromedarerne39",
        "DestinationIp":  null,
        "DestinationPort":  null,
        "SourceIp":  null,
        "SourcePort":  null,
        "Protocol":  null,
        "QueryName":  null,
        "Details":  {
                        "Image":  "C:\\Users\\Stage.Ali\\Desktop\\Malware\\31ad3cdc1ccc501f7d7ac1d15c4092e834fe9dd9f62d26c076cd4bf86ceeb444.exe",
                        "ProcessGuid":  "{f1988ae2-d258-68d6-7a00-000000001e00}",
                        "TargetFilename":  "C:\\Users\\Stage.Ali\\AppData\\Roaming\\Microsoft\\Windows\\Templates\\Somniloquy158\\Dromedarerne39",
                        "ProcessId":  "4112",
                        "UtcTime":  "2025-09-26 17:50:18.667",
                        "RuleName":  "-",
                        "CreationUtcTime":  "2025-09-26 17:50:18.667",
                        "User":  "DESKTOP-KVSEOF0\\Stage.Ali"
                    }
    },
    {
        "EventId":  11,
        "TimeCreated":  "\/Date(1758909018669)\/",
        "ProcessGuid":  "{f1988ae2-d258-68d6-7a00-000000001e00}",
        "ProcessId":  "4112",
        "ParentProcessGuid":  null,
        "Image":  "C:\\Users\\Stage.Ali\\Desktop\\Malware\\31ad3cdc1ccc501f7d7ac1d15c4092e834fe9dd9f62d26c076cd4bf86ceeb444.exe",
        "CommandLine":  null,
        "User":  "DESKTOP-KVSEOF0\\Stage.Ali",
        "TargetFilename":  "C:\\Users\\Stage.Ali\\AppData\\Roaming\\Microsoft\\Windows\\Templates\\Somniloquy158",
        "DestinationIp":  null,
        "DestinationPort":  null,
        "SourceIp":  null,
        "SourcePort":  null,
        "Protocol":  null,
        "QueryName":  null,
        "Details":  {
                        "Image":  "C:\\Users\\Stage.Ali\\Desktop\\Malware\\31ad3cdc1ccc501f7d7ac1d15c4092e834fe9dd9f62d26c076cd4bf86ceeb444.exe",
                        "ProcessGuid":  "{f1988ae2-d258-68d6-7a00-000000001e00}",
                        "TargetFilename":  "C:\\Users\\Stage.Ali\\AppData\\Roaming\\Microsoft\\Windows\\Templates\\Somniloquy158",
                        "ProcessId":  "4112",
                        "UtcTime":  "2025-09-26 17:50:18.667",
                        "RuleName":  "-",
                        "CreationUtcTime":  "2025-09-26 17:50:18.667",
                        "User":  "DESKTOP-KVSEOF0\\Stage.Ali"
                    }
    },
    {
        "EventId":  11,
        "TimeCreated":  "\/Date(1758909017296)\/",
        "ProcessGuid":  "{f1988ae2-d258-68d6-7a00-000000001e00}",
        "ProcessId":  "4112",
        "ParentProcessGuid":  null,
        "Image":  "C:\\Users\\Stage.Ali\\Desktop\\Malware\\31ad3cdc1ccc501f7d7ac1d15c4092e834fe9dd9f62d26c076cd4bf86ceeb444.exe",
        "CommandLine":  null,
        "User":  "DESKTOP-KVSEOF0\\Stage.Ali",
        "TargetFilename":  "C:\\Users\\Stage.Ali\\AppData\\Local\\Temp\\nsl33AD.tmp",
        "DestinationIp":  null,
        "DestinationPort":  null,
        "SourceIp":  null,
        "SourcePort":  null,
        "Protocol":  null,
        "QueryName":  null,
        "Details":  {
                        "Image":  "C:\\Users\\Stage.Ali\\Desktop\\Malware\\31ad3cdc1ccc501f7d7ac1d15c4092e834fe9dd9f62d26c076cd4bf86ceeb444.exe",
                        "ProcessGuid":  "{f1988ae2-d258-68d6-7a00-000000001e00}",
                        "TargetFilename":  "C:\\Users\\Stage.Ali\\AppData\\Local\\Temp\\nsl33AD.tmp",
                        "ProcessId":  "4112",
                        "UtcTime":  "2025-09-26 17:50:17.289",
                        "RuleName":  "-",
                        "CreationUtcTime":  "2025-09-26 17:50:17.289",
                        "User":  "DESKTOP-KVSEOF0\\Stage.Ali"
                    }
    }
]
